=== Category A - Run 1 - Latest Log Excerpt ===
From: C:\Users\chris\Desktop\Amazon-FBA-Agent-System-v32 - latest good - Copy (8) - Copy - Copy - POSTLONGRUNPREKIRO2 beforecompletion-\logs\debug\run_custom_poundwholesale_20250909_204157.log
Execution Time: 2025-09-09 20:41:57 to 2025-09-09 20:44:45 (approximately 2 minutes 48 seconds)

=== SYSTEM INITIALIZATION ===
2025-09-09 20:41:57,176 - utils.logger - INFO - 🔧 Logging initialised – log file: C:\Users\chris\Desktop\Amazon-FBA-Agent-System-v32 - latest good - Copy (8) - Copy - Copy - POSTLONGRUNPREKIRO2 beforecompletion-\logs\debug\run_custom_poundwholesale_20250909_204157.log
2025-09-09 20:41:57,177 - __main__ - INFO - 📋 Debug log file: C:\Users\chris\Desktop\Amazon-FBA-Agent-System-v32 - latest good - Copy (8) - Copy - Copy - POSTLONGRUNPREKIRO2 beforecompletion-\logs\debug\run_custom_poundwholesale_20250909_204157.log
2025-09-09 20:41:57,178 - utils.browser_circuit_breaker - INFO - BrowserCircuitBreaker initialized: threshold=3, timeout=300s
2025-09-09 20:41:57,182 - utils.browser_manager - INFO - 🔧 BrowserManager singleton initialized with health management
2025-09-09 20:41:57,758 - utils.browser_manager - INFO - 🔌 Connecting to existing Chrome debug instance on port 9222
2025-09-09 20:41:57,761 - utils.browser_manager - INFO - ✅ Chrome debug accessible on IPv6: Chrome/139.0.7258.155
2025-09-09 20:41:57,954 - utils.browser_manager - INFO - ✅ Successfully connected to existing Chrome debug instance

=== AUTHENTICATION VERIFICATION ===
2025-09-09 20:42:04,988 - tools.supplier_authentication_service - INFO - ✅ Logout link found - user is authenticated
2025-09-09 20:42:11,251 - tools.standalone_playwright_login - INFO - ✅ Price access confirmed: £1.02
2025-09-09 20:42:11,251 - tools.supplier_authentication_service - INFO - ✅ Already logged in! Price access verified: True

=== STATE ANALYSIS ===
2025-09-09 20:42:11,373 - PassiveExtractionWorkflow - INFO - ✅ State manager initialized with accurate totals: 10296 products, 0 categories
2025-09-09 20:42:11,524 - utils.fixed_enhanced_state_manager - INFO - File-grounded calculation: Found 10296 actual products in cache (total entries: 10296)
2025-09-09 20:42:11,678 - utils.fixed_enhanced_state_manager - INFO - File-grounded calculation: Found 10451 processed products in linking map
2025-09-09 20:42:11,987 - utils.fixed_enhanced_state_manager - INFO - RESUME DECISION: START_AT_INDEX=10451 (reason: system_progression)

=== PHASE IDENTIFICATION ===
2025-09-09 20:42:12,028 - utils.fixed_enhanced_state_manager - INFO - 🚨 FIRST AFTER-RESUME KEY: phase=supplier cat=0/231 prod=0/0 commit_type=manifest
2025-09-09 20:42:12,029 - utils.fixed_enhanced_state_manager - INFO - 📋 RESUME PROOF (manifest): cat=0/231 prod=0/0 phase=supplier

=== AMAZON PROCESSING ===
2025-09-09 20:44:33,599 - amazon_playwright_extractor - INFO - Extracting all product data for ASIN: B08DY9P7QW
2025-09-09 20:44:33,654 - amazon_playwright_extractor - INFO - Title found: 'Extra Tough Wood Varnish - 250ml - Fast Drying, Clear Varnish for Wood - Low Odour, Water-Based Varnish - Protects Interior Wood from Scratches and Stains- Satin' via #productTitle
2025-09-09 20:44:33,678 - amazon_playwright_extractor - INFO - Current price: 10.99 via #corePrice_feature_div .a-offscreen
2025-09-09 20:44:33,736 - amazon_playwright_extractor - INFO - Original price: 15.99 via span.a-price.a-text-price[data-a-strike='true'] span.a-offscreen
2025-09-09 20:44:34,451 - amazon_playwright_extractor - INFO - Rating: 4.2 via #acrPopover[title*='out of 5 stars']
2025-09-09 20:44:34,467 - amazon_playwright_extractor - INFO - Review count: 1253 via #acrCustomerReviewText

=== GRACEFUL TERMINATION ===
2025-09-09 20:44:45,021 - __main__ - INFO - 🌐 Keeping browser persistent for next run - not closing browser
2025-09-09 20:44:45,023 - utils.browser_manager - WARNING - Error during global cleanup: no running event loop

=== INTERRUPTION ANALYSIS ===
- System was processing Amazon data extraction phase
- Successfully extracted product data for ASIN B08DY9P7QW (Wood Varnish product)  
- No explicit interruption detected - system completed its processing cycle naturally
- Browser remained persistent for next execution
- Processing state shows resumption_ptr at cat_idx=0, prod_idx=8