2025-08-23 20:38:10,965 - AUDIT - INFO - Starting Two-Run Test Protocol - test_protocol_1755967090
2025-08-23 20:38:10,966 - AUDIT - INFO - Executing Run 1: Fresh Processing
2025-08-23 20:38:10,966 - AUDIT - INFO - Executing run1_fresh_processing: Fresh processing from clean state
2025-08-23 20:38:10,966 - AUDIT - INFO - Executing setup actions...
2025-08-23 20:38:10,967 - AUDIT - INFO - Starting System Audit Monitor - audit_20250823_203810
2025-08-23 20:38:10,967 - AUDIT - INFO - Establishing monitoring baseline...
2025-08-23 20:38:10,968 - AUDIT - INFO -   cache_files: 0 existing files
2025-08-23 20:38:10,969 - AUDIT - INFO -   linking_maps: 0 existing files
2025-08-23 20:38:10,969 - AUDIT - INFO -   processing_states: 0 existing files
2025-08-23 20:38:10,969 - AUDIT - INFO -   financial_reports: 0 existing files
2025-08-23 20:38:10,970 - AUDIT - INFO - Expected frequencies: Cache=1, Linking=1, State=1, Financial=50
2025-08-23 20:38:10,971 - AUDIT - INFO - Audit monitoring active
2025-08-23 20:38:10,971 - AUDIT - INFO - Starting system execution...
2025-08-23 20:38:10,971 - AUDIT - INFO - FILE_UPDATE cache_files updated: poundwholesale-co-uk_products_cache.json (#1)
2025-08-23 20:38:10,972 - AUDIT - INFO - Executing: python C:\Users\chris\Desktop\Amazon-FBA-Agent-System-v32 - latest good - Copy (8) - Copy - Copy - POSTLONGRUNPREKIRO2 beforecompletion-\run_custom_poundwholesale.py
2025-08-23 20:38:10,973 - AUDIT - INFO - FILE_UPDATE linking_maps updated: linking_map-upload.json (#1)
2025-08-23 20:38:10,974 - AUDIT - INFO - FILE_UPDATE linking_maps updated: linking_map.json (#2)
2025-08-23 20:38:10,984 - AUDIT - INFO - Test configuration applied
2025-08-23 20:38:10,985 - AUDIT - INFO - Test categories applied
2025-08-23 20:38:13,400 - AUDIT - INFO - System execution completed successfully
2025-08-23 20:38:13,402 - AUDIT - INFO - Original configuration restored
2025-08-23 20:38:13,403 - AUDIT - INFO - Original categories restored
2025-08-23 20:38:14,992 - AUDIT - INFO - GENERATING REPORT: Generating final audit report...
2025-08-23 20:38:14,994 - AUDIT - INFO - AUDIT REPORT SAVED: Audit report saved: C:\Users\chris\Desktop\Amazon-FBA-Agent-System-v32 - latest good - Copy (8) - Copy - Copy - POSTLONGRUNPREKIRO2 beforecompletion-\OUTPUTS\AUDIT_REPORTS\audit_20250823_203810_report.json
2025-08-23 20:38:15,004 - AUDIT - INFO - AUDIT STOPPED: Audit monitoring stopped - Duration: 4.0s
2025-08-23 20:38:15,004 - AUDIT - INFO - Validating against criteria...
2025-08-23 20:38:15,010 - AUDIT - INFO - WAITING: Waiting between runs...
2025-08-23 20:38:20,011 - AUDIT - INFO - Executing Run 2: Resume Processing
2025-08-23 20:38:20,011 - AUDIT - INFO - Executing run2_resume_processing: Resume processing from existing state
2025-08-23 20:38:20,012 - AUDIT - INFO - Executing setup actions...
2025-08-23 20:38:20,012 - AUDIT - ERROR - ERROR: No state files found for resume run
2025-08-23 20:38:20,012 - AUDIT - INFO - Performing comparative analysis...
2025-08-23 20:38:20,013 - AUDIT - INFO - Protocol results saved: C:\Users\chris\Desktop\Amazon-FBA-Agent-System-v32 - latest good - Copy (8) - Copy - Copy - POSTLONGRUNPREKIRO2 beforecompletion-\OUTPUTS\TEST_PROTOCOLS\test_protocol_1755967090_results.json
2025-08-23 20:38:20,014 - AUDIT - ERROR - Failed to save protocol results: 'charmap' codec can't encode character '\u274c' in position 24: character maps to <undefined>
