[    1768ms] [WARNING] PerformanceTracker: Timer for asinImageRender already exists. @ https://m.media-amazon.com/images/I/B1Ssa9i-yOL.js:10
[    1790ms] [WARNING] PerformanceTracker: Timer for gridBuilderBuyBoxRender already exists. @ https://m.media-amazon.com/images/I/B1Ssa9i-yOL.js:10
[    1798ms] [WARNING] PerformanceTracker: Timer for asinImageRender already exists. @ https://m.media-amazon.com/images/I/B1Ssa9i-yOL.js:10
[    2748ms] [WARNING] PerformanceTracker: Timer for asinImageRender already exists. @ https://m.media-amazon.com/images/I/B1Ssa9i-yOL.js:10
[    2821ms] [WARNING] PerformanceTracker: Timer for asinImageRender already exists. @ https://m.media-amazon.com/images/I/B1Ssa9i-yOL.js:10
[    2821ms] [WARNING] PerformanceTracker: Timer for asinImageRender already exists. @ https://m.media-amazon.com/images/I/B1Ssa9i-yOL.js:10
[    2945ms] [WARNING] PerformanceTracker: Timer for asinImageRender already exists. @ https://m.media-amazon.com/images/I/B1Ssa9i-yOL.js:10
[    2952ms] [WARNING] PerformanceTracker: Timer for gridBuilderBuyBoxRender already exists. @ https://m.media-amazon.com/images/I/B1Ssa9i-yOL.js:10
[    3123ms] [WARNING] PerformanceTracker: Timer for asinImageRender already exists. @ https://m.media-amazon.com/images/I/B1Ssa9i-yOL.js:10
[    3123ms] [WARNING] PerformanceTracker: Timer for asinImageRender already exists. @ https://m.media-amazon.com/images/I/B1Ssa9i-yOL.js:10
[    3503ms] [WARNING] VIDEOJS: WARN: Using hls options is deprecated. Use vhs instead. @ https://m.media-amazon.com/images/I/41Vu0w0zP-L._RC%7C01x4giTy+uL.js,01r9LpT6pbL.js,41NWBkfooBL.js,11QfrzttlqL.js,91VXiFQ1TCL.js,01ELLYeIOkL.js_.js?AUIClients/Brila:542
[    3514ms] [WARNING] VIDEOJS: WARN: Using hls options is deprecated. Use vhs instead. @ https://m.media-amazon.com/images/I/41Vu0w0zP-L._RC%7C01x4giTy+uL.js,01r9LpT6pbL.js,41NWBkfooBL.js,11QfrzttlqL.js,91VXiFQ1TCL.js,01ELLYeIOkL.js_.js?AUIClients/Brila:542
[   12580ms] [WARNING] The resource https://m.media-amazon.com/images/I/11jErpSlSXL._RC%7C61D9aRPdSeL.js_.js?AUIClients/ was preloaded using link preload but not used within a few seconds from the window's load event. Please make sure it has an appropriate `as` value and it is preloaded intentionally. @ https://www.amazon.co.uk/dp/B0CL5YG3TW?th=1:0
[   12580ms] [WARNING] The resource https://m.media-amazon.com/images/I/617wb09azWL._RC%7C813d+gDBtmL.js,31jsB13JlVL.js_.js?AUIClients/ was preloaded using link preload but not used within a few seconds from the window's load event. Please make sure it has an appropriate `as` value and it is preloaded intentionally. @ https://www.amazon.co.uk/dp/B0CL5YG3TW?th=1:0
[   12580ms] [WARNING] The resource https://m.media-amazon.com/images/I/61A+3wrJc+L.js?AUIClients/ was preloaded using link preload but not used within a few seconds from the window's load event. Please make sure it has an appropriate `as` value and it is preloaded intentionally. @ https://www.amazon.co.uk/dp/B0CL5YG3TW?th=1:0
[   12580ms] [WARNING] The resource https://m.media-amazon.com/images/S/sash/SCttg0AcbhLFxLW.js#sfClientUrl was preloaded using link preload but not used within a few seconds from the window's load event. Please make sure it has an appropriate `as` value and it is preloaded intentionally. @ https://www.amazon.co.uk/dp/B0CL5YG3TW?th=1:0
[   12580ms] [WARNING] The resource https://m.media-amazon.com/images/I/51S-qOAsDtL.js?AUIClients/ was preloaded using link preload but not used within a few seconds from the window's load event. Please make sure it has an appropriate `as` value and it is preloaded intentionally. @ https://www.amazon.co.uk/dp/B0CL5YG3TW?th=1:0
[   12580ms] [WARNING] The resource https://m.media-amazon.com/images/I/51oScleu3HL.js?AUIClients/ was preloaded using link preload but not used within a few seconds from the window's load event. Please make sure it has an appropriate `as` value and it is preloaded intentionally. @ https://www.amazon.co.uk/dp/B0CL5YG3TW?th=1:0
[   12580ms] [WARNING] The resource https://m.media-amazon.com/images/I/31lqqqMDjxL.js?AUIClients/ was preloaded using link preload but not used within a few seconds from the window's load event. Please make sure it has an appropriate `as` value and it is preloaded intentionally. @ https://www.amazon.co.uk/dp/B0CL5YG3TW?th=1:0
[   12580ms] [WARNING] The resource https://m.media-amazon.com/images/S/sash/_pqQxKqtvoDrklH.html#sfClientHtmlUrl was preloaded using link preload but not used within a few seconds from the window's load event. Please make sure it has an appropriate `as` value and it is preloaded intentionally. @ https://www.amazon.co.uk/dp/B0CL5YG3TW?th=1:0
[   12580ms] [WARNING] The resource https://m.media-amazon.com/images/I/51pz4yDRtxL._RC%7C01zCndFsf4L.js,01VTews5i1L.js,31xJau8gMoL.js_.js?AUIClients/ was preloaded using link preload but not used within a few seconds from the window's load event. Please make sure it has an appropriate `as` value and it is preloaded intentionally. @ https://www.amazon.co.uk/dp/B0CL5YG3TW?th=1:0
[   12580ms] [WARNING] The resource https://m.media-amazon.com/images/I/11RbkwaUgLL.js?AUIClients/ was preloaded using link preload but not used within a few seconds from the window's load event. Please make sure it has an appropriate `as` value and it is preloaded intentionally. @ https://www.amazon.co.uk/dp/B0CL5YG3TW?th=1:0
[   12580ms] [WARNING] The resource https://m.media-amazon.com/images/I/61L1r095mRL.js?AUIClients/ was preloaded using link preload but not used within a few seconds from the window's load event. Please make sure it has an appropriate `as` value and it is preloaded intentionally. @ https://www.amazon.co.uk/dp/B0CL5YG3TW?th=1:0
[   16770ms] [WARNING] The resource https://m.media-amazon.com/images/I/11jErpSlSXL._RC%7C61D9aRPdSeL.js_.js?AUIClients/ was preloaded using link preload but not used within a few seconds from the window's load event. Please make sure it has an appropriate `as` value and it is preloaded intentionally. @ https://www.amazon.co.uk/dp/B0CL5YG3TW?th=1:0
[   16770ms] [WARNING] The resource https://m.media-amazon.com/images/I/617wb09azWL._RC%7C813d+gDBtmL.js,31jsB13JlVL.js_.js?AUIClients/ was preloaded using link preload but not used within a few seconds from the window's load event. Please make sure it has an appropriate `as` value and it is preloaded intentionally. @ https://www.amazon.co.uk/dp/B0CL5YG3TW?th=1:0
[   16770ms] [WARNING] The resource https://m.media-amazon.com/images/I/61A+3wrJc+L.js?AUIClients/ was preloaded using link preload but not used within a few seconds from the window's load event. Please make sure it has an appropriate `as` value and it is preloaded intentionally. @ https://www.amazon.co.uk/dp/B0CL5YG3TW?th=1:0
[   16770ms] [WARNING] The resource https://m.media-amazon.com/images/S/sash/SCttg0AcbhLFxLW.js#sfClientUrl was preloaded using link preload but not used within a few seconds from the window's load event. Please make sure it has an appropriate `as` value and it is preloaded intentionally. @ https://www.amazon.co.uk/dp/B0CL5YG3TW?th=1:0
[   16770ms] [WARNING] The resource https://m.media-amazon.com/images/I/51S-qOAsDtL.js?AUIClients/ was preloaded using link preload but not used within a few seconds from the window's load event. Please make sure it has an appropriate `as` value and it is preloaded intentionally. @ https://www.amazon.co.uk/dp/B0CL5YG3TW?th=1:0
[   16770ms] [WARNING] The resource https://m.media-amazon.com/images/I/51oScleu3HL.js?AUIClients/ was preloaded using link preload but not used within a few seconds from the window's load event. Please make sure it has an appropriate `as` value and it is preloaded intentionally. @ https://www.amazon.co.uk/dp/B0CL5YG3TW?th=1:0
[   16770ms] [WARNING] The resource https://m.media-amazon.com/images/I/31lqqqMDjxL.js?AUIClients/ was preloaded using link preload but not used within a few seconds from the window's load event. Please make sure it has an appropriate `as` value and it is preloaded intentionally. @ https://www.amazon.co.uk/dp/B0CL5YG3TW?th=1:0
[   16770ms] [WARNING] The resource https://m.media-amazon.com/images/S/sash/_pqQxKqtvoDrklH.html#sfClientHtmlUrl was preloaded using link preload but not used within a few seconds from the window's load event. Please make sure it has an appropriate `as` value and it is preloaded intentionally. @ https://www.amazon.co.uk/dp/B0CL5YG3TW?th=1:0
[   16770ms] [WARNING] The resource https://m.media-amazon.com/images/I/51pz4yDRtxL._RC%7C01zCndFsf4L.js,01VTews5i1L.js,31xJau8gMoL.js_.js?AUIClients/ was preloaded using link preload but not used within a few seconds from the window's load event. Please make sure it has an appropriate `as` value and it is preloaded intentionally. @ https://www.amazon.co.uk/dp/B0CL5YG3TW?th=1:0
[   16770ms] [WARNING] The resource https://m.media-amazon.com/images/I/11RbkwaUgLL.js?AUIClients/ was preloaded using link preload but not used within a few seconds from the window's load event. Please make sure it has an appropriate `as` value and it is preloaded intentionally. @ https://www.amazon.co.uk/dp/B0CL5YG3TW?th=1:0
[   16771ms] [WARNING] The resource https://m.media-amazon.com/images/I/61L1r095mRL.js?AUIClients/ was preloaded using link preload but not used within a few seconds from the window's load event. Please make sure it has an appropriate `as` value and it is preloaded intentionally. @ https://www.amazon.co.uk/dp/B0CL5YG3TW?th=1:0
[   23749ms] [WARNING] The resource https://m.media-amazon.com/images/I/11jErpSlSXL._RC%7C61D9aRPdSeL.js_.js?AUIClients/ was preloaded using link preload but not used within a few seconds from the window's load event. Please make sure it has an appropriate `as` value and it is preloaded intentionally. @ https://www.amazon.co.uk/dp/B0CL5YG3TW?th=1:0
[   23749ms] [WARNING] The resource https://m.media-amazon.com/images/I/617wb09azWL._RC%7C813d+gDBtmL.js,31jsB13JlVL.js_.js?AUIClients/ was preloaded using link preload but not used within a few seconds from the window's load event. Please make sure it has an appropriate `as` value and it is preloaded intentionally. @ https://www.amazon.co.uk/dp/B0CL5YG3TW?th=1:0
[   23749ms] [WARNING] The resource https://m.media-amazon.com/images/I/61A+3wrJc+L.js?AUIClients/ was preloaded using link preload but not used within a few seconds from the window's load event. Please make sure it has an appropriate `as` value and it is preloaded intentionally. @ https://www.amazon.co.uk/dp/B0CL5YG3TW?th=1:0
[   23749ms] [WARNING] The resource https://m.media-amazon.com/images/S/sash/SCttg0AcbhLFxLW.js#sfClientUrl was preloaded using link preload but not used within a few seconds from the window's load event. Please make sure it has an appropriate `as` value and it is preloaded intentionally. @ https://www.amazon.co.uk/dp/B0CL5YG3TW?th=1:0
[   23749ms] [WARNING] The resource https://m.media-amazon.com/images/I/51S-qOAsDtL.js?AUIClients/ was preloaded using link preload but not used within a few seconds from the window's load event. Please make sure it has an appropriate `as` value and it is preloaded intentionally. @ https://www.amazon.co.uk/dp/B0CL5YG3TW?th=1:0
[   23749ms] [WARNING] The resource https://m.media-amazon.com/images/I/51oScleu3HL.js?AUIClients/ was preloaded using link preload but not used within a few seconds from the window's load event. Please make sure it has an appropriate `as` value and it is preloaded intentionally. @ https://www.amazon.co.uk/dp/B0CL5YG3TW?th=1:0
[   23749ms] [WARNING] The resource https://m.media-amazon.com/images/I/31lqqqMDjxL.js?AUIClients/ was preloaded using link preload but not used within a few seconds from the window's load event. Please make sure it has an appropriate `as` value and it is preloaded intentionally. @ https://www.amazon.co.uk/dp/B0CL5YG3TW?th=1:0
[   23749ms] [WARNING] The resource https://m.media-amazon.com/images/S/sash/_pqQxKqtvoDrklH.html#sfClientHtmlUrl was preloaded using link preload but not used within a few seconds from the window's load event. Please make sure it has an appropriate `as` value and it is preloaded intentionally. @ https://www.amazon.co.uk/dp/B0CL5YG3TW?th=1:0
[   23749ms] [WARNING] The resource https://m.media-amazon.com/images/I/51pz4yDRtxL._RC%7C01zCndFsf4L.js,01VTews5i1L.js,31xJau8gMoL.js_.js?AUIClients/ was preloaded using link preload but not used within a few seconds from the window's load event. Please make sure it has an appropriate `as` value and it is preloaded intentionally. @ https://www.amazon.co.uk/dp/B0CL5YG3TW?th=1:0
[   23750ms] [WARNING] The resource https://m.media-amazon.com/images/I/11RbkwaUgLL.js?AUIClients/ was preloaded using link preload but not used within a few seconds from the window's load event. Please make sure it has an appropriate `as` value and it is preloaded intentionally. @ https://www.amazon.co.uk/dp/B0CL5YG3TW?th=1:0
[   23750ms] [WARNING] The resource https://m.media-amazon.com/images/I/61L1r095mRL.js?AUIClients/ was preloaded using link preload but not used within a few seconds from the window's load event. Please make sure it has an appropriate `as` value and it is preloaded intentionally. @ https://www.amazon.co.uk/dp/B0CL5YG3TW?th=1:0
