2026-03-13 12:59:12,107 WARNING __main__: Ignoring supplier identity from products file; job sandbox is authoritative. job=efghousewares.co.uk__sandbox__0d17e4e6 file=efghousewares.co.uk
2026-03-13 12:59:12,108 WARNING tools.amazon_playwright_extractor: ?? BrowserCircuitBreaker not available - health management disabled
2026-03-13 12:59:12,108 INFO tools.amazon_playwright_extractor: AI features disabled in amazon_playwright_extractor - using only traditional selectors.
2026-03-13 12:59:12,108 INFO tools.amazon_playwright_extractor: Output directory set to: C:\Users\chris\Desktop\Amazon-FBA-Agent-System-v32 - latest good - Copy (8) - Copy - Copy - POSTLONGRUNPREKIRO2 beforecompletion-\OUTPUTS\CACHE\amazon_data
2026-03-13 12:59:12,112 WARNING tools.amazon_playwright_extractor: ?? BrowserManager not available, using legacy browser connection
2026-03-13 12:59:12,115 INFO windows_save_guardian: ? ATOMIC SAVE: efghousewares-co-uk__sandbox__0d17e4e6_products_cache.json (12 entries) saved successfully
2026-03-13 12:59:12,117 INFO tools.amazon_playwright_extractor: 🔧 FixedAmazonExtractor connecting via BrowserManager singleton
2026-03-13 12:59:12,117 INFO utils.browser_circuit_breaker: BrowserCircuitBreaker initialized: threshold=3, timeout=300s
2026-03-13 12:59:12,117 INFO utils.browser_manager: ?? BrowserManager singleton initialized with health management
2026-03-13 12:59:12,576 INFO utils.browser_manager: ?? Connecting to existing Chrome debug instance on port 9222
2026-03-13 12:59:12,576 INFO utils.browser_manager: ?? Per troubleshooting docs: Using existing Chrome debug only
2026-03-13 12:59:14,817 INFO utils.browser_manager: ? Chrome debug accessible on IPv4: Chrome/145.0.7632.160
2026-03-13 12:59:14,817 INFO utils.browser_manager: ?? Connecting to existing Chrome debug instance...
2026-03-13 12:59:16,858 INFO utils.browser_manager: ?? Using endpoint: http://localhost:9222
2026-03-13 12:59:17,094 INFO utils.browser_manager: ? Successfully connected to existing Chrome debug instance
2026-03-13 12:59:17,094 INFO utils.browser_manager: ?? Using existing context with 4 pages
2026-03-13 12:59:17,094 INFO utils.browser_manager: ?? Connected to existing Chrome: 145.0.7632.160
2026-03-13 12:59:17,094 INFO tools.amazon_playwright_extractor: ✅ FixedAmazonExtractor connected via BrowserManager singleton
2026-03-13 12:59:17,094 INFO utils.browser_manager: ?? Reusing existing Chrome connection (port 9222)
2026-03-13 12:59:17,095 INFO utils.browser_manager: ?? Reusing existing page in persistent context.
2026-03-13 12:59:17,101 INFO windows_save_guardian: ? ATOMIC SAVE: efghousewares_co_uk__sandbox__0d17e4e6_processing_state.json (27 entries) saved successfully
2026-03-13 12:59:17,102 INFO utils.fixed_enhanced_state_manager:  ATOMIC SAVE
2026-03-13 12:59:17,105 INFO windows_save_guardian: ? ATOMIC SAVE: efghousewares_co_uk__sandbox__0d17e4e6_processing_state.json (27 entries) saved successfully
2026-03-13 12:59:17,106 INFO utils.fixed_enhanced_state_manager:  ATOMIC SAVE
2026-03-13 12:59:17,107 INFO tools.amazon_playwright_extractor: Searching Amazon by EAN: 5015931103855 for supplier product: 'HEAVY DUTY HIPSTER KEYRING PK12' (FixedAmazonExtractor)
2026-03-13 12:59:17,107 INFO tools.amazon_playwright_extractor: Navigating to Amazon UK to search for EAN: 5015931103855
2026-03-13 12:59:22,277 INFO tools.amazon_playwright_extractor: Waiting for search results page to load for EAN 5015931103855...
2026-03-13 12:59:23,224 INFO tools.amazon_playwright_extractor: Found search results container with selector: div.s-search-results
2026-03-13 12:59:24,617 INFO tools.amazon_playwright_extractor: Found 13 search result elements using selector: div[data-component-type='s-search-result']
2026-03-13 12:59:24,617 INFO tools.amazon_playwright_extractor: Processing 13 search result elements for EAN 5015931103855
2026-03-13 12:59:25,091 INFO tools.amazon_playwright_extractor: Found organic result: ASIN B007Z0JDLK - Metal Hipster Heavy Duty Clip Keyring 58mm split ring x 1 un...
2026-03-13 12:59:25,434 INFO tools.amazon_playwright_extractor: 📊 SPONSORED FILTERING RESULTS: 1 organic products, 12 sponsored products filtered out
2026-03-13 12:59:25,435 INFO tools.amazon_playwright_extractor: ✅ EAN SEARCH: Selected first organic result - ASIN B007Z0JDLK
2026-03-13 12:59:25,435 INFO tools.amazon_playwright_extractor:    Trusting Amazon's search relevance for EAN 5015931103855
2026-03-13 12:59:25,435 INFO tools.amazon_playwright_extractor:    EAN will be extracted by Keepa during full product data extraction
2026-03-13 12:59:25,435 INFO tools.amazon_playwright_extractor: Single ASIN B007Z0JDLK found for EAN 5015931103855.
2026-03-13 12:59:25,435 INFO tools.amazon_playwright_extractor: Proceeding with ASIN: B007Z0JDLK for EAN: 5015931103855
2026-03-13 12:59:25,435 WARNING tools.amazon_playwright_extractor: No page object provided to extract_data for ASIN B007Z0JDLK. Getting a new one from BrowserManager.
2026-03-13 12:59:25,435 INFO tools.amazon_playwright_extractor: Reusing existing page: https://www.amazon.co.uk/s?k=5015931103855&ref=nb_sb_noss
2026-03-13 12:59:27,536 INFO tools.amazon_playwright_extractor: Checking for cookie consent pop-up...
2026-03-13 12:59:27,686 INFO tools.amazon_playwright_extractor: Finished checking for cookie consent pop-ups. If one was present and not handled, it might interfere.
2026-03-13 12:59:28,696 INFO tools.amazon_playwright_extractor: Checking for CAPTCHA...
2026-03-13 12:59:31,709 INFO tools.amazon_playwright_extractor: No CAPTCHA page detected by form selector.
2026-03-13 12:59:31,709 INFO tools.amazon_playwright_extractor: Checking for cookie consent pop-up...
2026-03-13 12:59:31,783 INFO tools.amazon_playwright_extractor: Finished checking for cookie consent pop-ups. If one was present and not handled, it might interfere.
2026-03-13 12:59:31,783 INFO tools.amazon_playwright_extractor: Page should be ready. Waiting 5s for stabilization...
2026-03-13 12:59:36,788 INFO tools.amazon_playwright_extractor: Waiting an additional 7s for extensions (Keepa, SellerAmp)...
2026-03-13 12:59:43,793 INFO tools.amazon_playwright_extractor: Extracting all product data for ASIN: B007Z0JDLK
2026-03-13 12:59:43,794 INFO tools.amazon_playwright_extractor: Extracting basic product information (Title, Price, Images, Amazon Details)...
2026-03-13 12:59:43,856 INFO tools.amazon_playwright_extractor: Title found: 'Metal Hipster Heavy Duty Clip Keyring 58mm split ring x 1 unit' via #productTitle
2026-03-13 12:59:43,856 INFO tools.amazon_playwright_extractor: Extracting price details...
2026-03-13 12:59:43,884 INFO tools.amazon_playwright_extractor: Current price: 3.49 via #corePrice_feature_div .a-offscreen
2026-03-13 12:59:43,942 INFO tools.amazon_playwright_extractor: Original price: 6.69 via span.a-price.a-text-price[data-a-strike='true'] span.a-offscreen
2026-03-13 12:59:44,000 INFO tools.amazon_playwright_extractor: Extracting image URLs...
2026-03-13 12:59:44,048 INFO tools.amazon_playwright_extractor: Main image: https://m.media-amazon.com/images/I/814W4eIMTLL._AC_SL1500_.jpg via #landingImage
2026-03-13 12:59:44,099 INFO tools.amazon_playwright_extractor: Found 2 thumbnails.
2026-03-13 12:59:44,105 INFO tools.amazon_playwright_extractor: Extracting Amazon product details section...
2026-03-13 12:59:44,268 INFO tools.amazon_playwright_extractor: Extracting sales rank information...
2026-03-13 12:59:44,473 INFO tools.amazon_playwright_extractor: Extracting ratings and reviews...
2026-03-13 12:59:44,494 INFO tools.amazon_playwright_extractor: Rating: 5.0 via #acrPopover[title*='out of 5 stars']
2026-03-13 12:59:44,515 INFO tools.amazon_playwright_extractor: Review count: 5 via #acrCustomerReviewText
2026-03-13 12:59:44,515 INFO tools.amazon_playwright_extractor: Extracting stock information...
2026-03-13 12:59:44,541 INFO tools.amazon_playwright_extractor: Availability text: 'In stock' via #availability span.a-size-medium.a-color-success
2026-03-13 12:59:44,541 INFO tools.amazon_playwright_extractor: Extracting features/bullets...
2026-03-13 12:59:44,559 INFO tools.amazon_playwright_extractor: Extracting product description...
2026-03-13 12:59:44,742 INFO tools.amazon_playwright_extractor: Extracting product specifications table...
2026-03-13 12:59:45,086 INFO tools.amazon_playwright_extractor: Specifications table parsed using selector: table.a-keyvalue.prodDetTable
2026-03-13 12:59:45,087 INFO tools.amazon_playwright_extractor: Extracting SellerAmp data (if present)...
2026-03-13 12:59:45,087 INFO tools.amazon_playwright_extractor: SellerAmp data extraction is currently disabled as per requirements (Fix 2.3).
2026-03-13 12:59:45,087 INFO tools.amazon_playwright_extractor: Extracting Keepa data (if present)...
2026-03-13 12:59:45,087 INFO tools.amazon_playwright_extractor: Attempting to extract Keepa data...
2026-03-13 12:59:51,198 INFO tools.amazon_playwright_extractor: Keepa iframe found: iframe[id*='keepa']
2026-03-13 12:59:51,305 INFO tools.amazon_playwright_extractor: Keepa Sales Rank Details Table parsed.
2026-03-13 12:59:51,305 INFO tools.amazon_playwright_extractor: Keepa Graph AI Analysis is currently disabled as per requirements (Fix 2.4).
2026-03-13 12:59:51,338 INFO tools.amazon_playwright_extractor: Keepa Data tab found. Currently active: False
2026-03-13 12:59:51,338 INFO tools.amazon_playwright_extractor: Clicking Keepa 'Data' tab...
2026-03-13 12:59:55,502 INFO tools.amazon_playwright_extractor: Attempt 1/2: Waiting 12000ms for Product-Details wrapper...
2026-03-13 12:59:57,456 INFO tools.amazon_playwright_extractor: ? Product-Details wrapper appeared on attempt 1
2026-03-13 12:59:57,504 INFO tools.amazon_playwright_extractor: Parsing Keepa AG Grid for Product Details from: div#MoreTab1 div#grid-product-detail
2026-03-13 12:59:57,542 INFO tools.amazon_playwright_extractor: Primary attempt: Waiting 12 seconds for AG Grid rows to load...
2026-03-13 12:59:58,598 INFO tools.amazon_playwright_extractor: ? Primary attempt successful: 88 rows found
2026-03-13 12:59:58,619 INFO tools.amazon_playwright_extractor: Processing 88 rows in Keepa Product Details AG Grid.
2026-03-13 13:00:03,024 INFO tools.amazon_playwright_extractor: ? Successfully parsed 25 items from Keepa Product Details AG Grid.
2026-03-13 13:00:03,024 INFO tools.amazon_playwright_extractor: ASIN B007Z0JDLK: Attempting to extract EANs from Keepa product_details_tab_data.
2026-03-13 13:00:03,025 INFO tools.amazon_playwright_extractor: ASIN B007Z0JDLK: EAN '5015931103855' found in Keepa details via key 'Product Codes - EAN'.
2026-03-13 13:00:03,025 INFO tools.amazon_playwright_extractor: ASIN B007Z0JDLK: BSR not found or invalid from page. Attempting fallback from Keepa.
2026-03-13 13:00:03,025 INFO tools.amazon_playwright_extractor: ASIN B007Z0JDLK: BSR 2963191 in 'Fashion' from Keepa SalesRankDetailsTable.
2026-03-13 13:00:03,025 INFO tools.amazon_playwright_extractor: ✅ Recorded search method 'EAN' for ASIN B007Z0JDLK
2026-03-13 13:00:03,025 INFO tools.amazon_playwright_extractor: Successfully extracted data for ASIN B007Z0JDLK (EAN on page: 5015931103855)
2026-03-13 13:00:03,031 INFO windows_save_guardian: ? ATOMIC SAVE: amazon_B007Z0JDLK_5015931103855.json (29 entries) saved successfully
2026-03-13 13:00:03,035 INFO windows_save_guardian: ? ATOMIC SAVE: amazon_B007Z0JDLK_5015931103855.json (29 entries) saved successfully
2026-03-13 13:00:03,039 INFO windows_save_guardian: ? ATOMIC SAVE: linking_map.json (1 entries) saved successfully
2026-03-13 13:00:03,040 INFO __main__: Linking map periodic flush: 1 entries
2026-03-13 13:00:03,044 INFO windows_save_guardian: ? ATOMIC SAVE: efghousewares_co_uk__sandbox__0d17e4e6_processing_state.json (27 entries) saved successfully
2026-03-13 13:00:03,044 INFO utils.fixed_enhanced_state_manager:  ATOMIC SAVE
2026-03-13 13:00:03,044 INFO tools.amazon_playwright_extractor: Searching Amazon by EAN: 5015931143950 for supplier product: 'V RING SMALL KEYRING PK12' (FixedAmazonExtractor)
2026-03-13 13:00:03,044 INFO tools.amazon_playwright_extractor: Navigating to Amazon UK to search for EAN: 5015931143950
2026-03-13 13:00:08,425 INFO tools.amazon_playwright_extractor: Waiting for search results page to load for EAN 5015931143950...
2026-03-13 13:00:09,438 INFO tools.amazon_playwright_extractor: Found search results container with selector: div.s-search-results
2026-03-13 13:00:10,360 INFO tools.amazon_playwright_extractor: Found 6 search result elements using selector: div[data-component-type='s-search-result']
2026-03-13 13:00:10,360 INFO tools.amazon_playwright_extractor: Processing 6 search result elements for EAN 5015931143950
2026-03-13 13:00:10,988 INFO tools.amazon_playwright_extractor: 📊 SPONSORED FILTERING RESULTS: 0 organic products, 6 sponsored products filtered out
2026-03-13 13:00:10,988 WARNING tools.amazon_playwright_extractor: EAN 5015931143950 returned no organic results - skipping
2026-03-13 13:00:10,988 WARNING tools.amazon_playwright_extractor: No Amazon results or error for EAN '5015931143950'. Details: no_organic_results
2026-03-13 13:00:10,989 INFO tools.amazon_playwright_extractor: Falling back to title search for supplier product: 'V RING SMALL KEYRING PK12'
2026-03-13 13:00:10,989 INFO tools.amazon_playwright_extractor: Searching Amazon by title using search bar: 'V RING SMALL KEYRING PK12'
2026-03-13 13:00:10,989 INFO tools.amazon_playwright_extractor: Navigating to Amazon UK to search for title: V RING SMALL KEYRING PK12
2026-03-13 13:00:17,978 INFO tools.amazon_playwright_extractor: Title search found 69 elements using selector: div.s-search-results > div[data-asin]
2026-03-13 13:00:18,134 WARNING tools.amazon_playwright_extractor: ASIN extraction failed: All 4 fallbacks exhausted
2026-03-13 13:00:18,496 INFO tools.amazon_playwright_extractor: ✅ Title search: Selected first visible organic product - ASIN B0FQJHNJZV
2026-03-13 13:00:18,496 INFO tools.amazon_playwright_extractor: 🎯 ASIN EXTRACTION SUCCESS: Found 1 ASINs for title search: 'V RING SMALL KEYRING PK12'
2026-03-13 13:00:18,497 INFO tools.amazon_playwright_extractor: Title search successful for 'V RING SMALL KEYRING PK12' after EAN '5015931143950' failed
2026-03-13 13:00:18,497 INFO tools.amazon_playwright_extractor: Extracting complete data for fallback ASIN B0FQJHNJZV from title search
2026-03-13 13:00:18,497 WARNING tools.amazon_playwright_extractor: No page object provided to extract_data for ASIN B0FQJHNJZV. Getting a new one from BrowserManager.
2026-03-13 13:00:18,497 INFO tools.amazon_playwright_extractor: Reusing existing page: https://www.amazon.co.uk/s?k=V+RING+SMALL+KEYRING+PK12&ref=nb_sb_noss
2026-03-13 13:00:20,654 INFO tools.amazon_playwright_extractor: Checking for cookie consent pop-up...
2026-03-13 13:00:21,266 INFO tools.amazon_playwright_extractor: Finished checking for cookie consent pop-ups. If one was present and not handled, it might interfere.
2026-03-13 13:00:22,268 INFO tools.amazon_playwright_extractor: Checking for CAPTCHA...
2026-03-13 13:00:25,286 INFO tools.amazon_playwright_extractor: No CAPTCHA page detected by form selector.
2026-03-13 13:00:25,287 INFO tools.amazon_playwright_extractor: Checking for cookie consent pop-up...
2026-03-13 13:00:25,390 INFO tools.amazon_playwright_extractor: Finished checking for cookie consent pop-ups. If one was present and not handled, it might interfere.
2026-03-13 13:00:25,390 INFO tools.amazon_playwright_extractor: Page should be ready. Waiting 5s for stabilization...
2026-03-13 13:00:30,401 INFO tools.amazon_playwright_extractor: Waiting an additional 7s for extensions (Keepa, SellerAmp)...
2026-03-13 13:00:37,402 INFO tools.amazon_playwright_extractor: Extracting all product data for ASIN: B0FQJHNJZV
2026-03-13 13:00:37,403 INFO tools.amazon_playwright_extractor: Extracting basic product information (Title, Price, Images, Amazon Details)...
2026-03-13 13:00:37,471 INFO tools.amazon_playwright_extractor: Title found: '50pcs Small Keyrings Split Rings, 0.47inch/12mm Black Jump Rings Metal Mini Key Ring Stainless Steel Ring for Keychain Earring Crafts Making DIY' via #productTitle
2026-03-13 13:00:37,471 INFO tools.amazon_playwright_extractor: Extracting price details...
2026-03-13 13:00:37,496 INFO tools.amazon_playwright_extractor: Current price: 4.99 via #corePrice_feature_div .a-offscreen
2026-03-13 13:00:37,539 INFO tools.amazon_playwright_extractor: Original price: 5.99 via .basisPrice span.a-text-price span.a-offscreen
2026-03-13 13:00:37,595 INFO tools.amazon_playwright_extractor: Extracting image URLs...
2026-03-13 13:00:37,643 INFO tools.amazon_playwright_extractor: Main image: https://m.media-amazon.com/images/I/61LDEb9hF8L._AC_SL1500_.jpg via #landingImage
2026-03-13 13:00:37,743 INFO tools.amazon_playwright_extractor: Found 7 thumbnails.
2026-03-13 13:00:37,749 INFO tools.amazon_playwright_extractor: Extracting Amazon product details section...
2026-03-13 13:00:37,940 INFO tools.amazon_playwright_extractor: Extracting sales rank information...
2026-03-13 13:00:38,161 INFO tools.amazon_playwright_extractor: Extracting ratings and reviews...
2026-03-13 13:00:38,182 INFO tools.amazon_playwright_extractor: Rating: 4.6 via #acrPopover[title*='out of 5 stars']
2026-03-13 13:00:38,204 INFO tools.amazon_playwright_extractor: Review count: 22 via #acrCustomerReviewText
2026-03-13 13:00:38,204 INFO tools.amazon_playwright_extractor: Extracting stock information...
2026-03-13 13:00:38,232 INFO tools.amazon_playwright_extractor: Availability text: 'In stock' via #availability span.a-size-medium.a-color-success
2026-03-13 13:00:38,233 INFO tools.amazon_playwright_extractor: Extracting features/bullets...
2026-03-13 13:00:38,488 INFO tools.amazon_playwright_extractor: Found 5 features.
2026-03-13 13:00:38,488 INFO tools.amazon_playwright_extractor: Extracting product description...
2026-03-13 13:00:38,509 INFO tools.amazon_playwright_extractor: Description found using selector: #productDescription
2026-03-13 13:00:38,509 INFO tools.amazon_playwright_extractor: Extracting product specifications table...
2026-03-13 13:00:38,936 INFO tools.amazon_playwright_extractor: Specifications table parsed using selector: table.a-keyvalue.prodDetTable
2026-03-13 13:00:38,936 INFO tools.amazon_playwright_extractor: Extracting SellerAmp data (if present)...
2026-03-13 13:00:38,937 INFO tools.amazon_playwright_extractor: SellerAmp data extraction is currently disabled as per requirements (Fix 2.3).
2026-03-13 13:00:38,937 INFO tools.amazon_playwright_extractor: Extracting Keepa data (if present)...
2026-03-13 13:00:38,937 INFO tools.amazon_playwright_extractor: Attempting to extract Keepa data...
2026-03-13 13:00:45,013 INFO tools.amazon_playwright_extractor: Keepa iframe found: iframe[id*='keepa']
2026-03-13 13:00:45,100 INFO tools.amazon_playwright_extractor: Keepa Sales Rank Details Table parsed.
2026-03-13 13:00:45,100 INFO tools.amazon_playwright_extractor: Keepa Graph AI Analysis is currently disabled as per requirements (Fix 2.4).
2026-03-13 13:00:45,125 INFO tools.amazon_playwright_extractor: Keepa Data tab found. Currently active: False
2026-03-13 13:00:45,126 INFO tools.amazon_playwright_extractor: Clicking Keepa 'Data' tab...
2026-03-13 13:00:47,420 INFO tools.amazon_playwright_extractor: Attempt 1/2: Waiting 12000ms for Product-Details wrapper...
2026-03-13 13:00:50,733 INFO tools.amazon_playwright_extractor: ? Product-Details wrapper appeared on attempt 1
2026-03-13 13:00:50,900 INFO tools.amazon_playwright_extractor: Parsing Keepa AG Grid for Product Details from: div#MoreTab1 div#grid-product-detail
2026-03-13 13:00:50,971 INFO tools.amazon_playwright_extractor: Primary attempt: Waiting 12 seconds for AG Grid rows to load...
2026-03-13 13:00:52,039 INFO tools.amazon_playwright_extractor: ? Primary attempt successful: 133 rows found
2026-03-13 13:00:52,056 INFO tools.amazon_playwright_extractor: Processing 133 rows in Keepa Product Details AG Grid.
2026-03-13 13:00:53,744 INFO tools.amazon_playwright_extractor: Found potential fee key 'FBA Pick&Pack Fee' with raw value: '£ 1.50' in Keepa AG Grid.
2026-03-13 13:00:53,885 INFO tools.amazon_playwright_extractor: Found potential fee key 'Referral Fee based on current Buy Box price' with raw value: '£ 0.75' in Keepa AG Grid.
2026-03-13 13:00:57,623 INFO tools.amazon_playwright_extractor: ? Successfully parsed 39 items from Keepa Product Details AG Grid.
2026-03-13 13:00:57,623 INFO tools.amazon_playwright_extractor: ASIN B0FQJHNJZV: Attempting to extract EANs from Keepa product_details_tab_data.
2026-03-13 13:00:57,623 WARNING tools.amazon_playwright_extractor: ASIN B0FQJHNJZV: Could not find EAN in Keepa product_details_tab_data.
2026-03-13 13:00:57,623 INFO tools.amazon_playwright_extractor: ASIN B0FQJHNJZV: BSR not found or invalid from page. Attempting fallback from Keepa.
2026-03-13 13:00:57,623 INFO tools.amazon_playwright_extractor: ASIN B0FQJHNJZV: BSR 59751 in 'Home & Kitchen 5' from Keepa SalesRankDetailsTable.
2026-03-13 13:00:57,630 INFO windows_save_guardian: ? ATOMIC SAVE: amazon_B0FQJHNJZV_5015931143950.json (28 entries) saved successfully
2026-03-13 13:00:57,636 INFO windows_save_guardian: ? ATOMIC SAVE: amazon_B0FQJHNJZV_5015931143950.json (28 entries) saved successfully
2026-03-13 13:00:57,643 INFO windows_save_guardian: ? ATOMIC SAVE: linking_map.json (2 entries) saved successfully
2026-03-13 13:00:57,644 INFO __main__: Linking map periodic flush: 2 entries
2026-03-13 13:00:57,649 INFO windows_save_guardian: ? ATOMIC SAVE: efghousewares_co_uk__sandbox__0d17e4e6_processing_state.json (27 entries) saved successfully
2026-03-13 13:00:57,650 INFO utils.fixed_enhanced_state_manager:  ATOMIC SAVE
2026-03-13 13:00:57,655 INFO windows_save_guardian: ? ATOMIC SAVE: efghousewares_co_uk__sandbox__0d17e4e6_processing_state.json (27 entries) saved successfully
2026-03-13 13:00:57,656 INFO utils.fixed_enhanced_state_manager:  ATOMIC SAVE
2026-03-13 13:00:57,656 INFO tools.amazon_playwright_extractor: Searching Amazon by EAN: 5010609099287 for supplier product: 'YALE 3 LEVER MORTICE SASHLOCK 3' (FixedAmazonExtractor)
2026-03-13 13:00:57,657 INFO tools.amazon_playwright_extractor: Navigating to Amazon UK to search for EAN: 5010609099287
2026-03-13 13:01:02,909 INFO tools.amazon_playwright_extractor: Waiting for search results page to load for EAN 5010609099287...
2026-03-13 13:01:03,119 INFO tools.amazon_playwright_extractor: Found search results container with selector: div.s-search-results
2026-03-13 13:01:03,867 INFO tools.amazon_playwright_extractor: Found 13 search result elements using selector: div[data-component-type='s-search-result']
2026-03-13 13:01:03,867 INFO tools.amazon_playwright_extractor: Processing 13 search result elements for EAN 5010609099287
2026-03-13 13:01:04,047 INFO tools.amazon_playwright_extractor: Found organic result: ASIN B004J3422G - Yale Locks PM320CH30 3 Lever Mortice Sash Lock 80mm 3-inch -...
2026-03-13 13:01:04,389 INFO tools.amazon_playwright_extractor: 📊 SPONSORED FILTERING RESULTS: 1 organic products, 12 sponsored products filtered out
2026-03-13 13:01:04,390 INFO tools.amazon_playwright_extractor: ✅ EAN SEARCH: Selected first organic result - ASIN B004J3422G
2026-03-13 13:01:04,390 INFO tools.amazon_playwright_extractor:    Trusting Amazon's search relevance for EAN 5010609099287
2026-03-13 13:01:04,390 INFO tools.amazon_playwright_extractor:    EAN will be extracted by Keepa during full product data extraction
2026-03-13 13:01:04,390 INFO tools.amazon_playwright_extractor: Single ASIN B004J3422G found for EAN 5010609099287.
2026-03-13 13:01:04,390 INFO tools.amazon_playwright_extractor: Proceeding with ASIN: B004J3422G for EAN: 5010609099287
2026-03-13 13:01:04,390 WARNING tools.amazon_playwright_extractor: No page object provided to extract_data for ASIN B004J3422G. Getting a new one from BrowserManager.
2026-03-13 13:01:04,390 INFO tools.amazon_playwright_extractor: Reusing existing page: https://www.amazon.co.uk/s?k=5010609099287&ref=nb_sb_noss
2026-03-13 13:01:06,952 INFO tools.amazon_playwright_extractor: Checking for cookie consent pop-up...
2026-03-13 13:01:08,818 INFO tools.amazon_playwright_extractor: Finished checking for cookie consent pop-ups. If one was present and not handled, it might interfere.
2026-03-13 13:01:09,823 INFO tools.amazon_playwright_extractor: Checking for CAPTCHA...
2026-03-13 13:01:12,834 INFO tools.amazon_playwright_extractor: No CAPTCHA page detected by form selector.
2026-03-13 13:01:12,835 INFO tools.amazon_playwright_extractor: Checking for cookie consent pop-up...
2026-03-13 13:01:13,084 INFO tools.amazon_playwright_extractor: Finished checking for cookie consent pop-ups. If one was present and not handled, it might interfere.
2026-03-13 13:01:13,084 INFO tools.amazon_playwright_extractor: Page should be ready. Waiting 5s for stabilization...
2026-03-13 13:01:18,096 INFO tools.amazon_playwright_extractor: Waiting an additional 7s for extensions (Keepa, SellerAmp)...
2026-03-13 13:01:25,099 INFO tools.amazon_playwright_extractor: Extracting all product data for ASIN: B004J3422G
2026-03-13 13:01:25,099 INFO tools.amazon_playwright_extractor: Extracting basic product information (Title, Price, Images, Amazon Details)...
2026-03-13 13:01:25,206 INFO tools.amazon_playwright_extractor: Title found: 'Yale Locks PM320CH30 3 Lever Mortice Sash Lock 80mm 3-inch - Polished Chrome Finish' via #productTitle
2026-03-13 13:01:25,206 INFO tools.amazon_playwright_extractor: Extracting price details...
2026-03-13 13:01:25,317 INFO tools.amazon_playwright_extractor: Current price: 15.03 via #corePrice_feature_div .a-offscreen
2026-03-13 13:01:25,513 INFO tools.amazon_playwright_extractor: Original price: 16.99 via .basisPrice span.a-text-price span.a-offscreen
2026-03-13 13:01:25,621 INFO tools.amazon_playwright_extractor: Extracting image URLs...
2026-03-13 13:01:25,659 INFO tools.amazon_playwright_extractor: Main image: https://m.media-amazon.com/images/I/5134UnIKu7L._AC_SL1000_.jpg via #landingImage
2026-03-13 13:01:25,755 INFO tools.amazon_playwright_extractor: Found 5 thumbnails.
2026-03-13 13:01:25,762 INFO tools.amazon_playwright_extractor: Extracting Amazon product details section...
2026-03-13 13:01:25,902 INFO tools.amazon_playwright_extractor: Extracting sales rank information...
2026-03-13 13:01:26,066 INFO tools.amazon_playwright_extractor: Extracting ratings and reviews...
2026-03-13 13:01:26,132 INFO tools.amazon_playwright_extractor: Rating: 4.1 via #acrPopover[title*='out of 5 stars']
2026-03-13 13:01:26,180 INFO tools.amazon_playwright_extractor: Review count: 30 via #acrCustomerReviewText
2026-03-13 13:01:26,181 INFO tools.amazon_playwright_extractor: Extracting stock information...
2026-03-13 13:01:26,223 INFO tools.amazon_playwright_extractor: Availability text: 'Only 1 left in stock.' via #availability span.a-color-price
2026-03-13 13:01:26,223 INFO tools.amazon_playwright_extractor: Extracting features/bullets...
2026-03-13 13:01:26,574 INFO tools.amazon_playwright_extractor: Found 5 features.
2026-03-13 13:01:26,574 INFO tools.amazon_playwright_extractor: Extracting product description...
2026-03-13 13:01:26,617 INFO tools.amazon_playwright_extractor: Description found using selector: #aplus_feature_div
2026-03-13 13:01:26,617 INFO tools.amazon_playwright_extractor: Extracting product specifications table...
2026-03-13 13:01:27,509 INFO tools.amazon_playwright_extractor: Specifications table parsed using selector: table.a-keyvalue.prodDetTable
2026-03-13 13:01:27,510 INFO tools.amazon_playwright_extractor: Extracting SellerAmp data (if present)...
2026-03-13 13:01:27,510 INFO tools.amazon_playwright_extractor: SellerAmp data extraction is currently disabled as per requirements (Fix 2.3).
2026-03-13 13:01:27,510 INFO tools.amazon_playwright_extractor: Extracting Keepa data (if present)...
2026-03-13 13:01:27,510 INFO tools.amazon_playwright_extractor: Attempting to extract Keepa data...
2026-03-13 13:01:33,598 INFO tools.amazon_playwright_extractor: Keepa iframe found: iframe[id*='keepa']
2026-03-13 13:01:33,700 INFO tools.amazon_playwright_extractor: Keepa Sales Rank Details Table parsed.
2026-03-13 13:01:33,700 INFO tools.amazon_playwright_extractor: Keepa Graph AI Analysis is currently disabled as per requirements (Fix 2.4).
2026-03-13 13:01:33,730 INFO tools.amazon_playwright_extractor: Keepa Data tab found. Currently active: False
2026-03-13 13:01:33,730 INFO tools.amazon_playwright_extractor: Clicking Keepa 'Data' tab...
2026-03-13 13:01:36,122 INFO tools.amazon_playwright_extractor: Attempt 1/2: Waiting 12000ms for Product-Details wrapper...
2026-03-13 13:01:42,401 INFO tools.amazon_playwright_extractor: ? Product-Details wrapper appeared on attempt 1
2026-03-13 13:01:42,459 INFO tools.amazon_playwright_extractor: Parsing Keepa AG Grid for Product Details from: div#MoreTab1 div#grid-product-detail
2026-03-13 13:01:42,499 INFO tools.amazon_playwright_extractor: Primary attempt: Waiting 12 seconds for AG Grid rows to load...
2026-03-13 13:01:43,547 INFO tools.amazon_playwright_extractor: ? Primary attempt successful: 163 rows found
2026-03-13 13:01:43,566 INFO tools.amazon_playwright_extractor: Processing 163 rows in Keepa Product Details AG Grid.
2026-03-13 13:01:45,274 INFO tools.amazon_playwright_extractor: Found potential fee key 'FBA Pick&Pack Fee' with raw value: '£ 2.42' in Keepa AG Grid.
2026-03-13 13:01:45,395 INFO tools.amazon_playwright_extractor: Found potential fee key 'Referral Fee based on current Buy Box price' with raw value: '£ 1.95' in Keepa AG Grid.
2026-03-13 13:01:49,042 INFO tools.amazon_playwright_extractor: ? Successfully parsed 49 items from Keepa Product Details AG Grid.
2026-03-13 13:01:49,042 INFO tools.amazon_playwright_extractor: ASIN B004J3422G: Attempting to extract EANs from Keepa product_details_tab_data.
2026-03-13 13:01:49,042 INFO tools.amazon_playwright_extractor: ASIN B004J3422G: EAN '5010609099287' found in Keepa details via key 'Product Codes - EAN'.
2026-03-13 13:01:49,042 INFO tools.amazon_playwright_extractor: ASIN B004J3422G: BSR not found or invalid from page. Attempting fallback from Keepa.
2026-03-13 13:01:49,043 INFO tools.amazon_playwright_extractor: ASIN B004J3422G: BSR 139654 in 'DIY & Tools 4.7' from Keepa SalesRankDetailsTable.
2026-03-13 13:01:49,043 INFO tools.amazon_playwright_extractor: ✅ Recorded search method 'EAN' for ASIN B004J3422G
2026-03-13 13:01:49,043 INFO tools.amazon_playwright_extractor: Successfully extracted data for ASIN B004J3422G (EAN on page: 5010609099287)
2026-03-13 13:01:49,047 INFO windows_save_guardian: ? ATOMIC SAVE: amazon_B004J3422G_5010609099287.json (31 entries) saved successfully
2026-03-13 13:01:49,057 INFO windows_save_guardian: ? ATOMIC SAVE: amazon_B004J3422G_5010609099287.json (31 entries) saved successfully
2026-03-13 13:01:49,061 INFO windows_save_guardian: ? ATOMIC SAVE: linking_map.json (3 entries) saved successfully
2026-03-13 13:01:49,062 INFO __main__: Linking map periodic flush: 3 entries
2026-03-13 13:01:49,067 INFO windows_save_guardian: ? ATOMIC SAVE: efghousewares_co_uk__sandbox__0d17e4e6_processing_state.json (27 entries) saved successfully
2026-03-13 13:01:49,067 INFO utils.fixed_enhanced_state_manager:  ATOMIC SAVE
2026-03-13 13:01:49,068 INFO tools.amazon_playwright_extractor: Searching Amazon by EAN: 5011802252691 for supplier product: 'YALE ESSENTIALS 5L DEADLOCK P/BRASS 64MM' (FixedAmazonExtractor)
2026-03-13 13:01:49,068 INFO tools.amazon_playwright_extractor: Navigating to Amazon UK to search for EAN: 5011802252691
2026-03-13 13:01:53,565 INFO tools.amazon_playwright_extractor: Waiting for search results page to load for EAN 5011802252691...
2026-03-13 13:01:53,797 INFO tools.amazon_playwright_extractor: Found search results container with selector: div.s-search-results
2026-03-13 13:01:54,442 INFO tools.amazon_playwright_extractor: Found 5 search result elements using selector: div[data-component-type='s-search-result']
2026-03-13 13:01:54,442 INFO tools.amazon_playwright_extractor: Processing 5 search result elements for EAN 5011802252691
2026-03-13 13:01:54,585 INFO tools.amazon_playwright_extractor: Found organic result: ASIN B01MRTOIZ9 - Yale YES-5LDL-PB-64 Essentials 5 Lever Deadlock, Polished Br...
2026-03-13 13:01:54,663 INFO tools.amazon_playwright_extractor: 📊 SPONSORED FILTERING RESULTS: 1 organic products, 4 sponsored products filtered out
2026-03-13 13:01:54,663 INFO tools.amazon_playwright_extractor: ✅ EAN SEARCH: Selected first organic result - ASIN B01MRTOIZ9
2026-03-13 13:01:54,663 INFO tools.amazon_playwright_extractor:    Trusting Amazon's search relevance for EAN 5011802252691
2026-03-13 13:01:54,663 INFO tools.amazon_playwright_extractor:    EAN will be extracted by Keepa during full product data extraction
2026-03-13 13:01:54,663 INFO tools.amazon_playwright_extractor: Single ASIN B01MRTOIZ9 found for EAN 5011802252691.
2026-03-13 13:01:54,663 INFO tools.amazon_playwright_extractor: Proceeding with ASIN: B01MRTOIZ9 for EAN: 5011802252691
2026-03-13 13:01:54,664 WARNING tools.amazon_playwright_extractor: No page object provided to extract_data for ASIN B01MRTOIZ9. Getting a new one from BrowserManager.
2026-03-13 13:01:54,664 INFO tools.amazon_playwright_extractor: Reusing existing page: https://www.amazon.co.uk/s?k=5011802252691&ref=nb_sb_noss
2026-03-13 13:01:57,200 INFO tools.amazon_playwright_extractor: Checking for cookie consent pop-up...
2026-03-13 13:01:57,442 INFO tools.amazon_playwright_extractor: Finished checking for cookie consent pop-ups. If one was present and not handled, it might interfere.
2026-03-13 13:01:58,452 INFO tools.amazon_playwright_extractor: Checking for CAPTCHA...
2026-03-13 13:02:01,468 INFO tools.amazon_playwright_extractor: No CAPTCHA page detected by form selector.
2026-03-13 13:02:01,468 INFO tools.amazon_playwright_extractor: Checking for cookie consent pop-up...
2026-03-13 13:02:01,522 INFO tools.amazon_playwright_extractor: Finished checking for cookie consent pop-ups. If one was present and not handled, it might interfere.
2026-03-13 13:02:01,522 INFO tools.amazon_playwright_extractor: Page should be ready. Waiting 5s for stabilization...
2026-03-13 13:02:06,537 INFO tools.amazon_playwright_extractor: Waiting an additional 7s for extensions (Keepa, SellerAmp)...
2026-03-13 13:02:13,539 INFO tools.amazon_playwright_extractor: Extracting all product data for ASIN: B01MRTOIZ9
2026-03-13 13:02:13,539 INFO tools.amazon_playwright_extractor: Extracting basic product information (Title, Price, Images, Amazon Details)...
2026-03-13 13:02:13,605 INFO tools.amazon_playwright_extractor: Title found: 'Yale YES-5LDL-PB-64 Essentials 5 Lever Deadlock, Polished Brass, 64 mm' via #productTitle
2026-03-13 13:02:13,605 INFO tools.amazon_playwright_extractor: Extracting price details...
2026-03-13 13:02:13,630 INFO tools.amazon_playwright_extractor: Current price: 16.99 via #corePrice_feature_div .a-offscreen
2026-03-13 13:02:13,726 INFO tools.amazon_playwright_extractor: Original price: 25.99 via span.a-price.a-text-price[data-a-strike='true'] span.a-offscreen
2026-03-13 13:02:13,776 INFO tools.amazon_playwright_extractor: Extracting image URLs...
2026-03-13 13:02:13,809 INFO tools.amazon_playwright_extractor: Main image: https://m.media-amazon.com/images/I/41aEu1bvSqL._AC_SL1000_.jpg via #landingImage
2026-03-13 13:02:13,904 INFO tools.amazon_playwright_extractor: Found 6 thumbnails.
2026-03-13 13:02:13,909 INFO tools.amazon_playwright_extractor: Extracting Amazon product details section...
2026-03-13 13:02:14,019 INFO tools.amazon_playwright_extractor: Extracting sales rank information...
2026-03-13 13:02:14,245 INFO tools.amazon_playwright_extractor: Extracting ratings and reviews...
2026-03-13 13:02:14,264 INFO tools.amazon_playwright_extractor: Rating: 3.6 via #acrPopover[title*='out of 5 stars']
2026-03-13 13:02:14,282 INFO tools.amazon_playwright_extractor: Review count: 18 via #acrCustomerReviewText
2026-03-13 13:02:14,282 INFO tools.amazon_playwright_extractor: Extracting stock information...
2026-03-13 13:02:14,312 INFO tools.amazon_playwright_extractor: Availability text: 'Only 3 left in stock.' via #availability span.a-color-price
2026-03-13 13:02:14,312 INFO tools.amazon_playwright_extractor: Extracting features/bullets...
2026-03-13 13:02:14,470 INFO tools.amazon_playwright_extractor: Found 3 features.
2026-03-13 13:02:14,470 INFO tools.amazon_playwright_extractor: Extracting product description...
2026-03-13 13:02:14,507 INFO tools.amazon_playwright_extractor: Description found using selector: #aplus_feature_div
2026-03-13 13:02:14,507 INFO tools.amazon_playwright_extractor: Extracting product specifications table...
2026-03-13 13:02:15,178 INFO tools.amazon_playwright_extractor: Specifications table parsed using selector: table.a-keyvalue.prodDetTable
2026-03-13 13:02:15,178 INFO tools.amazon_playwright_extractor: Extracting SellerAmp data (if present)...
2026-03-13 13:02:15,178 INFO tools.amazon_playwright_extractor: SellerAmp data extraction is currently disabled as per requirements (Fix 2.3).
2026-03-13 13:02:15,178 INFO tools.amazon_playwright_extractor: Extracting Keepa data (if present)...
2026-03-13 13:02:15,178 INFO tools.amazon_playwright_extractor: Attempting to extract Keepa data...
2026-03-13 13:02:21,250 INFO tools.amazon_playwright_extractor: Keepa iframe found: iframe[id*='keepa']
2026-03-13 13:02:21,346 INFO tools.amazon_playwright_extractor: Keepa Sales Rank Details Table parsed.
2026-03-13 13:02:21,346 INFO tools.amazon_playwright_extractor: Keepa Graph AI Analysis is currently disabled as per requirements (Fix 2.4).
2026-03-13 13:02:21,376 INFO tools.amazon_playwright_extractor: Keepa Data tab found. Currently active: False
2026-03-13 13:02:21,376 INFO tools.amazon_playwright_extractor: Clicking Keepa 'Data' tab...
2026-03-13 13:02:23,619 INFO tools.amazon_playwright_extractor: Attempt 1/2: Waiting 12000ms for Product-Details wrapper...
2026-03-13 13:02:23,641 INFO tools.amazon_playwright_extractor: ? Product-Details wrapper appeared on attempt 1
2026-03-13 13:02:23,680 INFO tools.amazon_playwright_extractor: Parsing Keepa AG Grid for Product Details from: div#MoreTab1 div#grid-product-detail
2026-03-13 13:02:23,715 INFO tools.amazon_playwright_extractor: Primary attempt: Waiting 12 seconds for AG Grid rows to load...
2026-03-13 13:02:24,757 INFO tools.amazon_playwright_extractor: ? Primary attempt successful: 151 rows found
2026-03-13 13:02:24,771 INFO tools.amazon_playwright_extractor: Processing 151 rows in Keepa Product Details AG Grid.
2026-03-13 13:02:26,041 INFO tools.amazon_playwright_extractor: Found potential fee key 'FBA Pick&Pack Fee' with raw value: '£ 2.42' in Keepa AG Grid.
2026-03-13 13:02:26,157 INFO tools.amazon_playwright_extractor: Found potential fee key 'Referral Fee based on current Buy Box price' with raw value: '£ 2.21' in Keepa AG Grid.
2026-03-13 13:02:29,531 INFO tools.amazon_playwright_extractor: ? Successfully parsed 45 items from Keepa Product Details AG Grid.
2026-03-13 13:02:29,532 INFO tools.amazon_playwright_extractor: ASIN B01MRTOIZ9: Attempting to extract EANs from Keepa product_details_tab_data.
2026-03-13 13:02:29,532 INFO tools.amazon_playwright_extractor: ASIN B01MRTOIZ9: EAN '5011802252691' found in Keepa details via key 'Product Codes - EAN'.
2026-03-13 13:02:29,532 INFO tools.amazon_playwright_extractor: ASIN B01MRTOIZ9: BSR not found or invalid from page. Attempting fallback from Keepa.
2026-03-13 13:02:29,532 INFO tools.amazon_playwright_extractor: ASIN B01MRTOIZ9: BSR 610001 in 'DIY & Tools 0.7' from Keepa SalesRankDetailsTable.
2026-03-13 13:02:29,532 INFO tools.amazon_playwright_extractor: ✅ Recorded search method 'EAN' for ASIN B01MRTOIZ9
2026-03-13 13:02:29,532 INFO tools.amazon_playwright_extractor: Successfully extracted data for ASIN B01MRTOIZ9 (EAN on page: 5011802252691)
2026-03-13 13:02:29,538 INFO windows_save_guardian: ? ATOMIC SAVE: amazon_B01MRTOIZ9_5011802252691.json (29 entries) saved successfully
2026-03-13 13:02:29,544 INFO windows_save_guardian: ? ATOMIC SAVE: amazon_B01MRTOIZ9_5011802252691.json (29 entries) saved successfully
2026-03-13 13:02:29,549 INFO windows_save_guardian: ? ATOMIC SAVE: linking_map.json (4 entries) saved successfully
2026-03-13 13:02:29,551 INFO __main__: Linking map periodic flush: 4 entries
2026-03-13 13:02:29,560 INFO windows_save_guardian: ? ATOMIC SAVE: efghousewares_co_uk__sandbox__0d17e4e6_processing_state.json (27 entries) saved successfully
2026-03-13 13:02:29,561 INFO utils.fixed_enhanced_state_manager:  ATOMIC SAVE
2026-03-13 13:02:29,561 INFO tools.amazon_playwright_extractor: Searching Amazon by EAN: 5010608055260 for supplier product: 'YALE 5 LEVER DEADLOCK 3' (FixedAmazonExtractor)
2026-03-13 13:02:29,561 INFO tools.amazon_playwright_extractor: Navigating to Amazon UK to search for EAN: 5010608055260
2026-03-13 13:02:34,112 INFO tools.amazon_playwright_extractor: Waiting for search results page to load for EAN 5010608055260...
2026-03-13 13:02:34,298 INFO tools.amazon_playwright_extractor: Found search results container with selector: div.s-search-results
2026-03-13 13:02:34,959 INFO tools.amazon_playwright_extractor: Found 13 search result elements using selector: div[data-component-type='s-search-result']
2026-03-13 13:02:34,959 INFO tools.amazon_playwright_extractor: Processing 13 search result elements for EAN 5010608055260
2026-03-13 13:02:35,132 INFO tools.amazon_playwright_extractor: Found organic result: ASIN B004J3421C - Yale P-M552-PB-78 5 Lever Mortice Deadlock, Visi Pack, Suita...
2026-03-13 13:02:35,428 INFO tools.amazon_playwright_extractor: 📊 SPONSORED FILTERING RESULTS: 1 organic products, 12 sponsored products filtered out
2026-03-13 13:02:35,428 INFO tools.amazon_playwright_extractor: ✅ EAN SEARCH: Selected first organic result - ASIN B004J3421C
2026-03-13 13:02:35,429 INFO tools.amazon_playwright_extractor:    Trusting Amazon's search relevance for EAN 5010608055260
2026-03-13 13:02:35,429 INFO tools.amazon_playwright_extractor:    EAN will be extracted by Keepa during full product data extraction
2026-03-13 13:02:35,429 INFO tools.amazon_playwright_extractor: Single ASIN B004J3421C found for EAN 5010608055260.
2026-03-13 13:02:35,429 INFO tools.amazon_playwright_extractor: Proceeding with ASIN: B004J3421C for EAN: 5010608055260
2026-03-13 13:02:35,429 WARNING tools.amazon_playwright_extractor: No page object provided to extract_data for ASIN B004J3421C. Getting a new one from BrowserManager.
2026-03-13 13:02:35,429 INFO tools.amazon_playwright_extractor: Reusing existing page: https://www.amazon.co.uk/s?k=5010608055260&ref=nb_sb_noss
2026-03-13 13:02:37,889 INFO tools.amazon_playwright_extractor: Checking for cookie consent pop-up...
2026-03-13 13:02:38,506 INFO tools.amazon_playwright_extractor: Finished checking for cookie consent pop-ups. If one was present and not handled, it might interfere.
