2025-12-03 14:02:54,635 - utils.logger - INFO - 🔧 Logging initialised – log file: C:\Users\chris\Desktop\Amazon-FBA-Agent-System-v32 - latest good - Copy (8) - Copy - Copy - POSTLONGRUNPREKIRO2 beforecompletion-\logs\debug\run_custom_poundwholesale_20251203_140254.log
2025-12-03 14:02:54,635 - __main__ - INFO - 📋 Debug log file: C:\Users\chris\Desktop\Amazon-FBA-Agent-System-v32 - latest good - Copy (8) - Copy - Copy - POSTLONGRUNPREKIRO2 beforecompletion-\logs\debug\run_custom_poundwholesale_20251203_140254.log
2025-12-03 14:02:54,635 - __main__ - DEBUG - Debug logging initialized - full system execution details will be captured
2025-12-03 14:02:54,636 - utils.browser_circuit_breaker - INFO - BrowserCircuitBreaker initialized: threshold=3, timeout=300s
2025-12-03 14:02:54,636 - utils.browser_manager - INFO - ?? BrowserManager singleton initialized with health management
2025-12-03 14:02:55,035 - utils.browser_manager - INFO - ?? Connecting to existing Chrome debug instance on port 9222
2025-12-03 14:02:55,035 - utils.browser_manager - INFO - ?? Per troubleshooting docs: Using existing Chrome debug only
2025-12-03 14:02:55,039 - utils.browser_manager - INFO - ? Chrome debug accessible on IPv6: Chrome/142.0.7444.177
2025-12-03 14:02:55,039 - utils.browser_manager - INFO - ?? Connecting to existing Chrome debug instance...
2025-12-03 14:02:55,040 - utils.browser_manager - DEBUG - ?? Using IPv6 endpoint for CDP connection
2025-12-03 14:02:55,040 - utils.browser_manager - INFO - ?? Using endpoint: http://[::1]:9222
2025-12-03 14:02:55,091 - utils.browser_manager - INFO - ? Successfully connected to existing Chrome debug instance
2025-12-03 14:02:55,091 - utils.browser_manager - INFO - ?? Using existing context with 1 pages
2025-12-03 14:02:55,091 - utils.browser_manager - INFO - ?? Connected to existing Chrome: 142.0.7444.177
2025-12-03 14:02:55,092 - utils.browser_manager - DEBUG - ? Browser connection healthy - version: healthy
2025-12-03 14:02:55,092 - utils.browser_manager - INFO - ?? Reusing existing page in persistent context.
2025-12-03 14:02:55,092 - __main__ - INFO - 🔐 Initializing Dkwholesale authentication helper...
2025-12-03 14:02:55,093 - __main__ - INFO - ✅ Using credentials for dkwholesale.com
2025-12-03 14:02:55,093 - __main__ - INFO - 🌐 Connecting to existing Chrome debug port 9222...
2025-12-03 14:02:56,548 - tools.dkwholesale_com.supplier_authentication_service - INFO - ❌ User is not authenticated
2025-12-03 14:02:56,548 - __main__ - INFO - 🔐 Not authenticated, initiating login...
2025-12-03 14:02:56,548 - tools.dkwholesale_com.supplier_authentication_service - INFO - Navigating to https://dkwholesale.com for login...
2025-12-03 14:02:57,348 - tools.dkwholesale_com.supplier_authentication_service - ERROR - ⚠️ Login method not implemented - please customize auth helper
2025-12-03 14:02:57,348 - tools.dkwholesale_com.supplier_authentication_service - ERROR -    Edit: tools/dkwholesale-com/supplier_authentication_service.py
2025-12-03 14:02:57,348 - tools.dkwholesale_com.supplier_authentication_service - ERROR -    1. Implement login form selector logic
2025-12-03 14:02:57,349 - tools.dkwholesale_com.supplier_authentication_service - ERROR -    2. Implement authentication verification
2025-12-03 14:02:57,349 - tools.dkwholesale_com.supplier_authentication_service - ERROR -    3. Test login flow manually before running workflow
2025-12-03 14:02:57,349 - __main__ - ERROR - ❌ Authentication failed. Exiting workflow.
2025-12-03 14:02:57,349 - __main__ - INFO - 🌐 Keeping browser persistent for next run - not calling close()
2025-12-03 14:02:57,352 - utils.browser_manager - WARNING - Error during global cleanup: no running event loop
