2025-11-11 13:06:46,633 - utils.logger - INFO - 🔧 Logging initialised – log file: C:\Users\chris\Desktop\Amazon-FBA-Agent-System-v32 - latest good - Copy (8) - Copy - Copy - POSTLONGRUNPREKIRO2 beforecompletion-\logs\debug\run_custom_poundwholesale_20251111_130646.log
2025-11-11 13:06:46,634 - __main__ - INFO - 📋 Debug log file: C:\Users\chris\Desktop\Amazon-FBA-Agent-System-v32 - latest good - Copy (8) - Copy - Copy - POSTLONGRUNPREKIRO2 beforecompletion-\logs\debug\run_custom_poundwholesale_20251111_130646.log
2025-11-11 13:06:46,634 - __main__ - DEBUG - Debug logging initialized - full system execution details will be captured
2025-11-11 13:06:46,634 - utils.browser_circuit_breaker - INFO - BrowserCircuitBreaker initialized: threshold=3, timeout=300s
2025-11-11 13:06:46,636 - utils.browser_manager - INFO - ?? BrowserManager singleton initialized with health management
2025-11-11 13:06:46,960 - utils.browser_manager - INFO - ?? Connecting to existing Chrome debug instance on port 9222
2025-11-11 13:06:46,960 - utils.browser_manager - INFO - ?? Per troubleshooting docs: Using existing Chrome debug only
2025-11-11 13:06:46,962 - utils.browser_manager - INFO - ? Chrome debug accessible on IPv6: Chrome/142.0.7444.134
2025-11-11 13:06:46,962 - utils.browser_manager - INFO - ?? Connecting to existing Chrome debug instance...
2025-11-11 13:06:46,963 - utils.browser_manager - DEBUG - ?? Using IPv6 endpoint for CDP connection
2025-11-11 13:06:46,964 - utils.browser_manager - INFO - ?? Using endpoint: http://[::1]:9222
2025-11-11 13:06:47,098 - utils.browser_manager - INFO - ? Successfully connected to existing Chrome debug instance
2025-11-11 13:06:47,099 - utils.browser_manager - INFO - ?? Using existing context with 3 pages
2025-11-11 13:06:47,099 - utils.browser_manager - INFO - ?? Connected to existing Chrome: 142.0.7444.134
2025-11-11 13:06:47,099 - utils.browser_manager - DEBUG - ? Browser connection healthy - version: healthy
2025-11-11 13:06:47,099 - utils.browser_manager - INFO - ?? Reusing existing page in persistent context.
2025-11-11 13:06:47,099 - __main__ - INFO - ℹ️ No authentication required for angelwholesale.co.uk
2025-11-11 13:06:47,099 - __main__ - ERROR - ❌ Workflow failed: PassiveExtractionWorkflow.__init__() got an unexpected keyword argument 'workflow_key'
Traceback (most recent call last):
  File "C:\Users\chris\Desktop\Amazon-FBA-Agent-System-v32 - latest good - Copy (8) - Copy - Copy - POSTLONGRUNPREKIRO2 beforecompletion-\run_custom_angelwholesale-co-uk.py", line 85, in main
    workflow = PassiveExtractionWorkflow(
        config_loader=config_loader,
    ...<2 lines>...
        browser_manager=browser_manager
    )
TypeError: PassiveExtractionWorkflow.__init__() got an unexpected keyword argument 'workflow_key'
2025-11-11 13:06:47,103 - utils.browser_manager - WARNING - Error during global cleanup: no running event loop
