2026-02-08 08:35:21,607 - utils.logger - INFO - 🔧 Logging initialised – log file: C:\Users\chris\Desktop\Amazon-FBA-Agent-System-v32 - latest good - Copy (8) - Copy - Copy - POSTLONGRUNPREKIRO2 beforecompletion-\logs\debug\run_custom_efghousewares-co-uk_20260208_083521.log
2026-02-08 08:35:21,608 - __main__ - INFO - 📄 Debug log file: C:\Users\chris\Desktop\Amazon-FBA-Agent-System-v32 - latest good - Copy (8) - Copy - Copy - POSTLONGRUNPREKIRO2 beforecompletion-\logs\debug\run_custom_efghousewares-co-uk_20260208_083521.log
2026-02-08 08:35:21,608 - utils.browser_circuit_breaker - INFO - BrowserCircuitBreaker initialized: threshold=3, timeout=300s
2026-02-08 08:35:21,612 - utils.browser_manager - INFO - ?? BrowserManager singleton initialized with health management
2026-02-08 08:35:22,172 - utils.browser_manager - INFO - ?? Connecting to existing Chrome debug instance on port 9222
2026-02-08 08:35:22,172 - utils.browser_manager - INFO - ?? Per troubleshooting docs: Using existing Chrome debug only
2026-02-08 08:35:24,214 - utils.browser_manager - DEBUG - ?? IPv6 connection failed: Cannot connect to host ::1:9222 ssl:default [The remote computer refused the network connection]
2026-02-08 08:35:24,219 - utils.browser_manager - INFO - ? Chrome debug accessible on IPv4: Chrome/144.0.7559.133
2026-02-08 08:35:24,219 - utils.browser_manager - INFO - ?? Connecting to existing Chrome debug instance...
2026-02-08 08:35:26,258 - utils.browser_manager - DEBUG - ?? Using IPv4 endpoint for CDP connection
2026-02-08 08:35:26,259 - utils.browser_manager - INFO - ?? Using endpoint: http://localhost:9222
2026-02-08 08:35:26,371 - utils.browser_manager - INFO - ? Successfully connected to existing Chrome debug instance
2026-02-08 08:35:26,371 - utils.browser_manager - INFO - ?? Using existing context with 3 pages
2026-02-08 08:35:26,371 - utils.browser_manager - INFO - ?? Connected to existing Chrome: 144.0.7559.133
2026-02-08 08:35:26,371 - utils.browser_manager - DEBUG - ? Browser connection healthy - version: healthy
2026-02-08 08:35:26,371 - utils.browser_manager - INFO - ?? Reusing existing page in persistent context.
2026-02-08 08:35:26,371 - __main__ - INFO - 🔐 Checking supplier authentication status...
2026-02-08 08:35:29,065 - tools.efghousewares.supplier_authentication_service - INFO - ❌ User is not authenticated (redirected to login)
2026-02-08 08:35:29,065 - __main__ - ERROR - ❌ Credentials for efghousewares.co.uk__sandbox__37512d04 not found in config; cannot login.
2026-02-08 08:35:29,065 - __main__ - INFO - 🧠 Keeping browser persistent for next run - not calling cleanup()
2026-02-08 08:35:29,067 - utils.browser_manager - WARNING - Error during global cleanup: no running event loop
