2025-08-29 10:23:23,005 - utils.logger - INFO - 🔧 Logging initialised – log file: C:\Users\chris\Desktop\Amazon-FBA-Agent-System-v32 - latest good - Copy (8) - Copy - Copy - POSTLONGRUNPREKIRO2 beforecompletion-\logs\debug\run_custom_poundwholesale_20250829_102323.log
2025-08-29 10:23:23,006 - __main__ - INFO - 📋 Debug log file: C:\Users\chris\Desktop\Amazon-FBA-Agent-System-v32 - latest good - Copy (8) - Copy - Copy - POSTLONGRUNPREKIRO2 beforecompletion-\logs\debug\run_custom_poundwholesale_20250829_102323.log
2025-08-29 10:23:23,006 - __main__ - DEBUG - Debug logging initialized - full system execution details will be captured
2025-08-29 10:23:23,007 - utils.browser_circuit_breaker - INFO - BrowserCircuitBreaker initialized: threshold=3, timeout=300s
2025-08-29 10:23:23,007 - utils.browser_manager - INFO - 🔧 BrowserManager singleton initialized with health management
2025-08-29 10:23:29,367 - utils.browser_manager - WARNING - ⚠️ Could not detect Chrome protocol version: 
2025-08-29 10:23:29,368 - utils.browser_manager - INFO - 🔍 Detected Chrome: Unknown Chrome, Protocol: Unknown
2025-08-29 10:23:29,368 - utils.browser_manager - INFO - 🔌 Connecting to persistent Chrome on debug port 9222 (attempt 1/3)
2025-08-29 10:23:37,399 - utils.browser_manager - WARNING - ⚠️ CDP connection attempt 1 failed: BrowserType.connect_over_cdp: socket hang up
Call log:
  - <ws preparing> retrieving websocket url from http://localhost:9222

2025-08-29 10:23:37,399 - utils.browser_manager - WARNING - 🔍 Detected WebSocket/Protocol compatibility issue
2025-08-29 10:23:37,400 - utils.browser_manager - WARNING - 💡 Chrome Unknown Chrome Protocol Unknown vs Playwright 1.54.0
2025-08-29 10:23:37,400 - utils.browser_manager - INFO - 🔄 Retrying in 2 seconds with enhanced protocol handling...
2025-08-29 10:23:39,410 - utils.browser_manager - INFO - 🔌 Connecting to persistent Chrome on debug port 9222 (attempt 2/3)
2025-08-29 10:23:52,016 - utils.browser_manager - WARNING - ⚠️ CDP connection attempt 2 failed: BrowserType.connect_over_cdp: socket hang up
Call log:
  - <ws preparing> retrieving websocket url from http://localhost:9222

2025-08-29 10:23:52,016 - utils.browser_manager - WARNING - 🔍 Detected WebSocket/Protocol compatibility issue
2025-08-29 10:23:52,016 - utils.browser_manager - WARNING - 💡 Chrome Unknown Chrome Protocol Unknown vs Playwright 1.54.0
2025-08-29 10:23:52,017 - utils.browser_manager - INFO - 🔄 Retrying in 4 seconds with enhanced protocol handling...
2025-08-29 10:23:56,018 - utils.browser_manager - INFO - 🔌 Connecting to persistent Chrome on debug port 9222 (attempt 3/3)
2025-08-29 10:23:59,474 - utils.browser_manager - WARNING - ⚠️ CDP connection attempt 3 failed: BrowserType.connect_over_cdp: socket hang up
Call log:
  - <ws preparing> retrieving websocket url from http://localhost:9222

2025-08-29 10:23:59,475 - utils.browser_manager - WARNING - 🔍 Detected WebSocket/Protocol compatibility issue
2025-08-29 10:23:59,475 - utils.browser_manager - WARNING - 💡 Chrome Unknown Chrome Protocol Unknown vs Playwright 1.54.0
2025-08-29 10:23:59,475 - utils.browser_manager - ERROR - ❌ All CDP connection attempts failed
2025-08-29 10:23:59,475 - utils.browser_manager - ERROR - 🚨 Chrome Debug Port 9222 connection failed
2025-08-29 10:23:59,475 - utils.browser_manager - ERROR - 📋 TROUBLESHOOTING STEPS:
2025-08-29 10:23:59,476 - utils.browser_manager - ERROR -    1. Chrome Status: Unknown Chrome
2025-08-29 10:23:59,476 - utils.browser_manager - ERROR -    2. Protocol Version: Unknown
2025-08-29 10:23:59,476 - utils.browser_manager - ERROR -    3. WebSocket URL: ws://localhost:9222/devtools/browser
2025-08-29 10:23:59,477 - utils.browser_manager - ERROR -    4. Playwright Version: 1.54.0 (installed) vs 1.40.0 (required)
2025-08-29 10:23:59,477 - utils.browser_manager - ERROR -    5. Ensure Chrome launched with: --remote-debugging-port=9222 --user-data-dir=C:\ChromeDebugProfile
2025-08-29 10:23:59,477 - utils.browser_manager - ERROR -    6. Version Compatibility: Chrome 139.x Protocol 1.3 requires enhanced handling
2025-08-29 10:23:59,490 - __main__ - CRITICAL - 💥 A critical error occurred in the main workflow: Failed to connect to Chrome debug port 9222. Chrome version compatibility issue detected.
Traceback (most recent call last):
  File "C:\Users\chris\Desktop\Amazon-FBA-Agent-System-v32 - latest good - Copy (8) - Copy - Copy - POSTLONGRUNPREKIRO2 beforecompletion-\utils\browser_manager.py", line 100, in launch_browser
    self.browser = await self.playwright.chromium.connect_over_cdp(
                   ^^^^^^^^^^^^^^^^^^^^^^^^^^^^^^^^^^^^^^^^^^^^^^^^
    ...<3 lines>...
    )
    ^
  File "C:\Users\chris\AppData\Roaming\Python\Python313\site-packages\playwright\async_api\_generated.py", line 14849, in connect_over_cdp
    await self._impl_obj.connect_over_cdp(
    ...<4 lines>...
    )
  File "C:\Users\chris\AppData\Roaming\Python\Python313\site-packages\playwright\_impl\_browser_type.py", line 207, in connect_over_cdp
    response = await self._channel.send_return_as_dict(
               ^^^^^^^^^^^^^^^^^^^^^^^^^^^^^^^^^^^^^^^^
        "connectOverCDP", TimeoutSettings.launch_timeout, params
        ^^^^^^^^^^^^^^^^^^^^^^^^^^^^^^^^^^^^^^^^^^^^^^^^^^^^^^^^
    )
    ^
  File "C:\Users\chris\AppData\Roaming\Python\Python313\site-packages\playwright\_impl\_connection.py", line 83, in send_return_as_dict
    return await self._connection.wrap_api_call(
           ^^^^^^^^^^^^^^^^^^^^^^^^^^^^^^^^^^^^^
    ...<3 lines>...
    )
    ^
  File "C:\Users\chris\AppData\Roaming\Python\Python313\site-packages\playwright\_impl\_connection.py", line 558, in wrap_api_call
    raise rewrite_error(error, f"{parsed_st['apiName']}: {error}") from None
playwright._impl._errors.Error: BrowserType.connect_over_cdp: socket hang up
Call log:
  - <ws preparing> retrieving websocket url from http://localhost:9222


During handling of the above exception, another exception occurred:

Traceback (most recent call last):
  File "C:\Users\chris\Desktop\Amazon-FBA-Agent-System-v32 - latest good - Copy (8) - Copy - Copy - POSTLONGRUNPREKIRO2 beforecompletion-\run_custom_poundwholesale.py", line 60, in main
    await browser_manager.launch_browser(cdp_port=chrome_debug_port)
  File "C:\Users\chris\Desktop\Amazon-FBA-Agent-System-v32 - latest good - Copy (8) - Copy - Copy - POSTLONGRUNPREKIRO2 beforecompletion-\utils\browser_manager.py", line 142, in launch_browser
    raise Exception(f"Failed to connect to Chrome debug port {cdp_port}. Chrome version compatibility issue detected.")
Exception: Failed to connect to Chrome debug port 9222. Chrome version compatibility issue detected.
2025-08-29 10:23:59,494 - __main__ - INFO - 🌐 Keeping browser persistent for next run - not closing browser
2025-08-29 10:23:59,504 - utils.browser_manager - WARNING - Error during global cleanup: no running event loop
