2025-09-26 12:04:13,573 - utils.logger - INFO - 🔧 Logging initialised – log file: C:\Users\chris\Desktop\Amazon-FBA-Agent-System-v32 - latest good - Copy (8) - Copy - Copy - POSTLONGRUNPREKIRO2 beforecompletion-\logs\debug\run_custom_poundwholesale_20250926_120413.log
2025-09-26 12:04:13,579 - utils.browser_circuit_breaker - INFO - BrowserCircuitBreaker initialized: threshold=3, timeout=300s
2025-09-26 12:04:13,579 - utils.browser_manager - INFO - ?? BrowserManager singleton initialized with health management
2025-09-26 12:04:13,580 - selective_asin_processor - INFO - Initializing Amazon extractor...
2025-09-26 12:04:13,580 - tools.amazon_playwright_extractor - WARNING - ?? BrowserCircuitBreaker not available - health management disabled
2025-09-26 12:04:13,581 - tools.amazon_playwright_extractor - INFO - AI features disabled in amazon_playwright_extractor - using only traditional selectors.
2025-09-26 12:04:13,581 - tools.amazon_playwright_extractor - INFO - Output directory set to: C:\Users\chris\Desktop\Amazon-FBA-Agent-System-v32 - latest good - Copy (8) - Copy - Copy - POSTLONGRUNPREKIRO2 beforecompletion-\OUTPUTS\CACHE\amazon_data
2025-09-26 12:04:13,581 - tools.amazon_playwright_extractor - INFO - ?? AmazonExtractor will use centralized BrowserManager
2025-09-26 12:04:13,581 - selective_asin_processor - INFO - Amazon extractor initialized successfully
2025-09-26 12:04:13,581 - selective_asin_processor - INFO - Starting selective processing of 1933 linking map entries
2025-09-26 12:04:13,581 - selective_asin_processor - INFO - [1] Processing: 5010792236995_B0DWDRZDZC
2025-09-26 12:04:13,581 - selective_asin_processor - INFO - [1] Extracting Amazon data for ASIN: B0DWDRZDZC
2025-09-26 12:04:15,401 - tools.amazon_playwright_extractor - INFO - ?? AmazonExtractor connecting via BrowserManager singleton
2025-09-26 12:04:15,776 - utils.browser_manager - INFO - ?? Connecting to existing Chrome debug instance on port 9222
2025-09-26 12:04:15,776 - utils.browser_manager - INFO - ?? Per troubleshooting docs: Using existing Chrome debug only
2025-09-26 12:04:15,901 - utils.browser_manager - INFO - ? Chrome debug accessible on IPv6: Chrome/140.0.7339.128
2025-09-26 12:04:15,902 - utils.browser_manager - INFO - ?? Connecting to existing Chrome debug instance...
2025-09-26 12:04:15,903 - utils.browser_manager - INFO - ?? Using endpoint: http://[::1]:9222
2025-09-26 12:04:16,278 - utils.browser_manager - INFO - ? Successfully connected to existing Chrome debug instance
2025-09-26 12:04:16,278 - utils.browser_manager - INFO - ?? Using existing context with 6 pages
2025-09-26 12:04:16,278 - utils.browser_manager - INFO - ?? Connected to existing Chrome: 140.0.7339.128
2025-09-26 12:04:16,278 - tools.amazon_playwright_extractor - INFO - ? AmazonExtractor connected via BrowserManager singleton
2025-09-26 12:04:16,278 - tools.amazon_playwright_extractor - WARNING - No page object provided to extract_data for ASIN B0DWDRZDZC. Getting a new one from BrowserManager.
2025-09-26 12:04:16,278 - tools.amazon_playwright_extractor - INFO - Reusing existing page: https://sas.selleramp.com/sas/lookup?src=&ver=&SasLookup%5Bsearch_term%5D=B07CL5KHVJ
2025-09-26 12:04:19,154 - tools.amazon_playwright_extractor - INFO - Checking for cookie consent pop-up...
2025-09-26 12:04:19,356 - tools.amazon_playwright_extractor - INFO - Finished checking for cookie consent pop-ups. If one was present and not handled, it might interfere.
2025-09-26 12:04:20,358 - tools.amazon_playwright_extractor - INFO - Checking for CAPTCHA...
2025-09-26 12:04:23,375 - tools.amazon_playwright_extractor - INFO - No CAPTCHA page detected by form selector.
2025-09-26 12:04:23,375 - tools.amazon_playwright_extractor - INFO - Checking for cookie consent pop-up...
2025-09-26 12:04:23,403 - tools.amazon_playwright_extractor - INFO - Finished checking for cookie consent pop-ups. If one was present and not handled, it might interfere.
2025-09-26 12:04:23,403 - tools.amazon_playwright_extractor - INFO - Page should be ready. Waiting 5s for stabilization...
2025-09-26 12:04:28,406 - tools.amazon_playwright_extractor - INFO - Waiting an additional 7s for extensions (Keepa, SellerAmp)...
2025-09-26 12:04:35,406 - tools.amazon_playwright_extractor - INFO - Extracting all product data for ASIN: B0DWDRZDZC
2025-09-26 12:04:35,406 - tools.amazon_playwright_extractor - INFO - Extracting basic product information (Title, Price, Images, Amazon Details)...
2025-09-26 12:04:35,439 - tools.amazon_playwright_extractor - INFO - Extracting price details...
2025-09-26 12:04:35,579 - tools.amazon_playwright_extractor - INFO - Extracting image URLs...
2025-09-26 12:04:35,613 - tools.amazon_playwright_extractor - INFO - Extracting Amazon product details section...
2025-09-26 12:04:35,678 - tools.amazon_playwright_extractor - INFO - Extracting sales rank information...
2025-09-26 12:04:35,757 - tools.amazon_playwright_extractor - INFO - Extracting ratings and reviews...
2025-09-26 12:04:35,812 - tools.amazon_playwright_extractor - INFO - Extracting stock information...
2025-09-26 12:04:35,861 - tools.amazon_playwright_extractor - INFO - Extracting features/bullets...
2025-09-26 12:04:35,869 - tools.amazon_playwright_extractor - INFO - Extracting product description...
2025-09-26 12:04:35,898 - tools.amazon_playwright_extractor - INFO - Extracting product specifications table...
2025-09-26 12:04:35,918 - tools.amazon_playwright_extractor - INFO - Extracting SellerAmp data (if present)...
2025-09-26 12:04:35,918 - tools.amazon_playwright_extractor - INFO - SellerAmp data extraction is currently disabled as per requirements (Fix 2.3).
2025-09-26 12:04:35,918 - tools.amazon_playwright_extractor - INFO - Extracting Keepa data (if present)...
2025-09-26 12:04:35,918 - tools.amazon_playwright_extractor - INFO - Attempting to extract Keepa data...
2025-09-26 12:04:47,937 - tools.amazon_playwright_extractor - WARNING - Responsive Keepa iframe not located after checking all selectors.
2025-09-26 12:04:47,937 - tools.amazon_playwright_extractor - INFO - ASIN B0DWDRZDZC: BSR not found or invalid from page. Attempting fallback from Keepa.
2025-09-26 12:04:47,937 - tools.amazon_playwright_extractor - WARNING - ASIN B0DWDRZDZC: Could not find BSR in any Keepa data source.
2025-09-26 12:04:47,938 - selective_asin_processor - ERROR - [1] ❌ Error: 5010792236995_B0DWDRZDZC - unsupported format string passed to NoneType.__format__
2025-09-26 12:04:47,938 - selective_asin_processor - INFO - [2] Processing: 5060082934117_B0D7VWC1XH
2025-09-26 12:04:47,938 - selective_asin_processor - INFO - [2] Extracting Amazon data for ASIN: B0D7VWC1XH
2025-09-26 12:04:48,744 - utils.browser_manager - INFO - ?? Browser memory usage: 7998.0MB > 2048MB threshold (monitoring only - restart disabled)
2025-09-26 12:04:50,777 - tools.amazon_playwright_extractor - WARNING - No page object provided to extract_data for ASIN B0D7VWC1XH. Getting a new one from BrowserManager.
2025-09-26 12:04:50,778 - tools.amazon_playwright_extractor - INFO - Reusing existing page: https://sas.selleramp.com/sas/lookup?src=&ver=&SasLookup%5Bsearch_term%5D=B07CL5KHVJ
2025-09-26 12:04:53,357 - tools.amazon_playwright_extractor - INFO - Checking for cookie consent pop-up...
2025-09-26 12:04:53,617 - tools.amazon_playwright_extractor - INFO - Finished checking for cookie consent pop-ups. If one was present and not handled, it might interfere.
2025-09-26 12:04:54,631 - tools.amazon_playwright_extractor - INFO - Checking for CAPTCHA...
2025-09-26 12:04:57,633 - tools.amazon_playwright_extractor - INFO - No CAPTCHA page detected by form selector.
2025-09-26 12:04:57,633 - tools.amazon_playwright_extractor - INFO - Checking for cookie consent pop-up...
2025-09-26 12:04:57,663 - tools.amazon_playwright_extractor - INFO - Finished checking for cookie consent pop-ups. If one was present and not handled, it might interfere.
2025-09-26 12:04:57,663 - tools.amazon_playwright_extractor - INFO - Page should be ready. Waiting 5s for stabilization...
2025-09-26 12:05:02,673 - tools.amazon_playwright_extractor - INFO - Waiting an additional 7s for extensions (Keepa, SellerAmp)...
2025-09-26 12:05:09,678 - tools.amazon_playwright_extractor - INFO - Extracting all product data for ASIN: B0D7VWC1XH
2025-09-26 12:05:09,678 - tools.amazon_playwright_extractor - INFO - Extracting basic product information (Title, Price, Images, Amazon Details)...
2025-09-26 12:05:09,703 - tools.amazon_playwright_extractor - INFO - Title found: 'iwiio Balloons 100 Pack - Assorted Rainbow for Birthday Party, Wedding, Baby Shower Decorations - Support Helium/Air, Colorful Kids' Party Supplies' via #productTitle
2025-09-26 12:05:09,703 - tools.amazon_playwright_extractor - INFO - Extracting price details...
2025-09-26 12:05:09,716 - tools.amazon_playwright_extractor - INFO - Current price: 6.99 via #corePrice_feature_div .a-offscreen
2025-09-26 12:05:09,743 - tools.amazon_playwright_extractor - INFO - Original price: 7.9 via span.a-price.a-text-price[data-a-strike='true'] span.a-offscreen
2025-09-26 12:05:09,767 - tools.amazon_playwright_extractor - INFO - Extracting image URLs...
2025-09-26 12:05:09,786 - tools.amazon_playwright_extractor - INFO - Main image: https://m.media-amazon.com/images/I/71wwbskvGpL._AC_SL1500_.jpg via #landingImage
2025-09-26 12:05:09,837 - tools.amazon_playwright_extractor - INFO - Found 7 thumbnails.
2025-09-26 12:05:09,839 - tools.amazon_playwright_extractor - INFO - Extracting Amazon product details section...
2025-09-26 12:05:09,927 - tools.amazon_playwright_extractor - INFO - Extracting sales rank information...
2025-09-26 12:05:10,018 - tools.amazon_playwright_extractor - INFO - Extracting ratings and reviews...
2025-09-26 12:05:10,028 - tools.amazon_playwright_extractor - INFO - Rating: 4.2 via #acrPopover[title*='out of 5 stars']
2025-09-26 12:05:10,037 - tools.amazon_playwright_extractor - INFO - Review count: 24 via #acrCustomerReviewText
2025-09-26 12:05:10,037 - tools.amazon_playwright_extractor - INFO - Extracting stock information...
2025-09-26 12:05:10,115 - tools.amazon_playwright_extractor - INFO - Extracting features/bullets...
2025-09-26 12:05:10,268 - tools.amazon_playwright_extractor - INFO - Found 5 features.
2025-09-26 12:05:10,268 - tools.amazon_playwright_extractor - INFO - Extracting product description...
2025-09-26 12:05:10,312 - tools.amazon_playwright_extractor - INFO - Extracting product specifications table...
2025-09-26 12:05:10,537 - tools.amazon_playwright_extractor - INFO - Specifications table parsed using selector: table.a-keyvalue.prodDetTable
2025-09-26 12:05:10,537 - tools.amazon_playwright_extractor - INFO - Extracting SellerAmp data (if present)...
2025-09-26 12:05:10,537 - tools.amazon_playwright_extractor - INFO - SellerAmp data extraction is currently disabled as per requirements (Fix 2.3).
2025-09-26 12:05:10,537 - tools.amazon_playwright_extractor - INFO - Extracting Keepa data (if present)...
2025-09-26 12:05:10,537 - tools.amazon_playwright_extractor - INFO - Attempting to extract Keepa data...
2025-09-26 12:05:16,597 - tools.amazon_playwright_extractor - INFO - Keepa iframe found: iframe[id*='keepa']
2025-09-26 12:05:16,679 - tools.amazon_playwright_extractor - INFO - Keepa Sales Rank Details Table parsed.
2025-09-26 12:05:16,679 - tools.amazon_playwright_extractor - INFO - Keepa Graph AI Analysis is currently disabled as per requirements (Fix 2.4).
2025-09-26 12:05:16,700 - tools.amazon_playwright_extractor - INFO - Keepa Data tab found. Currently active: False
2025-09-26 12:05:16,700 - tools.amazon_playwright_extractor - INFO - Clicking Keepa 'Data' tab...
2025-09-26 12:05:18,937 - tools.amazon_playwright_extractor - INFO - Attempt 1/2: Waiting 12000ms for Product-Details wrapper...
2025-09-26 12:05:18,947 - tools.amazon_playwright_extractor - INFO - ? Product-Details wrapper appeared on attempt 1
2025-09-26 12:05:18,978 - tools.amazon_playwright_extractor - INFO - Parsing Keepa AG Grid for Product Details from: div#MoreTab1 div#grid-product-detail
2025-09-26 12:05:18,997 - tools.amazon_playwright_extractor - INFO - Primary attempt: Waiting 12 seconds for AG Grid rows to load...
2025-09-26 12:05:20,021 - tools.amazon_playwright_extractor - INFO - ? Primary attempt successful: 142 rows found
2025-09-26 12:05:20,027 - tools.amazon_playwright_extractor - INFO - Processing 142 rows in Keepa Product Details AG Grid.
2025-09-26 12:05:22,307 - tools.amazon_playwright_extractor - WARNING - ? No data parsed from Keepa Product Details AG Grid via selectors.
2025-09-26 12:05:22,307 - tools.amazon_playwright_extractor - INFO - ASIN B0D7VWC1XH: BSR not found or invalid from page. Attempting fallback from Keepa.
2025-09-26 12:05:22,307 - tools.amazon_playwright_extractor - INFO - ASIN B0D7VWC1XH: BSR 46641 in 'Toys & Games 16' from Keepa SalesRankDetailsTable.
2025-09-26 12:05:22,308 - selective_asin_processor - INFO - [2] ✅ Success: 5060082934117_B0D7VWC1XH -> £6.99
2025-09-26 12:05:22,308 - selective_asin_processor - INFO - [3] Processing: NO_EAN_B0DVRVCSJH
2025-09-26 12:05:22,308 - selective_asin_processor - INFO - [3] Extracting Amazon data for ASIN: B0DVRVCSJH
2025-09-26 12:05:22,850 - utils.browser_manager - INFO - ?? Browser memory usage: 6530.0MB > 2048MB threshold (monitoring only - restart disabled)
2025-09-26 12:05:24,449 - tools.amazon_playwright_extractor - WARNING - No page object provided to extract_data for ASIN B0DVRVCSJH. Getting a new one from BrowserManager.
2025-09-26 12:05:24,449 - tools.amazon_playwright_extractor - INFO - Reusing existing page: https://www.amazon.co.uk/dp/B0D7VWC1XH
2025-09-26 12:05:27,208 - tools.amazon_playwright_extractor - INFO - Checking for cookie consent pop-up...
2025-09-26 12:05:27,374 - tools.amazon_playwright_extractor - INFO - Finished checking for cookie consent pop-ups. If one was present and not handled, it might interfere.
2025-09-26 12:05:28,376 - tools.amazon_playwright_extractor - INFO - Checking for CAPTCHA...
2025-09-26 12:05:31,386 - tools.amazon_playwright_extractor - INFO - No CAPTCHA page detected by form selector.
2025-09-26 12:05:31,386 - tools.amazon_playwright_extractor - INFO - Checking for cookie consent pop-up...
2025-09-26 12:05:31,418 - tools.amazon_playwright_extractor - INFO - Finished checking for cookie consent pop-ups. If one was present and not handled, it might interfere.
2025-09-26 12:05:31,418 - tools.amazon_playwright_extractor - INFO - Page should be ready. Waiting 5s for stabilization...
2025-09-26 12:05:36,438 - tools.amazon_playwright_extractor - INFO - Waiting an additional 7s for extensions (Keepa, SellerAmp)...
2025-09-26 12:05:43,460 - tools.amazon_playwright_extractor - INFO - Extracting all product data for ASIN: B0DVRVCSJH
2025-09-26 12:05:43,460 - tools.amazon_playwright_extractor - INFO - Extracting basic product information (Title, Price, Images, Amazon Details)...
2025-09-26 12:05:43,484 - tools.amazon_playwright_extractor - INFO - Title found: 'Neon Flashing Spiky Balls (6.5cm) – Pack of 18 Assorted Colours | LED Light-Up Stress Balls, Fun Sensory Toy, Kids Party Favors, Stress Relief' via #productTitle
2025-09-26 12:05:43,484 - tools.amazon_playwright_extractor - INFO - Extracting price details...
2025-09-26 12:05:43,496 - tools.amazon_playwright_extractor - INFO - Current price: 19.99 via #corePrice_feature_div .a-offscreen
2025-09-26 12:05:43,545 - tools.amazon_playwright_extractor - INFO - Extracting image URLs...
2025-09-26 12:05:43,557 - tools.amazon_playwright_extractor - INFO - Main image: https://m.media-amazon.com/images/I/61HNANQmuZL._AC_SL1080_.jpg via #landingImage
2025-09-26 12:05:43,594 - tools.amazon_playwright_extractor - INFO - Found 7 thumbnails.
2025-09-26 12:05:43,596 - tools.amazon_playwright_extractor - INFO - Extracting Amazon product details section...
2025-09-26 12:05:43,670 - tools.amazon_playwright_extractor - INFO - Extracting sales rank information...
2025-09-26 12:05:43,772 - tools.amazon_playwright_extractor - INFO - Extracting ratings and reviews...
2025-09-26 12:05:43,816 - tools.amazon_playwright_extractor - INFO - Rating: 4.4 via i[class*='a-icon-star'] span.a-icon-alt
2025-09-26 12:05:43,837 - tools.amazon_playwright_extractor - INFO - Extracting stock information...
2025-09-26 12:05:43,931 - tools.amazon_playwright_extractor - INFO - Extracting features/bullets...
2025-09-26 12:05:44,049 - tools.amazon_playwright_extractor - INFO - Found 5 features.
2025-09-26 12:05:44,049 - tools.amazon_playwright_extractor - INFO - Extracting product description...
2025-09-26 12:05:44,060 - tools.amazon_playwright_extractor - INFO - Description found using selector: #productDescription
2025-09-26 12:05:44,061 - tools.amazon_playwright_extractor - INFO - Extracting product specifications table...
2025-09-26 12:05:44,256 - tools.amazon_playwright_extractor - INFO - Specifications table parsed using selector: table.a-keyvalue.prodDetTable
2025-09-26 12:05:44,256 - tools.amazon_playwright_extractor - INFO - Extracting SellerAmp data (if present)...
2025-09-26 12:05:44,256 - tools.amazon_playwright_extractor - INFO - SellerAmp data extraction is currently disabled as per requirements (Fix 2.3).
2025-09-26 12:05:44,256 - tools.amazon_playwright_extractor - INFO - Extracting Keepa data (if present)...
2025-09-26 12:05:44,256 - tools.amazon_playwright_extractor - INFO - Attempting to extract Keepa data...
2025-09-26 12:05:50,308 - tools.amazon_playwright_extractor - INFO - Keepa iframe found: iframe[id*='keepa']
2025-09-26 12:05:50,357 - tools.amazon_playwright_extractor - INFO - Keepa Sales Rank Details Table parsed.
2025-09-26 12:05:50,357 - tools.amazon_playwright_extractor - INFO - Keepa Graph AI Analysis is currently disabled as per requirements (Fix 2.4).
2025-09-26 12:05:50,373 - tools.amazon_playwright_extractor - INFO - Keepa Data tab found. Currently active: False
2025-09-26 12:05:50,373 - tools.amazon_playwright_extractor - INFO - Clicking Keepa 'Data' tab...
2025-09-26 12:05:52,670 - tools.amazon_playwright_extractor - INFO - Attempt 1/2: Waiting 12000ms for Product-Details wrapper...
2025-09-26 12:05:55,060 - tools.amazon_playwright_extractor - INFO - ? Product-Details wrapper appeared on attempt 1
2025-09-26 12:05:55,068 - tools.amazon_playwright_extractor - WARNING - Product-Details tab visible, but inner grid still not ready – extending wait with retry logic.
2025-09-26 12:05:55,068 - tools.amazon_playwright_extractor - INFO - Grid attempt 1/3: Waiting 15000ms for grid container...
2025-09-26 12:05:55,163 - tools.amazon_playwright_extractor - INFO - ? Grid became visible after attempt 1 – continuing.
2025-09-26 12:05:55,181 - tools.amazon_playwright_extractor - INFO - Parsing Keepa AG Grid for Product Details from: div#MoreTab1 div#grid-product-detail
2025-09-26 12:05:55,203 - tools.amazon_playwright_extractor - INFO - Primary attempt: Waiting 12 seconds for AG Grid rows to load...
2025-09-26 12:05:56,237 - tools.amazon_playwright_extractor - INFO - ? Primary attempt successful: 115 rows found
2025-09-26 12:05:56,245 - tools.amazon_playwright_extractor - INFO - Processing 115 rows in Keepa Product Details AG Grid.
2025-09-26 12:05:58,260 - tools.amazon_playwright_extractor - INFO - ? Successfully parsed 33 items from Keepa Product Details AG Grid.
2025-09-26 12:05:58,260 - tools.amazon_playwright_extractor - INFO - ASIN B0DVRVCSJH: Attempting to extract EANs from Keepa product_details_tab_data.
2025-09-26 12:05:58,260 - tools.amazon_playwright_extractor - WARNING - ASIN B0DVRVCSJH: Could not find EAN in Keepa product_details_tab_data.
2025-09-26 12:05:58,260 - tools.amazon_playwright_extractor - INFO - ASIN B0DVRVCSJH: BSR not found or invalid from page. Attempting fallback from Keepa.
2025-09-26 12:05:58,260 - tools.amazon_playwright_extractor - INFO - ASIN B0DVRVCSJH: BSR 187511 in 'Toys & Games 3.3' from Keepa SalesRankDetailsTable.
2025-09-26 12:05:58,261 - selective_asin_processor - INFO - [3] ✅ Success: NO_EAN_B0DVRVCSJH -> £19.99
2025-09-26 12:05:58,261 - selective_asin_processor - INFO -     Price change: £16.37 -> £19.99 (+22.1%)
2025-09-26 12:05:58,261 - selective_asin_processor - INFO - [4] Processing: 5022822122307_B00P95S0XK
2025-09-26 12:05:58,261 - selective_asin_processor - INFO - [4] Extracting Amazon data for ASIN: B00P95S0XK
2025-09-26 12:05:58,815 - utils.browser_manager - INFO - ?? Browser memory usage: 6164.0MB > 2048MB threshold (monitoring only - restart disabled)
2025-09-26 12:06:00,435 - tools.amazon_playwright_extractor - WARNING - No page object provided to extract_data for ASIN B00P95S0XK. Getting a new one from BrowserManager.
2025-09-26 12:06:00,435 - tools.amazon_playwright_extractor - INFO - Reusing existing page: https://www.amazon.co.uk/dp/B0DVRVCSJH
2025-09-26 12:06:03,064 - tools.amazon_playwright_extractor - INFO - Checking for cookie consent pop-up...
2025-09-26 12:06:03,158 - tools.amazon_playwright_extractor - INFO - Finished checking for cookie consent pop-ups. If one was present and not handled, it might interfere.
2025-09-26 12:06:04,167 - tools.amazon_playwright_extractor - INFO - Checking for CAPTCHA...
2025-09-26 12:06:07,177 - tools.amazon_playwright_extractor - INFO - No CAPTCHA page detected by form selector.
2025-09-26 12:06:07,177 - tools.amazon_playwright_extractor - INFO - Checking for cookie consent pop-up...
2025-09-26 12:06:07,208 - tools.amazon_playwright_extractor - INFO - Finished checking for cookie consent pop-ups. If one was present and not handled, it might interfere.
2025-09-26 12:06:07,208 - tools.amazon_playwright_extractor - INFO - Page should be ready. Waiting 5s for stabilization...
