2025-09-17 16:56:53,303 - utils.logger - INFO - 🔧 Logging initialised – log file: C:\Users\chris\Desktop\Amazon-FBA-Agent-System-v32 - latest good - Copy (8) - Copy - Copy - POSTLONGRUNPREKIRO2 beforecompletion-\logs\debug\run_custom_poundwholesale_20250917_165653.log
2025-09-17 16:56:53,304 - __main__ - INFO - 📋 Debug log file: C:\Users\chris\Desktop\Amazon-FBA-Agent-System-v32 - latest good - Copy (8) - Copy - Copy - POSTLONGRUNPREKIRO2 beforecompletion-\logs\debug\run_custom_poundwholesale_20250917_165653.log
2025-09-17 16:56:53,304 - __main__ - DEBUG - Debug logging initialized - full system execution details will be captured
2025-09-17 16:56:53,305 - utils.browser_circuit_breaker - INFO - BrowserCircuitBreaker initialized: threshold=3, timeout=300s
2025-09-17 16:56:53,306 - utils.browser_manager - INFO - 🔧 BrowserManager singleton initialized with health management
2025-09-17 16:56:53,905 - utils.browser_manager - INFO - 🔌 Connecting to existing Chrome debug instance on port 9222
2025-09-17 16:56:53,905 - utils.browser_manager - INFO - 📜 Per troubleshooting docs: Using existing Chrome debug only
2025-09-17 16:56:53,907 - utils.browser_manager - INFO - ✅ Chrome debug accessible on IPv6: Chrome/140.0.7339.128
2025-09-17 16:56:53,908 - utils.browser_manager - INFO - 🔌 Connecting to existing Chrome debug instance...
2025-09-17 16:56:53,910 - utils.browser_manager - DEBUG - 🌐 Using IPv6 endpoint for CDP connection
2025-09-17 16:56:53,910 - utils.browser_manager - INFO - 🌐 Using endpoint: http://[::1]:9222
2025-09-17 16:56:54,115 - utils.browser_manager - INFO - ✅ Successfully connected to existing Chrome debug instance
2025-09-17 16:56:54,115 - utils.browser_manager - INFO - 📄 Using existing context with 5 pages
2025-09-17 16:56:54,115 - utils.browser_manager - INFO - 🔍 Connected to existing Chrome: 140.0.7339.128
2025-09-17 16:56:54,115 - utils.browser_manager - DEBUG - ✅ Browser connection healthy - version: healthy
2025-09-17 16:56:54,116 - utils.browser_manager - INFO - ♻️ Reusing existing page in persistent context.
2025-09-17 16:56:54,120 - utils.browser_manager - DEBUG - Brought reused page to front for visibility
2025-09-17 16:56:54,121 - __main__ - INFO - 🔐 Initializing authentication service for logout detection...
2025-09-17 16:56:54,121 - __main__ - INFO - ✅ Using hardcoded credentials for poundwholesale.co.uk
2025-09-17 16:56:54,121 - __main__ - INFO - 🌐 Connecting to existing Chrome debug port 9222 for authentication...
2025-09-17 16:56:59,182 - tools.standalone_playwright_login - INFO - 💰 Verifying price access...
2025-09-17 16:57:03,456 - tools.standalone_playwright_login - WARNING - ⚠️ No clear price elements found - price access unclear
2025-09-17 16:57:03,471 - tools.supplier_authentication_service - INFO - ❌ Login form detected - not authenticated
2025-09-17 16:57:03,471 - tools.supplier_authentication_service - INFO - 🔐 Starting authentication for poundwholesale.co.uk
2025-09-17 16:57:03,472 - tools.supplier_authentication_service - INFO - 🔧 Using browser manager's existing browser for authentication
2025-09-17 16:57:03,472 - utils.browser_manager - DEBUG - ✅ Browser connection healthy - version: healthy
2025-09-17 16:57:03,472 - utils.browser_manager - INFO - ♻️ Reusing existing page in persistent context.
2025-09-17 16:57:03,483 - utils.browser_manager - DEBUG - Brought reused page to front for visibility
2025-09-17 16:57:03,483 - tools.standalone_playwright_login - INFO - 🔍 Checking if already logged in...
2025-09-17 16:57:06,709 - tools.standalone_playwright_login - INFO - ❌ No login indicators found - need to log in
2025-09-17 16:57:06,709 - tools.standalone_playwright_login - INFO - 🔐 Starting Playwright login...
2025-09-17 16:57:06,709 - tools.standalone_playwright_login - INFO - 📍 Navigating to login page: https://www.poundwholesale.co.uk/customer/account/login/
2025-09-17 16:57:10,115 - tools.standalone_playwright_login - INFO - ✅ Filled email using selector: input[name="login[username]"]
2025-09-17 16:57:10,970 - tools.standalone_playwright_login - INFO - ✅ Filled password using selector: input[name="login[password]"]
2025-09-17 16:57:13,930 - tools.standalone_playwright_login - INFO - ✅ Clicked submit using selector: button[type="submit"]
2025-09-17 16:57:13,930 - tools.standalone_playwright_login - INFO - ⏳ Waiting for login to complete...
2025-09-17 16:57:16,872 - tools.standalone_playwright_login - WARNING - ⚠️ Login status unclear - no clear success indicators
2025-09-17 16:57:16,872 - tools.standalone_playwright_login - INFO - 💰 Verifying price access...
2025-09-17 16:57:22,624 - tools.standalone_playwright_login - INFO - ✅ Price access confirmed: £1.02
2025-09-17 16:57:22,625 - tools.standalone_playwright_login - INFO - 🎉 Playwright login successful! Price access confirmed. (took 15.9s)
2025-09-17 16:57:22,625 - tools.supplier_authentication_service - INFO - ✅ Authentication successful using browser manager's browser: playwright_selectors
2025-09-17 16:57:22,625 - __main__ - CRITICAL - 💥 A critical error occurred in the main workflow: name 'Metrics' is not defined
Traceback (most recent call last):
  File "C:\Users\chris\Desktop\Amazon-FBA-Agent-System-v32 - latest good - Copy (8) - Copy - Copy - POSTLONGRUNPREKIRO2 beforecompletion-\run_custom_poundwholesale.py", line 93, in main
    workflow = PassiveExtractionWorkflow(
        config_loader=config_loader,
        workflow_config=workflow_config,
        browser_manager=browser_manager
    )
  File "C:\Users\chris\Desktop\Amazon-FBA-Agent-System-v32 - latest good - Copy (8) - Copy - Copy - POSTLONGRUNPREKIRO2 beforecompletion-\tools\passive_extraction_workflow_latest.py", line 1351, in __init__
    self.metrics = Metrics()
                   ^^^^^^^
NameError: name 'Metrics' is not defined
2025-09-17 16:57:22,636 - __main__ - INFO - 🌐 Keeping browser persistent for next run - not closing browser
2025-09-17 16:57:22,638 - utils.browser_manager - WARNING - Error during global cleanup: no running event loop
