2025-10-04 02:44:11,302 - utils.logger - INFO - 🔧 Logging initialised – log file: C:\Users\chris\Desktop\Amazon-FBA-Agent-System-v32 - latest good - Copy (8) - Copy - Copy - POSTLONGRUNPREKIRO2 beforecompletion-\logs\debug\run_custom_poundwholesale_20251004_024411.log
2025-10-04 02:44:11,303 - __main__ - INFO - 📋 Debug log file: C:\Users\chris\Desktop\Amazon-FBA-Agent-System-v32 - latest good - Copy (8) - Copy - Copy - POSTLONGRUNPREKIRO2 beforecompletion-\logs\debug\run_custom_poundwholesale_20251004_024411.log
2025-10-04 02:44:11,303 - __main__ - DEBUG - Debug logging initialized - full system execution details will be captured
2025-10-04 02:44:11,303 - utils.browser_circuit_breaker - INFO - BrowserCircuitBreaker initialized: threshold=3, timeout=300s
2025-10-04 02:44:11,305 - utils.browser_manager - INFO - ?? BrowserManager singleton initialized with health management
2025-10-04 02:44:11,904 - utils.browser_manager - INFO - ?? Connecting to existing Chrome debug instance on port 9222
2025-10-04 02:44:11,905 - utils.browser_manager - INFO - ?? Per troubleshooting docs: Using existing Chrome debug only
2025-10-04 02:44:11,906 - utils.browser_manager - INFO - ? Chrome debug accessible on IPv6: Chrome/141.0.7390.55
2025-10-04 02:44:11,907 - utils.browser_manager - INFO - ?? Connecting to existing Chrome debug instance...
2025-10-04 02:44:11,908 - utils.browser_manager - DEBUG - ?? Using IPv6 endpoint for CDP connection
2025-10-04 02:44:11,909 - utils.browser_manager - INFO - ?? Using endpoint: http://[::1]:9222
2025-10-04 02:44:12,167 - utils.browser_manager - INFO - ? Successfully connected to existing Chrome debug instance
2025-10-04 02:44:12,168 - utils.browser_manager - INFO - ?? Using existing context with 4 pages
2025-10-04 02:44:12,168 - utils.browser_manager - INFO - ?? Connected to existing Chrome: 141.0.7390.55
2025-10-04 02:44:12,168 - utils.browser_manager - DEBUG - ? Browser connection healthy - version: healthy
2025-10-04 02:44:12,168 - utils.browser_manager - INFO - ?? Reusing existing page in persistent context.
2025-10-04 02:44:12,169 - __main__ - INFO - 🔐 Initializing Clearance King authentication helper...
2025-10-04 02:44:12,169 - __main__ - INFO - ✅ Using configured credentials for clearance-king.co.uk
2025-10-04 02:44:12,169 - __main__ - INFO - 🌐 Connecting to existing Chrome debug port 9222 for authentication...
2025-10-04 02:44:12,223 - tools.clearance_king.supplier_authentication_service - INFO - ❌ Login link found - not authenticated
2025-10-04 02:44:12,223 - __main__ - INFO - 🔐 Not authenticated, initiating login...
2025-10-04 02:44:12,223 - tools.clearance_king.supplier_authentication_service - INFO - 🔐 Starting login process for Clearance King...
2025-10-04 02:44:12,224 - tools.clearance_king.supplier_authentication_service - ERROR - ❌ test_product_url not found in clearance-king config
2025-10-04 02:44:12,224 - __main__ - ERROR - ❌ Authentication failed. Exiting workflow.
2025-10-04 02:44:12,225 - __main__ - WARNING - ⚠️ Browser cleanup warning: 'BrowserManager' object has no attribute 'cleanup'
2025-10-04 02:44:12,226 - utils.browser_manager - WARNING - Error during global cleanup: no running event loop
