2025-09-28 09:57:44,500 - utils.clearance_king.logger - INFO - 🔧 Logging initialised – log file: C:\Users\chris\Desktop\Amazon-FBA-Agent-System-v32 - latest good - Copy (8) - Copy - Copy - POSTLONGRUNPREKIRO2 beforecompletion-\logs\debug\run_custom_poundwholesale_20250928_095744.log
2025-09-28 09:57:44,501 - __main__ - INFO - 📋 Debug log file: C:\Users\chris\Desktop\Amazon-FBA-Agent-System-v32 - latest good - Copy (8) - Copy - Copy - POSTLONGRUNPREKIRO2 beforecompletion-\logs\debug\run_custom_poundwholesale_20250928_095744.log
2025-09-28 09:57:44,501 - __main__ - DEBUG - Debug logging initialized - full system execution details will be captured
2025-09-28 09:57:44,505 - utils.clearance_king.browser_circuit_breaker - INFO - BrowserCircuitBreaker initialized: threshold=3, timeout=300s
2025-09-28 09:57:44,505 - utils.clearance_king.browser_manager - INFO - ?? BrowserManager singleton initialized with health management
2025-09-28 09:57:45,143 - utils.clearance_king.browser_manager - INFO - ?? Connecting to existing Chrome debug instance on port 9222
2025-09-28 09:57:45,144 - utils.clearance_king.browser_manager - INFO - ?? Per troubleshooting docs: Using existing Chrome debug only
2025-09-28 09:57:45,146 - utils.clearance_king.browser_manager - INFO - ? Chrome debug accessible on IPv6: Chrome/140.0.7339.128
2025-09-28 09:57:45,146 - utils.clearance_king.browser_manager - INFO - ?? Connecting to existing Chrome debug instance...
2025-09-28 09:57:45,148 - utils.clearance_king.browser_manager - DEBUG - ?? Using IPv6 endpoint for CDP connection
2025-09-28 09:57:45,148 - utils.clearance_king.browser_manager - INFO - ?? Using endpoint: http://[::1]:9222
2025-09-28 09:57:45,943 - utils.clearance_king.browser_manager - INFO - ? Successfully connected to existing Chrome debug instance
2025-09-28 09:57:45,943 - utils.clearance_king.browser_manager - INFO - ?? Using existing context with 9 pages
2025-09-28 09:57:45,943 - utils.clearance_king.browser_manager - INFO - ?? Connected to existing Chrome: 140.0.7339.128
2025-09-28 09:57:45,943 - utils.clearance_king.browser_manager - DEBUG - ? Browser connection healthy - version: healthy
2025-09-28 09:57:45,943 - utils.clearance_king.browser_manager - INFO - ?? Reusing existing page in persistent context.
2025-09-28 09:57:45,943 - __main__ - INFO - 🔐 Initializing authentication service for logout detection...
2025-09-28 09:57:45,943 - __main__ - INFO - ✅ Using configured credentials for clearance-king.co.uk
2025-09-28 09:57:45,943 - __main__ - INFO - 🌐 Connecting to existing Chrome debug port 9222 for authentication...
2025-09-28 09:57:45,943 - __main__ - ERROR - Unexpected error in main workflow: ClearanceKingAuthenticationHelper.ensure_authenticated_session() takes 2 positional arguments but 3 were given
Traceback (most recent call last):
  File "C:\Users\chris\Desktop\Amazon-FBA-Agent-System-v32 - latest good - Copy (8) - Copy - Copy - POSTLONGRUNPREKIRO2 beforecompletion-\run_custom_clearance_king.py", line 87, in main
    authenticated = await auth_service.ensure_authenticated_session(page, credentials)
                          ~~~~~~~~~~~~~~~~~~~~~~~~~~~~~~~~~~~~~~~~~^^^^^^^^^^^^^^^^^^^
TypeError: ClearanceKingAuthenticationHelper.ensure_authenticated_session() takes 2 positional arguments but 3 were given
2025-09-28 09:57:45,944 - __main__ - WARNING - ⚠️ Browser cleanup warning: 'BrowserManager' object has no attribute 'cleanup'
2025-09-28 09:57:45,948 - utils.clearance_king.browser_manager - WARNING - Error during global cleanup: no running event loop
2025-09-28 09:57:45,948 - utils.browser_manager - WARNING - Error during global cleanup: no running event loop
