2025-09-29 06:34:12,235 - utils.clearance_king.logger - INFO - 🔧 Logging initialised – log file: C:\Users\chris\Desktop\Amazon-FBA-Agent-System-v32 - latest good - Copy (8) - Copy - Copy - POSTLONGRUNPREKIRO2 beforecompletion-\logs\debug\run_custom_poundwholesale_20250929_063412.log
2025-09-29 06:34:12,235 - __main__ - INFO - 📋 Debug log file: C:\Users\chris\Desktop\Amazon-FBA-Agent-System-v32 - latest good - Copy (8) - Copy - Copy - POSTLONGRUNPREKIRO2 beforecompletion-\logs\debug\run_custom_poundwholesale_20250929_063412.log
2025-09-29 06:34:12,235 - __main__ - DEBUG - Debug logging initialized - full system execution details will be captured
2025-09-29 06:34:12,236 - utils.clearance_king.browser_circuit_breaker - INFO - BrowserCircuitBreaker initialized: threshold=3, timeout=300s
2025-09-29 06:34:12,236 - utils.clearance_king.browser_manager - INFO - ?? BrowserManager singleton initialized with health management
2025-09-29 06:34:12,733 - utils.clearance_king.browser_manager - INFO - ?? Connecting to existing Chrome debug instance on port 9222
2025-09-29 06:34:12,734 - utils.clearance_king.browser_manager - INFO - ?? Per troubleshooting docs: Using existing Chrome debug only
2025-09-29 06:34:12,736 - utils.clearance_king.browser_manager - INFO - ? Chrome debug accessible on IPv6: Chrome/140.0.7339.128
2025-09-29 06:34:12,737 - utils.clearance_king.browser_manager - INFO - ?? Connecting to existing Chrome debug instance...
2025-09-29 06:34:12,738 - utils.clearance_king.browser_manager - DEBUG - ?? Using IPv6 endpoint for CDP connection
2025-09-29 06:34:12,738 - utils.clearance_king.browser_manager - INFO - ?? Using endpoint: http://[::1]:9222
2025-09-29 06:34:12,902 - utils.clearance_king.browser_manager - INFO - ? Successfully connected to existing Chrome debug instance
2025-09-29 06:34:12,902 - utils.clearance_king.browser_manager - INFO - ?? Using existing context with 5 pages
2025-09-29 06:34:12,902 - utils.clearance_king.browser_manager - INFO - ?? Connected to existing Chrome: 140.0.7339.128
2025-09-29 06:34:12,902 - utils.clearance_king.browser_manager - DEBUG - ? Browser connection healthy - version: healthy
2025-09-29 06:34:12,902 - utils.clearance_king.browser_manager - INFO - ?? Reusing existing page in persistent context.
2025-09-29 06:34:12,902 - __main__ - INFO - 🔐 Initializing authentication service for logout detection...
2025-09-29 06:34:12,903 - __main__ - INFO - ✅ Using configured credentials for clearance-king.co.uk
2025-09-29 06:34:12,903 - __main__ - INFO - 🌐 Connecting to existing Chrome debug port 9222 for authentication...
2025-09-29 06:34:12,903 - tools.clearance_king.supplier_authentication_service - INFO - 🔍 Checking current authentication status...
2025-09-29 06:34:24,960 - tools.clearance_king.supplier_authentication_service - INFO - ❌ Login link found - not authenticated
2025-09-29 06:34:24,961 - tools.clearance_king.supplier_authentication_service - INFO - 🔐 Not authenticated - attempting login...
2025-09-29 06:34:24,961 - tools.clearance_king.supplier_authentication_service - INFO - 🔐 Starting login process for Clearance King...
2025-09-29 06:34:24,961 - tools.clearance_king.supplier_authentication_service - INFO - 🌐 Navigating to login page: https://www.clearance-king.co.uk/customer/account/login/
2025-09-29 06:34:26,839 - tools.clearance_king.supplier_authentication_service - INFO - 📧 Filling email field...
2025-09-29 06:34:27,057 - tools.clearance_king.supplier_authentication_service - INFO - 🔑 Filling password field...
2025-09-29 06:34:27,290 - tools.clearance_king.supplier_authentication_service - INFO - 🚀 Clicking login button...
2025-09-29 06:34:46,520 - tools.clearance_king.supplier_authentication_service - INFO - ❌ Login link found - not authenticated
2025-09-29 06:34:54,555 - tools.clearance_king.supplier_authentication_service - ERROR - ❌ Login failed - authentication check failed
2025-09-29 06:34:54,556 - __main__ - ERROR - Authentication failed. Exiting workflow.
2025-09-29 06:34:54,556 - __main__ - WARNING - ⚠️ Browser cleanup warning: 'BrowserManager' object has no attribute 'cleanup'
2025-09-29 06:34:54,557 - utils.clearance_king.browser_manager - WARNING - Error during global cleanup: no running event loop
2025-09-29 06:34:54,558 - utils.browser_manager - WARNING - Error during global cleanup: no running event loop
