2025-10-08 05:36:00,843 - utils.logger - INFO - 🔧 Logging initialised – log file: C:\Users\chris\Desktop\Amazon-FBA-Agent-System-v32 - latest good - Copy (8) - Copy - Copy - POSTLONGRUNPREKIRO2 beforecompletion-\logs\debug\run_custom_poundwholesale_20251008_053600.log
2025-10-08 05:36:00,843 - __main__ - INFO - 📋 Debug log file: C:\Users\chris\Desktop\Amazon-FBA-Agent-System-v32 - latest good - Copy (8) - Copy - Copy - POSTLONGRUNPREKIRO2 beforecompletion-\logs\debug\run_custom_poundwholesale_20251008_053600.log
2025-10-08 05:36:00,843 - __main__ - DEBUG - Debug logging initialized - full system execution details will be captured
2025-10-08 05:36:00,844 - utils.browser_circuit_breaker - INFO - BrowserCircuitBreaker initialized: threshold=3, timeout=300s
2025-10-08 05:36:00,844 - utils.browser_manager - INFO - ?? BrowserManager singleton initialized with health management
2025-10-08 05:36:01,352 - utils.browser_manager - INFO - ?? Connecting to existing Chrome debug instance on port 9222
2025-10-08 05:36:01,352 - utils.browser_manager - INFO - ?? Per troubleshooting docs: Using existing Chrome debug only
2025-10-08 05:36:01,355 - utils.browser_manager - INFO - ? Chrome debug accessible on IPv6: Chrome/141.0.7390.55
2025-10-08 05:36:01,355 - utils.browser_manager - INFO - ?? Connecting to existing Chrome debug instance...
2025-10-08 05:36:01,356 - utils.browser_manager - DEBUG - ?? Using IPv6 endpoint for CDP connection
2025-10-08 05:36:01,357 - utils.browser_manager - INFO - ?? Using endpoint: http://[::1]:9222
2025-10-08 05:36:02,830 - utils.browser_manager - INFO - ? Successfully connected to existing Chrome debug instance
2025-10-08 05:36:02,830 - utils.browser_manager - INFO - ?? Using existing context with 7 pages
2025-10-08 05:36:02,830 - utils.browser_manager - INFO - ?? Connected to existing Chrome: 141.0.7390.55
2025-10-08 05:36:02,830 - utils.browser_manager - DEBUG - ? Browser connection healthy - version: healthy
2025-10-08 05:36:02,830 - utils.browser_manager - INFO - ?? Reusing existing page in persistent context.
2025-10-08 05:36:02,830 - __main__ - INFO - 🔐 Initializing Poundwholesale authentication helper...
2025-10-08 05:36:02,830 - __main__ - INFO - ✅ Using hardcoded credentials for poundwholesale.co.uk
2025-10-08 05:36:02,830 - __main__ - INFO - 🌐 Connecting to existing Chrome debug port 9222 for authentication...
2025-10-08 05:36:23,907 - tools.standalone_playwright_login - INFO - 🔍 Verifying price access...
