2025-08-28 10:44:24,350 - utils.logger - INFO - 🔧 Logging initialised – log file: C:\Users\chris\Desktop\Amazon-FBA-Agent-System-v32 - latest good - Copy (8) - Copy - Copy - POSTLONGRUNPREKIRO2 beforecompletion-\logs\debug\run_custom_poundwholesale_20250828_104424.log
2025-08-28 10:44:24,351 - __main__ - INFO - 📋 Debug log file: C:\Users\chris\Desktop\Amazon-FBA-Agent-System-v32 - latest good - Copy (8) - Copy - Copy - POSTLONGRUNPREKIRO2 beforecompletion-\logs\debug\run_custom_poundwholesale_20250828_104424.log
2025-08-28 10:44:24,351 - __main__ - DEBUG - Debug logging initialized - full system execution details will be captured
2025-08-28 10:44:24,352 - utils.browser_circuit_breaker - INFO - BrowserCircuitBreaker initialized: threshold=3, timeout=300s
2025-08-28 10:44:24,352 - utils.browser_manager - INFO - 🔧 BrowserManager singleton initialized with health management
2025-08-28 10:44:24,935 - utils.browser_manager - INFO - 🔌 Connecting to persistent Chrome on debug port 9222 (headless: False)
2025-08-28 10:44:24,977 - utils.browser_manager - WARNING - ⚠️ Could not connect to existing Chrome: BrowserType.connect_over_cdp: socket hang up
Call log:
  - <ws preparing> retrieving websocket url from http://localhost:9222

2025-08-28 10:44:24,977 - utils.browser_manager - INFO - 🔄 Chrome version compatibility issue detected - using Playwright's bundled Chromium
2025-08-28 10:44:24,977 - utils.browser_manager - INFO - 🚀 Launching Playwright's bundled Chromium (headless: False)
2025-08-28 10:44:25,008 - utils.browser_manager - ERROR - ❌ Chrome is running (Chrome/139.0.7258.155) but Playwright cannot connect
2025-08-28 10:44:25,009 - utils.browser_manager - ERROR - ❌ This is likely a Playwright/Chrome version compatibility issue
2025-08-28 10:44:25,009 - utils.browser_manager - ERROR - ❌ Try: pip install --upgrade playwright && playwright install chromium
2025-08-28 10:44:25,009 - utils.browser_manager - ERROR - ❌ Could not verify Chrome state: Playwright/Chrome compatibility issue on port 9222
2025-08-28 10:44:25,009 - utils.browser_manager - ERROR - ❌ And failed to launch bundled Chromium: BrowserType.launch: Executable doesn't exist at C:\Users\chris\AppData\Local\ms-playwright\chromium-1181\chrome-win\chrome.exe
╔════════════════════════════════════════════════════════════╗
║ Looks like Playwright was just installed or updated.       ║
║ Please run the following command to download new browsers: ║
║                                                            ║
║     playwright install                                     ║
║                                                            ║
║ <3 Playwright Team                                         ║
╚════════════════════════════════════════════════════════════╝
2025-08-28 10:44:25,010 - utils.browser_manager - ERROR - ❌ Try: playwright install chromium
2025-08-28 10:44:25,010 - utils.browser_manager - ERROR - ❌ Browser setup failed: Failed to launch any browser. CDP port 9222 issue and bundled Chromium failed.
2025-08-28 10:44:25,010 - utils.browser_manager - ERROR - ❌ Please ensure Chrome debug port 9222 is available
2025-08-28 10:44:25,011 - utils.browser_manager - ERROR - ❌ For visible browser, try: chrome --remote-debugging-port=9222 --user-data-dir=C:\temp\chrome-debug
2025-08-28 10:44:25,027 - __main__ - CRITICAL - 💥 A critical error occurred in the main workflow: Failed to setup Chrome browser (headless: False). Port: 9222
Traceback (most recent call last):
  File "C:\Users\chris\Desktop\Amazon-FBA-Agent-System-v32 - latest good - Copy (8) - Copy - Copy - POSTLONGRUNPREKIRO2 beforecompletion-\utils\browser_manager.py", line 109, in launch_browser
    self.browser = await self.playwright.chromium.launch(
                   ^^^^^^^^^^^^^^^^^^^^^^^^^^^^^^^^^^^^^^
    ...<8 lines>...
    )
    ^
  File "C:\Users\chris\AppData\Roaming\Python\Python313\site-packages\playwright\async_api\_generated.py", line 14457, in launch
    await self._impl_obj.launch(
    ...<17 lines>...
    )
  File "C:\Users\chris\AppData\Roaming\Python\Python313\site-packages\playwright\_impl\_browser_type.py", line 98, in launch
    await self._channel.send(
        "launch", TimeoutSettings.launch_timeout, params
    )
  File "C:\Users\chris\AppData\Roaming\Python\Python313\site-packages\playwright\_impl\_connection.py", line 69, in send
    return await self._connection.wrap_api_call(
           ^^^^^^^^^^^^^^^^^^^^^^^^^^^^^^^^^^^^^
    ...<3 lines>...
    )
    ^
  File "C:\Users\chris\AppData\Roaming\Python\Python313\site-packages\playwright\_impl\_connection.py", line 558, in wrap_api_call
    raise rewrite_error(error, f"{parsed_st['apiName']}: {error}") from None
playwright._impl._errors.Error: BrowserType.launch: Executable doesn't exist at C:\Users\chris\AppData\Local\ms-playwright\chromium-1181\chrome-win\chrome.exe
╔════════════════════════════════════════════════════════════╗
║ Looks like Playwright was just installed or updated.       ║
║ Please run the following command to download new browsers: ║
║                                                            ║
║     playwright install                                     ║
║                                                            ║
║ <3 Playwright Team                                         ║
╚════════════════════════════════════════════════════════════╝

During handling of the above exception, another exception occurred:

Traceback (most recent call last):
  File "C:\Users\chris\Desktop\Amazon-FBA-Agent-System-v32 - latest good - Copy (8) - Copy - Copy - POSTLONGRUNPREKIRO2 beforecompletion-\utils\browser_manager.py", line 133, in launch_browser
    raise Exception(f"Playwright/Chrome compatibility issue on port {cdp_port}")
Exception: Playwright/Chrome compatibility issue on port 9222

During handling of the above exception, another exception occurred:

Traceback (most recent call last):
  File "C:\Users\chris\Desktop\Amazon-FBA-Agent-System-v32 - latest good - Copy (8) - Copy - Copy - POSTLONGRUNPREKIRO2 beforecompletion-\utils\browser_manager.py", line 141, in launch_browser
    raise Exception(f"Failed to launch any browser. CDP port {cdp_port} issue and bundled Chromium failed.")
Exception: Failed to launch any browser. CDP port 9222 issue and bundled Chromium failed.

During handling of the above exception, another exception occurred:

Traceback (most recent call last):
  File "C:\Users\chris\Desktop\Amazon-FBA-Agent-System-v32 - latest good - Copy (8) - Copy - Copy - POSTLONGRUNPREKIRO2 beforecompletion-\run_custom_poundwholesale.py", line 60, in main
    await browser_manager.launch_browser(cdp_port=chrome_debug_port)
  File "C:\Users\chris\Desktop\Amazon-FBA-Agent-System-v32 - latest good - Copy (8) - Copy - Copy - POSTLONGRUNPREKIRO2 beforecompletion-\utils\browser_manager.py", line 160, in launch_browser
    raise Exception(f"Failed to setup Chrome browser (headless: {headless}). Port: {cdp_port}")
Exception: Failed to setup Chrome browser (headless: False). Port: 9222
2025-08-28 10:44:25,031 - __main__ - INFO - 🌐 Keeping browser persistent for next run - not closing browser
2025-08-28 10:44:25,035 - utils.browser_manager - WARNING - Error during global cleanup: no running event loop
