2026-03-13 13:20:29,667 WARNING __main__: Ignoring supplier identity from products file; job sandbox is authoritative. job=clearance-king.co.uk__sandbox__f2d5f0a2 file=clearance-king.co.uk
2026-03-13 13:20:29,668 WARNING tools.amazon_playwright_extractor: ?? BrowserCircuitBreaker not available - health management disabled
2026-03-13 13:20:29,668 INFO tools.amazon_playwright_extractor: AI features disabled in amazon_playwright_extractor - using only traditional selectors.
2026-03-13 13:20:29,668 INFO tools.amazon_playwright_extractor: Output directory set to: C:\Users\chris\Desktop\Amazon-FBA-Agent-System-v32 - latest good - Copy (8) - Copy - Copy - POSTLONGRUNPREKIRO2 beforecompletion-\OUTPUTS\CACHE\amazon_data
2026-03-13 13:20:29,672 WARNING tools.amazon_playwright_extractor: ?? BrowserManager not available, using legacy browser connection
2026-03-13 13:20:29,676 INFO windows_save_guardian: ? ATOMIC SAVE: clearance-king-co-uk__sandbox__f2d5f0a2_products_cache.json (12 entries) saved successfully
2026-03-13 13:20:29,677 INFO tools.amazon_playwright_extractor: 🔧 FixedAmazonExtractor connecting via BrowserManager singleton
2026-03-13 13:20:29,678 INFO utils.browser_circuit_breaker: BrowserCircuitBreaker initialized: threshold=3, timeout=300s
2026-03-13 13:20:29,678 INFO utils.browser_manager: ?? BrowserManager singleton initialized with health management
2026-03-13 13:20:30,320 INFO utils.browser_manager: ?? Connecting to existing Chrome debug instance on port 9222
2026-03-13 13:20:30,320 INFO utils.browser_manager: ?? Per troubleshooting docs: Using existing Chrome debug only
2026-03-13 13:20:32,558 INFO utils.browser_manager: ? Chrome debug accessible on IPv4: Chrome/145.0.7632.160
2026-03-13 13:20:32,559 INFO utils.browser_manager: ?? Connecting to existing Chrome debug instance...
2026-03-13 13:20:34,569 INFO utils.browser_manager: ?? Using endpoint: http://localhost:9222
2026-03-13 13:20:34,859 INFO utils.browser_manager: ? Successfully connected to existing Chrome debug instance
2026-03-13 13:20:34,859 INFO utils.browser_manager: ?? Using existing context with 1 pages
2026-03-13 13:20:34,859 INFO utils.browser_manager: ?? Connected to existing Chrome: 145.0.7632.160
2026-03-13 13:20:34,859 INFO tools.amazon_playwright_extractor: ✅ FixedAmazonExtractor connected via BrowserManager singleton
2026-03-13 13:20:34,859 INFO utils.browser_manager: ?? Reusing existing Chrome connection (port 9222)
2026-03-13 13:20:34,859 INFO utils.browser_manager: ?? Reusing existing page in persistent context.
2026-03-13 13:20:34,864 INFO windows_save_guardian: ? ATOMIC SAVE: clearance-king_co_uk__sandbox__f2d5f0a2_processing_state.json (27 entries) saved successfully
2026-03-13 13:20:34,864 INFO utils.fixed_enhanced_state_manager:  ATOMIC SAVE
2026-03-13 13:20:34,866 INFO windows_save_guardian: ? ATOMIC SAVE: clearance-king_co_uk__sandbox__f2d5f0a2_processing_state.json (27 entries) saved successfully
2026-03-13 13:20:34,866 INFO utils.fixed_enhanced_state_manager:  ATOMIC SAVE
2026-03-13 13:20:34,866 INFO tools.amazon_playwright_extractor: Searching Amazon by EAN: 5031413950687 for supplier product: 'CHERUBS BABY FEEDING BOTTLE - 250 ML' (FixedAmazonExtractor)
2026-03-13 13:20:34,866 INFO tools.amazon_playwright_extractor: Navigating to Amazon UK to search for EAN: 5031413950687
2026-03-13 13:20:40,432 INFO tools.amazon_playwright_extractor: Waiting for search results page to load for EAN 5031413950687...
2026-03-13 13:20:40,698 INFO tools.amazon_playwright_extractor: Found search results container with selector: div.s-search-results
2026-03-13 13:20:41,364 INFO tools.amazon_playwright_extractor: Found 5 search result elements using selector: div[data-component-type='s-search-result']
2026-03-13 13:20:41,364 INFO tools.amazon_playwright_extractor: Processing 5 search result elements for EAN 5031413950687
2026-03-13 13:20:41,517 INFO tools.amazon_playwright_extractor: 📊 SPONSORED FILTERING RESULTS: 0 organic products, 5 sponsored products filtered out
2026-03-13 13:20:41,517 WARNING tools.amazon_playwright_extractor: EAN 5031413950687 returned no organic results - skipping
2026-03-13 13:20:41,517 WARNING tools.amazon_playwright_extractor: No Amazon results or error for EAN '5031413950687'. Details: no_organic_results
2026-03-13 13:20:41,518 INFO tools.amazon_playwright_extractor: Falling back to title search for supplier product: 'CHERUBS BABY FEEDING BOTTLE - 250 ML'
2026-03-13 13:20:41,518 INFO tools.amazon_playwright_extractor: Searching Amazon by title using search bar: 'CHERUBS BABY FEEDING BOTTLE - 250 ML'
2026-03-13 13:20:41,518 INFO tools.amazon_playwright_extractor: Navigating to Amazon UK to search for title: CHERUBS BABY FEEDING BOTTLE - 250 ML
2026-03-13 13:20:47,567 INFO tools.amazon_playwright_extractor: Title search found 71 elements using selector: div.s-search-results > div[data-asin]
2026-03-13 13:20:47,818 WARNING tools.amazon_playwright_extractor: ASIN extraction failed: All 4 fallbacks exhausted
2026-03-13 13:20:47,993 INFO tools.amazon_playwright_extractor: ✅ Title search: Selected first visible organic product - ASIN B08GGL8L25
2026-03-13 13:20:47,994 INFO tools.amazon_playwright_extractor: 🎯 ASIN EXTRACTION SUCCESS: Found 1 ASINs for title search: 'CHERUBS BABY FEEDING BOTTLE - 250 ML'
2026-03-13 13:20:47,994 INFO tools.amazon_playwright_extractor: Title search successful for 'CHERUBS BABY FEEDING BOTTLE - 250 ML' after EAN '5031413950687' failed
2026-03-13 13:20:47,994 INFO tools.amazon_playwright_extractor: Extracting complete data for fallback ASIN B08GGL8L25 from title search
2026-03-13 13:20:47,994 WARNING tools.amazon_playwright_extractor: No page object provided to extract_data for ASIN B08GGL8L25. Getting a new one from BrowserManager.
2026-03-13 13:20:47,994 INFO tools.amazon_playwright_extractor: Reusing existing page: https://www.amazon.co.uk/s?k=CHERUBS+BABY+FEEDING+BOTTLE+-+250+ML&ref=nb_sb_noss
2026-03-13 13:20:50,731 INFO tools.amazon_playwright_extractor: Checking for cookie consent pop-up...
2026-03-13 13:20:51,006 INFO tools.amazon_playwright_extractor: Finished checking for cookie consent pop-ups. If one was present and not handled, it might interfere.
2026-03-13 13:20:52,008 INFO tools.amazon_playwright_extractor: Checking for CAPTCHA...
2026-03-13 13:20:55,019 INFO tools.amazon_playwright_extractor: No CAPTCHA page detected by form selector.
2026-03-13 13:20:55,019 INFO tools.amazon_playwright_extractor: Checking for cookie consent pop-up...
2026-03-13 13:20:55,101 INFO tools.amazon_playwright_extractor: Finished checking for cookie consent pop-ups. If one was present and not handled, it might interfere.
2026-03-13 13:20:55,102 INFO tools.amazon_playwright_extractor: Page should be ready. Waiting 5s for stabilization...
2026-03-13 13:21:00,114 INFO tools.amazon_playwright_extractor: Waiting an additional 7s for extensions (Keepa, SellerAmp)...
2026-03-13 13:21:07,126 INFO tools.amazon_playwright_extractor: Extracting all product data for ASIN: B08GGL8L25
2026-03-13 13:21:07,127 INFO tools.amazon_playwright_extractor: Extracting basic product information (Title, Price, Images, Amazon Details)...
2026-03-13 13:21:07,179 INFO tools.amazon_playwright_extractor: Title found: 'Dr. Brown's Anti-Colic Options+ Narrow Baby Bottle, 8oz/250ml, with Level 1 Slow Flow Teat, 3-Pack' via #productTitle
2026-03-13 13:21:07,179 INFO tools.amazon_playwright_extractor: Extracting price details...
2026-03-13 13:21:07,203 INFO tools.amazon_playwright_extractor: Current price: 12.65 via #corePrice_feature_div .a-offscreen
2026-03-13 13:21:07,244 INFO tools.amazon_playwright_extractor: Original price: 14.88 via .basisPrice span.a-text-price span.a-offscreen
2026-03-13 13:21:07,274 INFO tools.amazon_playwright_extractor: Amazon sales badge found: 500 in container div#socialProofingAsinFaceout_feature_div
2026-03-13 13:21:07,274 INFO tools.amazon_playwright_extractor: Extracting image URLs...
2026-03-13 13:21:07,319 INFO tools.amazon_playwright_extractor: Main image: https://m.media-amazon.com/images/I/71ZFsQ3o59L._AC_SL1500_.jpg via #landingImage
2026-03-13 13:21:07,446 INFO tools.amazon_playwright_extractor: Found 7 thumbnails.
2026-03-13 13:21:07,455 INFO tools.amazon_playwright_extractor: Extracting Amazon product details section...
2026-03-13 13:21:07,668 INFO tools.amazon_playwright_extractor: Extracting sales rank information...
2026-03-13 13:21:07,887 INFO tools.amazon_playwright_extractor: Extracting ratings and reviews...
2026-03-13 13:21:07,918 INFO tools.amazon_playwright_extractor: Rating: 4.4 via #acrPopover[title*='out of 5 stars']
2026-03-13 13:21:07,948 INFO tools.amazon_playwright_extractor: Review count: 183 via #acrCustomerReviewText
2026-03-13 13:21:07,948 INFO tools.amazon_playwright_extractor: Extracting stock information...
2026-03-13 13:21:07,980 INFO tools.amazon_playwright_extractor: Availability text: 'In stock' via #availability span.a-size-medium.a-color-success
2026-03-13 13:21:07,980 INFO tools.amazon_playwright_extractor: Extracting features/bullets...
2026-03-13 13:21:08,310 INFO tools.amazon_playwright_extractor: Found 5 features.
2026-03-13 13:21:08,310 INFO tools.amazon_playwright_extractor: Extracting product description...
2026-03-13 13:21:08,335 INFO tools.amazon_playwright_extractor: Description found using selector: #productDescription
2026-03-13 13:21:08,336 INFO tools.amazon_playwright_extractor: Extracting product specifications table...
2026-03-13 13:21:08,956 INFO tools.amazon_playwright_extractor: Specifications table parsed using selector: table.a-keyvalue.prodDetTable
2026-03-13 13:21:08,956 INFO tools.amazon_playwright_extractor: Extracting SellerAmp data (if present)...
2026-03-13 13:21:08,956 INFO tools.amazon_playwright_extractor: SellerAmp data extraction is currently disabled as per requirements (Fix 2.3).
2026-03-13 13:21:08,956 INFO tools.amazon_playwright_extractor: Extracting Keepa data (if present)...
2026-03-13 13:21:08,956 INFO tools.amazon_playwright_extractor: Attempting to extract Keepa data...
2026-03-13 13:21:15,069 INFO tools.amazon_playwright_extractor: Keepa iframe found: iframe[id*='keepa']
2026-03-13 13:21:15,188 INFO tools.amazon_playwright_extractor: Keepa Sales Rank Details Table parsed.
2026-03-13 13:21:15,188 INFO tools.amazon_playwright_extractor: Keepa Graph AI Analysis is currently disabled as per requirements (Fix 2.4).
2026-03-13 13:21:15,220 INFO tools.amazon_playwright_extractor: Keepa Data tab found. Currently active: False
2026-03-13 13:21:15,221 INFO tools.amazon_playwright_extractor: Clicking Keepa 'Data' tab...
2026-03-13 13:21:17,576 INFO tools.amazon_playwright_extractor: Attempt 1/2: Waiting 12000ms for Product-Details wrapper...
2026-03-13 13:21:20,639 INFO tools.amazon_playwright_extractor: ? Product-Details wrapper appeared on attempt 1
2026-03-13 13:21:20,653 WARNING tools.amazon_playwright_extractor: Product-Details tab visible, but inner grid still not ready – extending wait with retry logic.
2026-03-13 13:21:20,653 INFO tools.amazon_playwright_extractor: Grid attempt 1/3: Waiting 15000ms for grid container...
2026-03-13 13:21:20,846 INFO tools.amazon_playwright_extractor: ? Grid became visible after attempt 1 – continuing.
2026-03-13 13:21:20,876 INFO tools.amazon_playwright_extractor: Parsing Keepa AG Grid for Product Details from: div#MoreTab1 div#grid-product-detail
2026-03-13 13:21:20,916 INFO tools.amazon_playwright_extractor: Primary attempt: Waiting 12 seconds for AG Grid rows to load...
2026-03-13 13:21:21,963 INFO tools.amazon_playwright_extractor: ? Primary attempt successful: 160 rows found
2026-03-13 13:21:21,977 INFO tools.amazon_playwright_extractor: Processing 160 rows in Keepa Product Details AG Grid.
2026-03-13 13:21:23,535 INFO tools.amazon_playwright_extractor: Found potential fee key 'FBA Pick&Pack Fee' with raw value: '£ 2.70' in Keepa AG Grid.
2026-03-13 13:21:23,655 INFO tools.amazon_playwright_extractor: Found potential fee key 'Referral Fee based on current Buy Box price' with raw value: '£ 1.90' in Keepa AG Grid.
2026-03-13 13:21:27,076 INFO tools.amazon_playwright_extractor: ? Successfully parsed 47 items from Keepa Product Details AG Grid.
2026-03-13 13:21:27,076 INFO tools.amazon_playwright_extractor: ASIN B08GGL8L25: Attempting to extract EANs from Keepa product_details_tab_data.
2026-03-13 13:21:27,076 INFO tools.amazon_playwright_extractor: ASIN B08GGL8L25: EAN '0072239306277' found in Keepa details via key 'Product Codes - EAN'.
2026-03-13 13:21:27,076 INFO tools.amazon_playwright_extractor: ASIN B08GGL8L25: BSR not found or invalid from page. Attempting fallback from Keepa.
2026-03-13 13:21:27,076 INFO tools.amazon_playwright_extractor: ASIN B08GGL8L25: BSR 621 in 'Baby Products 27' from Keepa SalesRankDetailsTable.
2026-03-13 13:21:27,079 INFO windows_save_guardian: ? ATOMIC SAVE: amazon_B08GGL8L25_5031413950687.json (30 entries) saved successfully
2026-03-13 13:21:27,085 INFO windows_save_guardian: ? ATOMIC SAVE: amazon_B08GGL8L25_5031413950687.json (30 entries) saved successfully
2026-03-13 13:21:27,089 INFO windows_save_guardian: ? ATOMIC SAVE: linking_map.json (1 entries) saved successfully
2026-03-13 13:21:27,090 INFO __main__: Linking map periodic flush: 1 entries
2026-03-13 13:21:27,093 INFO windows_save_guardian: ? ATOMIC SAVE: clearance-king_co_uk__sandbox__f2d5f0a2_processing_state.json (27 entries) saved successfully
2026-03-13 13:21:27,094 INFO utils.fixed_enhanced_state_manager:  ATOMIC SAVE
2026-03-13 13:21:27,094 INFO tools.amazon_playwright_extractor: Searching Amazon by EAN: 5012866701033 for supplier product: 'Baby Travel Feeding Set' (FixedAmazonExtractor)
2026-03-13 13:21:27,094 INFO tools.amazon_playwright_extractor: Navigating to Amazon UK to search for EAN: 5012866701033
2026-03-13 13:21:32,372 INFO tools.amazon_playwright_extractor: Waiting for search results page to load for EAN 5012866701033...
2026-03-13 13:21:32,499 INFO tools.amazon_playwright_extractor: Found search results container with selector: div.s-search-results
2026-03-13 13:21:33,163 INFO tools.amazon_playwright_extractor: Found 4 search result elements using selector: div[data-component-type='s-search-result']
2026-03-13 13:21:33,164 INFO tools.amazon_playwright_extractor: Processing 4 search result elements for EAN 5012866701033
2026-03-13 13:21:33,274 INFO tools.amazon_playwright_extractor: 📊 SPONSORED FILTERING RESULTS: 0 organic products, 4 sponsored products filtered out
2026-03-13 13:21:33,274 WARNING tools.amazon_playwright_extractor: EAN 5012866701033 returned no organic results - skipping
2026-03-13 13:21:33,274 WARNING tools.amazon_playwright_extractor: No Amazon results or error for EAN '5012866701033'. Details: no_organic_results
2026-03-13 13:21:33,274 INFO tools.amazon_playwright_extractor: Falling back to title search for supplier product: 'Baby Travel Feeding Set'
2026-03-13 13:21:33,274 INFO tools.amazon_playwright_extractor: Searching Amazon by title using search bar: 'Baby Travel Feeding Set'
2026-03-13 13:21:33,275 INFO tools.amazon_playwright_extractor: Navigating to Amazon UK to search for title: Baby Travel Feeding Set
2026-03-13 13:21:39,265 INFO tools.amazon_playwright_extractor: Title search found 71 elements using selector: div.s-search-results > div[data-asin]
2026-03-13 13:21:39,645 WARNING tools.amazon_playwright_extractor: ASIN extraction failed: All 4 fallbacks exhausted
2026-03-13 13:21:39,835 INFO tools.amazon_playwright_extractor: ✅ Title search: Selected first visible organic product - ASIN B008DEL9RI
2026-03-13 13:21:39,835 INFO tools.amazon_playwright_extractor: 🎯 ASIN EXTRACTION SUCCESS: Found 1 ASINs for title search: 'Baby Travel Feeding Set'
2026-03-13 13:21:39,836 INFO tools.amazon_playwright_extractor: Title search successful for 'Baby Travel Feeding Set' after EAN '5012866701033' failed
2026-03-13 13:21:39,836 INFO tools.amazon_playwright_extractor: Extracting complete data for fallback ASIN B008DEL9RI from title search
2026-03-13 13:21:39,836 WARNING tools.amazon_playwright_extractor: No page object provided to extract_data for ASIN B008DEL9RI. Getting a new one from BrowserManager.
2026-03-13 13:21:39,836 INFO tools.amazon_playwright_extractor: Reusing existing page: https://www.amazon.co.uk/s?k=Baby+Travel+Feeding+Set&ref=nb_sb_noss
2026-03-13 13:21:43,116 INFO tools.amazon_playwright_extractor: Checking for cookie consent pop-up...
2026-03-13 13:21:43,596 INFO tools.amazon_playwright_extractor: Finished checking for cookie consent pop-ups. If one was present and not handled, it might interfere.
2026-03-13 13:21:44,598 INFO tools.amazon_playwright_extractor: Checking for CAPTCHA...
2026-03-13 13:21:47,606 INFO tools.amazon_playwright_extractor: No CAPTCHA page detected by form selector.
2026-03-13 13:21:47,606 INFO tools.amazon_playwright_extractor: Checking for cookie consent pop-up...
2026-03-13 13:21:47,688 INFO tools.amazon_playwright_extractor: Finished checking for cookie consent pop-ups. If one was present and not handled, it might interfere.
2026-03-13 13:21:47,688 INFO tools.amazon_playwright_extractor: Page should be ready. Waiting 5s for stabilization...
2026-03-13 13:21:52,700 INFO tools.amazon_playwright_extractor: Waiting an additional 7s for extensions (Keepa, SellerAmp)...
2026-03-13 13:21:59,702 INFO tools.amazon_playwright_extractor: Extracting all product data for ASIN: B008DEL9RI
2026-03-13 13:21:59,702 INFO tools.amazon_playwright_extractor: Extracting basic product information (Title, Price, Images, Amazon Details)...
2026-03-13 13:21:59,746 INFO tools.amazon_playwright_extractor: Title found: 'Tommee Tippee Easiscoop Feeding Bowls with Lid and Easy Scoop Spoon, 6m+, Includes 2 Bowls, Dishwasher and Microwave Safe' via #productTitle
2026-03-13 13:21:59,746 INFO tools.amazon_playwright_extractor: Extracting price details...
2026-03-13 13:21:59,774 INFO tools.amazon_playwright_extractor: Current price: 4.99 via #corePrice_feature_div .a-offscreen
2026-03-13 13:21:59,829 INFO tools.amazon_playwright_extractor: Original price: 7.75 via span.a-price.a-text-price[data-a-strike='true'] span.a-offscreen
2026-03-13 13:21:59,860 INFO tools.amazon_playwright_extractor: Amazon sales badge found: 200 in container div#socialProofingAsinFaceout_feature_div
2026-03-13 13:21:59,860 INFO tools.amazon_playwright_extractor: Extracting image URLs...
2026-03-13 13:21:59,896 INFO tools.amazon_playwright_extractor: Main image: https://m.media-amazon.com/images/I/71uzUOUC1DL._AC_SL1500_.jpg via #landingImage
2026-03-13 13:21:59,965 INFO tools.amazon_playwright_extractor: Found 6 thumbnails.
2026-03-13 13:21:59,970 INFO tools.amazon_playwright_extractor: Extracting Amazon product details section...
2026-03-13 13:22:00,142 INFO tools.amazon_playwright_extractor: Extracting sales rank information...
2026-03-13 13:22:00,412 INFO tools.amazon_playwright_extractor: Extracting ratings and reviews...
2026-03-13 13:22:00,448 INFO tools.amazon_playwright_extractor: Rating: 4.7 via #acrPopover[title*='out of 5 stars']
2026-03-13 13:22:00,534 INFO tools.amazon_playwright_extractor: Review count: 3945 via #acrCustomerReviewText
2026-03-13 13:22:00,534 INFO tools.amazon_playwright_extractor: Extracting stock information...
2026-03-13 13:22:00,569 INFO tools.amazon_playwright_extractor: Availability text: 'In stock' via #availability span.a-size-medium.a-color-success
2026-03-13 13:22:00,569 INFO tools.amazon_playwright_extractor: Extracting features/bullets...
2026-03-13 13:22:00,855 INFO tools.amazon_playwright_extractor: Found 5 features.
2026-03-13 13:22:00,855 INFO tools.amazon_playwright_extractor: Extracting product description...
2026-03-13 13:22:00,939 INFO tools.amazon_playwright_extractor: Description found using selector: div#aplus
2026-03-13 13:22:00,939 INFO tools.amazon_playwright_extractor: Extracting product specifications table...
2026-03-13 13:22:01,448 INFO tools.amazon_playwright_extractor: Specifications table parsed using selector: table.a-keyvalue.prodDetTable
2026-03-13 13:22:01,448 INFO tools.amazon_playwright_extractor: Extracting SellerAmp data (if present)...
2026-03-13 13:22:01,448 INFO tools.amazon_playwright_extractor: SellerAmp data extraction is currently disabled as per requirements (Fix 2.3).
2026-03-13 13:22:01,448 INFO tools.amazon_playwright_extractor: Extracting Keepa data (if present)...
2026-03-13 13:22:01,448 INFO tools.amazon_playwright_extractor: Attempting to extract Keepa data...
2026-03-13 13:22:07,546 INFO tools.amazon_playwright_extractor: Keepa iframe found: iframe[id*='keepa']
2026-03-13 13:22:07,668 INFO tools.amazon_playwright_extractor: Keepa Sales Rank Details Table parsed.
2026-03-13 13:22:07,668 INFO tools.amazon_playwright_extractor: Keepa Graph AI Analysis is currently disabled as per requirements (Fix 2.4).
2026-03-13 13:22:07,705 INFO tools.amazon_playwright_extractor: Keepa Data tab found. Currently active: False
2026-03-13 13:22:07,705 INFO tools.amazon_playwright_extractor: Clicking Keepa 'Data' tab...
2026-03-13 13:22:10,077 INFO tools.amazon_playwright_extractor: Attempt 1/2: Waiting 12000ms for Product-Details wrapper...
2026-03-13 13:22:12,081 INFO tools.amazon_playwright_extractor: ? Product-Details wrapper appeared on attempt 1
2026-03-13 13:22:12,150 INFO tools.amazon_playwright_extractor: Parsing Keepa AG Grid for Product Details from: div#MoreTab1 div#grid-product-detail
2026-03-13 13:22:12,210 INFO tools.amazon_playwright_extractor: Primary attempt: Waiting 12 seconds for AG Grid rows to load...
2026-03-13 13:22:13,263 INFO tools.amazon_playwright_extractor: ? Primary attempt successful: 172 rows found
2026-03-13 13:22:13,281 INFO tools.amazon_playwright_extractor: Processing 172 rows in Keepa Product Details AG Grid.
2026-03-13 13:22:15,360 INFO tools.amazon_playwright_extractor: Found potential fee key 'FBA Pick&Pack Fee' with raw value: '£ 2.67' in Keepa AG Grid.
2026-03-13 13:22:15,546 INFO tools.amazon_playwright_extractor: Found potential fee key 'Referral Fee based on current Buy Box price' with raw value: '£ 0.40' in Keepa AG Grid.
2026-03-13 13:22:20,030 INFO tools.amazon_playwright_extractor: ? Successfully parsed 51 items from Keepa Product Details AG Grid.
2026-03-13 13:22:20,030 INFO tools.amazon_playwright_extractor: ASIN B008DEL9RI: Attempting to extract EANs from Keepa product_details_tab_data.
2026-03-13 13:22:20,030 INFO tools.amazon_playwright_extractor: ASIN B008DEL9RI: EAN '5010415467188' found in Keepa details via key 'Product Codes - EAN'.
2026-03-13 13:22:20,030 INFO tools.amazon_playwright_extractor: ASIN B008DEL9RI: BSR not found or invalid from page. Attempting fallback from Keepa.
2026-03-13 13:22:20,031 INFO tools.amazon_playwright_extractor: ASIN B008DEL9RI: BSR 1151 in 'Baby Products 27' from Keepa SalesRankDetailsTable.
2026-03-13 13:22:20,036 INFO windows_save_guardian: ? ATOMIC SAVE: amazon_B008DEL9RI_5012866701033.json (30 entries) saved successfully
2026-03-13 13:22:20,043 INFO windows_save_guardian: ? ATOMIC SAVE: amazon_B008DEL9RI_5012866701033.json (30 entries) saved successfully
2026-03-13 13:22:20,048 INFO windows_save_guardian: ? ATOMIC SAVE: linking_map.json (2 entries) saved successfully
2026-03-13 13:22:20,049 INFO __main__: Linking map periodic flush: 2 entries
2026-03-13 13:22:20,054 INFO windows_save_guardian: ? ATOMIC SAVE: clearance-king_co_uk__sandbox__f2d5f0a2_processing_state.json (27 entries) saved successfully
2026-03-13 13:22:20,054 INFO utils.fixed_enhanced_state_manager:  ATOMIC SAVE
2026-03-13 13:22:20,054 INFO tools.amazon_playwright_extractor: Searching Amazon by EAN: 5056239401175 for supplier product: 'CUDDLES TODDLER SPOONS - ASSORTED COLORS - PACK OF 12' (FixedAmazonExtractor)
2026-03-13 13:22:20,054 INFO tools.amazon_playwright_extractor: Navigating to Amazon UK to search for EAN: 5056239401175
2026-03-13 13:22:25,357 INFO tools.amazon_playwright_extractor: Waiting for search results page to load for EAN 5056239401175...
2026-03-13 13:22:25,414 INFO tools.amazon_playwright_extractor: Found search results container with selector: div.s-search-results
2026-03-13 13:22:26,062 INFO tools.amazon_playwright_extractor: Found 13 search result elements using selector: div[data-component-type='s-search-result']
2026-03-13 13:22:26,062 INFO tools.amazon_playwright_extractor: Processing 13 search result elements for EAN 5056239401175
2026-03-13 13:22:26,264 INFO tools.amazon_playwright_extractor: Found organic result: ASIN B0CMTXJRSH - Cuddles Toddler Spoons Pack of 12 Assorted Colours...
2026-03-13 13:22:26,372 INFO tools.amazon_playwright_extractor: 📊 SPONSORED FILTERING RESULTS: 1 organic products, 12 sponsored products filtered out
2026-03-13 13:22:26,372 INFO tools.amazon_playwright_extractor: ✅ EAN SEARCH: Selected first organic result - ASIN B0CMTXJRSH
2026-03-13 13:22:26,372 INFO tools.amazon_playwright_extractor:    Trusting Amazon's search relevance for EAN 5056239401175
2026-03-13 13:22:26,372 INFO tools.amazon_playwright_extractor:    EAN will be extracted by Keepa during full product data extraction
2026-03-13 13:22:26,372 INFO tools.amazon_playwright_extractor: Single ASIN B0CMTXJRSH found for EAN 5056239401175.
2026-03-13 13:22:26,372 INFO tools.amazon_playwright_extractor: Proceeding with ASIN: B0CMTXJRSH for EAN: 5056239401175
2026-03-13 13:22:26,372 WARNING tools.amazon_playwright_extractor: No page object provided to extract_data for ASIN B0CMTXJRSH. Getting a new one from BrowserManager.
2026-03-13 13:22:26,372 INFO tools.amazon_playwright_extractor: Reusing existing page: https://www.amazon.co.uk/s?k=5056239401175&ref=nb_sb_noss
2026-03-13 13:22:28,645 INFO tools.amazon_playwright_extractor: Checking for cookie consent pop-up...
2026-03-13 13:22:28,867 INFO tools.amazon_playwright_extractor: Finished checking for cookie consent pop-ups. If one was present and not handled, it might interfere.
2026-03-13 13:22:29,879 INFO tools.amazon_playwright_extractor: Checking for CAPTCHA...
2026-03-13 13:22:32,888 INFO tools.amazon_playwright_extractor: No CAPTCHA page detected by form selector.
2026-03-13 13:22:32,889 INFO tools.amazon_playwright_extractor: Checking for cookie consent pop-up...
2026-03-13 13:22:32,972 INFO tools.amazon_playwright_extractor: Finished checking for cookie consent pop-ups. If one was present and not handled, it might interfere.
2026-03-13 13:22:32,972 INFO tools.amazon_playwright_extractor: Page should be ready. Waiting 5s for stabilization...
2026-03-13 13:22:37,977 INFO tools.amazon_playwright_extractor: Waiting an additional 7s for extensions (Keepa, SellerAmp)...
2026-03-13 13:22:44,986 INFO tools.amazon_playwright_extractor: Extracting all product data for ASIN: B0CMTXJRSH
2026-03-13 13:22:44,987 INFO tools.amazon_playwright_extractor: Extracting basic product information (Title, Price, Images, Amazon Details)...
2026-03-13 13:22:45,032 INFO tools.amazon_playwright_extractor: Title found: 'Cuddles Toddler Spoons Pack of 12 Assorted Colours' via #productTitle
2026-03-13 13:22:45,032 INFO tools.amazon_playwright_extractor: Extracting price details...
2026-03-13 13:22:45,055 INFO tools.amazon_playwright_extractor: Current price: 7.99 via #corePrice_feature_div .a-offscreen
2026-03-13 13:22:45,141 INFO tools.amazon_playwright_extractor: Extracting image URLs...
2026-03-13 13:22:45,169 INFO tools.amazon_playwright_extractor: Main image: https://m.media-amazon.com/images/I/61bRq0SHThL._AC_SL1322_.jpg via #landingImage
2026-03-13 13:22:45,206 INFO tools.amazon_playwright_extractor: Found 3 thumbnails.
2026-03-13 13:22:45,211 INFO tools.amazon_playwright_extractor: Extracting Amazon product details section...
2026-03-13 13:22:45,321 INFO tools.amazon_playwright_extractor: Extracting sales rank information...
2026-03-13 13:22:45,441 INFO tools.amazon_playwright_extractor: Extracting ratings and reviews...
2026-03-13 13:22:45,476 INFO tools.amazon_playwright_extractor: Rating: 4.5 via i[class*='a-icon-star'] span.a-icon-alt
2026-03-13 13:22:45,501 INFO tools.amazon_playwright_extractor: Extracting stock information...
2026-03-13 13:22:45,525 INFO tools.amazon_playwright_extractor: Availability text: 'Only 1 left in stock.' via #availability span.a-color-price
2026-03-13 13:22:45,525 INFO tools.amazon_playwright_extractor: Extracting features/bullets...
2026-03-13 13:22:45,759 INFO tools.amazon_playwright_extractor: Found 5 features.
2026-03-13 13:22:45,759 INFO tools.amazon_playwright_extractor: Extracting product description...
2026-03-13 13:22:45,776 INFO tools.amazon_playwright_extractor: Description found using selector: #productDescription
2026-03-13 13:22:45,776 INFO tools.amazon_playwright_extractor: Extracting product specifications table...
2026-03-13 13:22:45,980 INFO tools.amazon_playwright_extractor: Specifications table parsed using selector: table.a-keyvalue.prodDetTable
2026-03-13 13:22:45,980 INFO tools.amazon_playwright_extractor: Extracting SellerAmp data (if present)...
2026-03-13 13:22:45,980 INFO tools.amazon_playwright_extractor: SellerAmp data extraction is currently disabled as per requirements (Fix 2.3).
2026-03-13 13:22:45,980 INFO tools.amazon_playwright_extractor: Extracting Keepa data (if present)...
2026-03-13 13:22:45,980 INFO tools.amazon_playwright_extractor: Attempting to extract Keepa data...
2026-03-13 13:22:52,075 INFO tools.amazon_playwright_extractor: Keepa iframe found: iframe[id*='keepa']
2026-03-13 13:22:52,096 INFO tools.amazon_playwright_extractor: Keepa Graph AI Analysis is currently disabled as per requirements (Fix 2.4).
2026-03-13 13:22:52,117 INFO tools.amazon_playwright_extractor: Keepa Data tab found. Currently active: False
2026-03-13 13:22:52,117 INFO tools.amazon_playwright_extractor: Clicking Keepa 'Data' tab...
2026-03-13 13:22:54,349 INFO tools.amazon_playwright_extractor: Attempt 1/2: Waiting 12000ms for Product-Details wrapper...
2026-03-13 13:22:55,225 INFO tools.amazon_playwright_extractor: ? Product-Details wrapper appeared on attempt 1
2026-03-13 13:22:55,243 WARNING tools.amazon_playwright_extractor: Product-Details tab visible, but inner grid still not ready – extending wait with retry logic.
2026-03-13 13:22:55,244 INFO tools.amazon_playwright_extractor: Grid attempt 1/3: Waiting 15000ms for grid container...
2026-03-13 13:22:55,354 INFO tools.amazon_playwright_extractor: ? Grid became visible after attempt 1 – continuing.
2026-03-13 13:22:55,385 INFO tools.amazon_playwright_extractor: Parsing Keepa AG Grid for Product Details from: div#MoreTab1 div#grid-product-detail
2026-03-13 13:22:55,428 INFO tools.amazon_playwright_extractor: Primary attempt: Waiting 12 seconds for AG Grid rows to load...
2026-03-13 13:22:56,469 INFO tools.amazon_playwright_extractor: ? Primary attempt successful: 97 rows found
2026-03-13 13:22:56,482 INFO tools.amazon_playwright_extractor: Processing 97 rows in Keepa Product Details AG Grid.
2026-03-13 13:22:57,264 INFO tools.amazon_playwright_extractor: Found potential fee key 'FBA Pick&Pack Fee' with raw value: '£ 2.72' in Keepa AG Grid.
2026-03-13 13:22:57,368 INFO tools.amazon_playwright_extractor: Found potential fee key 'Referral Fee based on current Buy Box price' with raw value: '£ 1.95' in Keepa AG Grid.
2026-03-13 13:22:58,929 INFO tools.amazon_playwright_extractor: ? Successfully parsed 28 items from Keepa Product Details AG Grid.
2026-03-13 13:22:58,930 INFO tools.amazon_playwright_extractor: ASIN B0CMTXJRSH: Attempting to extract EANs from Keepa product_details_tab_data.
2026-03-13 13:22:58,930 INFO tools.amazon_playwright_extractor: ASIN B0CMTXJRSH: EAN '5056239401175' found in Keepa details via key 'Product Codes - EAN'.
2026-03-13 13:22:58,930 INFO tools.amazon_playwright_extractor: ASIN B0CMTXJRSH: BSR not found or invalid from page. Attempting fallback from Keepa.
2026-03-13 13:22:58,930 WARNING tools.amazon_playwright_extractor: ASIN B0CMTXJRSH: Could not find BSR in any Keepa data source.
2026-03-13 13:22:58,930 INFO tools.amazon_playwright_extractor: ✅ Recorded search method 'EAN' for ASIN B0CMTXJRSH
2026-03-13 13:22:58,931 INFO tools.amazon_playwright_extractor: Successfully extracted data for ASIN B0CMTXJRSH (EAN on page: 5056239401175)
2026-03-13 13:22:58,933 INFO windows_save_guardian: ? ATOMIC SAVE: amazon_B0CMTXJRSH_5056239401175.json (25 entries) saved successfully
2026-03-13 13:22:58,936 INFO windows_save_guardian: ? ATOMIC SAVE: amazon_B0CMTXJRSH_5056239401175.json (25 entries) saved successfully
2026-03-13 13:22:58,938 INFO windows_save_guardian: ? ATOMIC SAVE: linking_map.json (3 entries) saved successfully
2026-03-13 13:22:58,938 INFO __main__: Linking map periodic flush: 3 entries
2026-03-13 13:22:58,942 INFO windows_save_guardian: ? ATOMIC SAVE: clearance-king_co_uk__sandbox__f2d5f0a2_processing_state.json (27 entries) saved successfully
2026-03-13 13:22:58,942 INFO utils.fixed_enhanced_state_manager:  ATOMIC SAVE
2026-03-13 13:22:58,942 INFO tools.amazon_playwright_extractor: Searching Amazon by EAN: 9325448071698 for supplier product: 'Smash Fantasy Feet Baby Feeding Bowl with Spoon - Assorted Designs' (FixedAmazonExtractor)
2026-03-13 13:22:58,942 INFO tools.amazon_playwright_extractor: Navigating to Amazon UK to search for EAN: 9325448071698
2026-03-13 13:23:03,352 INFO tools.amazon_playwright_extractor: Waiting for search results page to load for EAN 9325448071698...
2026-03-13 13:23:03,463 INFO tools.amazon_playwright_extractor: Found search results container with selector: div.s-search-results
2026-03-13 13:23:04,112 INFO tools.amazon_playwright_extractor: Found 5 search result elements using selector: div.s-result-item
2026-03-13 13:23:04,113 INFO tools.amazon_playwright_extractor: Processing 5 search result elements for EAN 9325448071698
2026-03-13 13:23:04,148 WARNING tools.amazon_playwright_extractor: ASIN extraction failed: All 4 fallbacks exhausted
2026-03-13 13:23:04,335 INFO tools.amazon_playwright_extractor: Found organic result: ASIN B0FXKYF3XQ - HDMI KVM Switch 1 Monitor 4 Computers EDID 4K60Hz 4 port KVM...
2026-03-13 13:23:04,372 WARNING tools.amazon_playwright_extractor: ASIN extraction failed: All 4 fallbacks exhausted
2026-03-13 13:23:04,414 WARNING tools.amazon_playwright_extractor: ASIN extraction failed: All 4 fallbacks exhausted
2026-03-13 13:23:04,463 INFO tools.amazon_playwright_extractor: 📊 SPONSORED FILTERING RESULTS: 1 organic products, 4 sponsored products filtered out
2026-03-13 13:23:04,464 INFO tools.amazon_playwright_extractor: ✅ EAN SEARCH: Selected first organic result - ASIN B0FXKYF3XQ
2026-03-13 13:23:04,464 INFO tools.amazon_playwright_extractor:    Trusting Amazon's search relevance for EAN 9325448071698
2026-03-13 13:23:04,464 INFO tools.amazon_playwright_extractor:    EAN will be extracted by Keepa during full product data extraction
2026-03-13 13:23:04,464 INFO tools.amazon_playwright_extractor: Single ASIN B0FXKYF3XQ found for EAN 9325448071698.
2026-03-13 13:23:04,464 INFO tools.amazon_playwright_extractor: Proceeding with ASIN: B0FXKYF3XQ for EAN: 9325448071698
2026-03-13 13:23:04,464 WARNING tools.amazon_playwright_extractor: No page object provided to extract_data for ASIN B0FXKYF3XQ. Getting a new one from BrowserManager.
2026-03-13 13:23:04,464 INFO tools.amazon_playwright_extractor: Reusing existing page: https://www.amazon.co.uk/s?k=9325448071698&ref=nb_sb_noss
2026-03-13 13:23:06,951 INFO tools.amazon_playwright_extractor: Checking for cookie consent pop-up...
2026-03-13 13:23:07,742 INFO tools.amazon_playwright_extractor: Finished checking for cookie consent pop-ups. If one was present and not handled, it might interfere.
2026-03-13 13:23:08,749 INFO tools.amazon_playwright_extractor: Checking for CAPTCHA...
2026-03-13 13:23:11,756 INFO tools.amazon_playwright_extractor: No CAPTCHA page detected by form selector.
2026-03-13 13:23:11,756 INFO tools.amazon_playwright_extractor: Checking for cookie consent pop-up...
2026-03-13 13:23:11,813 INFO tools.amazon_playwright_extractor: Finished checking for cookie consent pop-ups. If one was present and not handled, it might interfere.
2026-03-13 13:23:11,813 INFO tools.amazon_playwright_extractor: Page should be ready. Waiting 5s for stabilization...
