2026-02-12 06:25:00,821 - utils.logger - INFO - 🔧 Logging initialised – log file: C:\Users\chris\Desktop\Amazon-FBA-Agent-System-v32 - latest good - Copy (8) - Copy - Copy - POSTLONGRUNPREKIRO2 beforecompletion-\logs\debug\run_custom_poundwholesale-co-uk_20260212_062500.log
2026-02-12 06:25:00,821 - __main__ - INFO - 📋 Debug log file: C:\Users\chris\Desktop\Amazon-FBA-Agent-System-v32 - latest good - Copy (8) - Copy - Copy - POSTLONGRUNPREKIRO2 beforecompletion-\logs\debug\run_custom_poundwholesale-co-uk_20260212_062500.log
2026-02-12 06:25:00,821 - __main__ - DEBUG - Debug logging initialized - full system execution details will be captured
2026-02-12 06:25:00,822 - utils.browser_circuit_breaker - INFO - BrowserCircuitBreaker initialized: threshold=3, timeout=300s
2026-02-12 06:25:00,822 - utils.browser_manager - INFO - ?? BrowserManager singleton initialized with health management
2026-02-12 06:25:01,222 - utils.browser_manager - INFO - ?? Connecting to existing Chrome debug instance on port 9222
2026-02-12 06:25:01,222 - utils.browser_manager - INFO - ?? Per troubleshooting docs: Using existing Chrome debug only
2026-02-12 06:25:03,243 - utils.browser_manager - DEBUG - ?? IPv6 connection failed: Cannot connect to host ::1:9222 ssl:default [The remote computer refused the network connection]
2026-02-12 06:25:03,253 - utils.browser_manager - INFO - ? Chrome debug accessible on IPv4: Chrome/144.0.7559.133
2026-02-12 06:25:03,254 - utils.browser_manager - INFO - ?? Connecting to existing Chrome debug instance...
2026-02-12 06:25:05,277 - utils.browser_manager - DEBUG - ?? Using IPv4 endpoint for CDP connection
2026-02-12 06:25:05,278 - utils.browser_manager - INFO - ?? Using endpoint: http://localhost:9222
2026-02-12 06:25:05,349 - utils.browser_manager - INFO - ? Successfully connected to existing Chrome debug instance
2026-02-12 06:25:05,349 - utils.browser_manager - INFO - ?? Using existing context with 1 pages
2026-02-12 06:25:05,350 - utils.browser_manager - INFO - ?? Connected to existing Chrome: 144.0.7559.133
2026-02-12 06:25:05,350 - utils.browser_manager - DEBUG - ? Browser connection healthy - version: healthy
2026-02-12 06:25:05,350 - utils.browser_manager - INFO - ?? Reusing existing page in persistent context.
2026-02-12 06:25:05,350 - __main__ - INFO - 🔐 Initializing Poundwholesale authentication helper...
2026-02-12 06:25:05,350 - __main__ - ERROR - 🚨 Credentials for poundwholesale.co.uk not found in config. Exiting.
2026-02-12 06:25:05,351 - __main__ - INFO - 🌐 Keeping browser persistent for next run - not closing browser
2026-02-12 06:25:05,352 - utils.browser_manager - WARNING - Error during global cleanup: no running event loop
