2025-10-04 02:55:41,018 - utils.logger - INFO - 🔧 Logging initialised – log file: C:\Users\chris\Desktop\Amazon-FBA-Agent-System-v32 - latest good - Copy (8) - Copy - Copy - POSTLONGRUNPREKIRO2 beforecompletion-\logs\debug\run_custom_poundwholesale_20251004_025541.log
2025-10-04 02:55:41,018 - __main__ - INFO - 📋 Debug log file: C:\Users\chris\Desktop\Amazon-FBA-Agent-System-v32 - latest good - Copy (8) - Copy - Copy - POSTLONGRUNPREKIRO2 beforecompletion-\logs\debug\run_custom_poundwholesale_20251004_025541.log
2025-10-04 02:55:41,019 - __main__ - DEBUG - Debug logging initialized - full system execution details will be captured
2025-10-04 02:55:41,019 - utils.browser_circuit_breaker - INFO - BrowserCircuitBreaker initialized: threshold=3, timeout=300s
2025-10-04 02:55:41,023 - utils.browser_manager - INFO - ?? BrowserManager singleton initialized with health management
2025-10-04 02:55:41,592 - utils.browser_manager - INFO - ?? Connecting to existing Chrome debug instance on port 9222
2025-10-04 02:55:41,592 - utils.browser_manager - INFO - ?? Per troubleshooting docs: Using existing Chrome debug only
2025-10-04 02:55:41,594 - utils.browser_manager - INFO - ? Chrome debug accessible on IPv6: Chrome/141.0.7390.55
2025-10-04 02:55:41,595 - utils.browser_manager - INFO - ?? Connecting to existing Chrome debug instance...
2025-10-04 02:55:41,597 - utils.browser_manager - DEBUG - ?? Using IPv6 endpoint for CDP connection
2025-10-04 02:55:41,597 - utils.browser_manager - INFO - ?? Using endpoint: http://[::1]:9222
2025-10-04 02:55:41,881 - utils.browser_manager - INFO - ? Successfully connected to existing Chrome debug instance
2025-10-04 02:55:41,881 - utils.browser_manager - INFO - ?? Using existing context with 4 pages
2025-10-04 02:55:41,882 - utils.browser_manager - INFO - ?? Connected to existing Chrome: 141.0.7390.55
2025-10-04 02:55:41,882 - utils.browser_manager - DEBUG - ? Browser connection healthy - version: healthy
2025-10-04 02:55:41,882 - utils.browser_manager - INFO - ?? Reusing existing page in persistent context.
2025-10-04 02:55:41,882 - __main__ - INFO - 🔐 Initializing Clearance King authentication helper...
2025-10-04 02:55:41,882 - __main__ - INFO - ✅ Using configured credentials for clearance-king.co.uk
2025-10-04 02:55:41,883 - __main__ - INFO - 🌐 Connecting to existing Chrome debug port 9222 for authentication...
2025-10-04 02:55:41,943 - tools.clearance_king.supplier_authentication_service - INFO - ❌ Login link found - not authenticated
2025-10-04 02:55:41,944 - __main__ - INFO - 🔐 Not authenticated, initiating login...
2025-10-04 02:55:41,944 - tools.clearance_king.supplier_authentication_service - INFO - 🔐 Starting login process for Clearance King...
2025-10-04 02:55:41,945 - tools.clearance_king.supplier_authentication_service - INFO - 🚀 Performing login via StandalonePlaywrightLogin...
2025-10-04 02:55:41,945 - tools.standalone_playwright_login - INFO - 🔐 Starting Playwright login...
2025-10-04 02:55:41,945 - tools.standalone_playwright_login - INFO - 🌐 Navigating to login page: https://www.clearance-king.co.uk/customer/account/login/
2025-10-04 02:55:47,745 - tools.standalone_playwright_login - INFO - ✅ Filled email using selector: input[name="email"]
2025-10-04 02:55:48,761 - tools.standalone_playwright_login - INFO - 🔍 Using config password selector: input#pass
2025-10-04 02:55:48,762 - tools.standalone_playwright_login - DEBUG - Trying password selector: input#pass
2025-10-04 02:55:48,768 - tools.standalone_playwright_login - DEBUG - Password selector 'input#pass' not visible
2025-10-04 02:55:48,768 - tools.standalone_playwright_login - DEBUG - Trying password selector: input[name="login[password]"]
2025-10-04 02:55:48,773 - tools.standalone_playwright_login - DEBUG - Password selector 'input[name="login[password]"]' not visible
2025-10-04 02:55:48,773 - tools.standalone_playwright_login - DEBUG - Trying password selector: input[name="password"]
2025-10-04 02:55:48,778 - tools.standalone_playwright_login - DEBUG - Password selector 'input[name="password"]' not visible
2025-10-04 02:55:48,778 - tools.standalone_playwright_login - DEBUG - Trying password selector: input[type="password"]
2025-10-04 02:55:48,783 - tools.standalone_playwright_login - DEBUG - Password selector 'input[type="password"]' not visible
2025-10-04 02:55:48,783 - tools.standalone_playwright_login - DEBUG - Trying password selector: #password
2025-10-04 02:55:48,788 - tools.standalone_playwright_login - DEBUG - Password selector '#password' not visible
2025-10-04 02:55:48,788 - tools.standalone_playwright_login - DEBUG - Trying password selector: #pass
2025-10-04 02:55:48,794 - tools.standalone_playwright_login - DEBUG - Password selector '#pass' not visible
2025-10-04 02:55:48,794 - tools.standalone_playwright_login - DEBUG - Trying password selector: #customer_password
2025-10-04 02:55:48,799 - tools.standalone_playwright_login - DEBUG - Password selector '#customer_password' not visible
2025-10-04 02:55:48,799 - tools.standalone_playwright_login - DEBUG - Trying password selector: .password-field
2025-10-04 02:55:48,804 - tools.standalone_playwright_login - DEBUG - Password selector '.password-field' not visible
2025-10-04 02:55:48,804 - tools.standalone_playwright_login - DEBUG - Trying password selector: input[id*="password"]
2025-10-04 02:55:48,810 - tools.standalone_playwright_login - DEBUG - Password selector 'input[id*="password"]' not visible
2025-10-04 02:55:48,810 - tools.standalone_playwright_login - DEBUG - Trying password selector: input[autocomplete="current-password"]
2025-10-04 02:55:48,816 - tools.standalone_playwright_login - DEBUG - Password selector 'input[autocomplete="current-password"]' not visible
2025-10-04 02:55:48,816 - tools.clearance_king.supplier_authentication_service - ERROR - ❌ Login failed: Could not find or fill password field
2025-10-04 02:55:48,816 - __main__ - ERROR - ❌ Authentication failed. Exiting workflow.
2025-10-04 02:55:48,817 - __main__ - WARNING - ⚠️ Browser cleanup warning: 'BrowserManager' object has no attribute 'cleanup'
2025-10-04 02:55:48,818 - utils.browser_manager - WARNING - Error during global cleanup: no running event loop
