2025-09-12 06:44:32,791 - utils.logger - INFO - 🔧 Logging initialised – log file: C:\Users\chris\Desktop\Amazon-FBA-Agent-System-v32 - latest good - Copy (8) - Copy - Copy - POSTLONGRUNPREKIRO2 beforecompletion-\logs\debug\run_custom_poundwholesale_20250912_064432.log
2025-09-12 06:44:32,791 - __main__ - INFO - 📋 Debug log file: C:\Users\chris\Desktop\Amazon-FBA-Agent-System-v32 - latest good - Copy (8) - Copy - Copy - POSTLONGRUNPREKIRO2 beforecompletion-\logs\debug\run_custom_poundwholesale_20250912_064432.log
2025-09-12 06:44:32,792 - __main__ - DEBUG - Debug logging initialized - full system execution details will be captured
2025-09-12 06:44:32,793 - utils.browser_circuit_breaker - INFO - BrowserCircuitBreaker initialized: threshold=3, timeout=300s
2025-09-12 06:44:32,794 - utils.browser_manager - INFO - 🔧 BrowserManager singleton initialized with health management
2025-09-12 06:44:33,399 - utils.browser_manager - INFO - 🔌 Connecting to existing Chrome debug instance on port 9222
2025-09-12 06:44:33,399 - utils.browser_manager - INFO - 📜 Per troubleshooting docs: Using existing Chrome debug only
2025-09-12 06:44:33,404 - utils.browser_manager - INFO - ✅ Chrome debug accessible on IPv6: Chrome/140.0.7339.127
2025-09-12 06:44:33,405 - utils.browser_manager - INFO - 🔌 Connecting to existing Chrome debug instance...
2025-09-12 06:44:33,408 - utils.browser_manager - DEBUG - 🌐 Using IPv6 endpoint for CDP connection
2025-09-12 06:44:33,408 - utils.browser_manager - INFO - 🌐 Using endpoint: http://[::1]:9222
2025-09-12 06:44:33,438 - utils.browser_manager - ERROR - ❌ Failed to connect to existing Chrome debug instance: BrowserType.connect_over_cdp: connect EACCES ::1:9222 - Local (undefined:undefined)
Call log:
  - <ws preparing> retrieving websocket url from http://[::1]:9222

2025-09-12 06:44:33,455 - utils.browser_manager - ERROR - 🚨 CHROME DEBUG TROUBLESHOOTING STEPS:
2025-09-12 06:44:33,455 - utils.browser_manager - ERROR -    1. Ensure Chrome is manually launched with debug flags:
2025-09-12 06:44:33,456 - utils.browser_manager - ERROR -       chrome --remote-debugging-port=9222 --user-data-dir=C:\ChromeDebugProfile
2025-09-12 06:44:33,456 - utils.browser_manager - ERROR -    2. Verify Chrome debug is accessible:
2025-09-12 06:44:33,457 - utils.browser_manager - ERROR -       curl http://localhost:9222/json/version
2025-09-12 06:44:33,457 - utils.browser_manager - ERROR -    3. Check if port 9222 is in use:
2025-09-12 06:44:33,457 - utils.browser_manager - ERROR -       netstat -an | findstr :9222
2025-09-12 06:44:33,458 - utils.browser_manager - ERROR -    4. Kill existing Chrome processes if needed:
2025-09-12 06:44:33,458 - utils.browser_manager - ERROR -       taskkill /F /IM chrome.exe
2025-09-12 06:44:33,458 - utils.browser_manager - ERROR -    5. Restart Chrome with proper debug flags and try again
2025-09-12 06:44:33,458 - utils.browser_manager - ERROR -    📚 Reference: TROUBLESHOOTING.md - Browser & Chrome Issues
2025-09-12 06:44:33,459 - __main__ - CRITICAL - 💥 A critical error occurred in the main workflow: Failed to connect to existing Chrome debug instance on port 9222. Chrome must be manually launched first.
Traceback (most recent call last):
  File "C:\Users\chris\Desktop\Amazon-FBA-Agent-System-v32 - latest good - Copy (8) - Copy - Copy - POSTLONGRUNPREKIRO2 beforecompletion-\utils\browser_manager.py", line 108, in launch_browser
    self.browser = await self.playwright.chromium.connect_over_cdp(
                   ^^^^^^^^^^^^^^^^^^^^^^^^^^^^^^^^^^^^^^^^^^^^^^^^
    ...<3 lines>...
    )
    ^
  File "C:\Users\chris\AppData\Roaming\Python\Python313\site-packages\playwright\async_api\_generated.py", line 14849, in connect_over_cdp
    await self._impl_obj.connect_over_cdp(
    ...<4 lines>...
    )
  File "C:\Users\chris\AppData\Roaming\Python\Python313\site-packages\playwright\_impl\_browser_type.py", line 207, in connect_over_cdp
    response = await self._channel.send_return_as_dict(
               ^^^^^^^^^^^^^^^^^^^^^^^^^^^^^^^^^^^^^^^^
        "connectOverCDP", TimeoutSettings.launch_timeout, params
        ^^^^^^^^^^^^^^^^^^^^^^^^^^^^^^^^^^^^^^^^^^^^^^^^^^^^^^^^
    )
    ^
  File "C:\Users\chris\AppData\Roaming\Python\Python313\site-packages\playwright\_impl\_connection.py", line 83, in send_return_as_dict
    return await self._connection.wrap_api_call(
           ^^^^^^^^^^^^^^^^^^^^^^^^^^^^^^^^^^^^^
    ...<3 lines>...
    )
    ^
  File "C:\Users\chris\AppData\Roaming\Python\Python313\site-packages\playwright\_impl\_connection.py", line 558, in wrap_api_call
    raise rewrite_error(error, f"{parsed_st['apiName']}: {error}") from None
playwright._impl._errors.Error: BrowserType.connect_over_cdp: connect EACCES ::1:9222 - Local (undefined:undefined)
Call log:
  - <ws preparing> retrieving websocket url from http://[::1]:9222


During handling of the above exception, another exception occurred:

Traceback (most recent call last):
  File "C:\Users\chris\Desktop\Amazon-FBA-Agent-System-v32 - latest good - Copy (8) - Copy - Copy - POSTLONGRUNPREKIRO2 beforecompletion-\run_custom_poundwholesale.py", line 60, in main
    await browser_manager.launch_browser(cdp_port=chrome_debug_port)
  File "C:\Users\chris\Desktop\Amazon-FBA-Agent-System-v32 - latest good - Copy (8) - Copy - Copy - POSTLONGRUNPREKIRO2 beforecompletion-\utils\browser_manager.py", line 139, in launch_browser
    raise Exception(f"Failed to connect to existing Chrome debug instance on port {cdp_port}. Chrome must be manually launched first.")
Exception: Failed to connect to existing Chrome debug instance on port 9222. Chrome must be manually launched first.
2025-09-12 06:44:33,462 - __main__ - INFO - 🌐 Keeping browser persistent for next run - not closing browser
2025-09-12 06:44:33,465 - utils.browser_manager - WARNING - Error during global cleanup: no running event loop
