2026-02-12 06:50:23,264 - utils.logger - INFO - 🔧 Logging initialised – log file: C:\Users\chris\Desktop\Amazon-FBA-Agent-System-v32 - latest good - Copy (8) - Copy - Copy - POSTLONGRUNPREKIRO2 beforecompletion-\logs\debug\run_custom_poundwholesale-co-uk_20260212_065023.log
2026-02-12 06:50:23,264 - __main__ - INFO - 📋 Debug log file: C:\Users\chris\Desktop\Amazon-FBA-Agent-System-v32 - latest good - Copy (8) - Copy - Copy - POSTLONGRUNPREKIRO2 beforecompletion-\logs\debug\run_custom_poundwholesale-co-uk_20260212_065023.log
2026-02-12 06:50:23,265 - __main__ - DEBUG - Debug logging initialized - full system execution details will be captured
2026-02-12 06:50:23,268 - utils.browser_circuit_breaker - INFO - BrowserCircuitBreaker initialized: threshold=3, timeout=300s
2026-02-12 06:50:23,269 - utils.browser_manager - INFO - ?? BrowserManager singleton initialized with health management
2026-02-12 06:50:23,616 - utils.browser_manager - INFO - ?? Connecting to existing Chrome debug instance on port 9222
2026-02-12 06:50:23,616 - utils.browser_manager - INFO - ?? Per troubleshooting docs: Using existing Chrome debug only
2026-02-12 06:50:25,663 - utils.browser_manager - DEBUG - ?? IPv6 connection failed: Cannot connect to host ::1:9222 ssl:default [The remote computer refused the network connection]
2026-02-12 06:50:25,670 - utils.browser_manager - INFO - ? Chrome debug accessible on IPv4: Chrome/144.0.7559.133
2026-02-12 06:50:25,670 - utils.browser_manager - INFO - ?? Connecting to existing Chrome debug instance...
2026-02-12 06:50:27,703 - utils.browser_manager - DEBUG - ?? Using IPv4 endpoint for CDP connection
2026-02-12 06:50:27,703 - utils.browser_manager - INFO - ?? Using endpoint: http://localhost:9222
2026-02-12 06:50:27,775 - utils.browser_manager - INFO - ? Successfully connected to existing Chrome debug instance
2026-02-12 06:50:27,776 - utils.browser_manager - INFO - ?? Using existing context with 1 pages
2026-02-12 06:50:27,776 - utils.browser_manager - INFO - ?? Connected to existing Chrome: 144.0.7559.133
2026-02-12 06:50:27,776 - utils.browser_manager - DEBUG - ? Browser connection healthy - version: healthy
2026-02-12 06:50:27,776 - utils.browser_manager - INFO - ?? Reusing existing page in persistent context.
2026-02-12 06:50:27,776 - __main__ - INFO - 🔐 Initializing Poundwholesale authentication helper...
2026-02-12 06:50:27,776 - __main__ - INFO - ✅ Using hardcoded credentials for poundwholesale.co.uk
2026-02-12 06:50:27,777 - __main__ - INFO - 🌐 Connecting to existing Chrome debug port 9222 for authentication...
2026-02-12 06:50:45,870 - tools.poundwholesale.supplier_authentication_service - INFO - ❌ Login link found - not authenticated
2026-02-12 06:50:45,871 - __main__ - INFO - 🔐 Not authenticated, initiating login...
2026-02-12 06:50:45,871 - tools.poundwholesale.supplier_authentication_service - INFO - 🔐 Starting login process for Poundwholesale...
2026-02-12 06:50:45,871 - tools.poundwholesale.supplier_authentication_service - INFO - 🌐 Navigating to login page: https://www.poundwholesale.co.uk/customer/account/login/
2026-02-12 06:50:48,198 - tools.poundwholesale.supplier_authentication_service - INFO - 📧 Filling email field...
2026-02-12 06:50:48,408 - tools.poundwholesale.supplier_authentication_service - INFO - 🔑 Filling password field...
2026-02-12 06:50:48,581 - tools.poundwholesale.supplier_authentication_service - INFO - 🚀 Clicking login button...
2026-02-12 06:50:56,161 - __main__ - INFO - 🌐 Keeping browser persistent for next run - not closing browser
2026-02-12 06:50:56,164 - utils.browser_manager - WARNING - Error during global cleanup: no running event loop
