2026-02-11 05:57:48,726 - utils.logger - INFO - 🔧 Logging initialised – log file: C:\Users\chris\Desktop\Amazon-FBA-Agent-System-v32 - latest good - Copy (8) - Copy - Copy - POSTLONGRUNPREKIRO2 beforecompletion-\logs\debug\run_custom_efghousewares-co-uk_20260211_055748.log
2026-02-11 05:57:48,726 - __main__ - INFO - 📄 Debug log file: C:\Users\chris\Desktop\Amazon-FBA-Agent-System-v32 - latest good - Copy (8) - Copy - Copy - POSTLONGRUNPREKIRO2 beforecompletion-\logs\debug\run_custom_efghousewares-co-uk_20260211_055748.log
2026-02-11 05:57:48,727 - utils.browser_circuit_breaker - INFO - BrowserCircuitBreaker initialized: threshold=3, timeout=300s
2026-02-11 05:57:48,727 - utils.browser_manager - INFO - ?? BrowserManager singleton initialized with health management
2026-02-11 05:57:49,471 - utils.browser_manager - INFO - ?? Connecting to existing Chrome debug instance on port 9222
2026-02-11 05:57:49,471 - utils.browser_manager - INFO - ?? Per troubleshooting docs: Using existing Chrome debug only
2026-02-11 05:57:51,490 - utils.browser_manager - DEBUG - ?? IPv6 connection failed: Cannot connect to host ::1:9222 ssl:default [The remote computer refused the network connection]
2026-02-11 05:57:51,504 - utils.browser_manager - INFO - ? Chrome debug accessible on IPv4: Chrome/144.0.7559.133
2026-02-11 05:57:51,505 - utils.browser_manager - INFO - ?? Connecting to existing Chrome debug instance...
2026-02-11 05:57:53,541 - utils.browser_manager - DEBUG - ?? Using IPv4 endpoint for CDP connection
2026-02-11 05:57:53,542 - utils.browser_manager - INFO - ?? Using endpoint: http://localhost:9222
2026-02-11 05:57:53,628 - utils.browser_manager - INFO - ? Successfully connected to existing Chrome debug instance
2026-02-11 05:57:53,628 - utils.browser_manager - INFO - ?? Using existing context with 1 pages
2026-02-11 05:57:53,628 - utils.browser_manager - INFO - ?? Connected to existing Chrome: 144.0.7559.133
2026-02-11 05:57:53,628 - utils.browser_manager - DEBUG - ? Browser connection healthy - version: healthy
2026-02-11 05:57:53,628 - utils.browser_manager - INFO - ?? Reusing existing page in persistent context.
2026-02-11 05:57:53,628 - __main__ - INFO - 🔐 Checking supplier authentication status...
2026-02-11 05:57:57,313 - tools.efghousewares.supplier_authentication_service - INFO - ❌ User is not authenticated (redirected to login)
2026-02-11 05:57:57,313 - __main__ - ERROR - ❌ Credentials for efghousewares.co.uk__sandbox__69918502 not found in config; cannot login.
2026-02-11 05:57:57,313 - __main__ - INFO - 🧠 Keeping browser persistent for next run - not calling cleanup()
2026-02-11 05:57:57,316 - utils.browser_manager - WARNING - Error during global cleanup: no running event loop
