2025-09-15 12:15:40,731 - utils.logger - INFO - 🔧 Logging initialised – log file: C:\Users\chris\Desktop\Amazon-FBA-Agent-System-v32 - latest good - Copy (8) - Copy - Copy - POSTLONGRUNPREKIRO2 beforecompletion-\logs\debug\run_custom_poundwholesale_20250915_121540.log
2025-09-15 12:15:40,732 - __main__ - INFO - 📋 Debug log file: C:\Users\chris\Desktop\Amazon-FBA-Agent-System-v32 - latest good - Copy (8) - Copy - Copy - POSTLONGRUNPREKIRO2 beforecompletion-\logs\debug\run_custom_poundwholesale_20250915_121540.log
2025-09-15 12:15:40,732 - __main__ - DEBUG - Debug logging initialized - full system execution details will be captured
2025-09-15 12:15:40,733 - utils.browser_circuit_breaker - INFO - BrowserCircuitBreaker initialized: threshold=3, timeout=300s
2025-09-15 12:15:40,738 - utils.browser_manager - INFO - 🔧 BrowserManager singleton initialized with health management
2025-09-15 12:15:41,330 - utils.browser_manager - INFO - 🔌 Connecting to existing Chrome debug instance on port 9222
2025-09-15 12:15:41,331 - utils.browser_manager - INFO - 📜 Per troubleshooting docs: Using existing Chrome debug only
2025-09-15 12:15:41,333 - utils.browser_manager - INFO - ✅ Chrome debug accessible on IPv6: Chrome/140.0.7339.128
2025-09-15 12:15:41,334 - utils.browser_manager - INFO - 🔌 Connecting to existing Chrome debug instance...
2025-09-15 12:15:41,335 - utils.browser_manager - DEBUG - 🌐 Using IPv6 endpoint for CDP connection
2025-09-15 12:15:41,336 - utils.browser_manager - INFO - 🌐 Using endpoint: http://[::1]:9222
2025-09-15 12:15:41,611 - utils.browser_manager - INFO - ✅ Successfully connected to existing Chrome debug instance
2025-09-15 12:15:41,611 - utils.browser_manager - INFO - 📄 Using existing context with 2 pages
2025-09-15 12:15:41,611 - utils.browser_manager - INFO - 🔍 Connected to existing Chrome: 140.0.7339.128
2025-09-15 12:15:41,611 - utils.browser_manager - DEBUG - ✅ Browser connection healthy - version: healthy
2025-09-15 12:15:41,612 - utils.browser_manager - INFO - ♻️ Reusing existing page in persistent context.
2025-09-15 12:15:41,619 - utils.browser_manager - DEBUG - Brought reused page to front for visibility
2025-09-15 12:15:41,620 - __main__ - INFO - 🔐 Initializing authentication service for logout detection...
2025-09-15 12:15:41,620 - __main__ - INFO - ✅ Using hardcoded credentials for poundwholesale.co.uk
2025-09-15 12:15:41,620 - __main__ - INFO - 🌐 Connecting to existing Chrome debug port 9222 for authentication...
2025-09-15 12:15:46,196 - __main__ - INFO - 🌐 Keeping browser persistent for next run - not closing browser
2025-09-15 12:15:46,197 - utils.browser_manager - WARNING - Error during global cleanup: no running event loop
