2025-11-08 11:29:06,754 - utils.logger - INFO - 🔧 Logging initialised – log file: C:\Users\chris\Desktop\Amazon-FBA-Agent-System-v32 - latest good - Copy (8) - Copy - Copy - POSTLONGRUNPREKIRO2 beforecompletion-\logs\debug\run_custom_poundwholesale_20251108_112906.log
2025-11-08 11:29:06,755 - __main__ - INFO - 📋 Debug log file: C:\Users\chris\Desktop\Amazon-FBA-Agent-System-v32 - latest good - Copy (8) - Copy - Copy - POSTLONGRUNPREKIRO2 beforecompletion-\logs\debug\run_custom_poundwholesale_20251108_112906.log
2025-11-08 11:29:06,755 - __main__ - DEBUG - Debug logging initialized - full system execution details will be captured
2025-11-08 11:29:06,755 - utils.browser_circuit_breaker - INFO - BrowserCircuitBreaker initialized: threshold=3, timeout=300s
2025-11-08 11:29:06,755 - utils.browser_manager - INFO - ?? BrowserManager singleton initialized with health management
2025-11-08 11:29:07,141 - utils.browser_manager - INFO - ?? Connecting to existing Chrome debug instance on port 9222
2025-11-08 11:29:07,141 - utils.browser_manager - INFO - ?? Per troubleshooting docs: Using existing Chrome debug only
2025-11-08 11:29:09,183 - utils.browser_manager - DEBUG - ?? IPv6 connection failed: Cannot connect to host ::1:9222 ssl:default [The remote computer refused the network connection]
2025-11-08 11:29:09,196 - utils.browser_manager - INFO - ? Chrome debug accessible on IPv4: Chrome/142.0.7444.134
2025-11-08 11:29:09,196 - utils.browser_manager - INFO - ?? Connecting to existing Chrome debug instance...
2025-11-08 11:29:11,243 - utils.browser_manager - DEBUG - ?? Using IPv4 endpoint for CDP connection
2025-11-08 11:29:11,243 - utils.browser_manager - INFO - ?? Using endpoint: http://localhost:9222
2025-11-08 11:29:11,451 - utils.browser_manager - INFO - ? Successfully connected to existing Chrome debug instance
2025-11-08 11:29:11,451 - utils.browser_manager - INFO - ?? Using existing context with 1 pages
2025-11-08 11:29:11,451 - utils.browser_manager - INFO - ?? Connected to existing Chrome: 142.0.7444.134
2025-11-08 11:29:11,451 - utils.browser_manager - DEBUG - ? Browser connection healthy - version: healthy
2025-11-08 11:29:11,451 - utils.browser_manager - INFO - ?? Reusing existing page in persistent context.
2025-11-08 11:29:11,451 - __main__ - INFO - 🔐 Initializing Clearance King authentication helper...
2025-11-08 11:29:11,451 - __main__ - INFO - ✅ Using configured credentials for clearance-king.co.uk
2025-11-08 11:29:11,451 - __main__ - INFO - 🌐 Connecting to existing Chrome debug port 9222 for authentication...
2025-11-08 11:29:11,451 - tools.standalone_playwright_login - INFO - 🔍 Verifying price access...
2025-11-08 11:29:23,293 - tools.standalone_playwright_login - INFO - ✅ Price access confirmed: £0.58
2025-11-08 11:29:23,293 - tools.clearance_king.supplier_authentication_service - INFO - ✅ Price visible on test product — authenticated
2025-11-08 11:29:23,293 - __main__ - INFO - ✅ Already authenticated!
2025-11-08 11:29:23,294 - PassiveExtractionWorkflow - INFO - MODULE PATH: C:\Users\chris\Desktop\Amazon-FBA-Agent-System-v32 - latest good - Copy (8) - Copy - Copy - POSTLONGRUNPREKIRO2 beforecompletion-\tools\passive_extraction_workflow_latest.py
2025-11-08 11:29:23,295 - __main__ - ERROR - Unexpected error in main workflow: 'PathManager' object has no attribute 'get_output_path'
Traceback (most recent call last):
  File "C:\Users\chris\Desktop\Amazon-FBA-Agent-System-v32 - latest good - Copy (8) - Copy - Copy - POSTLONGRUNPREKIRO2 beforecompletion-\run_custom_clearance_king.py", line 99, in main
    workflow = PassiveExtractionWorkflow(
        config_loader=config_loader,
        workflow_config=workflow_config,
        browser_manager=browser_manager
    )
  File "C:\Users\chris\Desktop\Amazon-FBA-Agent-System-v32 - latest good - Copy (8) - Copy - Copy - POSTLONGRUNPREKIRO2 beforecompletion-\tools\passive_extraction_workflow_latest.py", line 1399, in __init__
    self.supplier_cache_dir = str(path_manager.get_output_path("cached_products"))
                                  ^^^^^^^^^^^^^^^^^^^^^^^^^^^^
AttributeError: 'PathManager' object has no attribute 'get_output_path'
2025-11-08 11:29:23,299 - __main__ - WARNING - ⚠️ Browser cleanup warning: 'BrowserManager' object has no attribute 'cleanup'
2025-11-08 11:29:23,307 - utils.browser_manager - WARNING - Error during global cleanup: no running event loop
