2026-02-12 06:27:13,016 - utils.logger - INFO - 🔧 Logging initialised – log file: C:\Users\chris\Desktop\Amazon-FBA-Agent-System-v32 - latest good - Copy (8) - Copy - Copy - POSTLONGRUNPREKIRO2 beforecompletion-\logs\debug\run_custom_20260212_062713.log
2026-02-12 06:27:13,017 - __main__ - INFO - 📋 Debug log file: C:\Users\chris\Desktop\Amazon-FBA-Agent-System-v32 - latest good - Copy (8) - Copy - Copy - POSTLONGRUNPREKIRO2 beforecompletion-\logs\debug\run_custom_20260212_062713.log
2026-02-12 06:27:13,018 - __main__ - DEBUG - Debug logging initialized - full system execution details will be captured
2026-02-12 06:27:13,020 - utils.browser_circuit_breaker - INFO - BrowserCircuitBreaker initialized: threshold=3, timeout=300s
2026-02-12 06:27:13,025 - utils.browser_manager - INFO - ?? BrowserManager singleton initialized with health management
2026-02-12 06:27:13,511 - utils.browser_manager - INFO - ?? Connecting to existing Chrome debug instance on port 9222
2026-02-12 06:27:13,511 - utils.browser_manager - INFO - ?? Per troubleshooting docs: Using existing Chrome debug only
2026-02-12 06:27:15,540 - utils.browser_manager - DEBUG - ?? IPv6 connection failed: Cannot connect to host ::1:9222 ssl:default [The remote computer refused the network connection]
2026-02-12 06:27:15,545 - utils.browser_manager - INFO - ? Chrome debug accessible on IPv4: Chrome/144.0.7559.133
2026-02-12 06:27:15,545 - utils.browser_manager - INFO - ?? Connecting to existing Chrome debug instance...
2026-02-12 06:27:17,556 - utils.browser_manager - DEBUG - ?? Using IPv4 endpoint for CDP connection
2026-02-12 06:27:17,556 - utils.browser_manager - INFO - ?? Using endpoint: http://localhost:9222
2026-02-12 06:27:17,615 - utils.browser_manager - INFO - ? Successfully connected to existing Chrome debug instance
2026-02-12 06:27:17,616 - utils.browser_manager - INFO - ?? Using existing context with 1 pages
2026-02-12 06:27:17,616 - utils.browser_manager - INFO - ?? Connected to existing Chrome: 144.0.7559.133
2026-02-12 06:27:17,616 - utils.browser_manager - DEBUG - ? Browser connection healthy - version: healthy
2026-02-12 06:27:17,616 - utils.browser_manager - INFO - ?? Reusing existing page in persistent context.
2026-02-12 06:27:17,616 - __main__ - INFO - 🔐 Initializing Clearance King authentication helper...
2026-02-12 06:27:17,617 - __main__ - ERROR - 🚨 Credentials for clearance-king.co.uk not found in config. Exiting.
2026-02-12 06:27:17,617 - __main__ - WARNING - ⚠️ Browser cleanup warning: 'BrowserManager' object has no attribute 'cleanup'
2026-02-12 06:27:17,618 - utils.browser_manager - WARNING - Error during global cleanup: no running event loop
