2025-12-04 07:24:26,868 - utils.logger - INFO - 🔧 Logging initialised – log file: C:\Users\chris\Desktop\Amazon-FBA-Agent-System-v32 - latest good - Copy (8) - Copy - Copy - POSTLONGRUNPREKIRO2 beforecompletion-\logs\debug\run_custom_poundwholesale_20251204_072426.log
2025-12-04 07:24:26,868 - __main__ - INFO - 📋 Debug log file: C:\Users\chris\Desktop\Amazon-FBA-Agent-System-v32 - latest good - Copy (8) - Copy - Copy - POSTLONGRUNPREKIRO2 beforecompletion-\logs\debug\run_custom_poundwholesale_20251204_072426.log
2025-12-04 07:24:26,868 - __main__ - DEBUG - Debug logging initialized - full system execution details will be captured
2025-12-04 07:24:26,869 - utils.browser_circuit_breaker - INFO - BrowserCircuitBreaker initialized: threshold=3, timeout=300s
2025-12-04 07:24:26,873 - utils.browser_manager - INFO - ?? BrowserManager singleton initialized with health management
2025-12-04 07:24:27,183 - utils.browser_manager - INFO - ?? Connecting to existing Chrome debug instance on port 9222
2025-12-04 07:24:27,183 - utils.browser_manager - INFO - ?? Per troubleshooting docs: Using existing Chrome debug only
2025-12-04 07:24:27,185 - utils.browser_manager - INFO - ? Chrome debug accessible on IPv6: Chrome/142.0.7444.177
2025-12-04 07:24:27,185 - utils.browser_manager - INFO - ?? Connecting to existing Chrome debug instance...
2025-12-04 07:24:27,186 - utils.browser_manager - DEBUG - ?? Using IPv6 endpoint for CDP connection
2025-12-04 07:24:27,186 - utils.browser_manager - INFO - ?? Using endpoint: http://[::1]:9222
2025-12-04 07:24:27,246 - utils.browser_manager - INFO - ? Successfully connected to existing Chrome debug instance
2025-12-04 07:24:27,246 - utils.browser_manager - INFO - ?? Using existing context with 2 pages
2025-12-04 07:24:27,247 - utils.browser_manager - INFO - ?? Connected to existing Chrome: 142.0.7444.177
2025-12-04 07:24:27,247 - utils.browser_manager - DEBUG - ? Browser connection healthy - version: healthy
2025-12-04 07:24:27,247 - utils.browser_manager - INFO - ?? Reusing existing page in persistent context.
2025-12-04 07:24:27,247 - __main__ - INFO - 🔐 Initializing Dkwholesale authentication helper...
2025-12-04 07:24:27,247 - __main__ - INFO - ✅ Using credentials for dkwholesale.com
2025-12-04 07:24:27,247 - __main__ - INFO - 🌐 Connecting to existing Chrome debug port 9222...
2025-12-04 07:24:28,693 - tools.dkwholesale.supplier_authentication_service - INFO - ✅ Auth indicator found: a[href*="/account"]
2025-12-04 07:24:28,693 - tools.dkwholesale.supplier_authentication_service - INFO - 🔍 Verifying price access...
2025-12-04 07:24:32,790 - tools.dkwholesale.supplier_authentication_service - WARNING - ⚠️ Could not verify price access - no price found
2025-12-04 07:24:32,924 - tools.dkwholesale.supplier_authentication_service - WARNING - ⚠️ Auth indicator found but price verification failed - session may be stale
2025-12-04 07:24:32,924 - __main__ - INFO - 🔐 Not authenticated, initiating login...
2025-12-04 07:24:32,924 - tools.dkwholesale.supplier_authentication_service - INFO - Navigating to https://dkwholesale.com/account/login for login...
2025-12-04 07:24:33,978 - tools.dkwholesale.supplier_authentication_service - INFO - Filling login form...
2025-12-04 07:24:33,978 - tools.dkwholesale.supplier_authentication_service - INFO -   → Entering email: info@theblacksmithmarket.com
2025-12-04 07:25:04,157 - tools.dkwholesale.supplier_authentication_service - ERROR - Login failed with exception: Page.fill: Timeout 30000ms exceeded.
Call log:
  - waiting for locator("#RecoverEmail")
    - locator resolved to <input value="" type="email" name="email" id="RecoverEmail" autocorrect="off" placeholder="Email" autocapitalize="off" autocomplete="email"/>
    - fill("info@theblacksmithmarket.com")
  - attempting fill action
    2 × waiting for element to be visible, enabled and editable
      - element is not visible
    - retrying fill action
    - waiting 20ms
    2 × waiting for element to be visible, enabled and editable
      - element is not visible
    - retrying fill action
      - waiting 100ms
    58 × waiting for element to be visible, enabled and editable
       - element is not visible
     - retrying fill action
       - waiting 500ms

2025-12-04 07:25:04,254 - tools.dkwholesale.supplier_authentication_service - ERROR - 📸 Error screenshot saved to: OUTPUTS/dkwholesale_login_error.png
2025-12-04 07:25:04,254 - __main__ - ERROR - ❌ Authentication failed. Exiting workflow.
2025-12-04 07:25:04,254 - __main__ - INFO - 🌐 Keeping browser persistent for next run - not calling close()
2025-12-04 07:25:04,256 - utils.browser_manager - WARNING - Error during global cleanup: no running event loop
