2025-07-26 13:57:33,845 - utils.logger - INFO - 🔧 Logging initialised – log file: C:\Users\chris\Desktop\Amazon-FBA-Agent-System-v32 - latest good - Copy (3)\logs\debug\run_custom_poundwholesale_20250726_135733.log
2025-07-26 13:57:33,846 - __main__ - INFO - 📋 Debug log file: C:\Users\chris\Desktop\Amazon-FBA-Agent-System-v32 - latest good - Copy (3)\logs\debug\run_custom_poundwholesale_20250726_135733.log
2025-07-26 13:57:33,846 - __main__ - DEBUG - Debug logging initialized - full system execution details will be captured
2025-07-26 13:57:33,847 - config.system_config_loader - ERROR - Failed to parse system config JSON: Expecting ',' delimiter: line 24 column 5 (char 899)
Traceback (most recent call last):
  File "C:\Users\chris\Desktop\Amazon-FBA-Agent-System-v32 - latest good - Copy (3)\config\system_config_loader.py", line 55, in _load
    self._config = json.load(fh)
                   ~~~~~~~~~^^^^
  File "C:\Python313\Lib\json\__init__.py", line 293, in load
    return loads(fp.read(),
        cls=cls, object_hook=object_hook,
        parse_float=parse_float, parse_int=parse_int,
        parse_constant=parse_constant, object_pairs_hook=object_pairs_hook, **kw)
  File "C:\Python313\Lib\json\__init__.py", line 346, in loads
    return _default_decoder.decode(s)
           ~~~~~~~~~~~~~~~~~~~~~~~^^^
  File "C:\Python313\Lib\json\decoder.py", line 345, in decode
    obj, end = self.raw_decode(s, idx=_w(s, 0).end())
               ~~~~~~~~~~~~~~~^^^^^^^^^^^^^^^^^^^^^^^
  File "C:\Python313\Lib\json\decoder.py", line 361, in raw_decode
    obj, end = self.scan_once(s, idx)
               ~~~~~~~~~~~~~~^^^^^^^^
json.decoder.JSONDecodeError: Expecting ',' delimiter: line 24 column 5 (char 899)
2025-07-26 13:57:33,849 - utils.browser_circuit_breaker - INFO - BrowserCircuitBreaker initialized: threshold=3, timeout=300s
2025-07-26 13:57:33,849 - utils.browser_manager - INFO - 🔧 BrowserManager singleton initialized with health management
2025-07-26 13:57:34,431 - utils.browser_manager - INFO - 🔌 Connecting to persistent Chrome on debug port 9222
2025-07-26 13:57:34,559 - utils.browser_manager - INFO - 📄 Using existing context with 1 pages
2025-07-26 13:57:34,559 - utils.browser_manager - INFO - ✅ Connected to persistent Chrome successfully
2025-07-26 13:57:34,559 - utils.browser_manager - DEBUG - ✅ Browser connection healthy - version: healthy
2025-07-26 13:57:34,559 - utils.browser_manager - INFO - ♻️ Reusing existing page in context.
2025-07-26 13:57:34,560 - __main__ - INFO - 🔐 Initializing authentication service for logout detection...
2025-07-26 13:57:34,560 - __main__ - ERROR - 🚨 Credentials for poundwholesale.co.uk not found in config. Exiting.
2025-07-26 13:57:34,560 - __main__ - INFO - 🌐 Keeping browser persistent for next run - not closing browser
2025-07-26 13:57:34,561 - utils.browser_manager - WARNING - Error during global cleanup: no running event loop
