2025-08-29 08:59:30,603 - utils.logger - INFO - 🔧 Logging initialised – log file: C:\Users\chris\Desktop\Amazon-FBA-Agent-System-v32 - latest good - Copy (8) - Copy - Copy - POSTLONGRUNPREKIRO2 beforecompletion-\logs\debug\run_custom_poundwholesale_20250829_085930.log
2025-08-29 08:59:30,603 - __main__ - INFO - 📋 Debug log file: C:\Users\chris\Desktop\Amazon-FBA-Agent-System-v32 - latest good - Copy (8) - Copy - Copy - POSTLONGRUNPREKIRO2 beforecompletion-\logs\debug\run_custom_poundwholesale_20250829_085930.log
2025-08-29 08:59:30,604 - __main__ - DEBUG - Debug logging initialized - full system execution details will be captured
2025-08-29 08:59:30,605 - utils.browser_circuit_breaker - INFO - BrowserCircuitBreaker initialized: threshold=3, timeout=300s
2025-08-29 08:59:30,606 - utils.browser_manager - INFO - 🔧 BrowserManager singleton initialized with health management
2025-08-29 08:59:31,198 - utils.browser_manager - INFO - 🔌 Launching Chrome with profile support (headless: False)
2025-08-29 08:59:31,199 - utils.browser_manager - INFO - 🔄 Using launch_persistent_context for Chrome profile...
2025-08-29 08:59:31,320 - utils.browser_manager - ERROR - ❌ Persistent context method failed: BrowserType.launch_persistent_context: Target page, context or browser has been closed
Browser logs:

<launching> C:\Program Files\Google\Chrome\Application\chrome.exe --disable-field-trial-config --disable-background-networking --disable-background-timer-throttling --disable-backgrounding-occluded-windows --disable-back-forward-cache --disable-breakpad --disable-client-side-phishing-detection --disable-component-extensions-with-background-pages --disable-component-update --no-default-browser-check --disable-default-apps --disable-dev-shm-usage --disable-extensions --disable-features=AcceptCHFrame,AutoExpandDetailsElement,AvoidUnnecessaryBeforeUnloadCheckSync,CertificateTransparencyComponentUpdater,DestroyProfileOnBrowserClose,DialMediaRouteProvider,ExtensionManifestV2Disabled,GlobalMediaControls,HttpsUpgrades,ImprovedCookieControls,LazyFrameLoading,LensOverlay,MediaRouter,PaintHolding,ThirdPartyStoragePartitioning,Translate --allow-pre-commit-input --disable-hang-monitor --disable-ipc-flooding-protection --disable-popup-blocking --disable-prompt-on-repost --disable-renderer-backgrounding --force-color-profile=srgb --metrics-recording-only --no-first-run --password-store=basic --use-mock-keychain --no-service-autorun --export-tagged-pdf --disable-search-engine-choice-screen --unsafely-disable-devtools-self-xss-warnings --edge-skip-compat-layer-relaunch --enable-automation --no-sandbox --remote-debugging-port=9222 --no-first-run --no-default-browser-check --disable-blink-features=AutomationControlled --disable-web-security --disable-features=VizDisplayCompositor --user-data-dir=C:\ChromeDebugProfile --remote-debugging-pipe about:blank
<launched> pid=35304
[pid=35304] <process did exit: exitCode=21, signal=null>
[pid=35304] starting temporary directories cleanup
Call log:
  - <launching> C:\Program Files\Google\Chrome\Application\chrome.exe --disable-field-trial-config --disable-background-networking --disable-background-timer-throttling --disable-backgrounding-occluded-windows --disable-back-forward-cache --disable-breakpad --disable-client-side-phishing-detection --disable-component-extensions-with-background-pages --disable-component-update --no-default-browser-check --disable-default-apps --disable-dev-shm-usage --disable-extensions --disable-features=AcceptCHFrame,AutoExpandDetailsElement,AvoidUnnecessaryBeforeUnloadCheckSync,CertificateTransparencyComponentUpdater,DestroyProfileOnBrowserClose,DialMediaRouteProvider,ExtensionManifestV2Disabled,GlobalMediaControls,HttpsUpgrades,ImprovedCookieControls,LazyFrameLoading,LensOverlay,MediaRouter,PaintHolding,ThirdPartyStoragePartitioning,Translate --allow-pre-commit-input --disable-hang-monitor --disable-ipc-flooding-protection --disable-popup-blocking --disable-prompt-on-repost --disable-renderer-backgrounding --force-color-profile=srgb --metrics-recording-only --no-first-run --password-store=basic --use-mock-keychain --no-service-autorun --export-tagged-pdf --disable-search-engine-choice-screen --unsafely-disable-devtools-self-xss-warnings --edge-skip-compat-layer-relaunch --enable-automation --no-sandbox --remote-debugging-port=9222 --no-first-run --no-default-browser-check --disable-blink-features=AutomationControlled --disable-web-security --disable-features=VizDisplayCompositor --user-data-dir=C:\ChromeDebugProfile --remote-debugging-pipe about:blank
  - <launched> pid=35304
  - [pid=35304] <process did exit: exitCode=21, signal=null>
  - [pid=35304] starting temporary directories cleanup

2025-08-29 08:59:31,321 - utils.browser_manager - ERROR - ❌ Chrome profile connection REQUIRED - no fallback allowed
2025-08-29 08:59:31,322 - utils.browser_manager - ERROR - ❌ System MUST use Chrome with profile for sync functionality
2025-08-29 08:59:31,322 - utils.browser_manager - ERROR - ❌ Please ensure Chrome executable is available at expected path
2025-08-29 08:59:31,336 - utils.browser_manager - ERROR - ❌ Browser setup failed: CRITICAL: Chrome profile launch failed. User requires Chrome profile for sync functionality. Error: BrowserType.launch_persistent_context: Target page, context or browser has been closed
Browser logs:

<launching> C:\Program Files\Google\Chrome\Application\chrome.exe --disable-field-trial-config --disable-background-networking --disable-background-timer-throttling --disable-backgrounding-occluded-windows --disable-back-forward-cache --disable-breakpad --disable-client-side-phishing-detection --disable-component-extensions-with-background-pages --disable-component-update --no-default-browser-check --disable-default-apps --disable-dev-shm-usage --disable-extensions --disable-features=AcceptCHFrame,AutoExpandDetailsElement,AvoidUnnecessaryBeforeUnloadCheckSync,CertificateTransparencyComponentUpdater,DestroyProfileOnBrowserClose,DialMediaRouteProvider,ExtensionManifestV2Disabled,GlobalMediaControls,HttpsUpgrades,ImprovedCookieControls,LazyFrameLoading,LensOverlay,MediaRouter,PaintHolding,ThirdPartyStoragePartitioning,Translate --allow-pre-commit-input --disable-hang-monitor --disable-ipc-flooding-protection --disable-popup-blocking --disable-prompt-on-repost --disable-renderer-backgrounding --force-color-profile=srgb --metrics-recording-only --no-first-run --password-store=basic --use-mock-keychain --no-service-autorun --export-tagged-pdf --disable-search-engine-choice-screen --unsafely-disable-devtools-self-xss-warnings --edge-skip-compat-layer-relaunch --enable-automation --no-sandbox --remote-debugging-port=9222 --no-first-run --no-default-browser-check --disable-blink-features=AutomationControlled --disable-web-security --disable-features=VizDisplayCompositor --user-data-dir=C:\ChromeDebugProfile --remote-debugging-pipe about:blank
<launched> pid=35304
[pid=35304] <process did exit: exitCode=21, signal=null>
[pid=35304] starting temporary directories cleanup
Call log:
  - <launching> C:\Program Files\Google\Chrome\Application\chrome.exe --disable-field-trial-config --disable-background-networking --disable-background-timer-throttling --disable-backgrounding-occluded-windows --disable-back-forward-cache --disable-breakpad --disable-client-side-phishing-detection --disable-component-extensions-with-background-pages --disable-component-update --no-default-browser-check --disable-default-apps --disable-dev-shm-usage --disable-extensions --disable-features=AcceptCHFrame,AutoExpandDetailsElement,AvoidUnnecessaryBeforeUnloadCheckSync,CertificateTransparencyComponentUpdater,DestroyProfileOnBrowserClose,DialMediaRouteProvider,ExtensionManifestV2Disabled,GlobalMediaControls,HttpsUpgrades,ImprovedCookieControls,LazyFrameLoading,LensOverlay,MediaRouter,PaintHolding,ThirdPartyStoragePartitioning,Translate --allow-pre-commit-input --disable-hang-monitor --disable-ipc-flooding-protection --disable-popup-blocking --disable-prompt-on-repost --disable-renderer-backgrounding --force-color-profile=srgb --metrics-recording-only --no-first-run --password-store=basic --use-mock-keychain --no-service-autorun --export-tagged-pdf --disable-search-engine-choice-screen --unsafely-disable-devtools-self-xss-warnings --edge-skip-compat-layer-relaunch --enable-automation --no-sandbox --remote-debugging-port=9222 --no-first-run --no-default-browser-check --disable-blink-features=AutomationControlled --disable-web-security --disable-features=VizDisplayCompositor --user-data-dir=C:\ChromeDebugProfile --remote-debugging-pipe about:blank
  - <launched> pid=35304
  - [pid=35304] <process did exit: exitCode=21, signal=null>
  - [pid=35304] starting temporary directories cleanup

2025-08-29 08:59:31,337 - utils.browser_manager - ERROR - ❌ Please ensure Chrome is installed and accessible
2025-08-29 08:59:31,337 - utils.browser_manager - ERROR - ❌ Chrome path: C:\Program Files\Google\Chrome\Application\chrome.exe
2025-08-29 08:59:31,338 - utils.browser_manager - ERROR - ❌ Profile path: C:\ChromeDebugProfile
2025-08-29 08:59:31,338 - __main__ - CRITICAL - 💥 A critical error occurred in the main workflow: Failed to setup Chrome browser with profile (headless: False). Error: CRITICAL: Chrome profile launch failed. User requires Chrome profile for sync functionality. Error: BrowserType.launch_persistent_context: Target page, context or browser has been closed
Browser logs:

<launching> C:\Program Files\Google\Chrome\Application\chrome.exe --disable-field-trial-config --disable-background-networking --disable-background-timer-throttling --disable-backgrounding-occluded-windows --disable-back-forward-cache --disable-breakpad --disable-client-side-phishing-detection --disable-component-extensions-with-background-pages --disable-component-update --no-default-browser-check --disable-default-apps --disable-dev-shm-usage --disable-extensions --disable-features=AcceptCHFrame,AutoExpandDetailsElement,AvoidUnnecessaryBeforeUnloadCheckSync,CertificateTransparencyComponentUpdater,DestroyProfileOnBrowserClose,DialMediaRouteProvider,ExtensionManifestV2Disabled,GlobalMediaControls,HttpsUpgrades,ImprovedCookieControls,LazyFrameLoading,LensOverlay,MediaRouter,PaintHolding,ThirdPartyStoragePartitioning,Translate --allow-pre-commit-input --disable-hang-monitor --disable-ipc-flooding-protection --disable-popup-blocking --disable-prompt-on-repost --disable-renderer-backgrounding --force-color-profile=srgb --metrics-recording-only --no-first-run --password-store=basic --use-mock-keychain --no-service-autorun --export-tagged-pdf --disable-search-engine-choice-screen --unsafely-disable-devtools-self-xss-warnings --edge-skip-compat-layer-relaunch --enable-automation --no-sandbox --remote-debugging-port=9222 --no-first-run --no-default-browser-check --disable-blink-features=AutomationControlled --disable-web-security --disable-features=VizDisplayCompositor --user-data-dir=C:\ChromeDebugProfile --remote-debugging-pipe about:blank
<launched> pid=35304
[pid=35304] <process did exit: exitCode=21, signal=null>
[pid=35304] starting temporary directories cleanup
Call log:
  - <launching> C:\Program Files\Google\Chrome\Application\chrome.exe --disable-field-trial-config --disable-background-networking --disable-background-timer-throttling --disable-backgrounding-occluded-windows --disable-back-forward-cache --disable-breakpad --disable-client-side-phishing-detection --disable-component-extensions-with-background-pages --disable-component-update --no-default-browser-check --disable-default-apps --disable-dev-shm-usage --disable-extensions --disable-features=AcceptCHFrame,AutoExpandDetailsElement,AvoidUnnecessaryBeforeUnloadCheckSync,CertificateTransparencyComponentUpdater,DestroyProfileOnBrowserClose,DialMediaRouteProvider,ExtensionManifestV2Disabled,GlobalMediaControls,HttpsUpgrades,ImprovedCookieControls,LazyFrameLoading,LensOverlay,MediaRouter,PaintHolding,ThirdPartyStoragePartitioning,Translate --allow-pre-commit-input --disable-hang-monitor --disable-ipc-flooding-protection --disable-popup-blocking --disable-prompt-on-repost --disable-renderer-backgrounding --force-color-profile=srgb --metrics-recording-only --no-first-run --password-store=basic --use-mock-keychain --no-service-autorun --export-tagged-pdf --disable-search-engine-choice-screen --unsafely-disable-devtools-self-xss-warnings --edge-skip-compat-layer-relaunch --enable-automation --no-sandbox --remote-debugging-port=9222 --no-first-run --no-default-browser-check --disable-blink-features=AutomationControlled --disable-web-security --disable-features=VizDisplayCompositor --user-data-dir=C:\ChromeDebugProfile --remote-debugging-pipe about:blank
  - <launched> pid=35304
  - [pid=35304] <process did exit: exitCode=21, signal=null>
  - [pid=35304] starting temporary directories cleanup
Traceback (most recent call last):
  File "C:\Users\chris\Desktop\Amazon-FBA-Agent-System-v32 - latest good - Copy (8) - Copy - Copy - POSTLONGRUNPREKIRO2 beforecompletion-\utils\browser_manager.py", line 94, in launch_browser
    self.context = await self.playwright.chromium.launch_persistent_context(
                   ^^^^^^^^^^^^^^^^^^^^^^^^^^^^^^^^^^^^^^^^^^^^^^^^^^^^^^^^^
    ...<12 lines>...
    )
    ^
  File "C:\Users\chris\AppData\Roaming\Python\Python313\site-packages\playwright\async_api\_generated.py", line 14746, in launch_persistent_context
    await self._impl_obj.launch_persistent_context(
    ...<51 lines>...
    )
  File "C:\Users\chris\AppData\Roaming\Python\Python313\site-packages\playwright\_impl\_browser_type.py", line 166, in launch_persistent_context
    result = await self._channel.send_return_as_dict(
             ^^^^^^^^^^^^^^^^^^^^^^^^^^^^^^^^^^^^^^^^
        "launchPersistentContext", TimeoutSettings.launch_timeout, params
        ^^^^^^^^^^^^^^^^^^^^^^^^^^^^^^^^^^^^^^^^^^^^^^^^^^^^^^^^^^^^^^^^^
    )
    ^
  File "C:\Users\chris\AppData\Roaming\Python\Python313\site-packages\playwright\_impl\_connection.py", line 83, in send_return_as_dict
    return await self._connection.wrap_api_call(
           ^^^^^^^^^^^^^^^^^^^^^^^^^^^^^^^^^^^^^
    ...<3 lines>...
    )
    ^
  File "C:\Users\chris\AppData\Roaming\Python\Python313\site-packages\playwright\_impl\_connection.py", line 558, in wrap_api_call
    raise rewrite_error(error, f"{parsed_st['apiName']}: {error}") from None
playwright._impl._errors.TargetClosedError: BrowserType.launch_persistent_context: Target page, context or browser has been closed
Browser logs:

<launching> C:\Program Files\Google\Chrome\Application\chrome.exe --disable-field-trial-config --disable-background-networking --disable-background-timer-throttling --disable-backgrounding-occluded-windows --disable-back-forward-cache --disable-breakpad --disable-client-side-phishing-detection --disable-component-extensions-with-background-pages --disable-component-update --no-default-browser-check --disable-default-apps --disable-dev-shm-usage --disable-extensions --disable-features=AcceptCHFrame,AutoExpandDetailsElement,AvoidUnnecessaryBeforeUnloadCheckSync,CertificateTransparencyComponentUpdater,DestroyProfileOnBrowserClose,DialMediaRouteProvider,ExtensionManifestV2Disabled,GlobalMediaControls,HttpsUpgrades,ImprovedCookieControls,LazyFrameLoading,LensOverlay,MediaRouter,PaintHolding,ThirdPartyStoragePartitioning,Translate --allow-pre-commit-input --disable-hang-monitor --disable-ipc-flooding-protection --disable-popup-blocking --disable-prompt-on-repost --disable-renderer-backgrounding --force-color-profile=srgb --metrics-recording-only --no-first-run --password-store=basic --use-mock-keychain --no-service-autorun --export-tagged-pdf --disable-search-engine-choice-screen --unsafely-disable-devtools-self-xss-warnings --edge-skip-compat-layer-relaunch --enable-automation --no-sandbox --remote-debugging-port=9222 --no-first-run --no-default-browser-check --disable-blink-features=AutomationControlled --disable-web-security --disable-features=VizDisplayCompositor --user-data-dir=C:\ChromeDebugProfile --remote-debugging-pipe about:blank
<launched> pid=35304
[pid=35304] <process did exit: exitCode=21, signal=null>
[pid=35304] starting temporary directories cleanup
Call log:
  - <launching> C:\Program Files\Google\Chrome\Application\chrome.exe --disable-field-trial-config --disable-background-networking --disable-background-timer-throttling --disable-backgrounding-occluded-windows --disable-back-forward-cache --disable-breakpad --disable-client-side-phishing-detection --disable-component-extensions-with-background-pages --disable-component-update --no-default-browser-check --disable-default-apps --disable-dev-shm-usage --disable-extensions --disable-features=AcceptCHFrame,AutoExpandDetailsElement,AvoidUnnecessaryBeforeUnloadCheckSync,CertificateTransparencyComponentUpdater,DestroyProfileOnBrowserClose,DialMediaRouteProvider,ExtensionManifestV2Disabled,GlobalMediaControls,HttpsUpgrades,ImprovedCookieControls,LazyFrameLoading,LensOverlay,MediaRouter,PaintHolding,ThirdPartyStoragePartitioning,Translate --allow-pre-commit-input --disable-hang-monitor --disable-ipc-flooding-protection --disable-popup-blocking --disable-prompt-on-repost --disable-renderer-backgrounding --force-color-profile=srgb --metrics-recording-only --no-first-run --password-store=basic --use-mock-keychain --no-service-autorun --export-tagged-pdf --disable-search-engine-choice-screen --unsafely-disable-devtools-self-xss-warnings --edge-skip-compat-layer-relaunch --enable-automation --no-sandbox --remote-debugging-port=9222 --no-first-run --no-default-browser-check --disable-blink-features=AutomationControlled --disable-web-security --disable-features=VizDisplayCompositor --user-data-dir=C:\ChromeDebugProfile --remote-debugging-pipe about:blank
  - <launched> pid=35304
  - [pid=35304] <process did exit: exitCode=21, signal=null>
  - [pid=35304] starting temporary directories cleanup


During handling of the above exception, another exception occurred:

Traceback (most recent call last):
  File "C:\Users\chris\Desktop\Amazon-FBA-Agent-System-v32 - latest good - Copy (8) - Copy - Copy - POSTLONGRUNPREKIRO2 beforecompletion-\utils\browser_manager.py", line 132, in launch_browser
    raise Exception(f"CRITICAL: Chrome profile launch failed. User requires Chrome profile for sync functionality. Error: {persistent_error}")
Exception: CRITICAL: Chrome profile launch failed. User requires Chrome profile for sync functionality. Error: BrowserType.launch_persistent_context: Target page, context or browser has been closed
Browser logs:

<launching> C:\Program Files\Google\Chrome\Application\chrome.exe --disable-field-trial-config --disable-background-networking --disable-background-timer-throttling --disable-backgrounding-occluded-windows --disable-back-forward-cache --disable-breakpad --disable-client-side-phishing-detection --disable-component-extensions-with-background-pages --disable-component-update --no-default-browser-check --disable-default-apps --disable-dev-shm-usage --disable-extensions --disable-features=AcceptCHFrame,AutoExpandDetailsElement,AvoidUnnecessaryBeforeUnloadCheckSync,CertificateTransparencyComponentUpdater,DestroyProfileOnBrowserClose,DialMediaRouteProvider,ExtensionManifestV2Disabled,GlobalMediaControls,HttpsUpgrades,ImprovedCookieControls,LazyFrameLoading,LensOverlay,MediaRouter,PaintHolding,ThirdPartyStoragePartitioning,Translate --allow-pre-commit-input --disable-hang-monitor --disable-ipc-flooding-protection --disable-popup-blocking --disable-prompt-on-repost --disable-renderer-backgrounding --force-color-profile=srgb --metrics-recording-only --no-first-run --password-store=basic --use-mock-keychain --no-service-autorun --export-tagged-pdf --disable-search-engine-choice-screen --unsafely-disable-devtools-self-xss-warnings --edge-skip-compat-layer-relaunch --enable-automation --no-sandbox --remote-debugging-port=9222 --no-first-run --no-default-browser-check --disable-blink-features=AutomationControlled --disable-web-security --disable-features=VizDisplayCompositor --user-data-dir=C:\ChromeDebugProfile --remote-debugging-pipe about:blank
<launched> pid=35304
[pid=35304] <process did exit: exitCode=21, signal=null>
[pid=35304] starting temporary directories cleanup
Call log:
  - <launching> C:\Program Files\Google\Chrome\Application\chrome.exe --disable-field-trial-config --disable-background-networking --disable-background-timer-throttling --disable-backgrounding-occluded-windows --disable-back-forward-cache --disable-breakpad --disable-client-side-phishing-detection --disable-component-extensions-with-background-pages --disable-component-update --no-default-browser-check --disable-default-apps --disable-dev-shm-usage --disable-extensions --disable-features=AcceptCHFrame,AutoExpandDetailsElement,AvoidUnnecessaryBeforeUnloadCheckSync,CertificateTransparencyComponentUpdater,DestroyProfileOnBrowserClose,DialMediaRouteProvider,ExtensionManifestV2Disabled,GlobalMediaControls,HttpsUpgrades,ImprovedCookieControls,LazyFrameLoading,LensOverlay,MediaRouter,PaintHolding,ThirdPartyStoragePartitioning,Translate --allow-pre-commit-input --disable-hang-monitor --disable-ipc-flooding-protection --disable-popup-blocking --disable-prompt-on-repost --disable-renderer-backgrounding --force-color-profile=srgb --metrics-recording-only --no-first-run --password-store=basic --use-mock-keychain --no-service-autorun --export-tagged-pdf --disable-search-engine-choice-screen --unsafely-disable-devtools-self-xss-warnings --edge-skip-compat-layer-relaunch --enable-automation --no-sandbox --remote-debugging-port=9222 --no-first-run --no-default-browser-check --disable-blink-features=AutomationControlled --disable-web-security --disable-features=VizDisplayCompositor --user-data-dir=C:\ChromeDebugProfile --remote-debugging-pipe about:blank
  - <launched> pid=35304
  - [pid=35304] <process did exit: exitCode=21, signal=null>
  - [pid=35304] starting temporary directories cleanup


During handling of the above exception, another exception occurred:

Traceback (most recent call last):
  File "C:\Users\chris\Desktop\Amazon-FBA-Agent-System-v32 - latest good - Copy (8) - Copy - Copy - POSTLONGRUNPREKIRO2 beforecompletion-\run_custom_poundwholesale.py", line 60, in main
    await browser_manager.launch_browser(cdp_port=chrome_debug_port)
  File "C:\Users\chris\Desktop\Amazon-FBA-Agent-System-v32 - latest good - Copy (8) - Copy - Copy - POSTLONGRUNPREKIRO2 beforecompletion-\utils\browser_manager.py", line 143, in launch_browser
    raise Exception(f"Failed to setup Chrome browser with profile (headless: {headless}). Error: {e}")
Exception: Failed to setup Chrome browser with profile (headless: False). Error: CRITICAL: Chrome profile launch failed. User requires Chrome profile for sync functionality. Error: BrowserType.launch_persistent_context: Target page, context or browser has been closed
Browser logs:

<launching> C:\Program Files\Google\Chrome\Application\chrome.exe --disable-field-trial-config --disable-background-networking --disable-background-timer-throttling --disable-backgrounding-occluded-windows --disable-back-forward-cache --disable-breakpad --disable-client-side-phishing-detection --disable-component-extensions-with-background-pages --disable-component-update --no-default-browser-check --disable-default-apps --disable-dev-shm-usage --disable-extensions --disable-features=AcceptCHFrame,AutoExpandDetailsElement,AvoidUnnecessaryBeforeUnloadCheckSync,CertificateTransparencyComponentUpdater,DestroyProfileOnBrowserClose,DialMediaRouteProvider,ExtensionManifestV2Disabled,GlobalMediaControls,HttpsUpgrades,ImprovedCookieControls,LazyFrameLoading,LensOverlay,MediaRouter,PaintHolding,ThirdPartyStoragePartitioning,Translate --allow-pre-commit-input --disable-hang-monitor --disable-ipc-flooding-protection --disable-popup-blocking --disable-prompt-on-repost --disable-renderer-backgrounding --force-color-profile=srgb --metrics-recording-only --no-first-run --password-store=basic --use-mock-keychain --no-service-autorun --export-tagged-pdf --disable-search-engine-choice-screen --unsafely-disable-devtools-self-xss-warnings --edge-skip-compat-layer-relaunch --enable-automation --no-sandbox --remote-debugging-port=9222 --no-first-run --no-default-browser-check --disable-blink-features=AutomationControlled --disable-web-security --disable-features=VizDisplayCompositor --user-data-dir=C:\ChromeDebugProfile --remote-debugging-pipe about:blank
<launched> pid=35304
[pid=35304] <process did exit: exitCode=21, signal=null>
[pid=35304] starting temporary directories cleanup
Call log:
  - <launching> C:\Program Files\Google\Chrome\Application\chrome.exe --disable-field-trial-config --disable-background-networking --disable-background-timer-throttling --disable-backgrounding-occluded-windows --disable-back-forward-cache --disable-breakpad --disable-client-side-phishing-detection --disable-component-extensions-with-background-pages --disable-component-update --no-default-browser-check --disable-default-apps --disable-dev-shm-usage --disable-extensions --disable-features=AcceptCHFrame,AutoExpandDetailsElement,AvoidUnnecessaryBeforeUnloadCheckSync,CertificateTransparencyComponentUpdater,DestroyProfileOnBrowserClose,DialMediaRouteProvider,ExtensionManifestV2Disabled,GlobalMediaControls,HttpsUpgrades,ImprovedCookieControls,LazyFrameLoading,LensOverlay,MediaRouter,PaintHolding,ThirdPartyStoragePartitioning,Translate --allow-pre-commit-input --disable-hang-monitor --disable-ipc-flooding-protection --disable-popup-blocking --disable-prompt-on-repost --disable-renderer-backgrounding --force-color-profile=srgb --metrics-recording-only --no-first-run --password-store=basic --use-mock-keychain --no-service-autorun --export-tagged-pdf --disable-search-engine-choice-screen --unsafely-disable-devtools-self-xss-warnings --edge-skip-compat-layer-relaunch --enable-automation --no-sandbox --remote-debugging-port=9222 --no-first-run --no-default-browser-check --disable-blink-features=AutomationControlled --disable-web-security --disable-features=VizDisplayCompositor --user-data-dir=C:\ChromeDebugProfile --remote-debugging-pipe about:blank
  - <launched> pid=35304
  - [pid=35304] <process did exit: exitCode=21, signal=null>
  - [pid=35304] starting temporary directories cleanup

2025-08-29 08:59:31,345 - __main__ - INFO - 🌐 Keeping browser persistent for next run - not closing browser
2025-08-29 08:59:31,346 - utils.browser_manager - WARNING - Error during global cleanup: no running event loop
