2025-11-20 06:44:01,434 - utils.logger - INFO - 🔧 Logging initialised – log file: C:\Users\chris\Desktop\Amazon-FBA-Agent-System-v32 - latest good - Copy (8) - Copy - Copy - POSTLONGRUNPREKIRO2 beforecompletion-\logs\debug\run_custom_poundwholesale_20251120_064401.log
2025-11-20 06:44:01,435 - __main__ - INFO - 📋 Debug log file: C:\Users\chris\Desktop\Amazon-FBA-Agent-System-v32 - latest good - Copy (8) - Copy - Copy - POSTLONGRUNPREKIRO2 beforecompletion-\logs\debug\run_custom_poundwholesale_20251120_064401.log
2025-11-20 06:44:01,435 - __main__ - DEBUG - Debug logging initialized - full system execution details will be captured
2025-11-20 06:44:01,436 - utils.browser_circuit_breaker - INFO - BrowserCircuitBreaker initialized: threshold=3, timeout=300s
2025-11-20 06:44:01,439 - utils.browser_manager - INFO - ?? BrowserManager singleton initialized with health management
2025-11-20 06:44:01,883 - utils.browser_manager - INFO - ?? Connecting to existing Chrome debug instance on port 9222
2025-11-20 06:44:01,884 - utils.browser_manager - INFO - ?? Per troubleshooting docs: Using existing Chrome debug only
2025-11-20 06:44:01,885 - utils.browser_manager - INFO - ? Chrome debug accessible on IPv6: Chrome/142.0.7444.163
2025-11-20 06:44:01,886 - utils.browser_manager - INFO - ?? Connecting to existing Chrome debug instance...
2025-11-20 06:44:01,887 - utils.browser_manager - DEBUG - ?? Using IPv6 endpoint for CDP connection
2025-11-20 06:44:01,888 - utils.browser_manager - INFO - ?? Using endpoint: http://[::1]:9222
2025-11-20 06:44:01,984 - utils.browser_manager - INFO - ? Successfully connected to existing Chrome debug instance
2025-11-20 06:44:01,984 - utils.browser_manager - INFO - ?? Using existing context with 2 pages
2025-11-20 06:44:01,985 - utils.browser_manager - INFO - ?? Connected to existing Chrome: 142.0.7444.163
2025-11-20 06:44:01,985 - utils.browser_manager - DEBUG - ? Browser connection healthy - version: healthy
2025-11-20 06:44:01,985 - utils.browser_manager - INFO - ?? Reusing existing page in persistent context.
2025-11-20 06:44:01,985 - __main__ - INFO - 🔐 Initializing Poundwholesale authentication helper...
2025-11-20 06:44:01,985 - __main__ - INFO - ✅ Using hardcoded credentials for poundwholesale.co.uk
2025-11-20 06:44:01,985 - __main__ - INFO - 🌐 Connecting to existing Chrome debug port 9222 for authentication...
2025-11-20 06:44:23,056 - tools.standalone_playwright_login - INFO - 🔍 Verifying price access...
2025-11-20 06:44:25,699 - tools.standalone_playwright_login - WARNING - ⚠️ Test-product navigation aborted; retrying once…
2025-11-20 06:44:25,701 - tools.standalone_playwright_login - ERROR - Retry failed during price verification: Page.goto: Target page, context or browser has been closed
2025-11-20 06:44:25,701 - tools.poundwholesale.supplier_authentication_service - INFO - ⚠️ No clear authentication indicators found - assuming not authenticated
2025-11-20 06:44:25,702 - __main__ - INFO - 🔐 Not authenticated, initiating login...
2025-11-20 06:44:25,702 - tools.poundwholesale.supplier_authentication_service - INFO - 🔐 Starting login process for Poundwholesale...
2025-11-20 06:44:25,702 - tools.poundwholesale.supplier_authentication_service - INFO - 🌐 Navigating to login page: https://www.poundwholesale.co.uk/customer/account/login/
2025-11-20 06:44:25,704 - tools.poundwholesale.supplier_authentication_service - ERROR - ❌ Login failed with exception: Page.goto: Target page, context or browser has been closed
2025-11-20 06:44:25,704 - __main__ - ERROR - ❌ Authentication failed. Exiting workflow.
2025-11-20 06:44:25,704 - __main__ - INFO - 🌐 Keeping browser persistent for next run - not closing browser
2025-11-20 06:44:25,705 - utils.browser_manager - WARNING - Error during global cleanup: no running event loop
