2025-10-04 03:30:53,739 - utils.logger - INFO - 🔧 Logging initialised – log file: C:\Users\chris\Desktop\Amazon-FBA-Agent-System-v32 - latest good - Copy (8) - Copy - Copy - POSTLONGRUNPREKIRO2 beforecompletion-\logs\debug\run_custom_poundwholesale_20251004_033053.log
2025-10-04 03:30:53,739 - __main__ - INFO - 📋 Debug log file: C:\Users\chris\Desktop\Amazon-FBA-Agent-System-v32 - latest good - Copy (8) - Copy - Copy - POSTLONGRUNPREKIRO2 beforecompletion-\logs\debug\run_custom_poundwholesale_20251004_033053.log
2025-10-04 03:30:53,740 - __main__ - DEBUG - Debug logging initialized - full system execution details will be captured
2025-10-04 03:30:53,741 - utils.browser_circuit_breaker - INFO - BrowserCircuitBreaker initialized: threshold=3, timeout=300s
2025-10-04 03:30:53,745 - utils.browser_manager - INFO - ?? BrowserManager singleton initialized with health management
2025-10-04 03:30:54,311 - utils.browser_manager - INFO - ?? Connecting to existing Chrome debug instance on port 9222
2025-10-04 03:30:54,311 - utils.browser_manager - INFO - ?? Per troubleshooting docs: Using existing Chrome debug only
2025-10-04 03:30:54,313 - utils.browser_manager - INFO - ? Chrome debug accessible on IPv6: Chrome/141.0.7390.55
2025-10-04 03:30:54,315 - utils.browser_manager - INFO - ?? Connecting to existing Chrome debug instance...
2025-10-04 03:30:54,316 - utils.browser_manager - DEBUG - ?? Using IPv6 endpoint for CDP connection
2025-10-04 03:30:54,316 - utils.browser_manager - INFO - ?? Using endpoint: http://[::1]:9222
2025-10-04 03:30:54,620 - utils.browser_manager - INFO - ? Successfully connected to existing Chrome debug instance
2025-10-04 03:30:54,621 - utils.browser_manager - INFO - ?? Using existing context with 4 pages
2025-10-04 03:30:54,621 - utils.browser_manager - INFO - ?? Connected to existing Chrome: 141.0.7390.55
2025-10-04 03:30:54,621 - utils.browser_manager - DEBUG - ? Browser connection healthy - version: healthy
2025-10-04 03:30:54,622 - utils.browser_manager - INFO - ?? Reusing existing page in persistent context.
2025-10-04 03:30:54,622 - __main__ - INFO - 🔐 Initializing Poundwholesale authentication helper...
2025-10-04 03:30:54,622 - __main__ - INFO - ✅ Using hardcoded credentials for poundwholesale.co.uk
2025-10-04 03:30:54,622 - __main__ - INFO - 🌐 Connecting to existing Chrome debug port 9222 for authentication...
2025-10-04 03:31:12,735 - tools.poundwholesale.supplier_authentication_service - INFO - ❌ Login link found - not authenticated
2025-10-04 03:31:12,735 - __main__ - INFO - 🔐 Not authenticated, initiating login...
2025-10-04 03:31:12,736 - tools.poundwholesale.supplier_authentication_service - INFO - 🔐 Starting login process for Poundwholesale...
2025-10-04 03:31:12,736 - tools.poundwholesale.supplier_authentication_service - INFO - 🌐 Navigating to login page: https://www.poundwholesale.co.uk/customer/account/login/
2025-10-04 03:31:26,288 - tools.poundwholesale.supplier_authentication_service - ERROR - ❌ Login failed with exception: Page.wait_for_selector: Timeout 10000ms exceeded.
Call log:
  - waiting for locator("input[name='login[username]']") to be visible

2025-10-04 03:31:26,289 - __main__ - ERROR - ❌ Authentication failed. Exiting workflow.
2025-10-04 03:31:26,290 - __main__ - INFO - 🌐 Keeping browser persistent for next run - not closing browser
2025-10-04 03:31:26,292 - utils.browser_manager - WARNING - Error during global cleanup: no running event loop
