2025-12-04 08:19:28,280 - utils.logger - INFO - 🔧 Logging initialised – log file: C:\Users\chris\Desktop\Amazon-FBA-Agent-System-v32 - latest good - Copy (8) - Copy - Copy - POSTLONGRUNPREKIRO2 beforecompletion-\logs\debug\run_custom_poundwholesale_20251204_081928.log
2025-12-04 08:19:28,281 - __main__ - INFO - 📋 Debug log file: C:\Users\chris\Desktop\Amazon-FBA-Agent-System-v32 - latest good - Copy (8) - Copy - Copy - POSTLONGRUNPREKIRO2 beforecompletion-\logs\debug\run_custom_poundwholesale_20251204_081928.log
2025-12-04 08:19:28,281 - __main__ - DEBUG - Debug logging initialized - full system execution details will be captured
2025-12-04 08:19:28,281 - utils.browser_circuit_breaker - INFO - BrowserCircuitBreaker initialized: threshold=3, timeout=300s
2025-12-04 08:19:28,285 - utils.browser_manager - INFO - ?? BrowserManager singleton initialized with health management
2025-12-04 08:19:28,607 - utils.browser_manager - INFO - ?? Connecting to existing Chrome debug instance on port 9222
2025-12-04 08:19:28,607 - utils.browser_manager - INFO - ?? Per troubleshooting docs: Using existing Chrome debug only
2025-12-04 08:19:28,608 - utils.browser_manager - INFO - ? Chrome debug accessible on IPv6: Chrome/142.0.7444.177
2025-12-04 08:19:28,609 - utils.browser_manager - INFO - ?? Connecting to existing Chrome debug instance...
2025-12-04 08:19:28,610 - utils.browser_manager - DEBUG - ?? Using IPv6 endpoint for CDP connection
2025-12-04 08:19:28,610 - utils.browser_manager - INFO - ?? Using endpoint: http://[::1]:9222
2025-12-04 08:19:28,684 - utils.browser_manager - INFO - ? Successfully connected to existing Chrome debug instance
2025-12-04 08:19:28,685 - utils.browser_manager - INFO - ?? Using existing context with 2 pages
2025-12-04 08:19:28,685 - utils.browser_manager - INFO - ?? Connected to existing Chrome: 142.0.7444.177
2025-12-04 08:19:28,685 - utils.browser_manager - DEBUG - ? Browser connection healthy - version: healthy
2025-12-04 08:19:28,685 - utils.browser_manager - INFO - ?? Reusing existing page in persistent context.
2025-12-04 08:19:28,685 - __main__ - INFO - 🔐 Initializing Dkwholesale authentication helper...
2025-12-04 08:19:28,685 - __main__ - INFO - ✅ Using credentials for dkwholesale.com
2025-12-04 08:19:28,686 - __main__ - INFO - 🌐 Connecting to existing Chrome debug port 9222...
2025-12-04 08:19:30,470 - tools.dkwholesale.supplier_authentication_service - INFO - ✅ Auth indicator found: a[href*="/account"]
2025-12-04 08:19:30,470 - tools.dkwholesale.supplier_authentication_service - INFO - 🔍 Verifying price access...
2025-12-04 08:19:34,600 - tools.dkwholesale.supplier_authentication_service - WARNING - ⚠️ Could not verify price access - no price found
2025-12-04 08:19:34,810 - tools.dkwholesale.supplier_authentication_service - WARNING - ⚠️ Auth indicator found but price verification failed - session may be stale
2025-12-04 08:19:34,811 - __main__ - INFO - 🔐 Not authenticated, initiating login...
2025-12-04 08:19:34,811 - tools.dkwholesale.supplier_authentication_service - INFO - Navigating to https://dkwholesale.com/account/login for login...
2025-12-04 08:19:35,682 - tools.dkwholesale.supplier_authentication_service - INFO - Filling login form...
2025-12-04 08:19:35,682 - tools.dkwholesale.supplier_authentication_service - INFO -   → Entering email: info@theblacksmithmarket.com
2025-12-04 08:19:35,953 - tools.dkwholesale.supplier_authentication_service - INFO -   → Entering password
2025-12-04 08:19:36,124 - tools.dkwholesale.supplier_authentication_service - INFO -   → Clicking login button
2025-12-04 08:19:36,367 - tools.dkwholesale.supplier_authentication_service - INFO -   → Waiting for authentication...
2025-12-04 08:19:40,506 - tools.dkwholesale.supplier_authentication_service - INFO - ✅ Auth indicator found: a[href*="/account"]
2025-12-04 08:19:40,506 - tools.dkwholesale.supplier_authentication_service - INFO - 🔍 Verifying price access...
2025-12-04 08:19:44,569 - tools.dkwholesale.supplier_authentication_service - WARNING - ⚠️ Could not verify price access - no price found
2025-12-04 08:19:44,711 - tools.dkwholesale.supplier_authentication_service - WARNING - ⚠️ Auth indicator found but price verification failed - session may be stale
2025-12-04 08:19:44,712 - tools.dkwholesale.supplier_authentication_service - ERROR - ❌ Login failed - authentication check returned False
2025-12-04 08:19:44,844 - tools.dkwholesale.supplier_authentication_service - ERROR - 📸 Screenshot saved to: OUTPUTS/dkwholesale_login_failed.png
2025-12-04 08:19:44,845 - __main__ - ERROR - ❌ Authentication failed. Exiting workflow.
2025-12-04 08:19:44,845 - __main__ - INFO - 🌐 Keeping browser persistent for next run - not calling close()
2025-12-04 08:19:44,848 - utils.browser_manager - WARNING - Error during global cleanup: no running event loop
