2025-10-04 02:54:10,341 - utils.logger - INFO - 🔧 Logging initialised – log file: C:\Users\chris\Desktop\Amazon-FBA-Agent-System-v32 - latest good - Copy (8) - Copy - Copy - POSTLONGRUNPREKIRO2 beforecompletion-\logs\debug\run_custom_poundwholesale_20251004_025410.log
2025-10-04 02:54:10,341 - __main__ - INFO - 📋 Debug log file: C:\Users\chris\Desktop\Amazon-FBA-Agent-System-v32 - latest good - Copy (8) - Copy - Copy - POSTLONGRUNPREKIRO2 beforecompletion-\logs\debug\run_custom_poundwholesale_20251004_025410.log
2025-10-04 02:54:10,342 - __main__ - DEBUG - Debug logging initialized - full system execution details will be captured
2025-10-04 02:54:10,343 - utils.browser_circuit_breaker - INFO - BrowserCircuitBreaker initialized: threshold=3, timeout=300s
2025-10-04 02:54:10,347 - utils.browser_manager - INFO - ?? BrowserManager singleton initialized with health management
2025-10-04 02:54:10,955 - utils.browser_manager - INFO - ?? Connecting to existing Chrome debug instance on port 9222
2025-10-04 02:54:10,956 - utils.browser_manager - INFO - ?? Per troubleshooting docs: Using existing Chrome debug only
2025-10-04 02:54:10,958 - utils.browser_manager - INFO - ? Chrome debug accessible on IPv6: Chrome/141.0.7390.55
2025-10-04 02:54:10,959 - utils.browser_manager - INFO - ?? Connecting to existing Chrome debug instance...
2025-10-04 02:54:10,961 - utils.browser_manager - DEBUG - ?? Using IPv6 endpoint for CDP connection
2025-10-04 02:54:10,961 - utils.browser_manager - INFO - ?? Using endpoint: http://[::1]:9222
2025-10-04 02:54:11,251 - utils.browser_manager - INFO - ? Successfully connected to existing Chrome debug instance
2025-10-04 02:54:11,251 - utils.browser_manager - INFO - ?? Using existing context with 4 pages
2025-10-04 02:54:11,252 - utils.browser_manager - INFO - ?? Connected to existing Chrome: 141.0.7390.55
2025-10-04 02:54:11,252 - utils.browser_manager - DEBUG - ? Browser connection healthy - version: healthy
2025-10-04 02:54:11,252 - utils.browser_manager - INFO - ?? Reusing existing page in persistent context.
2025-10-04 02:54:11,253 - __main__ - INFO - 🔐 Initializing Clearance King authentication helper...
2025-10-04 02:54:11,253 - __main__ - INFO - ✅ Using configured credentials for clearance-king.co.uk
2025-10-04 02:54:11,253 - __main__ - INFO - 🌐 Connecting to existing Chrome debug port 9222 for authentication...
2025-10-04 02:54:11,299 - tools.clearance_king.supplier_authentication_service - INFO - ❌ Login link found - not authenticated
2025-10-04 02:54:11,299 - __main__ - INFO - 🔐 Not authenticated, initiating login...
2025-10-04 02:54:11,299 - tools.clearance_king.supplier_authentication_service - INFO - 🔐 Starting login process for Clearance King...
2025-10-04 02:54:11,300 - tools.clearance_king.supplier_authentication_service - INFO - 🚀 Performing login via StandalonePlaywrightLogin...
2025-10-04 02:54:11,300 - tools.standalone_playwright_login - INFO - 🔐 Starting Playwright login...
2025-10-04 02:54:11,301 - tools.standalone_playwright_login - INFO - 🌐 Navigating to login page: https://www.clearance-king.co.uk/customer/account/login/
2025-10-04 02:54:16,771 - tools.standalone_playwright_login - INFO - ✅ Filled email using selector: input[name="email"]
2025-10-04 02:54:16,772 - tools.standalone_playwright_login - INFO - 🔍 Using config password selector: input#pass
2025-10-04 02:54:16,772 - tools.standalone_playwright_login - DEBUG - Trying password selector: input#pass
2025-10-04 02:54:16,779 - tools.standalone_playwright_login - DEBUG - Password selector 'input#pass' not visible
2025-10-04 02:54:16,780 - tools.standalone_playwright_login - DEBUG - Trying password selector: input[name="login[password]"]
2025-10-04 02:54:16,786 - tools.standalone_playwright_login - DEBUG - Password selector 'input[name="login[password]"]' not visible
2025-10-04 02:54:16,786 - tools.standalone_playwright_login - DEBUG - Trying password selector: input[name="password"]
2025-10-04 02:54:16,797 - tools.standalone_playwright_login - DEBUG - Password selector 'input[name="password"]' not visible
2025-10-04 02:54:16,797 - tools.standalone_playwright_login - DEBUG - Trying password selector: input[type="password"]
2025-10-04 02:54:16,804 - tools.standalone_playwright_login - DEBUG - Password selector 'input[type="password"]' not visible
2025-10-04 02:54:16,804 - tools.standalone_playwright_login - DEBUG - Trying password selector: #password
2025-10-04 02:54:16,812 - tools.standalone_playwright_login - DEBUG - Password selector '#password' not visible
2025-10-04 02:54:16,812 - tools.standalone_playwright_login - DEBUG - Trying password selector: #pass
2025-10-04 02:54:16,818 - tools.standalone_playwright_login - DEBUG - Password selector '#pass' not visible
2025-10-04 02:54:16,818 - tools.standalone_playwright_login - DEBUG - Trying password selector: #customer_password
2025-10-04 02:54:16,824 - tools.standalone_playwright_login - DEBUG - Password selector '#customer_password' not visible
2025-10-04 02:54:16,824 - tools.standalone_playwright_login - DEBUG - Trying password selector: .password-field
2025-10-04 02:54:16,829 - tools.standalone_playwright_login - DEBUG - Password selector '.password-field' not visible
2025-10-04 02:54:16,830 - tools.standalone_playwright_login - DEBUG - Trying password selector: input[id*="password"]
2025-10-04 02:54:16,835 - tools.standalone_playwright_login - DEBUG - Password selector 'input[id*="password"]' not visible
2025-10-04 02:54:16,835 - tools.standalone_playwright_login - DEBUG - Trying password selector: input[autocomplete="current-password"]
2025-10-04 02:54:16,840 - tools.standalone_playwright_login - DEBUG - Password selector 'input[autocomplete="current-password"]' not visible
2025-10-04 02:54:16,841 - tools.clearance_king.supplier_authentication_service - ERROR - ❌ Login failed: Could not find or fill password field
2025-10-04 02:54:16,841 - __main__ - ERROR - ❌ Authentication failed. Exiting workflow.
2025-10-04 02:54:16,841 - __main__ - WARNING - ⚠️ Browser cleanup warning: 'BrowserManager' object has no attribute 'cleanup'
2025-10-04 02:54:16,843 - utils.browser_manager - WARNING - Error during global cleanup: no running event loop
