2025-08-18 23:28:17,023 - utils.logger - INFO - 🔧 Logging initialised – log file: C:\Users\chris\Desktop\Amazon-FBA-Agent-System-v32 - latest good - Copy (8) - Copy - Copy\logs\debug\run_custom_poundwholesale_20250818_232817.log
2025-08-18 23:28:17,023 - __main__ - INFO - 📋 Debug log file: C:\Users\chris\Desktop\Amazon-FBA-Agent-System-v32 - latest good - Copy (8) - Copy - Copy\logs\debug\run_custom_poundwholesale_20250818_232817.log
2025-08-18 23:28:17,023 - __main__ - DEBUG - Debug logging initialized - full system execution details will be captured
2025-08-18 23:28:17,024 - utils.browser_circuit_breaker - INFO - BrowserCircuitBreaker initialized: threshold=3, timeout=300s
2025-08-18 23:28:17,028 - utils.browser_manager - INFO - 🔧 BrowserManager singleton initialized with health management
2025-08-18 23:28:17,842 - utils.browser_manager - INFO - 🔌 Connecting to persistent Chrome on debug port 9222
2025-08-18 23:28:18,068 - utils.browser_manager - INFO - 📄 Using existing context with 3 pages
2025-08-18 23:28:18,069 - utils.browser_manager - INFO - ✅ Connected to persistent Chrome successfully
2025-08-18 23:28:18,069 - utils.browser_manager - DEBUG - ✅ Browser connection healthy - version: healthy
2025-08-18 23:28:18,069 - utils.browser_manager - INFO - ♻️ Reusing existing page in context.
2025-08-18 23:28:18,070 - __main__ - INFO - 🔐 Initializing authentication service for logout detection...
2025-08-18 23:28:18,070 - __main__ - INFO - ✅ Using hardcoded credentials for poundwholesale.co.uk
2025-08-18 23:28:18,070 - __main__ - INFO - 🌐 Connecting to existing Chrome debug port 9222 for authentication...
2025-08-18 23:28:26,393 - tools.standalone_playwright_login - INFO - 💰 Verifying price access...
2025-08-18 23:28:31,616 - tools.standalone_playwright_login - WARNING - ⚠️ No clear price elements found - price access unclear
2025-08-18 23:28:31,634 - tools.supplier_authentication_service - INFO - ❌ Login form detected - not authenticated
2025-08-18 23:28:31,634 - tools.supplier_authentication_service - INFO - 🔐 Starting authentication for poundwholesale.co.uk
2025-08-18 23:28:31,634 - tools.supplier_authentication_service - INFO - 🔧 Using standalone playwright authentication
2025-08-18 23:28:31,635 - tools.standalone_playwright_login - INFO - 🔗 Connecting to shared Chrome instance...
2025-08-18 23:28:32,384 - tools.standalone_playwright_login - INFO - ✅ Connected to shared Chrome instance at http://localhost:9222
2025-08-18 23:28:32,385 - tools.standalone_playwright_login - DEBUG - Using existing browser context
2025-08-18 23:28:32,385 - tools.standalone_playwright_login - DEBUG - Using existing page
2025-08-18 23:28:32,409 - tools.standalone_playwright_login - DEBUG - Disconnected from shared Chrome browser
2025-08-18 23:28:32,422 - tools.standalone_playwright_login - DEBUG - Playwright stopped
2025-08-18 23:28:32,422 - __main__ - INFO - 🌐 Keeping browser persistent for next run - not closing browser
2025-08-18 23:28:32,424 - utils.browser_manager - INFO - 🔌 Browser cleanup skipped - no event loop available
