2025-09-23 19:52:17,205 - utils.logger - INFO - 🔧 Logging initialised – log file: C:\Users\chris\Desktop\Amazon-FBA-Agent-System-v32 - latest good - Copy (8) - Copy - Copy - POSTLONGRUNPREKIRO2 beforecompletion-\logs\debug\run_custom_poundwholesale_20250923_195217.log
2025-09-23 19:52:17,205 - __main__ - INFO - 📋 Debug log file: C:\Users\chris\Desktop\Amazon-FBA-Agent-System-v32 - latest good - Copy (8) - Copy - Copy - POSTLONGRUNPREKIRO2 beforecompletion-\logs\debug\run_custom_poundwholesale_20250923_195217.log
2025-09-23 19:52:17,205 - __main__ - DEBUG - Debug logging initialized - full system execution details will be captured
2025-09-23 19:52:17,206 - utils.browser_circuit_breaker - INFO - BrowserCircuitBreaker initialized: threshold=3, timeout=300s
2025-09-23 19:52:17,210 - utils.browser_manager - INFO - 🔧 BrowserManager singleton initialized with health management
2025-09-23 19:52:17,781 - utils.browser_manager - INFO - 🔌 Connecting to existing Chrome debug instance on port 9222
2025-09-23 19:52:17,781 - utils.browser_manager - INFO - 📜 Per troubleshooting docs: Using existing Chrome debug only
2025-09-23 19:52:17,784 - utils.browser_manager - INFO - ✅ Chrome debug accessible on IPv6: Chrome/140.0.7339.128
2025-09-23 19:52:17,785 - utils.browser_manager - INFO - 🔌 Connecting to existing Chrome debug instance...
2025-09-23 19:52:17,786 - utils.browser_manager - DEBUG - 🌐 Using IPv6 endpoint for CDP connection
2025-09-23 19:52:17,787 - utils.browser_manager - INFO - 🌐 Using endpoint: http://[::1]:9222
2025-09-23 19:52:17,922 - utils.browser_manager - INFO - ✅ Successfully connected to existing Chrome debug instance
2025-09-23 19:52:17,922 - utils.browser_manager - INFO - 📄 Using existing context with 1 pages
2025-09-23 19:52:17,922 - utils.browser_manager - INFO - 🔍 Connected to existing Chrome: 140.0.7339.128
2025-09-23 19:52:17,923 - utils.browser_manager - DEBUG - ✅ Browser connection healthy - version: healthy
2025-09-23 19:52:17,923 - utils.browser_manager - INFO - ♻️ Reusing existing page in persistent context.
2025-09-23 19:52:17,933 - utils.browser_manager - DEBUG - Brought reused page to front for visibility
2025-09-23 19:52:17,933 - __main__ - INFO - 🔐 Initializing authentication service for logout detection...
2025-09-23 19:52:17,934 - __main__ - INFO - ✅ Using hardcoded credentials for poundwholesale.co.uk
2025-09-23 19:52:17,934 - __main__ - INFO - 🌐 Connecting to existing Chrome debug port 9222 for authentication...
2025-09-23 19:52:22,205 - tools.standalone_playwright_login - INFO - 💰 Verifying price access...
2025-09-23 19:52:26,485 - tools.standalone_playwright_login - WARNING - ⚠️ No clear price elements found - price access unclear
2025-09-23 19:52:26,501 - tools.supplier_authentication_service - INFO - ❌ Login form detected - not authenticated
2025-09-23 19:52:26,501 - tools.supplier_authentication_service - INFO - 🔐 Starting authentication for poundwholesale.co.uk
2025-09-23 19:52:26,502 - tools.supplier_authentication_service - INFO - 🔧 Using browser manager's existing browser for authentication
2025-09-23 19:52:26,502 - utils.browser_manager - DEBUG - ✅ Browser connection healthy - version: healthy
2025-09-23 19:52:26,502 - utils.browser_manager - INFO - ♻️ Reusing existing page in persistent context.
2025-09-23 19:52:26,527 - utils.browser_manager - DEBUG - Brought reused page to front for visibility
2025-09-23 19:52:26,527 - tools.standalone_playwright_login - INFO - 🔍 Checking if already logged in...
2025-09-23 19:52:28,441 - tools.standalone_playwright_login - INFO - ❌ No login indicators found - need to log in
2025-09-23 19:52:28,441 - tools.standalone_playwright_login - INFO - 🔐 Starting Playwright login...
2025-09-23 19:52:28,441 - tools.standalone_playwright_login - INFO - 📍 Navigating to login page: https://www.poundwholesale.co.uk/customer/account/login/
2025-09-23 19:52:30,910 - tools.standalone_playwright_login - INFO - ✅ Filled email using selector: input[name="login[username]"]
2025-09-23 19:52:31,634 - __main__ - INFO - 🌐 Keeping browser persistent for next run - not closing browser
2025-09-23 19:52:31,639 - utils.browser_manager - WARNING - Error during global cleanup: no running event loop
