2025-09-26 15:09:43,681 - utils.logger - INFO - 🔧 Logging initialised – log file: C:\Users\chris\Desktop\Amazon-FBA-Agent-System-v32 - latest good - Copy (8) - Copy - Copy - POSTLONGRUNPREKIRO2 beforecompletion-\logs\debug\run_custom_poundwholesale_20250926_150943.log
2025-09-26 15:09:43,687 - utils.browser_circuit_breaker - INFO - BrowserCircuitBreaker initialized: threshold=3, timeout=300s
2025-09-26 15:09:43,687 - utils.browser_manager - INFO - ?? BrowserManager singleton initialized with health management
2025-09-26 15:09:43,687 - selective_asin_processor - INFO - Initializing Amazon extractor...
2025-09-26 15:09:43,687 - tools.amazon_playwright_extractor - WARNING - ?? BrowserCircuitBreaker not available - health management disabled
2025-09-26 15:09:43,688 - tools.amazon_playwright_extractor - INFO - AI features disabled in amazon_playwright_extractor - using only traditional selectors.
2025-09-26 15:09:43,688 - tools.amazon_playwright_extractor - INFO - Output directory set to: C:\Users\chris\Desktop\Amazon-FBA-Agent-System-v32 - latest good - Copy (8) - Copy - Copy - POSTLONGRUNPREKIRO2 beforecompletion-\OUTPUTS\CACHE\amazon_data
2025-09-26 15:09:43,688 - tools.amazon_playwright_extractor - INFO - ?? AmazonExtractor will use centralized BrowserManager
2025-09-26 15:09:43,688 - selective_asin_processor - INFO - Amazon extractor initialized successfully
2025-09-26 15:09:43,688 - selective_asin_processor - INFO - Starting selective processing of 1933 linking map entries
2025-09-26 15:09:43,688 - selective_asin_processor - INFO - [1] Processing: 5010792236995_B0DWDRZDZC
2025-09-26 15:09:43,689 - selective_asin_processor - INFO - [1] Processing 5010792236995_B0DWDRZDZC - Cache exists but will be refreshed
2025-09-26 15:09:43,689 - selective_asin_processor - INFO - [1] Extracting Amazon data for ASIN: B0DWDRZDZC
2025-09-26 15:09:45,472 - tools.amazon_playwright_extractor - INFO - ?? AmazonExtractor connecting via BrowserManager singleton
2025-09-26 15:09:45,812 - utils.browser_manager - INFO - ?? Connecting to existing Chrome debug instance on port 9222
2025-09-26 15:09:45,812 - utils.browser_manager - INFO - ?? Per troubleshooting docs: Using existing Chrome debug only
2025-09-26 15:09:45,894 - utils.browser_manager - INFO - ? Chrome debug accessible on IPv6: Chrome/140.0.7339.128
2025-09-26 15:09:45,894 - utils.browser_manager - INFO - ?? Connecting to existing Chrome debug instance...
2025-09-26 15:09:45,895 - utils.browser_manager - INFO - ?? Using endpoint: http://[::1]:9222
2025-09-26 15:09:45,998 - utils.browser_manager - INFO - ? Successfully connected to existing Chrome debug instance
2025-09-26 15:09:45,998 - utils.browser_manager - INFO - ?? Using existing context with 1 pages
2025-09-26 15:09:45,998 - utils.browser_manager - INFO - ?? Connected to existing Chrome: 140.0.7339.128
2025-09-26 15:09:45,998 - tools.amazon_playwright_extractor - INFO - ? AmazonExtractor connected via BrowserManager singleton
2025-09-26 15:09:45,998 - tools.amazon_playwright_extractor - WARNING - No page object provided to extract_data for ASIN B0DWDRZDZC. Getting a new one from BrowserManager.
2025-09-26 15:09:45,998 - tools.amazon_playwright_extractor - INFO - Reusing existing page: https://www.amazon.co.uk/dp/B007KLC6ZY
2025-09-26 15:09:48,936 - tools.amazon_playwright_extractor - INFO - Checking for cookie consent pop-up...
2025-09-26 15:09:49,242 - tools.amazon_playwright_extractor - INFO - Finished checking for cookie consent pop-ups. If one was present and not handled, it might interfere.
2025-09-26 15:09:50,242 - tools.amazon_playwright_extractor - INFO - Checking for CAPTCHA...
2025-09-26 15:09:53,251 - tools.amazon_playwright_extractor - INFO - No CAPTCHA page detected by form selector.
2025-09-26 15:09:53,251 - tools.amazon_playwright_extractor - INFO - Checking for cookie consent pop-up...
2025-09-26 15:09:53,288 - tools.amazon_playwright_extractor - INFO - Finished checking for cookie consent pop-ups. If one was present and not handled, it might interfere.
2025-09-26 15:09:53,288 - tools.amazon_playwright_extractor - INFO - Page should be ready. Waiting 5s for stabilization...
2025-09-26 15:09:58,293 - tools.amazon_playwright_extractor - INFO - Waiting an additional 7s for extensions (Keepa, SellerAmp)...
2025-09-26 15:10:05,295 - tools.amazon_playwright_extractor - INFO - Extracting all product data for ASIN: B0DWDRZDZC
2025-09-26 15:10:05,296 - tools.amazon_playwright_extractor - INFO - Extracting basic product information (Title, Price, Images, Amazon Details)...
2025-09-26 15:10:05,322 - tools.amazon_playwright_extractor - INFO - Title found: 'LEGO Botanicals Happy Plants Toy - Crafts Kit for Kids incl. 2 Artificial Plants with 2 Colourful Flower Pots & Interchangeable Cartoon Faces - Nature Gifts for 9+ Year Old Girls & Teens - 10349' via #productTitle
2025-09-26 15:10:05,322 - tools.amazon_playwright_extractor - INFO - Extracting price details...
2025-09-26 15:10:05,339 - tools.amazon_playwright_extractor - INFO - Current price: 17.99 via #corePrice_feature_div .a-offscreen
2025-09-26 15:10:05,378 - tools.amazon_playwright_extractor - INFO - Original price: 42.99 via span.a-price.a-text-price[data-a-strike='true'] span.a-offscreen
2025-09-26 15:10:05,406 - tools.amazon_playwright_extractor - INFO - Extracting image URLs...
2025-09-26 15:10:05,431 - tools.amazon_playwright_extractor - INFO - Main image: https://m.media-amazon.com/images/I/81JGnQochGL._AC_SL1500_.jpg via #landingImage
2025-09-26 15:10:05,496 - tools.amazon_playwright_extractor - INFO - Found 7 thumbnails.
2025-09-26 15:10:05,499 - tools.amazon_playwright_extractor - INFO - Extracting Amazon product details section...
2025-09-26 15:10:05,581 - tools.amazon_playwright_extractor - INFO - Extracting sales rank information...
2025-09-26 15:10:05,713 - tools.amazon_playwright_extractor - INFO - Extracting ratings and reviews...
2025-09-26 15:10:05,759 - tools.amazon_playwright_extractor - INFO - Rating: 4.9 via #acrPopover[title*='out of 5 stars']
2025-09-26 15:10:05,788 - tools.amazon_playwright_extractor - INFO - Review count: 824 via #acrCustomerReviewText
2025-09-26 15:10:05,789 - tools.amazon_playwright_extractor - INFO - Extracting stock information...
2025-09-26 15:10:05,886 - tools.amazon_playwright_extractor - INFO - Extracting features/bullets...
2025-09-26 15:10:06,066 - tools.amazon_playwright_extractor - INFO - Found 7 features.
2025-09-26 15:10:06,066 - tools.amazon_playwright_extractor - INFO - Extracting product description...
2025-09-26 15:10:06,100 - tools.amazon_playwright_extractor - INFO - Description found using selector: #aplus_feature_div
2025-09-26 15:10:06,100 - tools.amazon_playwright_extractor - INFO - Extracting product specifications table...
2025-09-26 15:10:06,556 - tools.amazon_playwright_extractor - INFO - Specifications table parsed using selector: table.a-keyvalue.prodDetTable
2025-09-26 15:10:06,556 - tools.amazon_playwright_extractor - INFO - Extracting SellerAmp data (if present)...
2025-09-26 15:10:06,556 - tools.amazon_playwright_extractor - INFO - SellerAmp data extraction is currently disabled as per requirements (Fix 2.3).
2025-09-26 15:10:06,556 - tools.amazon_playwright_extractor - INFO - Extracting Keepa data (if present)...
2025-09-26 15:10:06,556 - tools.amazon_playwright_extractor - INFO - Attempting to extract Keepa data...
2025-09-26 15:10:12,621 - tools.amazon_playwright_extractor - INFO - Keepa iframe found: iframe[id*='keepa']
2025-09-26 15:10:12,648 - tools.amazon_playwright_extractor - INFO - Keepa Graph AI Analysis is currently disabled as per requirements (Fix 2.4).
2025-09-26 15:10:12,668 - tools.amazon_playwright_extractor - INFO - Keepa Data tab found. Currently active: True
2025-09-26 15:10:12,688 - tools.amazon_playwright_extractor - INFO - Parsing Keepa AG Grid for Product Details from: div#MoreTab1 div#grid-product-detail
2025-09-26 15:10:12,730 - tools.amazon_playwright_extractor - INFO - Primary attempt: Waiting 12 seconds for AG Grid rows to load...
2025-09-26 15:10:13,765 - tools.amazon_playwright_extractor - INFO - ? Primary attempt successful: 175 rows found
2025-09-26 15:10:13,776 - tools.amazon_playwright_extractor - INFO - Processing 175 rows in Keepa Product Details AG Grid.
2025-09-26 15:10:43,127 - tools.amazon_playwright_extractor - WARNING - Error processing row 89: Locator.is_visible: Connection closed while reading from the driver
2025-09-26 15:10:43,129 - tools.amazon_playwright_extractor - WARNING - Error processing row 90: Locator.is_visible: Connection closed while reading from the driver
2025-09-26 15:10:43,130 - tools.amazon_playwright_extractor - WARNING - Error processing row 91: Locator.is_visible: Connection closed while reading from the driver
2025-09-26 15:10:43,132 - tools.amazon_playwright_extractor - WARNING - Error processing row 92: Locator.is_visible: Connection closed while reading from the driver
2025-09-26 15:10:43,133 - tools.amazon_playwright_extractor - WARNING - Error processing row 93: Locator.is_visible: Connection closed while reading from the driver
2025-09-26 15:10:43,134 - asyncio - WARNING - socket.send() raised exception.
2025-09-26 15:10:43,135 - tools.amazon_playwright_extractor - WARNING - Error processing row 94: Locator.is_visible: Connection closed while reading from the driver
2025-09-26 15:10:43,136 - asyncio - WARNING - socket.send() raised exception.
2025-09-26 15:10:43,137 - tools.amazon_playwright_extractor - WARNING - Error processing row 95: Locator.is_visible: Connection closed while reading from the driver
2025-09-26 15:10:43,139 - asyncio - WARNING - socket.send() raised exception.
2025-09-26 15:10:43,139 - tools.amazon_playwright_extractor - WARNING - Error processing row 96: Locator.is_visible: Connection closed while reading from the driver
2025-09-26 15:10:43,141 - asyncio - WARNING - socket.send() raised exception.
2025-09-26 15:10:43,141 - tools.amazon_playwright_extractor - WARNING - Error processing row 97: Locator.is_visible: Connection closed while reading from the driver
2025-09-26 15:10:43,143 - asyncio - WARNING - socket.send() raised exception.
2025-09-26 15:10:43,143 - tools.amazon_playwright_extractor - WARNING - Error processing row 98: Locator.is_visible: Connection closed while reading from the driver
2025-09-26 15:10:43,144 - asyncio - WARNING - socket.send() raised exception.
2025-09-26 15:10:43,145 - tools.amazon_playwright_extractor - WARNING - Error processing row 99: Locator.is_visible: Connection closed while reading from the driver
2025-09-26 15:10:43,146 - asyncio - WARNING - socket.send() raised exception.
2025-09-26 15:10:43,146 - tools.amazon_playwright_extractor - WARNING - Error processing row 100: Locator.is_visible: Connection closed while reading from the driver
2025-09-26 15:10:43,147 - asyncio - WARNING - socket.send() raised exception.
2025-09-26 15:10:43,147 - tools.amazon_playwright_extractor - WARNING - Error processing row 101: Locator.is_visible: Connection closed while reading from the driver
2025-09-26 15:10:43,149 - asyncio - WARNING - socket.send() raised exception.
2025-09-26 15:10:43,149 - tools.amazon_playwright_extractor - WARNING - Error processing row 102: Locator.is_visible: Connection closed while reading from the driver
