2025-09-26 15:12:18,786 - utils.logger - INFO - 🔧 Logging initialised – log file: C:\Users\chris\Desktop\Amazon-FBA-Agent-System-v32 - latest good - Copy (8) - Copy - Copy - POSTLONGRUNPREKIRO2 beforecompletion-\logs\debug\run_custom_poundwholesale_20250926_151218.log
2025-09-26 15:12:18,792 - utils.browser_circuit_breaker - INFO - BrowserCircuitBreaker initialized: threshold=3, timeout=300s
2025-09-26 15:12:18,792 - utils.browser_manager - INFO - ?? BrowserManager singleton initialized with health management
2025-09-26 15:12:18,792 - selective_asin_processor - INFO - Initializing Amazon extractor...
2025-09-26 15:12:18,792 - tools.amazon_playwright_extractor - WARNING - ?? BrowserCircuitBreaker not available - health management disabled
2025-09-26 15:12:18,792 - tools.amazon_playwright_extractor - INFO - AI features disabled in amazon_playwright_extractor - using only traditional selectors.
2025-09-26 15:12:18,793 - tools.amazon_playwright_extractor - INFO - Output directory set to: C:\Users\chris\Desktop\Amazon-FBA-Agent-System-v32 - latest good - Copy (8) - Copy - Copy - POSTLONGRUNPREKIRO2 beforecompletion-\OUTPUTS\CACHE\amazon_data
2025-09-26 15:12:18,793 - tools.amazon_playwright_extractor - INFO - ?? AmazonExtractor will use centralized BrowserManager
2025-09-26 15:12:18,793 - selective_asin_processor - INFO - Amazon extractor initialized successfully
2025-09-26 15:12:18,793 - selective_asin_processor - INFO - Starting selective processing of 1933 linking map entries
2025-09-26 15:12:18,793 - selective_asin_processor - INFO - [1] Processing: 5010792236995_B0DWDRZDZC
2025-09-26 15:12:18,793 - selective_asin_processor - INFO - [1] Processing 5010792236995_B0DWDRZDZC - Cache exists but will be refreshed
2025-09-26 15:12:18,793 - selective_asin_processor - INFO - [1] Extracting Amazon data for ASIN: B0DWDRZDZC
2025-09-26 15:12:20,874 - tools.amazon_playwright_extractor - INFO - ?? AmazonExtractor connecting via BrowserManager singleton
2025-09-26 15:12:21,255 - utils.browser_manager - INFO - ?? Connecting to existing Chrome debug instance on port 9222
2025-09-26 15:12:21,255 - utils.browser_manager - INFO - ?? Per troubleshooting docs: Using existing Chrome debug only
2025-09-26 15:12:21,337 - utils.browser_manager - INFO - ? Chrome debug accessible on IPv6: Chrome/140.0.7339.128
2025-09-26 15:12:21,338 - utils.browser_manager - INFO - ?? Connecting to existing Chrome debug instance...
2025-09-26 15:12:21,338 - utils.browser_manager - INFO - ?? Using endpoint: http://[::1]:9222
2025-09-26 15:12:21,391 - utils.browser_manager - INFO - ? Successfully connected to existing Chrome debug instance
2025-09-26 15:12:21,391 - utils.browser_manager - INFO - ?? Using existing context with 1 pages
2025-09-26 15:12:21,391 - utils.browser_manager - INFO - ?? Connected to existing Chrome: 140.0.7339.128
2025-09-26 15:12:21,391 - tools.amazon_playwright_extractor - INFO - ? AmazonExtractor connected via BrowserManager singleton
2025-09-26 15:12:21,392 - tools.amazon_playwright_extractor - WARNING - No page object provided to extract_data for ASIN B0DWDRZDZC. Getting a new one from BrowserManager.
2025-09-26 15:12:21,392 - tools.amazon_playwright_extractor - INFO - Reusing existing page: https://www.amazon.co.uk/dp/B07WRNWXN7?th=1
2025-09-26 15:12:22,680 - utils.browser_manager - INFO - ✅ Chrome windows minimized
2025-09-26 15:12:26,706 - utils.browser_manager - INFO - ✅ Chrome windows minimized
2025-09-26 15:12:26,706 - tools.amazon_playwright_extractor - INFO - Checking for cookie consent pop-up...
2025-09-26 15:12:26,858 - tools.amazon_playwright_extractor - INFO - Finished checking for cookie consent pop-ups. If one was present and not handled, it might interfere.
2025-09-26 15:12:27,868 - tools.amazon_playwright_extractor - INFO - Checking for CAPTCHA...
2025-09-26 15:12:30,877 - tools.amazon_playwright_extractor - INFO - No CAPTCHA page detected by form selector.
2025-09-26 15:12:30,877 - tools.amazon_playwright_extractor - INFO - Checking for cookie consent pop-up...
2025-09-26 15:12:30,927 - tools.amazon_playwright_extractor - INFO - Finished checking for cookie consent pop-ups. If one was present and not handled, it might interfere.
2025-09-26 15:12:30,927 - tools.amazon_playwright_extractor - INFO - Page should be ready. Waiting 5s for stabilization...
2025-09-26 15:12:35,933 - tools.amazon_playwright_extractor - INFO - Waiting an additional 7s for extensions (Keepa, SellerAmp)...
2025-09-26 15:12:42,936 - tools.amazon_playwright_extractor - INFO - Extracting all product data for ASIN: B0DWDRZDZC
2025-09-26 15:12:42,936 - tools.amazon_playwright_extractor - INFO - Extracting basic product information (Title, Price, Images, Amazon Details)...
2025-09-26 15:12:42,960 - tools.amazon_playwright_extractor - INFO - Title found: 'LEGO Botanicals Happy Plants Toy - Crafts Kit for Kids incl. 2 Artificial Plants with 2 Colourful Flower Pots & Interchangeable Cartoon Faces - Nature Gifts for 9+ Year Old Girls & Teens - 10349' via #productTitle
2025-09-26 15:12:42,960 - tools.amazon_playwright_extractor - INFO - Extracting price details...
2025-09-26 15:12:42,982 - tools.amazon_playwright_extractor - INFO - Current price: 17.99 via #corePrice_feature_div .a-offscreen
2025-09-26 15:12:43,035 - tools.amazon_playwright_extractor - INFO - Original price: 42.99 via span.a-price.a-text-price[data-a-strike='true'] span.a-offscreen
2025-09-26 15:12:43,065 - tools.amazon_playwright_extractor - INFO - Extracting image URLs...
2025-09-26 15:12:43,085 - tools.amazon_playwright_extractor - INFO - Main image: https://m.media-amazon.com/images/I/81JGnQochGL._AC_SL1500_.jpg via #landingImage
2025-09-26 15:12:43,132 - tools.amazon_playwright_extractor - INFO - Found 7 thumbnails.
2025-09-26 15:12:43,135 - tools.amazon_playwright_extractor - INFO - Extracting Amazon product details section...
2025-09-26 15:12:43,251 - tools.amazon_playwright_extractor - INFO - Extracting sales rank information...
2025-09-26 15:12:43,419 - tools.amazon_playwright_extractor - INFO - Extracting ratings and reviews...
2025-09-26 15:12:43,443 - tools.amazon_playwright_extractor - INFO - Rating: 4.9 via #acrPopover[title*='out of 5 stars']
2025-09-26 15:12:43,462 - tools.amazon_playwright_extractor - INFO - Review count: 824 via #acrCustomerReviewText
2025-09-26 15:12:43,462 - tools.amazon_playwright_extractor - INFO - Extracting stock information...
2025-09-26 15:12:43,573 - tools.amazon_playwright_extractor - INFO - Extracting features/bullets...
2025-09-26 15:12:43,730 - tools.amazon_playwright_extractor - INFO - Found 7 features.
2025-09-26 15:12:43,730 - tools.amazon_playwright_extractor - INFO - Extracting product description...
2025-09-26 15:12:43,752 - tools.amazon_playwright_extractor - INFO - Description found using selector: #aplus_feature_div
2025-09-26 15:12:43,752 - tools.amazon_playwright_extractor - INFO - Extracting product specifications table...
2025-09-26 15:12:44,203 - tools.amazon_playwright_extractor - INFO - Specifications table parsed using selector: table.a-keyvalue.prodDetTable
2025-09-26 15:12:44,203 - tools.amazon_playwright_extractor - INFO - Extracting SellerAmp data (if present)...
2025-09-26 15:12:44,203 - tools.amazon_playwright_extractor - INFO - SellerAmp data extraction is currently disabled as per requirements (Fix 2.3).
2025-09-26 15:12:44,203 - tools.amazon_playwright_extractor - INFO - Extracting Keepa data (if present)...
2025-09-26 15:12:44,203 - tools.amazon_playwright_extractor - INFO - Attempting to extract Keepa data...
2025-09-26 15:12:50,256 - tools.amazon_playwright_extractor - INFO - Keepa iframe found: iframe[id*='keepa']
2025-09-26 15:12:50,314 - tools.amazon_playwright_extractor - INFO - Keepa Sales Rank Details Table parsed.
2025-09-26 15:12:50,314 - tools.amazon_playwright_extractor - INFO - Keepa Graph AI Analysis is currently disabled as per requirements (Fix 2.4).
2025-09-26 15:12:50,331 - tools.amazon_playwright_extractor - INFO - Keepa Data tab found. Currently active: False
2025-09-26 15:12:50,331 - tools.amazon_playwright_extractor - INFO - Clicking Keepa 'Data' tab...
2025-09-26 15:12:53,995 - tools.amazon_playwright_extractor - INFO - Attempt 1/2: Waiting 12000ms for Product-Details wrapper...
2025-09-26 15:12:54,010 - tools.amazon_playwright_extractor - INFO - ? Product-Details wrapper appeared on attempt 1
2025-09-26 15:12:54,039 - tools.amazon_playwright_extractor - INFO - Parsing Keepa AG Grid for Product Details from: div#MoreTab1 div#grid-product-detail
2025-09-26 15:12:54,063 - tools.amazon_playwright_extractor - INFO - Primary attempt: Waiting 12 seconds for AG Grid rows to load...
2025-09-26 15:12:55,099 - tools.amazon_playwright_extractor - INFO - ? Primary attempt successful: 175 rows found
2025-09-26 15:12:55,109 - tools.amazon_playwright_extractor - INFO - Processing 175 rows in Keepa Product Details AG Grid.
2025-09-26 15:12:56,142 - tools.amazon_playwright_extractor - INFO - Found potential fee key 'FBA Pick&Pack Fee' with raw value: '£ 2.94' in Keepa AG Grid.
2025-09-26 15:12:56,220 - tools.amazon_playwright_extractor - INFO - Found potential fee key 'Referral Fee based on current Buy Box price' with raw value: '£ 2.70' in Keepa AG Grid.
2025-09-26 15:12:58,176 - tools.amazon_playwright_extractor - INFO - ? Successfully parsed 51 items from Keepa Product Details AG Grid.
2025-09-26 15:12:58,176 - tools.amazon_playwright_extractor - INFO - ASIN B0DWDRZDZC: Attempting to extract EANs from Keepa product_details_tab_data.
2025-09-26 15:12:58,176 - tools.amazon_playwright_extractor - INFO - ASIN B0DWDRZDZC: EAN '5702017814681' found in Keepa details via key 'Product Codes - EAN'.
2025-09-26 15:12:58,176 - tools.amazon_playwright_extractor - INFO - ASIN B0DWDRZDZC: BSR not found or invalid from page. Attempting fallback from Keepa.
2025-09-26 15:12:58,176 - tools.amazon_playwright_extractor - INFO - ASIN B0DWDRZDZC: BSR 74 in 'Toys & Games 27' from Keepa SalesRankDetailsTable.
2025-09-26 15:12:58,177 - selective_asin_processor - INFO - [1] ✅ Success: 5010792236995_B0DWDRZDZC -> £17.99
2025-09-26 15:12:58,177 - selective_asin_processor - INFO -     Price change: £15.30 -> £17.99 (+17.6%)
2025-09-26 15:12:58,177 - selective_asin_processor - INFO - [2] Processing: 5060082934117_B0D7VWC1XH
2025-09-26 15:12:58,177 - selective_asin_processor - INFO - [2] Processing 5060082934117_B0D7VWC1XH - Cache exists but will be refreshed
2025-09-26 15:12:58,177 - selective_asin_processor - INFO - [2] Extracting Amazon data for ASIN: B0D7VWC1XH
2025-09-26 15:12:58,840 - utils.browser_manager - INFO - ?? Browser memory usage: 8036.0MB > 2048MB threshold (monitoring only - restart disabled)
2025-09-26 15:13:00,845 - tools.amazon_playwright_extractor - WARNING - No page object provided to extract_data for ASIN B0D7VWC1XH. Getting a new one from BrowserManager.
2025-09-26 15:13:00,846 - tools.amazon_playwright_extractor - INFO - Reusing existing page: https://www.amazon.co.uk/dp/B0DWDRZDZC
2025-09-26 15:13:01,934 - utils.browser_manager - INFO - ✅ Chrome windows minimized
2025-09-26 15:13:03,128 - tools.amazon_playwright_extractor - WARNING - Navigation attempt 1 for https://www.amazon.co.uk/dp/B0D7VWC1XH failed: Page.goto: Connection closed while reading from the driver
