2026-03-12 22:25:22,292 - utils.logger - INFO - 🔧 Logging initialised – log file: C:\Users\chris\Desktop\Amazon-FBA-Agent-System-v32 - latest good - Copy (8) - Copy - Copy - POSTLONGRUNPREKIRO2 beforecompletion-\logs\debug\run_custom_angelwholesale-co-uk_20260312_222522.log
2026-03-12 22:25:22,292 - __main__ - INFO - 📋 Debug log file: C:\Users\chris\Desktop\Amazon-FBA-Agent-System-v32 - latest good - Copy (8) - Copy - Copy - POSTLONGRUNPREKIRO2 beforecompletion-\logs\debug\run_custom_angelwholesale-co-uk_20260312_222522.log
2026-03-12 22:25:22,292 - __main__ - DEBUG - Debug logging initialized - full system execution details will be captured
2026-03-12 22:25:22,296 - utils.browser_circuit_breaker - INFO - BrowserCircuitBreaker initialized: threshold=3, timeout=300s
2026-03-12 22:25:22,297 - utils.browser_manager - INFO - ?? BrowserManager singleton initialized with health management
2026-03-12 22:25:22,773 - utils.browser_manager - INFO - ?? Connecting to existing Chrome debug instance on port 9222
2026-03-12 22:25:22,773 - utils.browser_manager - INFO - ?? Per troubleshooting docs: Using existing Chrome debug only
2026-03-12 22:25:24,784 - utils.browser_manager - DEBUG - ?? IPv6 connection failed: Cannot connect to host ::1:9222 ssl:default [The remote computer refused the network connection]
2026-03-12 22:25:24,790 - utils.browser_manager - INFO - ? Chrome debug accessible on IPv4: Chrome/145.0.7632.160
2026-03-12 22:25:24,791 - utils.browser_manager - INFO - ?? Connecting to existing Chrome debug instance...
2026-03-12 22:25:26,806 - utils.browser_manager - DEBUG - ?? Using IPv4 endpoint for CDP connection
2026-03-12 22:25:26,806 - utils.browser_manager - INFO - ?? Using endpoint: http://localhost:9222
2026-03-12 22:25:27,125 - utils.browser_manager - INFO - ? Successfully connected to existing Chrome debug instance
2026-03-12 22:25:27,125 - utils.browser_manager - INFO - ?? Using existing context with 2 pages
2026-03-12 22:25:27,125 - utils.browser_manager - INFO - ?? Connected to existing Chrome: 145.0.7632.160
2026-03-12 22:25:27,125 - utils.browser_manager - DEBUG - ? Browser connection healthy - version: healthy
2026-03-12 22:25:27,126 - utils.browser_manager - INFO - ?? Reusing existing page in persistent context.
2026-03-12 22:25:27,126 - __main__ - INFO - ℹ️ No authentication required for angelwholesale.co.uk
2026-03-12 22:25:27,126 - __main__ - ERROR - ❌ Workflow failed: workflow_config missing supplier_name
Traceback (most recent call last):
  File "C:\Users\chris\Desktop\Amazon-FBA-Agent-System-v32 - latest good - Copy (8) - Copy - Copy - POSTLONGRUNPREKIRO2 beforecompletion-\run_custom_angelwholesale-co-uk.py", line 93, in main
    workflow = PassiveExtractionWorkflow(
        config_loader=config_loader,
        workflow_config=workflow_config,
        browser_manager=browser_manager,
    )
  File "C:\Users\chris\Desktop\Amazon-FBA-Agent-System-v32 - latest good - Copy (8) - Copy - Copy - POSTLONGRUNPREKIRO2 beforecompletion-\tools\passive_extraction_workflow_latest.py", line 1440, in __init__
    raise ValueError("workflow_config missing supplier_name")
ValueError: workflow_config missing supplier_name
2026-03-12 22:25:27,130 - __main__ - INFO - 🌐 Keeping browser persistent for next run - not calling close()
2026-03-12 22:25:27,138 - utils.browser_manager - WARNING - Error during global cleanup: no running event loop
