2025-09-04 22:47:59,914 - utils.logger - INFO - 🔧 Logging initialised – log file: C:\Users\chris\Desktop\Amazon-FBA-Agent-System-v32 - latest good - Copy (8) - Copy - Copy - POSTLONGRUNPREKIRO2 beforecompletion-\logs\debug\run_custom_poundwholesale_20250904_224759.log
2025-09-04 22:47:59,915 - __main__ - INFO - 📋 Debug log file: C:\Users\chris\Desktop\Amazon-FBA-Agent-System-v32 - latest good - Copy (8) - Copy - Copy - POSTLONGRUNPREKIRO2 beforecompletion-\logs\debug\run_custom_poundwholesale_20250904_224759.log
2025-09-04 22:47:59,916 - __main__ - DEBUG - Debug logging initialized - full system execution details will be captured
2025-09-04 22:47:59,916 - utils.browser_circuit_breaker - INFO - BrowserCircuitBreaker initialized: threshold=3, timeout=300s
2025-09-04 22:47:59,917 - utils.browser_manager - INFO - 🔧 BrowserManager singleton initialized with health management
2025-09-04 22:48:00,532 - utils.browser_manager - INFO - 🔌 Connecting to existing Chrome debug instance on port 9222
2025-09-04 22:48:00,532 - utils.browser_manager - INFO - 📜 Per troubleshooting docs: Using existing Chrome debug only
2025-09-04 22:48:00,534 - utils.browser_manager - INFO - ✅ Chrome debug accessible on IPv6: Chrome/139.0.7258.155
2025-09-04 22:48:00,535 - utils.browser_manager - INFO - 🔌 Connecting to existing Chrome debug instance...
2025-09-04 22:48:00,536 - utils.browser_manager - DEBUG - 🌐 Using IPv6 endpoint for CDP connection
2025-09-04 22:48:00,537 - utils.browser_manager - INFO - 🌐 Using endpoint: http://[::1]:9222
2025-09-04 22:48:00,671 - utils.browser_manager - INFO - ✅ Successfully connected to existing Chrome debug instance
2025-09-04 22:48:00,671 - utils.browser_manager - INFO - 📄 Using existing context with 1 pages
2025-09-04 22:48:00,671 - utils.browser_manager - INFO - 🔍 Connected to existing Chrome: 139.0.7258.155
2025-09-04 22:48:00,672 - utils.browser_manager - DEBUG - ✅ Browser connection healthy - version: healthy
2025-09-04 22:48:00,672 - utils.browser_manager - INFO - ♻️ Reusing existing page in persistent context.
2025-09-04 22:48:00,676 - utils.browser_manager - DEBUG - Brought reused page to front for visibility
2025-09-04 22:48:00,676 - __main__ - INFO - 🔐 Initializing authentication service for logout detection...
2025-09-04 22:48:00,677 - __main__ - INFO - ✅ Using hardcoded credentials for poundwholesale.co.uk
2025-09-04 22:48:00,677 - __main__ - INFO - 🌐 Connecting to existing Chrome debug port 9222 for authentication...
2025-09-04 22:48:06,665 - tools.supplier_authentication_service - INFO - ✅ Logout link found - user is authenticated
2025-09-04 22:48:06,666 - tools.standalone_playwright_login - INFO - 💰 Verifying price access...
