2025-10-04 04:15:39,650 - utils.logger - INFO - 🔧 Logging initialised – log file: C:\Users\chris\Desktop\Amazon-FBA-Agent-System-v32 - latest good - Copy (8) - Copy - Copy - POSTLONGRUNPREKIRO2 beforecompletion-\logs\debug\run_custom_poundwholesale_20251004_041539.log
2025-10-04 04:15:39,650 - __main__ - INFO - 📋 Debug log file: C:\Users\chris\Desktop\Amazon-FBA-Agent-System-v32 - latest good - Copy (8) - Copy - Copy - POSTLONGRUNPREKIRO2 beforecompletion-\logs\debug\run_custom_poundwholesale_20251004_041539.log
2025-10-04 04:15:39,651 - __main__ - DEBUG - Debug logging initialized - full system execution details will be captured
2025-10-04 04:15:39,651 - utils.browser_circuit_breaker - INFO - BrowserCircuitBreaker initialized: threshold=3, timeout=300s
2025-10-04 04:15:39,655 - utils.browser_manager - INFO - ?? BrowserManager singleton initialized with health management
2025-10-04 04:15:40,225 - utils.browser_manager - INFO - ?? Connecting to existing Chrome debug instance on port 9222
2025-10-04 04:15:40,225 - utils.browser_manager - INFO - ?? Per troubleshooting docs: Using existing Chrome debug only
2025-10-04 04:15:40,227 - utils.browser_manager - INFO - ? Chrome debug accessible on IPv6: Chrome/141.0.7390.55
2025-10-04 04:15:40,227 - utils.browser_manager - INFO - ?? Connecting to existing Chrome debug instance...
2025-10-04 04:15:40,229 - utils.browser_manager - DEBUG - ?? Using IPv6 endpoint for CDP connection
2025-10-04 04:15:40,229 - utils.browser_manager - INFO - ?? Using endpoint: http://[::1]:9222
2025-10-04 04:15:40,517 - utils.browser_manager - INFO - ? Successfully connected to existing Chrome debug instance
2025-10-04 04:15:40,518 - utils.browser_manager - INFO - ?? Using existing context with 4 pages
2025-10-04 04:15:40,518 - utils.browser_manager - INFO - ?? Connected to existing Chrome: 141.0.7390.55
2025-10-04 04:15:40,518 - utils.browser_manager - DEBUG - ? Browser connection healthy - version: healthy
2025-10-04 04:15:40,519 - utils.browser_manager - INFO - ?? Reusing existing page in persistent context.
2025-10-04 04:15:40,519 - __main__ - INFO - 🔐 Initializing Clearance King authentication helper...
2025-10-04 04:15:40,519 - __main__ - INFO - ✅ Using configured credentials for clearance-king.co.uk
2025-10-04 04:15:40,520 - __main__ - INFO - 🌐 Connecting to existing Chrome debug port 9222 for authentication...
2025-10-04 04:15:40,603 - tools.clearance_king.supplier_authentication_service - INFO - ❌ Login link found - not authenticated
2025-10-04 04:15:40,604 - __main__ - INFO - 🔐 Not authenticated, initiating login...
2025-10-04 04:15:40,604 - tools.clearance_king.supplier_authentication_service - INFO - 🔐 Starting login process for Clearance King...
2025-10-04 04:15:40,605 - tools.clearance_king.supplier_authentication_service - INFO - 🚀 Performing login via StandalonePlaywrightLogin...
2025-10-04 04:15:40,605 - tools.standalone_playwright_login - INFO - 🔐 Starting Playwright login...
2025-10-04 04:15:40,606 - tools.standalone_playwright_login - INFO - 🌐 Navigating to login page: https://www.clearance-king.co.uk/customer/account/login/
2025-10-04 04:15:44,665 - tools.standalone_playwright_login - INFO - ✅ Filled email using selector: input#email
2025-10-04 04:15:45,675 - tools.standalone_playwright_login - INFO - 🔍 Using config password selector: input#pass
2025-10-04 04:15:45,845 - tools.standalone_playwright_login - INFO - ✅ Filled password using selector: input#pass (forced)
2025-10-04 04:15:46,064 - tools.standalone_playwright_login - INFO - ✅ Clicked submit using selector: button#send2.action.login.primary
2025-10-04 04:15:46,065 - tools.standalone_playwright_login - INFO - ⏳ Waiting for login to complete...
2025-10-04 04:15:46,069 - tools.standalone_playwright_login - WARNING - Still on login page - login may have failed
2025-10-04 04:15:46,070 - tools.standalone_playwright_login - INFO - 🔍 Verifying price access...
2025-10-04 04:15:46,595 - tools.standalone_playwright_login - ERROR - Error verifying price access: Page.goto: net::ERR_ABORTED at https://www.clearance-king.co.uk/sport-line-aquatic-advanced-swimming-goggles-colours-may-vary-1.html
Call log:
  - navigating to "https://www.clearance-king.co.uk/sport-line-aquatic-advanced-swimming-goggles-colours-may-vary-1.html", waiting until "domcontentloaded"

2025-10-04 04:15:46,596 - tools.standalone_playwright_login - ERROR - ❌ Login verification failed. No success indicators found and no price access.
2025-10-04 04:15:46,596 - tools.clearance_king.supplier_authentication_service - ERROR - ❌ Login failed: Login form submitted but verification failed on all checks.
2025-10-04 04:15:46,596 - __main__ - ERROR - ❌ Authentication failed. Exiting workflow.
2025-10-04 04:15:46,596 - __main__ - WARNING - ⚠️ Browser cleanup warning: 'BrowserManager' object has no attribute 'cleanup'
2025-10-04 04:15:46,598 - utils.browser_manager - WARNING - Error during global cleanup: no running event loop
