2026-02-12 06:19:22,036 - utils.logger - INFO - 🔧 Logging initialised – log file: C:\Users\chris\Desktop\Amazon-FBA-Agent-System-v32 - latest good - Copy (8) - Copy - Copy - POSTLONGRUNPREKIRO2 beforecompletion-\logs\debug\run_custom_efghousewares-co-uk_20260212_061922.log
2026-02-12 06:19:22,036 - __main__ - INFO - 📄 Debug log file: C:\Users\chris\Desktop\Amazon-FBA-Agent-System-v32 - latest good - Copy (8) - Copy - Copy - POSTLONGRUNPREKIRO2 beforecompletion-\logs\debug\run_custom_efghousewares-co-uk_20260212_061922.log
2026-02-12 06:19:22,037 - utils.browser_circuit_breaker - INFO - BrowserCircuitBreaker initialized: threshold=3, timeout=300s
2026-02-12 06:19:22,041 - utils.browser_manager - INFO - ?? BrowserManager singleton initialized with health management
2026-02-12 06:19:22,384 - utils.browser_manager - INFO - ?? Connecting to existing Chrome debug instance on port 9222
2026-02-12 06:19:22,385 - utils.browser_manager - INFO - ?? Per troubleshooting docs: Using existing Chrome debug only
2026-02-12 06:19:24,428 - utils.browser_manager - DEBUG - ?? IPv6 connection failed: Cannot connect to host ::1:9222 ssl:default [The remote computer refused the network connection]
2026-02-12 06:19:24,434 - utils.browser_manager - INFO - ? Chrome debug accessible on IPv4: Chrome/144.0.7559.133
2026-02-12 06:19:24,435 - utils.browser_manager - INFO - ?? Connecting to existing Chrome debug instance...
2026-02-12 06:19:26,476 - utils.browser_manager - DEBUG - ?? Using IPv4 endpoint for CDP connection
2026-02-12 06:19:26,476 - utils.browser_manager - INFO - ?? Using endpoint: http://localhost:9222
2026-02-12 06:19:26,565 - utils.browser_manager - INFO - ? Successfully connected to existing Chrome debug instance
2026-02-12 06:19:26,566 - utils.browser_manager - INFO - ?? Using existing context with 1 pages
2026-02-12 06:19:26,566 - utils.browser_manager - INFO - ?? Connected to existing Chrome: 144.0.7559.133
2026-02-12 06:19:26,566 - utils.browser_manager - DEBUG - ? Browser connection healthy - version: healthy
2026-02-12 06:19:26,566 - utils.browser_manager - INFO - ?? Reusing existing page in persistent context.
2026-02-12 06:19:26,567 - __main__ - INFO - 🔐 Checking supplier authentication status...
2026-02-12 06:19:27,783 - tools.efghousewares.supplier_authentication_service - INFO - ❌ User is not authenticated (redirected to login)
2026-02-12 06:19:27,783 - __main__ - ERROR - ❌ Credentials for efghousewares.co.uk not found in config; cannot login.
2026-02-12 06:19:27,783 - __main__ - INFO - 🧠 Keeping browser persistent for next run - not calling cleanup()
2026-02-12 06:19:27,786 - utils.browser_manager - WARNING - Error during global cleanup: no running event loop
