2025-09-21 07:51:31,463 - utils.logger - INFO - 🔧 Logging initialised – log file: C:\Users\chris\Desktop\Amazon-FBA-Agent-System-v32 - latest good - Copy (8) - Copy - Copy - POSTLONGRUNPREKIRO2 beforecompletion-\logs\debug\run_custom_poundwholesale_20250921_075131.log
2025-09-21 07:51:31,464 - __main__ - INFO - 📋 Debug log file: C:\Users\chris\Desktop\Amazon-FBA-Agent-System-v32 - latest good - Copy (8) - Copy - Copy - POSTLONGRUNPREKIRO2 beforecompletion-\logs\debug\run_custom_poundwholesale_20250921_075131.log
2025-09-21 07:51:31,464 - __main__ - DEBUG - Debug logging initialized - full system execution details will be captured
2025-09-21 07:51:31,465 - utils.browser_circuit_breaker - INFO - BrowserCircuitBreaker initialized: threshold=3, timeout=300s
2025-09-21 07:51:31,468 - utils.browser_manager - INFO - 🔧 BrowserManager singleton initialized with health management
2025-09-21 07:51:32,037 - utils.browser_manager - INFO - 🔌 Connecting to existing Chrome debug instance on port 9222
2025-09-21 07:51:32,037 - utils.browser_manager - INFO - 📜 Per troubleshooting docs: Using existing Chrome debug only
2025-09-21 07:51:32,039 - utils.browser_manager - INFO - ✅ Chrome debug accessible on IPv6: Chrome/140.0.7339.128
2025-09-21 07:51:32,040 - utils.browser_manager - INFO - 🔌 Connecting to existing Chrome debug instance...
2025-09-21 07:51:32,042 - utils.browser_manager - DEBUG - 🌐 Using IPv6 endpoint for CDP connection
2025-09-21 07:51:32,042 - utils.browser_manager - INFO - 🌐 Using endpoint: http://[::1]:9222
2025-09-21 07:51:32,172 - utils.browser_manager - INFO - ✅ Successfully connected to existing Chrome debug instance
2025-09-21 07:51:32,172 - utils.browser_manager - INFO - 📄 Using existing context with 1 pages
2025-09-21 07:51:32,173 - utils.browser_manager - INFO - 🔍 Connected to existing Chrome: 140.0.7339.128
2025-09-21 07:51:32,173 - utils.browser_manager - DEBUG - ✅ Browser connection healthy - version: healthy
2025-09-21 07:51:32,173 - utils.browser_manager - INFO - ♻️ Reusing existing page in persistent context.
2025-09-21 07:51:32,178 - utils.browser_manager - DEBUG - Brought reused page to front for visibility
2025-09-21 07:51:32,178 - __main__ - INFO - 🔐 Initializing authentication service for logout detection...
2025-09-21 07:51:32,179 - __main__ - INFO - ✅ Using hardcoded credentials for poundwholesale.co.uk
2025-09-21 07:51:32,179 - __main__ - INFO - 🌐 Connecting to existing Chrome debug port 9222 for authentication...
2025-09-21 07:51:35,698 - tools.supplier_authentication_service - INFO - ✅ Logout link found - user is authenticated
2025-09-21 07:51:35,698 - tools.standalone_playwright_login - INFO - 💰 Verifying price access...
2025-09-21 07:51:38,299 - tools.standalone_playwright_login - INFO - ✅ Price access confirmed: £1.02
2025-09-21 07:51:38,299 - tools.supplier_authentication_service - INFO - ✅ Already logged in! Price access verified: True
2025-09-21 07:51:38,300 - __main__ - CRITICAL - 💥 A critical error occurred in the main workflow: name 'SimpleMetrics' is not defined
Traceback (most recent call last):
  File "C:\Users\chris\Desktop\Amazon-FBA-Agent-System-v32 - latest good - Copy (8) - Copy - Copy - POSTLONGRUNPREKIRO2 beforecompletion-\run_custom_poundwholesale.py", line 93, in main
    workflow = PassiveExtractionWorkflow(
        config_loader=config_loader,
        workflow_config=workflow_config,
        browser_manager=browser_manager
    )
  File "C:\Users\chris\Desktop\Amazon-FBA-Agent-System-v32 - latest good - Copy (8) - Copy - Copy - POSTLONGRUNPREKIRO2 beforecompletion-\tools\passive_extraction_workflow_latest.py", line 1360, in __init__
    self.metrics = SimpleMetrics()
                   ^^^^^^^^^^^^^
NameError: name 'SimpleMetrics' is not defined
2025-09-21 07:51:38,310 - __main__ - INFO - 🌐 Keeping browser persistent for next run - not closing browser
2025-09-21 07:51:38,311 - utils.browser_manager - WARNING - Error during global cleanup: no running event loop
