2025-09-26 15:26:15,805 - utils.logger - INFO - 🔧 Logging initialised – log file: C:\Users\chris\Desktop\Amazon-FBA-Agent-System-v32 - latest good - Copy (8) - Copy - Copy - POSTLONGRUNPREKIRO2 beforecompletion-\logs\debug\run_custom_poundwholesale_20250926_152615.log
2025-09-26 15:26:15,811 - utils.browser_circuit_breaker - INFO - BrowserCircuitBreaker initialized: threshold=3, timeout=300s
2025-09-26 15:26:15,812 - utils.browser_manager - INFO - ?? BrowserManager singleton initialized with health management
2025-09-26 15:26:15,812 - selective_asin_processor - INFO - Initializing Amazon extractor...
2025-09-26 15:26:15,812 - tools.amazon_playwright_extractor - WARNING - ?? BrowserCircuitBreaker not available - health management disabled
2025-09-26 15:26:15,813 - tools.amazon_playwright_extractor - INFO - AI features disabled in amazon_playwright_extractor - using only traditional selectors.
2025-09-26 15:26:15,813 - tools.amazon_playwright_extractor - INFO - Output directory set to: C:\Users\chris\Desktop\Amazon-FBA-Agent-System-v32 - latest good - Copy (8) - Copy - Copy - POSTLONGRUNPREKIRO2 beforecompletion-\OUTPUTS\CACHE\amazon_data
2025-09-26 15:26:15,813 - tools.amazon_playwright_extractor - INFO - ?? AmazonExtractor will use centralized BrowserManager
2025-09-26 15:26:15,813 - selective_asin_processor - INFO - Amazon extractor initialized successfully
2025-09-26 15:26:15,814 - selective_asin_processor - INFO - Starting selective processing of 1933 linking map entries
2025-09-26 15:26:15,814 - selective_asin_processor - INFO - [1] Processing: 5010792236995_B0DWDRZDZC
2025-09-26 15:26:15,814 - selective_asin_processor - INFO - [1] Processing 5010792236995_B0DWDRZDZC - Cache exists but will be refreshed
2025-09-26 15:26:15,814 - selective_asin_processor - INFO - [1] Extracting Amazon data for ASIN: B0DWDRZDZC
2025-09-26 15:26:17,403 - tools.amazon_playwright_extractor - INFO - ?? AmazonExtractor connecting via BrowserManager singleton
2025-09-26 15:26:17,734 - utils.browser_manager - INFO - ?? Connecting to existing Chrome debug instance on port 9222
2025-09-26 15:26:17,735 - utils.browser_manager - INFO - ?? Per troubleshooting docs: Using existing Chrome debug only
2025-09-26 15:26:17,812 - utils.browser_manager - INFO - ? Chrome debug accessible on IPv6: Chrome/140.0.7339.128
2025-09-26 15:26:17,813 - utils.browser_manager - INFO - ?? Connecting to existing Chrome debug instance...
2025-09-26 15:26:17,814 - utils.browser_manager - INFO - ?? Using endpoint: http://[::1]:9222
2025-09-26 15:26:17,967 - utils.browser_manager - INFO - ? Successfully connected to existing Chrome debug instance
2025-09-26 15:26:17,968 - utils.browser_manager - INFO - ?? Using existing context with 2 pages
2025-09-26 15:26:17,968 - utils.browser_manager - INFO - ?? Connected to existing Chrome: 140.0.7339.128
2025-09-26 15:26:17,968 - tools.amazon_playwright_extractor - INFO - ? AmazonExtractor connected via BrowserManager singleton
2025-09-26 15:26:17,968 - tools.amazon_playwright_extractor - WARNING - No page object provided to extract_data for ASIN B0DWDRZDZC. Getting a new one from BrowserManager.
2025-09-26 15:26:17,968 - tools.amazon_playwright_extractor - INFO - Reusing existing page: https://www.amazon.co.uk/dp/B0D3YYYGSD?th=1
2025-09-26 15:26:18,974 - utils.browser_manager - INFO - ✅ Chrome windows minimized
2025-09-26 15:26:22,772 - utils.browser_manager - INFO - ✅ Chrome windows minimized
2025-09-26 15:26:22,773 - tools.amazon_playwright_extractor - INFO - Checking for cookie consent pop-up...
2025-09-26 15:26:22,849 - tools.amazon_playwright_extractor - INFO - Finished checking for cookie consent pop-ups. If one was present and not handled, it might interfere.
2025-09-26 15:26:23,853 - tools.amazon_playwright_extractor - INFO - Checking for CAPTCHA...
2025-09-26 15:26:26,857 - tools.amazon_playwright_extractor - INFO - No CAPTCHA page detected by form selector.
2025-09-26 15:26:26,857 - tools.amazon_playwright_extractor - INFO - Checking for cookie consent pop-up...
2025-09-26 15:26:26,890 - tools.amazon_playwright_extractor - INFO - Finished checking for cookie consent pop-ups. If one was present and not handled, it might interfere.
2025-09-26 15:26:26,890 - tools.amazon_playwright_extractor - INFO - Page should be ready. Waiting 5s for stabilization...
2025-09-26 15:26:31,896 - tools.amazon_playwright_extractor - INFO - Waiting an additional 7s for extensions (Keepa, SellerAmp)...
2025-09-26 15:26:38,901 - tools.amazon_playwright_extractor - INFO - Extracting all product data for ASIN: B0DWDRZDZC
2025-09-26 15:26:38,901 - tools.amazon_playwright_extractor - INFO - Extracting basic product information (Title, Price, Images, Amazon Details)...
2025-09-26 15:26:38,928 - tools.amazon_playwright_extractor - INFO - Title found: 'LEGO Botanicals Happy Plants Toy - Crafts Kit for Kids incl. 2 Artificial Plants with 2 Colourful Flower Pots & Interchangeable Cartoon Faces - Nature Gifts for 9+ Year Old Girls & Teens - 10349' via #productTitle
2025-09-26 15:26:38,929 - tools.amazon_playwright_extractor - INFO - Extracting price details...
2025-09-26 15:26:38,942 - tools.amazon_playwright_extractor - INFO - Current price: 17.99 via #corePrice_feature_div .a-offscreen
2025-09-26 15:26:38,972 - tools.amazon_playwright_extractor - INFO - Original price: 42.99 via span.a-price.a-text-price[data-a-strike='true'] span.a-offscreen
2025-09-26 15:26:38,996 - tools.amazon_playwright_extractor - INFO - Extracting image URLs...
2025-09-26 15:26:39,014 - tools.amazon_playwright_extractor - INFO - Main image: https://m.media-amazon.com/images/I/81JGnQochGL._AC_SL1500_.jpg via #landingImage
2025-09-26 15:26:39,058 - tools.amazon_playwright_extractor - INFO - Found 7 thumbnails.
2025-09-26 15:26:39,060 - tools.amazon_playwright_extractor - INFO - Extracting Amazon product details section...
2025-09-26 15:26:39,134 - tools.amazon_playwright_extractor - INFO - Extracting sales rank information...
2025-09-26 15:26:39,235 - tools.amazon_playwright_extractor - INFO - Extracting ratings and reviews...
2025-09-26 15:26:39,244 - tools.amazon_playwright_extractor - INFO - Rating: 4.9 via #acrPopover[title*='out of 5 stars']
2025-09-26 15:26:39,254 - tools.amazon_playwright_extractor - INFO - Review count: 825 via #acrCustomerReviewText
2025-09-26 15:26:39,255 - tools.amazon_playwright_extractor - INFO - Extracting stock information...
2025-09-26 15:26:39,333 - tools.amazon_playwright_extractor - INFO - Extracting features/bullets...
2025-09-26 15:26:39,474 - tools.amazon_playwright_extractor - INFO - Found 7 features.
2025-09-26 15:26:39,474 - tools.amazon_playwright_extractor - INFO - Extracting product description...
2025-09-26 15:26:39,494 - tools.amazon_playwright_extractor - INFO - Description found using selector: #aplus_feature_div
2025-09-26 15:26:39,494 - tools.amazon_playwright_extractor - INFO - Extracting product specifications table...
2025-09-26 15:26:39,828 - tools.amazon_playwright_extractor - INFO - Specifications table parsed using selector: table.a-keyvalue.prodDetTable
2025-09-26 15:26:39,828 - tools.amazon_playwright_extractor - INFO - Extracting SellerAmp data (if present)...
2025-09-26 15:26:39,828 - tools.amazon_playwright_extractor - INFO - SellerAmp data extraction is currently disabled as per requirements (Fix 2.3).
2025-09-26 15:26:39,828 - tools.amazon_playwright_extractor - INFO - Extracting Keepa data (if present)...
2025-09-26 15:26:39,828 - tools.amazon_playwright_extractor - INFO - Attempting to extract Keepa data...
2025-09-26 15:26:45,876 - tools.amazon_playwright_extractor - INFO - Keepa iframe found: iframe[id*='keepa']
2025-09-26 15:26:45,929 - tools.amazon_playwright_extractor - INFO - Keepa Sales Rank Details Table parsed.
2025-09-26 15:26:45,929 - tools.amazon_playwright_extractor - INFO - Keepa Graph AI Analysis is currently disabled as per requirements (Fix 2.4).
2025-09-26 15:26:45,943 - tools.amazon_playwright_extractor - INFO - Keepa Data tab found. Currently active: False
2025-09-26 15:26:45,944 - tools.amazon_playwright_extractor - INFO - Clicking Keepa 'Data' tab...
2025-09-26 15:26:48,190 - tools.amazon_playwright_extractor - INFO - Attempt 1/2: Waiting 12000ms for Product-Details wrapper...
2025-09-26 15:26:48,203 - tools.amazon_playwright_extractor - INFO - ? Product-Details wrapper appeared on attempt 1
2025-09-26 15:26:48,231 - tools.amazon_playwright_extractor - INFO - Parsing Keepa AG Grid for Product Details from: div#MoreTab1 div#grid-product-detail
2025-09-26 15:26:48,256 - tools.amazon_playwright_extractor - INFO - Primary attempt: Waiting 12 seconds for AG Grid rows to load...
2025-09-26 15:26:49,278 - tools.amazon_playwright_extractor - INFO - ? Primary attempt successful: 175 rows found
2025-09-26 15:26:49,286 - tools.amazon_playwright_extractor - INFO - Processing 175 rows in Keepa Product Details AG Grid.
2025-09-26 15:26:50,208 - tools.amazon_playwright_extractor - INFO - Found potential fee key 'FBA Pick&Pack Fee' with raw value: '£ 2.94' in Keepa AG Grid.
2025-09-26 15:26:50,277 - tools.amazon_playwright_extractor - INFO - Found potential fee key 'Referral Fee based on current Buy Box price' with raw value: '£ 2.70' in Keepa AG Grid.
2025-09-26 15:26:52,130 - tools.amazon_playwright_extractor - INFO - ? Successfully parsed 51 items from Keepa Product Details AG Grid.
2025-09-26 15:26:52,131 - tools.amazon_playwright_extractor - INFO - ASIN B0DWDRZDZC: Attempting to extract EANs from Keepa product_details_tab_data.
2025-09-26 15:26:52,131 - tools.amazon_playwright_extractor - INFO - ASIN B0DWDRZDZC: EAN '5702017814681' found in Keepa details via key 'Product Codes - EAN'.
2025-09-26 15:26:52,131 - tools.amazon_playwright_extractor - INFO - ASIN B0DWDRZDZC: BSR not found or invalid from page. Attempting fallback from Keepa.
2025-09-26 15:26:52,131 - tools.amazon_playwright_extractor - INFO - ASIN B0DWDRZDZC: BSR 74 in 'Toys & Games 27' from Keepa SalesRankDetailsTable.
2025-09-26 15:26:52,132 - selective_asin_processor - INFO - [1] ✅ Success: 5010792236995_B0DWDRZDZC -> £17.99
2025-09-26 15:26:52,132 - selective_asin_processor - INFO -     Price change: £15.30 -> £17.99 (+17.6%)
2025-09-26 15:26:52,132 - selective_asin_processor - INFO - [2] Processing: 5060082934117_B0D7VWC1XH
2025-09-26 15:26:52,132 - selective_asin_processor - INFO - [2] Processing 5060082934117_B0D7VWC1XH - Cache exists but will be refreshed
2025-09-26 15:26:52,133 - selective_asin_processor - INFO - [2] Extracting Amazon data for ASIN: B0D7VWC1XH
2025-09-26 15:26:52,922 - utils.browser_manager - INFO - ?? Browser memory usage: 7794.0MB > 2048MB threshold (monitoring only - restart disabled)
2025-09-26 15:26:55,323 - tools.amazon_playwright_extractor - WARNING - No page object provided to extract_data for ASIN B0D7VWC1XH. Getting a new one from BrowserManager.
2025-09-26 15:26:55,323 - tools.amazon_playwright_extractor - INFO - Reusing existing page: https://www.amazon.co.uk/dp/B0DWDRZDZC
2025-09-26 15:26:56,280 - utils.browser_manager - INFO - ✅ Chrome windows minimized
2025-09-26 15:26:59,785 - utils.browser_manager - INFO - ✅ Chrome windows minimized
2025-09-26 15:26:59,785 - tools.amazon_playwright_extractor - INFO - Checking for cookie consent pop-up...
2025-09-26 15:26:59,939 - tools.amazon_playwright_extractor - INFO - Finished checking for cookie consent pop-ups. If one was present and not handled, it might interfere.
2025-09-26 15:27:00,951 - tools.amazon_playwright_extractor - INFO - Checking for CAPTCHA...
2025-09-26 15:27:03,955 - tools.amazon_playwright_extractor - INFO - No CAPTCHA page detected by form selector.
2025-09-26 15:27:03,955 - tools.amazon_playwright_extractor - INFO - Checking for cookie consent pop-up...
2025-09-26 15:27:03,987 - tools.amazon_playwright_extractor - INFO - Finished checking for cookie consent pop-ups. If one was present and not handled, it might interfere.
2025-09-26 15:27:03,987 - tools.amazon_playwright_extractor - INFO - Page should be ready. Waiting 5s for stabilization...
2025-09-26 15:27:08,989 - tools.amazon_playwright_extractor - INFO - Waiting an additional 7s for extensions (Keepa, SellerAmp)...
2025-09-26 15:27:15,997 - tools.amazon_playwright_extractor - INFO - Extracting all product data for ASIN: B0D7VWC1XH
2025-09-26 15:27:15,997 - tools.amazon_playwright_extractor - INFO - Extracting basic product information (Title, Price, Images, Amazon Details)...
2025-09-26 15:27:16,016 - tools.amazon_playwright_extractor - INFO - Title found: 'iwiio Balloons 100 Pack - Assorted Rainbow for Birthday Party, Wedding, Baby Shower Decorations - Support Helium/Air, Colorful Kids' Party Supplies' via #productTitle
2025-09-26 15:27:16,016 - tools.amazon_playwright_extractor - INFO - Extracting price details...
2025-09-26 15:27:16,027 - tools.amazon_playwright_extractor - INFO - Current price: 6.99 via #corePrice_feature_div .a-offscreen
2025-09-26 15:27:16,051 - tools.amazon_playwright_extractor - INFO - Original price: 7.5 via span.a-price.a-text-price[data-a-strike='true'] span.a-offscreen
2025-09-26 15:27:16,073 - tools.amazon_playwright_extractor - INFO - Extracting image URLs...
2025-09-26 15:27:16,089 - tools.amazon_playwright_extractor - INFO - Main image: https://m.media-amazon.com/images/I/71wwbskvGpL._AC_SL1500_.jpg via #landingImage
2025-09-26 15:27:16,155 - tools.amazon_playwright_extractor - INFO - Found 7 thumbnails.
2025-09-26 15:27:16,159 - tools.amazon_playwright_extractor - INFO - Extracting Amazon product details section...
2025-09-26 15:27:16,229 - tools.amazon_playwright_extractor - INFO - Extracting sales rank information...
2025-09-26 15:27:16,291 - tools.amazon_playwright_extractor - INFO - Extracting ratings and reviews...
2025-09-26 15:27:16,300 - tools.amazon_playwright_extractor - INFO - Rating: 4.2 via #acrPopover[title*='out of 5 stars']
2025-09-26 15:27:16,308 - tools.amazon_playwright_extractor - INFO - Review count: 24 via #acrCustomerReviewText
2025-09-26 15:27:16,309 - tools.amazon_playwright_extractor - INFO - Extracting stock information...
2025-09-26 15:27:16,379 - tools.amazon_playwright_extractor - INFO - Extracting features/bullets...
2025-09-26 15:27:16,460 - tools.amazon_playwright_extractor - INFO - Found 5 features.
2025-09-26 15:27:16,461 - tools.amazon_playwright_extractor - INFO - Extracting product description...
2025-09-26 15:27:16,502 - tools.amazon_playwright_extractor - INFO - Extracting product specifications table...
2025-09-26 15:27:16,689 - tools.amazon_playwright_extractor - INFO - Specifications table parsed using selector: table.a-keyvalue.prodDetTable
2025-09-26 15:27:16,689 - tools.amazon_playwright_extractor - INFO - Extracting SellerAmp data (if present)...
2025-09-26 15:27:16,689 - tools.amazon_playwright_extractor - INFO - SellerAmp data extraction is currently disabled as per requirements (Fix 2.3).
2025-09-26 15:27:16,689 - tools.amazon_playwright_extractor - INFO - Extracting Keepa data (if present)...
2025-09-26 15:27:16,690 - tools.amazon_playwright_extractor - INFO - Attempting to extract Keepa data...
2025-09-26 15:27:22,745 - tools.amazon_playwright_extractor - INFO - Keepa iframe found: iframe[id*='keepa']
2025-09-26 15:27:22,813 - tools.amazon_playwright_extractor - INFO - Keepa Sales Rank Details Table parsed.
2025-09-26 15:27:22,813 - tools.amazon_playwright_extractor - INFO - Keepa Graph AI Analysis is currently disabled as per requirements (Fix 2.4).
2025-09-26 15:27:22,832 - tools.amazon_playwright_extractor - INFO - Keepa Data tab found. Currently active: False
2025-09-26 15:27:22,832 - tools.amazon_playwright_extractor - INFO - Clicking Keepa 'Data' tab...
2025-09-26 15:27:23,980 - utils.browser_manager - WARNING - Error during global cleanup: no running event loop
