2025-09-26 19:04:04,570 - utils.logger - INFO - 🔧 Logging initialised – log file: C:\Users\chris\Desktop\Amazon-FBA-Agent-System-v32 - latest good - Copy (8) - Copy - Copy - POSTLONGRUNPREKIRO2 beforecompletion-\logs\debug\run_custom_poundwholesale_20250926_190404.log
2025-09-26 19:04:04,576 - utils.browser_circuit_breaker - INFO - BrowserCircuitBreaker initialized: threshold=3, timeout=300s
2025-09-26 19:04:04,576 - utils.browser_manager - INFO - ?? BrowserManager singleton initialized with health management
2025-09-26 19:04:04,576 - selective_asin_processor - INFO - Initializing Amazon extractor...
2025-09-26 19:04:04,576 - tools.amazon_playwright_extractor - WARNING - ?? BrowserCircuitBreaker not available - health management disabled
2025-09-26 19:04:04,577 - tools.amazon_playwright_extractor - INFO - AI features disabled in amazon_playwright_extractor - using only traditional selectors.
2025-09-26 19:04:04,578 - tools.amazon_playwright_extractor - INFO - Output directory set to: C:\Users\chris\Desktop\Amazon-FBA-Agent-System-v32 - latest good - Copy (8) - Copy - Copy - POSTLONGRUNPREKIRO2 beforecompletion-\OUTPUTS\CACHE\amazon_data
2025-09-26 19:04:04,578 - tools.amazon_playwright_extractor - INFO - ?? AmazonExtractor will use centralized BrowserManager
2025-09-26 19:04:04,578 - selective_asin_processor - INFO - Amazon extractor initialized successfully
2025-09-26 19:04:04,578 - selective_asin_processor - INFO - Starting selective processing of 1672 linking map entries
2025-09-26 19:04:04,578 - selective_asin_processor - INFO - [1] Processing: 5055566999041_B0DS8QXBDB
2025-09-26 19:04:04,578 - selective_asin_processor - INFO - [1] Processing 5055566999041_B0DS8QXBDB - Cache exists but will be refreshed
2025-09-26 19:04:04,578 - selective_asin_processor - INFO - [1] Extracting Amazon data for ASIN: B0DS8QXBDB
2025-09-26 19:04:06,225 - tools.amazon_playwright_extractor - INFO - ?? AmazonExtractor connecting via BrowserManager singleton
2025-09-26 19:04:06,554 - utils.browser_manager - INFO - ?? Connecting to existing Chrome debug instance on port 9222
2025-09-26 19:04:06,554 - utils.browser_manager - INFO - ?? Per troubleshooting docs: Using existing Chrome debug only
2025-09-26 19:04:06,623 - utils.browser_manager - INFO - ? Chrome debug accessible on IPv6: Chrome/140.0.7339.128
2025-09-26 19:04:06,623 - utils.browser_manager - INFO - ?? Connecting to existing Chrome debug instance...
2025-09-26 19:04:06,625 - utils.browser_manager - INFO - ?? Using endpoint: http://[::1]:9222
2025-09-26 19:04:06,774 - utils.browser_manager - INFO - ? Successfully connected to existing Chrome debug instance
2025-09-26 19:04:06,774 - utils.browser_manager - INFO - ?? Using existing context with 4 pages
2025-09-26 19:04:06,775 - utils.browser_manager - INFO - ?? Connected to existing Chrome: 140.0.7339.128
2025-09-26 19:04:06,775 - tools.amazon_playwright_extractor - INFO - ? AmazonExtractor connected via BrowserManager singleton
2025-09-26 19:04:06,775 - tools.amazon_playwright_extractor - WARNING - No page object provided to extract_data for ASIN B0DS8QXBDB. Getting a new one from BrowserManager.
2025-09-26 19:04:06,775 - tools.amazon_playwright_extractor - INFO - Reusing existing page: https://www.amazon.co.uk/dp/B09W625ZYV
2025-09-26 19:04:09,889 - tools.amazon_playwright_extractor - INFO - Checking for cookie consent pop-up...
2025-09-26 19:04:10,059 - tools.amazon_playwright_extractor - INFO - Finished checking for cookie consent pop-ups. If one was present and not handled, it might interfere.
2025-09-26 19:04:11,074 - tools.amazon_playwright_extractor - INFO - Checking for CAPTCHA...
2025-09-26 19:04:14,078 - tools.amazon_playwright_extractor - INFO - No CAPTCHA page detected by form selector.
2025-09-26 19:04:14,079 - tools.amazon_playwright_extractor - INFO - Checking for cookie consent pop-up...
2025-09-26 19:04:14,117 - tools.amazon_playwright_extractor - INFO - Finished checking for cookie consent pop-ups. If one was present and not handled, it might interfere.
2025-09-26 19:04:14,117 - tools.amazon_playwright_extractor - INFO - Page should be ready. Waiting 5s for stabilization...
2025-09-26 19:04:19,127 - tools.amazon_playwright_extractor - INFO - Waiting an additional 7s for extensions (Keepa, SellerAmp)...
2025-09-26 19:04:26,132 - tools.amazon_playwright_extractor - INFO - Extracting all product data for ASIN: B0DS8QXBDB
2025-09-26 19:04:26,133 - tools.amazon_playwright_extractor - INFO - Extracting basic product information (Title, Price, Images, Amazon Details)...
2025-09-26 19:04:26,155 - tools.amazon_playwright_extractor - INFO - Title found: 'Essential Oil Burner by Dukhni | Wrought Iron Aroma Oil Burner Set – Includes Brass Bowl, Wooden Coaster & Tea Light Candle | For Diffuser Oils, Stress Relief, Meditation & Home Fragrance' via #productTitle
2025-09-26 19:04:26,155 - tools.amazon_playwright_extractor - INFO - Extracting price details...
2025-09-26 19:04:26,166 - tools.amazon_playwright_extractor - INFO - Current price: 12.99 via #corePrice_feature_div .a-offscreen
2025-09-26 19:04:26,193 - tools.amazon_playwright_extractor - INFO - Original price: 49.99 via span.a-price.a-text-price[data-a-strike='true'] span.a-offscreen
2025-09-26 19:04:26,216 - tools.amazon_playwright_extractor - INFO - Extracting image URLs...
2025-09-26 19:04:26,232 - tools.amazon_playwright_extractor - INFO - Main image: https://m.media-amazon.com/images/I/71wXdxF+j-L._AC_SL1500_.jpg via #landingImage
2025-09-26 19:04:26,263 - tools.amazon_playwright_extractor - INFO - Found 6 thumbnails.
2025-09-26 19:04:26,265 - tools.amazon_playwright_extractor - INFO - Extracting Amazon product details section...
2025-09-26 19:04:26,349 - tools.amazon_playwright_extractor - INFO - Extracting sales rank information...
2025-09-26 19:04:26,424 - tools.amazon_playwright_extractor - INFO - Extracting ratings and reviews...
2025-09-26 19:04:26,434 - tools.amazon_playwright_extractor - INFO - Rating: 4.4 via #acrPopover[title*='out of 5 stars']
2025-09-26 19:04:26,444 - tools.amazon_playwright_extractor - INFO - Review count: 52 via #acrCustomerReviewText
2025-09-26 19:04:26,445 - tools.amazon_playwright_extractor - INFO - Extracting stock information...
2025-09-26 19:04:26,454 - tools.amazon_playwright_extractor - INFO - Availability text: 'In stock' via #availability span.a-size-medium.a-color-success
2025-09-26 19:04:26,455 - tools.amazon_playwright_extractor - INFO - Extracting features/bullets...
2025-09-26 19:04:26,543 - tools.amazon_playwright_extractor - INFO - Found 5 features.
2025-09-26 19:04:26,544 - tools.amazon_playwright_extractor - INFO - Extracting product description...
2025-09-26 19:04:26,554 - tools.amazon_playwright_extractor - INFO - Description found using selector: #productDescription
2025-09-26 19:04:26,555 - tools.amazon_playwright_extractor - INFO - Extracting product specifications table...
2025-09-26 19:04:26,747 - tools.amazon_playwright_extractor - INFO - Specifications table parsed using selector: table.a-keyvalue.prodDetTable
2025-09-26 19:04:26,747 - tools.amazon_playwright_extractor - INFO - Extracting SellerAmp data (if present)...
2025-09-26 19:04:26,747 - tools.amazon_playwright_extractor - INFO - SellerAmp data extraction is currently disabled as per requirements (Fix 2.3).
2025-09-26 19:04:26,747 - tools.amazon_playwright_extractor - INFO - Extracting Keepa data (if present)...
2025-09-26 19:04:26,747 - tools.amazon_playwright_extractor - INFO - Attempting to extract Keepa data...
2025-09-26 19:04:32,801 - tools.amazon_playwright_extractor - INFO - Keepa iframe found: iframe[id*='keepa']
2025-09-26 19:04:32,854 - tools.amazon_playwright_extractor - INFO - Keepa Sales Rank Details Table parsed.
2025-09-26 19:04:32,854 - tools.amazon_playwright_extractor - INFO - Keepa Graph AI Analysis is currently disabled as per requirements (Fix 2.4).
2025-09-26 19:04:32,871 - tools.amazon_playwright_extractor - INFO - Keepa Data tab found. Currently active: False
2025-09-26 19:04:32,871 - tools.amazon_playwright_extractor - INFO - Clicking Keepa 'Data' tab...
2025-09-26 19:04:35,109 - tools.amazon_playwright_extractor - INFO - Attempt 1/2: Waiting 12000ms for Product-Details wrapper...
2025-09-26 19:04:35,124 - tools.amazon_playwright_extractor - INFO - ? Product-Details wrapper appeared on attempt 1
2025-09-26 19:04:35,149 - tools.amazon_playwright_extractor - INFO - Parsing Keepa AG Grid for Product Details from: div#MoreTab1 div#grid-product-detail
2025-09-26 19:04:35,170 - tools.amazon_playwright_extractor - INFO - Primary attempt: Waiting 12 seconds for AG Grid rows to load...
2025-09-26 19:04:36,194 - tools.amazon_playwright_extractor - INFO - ? Primary attempt successful: 148 rows found
2025-09-26 19:04:36,202 - tools.amazon_playwright_extractor - INFO - Processing 148 rows in Keepa Product Details AG Grid.
2025-09-26 19:04:36,881 - tools.amazon_playwright_extractor - INFO - Found potential fee key 'FBA Pick&Pack Fee' with raw value: '£ 3.00' in Keepa AG Grid.
2025-09-26 19:04:36,981 - tools.amazon_playwright_extractor - INFO - Found potential fee key 'Referral Fee based on current Buy Box price' with raw value: '£ 1.95' in Keepa AG Grid.
2025-09-26 19:04:38,589 - tools.amazon_playwright_extractor - INFO - ? Successfully parsed 43 items from Keepa Product Details AG Grid.
2025-09-26 19:04:38,590 - tools.amazon_playwright_extractor - INFO - ASIN B0DS8QXBDB: Attempting to extract EANs from Keepa product_details_tab_data.
2025-09-26 19:04:38,590 - tools.amazon_playwright_extractor - INFO - ASIN B0DS8QXBDB: EAN '8904467604288' found in Keepa details via key 'Product Codes - EAN'.
2025-09-26 19:04:38,590 - tools.amazon_playwright_extractor - INFO - ASIN B0DS8QXBDB: BSR not found or invalid from page. Attempting fallback from Keepa.
2025-09-26 19:04:38,590 - tools.amazon_playwright_extractor - INFO - ASIN B0DS8QXBDB: BSR 140779 in 'Home & Kitchen 3.0' from Keepa SalesRankDetailsTable.
2025-09-26 19:04:38,591 - selective_asin_processor - INFO - [1] ✅ Success: 5055566999041_B0DS8QXBDB -> £12.99
2025-09-26 19:04:38,591 - selective_asin_processor - INFO - [2] Processing: 8993280001848_B0CST2P36F
2025-09-26 19:04:38,592 - selective_asin_processor - INFO - [2] Processing 8993280001848_B0CST2P36F - Cache exists but will be refreshed
2025-09-26 19:04:38,592 - selective_asin_processor - INFO - [2] Extracting Amazon data for ASIN: B0CST2P36F
2025-09-26 19:04:39,341 - utils.browser_manager - INFO - ?? Browser memory usage: 7890.0MB > 2048MB threshold (monitoring only - restart disabled)
2025-09-26 19:04:41,939 - tools.amazon_playwright_extractor - WARNING - No page object provided to extract_data for ASIN B0CST2P36F. Getting a new one from BrowserManager.
2025-09-26 19:04:41,940 - tools.amazon_playwright_extractor - INFO - Reusing existing page: https://www.amazon.co.uk/dp/B0DS8QXBDB
2025-09-26 19:04:44,733 - tools.amazon_playwright_extractor - INFO - Checking for cookie consent pop-up...
2025-09-26 19:04:44,904 - tools.amazon_playwright_extractor - INFO - Finished checking for cookie consent pop-ups. If one was present and not handled, it might interfere.
2025-09-26 19:04:45,906 - tools.amazon_playwright_extractor - INFO - Checking for CAPTCHA...
2025-09-26 19:04:48,910 - tools.amazon_playwright_extractor - INFO - No CAPTCHA page detected by form selector.
2025-09-26 19:04:48,911 - tools.amazon_playwright_extractor - INFO - Checking for cookie consent pop-up...
2025-09-26 19:04:48,948 - tools.amazon_playwright_extractor - INFO - Finished checking for cookie consent pop-ups. If one was present and not handled, it might interfere.
2025-09-26 19:04:48,948 - tools.amazon_playwright_extractor - INFO - Page should be ready. Waiting 5s for stabilization...
2025-09-26 19:04:53,949 - tools.amazon_playwright_extractor - INFO - Waiting an additional 7s for extensions (Keepa, SellerAmp)...
2025-09-26 19:05:00,960 - tools.amazon_playwright_extractor - INFO - Extracting all product data for ASIN: B0CST2P36F
2025-09-26 19:05:00,961 - tools.amazon_playwright_extractor - INFO - Extracting basic product information (Title, Price, Images, Amazon Details)...
2025-09-26 19:05:00,987 - tools.amazon_playwright_extractor - INFO - Title found: 'Total Multi-Purpose Copy & A4 Printer Paper | Versatile White Sheets for Printer, Copier & More | Eco-Friendly & Ideal for Fax, Inkjet & Laser | Home, School, Office | 5 Reams of A4 75 GSM, 2500 Count' via #productTitle
2025-09-26 19:05:00,987 - tools.amazon_playwright_extractor - INFO - Extracting price details...
2025-09-26 19:05:00,998 - tools.amazon_playwright_extractor - INFO - Current price: 22.99 via #corePrice_feature_div .a-offscreen
2025-09-26 19:05:01,054 - tools.amazon_playwright_extractor - INFO - Extracting image URLs...
2025-09-26 19:05:01,076 - tools.amazon_playwright_extractor - INFO - Main image: https://m.media-amazon.com/images/I/61Cs0+fqp5L._AC_SL1500_.jpg via #landingImage
2025-09-26 19:05:01,131 - tools.amazon_playwright_extractor - INFO - Found 5 thumbnails.
2025-09-26 19:05:01,134 - tools.amazon_playwright_extractor - INFO - Extracting Amazon product details section...
2025-09-26 19:05:01,225 - tools.amazon_playwright_extractor - INFO - Extracting sales rank information...
2025-09-26 19:05:01,312 - tools.amazon_playwright_extractor - INFO - Extracting ratings and reviews...
2025-09-26 19:05:01,321 - tools.amazon_playwright_extractor - INFO - Rating: 4.4 via #acrPopover[title*='out of 5 stars']
2025-09-26 19:05:01,336 - tools.amazon_playwright_extractor - INFO - Review count: 21 via #acrCustomerReviewText
2025-09-26 19:05:01,337 - tools.amazon_playwright_extractor - INFO - Extracting stock information...
2025-09-26 19:05:01,347 - tools.amazon_playwright_extractor - INFO - Availability text: 'In stock' via #availability span.a-size-medium.a-color-success
2025-09-26 19:05:01,348 - tools.amazon_playwright_extractor - INFO - Extracting features/bullets...
2025-09-26 19:05:01,458 - tools.amazon_playwright_extractor - INFO - Found 5 features.
2025-09-26 19:05:01,458 - tools.amazon_playwright_extractor - INFO - Extracting product description...
2025-09-26 19:05:01,472 - tools.amazon_playwright_extractor - INFO - Description found using selector: #productDescription
2025-09-26 19:05:01,472 - tools.amazon_playwright_extractor - INFO - Extracting product specifications table...
2025-09-26 19:05:01,626 - tools.amazon_playwright_extractor - INFO - Specifications table parsed using selector: table.a-keyvalue.prodDetTable
2025-09-26 19:05:01,627 - tools.amazon_playwright_extractor - INFO - Extracting SellerAmp data (if present)...
2025-09-26 19:05:01,627 - tools.amazon_playwright_extractor - INFO - SellerAmp data extraction is currently disabled as per requirements (Fix 2.3).
2025-09-26 19:05:01,627 - tools.amazon_playwright_extractor - INFO - Extracting Keepa data (if present)...
2025-09-26 19:05:01,627 - tools.amazon_playwright_extractor - INFO - Attempting to extract Keepa data...
2025-09-26 19:05:07,677 - tools.amazon_playwright_extractor - INFO - Keepa iframe found: iframe[id*='keepa']
2025-09-26 19:05:07,746 - tools.amazon_playwright_extractor - INFO - Keepa Sales Rank Details Table parsed.
2025-09-26 19:05:07,747 - tools.amazon_playwright_extractor - INFO - Keepa Graph AI Analysis is currently disabled as per requirements (Fix 2.4).
2025-09-26 19:05:07,767 - tools.amazon_playwright_extractor - INFO - Keepa Data tab found. Currently active: False
2025-09-26 19:05:07,767 - tools.amazon_playwright_extractor - INFO - Clicking Keepa 'Data' tab...
2025-09-26 19:05:10,044 - tools.amazon_playwright_extractor - INFO - Attempt 1/2: Waiting 12000ms for Product-Details wrapper...
2025-09-26 19:05:10,062 - tools.amazon_playwright_extractor - INFO - ? Product-Details wrapper appeared on attempt 1
2025-09-26 19:05:10,083 - tools.amazon_playwright_extractor - INFO - Parsing Keepa AG Grid for Product Details from: div#MoreTab1 div#grid-product-detail
2025-09-26 19:05:10,106 - tools.amazon_playwright_extractor - INFO - Primary attempt: Waiting 12 seconds for AG Grid rows to load...
2025-09-26 19:05:11,142 - tools.amazon_playwright_extractor - INFO - ? Primary attempt successful: 103 rows found
2025-09-26 19:05:11,151 - tools.amazon_playwright_extractor - INFO - Processing 103 rows in Keepa Product Details AG Grid.
2025-09-26 19:05:13,077 - tools.amazon_playwright_extractor - INFO - ? Successfully parsed 30 items from Keepa Product Details AG Grid.
2025-09-26 19:05:13,078 - tools.amazon_playwright_extractor - INFO - ASIN B0CST2P36F: Attempting to extract EANs from Keepa product_details_tab_data.
2025-09-26 19:05:13,078 - tools.amazon_playwright_extractor - WARNING - ASIN B0CST2P36F: Could not find EAN in Keepa product_details_tab_data.
2025-09-26 19:05:13,078 - tools.amazon_playwright_extractor - INFO - ASIN B0CST2P36F: BSR not found or invalid from page. Attempting fallback from Keepa.
2025-09-26 19:05:13,078 - tools.amazon_playwright_extractor - INFO - ASIN B0CST2P36F: BSR 89459 in 'Stationery & Office Supplies 5' from Keepa SalesRankDetailsTable.
2025-09-26 19:05:13,079 - selective_asin_processor - INFO - [2] ✅ Success: 8993280001848_B0CST2P36F -> £22.99
2025-09-26 19:05:13,079 - selective_asin_processor - INFO - [3] Processing: 5053249225302_B0BNBNXFGV
2025-09-26 19:05:13,079 - selective_asin_processor - INFO - [3] Processing 5053249225302_B0BNBNXFGV - Cache exists but will be refreshed
2025-09-26 19:05:13,079 - selective_asin_processor - INFO - [3] Extracting Amazon data for ASIN: B0BNBNXFGV
2025-09-26 19:05:13,820 - utils.browser_manager - INFO - ?? Browser memory usage: 7907.0MB > 2048MB threshold (monitoring only - restart disabled)
2025-09-26 19:05:16,064 - tools.amazon_playwright_extractor - WARNING - No page object provided to extract_data for ASIN B0BNBNXFGV. Getting a new one from BrowserManager.
2025-09-26 19:05:16,064 - tools.amazon_playwright_extractor - INFO - Reusing existing page: https://www.amazon.co.uk/dp/B0CST2P36F?th=1
2025-09-26 19:05:18,860 - tools.amazon_playwright_extractor - INFO - Checking for cookie consent pop-up...
2025-09-26 19:05:19,010 - tools.amazon_playwright_extractor - INFO - Finished checking for cookie consent pop-ups. If one was present and not handled, it might interfere.
2025-09-26 19:05:20,015 - tools.amazon_playwright_extractor - INFO - Checking for CAPTCHA...
2025-09-26 19:05:23,029 - tools.amazon_playwright_extractor - INFO - No CAPTCHA page detected by form selector.
2025-09-26 19:05:23,029 - tools.amazon_playwright_extractor - INFO - Checking for cookie consent pop-up...
2025-09-26 19:05:23,064 - tools.amazon_playwright_extractor - INFO - Finished checking for cookie consent pop-ups. If one was present and not handled, it might interfere.
2025-09-26 19:05:23,064 - tools.amazon_playwright_extractor - INFO - Page should be ready. Waiting 5s for stabilization...
2025-09-26 19:05:28,066 - tools.amazon_playwright_extractor - INFO - Waiting an additional 7s for extensions (Keepa, SellerAmp)...
2025-09-26 19:05:35,081 - tools.amazon_playwright_extractor - INFO - Extracting all product data for ASIN: B0BNBNXFGV
2025-09-26 19:05:35,082 - tools.amazon_playwright_extractor - INFO - Extracting basic product information (Title, Price, Images, Amazon Details)...
2025-09-26 19:05:35,101 - tools.amazon_playwright_extractor - INFO - Title found: 'jojofuny 60Pcs Bingo Game Cards Set with Unique Numbers for Family Fun and Intellectual Development - Perfect for Parties and Kids' via #productTitle
2025-09-26 19:05:35,102 - tools.amazon_playwright_extractor - INFO - Extracting price details...
2025-09-26 19:05:35,117 - tools.amazon_playwright_extractor - INFO - Current price: 15.19 via #corePrice_feature_div .a-offscreen
2025-09-26 19:05:35,175 - tools.amazon_playwright_extractor - INFO - Extracting image URLs...
2025-09-26 19:05:35,190 - tools.amazon_playwright_extractor - INFO - Main image: https://m.media-amazon.com/images/I/61NJMpxGzJL._AC_SL1500_.jpg via #landingImage
2025-09-26 19:05:35,253 - tools.amazon_playwright_extractor - INFO - Found 7 thumbnails.
2025-09-26 19:05:35,257 - tools.amazon_playwright_extractor - INFO - Extracting Amazon product details section...
2025-09-26 19:05:35,337 - tools.amazon_playwright_extractor - INFO - Extracting sales rank information...
2025-09-26 19:05:35,421 - tools.amazon_playwright_extractor - INFO - Extracting ratings and reviews...
2025-09-26 19:05:35,431 - tools.amazon_playwright_extractor - INFO - Rating: 4.6 via #acrPopover[title*='out of 5 stars']
2025-09-26 19:05:35,440 - tools.amazon_playwright_extractor - INFO - Review count: 3 via #acrCustomerReviewText
2025-09-26 19:05:35,440 - tools.amazon_playwright_extractor - INFO - Extracting stock information...
2025-09-26 19:05:35,456 - tools.amazon_playwright_extractor - INFO - Availability text: 'Only 13 left in stock.' via #availability span.a-color-price
2025-09-26 19:05:35,456 - tools.amazon_playwright_extractor - INFO - Extracting features/bullets...
2025-09-26 19:05:35,580 - tools.amazon_playwright_extractor - INFO - Found 5 features.
2025-09-26 19:05:35,580 - tools.amazon_playwright_extractor - INFO - Extracting product description...
2025-09-26 19:05:35,599 - tools.amazon_playwright_extractor - INFO - Description found using selector: #productDescription
2025-09-26 19:05:35,599 - tools.amazon_playwright_extractor - INFO - Extracting product specifications table...
2025-09-26 19:05:35,771 - tools.amazon_playwright_extractor - INFO - Specifications table parsed using selector: table.a-keyvalue.prodDetTable
2025-09-26 19:05:35,771 - tools.amazon_playwright_extractor - INFO - Extracting SellerAmp data (if present)...
2025-09-26 19:05:35,771 - tools.amazon_playwright_extractor - INFO - SellerAmp data extraction is currently disabled as per requirements (Fix 2.3).
2025-09-26 19:05:35,771 - tools.amazon_playwright_extractor - INFO - Extracting Keepa data (if present)...
2025-09-26 19:05:35,771 - tools.amazon_playwright_extractor - INFO - Attempting to extract Keepa data...
2025-09-26 19:05:41,825 - tools.amazon_playwright_extractor - INFO - Keepa iframe found: iframe[id*='keepa']
2025-09-26 19:05:41,886 - tools.amazon_playwright_extractor - INFO - Keepa Sales Rank Details Table parsed.
2025-09-26 19:05:41,886 - tools.amazon_playwright_extractor - INFO - Keepa Graph AI Analysis is currently disabled as per requirements (Fix 2.4).
2025-09-26 19:05:41,901 - tools.amazon_playwright_extractor - INFO - Keepa Data tab found. Currently active: False
2025-09-26 19:05:41,901 - tools.amazon_playwright_extractor - INFO - Clicking Keepa 'Data' tab...
2025-09-26 19:05:44,181 - tools.amazon_playwright_extractor - INFO - Attempt 1/2: Waiting 12000ms for Product-Details wrapper...
2025-09-26 19:05:44,194 - tools.amazon_playwright_extractor - INFO - ? Product-Details wrapper appeared on attempt 1
2025-09-26 19:05:44,217 - tools.amazon_playwright_extractor - INFO - Parsing Keepa AG Grid for Product Details from: div#MoreTab1 div#grid-product-detail
2025-09-26 19:05:44,237 - tools.amazon_playwright_extractor - INFO - Primary attempt: Waiting 12 seconds for AG Grid rows to load...
2025-09-26 19:05:45,266 - tools.amazon_playwright_extractor - INFO - ? Primary attempt successful: 145 rows found
2025-09-26 19:05:45,275 - tools.amazon_playwright_extractor - INFO - Processing 145 rows in Keepa Product Details AG Grid.
2025-09-26 19:05:46,051 - tools.amazon_playwright_extractor - INFO - Found potential fee key 'FBA Pick&Pack Fee' with raw value: '£ 2.72' in Keepa AG Grid.
2025-09-26 19:05:46,126 - tools.amazon_playwright_extractor - INFO - Found potential fee key 'Referral Fee based on current Buy Box price' with raw value: '£ 2.28' in Keepa AG Grid.
2025-09-26 19:05:47,685 - tools.amazon_playwright_extractor - INFO - ? Successfully parsed 42 items from Keepa Product Details AG Grid.
2025-09-26 19:05:47,685 - tools.amazon_playwright_extractor - INFO - ASIN B0BNBNXFGV: Attempting to extract EANs from Keepa product_details_tab_data.
2025-09-26 19:05:47,685 - tools.amazon_playwright_extractor - WARNING - ASIN B0BNBNXFGV: Could not find EAN in Keepa product_details_tab_data.
2025-09-26 19:05:47,686 - tools.amazon_playwright_extractor - INFO - ASIN B0BNBNXFGV: BSR not found or invalid from page. Attempting fallback from Keepa.
2025-09-26 19:05:47,686 - tools.amazon_playwright_extractor - INFO - ASIN B0BNBNXFGV: BSR 233526 in 'Toys & Games 3.0' from Keepa SalesRankDetailsTable.
2025-09-26 19:05:47,687 - selective_asin_processor - INFO - [3] ✅ Success: 5053249225302_B0BNBNXFGV -> £15.19
2025-09-26 19:05:47,687 - selective_asin_processor - INFO -     Price change: £11.99 -> £15.19 (+26.7%)
2025-09-26 19:05:47,692 - selective_asin_processor - INFO - [4] Processing: 5053249234854_B08468C65R
2025-09-26 19:05:47,692 - selective_asin_processor - INFO - [4] Processing 5053249234854_B08468C65R - Cache exists but will be refreshed
2025-09-26 19:05:47,692 - selective_asin_processor - INFO - [4] Extracting Amazon data for ASIN: B08468C65R
2025-09-26 19:05:48,414 - utils.browser_manager - INFO - ?? Browser memory usage: 7906.0MB > 2048MB threshold (monitoring only - restart disabled)
2025-09-26 19:05:50,654 - tools.amazon_playwright_extractor - WARNING - No page object provided to extract_data for ASIN B08468C65R. Getting a new one from BrowserManager.
2025-09-26 19:05:50,654 - tools.amazon_playwright_extractor - INFO - Reusing existing page: https://www.amazon.co.uk/dp/B0BNBNXFGV
2025-09-26 19:05:53,140 - tools.amazon_playwright_extractor - INFO - Checking for cookie consent pop-up...
2025-09-26 19:05:53,335 - tools.amazon_playwright_extractor - INFO - Finished checking for cookie consent pop-ups. If one was present and not handled, it might interfere.
2025-09-26 19:05:54,337 - tools.amazon_playwright_extractor - INFO - Checking for CAPTCHA...
2025-09-26 19:05:57,341 - tools.amazon_playwright_extractor - INFO - No CAPTCHA page detected by form selector.
2025-09-26 19:05:57,341 - tools.amazon_playwright_extractor - INFO - Checking for cookie consent pop-up...
2025-09-26 19:05:57,365 - tools.amazon_playwright_extractor - INFO - Finished checking for cookie consent pop-ups. If one was present and not handled, it might interfere.
2025-09-26 19:05:57,365 - tools.amazon_playwright_extractor - INFO - Page should be ready. Waiting 5s for stabilization...
2025-09-26 19:06:02,370 - tools.amazon_playwright_extractor - INFO - Waiting an additional 7s for extensions (Keepa, SellerAmp)...
2025-09-26 19:06:08,331 - utils.browser_manager - WARNING - Error during global cleanup: no running event loop
