2025-09-26 15:01:38,193 - utils.logger - INFO - 🔧 Logging initialised – log file: C:\Users\chris\Desktop\Amazon-FBA-Agent-System-v32 - latest good - Copy (8) - Copy - Copy - POSTLONGRUNPREKIRO2 beforecompletion-\logs\debug\run_custom_poundwholesale_20250926_150138.log
2025-09-26 15:01:38,199 - utils.browser_circuit_breaker - INFO - BrowserCircuitBreaker initialized: threshold=3, timeout=300s
2025-09-26 15:01:38,199 - utils.browser_manager - INFO - ?? BrowserManager singleton initialized with health management
2025-09-26 15:01:38,200 - selective_asin_processor - INFO - Initializing Amazon extractor...
2025-09-26 15:01:38,200 - tools.amazon_playwright_extractor - WARNING - ?? BrowserCircuitBreaker not available - health management disabled
2025-09-26 15:01:38,201 - tools.amazon_playwright_extractor - INFO - AI features disabled in amazon_playwright_extractor - using only traditional selectors.
2025-09-26 15:01:38,201 - tools.amazon_playwright_extractor - INFO - Output directory set to: C:\Users\chris\Desktop\Amazon-FBA-Agent-System-v32 - latest good - Copy (8) - Copy - Copy - POSTLONGRUNPREKIRO2 beforecompletion-\OUTPUTS\CACHE\amazon_data
2025-09-26 15:01:38,201 - tools.amazon_playwright_extractor - INFO - ?? AmazonExtractor will use centralized BrowserManager
2025-09-26 15:01:38,201 - selective_asin_processor - INFO - Amazon extractor initialized successfully
2025-09-26 15:01:38,201 - selective_asin_processor - INFO - Starting selective processing of 1933 linking map entries
2025-09-26 15:01:38,201 - selective_asin_processor - INFO - [1] Processing: 5010792236995_B0DWDRZDZC
2025-09-26 15:01:38,201 - selective_asin_processor - INFO - [1] Processing 5010792236995_B0DWDRZDZC - Cache exists but will be refreshed
2025-09-26 15:01:38,201 - selective_asin_processor - INFO - [1] Extracting Amazon data for ASIN: B0DWDRZDZC
2025-09-26 15:01:39,846 - tools.amazon_playwright_extractor - INFO - ?? AmazonExtractor connecting via BrowserManager singleton
2025-09-26 15:01:40,193 - utils.browser_manager - INFO - ?? Connecting to existing Chrome debug instance on port 9222
2025-09-26 15:01:40,193 - utils.browser_manager - INFO - ?? Per troubleshooting docs: Using existing Chrome debug only
2025-09-26 15:01:40,264 - utils.browser_manager - INFO - ? Chrome debug accessible on IPv6: Chrome/140.0.7339.128
2025-09-26 15:01:40,264 - utils.browser_manager - INFO - ?? Connecting to existing Chrome debug instance...
2025-09-26 15:01:40,265 - utils.browser_manager - INFO - ?? Using endpoint: http://[::1]:9222
2025-09-26 15:01:40,309 - utils.browser_manager - INFO - ? Successfully connected to existing Chrome debug instance
2025-09-26 15:01:40,309 - utils.browser_manager - INFO - ?? Using existing context with 1 pages
2025-09-26 15:01:40,309 - utils.browser_manager - INFO - ?? Connected to existing Chrome: 140.0.7339.128
2025-09-26 15:01:40,309 - tools.amazon_playwright_extractor - INFO - ? AmazonExtractor connected via BrowserManager singleton
2025-09-26 15:01:40,309 - tools.amazon_playwright_extractor - WARNING - No page object provided to extract_data for ASIN B0DWDRZDZC. Getting a new one from BrowserManager.
2025-09-26 15:01:40,309 - tools.amazon_playwright_extractor - INFO - Reusing existing page: https://www.amazon.co.uk/dp/B0C1NT63YW
2025-09-26 15:01:43,046 - tools.amazon_playwright_extractor - INFO - Checking for cookie consent pop-up...
2025-09-26 15:01:43,253 - tools.amazon_playwright_extractor - INFO - Finished checking for cookie consent pop-ups. If one was present and not handled, it might interfere.
2025-09-26 15:01:44,259 - tools.amazon_playwright_extractor - INFO - Checking for CAPTCHA...
2025-09-26 15:01:47,267 - tools.amazon_playwright_extractor - INFO - No CAPTCHA page detected by form selector.
2025-09-26 15:01:47,267 - tools.amazon_playwright_extractor - INFO - Checking for cookie consent pop-up...
2025-09-26 15:01:47,309 - tools.amazon_playwright_extractor - INFO - Finished checking for cookie consent pop-ups. If one was present and not handled, it might interfere.
2025-09-26 15:01:47,309 - tools.amazon_playwright_extractor - INFO - Page should be ready. Waiting 5s for stabilization...
2025-09-26 15:01:52,318 - tools.amazon_playwright_extractor - INFO - Waiting an additional 7s for extensions (Keepa, SellerAmp)...
2025-09-26 15:01:59,324 - tools.amazon_playwright_extractor - INFO - Extracting all product data for ASIN: B0DWDRZDZC
2025-09-26 15:01:59,324 - tools.amazon_playwright_extractor - INFO - Extracting basic product information (Title, Price, Images, Amazon Details)...
2025-09-26 15:01:59,352 - tools.amazon_playwright_extractor - INFO - Title found: 'LEGO Botanicals Happy Plants Toy - Crafts Kit for Kids incl. 2 Artificial Plants with 2 Colourful Flower Pots & Interchangeable Cartoon Faces - Nature Gifts for 9+ Year Old Girls & Teens - 10349' via #productTitle
2025-09-26 15:01:59,352 - tools.amazon_playwright_extractor - INFO - Extracting price details...
2025-09-26 15:01:59,369 - tools.amazon_playwright_extractor - INFO - Current price: 17.99 via #corePrice_feature_div .a-offscreen
2025-09-26 15:01:59,408 - tools.amazon_playwright_extractor - INFO - Original price: 42.99 via span.a-price.a-text-price[data-a-strike='true'] span.a-offscreen
2025-09-26 15:01:59,441 - tools.amazon_playwright_extractor - INFO - Extracting image URLs...
2025-09-26 15:01:59,468 - tools.amazon_playwright_extractor - INFO - Main image: https://m.media-amazon.com/images/I/81JGnQochGL._AC_SL1500_.jpg via #landingImage
2025-09-26 15:01:59,520 - tools.amazon_playwright_extractor - INFO - Found 7 thumbnails.
2025-09-26 15:01:59,523 - tools.amazon_playwright_extractor - INFO - Extracting Amazon product details section...
2025-09-26 15:01:59,625 - tools.amazon_playwright_extractor - INFO - Extracting sales rank information...
2025-09-26 15:01:59,734 - tools.amazon_playwright_extractor - INFO - Extracting ratings and reviews...
2025-09-26 15:01:59,745 - tools.amazon_playwright_extractor - INFO - Rating: 4.9 via #acrPopover[title*='out of 5 stars']
2025-09-26 15:01:59,758 - tools.amazon_playwright_extractor - INFO - Review count: 824 via #acrCustomerReviewText
2025-09-26 15:01:59,758 - tools.amazon_playwright_extractor - INFO - Extracting stock information...
2025-09-26 15:01:59,890 - tools.amazon_playwright_extractor - INFO - Extracting features/bullets...
2025-09-26 15:02:00,218 - tools.amazon_playwright_extractor - INFO - Found 7 features.
2025-09-26 15:02:00,218 - tools.amazon_playwright_extractor - INFO - Extracting product description...
2025-09-26 15:02:00,249 - tools.amazon_playwright_extractor - INFO - Description found using selector: #aplus_feature_div
2025-09-26 15:02:00,249 - tools.amazon_playwright_extractor - INFO - Extracting product specifications table...
2025-09-26 15:02:00,673 - tools.amazon_playwright_extractor - INFO - Specifications table parsed using selector: table.a-keyvalue.prodDetTable
2025-09-26 15:02:00,673 - tools.amazon_playwright_extractor - INFO - Extracting SellerAmp data (if present)...
2025-09-26 15:02:00,673 - tools.amazon_playwright_extractor - INFO - SellerAmp data extraction is currently disabled as per requirements (Fix 2.3).
2025-09-26 15:02:00,673 - tools.amazon_playwright_extractor - INFO - Extracting Keepa data (if present)...
2025-09-26 15:02:00,673 - tools.amazon_playwright_extractor - INFO - Attempting to extract Keepa data...
2025-09-26 15:02:06,739 - tools.amazon_playwright_extractor - INFO - Keepa iframe found: iframe[id*='keepa']
2025-09-26 15:02:07,129 - tools.amazon_playwright_extractor - INFO - Keepa Graph AI Analysis is currently disabled as per requirements (Fix 2.4).
2025-09-26 15:02:07,239 - tools.amazon_playwright_extractor - INFO - Keepa Data tab found. Currently active: False
2025-09-26 15:02:07,240 - tools.amazon_playwright_extractor - INFO - Clicking Keepa 'Data' tab...
2025-09-26 15:02:09,594 - tools.amazon_playwright_extractor - INFO - Attempt 1/2: Waiting 12000ms for Product-Details wrapper...
2025-09-26 15:02:17,254 - tools.amazon_playwright_extractor - INFO - ? Product-Details wrapper appeared on attempt 1
2025-09-26 15:02:17,295 - tools.amazon_playwright_extractor - INFO - Parsing Keepa AG Grid for Product Details from: div#MoreTab1 div#grid-product-detail
2025-09-26 15:02:17,324 - tools.amazon_playwright_extractor - INFO - Primary attempt: Waiting 12 seconds for AG Grid rows to load...
2025-09-26 15:02:18,369 - tools.amazon_playwright_extractor - INFO - ? Primary attempt successful: 148 rows found
2025-09-26 15:02:18,379 - tools.amazon_playwright_extractor - INFO - Processing 148 rows in Keepa Product Details AG Grid.
2025-09-26 15:02:19,358 - tools.amazon_playwright_extractor - INFO - Found potential fee key 'FBA Pick&Pack Fee' with raw value: '£ 6.59' in Keepa AG Grid.
2025-09-26 15:02:19,441 - tools.amazon_playwright_extractor - INFO - Found potential fee key 'Referral Fee based on current Buy Box price' with raw value: '£ 1.73' in Keepa AG Grid.
2025-09-26 15:02:21,652 - tools.amazon_playwright_extractor - INFO - ? Successfully parsed 43 items from Keepa Product Details AG Grid.
2025-09-26 15:02:21,652 - tools.amazon_playwright_extractor - INFO - ASIN B0DWDRZDZC: Attempting to extract EANs from Keepa product_details_tab_data.
2025-09-26 15:02:21,652 - tools.amazon_playwright_extractor - INFO - ASIN B0DWDRZDZC: EAN '5010743400239' found in Keepa details via key 'Product Codes - EAN'.
2025-09-26 15:02:21,652 - tools.amazon_playwright_extractor - INFO - ASIN B0DWDRZDZC: BSR not found or invalid from page. Attempting fallback from Keepa.
2025-09-26 15:02:21,652 - tools.amazon_playwright_extractor - WARNING - ASIN B0DWDRZDZC: Could not find BSR in any Keepa data source.
2025-09-26 15:02:21,653 - selective_asin_processor - INFO - [1] ✅ Success: 5010792236995_B0DWDRZDZC -> £17.99
2025-09-26 15:02:21,653 - selective_asin_processor - INFO -     Price change: £15.30 -> £17.99 (+17.6%)
2025-09-26 15:02:21,653 - selective_asin_processor - INFO - [2] Processing: 5060082934117_B0D7VWC1XH
2025-09-26 15:02:21,653 - selective_asin_processor - INFO - [2] Processing 5060082934117_B0D7VWC1XH - Cache exists but will be refreshed
2025-09-26 15:02:21,653 - selective_asin_processor - INFO - [2] Extracting Amazon data for ASIN: B0D7VWC1XH
2025-09-26 15:02:22,240 - utils.browser_manager - INFO - ?? Browser memory usage: 6336.0MB > 2048MB threshold (monitoring only - restart disabled)
2025-09-26 15:02:24,009 - tools.amazon_playwright_extractor - WARNING - No page object provided to extract_data for ASIN B0D7VWC1XH. Getting a new one from BrowserManager.
2025-09-26 15:02:24,010 - tools.amazon_playwright_extractor - INFO - Reusing existing page: https://www.amazon.co.uk/dp/B007POV512
2025-09-26 15:02:26,309 - tools.amazon_playwright_extractor - INFO - Checking for cookie consent pop-up...
2025-09-26 15:02:26,407 - tools.amazon_playwright_extractor - INFO - Finished checking for cookie consent pop-ups. If one was present and not handled, it might interfere.
2025-09-26 15:02:27,409 - tools.amazon_playwright_extractor - INFO - Checking for CAPTCHA...
2025-09-26 15:02:30,424 - tools.amazon_playwright_extractor - INFO - No CAPTCHA page detected by form selector.
2025-09-26 15:02:30,424 - tools.amazon_playwright_extractor - INFO - Checking for cookie consent pop-up...
2025-09-26 15:02:30,448 - tools.amazon_playwright_extractor - INFO - Finished checking for cookie consent pop-ups. If one was present and not handled, it might interfere.
2025-09-26 15:02:30,448 - tools.amazon_playwright_extractor - INFO - Page should be ready. Waiting 5s for stabilization...
2025-09-26 15:02:35,461 - tools.amazon_playwright_extractor - INFO - Waiting an additional 7s for extensions (Keepa, SellerAmp)...
2025-09-26 15:02:42,463 - tools.amazon_playwright_extractor - INFO - Extracting all product data for ASIN: B0D7VWC1XH
2025-09-26 15:02:42,463 - tools.amazon_playwright_extractor - INFO - Extracting basic product information (Title, Price, Images, Amazon Details)...
2025-09-26 15:02:42,548 - tools.amazon_playwright_extractor - INFO - Title found: 'Amdelne 6000k Led Batten Light, 1.3FT 40CM, 16W Plug in Ceiling Light Led, IP65 Workshop Lighting for Garage, Office, Bedroom, Living Room,Wall, Kitchen, Shed, Outdoor' via #productTitle
2025-09-26 15:02:42,548 - tools.amazon_playwright_extractor - INFO - Extracting price details...
2025-09-26 15:02:42,564 - tools.amazon_playwright_extractor - INFO - Current price: 25.99 via #corePrice_feature_div .a-offscreen
2025-09-26 15:02:42,628 - tools.amazon_playwright_extractor - INFO - Extracting image URLs...
2025-09-26 15:02:42,651 - tools.amazon_playwright_extractor - INFO - Main image: https://m.media-amazon.com/images/I/610jDl-aX3L._AC_SL1500_.jpg via #landingImage
2025-09-26 15:02:42,704 - tools.amazon_playwright_extractor - INFO - Found 7 thumbnails.
2025-09-26 15:02:42,706 - tools.amazon_playwright_extractor - INFO - Extracting Amazon product details section...
2025-09-26 15:02:42,795 - tools.amazon_playwright_extractor - INFO - Extracting sales rank information...
2025-09-26 15:02:42,922 - tools.amazon_playwright_extractor - INFO - Extracting ratings and reviews...
2025-09-26 15:02:42,937 - tools.amazon_playwright_extractor - INFO - Rating: 4.6 via #acrPopover[title*='out of 5 stars']
2025-09-26 15:02:42,969 - tools.amazon_playwright_extractor - INFO - Review count: 107 via #acrCustomerReviewText
2025-09-26 15:02:42,969 - tools.amazon_playwright_extractor - INFO - Extracting stock information...
2025-09-26 15:02:43,082 - tools.amazon_playwright_extractor - INFO - Extracting features/bullets...
2025-09-26 15:02:43,266 - tools.amazon_playwright_extractor - INFO - Found 5 features.
2025-09-26 15:02:43,266 - tools.amazon_playwright_extractor - INFO - Extracting product description...
2025-09-26 15:02:43,293 - tools.amazon_playwright_extractor - INFO - Description found using selector: #aplus_feature_div
2025-09-26 15:02:43,293 - tools.amazon_playwright_extractor - INFO - Extracting product specifications table...
2025-09-26 15:02:43,586 - tools.amazon_playwright_extractor - INFO - Specifications table parsed using selector: table.a-keyvalue.prodDetTable
2025-09-26 15:02:43,586 - tools.amazon_playwright_extractor - INFO - Extracting SellerAmp data (if present)...
2025-09-26 15:02:43,586 - tools.amazon_playwright_extractor - INFO - SellerAmp data extraction is currently disabled as per requirements (Fix 2.3).
2025-09-26 15:02:43,586 - tools.amazon_playwright_extractor - INFO - Extracting Keepa data (if present)...
2025-09-26 15:02:43,586 - tools.amazon_playwright_extractor - INFO - Attempting to extract Keepa data...
2025-09-26 15:02:49,638 - tools.amazon_playwright_extractor - INFO - Keepa iframe found: iframe[id*='keepa']
2025-09-26 15:02:49,701 - tools.amazon_playwright_extractor - INFO - Keepa Sales Rank Details Table parsed.
2025-09-26 15:02:49,701 - tools.amazon_playwright_extractor - INFO - Keepa Graph AI Analysis is currently disabled as per requirements (Fix 2.4).
2025-09-26 15:02:49,714 - tools.amazon_playwright_extractor - INFO - Keepa Data tab found. Currently active: False
2025-09-26 15:02:49,714 - tools.amazon_playwright_extractor - INFO - Clicking Keepa 'Data' tab...
2025-09-26 15:02:51,963 - tools.amazon_playwright_extractor - INFO - Attempt 1/2: Waiting 12000ms for Product-Details wrapper...
2025-09-26 15:02:51,978 - tools.amazon_playwright_extractor - INFO - ? Product-Details wrapper appeared on attempt 1
2025-09-26 15:02:52,010 - tools.amazon_playwright_extractor - INFO - Parsing Keepa AG Grid for Product Details from: div#MoreTab1 div#grid-product-detail
2025-09-26 15:02:52,038 - tools.amazon_playwright_extractor - INFO - Primary attempt: Waiting 12 seconds for AG Grid rows to load...
2025-09-26 15:02:53,065 - tools.amazon_playwright_extractor - INFO - ? Primary attempt successful: 163 rows found
2025-09-26 15:02:53,078 - tools.amazon_playwright_extractor - INFO - Processing 163 rows in Keepa Product Details AG Grid.
2025-09-26 15:02:54,219 - tools.amazon_playwright_extractor - INFO - Found potential fee key 'FBA Pick&Pack Fee' with raw value: '£ 3.06' in Keepa AG Grid.
2025-09-26 15:02:54,297 - tools.amazon_playwright_extractor - INFO - Found potential fee key 'Referral Fee based on current Buy Box price' with raw value: '£ 3.90' in Keepa AG Grid.
2025-09-26 15:02:56,870 - tools.amazon_playwright_extractor - INFO - ? Successfully parsed 46 items from Keepa Product Details AG Grid.
2025-09-26 15:02:56,871 - tools.amazon_playwright_extractor - INFO - ASIN B0D7VWC1XH: Attempting to extract EANs from Keepa product_details_tab_data.
2025-09-26 15:02:56,871 - tools.amazon_playwright_extractor - WARNING - ASIN B0D7VWC1XH: Could not find EAN in Keepa product_details_tab_data.
2025-09-26 15:02:56,871 - tools.amazon_playwright_extractor - INFO - ASIN B0D7VWC1XH: BSR not found or invalid from page. Attempting fallback from Keepa.
2025-09-26 15:02:56,871 - tools.amazon_playwright_extractor - INFO - ASIN B0D7VWC1XH: BSR 2462 in 'Lighting 9' from Keepa SalesRankDetailsTable.
2025-09-26 15:02:56,871 - selective_asin_processor - INFO - [2] ✅ Success: 5060082934117_B0D7VWC1XH -> £25.99
2025-09-26 15:02:56,871 - selective_asin_processor - INFO -     Price change: £6.99 -> £25.99 (+271.8%)
2025-09-26 15:02:56,872 - selective_asin_processor - INFO - [3] Processing: NO_EAN_B0DVRVCSJH
2025-09-26 15:02:56,872 - selective_asin_processor - INFO - [3] Processing NO_EAN_B0DVRVCSJH - Cache exists but will be refreshed
2025-09-26 15:02:56,872 - selective_asin_processor - INFO - [3] Extracting Amazon data for ASIN: B0DVRVCSJH
2025-09-26 15:02:57,485 - utils.browser_manager - INFO - ?? Browser memory usage: 6092.0MB > 2048MB threshold (monitoring only - restart disabled)
2025-09-26 15:02:59,329 - tools.amazon_playwright_extractor - WARNING - No page object provided to extract_data for ASIN B0DVRVCSJH. Getting a new one from BrowserManager.
2025-09-26 15:02:59,329 - tools.amazon_playwright_extractor - INFO - Reusing existing page: https://www.amazon.co.uk/dp/B0DLKZV6PX?th=1
2025-09-26 15:03:01,801 - tools.amazon_playwright_extractor - INFO - Checking for cookie consent pop-up...
2025-09-26 15:03:01,888 - tools.amazon_playwright_extractor - INFO - Finished checking for cookie consent pop-ups. If one was present and not handled, it might interfere.
2025-09-26 15:03:02,889 - tools.amazon_playwright_extractor - INFO - Checking for CAPTCHA...
2025-09-26 15:03:05,895 - tools.amazon_playwright_extractor - INFO - No CAPTCHA page detected by form selector.
2025-09-26 15:03:05,895 - tools.amazon_playwright_extractor - INFO - Checking for cookie consent pop-up...
2025-09-26 15:03:05,920 - tools.amazon_playwright_extractor - INFO - Finished checking for cookie consent pop-ups. If one was present and not handled, it might interfere.
2025-09-26 15:03:05,920 - tools.amazon_playwright_extractor - INFO - Page should be ready. Waiting 5s for stabilization...
2025-09-26 15:03:10,923 - tools.amazon_playwright_extractor - INFO - Waiting an additional 7s for extensions (Keepa, SellerAmp)...
2025-09-26 15:03:17,928 - tools.amazon_playwright_extractor - INFO - Extracting all product data for ASIN: B0DVRVCSJH
2025-09-26 15:03:17,928 - tools.amazon_playwright_extractor - INFO - Extracting basic product information (Title, Price, Images, Amazon Details)...
2025-09-26 15:03:18,002 - tools.amazon_playwright_extractor - INFO - Title found: 'Big K Kiln Dry Hardwood Logs FSC Grown in UK, Bag Of Hardwood Stove And Chiminea Fuel' via #productTitle
2025-09-26 15:03:18,002 - tools.amazon_playwright_extractor - INFO - Extracting price details...
2025-09-26 15:03:18,025 - tools.amazon_playwright_extractor - INFO - Current price: 11.5 via #corePrice_feature_div .a-offscreen
2025-09-26 15:03:18,224 - tools.amazon_playwright_extractor - INFO - Extracting image URLs...
2025-09-26 15:03:18,247 - tools.amazon_playwright_extractor - INFO - Main image: https://m.media-amazon.com/images/I/81Xq24s8vtL._AC_SL1500_.jpg via #landingImage
2025-09-26 15:03:18,294 - tools.amazon_playwright_extractor - INFO - Found 1 thumbnails.
2025-09-26 15:03:18,296 - tools.amazon_playwright_extractor - INFO - Extracting Amazon product details section...
2025-09-26 15:03:18,402 - tools.amazon_playwright_extractor - INFO - Extracting sales rank information...
2025-09-26 15:03:18,528 - tools.amazon_playwright_extractor - INFO - Extracting ratings and reviews...
2025-09-26 15:03:18,539 - tools.amazon_playwright_extractor - INFO - Rating: 4.2 via #acrPopover[title*='out of 5 stars']
2025-09-26 15:03:18,549 - tools.amazon_playwright_extractor - INFO - Review count: 15 via #acrCustomerReviewText
2025-09-26 15:03:18,549 - tools.amazon_playwright_extractor - INFO - Extracting stock information...
2025-09-26 15:03:18,559 - tools.amazon_playwright_extractor - INFO - Availability text: 'In stock' via #availability span.a-size-medium.a-color-success
2025-09-26 15:03:18,559 - tools.amazon_playwright_extractor - INFO - Extracting features/bullets...
2025-09-26 15:03:18,686 - tools.amazon_playwright_extractor - INFO - Found 5 features.
2025-09-26 15:03:18,686 - tools.amazon_playwright_extractor - INFO - Extracting product description...
2025-09-26 15:03:18,696 - tools.amazon_playwright_extractor - INFO - Description found using selector: #productDescription
2025-09-26 15:03:18,696 - tools.amazon_playwright_extractor - INFO - Extracting product specifications table...
2025-09-26 15:03:18,898 - tools.amazon_playwright_extractor - INFO - Specifications table parsed using selector: table.a-keyvalue.prodDetTable
2025-09-26 15:03:18,898 - tools.amazon_playwright_extractor - INFO - Extracting SellerAmp data (if present)...
2025-09-26 15:03:18,898 - tools.amazon_playwright_extractor - INFO - SellerAmp data extraction is currently disabled as per requirements (Fix 2.3).
2025-09-26 15:03:18,898 - tools.amazon_playwright_extractor - INFO - Extracting Keepa data (if present)...
2025-09-26 15:03:18,898 - tools.amazon_playwright_extractor - INFO - Attempting to extract Keepa data...
2025-09-26 15:03:24,954 - tools.amazon_playwright_extractor - INFO - Keepa iframe found: iframe[id*='keepa']
2025-09-26 15:03:25,012 - tools.amazon_playwright_extractor - INFO - Keepa Sales Rank Details Table parsed.
2025-09-26 15:03:25,012 - tools.amazon_playwright_extractor - INFO - Keepa Graph AI Analysis is currently disabled as per requirements (Fix 2.4).
2025-09-26 15:03:25,029 - tools.amazon_playwright_extractor - INFO - Keepa Data tab found. Currently active: False
2025-09-26 15:03:25,030 - tools.amazon_playwright_extractor - INFO - Clicking Keepa 'Data' tab...
2025-09-26 15:03:27,297 - tools.amazon_playwright_extractor - INFO - Attempt 1/2: Waiting 12000ms for Product-Details wrapper...
2025-09-26 15:03:27,310 - tools.amazon_playwright_extractor - INFO - ? Product-Details wrapper appeared on attempt 1
2025-09-26 15:03:27,336 - tools.amazon_playwright_extractor - INFO - Parsing Keepa AG Grid for Product Details from: div#MoreTab1 div#grid-product-detail
2025-09-26 15:03:27,357 - tools.amazon_playwright_extractor - INFO - Primary attempt: Waiting 12 seconds for AG Grid rows to load...
2025-09-26 15:03:28,390 - tools.amazon_playwright_extractor - INFO - ? Primary attempt successful: 136 rows found
2025-09-26 15:03:28,397 - tools.amazon_playwright_extractor - INFO - Processing 136 rows in Keepa Product Details AG Grid.
2025-09-26 15:03:29,164 - tools.amazon_playwright_extractor - INFO - Found potential fee key 'FBA Pick&Pack Fee' with raw value: '£ 6.11' in Keepa AG Grid.
2025-09-26 15:03:29,247 - tools.amazon_playwright_extractor - INFO - Found potential fee key 'Referral Fee based on current Buy Box price' with raw value: '£ 1.73' in Keepa AG Grid.
2025-09-26 15:03:30,743 - tools.amazon_playwright_extractor - INFO - ? Successfully parsed 40 items from Keepa Product Details AG Grid.
2025-09-26 15:03:30,743 - tools.amazon_playwright_extractor - INFO - ASIN B0DVRVCSJH: Attempting to extract EANs from Keepa product_details_tab_data.
2025-09-26 15:03:30,743 - tools.amazon_playwright_extractor - INFO - ASIN B0DVRVCSJH: EAN '5010743890474' found in Keepa details via key 'Product Codes - EAN'.
2025-09-26 15:03:30,743 - tools.amazon_playwright_extractor - INFO - ASIN B0DVRVCSJH: BSR not found or invalid from page. Attempting fallback from Keepa.
2025-09-26 15:03:30,743 - tools.amazon_playwright_extractor - INFO - ASIN B0DVRVCSJH: BSR 319524 in 'DIY & Tools 1.3' from Keepa SalesRankDetailsTable.
2025-09-26 15:03:30,744 - selective_asin_processor - INFO - [3] ✅ Success: NO_EAN_B0DVRVCSJH -> £11.50
2025-09-26 15:03:30,744 - selective_asin_processor - INFO -     Price change: £16.37 -> £11.50 (-29.7%)
2025-09-26 15:03:30,744 - selective_asin_processor - INFO - [4] Processing: 5022822122307_B00P95S0XK
2025-09-26 15:03:30,744 - selective_asin_processor - INFO - [4] Processing 5022822122307_B00P95S0XK - Cache exists but will be refreshed
2025-09-26 15:03:30,744 - selective_asin_processor - INFO - [4] Extracting Amazon data for ASIN: B00P95S0XK
2025-09-26 15:03:31,308 - utils.browser_manager - INFO - ?? Browser memory usage: 5770.0MB > 2048MB threshold (monitoring only - restart disabled)
2025-09-26 15:03:32,968 - tools.amazon_playwright_extractor - WARNING - No page object provided to extract_data for ASIN B00P95S0XK. Getting a new one from BrowserManager.
2025-09-26 15:03:32,968 - tools.amazon_playwright_extractor - INFO - Reusing existing page: https://www.amazon.co.uk/dp/B00BJ3VC72
2025-09-26 15:03:35,732 - tools.amazon_playwright_extractor - INFO - Checking for cookie consent pop-up...
2025-09-26 15:03:35,873 - tools.amazon_playwright_extractor - INFO - Finished checking for cookie consent pop-ups. If one was present and not handled, it might interfere.
