2025-08-16 01:39:45,551 - utils.logger - INFO - 🔧 Logging initialised – log file: /mnt/c/Users/chris/Desktop/Amazon-FBA-Agent-System-v32 - latest good - Copy (8) - Copy - Copy/logs/debug/run_custom_poundwholesale_20250816_013945.log
2025-08-16 01:39:45,552 - __main__ - INFO - 📋 Debug log file: /mnt/c/Users/chris/Desktop/Amazon-FBA-Agent-System-v32 - latest good - Copy (8) - Copy - Copy/logs/debug/run_custom_poundwholesale_20250816_013945.log
2025-08-16 01:39:45,553 - __main__ - DEBUG - Debug logging initialized - full system execution details will be captured
2025-08-16 01:39:45,560 - utils.browser_circuit_breaker - INFO - BrowserCircuitBreaker initialized: threshold=3, timeout=300s
2025-08-16 01:39:45,562 - utils.browser_manager - INFO - 🔧 BrowserManager singleton initialized with health management
2025-08-16 01:39:46,158 - utils.browser_manager - INFO - 🔌 Connecting to persistent Chrome on debug port 9222
2025-08-16 01:39:46,213 - utils.browser_manager - ERROR - ❌ Could not connect to persistent Chrome on port 9222. Error: BrowserType.connect_over_cdp: connect ECONNREFUSED 127.0.0.1:9222
Call log:
  - <ws preparing> retrieving websocket url from http://localhost:9222

2025-08-16 01:39:46,214 - utils.browser_manager - ERROR - ❌ Please ensure Chrome is running with --remote-debugging-port=9222
2025-08-16 01:39:46,214 - utils.browser_manager - ERROR - ❌ Command: chrome --remote-debugging-port=9222 --user-data-dir=/tmp/chrome-debug
2025-08-16 01:39:46,221 - __main__ - CRITICAL - 💥 A critical error occurred in the main workflow: Failed to connect to persistent Chrome on port 9222. Please start Chrome with debug port.
Traceback (most recent call last):
  File "/mnt/c/Users/chris/Desktop/Amazon-FBA-Agent-System-v32 - latest good - Copy (8) - Copy - Copy/utils/browser_manager.py", line 85, in launch_browser
    self.browser = await self.playwright.chromium.connect_over_cdp(f"http://localhost:{cdp_port}")
                   ^^^^^^^^^^^^^^^^^^^^^^^^^^^^^^^^^^^^^^^^^^^^^^^^^^^^^^^^^^^^^^^^^^^^^^^^^^^^^^^
  File "/usr/local/lib/python3.12/dist-packages/playwright/async_api/_generated.py", line 14835, in connect_over_cdp
    await self._impl_obj.connect_over_cdp(
  File "/usr/local/lib/python3.12/dist-packages/playwright/_impl/_browser_type.py", line 183, in connect_over_cdp
    response = await self._channel.send_return_as_dict("connectOverCDP", params)
               ^^^^^^^^^^^^^^^^^^^^^^^^^^^^^^^^^^^^^^^^^^^^^^^^^^^^^^^^^^^^^^^^^
  File "/usr/local/lib/python3.12/dist-packages/playwright/_impl/_connection.py", line 67, in send_return_as_dict
    return await self._connection.wrap_api_call(
           ^^^^^^^^^^^^^^^^^^^^^^^^^^^^^^^^^^^^^
  File "/usr/local/lib/python3.12/dist-packages/playwright/_impl/_connection.py", line 528, in wrap_api_call
    raise rewrite_error(error, f"{parsed_st['apiName']}: {error}") from None
playwright._impl._errors.Error: BrowserType.connect_over_cdp: connect ECONNREFUSED 127.0.0.1:9222
Call log:
  - <ws preparing> retrieving websocket url from http://localhost:9222


During handling of the above exception, another exception occurred:

Traceback (most recent call last):
  File "/mnt/c/Users/chris/Desktop/Amazon-FBA-Agent-System-v32 - latest good - Copy (8) - Copy - Copy/run_custom_poundwholesale.py", line 59, in main
    await browser_manager.launch_browser(cdp_port=chrome_debug_port)
  File "/mnt/c/Users/chris/Desktop/Amazon-FBA-Agent-System-v32 - latest good - Copy (8) - Copy - Copy/utils/browser_manager.py", line 102, in launch_browser
    raise Exception(f"Failed to connect to persistent Chrome on port {cdp_port}. Please start Chrome with debug port.")
Exception: Failed to connect to persistent Chrome on port 9222. Please start Chrome with debug port.
2025-08-16 01:39:46,228 - __main__ - INFO - 🌐 Keeping browser persistent for next run - not closing browser
2025-08-16 01:39:46,229 - utils.browser_manager - INFO - 🔌 Browser cleanup skipped - no event loop available
