2026-01-25 18:45:47,850 - utils.logger - INFO - 🔧 Logging initialised – log file: C:\Users\chris\Desktop\Amazon-FBA-Agent-System-v32 - latest good - Copy (8) - Copy - Copy - POSTLONGRUNPREKIRO2 beforecompletion-\logs\debug\run_custom_angelwholesale-co-uk_20260125_184547.log
2026-01-25 18:45:47,850 - __main__ - INFO - 📋 Debug log file: C:\Users\chris\Desktop\Amazon-FBA-Agent-System-v32 - latest good - Copy (8) - Copy - Copy - POSTLONGRUNPREKIRO2 beforecompletion-\logs\debug\run_custom_angelwholesale-co-uk_20260125_184547.log
2026-01-25 18:45:47,850 - __main__ - DEBUG - Debug logging initialized - full system execution details will be captured
2026-01-25 18:45:47,854 - utils.browser_circuit_breaker - INFO - BrowserCircuitBreaker initialized: threshold=3, timeout=300s
2026-01-25 18:45:47,855 - utils.browser_manager - INFO - ?? BrowserManager singleton initialized with health management
2026-01-25 18:45:48,318 - utils.browser_manager - INFO - ?? Connecting to existing Chrome debug instance on port 9222
2026-01-25 18:45:48,318 - utils.browser_manager - INFO - ?? Per troubleshooting docs: Using existing Chrome debug only
2026-01-25 18:45:50,364 - utils.browser_manager - DEBUG - ?? IPv6 connection failed: Cannot connect to host ::1:9222 ssl:default [The remote computer refused the network connection]
2026-01-25 18:45:50,372 - utils.browser_manager - INFO - ? Chrome debug accessible on IPv4: Chrome/144.0.7559.97
2026-01-25 18:45:50,373 - utils.browser_manager - INFO - ?? Connecting to existing Chrome debug instance...
2026-01-25 18:45:52,405 - utils.browser_manager - DEBUG - ?? Using IPv4 endpoint for CDP connection
2026-01-25 18:45:52,406 - utils.browser_manager - INFO - ?? Using endpoint: http://localhost:9222
2026-01-25 18:46:22,435 - utils.browser_manager - ERROR - ? Failed to connect to existing Chrome debug instance: BrowserType.connect_over_cdp: Timeout 30000ms exceeded.
Call log:
  - <ws preparing> retrieving websocket url from http://localhost:9222
  - <ws connecting> ws://localhost:9222/devtools/browser/c256d9e3-2d96-47eb-be16-ef3e44652420
  - <ws connected> ws://localhost:9222/devtools/browser/c256d9e3-2d96-47eb-be16-ef3e44652420

2026-01-25 18:46:22,447 - utils.browser_manager - ERROR - ?? CHROME DEBUG TROUBLESHOOTING STEPS:
2026-01-25 18:46:22,447 - utils.browser_manager - ERROR -    1. Ensure Chrome is manually launched with debug flags:
2026-01-25 18:46:22,448 - utils.browser_manager - ERROR -       chrome --remote-debugging-port=9222 --user-data-dir=C:\ChromeDebugProfile
2026-01-25 18:46:22,448 - utils.browser_manager - ERROR -    2. Verify Chrome debug is accessible:
2026-01-25 18:46:22,448 - utils.browser_manager - ERROR -       curl http://localhost:9222/json/version
2026-01-25 18:46:22,448 - utils.browser_manager - ERROR -    3. Check if port 9222 is in use:
2026-01-25 18:46:22,449 - utils.browser_manager - ERROR -       netstat -an | findstr :9222
2026-01-25 18:46:22,449 - utils.browser_manager - ERROR -    4. Kill existing Chrome processes if needed:
2026-01-25 18:46:22,449 - utils.browser_manager - ERROR -       taskkill /F /IM chrome.exe
2026-01-25 18:46:22,449 - utils.browser_manager - ERROR -    5. Restart Chrome with proper debug flags and try again
2026-01-25 18:46:22,450 - utils.browser_manager - ERROR -    ?? Reference: TROUBLESHOOTING.md - Browser & Chrome Issues
2026-01-25 18:46:22,450 - __main__ - ERROR - ❌ Workflow failed: Failed to connect to existing Chrome debug instance on port 9222. Chrome must be manually launched first.
Traceback (most recent call last):
  File "C:\Users\chris\Desktop\Amazon-FBA-Agent-System-v32 - latest good - Copy (8) - Copy - Copy - POSTLONGRUNPREKIRO2 beforecompletion-\utils\browser_manager.py", line 108, in launch_browser
    self.browser = await self.playwright.chromium.connect_over_cdp(
                   ^^^^^^^^^^^^^^^^^^^^^^^^^^^^^^^^^^^^^^^^^^^^^^^^
    ...<3 lines>...
    )
    ^
  File "C:\Users\chris\AppData\Roaming\Python\Python313\site-packages\playwright\async_api\_generated.py", line 14849, in connect_over_cdp
    await self._impl_obj.connect_over_cdp(
    ...<4 lines>...
    )
  File "C:\Users\chris\AppData\Roaming\Python\Python313\site-packages\playwright\_impl\_browser_type.py", line 207, in connect_over_cdp
    response = await self._channel.send_return_as_dict(
               ^^^^^^^^^^^^^^^^^^^^^^^^^^^^^^^^^^^^^^^^
        "connectOverCDP", TimeoutSettings.launch_timeout, params
        ^^^^^^^^^^^^^^^^^^^^^^^^^^^^^^^^^^^^^^^^^^^^^^^^^^^^^^^^
    )
    ^
  File "C:\Users\chris\AppData\Roaming\Python\Python313\site-packages\playwright\_impl\_connection.py", line 83, in send_return_as_dict
    return await self._connection.wrap_api_call(
           ^^^^^^^^^^^^^^^^^^^^^^^^^^^^^^^^^^^^^
    ...<3 lines>...
    )
    ^
  File "C:\Users\chris\AppData\Roaming\Python\Python313\site-packages\playwright\_impl\_connection.py", line 558, in wrap_api_call
    raise rewrite_error(error, f"{parsed_st['apiName']}: {error}") from None
playwright._impl._errors.TimeoutError: BrowserType.connect_over_cdp: Timeout 30000ms exceeded.
Call log:
  - <ws preparing> retrieving websocket url from http://localhost:9222
  - <ws connecting> ws://localhost:9222/devtools/browser/c256d9e3-2d96-47eb-be16-ef3e44652420
  - <ws connected> ws://localhost:9222/devtools/browser/c256d9e3-2d96-47eb-be16-ef3e44652420


During handling of the above exception, another exception occurred:

Traceback (most recent call last):
  File "C:\Users\chris\Desktop\Amazon-FBA-Agent-System-v32 - latest good - Copy (8) - Copy - Copy - POSTLONGRUNPREKIRO2 beforecompletion-\run_custom_angelwholesale-co-uk.py", line 84, in main
    await browser_manager.launch_browser(cdp_port=chrome_debug_port)
  File "C:\Users\chris\Desktop\Amazon-FBA-Agent-System-v32 - latest good - Copy (8) - Copy - Copy - POSTLONGRUNPREKIRO2 beforecompletion-\utils\browser_manager.py", line 139, in launch_browser
    raise Exception(f"Failed to connect to existing Chrome debug instance on port {cdp_port}. Chrome must be manually launched first.")
Exception: Failed to connect to existing Chrome debug instance on port 9222. Chrome must be manually launched first.
2026-01-25 18:46:22,452 - __main__ - INFO - 🌐 Keeping browser persistent for next run - not calling close()
2026-01-25 18:46:22,457 - utils.browser_manager - WARNING - Error during global cleanup: no running event loop
