2025-09-18 09:35:49,600 - utils.logger - INFO - 🔧 Logging initialised – log file: C:\Users\chris\Desktop\Amazon-FBA-Agent-System-v32 - latest good - Copy (8) - Copy - Copy - POSTLONGRUNPREKIRO2 beforecompletion-\logs\debug\run_custom_poundwholesale_20250918_093549.log
2025-09-18 09:35:49,600 - __main__ - INFO - 📋 Debug log file: C:\Users\chris\Desktop\Amazon-FBA-Agent-System-v32 - latest good - Copy (8) - Copy - Copy - POSTLONGRUNPREKIRO2 beforecompletion-\logs\debug\run_custom_poundwholesale_20250918_093549.log
2025-09-18 09:35:49,600 - __main__ - DEBUG - Debug logging initialized - full system execution details will be captured
2025-09-18 09:35:49,602 - utils.browser_circuit_breaker - INFO - BrowserCircuitBreaker initialized: threshold=3, timeout=300s
2025-09-18 09:35:49,603 - utils.browser_manager - INFO - 🔧 BrowserManager singleton initialized with health management
2025-09-18 09:35:50,232 - utils.browser_manager - INFO - 🔌 Connecting to existing Chrome debug instance on port 9222
2025-09-18 09:35:50,232 - utils.browser_manager - INFO - 📜 Per troubleshooting docs: Using existing Chrome debug only
2025-09-18 09:35:50,235 - utils.browser_manager - INFO - ✅ Chrome debug accessible on IPv6: Chrome/140.0.7339.128
2025-09-18 09:35:50,236 - utils.browser_manager - INFO - 🔌 Connecting to existing Chrome debug instance...
2025-09-18 09:35:50,237 - utils.browser_manager - DEBUG - 🌐 Using IPv6 endpoint for CDP connection
2025-09-18 09:35:50,238 - utils.browser_manager - INFO - 🌐 Using endpoint: http://[::1]:9222
2025-09-18 09:35:50,345 - utils.browser_manager - INFO - ✅ Successfully connected to existing Chrome debug instance
2025-09-18 09:35:50,346 - utils.browser_manager - INFO - 📄 Using existing context with 4 pages
2025-09-18 09:35:50,346 - utils.browser_manager - INFO - 🔍 Connected to existing Chrome: 140.0.7339.128
2025-09-18 09:35:50,346 - utils.browser_manager - DEBUG - ✅ Browser connection healthy - version: healthy
2025-09-18 09:35:50,346 - utils.browser_manager - INFO - ♻️ Reusing existing page in persistent context.
2025-09-18 09:35:50,357 - utils.browser_manager - DEBUG - Brought reused page to front for visibility
2025-09-18 09:35:50,357 - __main__ - INFO - 🔐 Initializing authentication service for logout detection...
2025-09-18 09:35:50,358 - __main__ - INFO - ✅ Using hardcoded credentials for poundwholesale.co.uk
2025-09-18 09:35:50,358 - __main__ - INFO - 🌐 Connecting to existing Chrome debug port 9222 for authentication...
2025-09-18 09:35:55,439 - tools.standalone_playwright_login - INFO - 💰 Verifying price access...
2025-09-18 09:35:59,171 - tools.standalone_playwright_login - WARNING - ⚠️ No clear price elements found - price access unclear
2025-09-18 09:35:59,184 - tools.supplier_authentication_service - INFO - ❌ Login form detected - not authenticated
2025-09-18 09:35:59,185 - tools.supplier_authentication_service - INFO - 🔐 Starting authentication for poundwholesale.co.uk
2025-09-18 09:35:59,185 - tools.supplier_authentication_service - INFO - 🔧 Using browser manager's existing browser for authentication
2025-09-18 09:35:59,185 - utils.browser_manager - DEBUG - ✅ Browser connection healthy - version: healthy
2025-09-18 09:35:59,185 - utils.browser_manager - INFO - ♻️ Reusing existing page in persistent context.
2025-09-18 09:35:59,204 - utils.browser_manager - DEBUG - Brought reused page to front for visibility
2025-09-18 09:35:59,205 - tools.standalone_playwright_login - INFO - 🔍 Checking if already logged in...
2025-09-18 09:36:01,784 - tools.standalone_playwright_login - INFO - ❌ No login indicators found - need to log in
2025-09-18 09:36:01,784 - tools.standalone_playwright_login - INFO - 🔐 Starting Playwright login...
2025-09-18 09:36:01,785 - tools.standalone_playwright_login - INFO - 📍 Navigating to login page: https://www.poundwholesale.co.uk/customer/account/login/
2025-09-18 09:36:05,362 - tools.standalone_playwright_login - INFO - ✅ Filled email using selector: input[name="login[username]"]
2025-09-18 09:36:06,227 - tools.standalone_playwright_login - INFO - ✅ Filled password using selector: input[name="login[password]"]
2025-09-18 09:36:09,129 - tools.standalone_playwright_login - INFO - ✅ Clicked submit using selector: button[type="submit"]
2025-09-18 09:36:09,130 - tools.standalone_playwright_login - INFO - ⏳ Waiting for login to complete...
2025-09-18 09:36:11,620 - tools.standalone_playwright_login - WARNING - ⚠️ Login status unclear - no clear success indicators
2025-09-18 09:36:11,621 - tools.standalone_playwright_login - INFO - 💰 Verifying price access...
2025-09-18 09:36:16,736 - tools.standalone_playwright_login - INFO - ✅ Price access confirmed: £1.02
2025-09-18 09:36:16,736 - tools.standalone_playwright_login - INFO - 🎉 Playwright login successful! Price access confirmed. (took 15.0s)
2025-09-18 09:36:16,736 - tools.supplier_authentication_service - INFO - ✅ Authentication successful using browser manager's browser: playwright_selectors
2025-09-18 09:36:16,737 - __main__ - CRITICAL - 💥 A critical error occurred in the main workflow: cannot assign to field '_counters'
Traceback (most recent call last):
  File "C:\Users\chris\Desktop\Amazon-FBA-Agent-System-v32 - latest good - Copy (8) - Copy - Copy - POSTLONGRUNPREKIRO2 beforecompletion-\run_custom_poundwholesale.py", line 93, in main
    workflow = PassiveExtractionWorkflow(
        config_loader=config_loader,
        workflow_config=workflow_config,
        browser_manager=browser_manager
    )
  File "C:\Users\chris\Desktop\Amazon-FBA-Agent-System-v32 - latest good - Copy (8) - Copy - Copy - POSTLONGRUNPREKIRO2 beforecompletion-\tools\passive_extraction_workflow_latest.py", line 1357, in __init__
    self.state_manager = EnhancedStateManager(self.supplier_name)
                         ~~~~~~~~~~~~~~~~~~~~^^^^^^^^^^^^^^^^^^^^
  File "C:\Users\chris\Desktop\Amazon-FBA-Agent-System-v32 - latest good - Copy (8) - Copy - Copy - POSTLONGRUNPREKIRO2 beforecompletion-\utils\fixed_enhanced_state_manager.py", line 133, in __init__
    self.metrics = SimpleMetrics()
                   ~~~~~~~~~~~~~^^
  File "C:\Users\chris\Desktop\Amazon-FBA-Agent-System-v32 - latest good - Copy (8) - Copy - Copy - POSTLONGRUNPREKIRO2 beforecompletion-\utils\fixed_enhanced_state_manager.py", line 81, in __init__
    self._counters = defaultdict(int)
    ^^^^^^^^^^^^^^
  File "<string>", line 15, in __setattr__
dataclasses.FrozenInstanceError: cannot assign to field '_counters'
2025-09-18 09:36:16,745 - __main__ - INFO - 🌐 Keeping browser persistent for next run - not closing browser
2025-09-18 09:36:16,747 - utils.browser_manager - WARNING - Error during global cleanup: no running event loop
