2025-10-04 02:51:58,614 - utils.logger - INFO - 🔧 Logging initialised – log file: C:\Users\chris\Desktop\Amazon-FBA-Agent-System-v32 - latest good - Copy (8) - Copy - Copy - POSTLONGRUNPREKIRO2 beforecompletion-\logs\debug\run_custom_poundwholesale_20251004_025158.log
2025-10-04 02:51:58,614 - __main__ - INFO - 📋 Debug log file: C:\Users\chris\Desktop\Amazon-FBA-Agent-System-v32 - latest good - Copy (8) - Copy - Copy - POSTLONGRUNPREKIRO2 beforecompletion-\logs\debug\run_custom_poundwholesale_20251004_025158.log
2025-10-04 02:51:58,614 - __main__ - DEBUG - Debug logging initialized - full system execution details will be captured
2025-10-04 02:51:58,615 - utils.browser_circuit_breaker - INFO - BrowserCircuitBreaker initialized: threshold=3, timeout=300s
2025-10-04 02:51:58,619 - utils.browser_manager - INFO - ?? BrowserManager singleton initialized with health management
2025-10-04 02:51:59,203 - utils.browser_manager - INFO - ?? Connecting to existing Chrome debug instance on port 9222
2025-10-04 02:51:59,203 - utils.browser_manager - INFO - ?? Per troubleshooting docs: Using existing Chrome debug only
2025-10-04 02:51:59,205 - utils.browser_manager - INFO - ? Chrome debug accessible on IPv6: Chrome/141.0.7390.55
2025-10-04 02:51:59,206 - utils.browser_manager - INFO - ?? Connecting to existing Chrome debug instance...
2025-10-04 02:51:59,207 - utils.browser_manager - DEBUG - ?? Using IPv6 endpoint for CDP connection
2025-10-04 02:51:59,208 - utils.browser_manager - INFO - ?? Using endpoint: http://[::1]:9222
2025-10-04 02:51:59,504 - utils.browser_manager - INFO - ? Successfully connected to existing Chrome debug instance
2025-10-04 02:51:59,505 - utils.browser_manager - INFO - ?? Using existing context with 4 pages
2025-10-04 02:51:59,505 - utils.browser_manager - INFO - ?? Connected to existing Chrome: 141.0.7390.55
2025-10-04 02:51:59,505 - utils.browser_manager - DEBUG - ? Browser connection healthy - version: healthy
2025-10-04 02:51:59,506 - utils.browser_manager - INFO - ?? Reusing existing page in persistent context.
2025-10-04 02:51:59,506 - __main__ - INFO - 🔐 Initializing Clearance King authentication helper...
2025-10-04 02:51:59,506 - __main__ - INFO - ✅ Using configured credentials for clearance-king.co.uk
2025-10-04 02:51:59,506 - __main__ - INFO - 🌐 Connecting to existing Chrome debug port 9222 for authentication...
2025-10-04 02:51:59,574 - tools.clearance_king.supplier_authentication_service - INFO - ❌ Login link found - not authenticated
2025-10-04 02:51:59,575 - __main__ - INFO - 🔐 Not authenticated, initiating login...
2025-10-04 02:51:59,575 - tools.clearance_king.supplier_authentication_service - INFO - 🔐 Starting login process for Clearance King...
2025-10-04 02:51:59,575 - tools.clearance_king.supplier_authentication_service - INFO - 🚀 Performing login via StandalonePlaywrightLogin...
2025-10-04 02:51:59,576 - tools.standalone_playwright_login - INFO - 🔐 Starting Playwright login...
2025-10-04 02:51:59,576 - tools.standalone_playwright_login - INFO - 🌐 Navigating to login page: https://www.clearance-king.co.uk/customer/account/login/
2025-10-04 02:52:04,854 - tools.standalone_playwright_login - INFO - ✅ Filled email using selector: input[name="email"]
2025-10-04 02:52:04,854 - tools.standalone_playwright_login - INFO - 🔍 Using config password selector: input#pass
2025-10-04 02:52:04,905 - tools.clearance_king.supplier_authentication_service - ERROR - ❌ Login failed: Could not find or fill password field
2025-10-04 02:52:04,905 - __main__ - ERROR - ❌ Authentication failed. Exiting workflow.
2025-10-04 02:52:04,905 - __main__ - WARNING - ⚠️ Browser cleanup warning: 'BrowserManager' object has no attribute 'cleanup'
2025-10-04 02:52:04,906 - utils.browser_manager - WARNING - Error during global cleanup: no running event loop
