2025-08-29 09:02:50,839 - utils.logger - INFO - 🔧 Logging initialised – log file: C:\Users\chris\Desktop\Amazon-FBA-Agent-System-v32 - latest good - Copy (8) - Copy - Copy - POSTLONGRUNPREKIRO2 beforecompletion-\logs\debug\run_custom_poundwholesale_20250829_090250.log
2025-08-29 09:02:50,840 - __main__ - INFO - 📋 Debug log file: C:\Users\chris\Desktop\Amazon-FBA-Agent-System-v32 - latest good - Copy (8) - Copy - Copy - POSTLONGRUNPREKIRO2 beforecompletion-\logs\debug\run_custom_poundwholesale_20250829_090250.log
2025-08-29 09:02:50,840 - __main__ - DEBUG - Debug logging initialized - full system execution details will be captured
2025-08-29 09:02:50,841 - utils.browser_circuit_breaker - INFO - BrowserCircuitBreaker initialized: threshold=3, timeout=300s
2025-08-29 09:02:50,845 - utils.browser_manager - INFO - 🔧 BrowserManager singleton initialized with health management
2025-08-29 09:02:51,436 - utils.browser_manager - INFO - 🔌 Connecting to persistent Chrome on debug port 9222
2025-08-29 09:03:02,246 - utils.browser_manager - ERROR - ❌ Could not connect to persistent Chrome on port 9222. Error: BrowserType.connect_over_cdp: socket hang up
Call log:
  - <ws preparing> retrieving websocket url from http://localhost:9222

2025-08-29 09:03:02,247 - utils.browser_manager - ERROR - ❌ Please ensure Chrome is running with --remote-debugging-port=9222
2025-08-29 09:03:02,247 - utils.browser_manager - ERROR - ❌ Command: chrome --remote-debugging-port=9222 --user-data-dir=C:\ChromeDebugProfile
2025-08-29 09:03:02,261 - __main__ - CRITICAL - 💥 A critical error occurred in the main workflow: Failed to connect to persistent Chrome on port 9222. Please start Chrome with debug port.
Traceback (most recent call last):
  File "C:\Users\chris\Desktop\Amazon-FBA-Agent-System-v32 - latest good - Copy (8) - Copy - Copy - POSTLONGRUNPREKIRO2 beforecompletion-\utils\browser_manager.py", line 85, in launch_browser
    self.browser = await self.playwright.chromium.connect_over_cdp(f"http://localhost:{cdp_port}")
                   ^^^^^^^^^^^^^^^^^^^^^^^^^^^^^^^^^^^^^^^^^^^^^^^^^^^^^^^^^^^^^^^^^^^^^^^^^^^^^^^
  File "C:\Users\chris\AppData\Roaming\Python\Python313\site-packages\playwright\async_api\_generated.py", line 14849, in connect_over_cdp
    await self._impl_obj.connect_over_cdp(
    ...<4 lines>...
    )
  File "C:\Users\chris\AppData\Roaming\Python\Python313\site-packages\playwright\_impl\_browser_type.py", line 207, in connect_over_cdp
    response = await self._channel.send_return_as_dict(
               ^^^^^^^^^^^^^^^^^^^^^^^^^^^^^^^^^^^^^^^^
        "connectOverCDP", TimeoutSettings.launch_timeout, params
        ^^^^^^^^^^^^^^^^^^^^^^^^^^^^^^^^^^^^^^^^^^^^^^^^^^^^^^^^
    )
    ^
  File "C:\Users\chris\AppData\Roaming\Python\Python313\site-packages\playwright\_impl\_connection.py", line 83, in send_return_as_dict
    return await self._connection.wrap_api_call(
           ^^^^^^^^^^^^^^^^^^^^^^^^^^^^^^^^^^^^^
    ...<3 lines>...
    )
    ^
  File "C:\Users\chris\AppData\Roaming\Python\Python313\site-packages\playwright\_impl\_connection.py", line 558, in wrap_api_call
    raise rewrite_error(error, f"{parsed_st['apiName']}: {error}") from None
playwright._impl._errors.Error: BrowserType.connect_over_cdp: socket hang up
Call log:
  - <ws preparing> retrieving websocket url from http://localhost:9222


During handling of the above exception, another exception occurred:

Traceback (most recent call last):
  File "C:\Users\chris\Desktop\Amazon-FBA-Agent-System-v32 - latest good - Copy (8) - Copy - Copy - POSTLONGRUNPREKIRO2 beforecompletion-\run_custom_poundwholesale.py", line 60, in main
    await browser_manager.launch_browser(cdp_port=chrome_debug_port)
  File "C:\Users\chris\Desktop\Amazon-FBA-Agent-System-v32 - latest good - Copy (8) - Copy - Copy - POSTLONGRUNPREKIRO2 beforecompletion-\utils\browser_manager.py", line 102, in launch_browser
    raise Exception(f"Failed to connect to persistent Chrome on port {cdp_port}. Please start Chrome with debug port.")
Exception: Failed to connect to persistent Chrome on port 9222. Please start Chrome with debug port.
2025-08-29 09:03:02,265 - __main__ - INFO - 🌐 Keeping browser persistent for next run - not closing browser
2025-08-29 09:03:02,268 - utils.browser_manager - WARNING - Error during global cleanup: no running event loop
