2025-11-15 11:41:09,057 - utils.logger - INFO - 🔧 Logging initialised – log file: C:\Users\chris\Desktop\Amazon-FBA-Agent-System-v32 - latest good - Copy (8) - Copy - Copy - POSTLONGRUNPREKIRO2 beforecompletion-\logs\debug\run_custom_poundwholesale_20251115_114109.log
2025-11-15 11:41:09,057 - __main__ - INFO - 📋 Debug log file: C:\Users\chris\Desktop\Amazon-FBA-Agent-System-v32 - latest good - Copy (8) - Copy - Copy - POSTLONGRUNPREKIRO2 beforecompletion-\logs\debug\run_custom_poundwholesale_20251115_114109.log
2025-11-15 11:41:09,057 - __main__ - DEBUG - Debug logging initialized - full system execution details will be captured
2025-11-15 11:41:09,058 - utils.browser_circuit_breaker - INFO - BrowserCircuitBreaker initialized: threshold=3, timeout=300s
2025-11-15 11:41:09,062 - utils.browser_manager - INFO - ?? BrowserManager singleton initialized with health management
2025-11-15 11:41:09,408 - utils.browser_manager - INFO - ?? Connecting to existing Chrome debug instance on port 9222
2025-11-15 11:41:09,408 - utils.browser_manager - INFO - ?? Per troubleshooting docs: Using existing Chrome debug only
2025-11-15 11:41:09,410 - utils.browser_manager - INFO - ? Chrome debug accessible on IPv6: Chrome/142.0.7444.134
2025-11-15 11:41:09,411 - utils.browser_manager - INFO - ?? Connecting to existing Chrome debug instance...
2025-11-15 11:41:09,412 - utils.browser_manager - DEBUG - ?? Using IPv6 endpoint for CDP connection
2025-11-15 11:41:09,412 - utils.browser_manager - INFO - ?? Using endpoint: http://[::1]:9222
2025-11-15 11:41:09,508 - utils.browser_manager - INFO - ? Successfully connected to existing Chrome debug instance
2025-11-15 11:41:09,508 - utils.browser_manager - INFO - ?? Using existing context with 2 pages
2025-11-15 11:41:09,508 - utils.browser_manager - INFO - ?? Connected to existing Chrome: 142.0.7444.134
2025-11-15 11:41:09,509 - utils.browser_manager - DEBUG - ? Browser connection healthy - version: healthy
2025-11-15 11:41:09,509 - utils.browser_manager - INFO - ?? Reusing existing page in persistent context.
2025-11-15 11:41:09,509 - __main__ - INFO - 🔐 Initializing Poundwholesale authentication helper...
2025-11-15 11:41:09,509 - __main__ - INFO - ✅ Using hardcoded credentials for poundwholesale.co.uk
2025-11-15 11:41:09,509 - __main__ - INFO - 🌐 Connecting to existing Chrome debug port 9222 for authentication...
2025-11-15 11:41:11,737 - __main__ - INFO - 🌐 Keeping browser persistent for next run - not closing browser
2025-11-15 11:41:11,739 - utils.browser_manager - WARNING - Error during global cleanup: no running event loop
