2025-09-15 15:43:01,431 - utils.logger - INFO - 🔧 Logging initialised – log file: C:\Users\chris\Desktop\Amazon-FBA-Agent-System-v32 - latest good - Copy (8) - Copy - Copy - POSTLONGRUNPREKIRO2 beforecompletion-\logs\debug\run_custom_poundwholesale_20250915_154301.log
2025-09-15 15:43:01,431 - __main__ - INFO -  Debug log file: C:\Users\chris\Desktop\Amazon-FBA-Agent-System-v32 - latest good - Copy (8) - Copy - Copy - POSTLONGRUNPREKIRO2 beforecompletion-\logs\debug\run_custom_poundwholesale_20250915_154301.log
2025-09-15 15:43:01,431 - __main__ - DEBUG - Debug logging initialized - full system execution details will be captured
2025-09-15 15:43:01,432 - utils.browser_circuit_breaker - INFO - BrowserCircuitBreaker initialized: threshold=3, timeout=300s
2025-09-15 15:43:01,433 - utils.browser_manager - INFO - 🔧 BrowserManager singleton initialized with health management
2025-09-15 15:43:02,004 - utils.browser_manager - INFO - 🔌 Connecting to existing Chrome debug instance on port 9222
2025-09-15 15:43:02,004 - utils.browser_manager - INFO - 📜 Per troubleshooting docs: Using existing Chrome debug only
2025-09-15 15:43:02,006 - utils.browser_manager - INFO - ✅ Chrome debug accessible on IPv6: Chrome/140.0.7339.128
2025-09-15 15:43:02,006 - utils.browser_manager - INFO - 🔌 Connecting to existing Chrome debug instance...
2025-09-15 15:43:02,008 - utils.browser_manager - DEBUG - 🌐 Using IPv6 endpoint for CDP connection
2025-09-15 15:43:02,008 - utils.browser_manager - INFO - 🌐 Using endpoint: http://[::1]:9222
2025-09-15 15:43:02,283 - utils.browser_manager - INFO - ✅ Successfully connected to existing Chrome debug instance
2025-09-15 15:43:02,283 - utils.browser_manager - INFO - 📄 Using existing context with 2 pages
2025-09-15 15:43:02,283 - utils.browser_manager - INFO - 🔍 Connected to existing Chrome: 140.0.7339.128
2025-09-15 15:43:02,283 - utils.browser_manager - DEBUG - ✅ Browser connection healthy - version: healthy
2025-09-15 15:43:02,284 - utils.browser_manager - INFO - ♻️ Reusing existing page in persistent context.
2025-09-15 15:43:02,287 - utils.browser_manager - DEBUG - Brought reused page to front for visibility
2025-09-15 15:43:02,288 - __main__ - INFO -  Initializing authentication service for logout detection...
2025-09-15 15:43:02,288 - __main__ - INFO -  Using hardcoded credentials for poundwholesale.co.uk
2025-09-15 15:43:02,288 - __main__ - INFO -  Connecting to existing Chrome debug port 9222 for authentication...
