2025-08-28 10:32:19,424 - utils.logger - INFO - 🔧 Logging initialised – log file: C:\Users\chris\Desktop\Amazon-FBA-Agent-System-v32 - latest good - Copy (8) - Copy - Copy - POSTLONGRUNPREKIRO2 beforecompletion-\logs\debug\run_custom_poundwholesale_20250828_103219.log
2025-08-28 10:32:19,424 - __main__ - INFO - 📋 Debug log file: C:\Users\chris\Desktop\Amazon-FBA-Agent-System-v32 - latest good - Copy (8) - Copy - Copy - POSTLONGRUNPREKIRO2 beforecompletion-\logs\debug\run_custom_poundwholesale_20250828_103219.log
2025-08-28 10:32:19,425 - __main__ - DEBUG - Debug logging initialized - full system execution details will be captured
2025-08-28 10:32:19,426 - utils.browser_circuit_breaker - INFO - BrowserCircuitBreaker initialized: threshold=3, timeout=300s
2025-08-28 10:32:19,426 - utils.browser_manager - INFO - 🔧 BrowserManager singleton initialized with health management
2025-08-28 10:32:20,075 - utils.browser_manager - INFO - 🔌 Connecting to persistent Chrome on debug port 9222 (headless: False)
2025-08-28 10:32:28,305 - utils.browser_manager - WARNING - ⚠️ Could not connect to existing Chrome: BrowserType.connect_over_cdp: socket hang up
Call log:
  - <ws preparing> retrieving websocket url from http://localhost:9222

2025-08-28 10:32:33,367 - utils.browser_manager - ERROR - ❌ Could not verify Chrome state: 
2025-08-28 10:32:33,367 - utils.browser_manager - ERROR - ❌ Ensure Chrome is running: chrome.exe --remote-debugging-port=9222 --user-data-dir=C:\ChromeDebugProfile
2025-08-28 10:32:33,367 - utils.browser_manager - ERROR - ❌ Browser setup failed: Failed to connect to Chrome on port 9222. Chrome may not be running with debug port.
2025-08-28 10:32:33,368 - utils.browser_manager - ERROR - ❌ Please ensure Chrome debug port 9222 is available
2025-08-28 10:32:33,368 - utils.browser_manager - ERROR - ❌ For visible browser, try: chrome --remote-debugging-port=9222 --user-data-dir=C:\temp\chrome-debug
2025-08-28 10:32:33,380 - __main__ - CRITICAL - 💥 A critical error occurred in the main workflow: Failed to setup Chrome browser (headless: False). Port: 9222
Traceback (most recent call last):
  File "C:\Users\chris\AppData\Roaming\Python\Python313\site-packages\aiohttp\client_reqrep.py", line 1055, in start
    message, payload = await protocol.read()  # type: ignore[union-attr]
                       ^^^^^^^^^^^^^^^^^^^^^
  File "C:\Users\chris\AppData\Roaming\Python\Python313\site-packages\aiohttp\streams.py", line 668, in read
    await self._waiter
asyncio.exceptions.CancelledError

The above exception was the direct cause of the following exception:

Traceback (most recent call last):
  File "C:\Users\chris\Desktop\Amazon-FBA-Agent-System-v32 - latest good - Copy (8) - Copy - Copy - POSTLONGRUNPREKIRO2 beforecompletion-\utils\browser_manager.py", line 108, in launch_browser
    async with session.get(f"http://localhost:{cdp_port}/json/version", timeout=5) as response:
               ~~~~~~~~~~~^^^^^^^^^^^^^^^^^^^^^^^^^^^^^^^^^^^^^^^^^^^^^^^^^^^^^^^^
  File "C:\Users\chris\AppData\Roaming\Python\Python313\site-packages\aiohttp\client.py", line 1423, in __aenter__
    self._resp: _RetType = await self._coro
                           ^^^^^^^^^^^^^^^^
  File "C:\Users\chris\AppData\Roaming\Python\Python313\site-packages\aiohttp\client.py", line 728, in _request
    await resp.start(conn)
  File "C:\Users\chris\AppData\Roaming\Python\Python313\site-packages\aiohttp\client_reqrep.py", line 1050, in start
    with self._timer:
         ^^^^^^^^^^^
  File "C:\Users\chris\AppData\Roaming\Python\Python313\site-packages\aiohttp\helpers.py", line 671, in __exit__
    raise asyncio.TimeoutError from exc_val
TimeoutError

During handling of the above exception, another exception occurred:

Traceback (most recent call last):
  File "C:\Users\chris\Desktop\Amazon-FBA-Agent-System-v32 - latest good - Copy (8) - Copy - Copy - POSTLONGRUNPREKIRO2 beforecompletion-\utils\browser_manager.py", line 121, in launch_browser
    raise Exception(f"Failed to connect to Chrome on port {cdp_port}. Chrome may not be running with debug port.")
Exception: Failed to connect to Chrome on port 9222. Chrome may not be running with debug port.

During handling of the above exception, another exception occurred:

Traceback (most recent call last):
  File "C:\Users\chris\Desktop\Amazon-FBA-Agent-System-v32 - latest good - Copy (8) - Copy - Copy - POSTLONGRUNPREKIRO2 beforecompletion-\run_custom_poundwholesale.py", line 60, in main
    await browser_manager.launch_browser(cdp_port=chrome_debug_port)
  File "C:\Users\chris\Desktop\Amazon-FBA-Agent-System-v32 - latest good - Copy (8) - Copy - Copy - POSTLONGRUNPREKIRO2 beforecompletion-\utils\browser_manager.py", line 140, in launch_browser
    raise Exception(f"Failed to setup Chrome browser (headless: {headless}). Port: {cdp_port}")
Exception: Failed to setup Chrome browser (headless: False). Port: 9222
2025-08-28 10:32:33,388 - __main__ - INFO - 🌐 Keeping browser persistent for next run - not closing browser
2025-08-28 10:32:33,396 - utils.browser_manager - WARNING - Error during global cleanup: no running event loop
