2025-11-20 00:46:36,236 - utils.logger - INFO - 🔧 Logging initialised – log file: C:\Users\chris\Desktop\Amazon-FBA-Agent-System-v32 - latest good - Copy (8) - Copy - Copy - POSTLONGRUNPREKIRO2 beforecompletion-\logs\debug\run_custom_poundwholesale_20251120_004636.log
2025-11-20 00:46:36,236 - __main__ - INFO - 📋 Debug log file: C:\Users\chris\Desktop\Amazon-FBA-Agent-System-v32 - latest good - Copy (8) - Copy - Copy - POSTLONGRUNPREKIRO2 beforecompletion-\logs\debug\run_custom_poundwholesale_20251120_004636.log
2025-11-20 00:46:36,236 - __main__ - DEBUG - Debug logging initialized - full system execution details will be captured
2025-11-20 00:46:36,237 - utils.browser_circuit_breaker - INFO - BrowserCircuitBreaker initialized: threshold=3, timeout=300s
2025-11-20 00:46:36,241 - utils.browser_manager - INFO - ?? BrowserManager singleton initialized with health management
2025-11-20 00:46:36,666 - utils.browser_manager - INFO - ?? Connecting to existing Chrome debug instance on port 9222
2025-11-20 00:46:36,666 - utils.browser_manager - INFO - ?? Per troubleshooting docs: Using existing Chrome debug only
2025-11-20 00:46:36,669 - utils.browser_manager - INFO - ? Chrome debug accessible on IPv6: Chrome/142.0.7444.163
2025-11-20 00:46:36,669 - utils.browser_manager - INFO - ?? Connecting to existing Chrome debug instance...
2025-11-20 00:46:36,671 - utils.browser_manager - DEBUG - ?? Using IPv6 endpoint for CDP connection
2025-11-20 00:46:36,672 - utils.browser_manager - INFO - ?? Using endpoint: http://[::1]:9222
2025-11-20 00:46:36,805 - utils.browser_manager - INFO - ? Successfully connected to existing Chrome debug instance
2025-11-20 00:46:36,805 - utils.browser_manager - INFO - ?? Using existing context with 1 pages
2025-11-20 00:46:36,806 - utils.browser_manager - INFO - ?? Connected to existing Chrome: 142.0.7444.163
2025-11-20 00:46:36,806 - utils.browser_manager - DEBUG - ? Browser connection healthy - version: healthy
2025-11-20 00:46:36,806 - utils.browser_manager - INFO - ?? Reusing existing page in persistent context.
2025-11-20 00:46:36,807 - __main__ - INFO - 🔐 Initializing Poundwholesale authentication helper...
2025-11-20 00:46:36,807 - __main__ - INFO - ✅ Using hardcoded credentials for poundwholesale.co.uk
2025-11-20 00:46:36,808 - __main__ - INFO - 🌐 Connecting to existing Chrome debug port 9222 for authentication...
2025-11-20 00:46:57,883 - tools.standalone_playwright_login - INFO - 🔍 Verifying price access...
2025-11-20 00:47:03,009 - tools.standalone_playwright_login - WARNING - ⚠️ No clear price elements found - price access unclear
2025-11-20 00:47:03,010 - tools.poundwholesale.supplier_authentication_service - INFO - ⚠️ No clear authentication indicators found - assuming not authenticated
2025-11-20 00:47:03,010 - __main__ - INFO - 🔐 Not authenticated, initiating login...
2025-11-20 00:47:03,010 - tools.poundwholesale.supplier_authentication_service - INFO - 🔐 Starting login process for Poundwholesale...
2025-11-20 00:47:03,010 - tools.poundwholesale.supplier_authentication_service - INFO - 🌐 Navigating to login page: https://www.poundwholesale.co.uk/customer/account/login/
2025-11-20 00:47:05,257 - tools.poundwholesale.supplier_authentication_service - INFO - 📧 Filling email field...
2025-11-20 00:47:05,446 - tools.poundwholesale.supplier_authentication_service - INFO - 🔑 Filling password field...
2025-11-20 00:47:05,616 - tools.poundwholesale.supplier_authentication_service - INFO - 🚀 Clicking login button...
2025-11-20 00:47:26,080 - tools.poundwholesale.supplier_authentication_service - INFO - ❌ Currently on login page - not authenticated
2025-11-20 00:47:38,141 - tools.poundwholesale.supplier_authentication_service - ERROR - ❌ Login failed - authentication check failed
2025-11-20 00:47:38,141 - __main__ - ERROR - ❌ Authentication failed. Exiting workflow.
2025-11-20 00:47:38,141 - __main__ - INFO - 🌐 Keeping browser persistent for next run - not closing browser
2025-11-20 00:47:38,143 - utils.browser_manager - WARNING - Error during global cleanup: no running event loop
