2025-09-05 09:12:38,727 - utils.logger - INFO - 🔧 Logging initialised – log file: C:\Users\chris\Desktop\Amazon-FBA-Agent-System-v32 - latest good - Copy (8) - Copy - Copy - POSTLONGRUNPREKIRO2 beforecompletion-\logs\debug\run_custom_poundwholesale_20250905_091238.log
2025-09-05 09:12:38,728 - __main__ - INFO - 📋 Debug log file: C:\Users\chris\Desktop\Amazon-FBA-Agent-System-v32 - latest good - Copy (8) - Copy - Copy - POSTLONGRUNPREKIRO2 beforecompletion-\logs\debug\run_custom_poundwholesale_20250905_091238.log
2025-09-05 09:12:38,728 - __main__ - DEBUG - Debug logging initialized - full system execution details will be captured
2025-09-05 09:12:38,729 - utils.browser_circuit_breaker - INFO - BrowserCircuitBreaker initialized: threshold=3, timeout=300s
2025-09-05 09:12:38,730 - utils.browser_manager - INFO - 🔧 BrowserManager singleton initialized with health management
2025-09-05 09:12:39,315 - utils.browser_manager - INFO - 🔌 Connecting to existing Chrome debug instance on port 9222
2025-09-05 09:12:39,315 - utils.browser_manager - INFO - 📜 Per troubleshooting docs: Using existing Chrome debug only
2025-09-05 09:12:39,319 - utils.browser_manager - INFO - ✅ Chrome debug accessible on IPv6: Chrome/139.0.7258.155
2025-09-05 09:12:39,319 - utils.browser_manager - INFO - 🔌 Connecting to existing Chrome debug instance...
2025-09-05 09:12:39,321 - utils.browser_manager - DEBUG - 🌐 Using IPv6 endpoint for CDP connection
2025-09-05 09:12:39,321 - utils.browser_manager - INFO - 🌐 Using endpoint: http://[::1]:9222
2025-09-05 09:12:39,381 - utils.browser_manager - INFO - ✅ Successfully connected to existing Chrome debug instance
2025-09-05 09:12:39,381 - utils.browser_manager - INFO - 📄 Using existing context with 1 pages
2025-09-05 09:12:39,381 - utils.browser_manager - INFO - 🔍 Connected to existing Chrome: 139.0.7258.155
2025-09-05 09:12:39,382 - utils.browser_manager - DEBUG - ✅ Browser connection healthy - version: healthy
2025-09-05 09:12:39,382 - utils.browser_manager - INFO - ♻️ Reusing existing page in persistent context.
2025-09-05 09:12:39,393 - utils.browser_manager - DEBUG - Brought reused page to front for visibility
2025-09-05 09:12:39,393 - __main__ - INFO - 🔐 Initializing authentication service for logout detection...
2025-09-05 09:12:39,394 - __main__ - INFO - ✅ Using hardcoded credentials for poundwholesale.co.uk
2025-09-05 09:12:39,394 - __main__ - INFO - 🌐 Connecting to existing Chrome debug port 9222 for authentication...
2025-09-05 09:12:46,069 - tools.standalone_playwright_login - INFO - 💰 Verifying price access...
2025-09-05 09:12:46,338 - __main__ - INFO - 🌐 Keeping browser persistent for next run - not closing browser
2025-09-05 09:12:46,340 - utils.browser_manager - WARNING - Error during global cleanup: no running event loop
