2025-08-28 11:21:25,557 - utils.logger - INFO - 🔧 Logging initialised – log file: C:\Users\chris\Desktop\Amazon-FBA-Agent-System-v32 - latest good - Copy (8) - Copy - Copy - POSTLONGRUNPREKIRO2 beforecompletion-\logs\debug\run_custom_poundwholesale_20250828_112125.log
2025-08-28 11:21:25,558 - __main__ - INFO - 📋 Debug log file: C:\Users\chris\Desktop\Amazon-FBA-Agent-System-v32 - latest good - Copy (8) - Copy - Copy - POSTLONGRUNPREKIRO2 beforecompletion-\logs\debug\run_custom_poundwholesale_20250828_112125.log
2025-08-28 11:21:25,558 - __main__ - DEBUG - Debug logging initialized - full system execution details will be captured
2025-08-28 11:21:25,559 - utils.browser_circuit_breaker - INFO - BrowserCircuitBreaker initialized: threshold=3, timeout=300s
2025-08-28 11:21:25,560 - utils.browser_manager - INFO - 🔧 BrowserManager singleton initialized with health management
2025-08-28 11:21:26,193 - utils.browser_manager - INFO - 🔌 Connecting to persistent Chrome on debug port 9222 (headless: False)
2025-08-28 11:21:36,376 - utils.browser_manager - ERROR - ❌ Chrome debug port verification failed: 
2025-08-28 11:21:36,376 - utils.browser_manager - ERROR - ❌ Chrome debug port 9222 is not accessible
2025-08-28 11:21:36,376 - utils.browser_manager - ERROR - ❌ Please ensure Chrome is running with: chrome.exe --remote-debugging-port=9222 --user-data-dir="C:\ChromeDebugProfile"
2025-08-28 11:21:36,376 - utils.browser_manager - ERROR - ❌ Browser setup failed: Chrome debug port 9222 not accessible. Start Chrome with debug flags first.
2025-08-28 11:21:36,377 - utils.browser_manager - ERROR - ❌ Please ensure Chrome debug port 9222 is available
2025-08-28 11:21:36,377 - utils.browser_manager - ERROR - ❌ For visible browser, try: chrome --remote-debugging-port=9222 --user-data-dir=C:\temp\chrome-debug
2025-08-28 11:21:36,392 - __main__ - CRITICAL - 💥 A critical error occurred in the main workflow: Failed to setup Chrome browser (headless: False). Port: 9222
Traceback (most recent call last):
  File "C:\Users\chris\Desktop\Amazon-FBA-Agent-System-v32 - latest good - Copy (8) - Copy - Copy - POSTLONGRUNPREKIRO2 beforecompletion-\utils\browser_manager.py", line 94, in launch_browser
    raise Exception(f"Chrome debug port {cdp_port} not accessible. Start Chrome with debug flags first.")
Exception: Chrome debug port 9222 not accessible. Start Chrome with debug flags first.

During handling of the above exception, another exception occurred:

Traceback (most recent call last):
  File "C:\Users\chris\Desktop\Amazon-FBA-Agent-System-v32 - latest good - Copy (8) - Copy - Copy - POSTLONGRUNPREKIRO2 beforecompletion-\run_custom_poundwholesale.py", line 60, in main
    await browser_manager.launch_browser(cdp_port=chrome_debug_port)
  File "C:\Users\chris\Desktop\Amazon-FBA-Agent-System-v32 - latest good - Copy (8) - Copy - Copy - POSTLONGRUNPREKIRO2 beforecompletion-\utils\browser_manager.py", line 183, in launch_browser
    raise Exception(f"Failed to setup Chrome browser (headless: {headless}). Port: {cdp_port}")
Exception: Failed to setup Chrome browser (headless: False). Port: 9222
2025-08-28 11:21:36,394 - __main__ - INFO - 🌐 Keeping browser persistent for next run - not closing browser
2025-08-28 11:21:36,398 - utils.browser_manager - WARNING - Error during global cleanup: no running event loop
