2026-03-13 13:24:19,516 WARNING __main__: Ignoring supplier identity from products file; job sandbox is authoritative. job=clearance-king.co.uk__sandbox__f2d5f0a2 file=clearance-king.co.uk
2026-03-13 13:24:19,516 WARNING tools.amazon_playwright_extractor: ?? BrowserCircuitBreaker not available - health management disabled
2026-03-13 13:24:19,516 INFO tools.amazon_playwright_extractor: AI features disabled in amazon_playwright_extractor - using only traditional selectors.
2026-03-13 13:24:19,517 INFO tools.amazon_playwright_extractor: Output directory set to: C:\Users\chris\Desktop\Amazon-FBA-Agent-System-v32 - latest good - Copy (8) - Copy - Copy - POSTLONGRUNPREKIRO2 beforecompletion-\OUTPUTS\CACHE\amazon_data
2026-03-13 13:24:19,520 WARNING tools.amazon_playwright_extractor: ?? BrowserManager not available, using legacy browser connection
2026-03-13 13:24:19,523 INFO windows_save_guardian: ? ATOMIC SAVE: clearance-king-co-uk__sandbox__f2d5f0a2_products_cache.json (12 entries) saved successfully
2026-03-13 13:24:19,524 INFO tools.amazon_playwright_extractor: 🔧 FixedAmazonExtractor connecting via BrowserManager singleton
2026-03-13 13:24:19,525 INFO utils.browser_circuit_breaker: BrowserCircuitBreaker initialized: threshold=3, timeout=300s
2026-03-13 13:24:19,525 INFO utils.browser_manager: ?? BrowserManager singleton initialized with health management
2026-03-13 13:24:19,995 INFO utils.browser_manager: ?? Connecting to existing Chrome debug instance on port 9222
2026-03-13 13:24:19,996 INFO utils.browser_manager: ?? Per troubleshooting docs: Using existing Chrome debug only
2026-03-13 13:24:22,212 INFO utils.browser_manager: ? Chrome debug accessible on IPv4: Chrome/145.0.7632.160
2026-03-13 13:24:22,212 INFO utils.browser_manager: ?? Connecting to existing Chrome debug instance...
2026-03-13 13:24:24,237 INFO utils.browser_manager: ?? Using endpoint: http://localhost:9222
2026-03-13 13:24:24,338 INFO utils.browser_manager: ? Successfully connected to existing Chrome debug instance
2026-03-13 13:24:24,338 INFO utils.browser_manager: ?? Using existing context with 1 pages
2026-03-13 13:24:24,338 INFO utils.browser_manager: ?? Connected to existing Chrome: 145.0.7632.160
2026-03-13 13:24:24,338 INFO tools.amazon_playwright_extractor: ✅ FixedAmazonExtractor connected via BrowserManager singleton
2026-03-13 13:24:24,338 INFO utils.browser_manager: ?? Reusing existing Chrome connection (port 9222)
2026-03-13 13:24:24,339 INFO utils.browser_manager: ?? Reusing existing page in persistent context.
2026-03-13 13:24:24,346 INFO windows_save_guardian: ? ATOMIC SAVE: clearance-king_co_uk__sandbox__f2d5f0a2_processing_state.json (27 entries) saved successfully
2026-03-13 13:24:24,346 INFO utils.fixed_enhanced_state_manager:  ATOMIC SAVE
2026-03-13 13:24:24,350 INFO windows_save_guardian: ? ATOMIC SAVE: clearance-king_co_uk__sandbox__f2d5f0a2_processing_state.json (27 entries) saved successfully
2026-03-13 13:24:24,350 INFO utils.fixed_enhanced_state_manager:  ATOMIC SAVE
2026-03-13 13:24:24,351 INFO tools.amazon_playwright_extractor: Searching Amazon by EAN: 9325448071698 for supplier product: 'Smash Fantasy Feet Baby Feeding Bowl with Spoon - Assorted Designs' (FixedAmazonExtractor)
2026-03-13 13:24:24,351 INFO tools.amazon_playwright_extractor: Navigating to Amazon UK to search for EAN: 9325448071698
2026-03-13 13:24:28,950 INFO tools.amazon_playwright_extractor: Waiting for search results page to load for EAN 9325448071698...
2026-03-13 13:24:29,120 INFO tools.amazon_playwright_extractor: Found search results container with selector: div.s-search-results
2026-03-13 13:24:29,784 INFO tools.amazon_playwright_extractor: Found 5 search result elements using selector: div.s-result-item
2026-03-13 13:24:29,785 INFO tools.amazon_playwright_extractor: Processing 5 search result elements for EAN 9325448071698
2026-03-13 13:24:29,839 WARNING tools.amazon_playwright_extractor: ASIN extraction failed: All 4 fallbacks exhausted
2026-03-13 13:24:29,998 INFO tools.amazon_playwright_extractor: Found organic result: ASIN B0FXKYF3XQ - HDMI KVM Switch 1 Monitor 4 Computers EDID 4K60Hz 4 port KVM...
2026-03-13 13:24:30,048 WARNING tools.amazon_playwright_extractor: ASIN extraction failed: All 4 fallbacks exhausted
2026-03-13 13:24:30,094 WARNING tools.amazon_playwright_extractor: ASIN extraction failed: All 4 fallbacks exhausted
2026-03-13 13:24:30,159 INFO tools.amazon_playwright_extractor: 📊 SPONSORED FILTERING RESULTS: 1 organic products, 4 sponsored products filtered out
2026-03-13 13:24:30,159 INFO tools.amazon_playwright_extractor: ✅ EAN SEARCH: Selected first organic result - ASIN B0FXKYF3XQ
2026-03-13 13:24:30,159 INFO tools.amazon_playwright_extractor:    Trusting Amazon's search relevance for EAN 9325448071698
2026-03-13 13:24:30,160 INFO tools.amazon_playwright_extractor:    EAN will be extracted by Keepa during full product data extraction
2026-03-13 13:24:30,160 INFO tools.amazon_playwright_extractor: Single ASIN B0FXKYF3XQ found for EAN 9325448071698.
2026-03-13 13:24:30,160 INFO tools.amazon_playwright_extractor: Proceeding with ASIN: B0FXKYF3XQ for EAN: 9325448071698
2026-03-13 13:24:30,160 WARNING tools.amazon_playwright_extractor: No page object provided to extract_data for ASIN B0FXKYF3XQ. Getting a new one from BrowserManager.
2026-03-13 13:24:30,160 INFO tools.amazon_playwright_extractor: Reusing existing page: https://www.amazon.co.uk/s?k=9325448071698&ref=nb_sb_noss
2026-03-13 13:24:32,929 INFO tools.amazon_playwright_extractor: Checking for cookie consent pop-up...
2026-03-13 13:24:33,347 INFO tools.amazon_playwright_extractor: Finished checking for cookie consent pop-ups. If one was present and not handled, it might interfere.
2026-03-13 13:24:34,361 INFO tools.amazon_playwright_extractor: Checking for CAPTCHA...
2026-03-13 13:24:37,379 INFO tools.amazon_playwright_extractor: No CAPTCHA page detected by form selector.
2026-03-13 13:24:37,379 INFO tools.amazon_playwright_extractor: Checking for cookie consent pop-up...
2026-03-13 13:24:37,432 INFO tools.amazon_playwright_extractor: Finished checking for cookie consent pop-ups. If one was present and not handled, it might interfere.
2026-03-13 13:24:37,433 INFO tools.amazon_playwright_extractor: Page should be ready. Waiting 5s for stabilization...
2026-03-13 13:24:42,438 INFO tools.amazon_playwright_extractor: Waiting an additional 7s for extensions (Keepa, SellerAmp)...
2026-03-13 13:24:49,454 INFO tools.amazon_playwright_extractor: Extracting all product data for ASIN: B0FXKYF3XQ
2026-03-13 13:24:49,455 INFO tools.amazon_playwright_extractor: Extracting basic product information (Title, Price, Images, Amazon Details)...
2026-03-13 13:24:49,498 INFO tools.amazon_playwright_extractor: Title found: 'HDMI KVM Switch 1 Monitor 4 Computers EDID 4K60Hz 4 port KVM for 4 PC Sharing 1 Monitor and 4 USB3.0 Devices with Remote Control' via #productTitle
2026-03-13 13:24:49,498 INFO tools.amazon_playwright_extractor: Extracting price details...
2026-03-13 13:24:49,520 INFO tools.amazon_playwright_extractor: Current price: 69.99 via #corePrice_feature_div .a-offscreen
2026-03-13 13:24:49,581 INFO tools.amazon_playwright_extractor: Original price: 89.99 via span.a-price.a-text-price[data-a-strike='true'] span.a-offscreen
2026-03-13 13:24:49,632 INFO tools.amazon_playwright_extractor: Extracting image URLs...
2026-03-13 13:24:49,669 INFO tools.amazon_playwright_extractor: Main image: https://m.media-amazon.com/images/I/615cY+yumAL._SL1500_.jpg via #landingImage
2026-03-13 13:24:49,754 INFO tools.amazon_playwright_extractor: Found 7 thumbnails.
2026-03-13 13:24:49,758 INFO tools.amazon_playwright_extractor: Extracting Amazon product details section...
2026-03-13 13:24:49,909 INFO tools.amazon_playwright_extractor: Extracting sales rank information...
2026-03-13 13:24:50,037 INFO tools.amazon_playwright_extractor: Extracting ratings and reviews...
2026-03-13 13:24:50,057 INFO tools.amazon_playwright_extractor: Rating: 4.8 via #acrPopover[title*='out of 5 stars']
2026-03-13 13:24:50,079 INFO tools.amazon_playwright_extractor: Review count: 5 via #acrCustomerReviewText
2026-03-13 13:24:50,080 INFO tools.amazon_playwright_extractor: Extracting stock information...
2026-03-13 13:24:50,108 INFO tools.amazon_playwright_extractor: Availability text: 'Only 10 left in stock.' via #availability span.a-color-price
2026-03-13 13:24:50,108 INFO tools.amazon_playwright_extractor: Extracting features/bullets...
2026-03-13 13:24:50,369 INFO tools.amazon_playwright_extractor: Found 5 features.
2026-03-13 13:24:50,369 INFO tools.amazon_playwright_extractor: Extracting product description...
2026-03-13 13:24:50,407 INFO tools.amazon_playwright_extractor: Description found using selector: #aplus_feature_div
2026-03-13 13:24:50,408 INFO tools.amazon_playwright_extractor: Extracting product specifications table...
2026-03-13 13:24:50,727 INFO tools.amazon_playwright_extractor: Specifications table parsed using selector: table.a-keyvalue.prodDetTable
2026-03-13 13:24:50,727 INFO tools.amazon_playwright_extractor: Extracting SellerAmp data (if present)...
2026-03-13 13:24:50,727 INFO tools.amazon_playwright_extractor: SellerAmp data extraction is currently disabled as per requirements (Fix 2.3).
2026-03-13 13:24:50,727 INFO tools.amazon_playwright_extractor: Extracting Keepa data (if present)...
2026-03-13 13:24:50,727 INFO tools.amazon_playwright_extractor: Attempting to extract Keepa data...
2026-03-13 13:24:56,792 INFO tools.amazon_playwright_extractor: Keepa iframe found: iframe[id*='keepa']
2026-03-13 13:24:56,869 INFO tools.amazon_playwright_extractor: Keepa Sales Rank Details Table parsed.
2026-03-13 13:24:56,869 INFO tools.amazon_playwright_extractor: Keepa Graph AI Analysis is currently disabled as per requirements (Fix 2.4).
2026-03-13 13:24:56,893 INFO tools.amazon_playwright_extractor: Keepa Data tab found. Currently active: False
2026-03-13 13:24:56,894 INFO tools.amazon_playwright_extractor: Clicking Keepa 'Data' tab...
2026-03-13 13:24:59,192 INFO tools.amazon_playwright_extractor: Attempt 1/2: Waiting 12000ms for Product-Details wrapper...
2026-03-13 13:25:03,794 INFO tools.amazon_playwright_extractor: ? Product-Details wrapper appeared on attempt 1
2026-03-13 13:25:03,808 WARNING tools.amazon_playwright_extractor: Product-Details tab visible, but inner grid still not ready – extending wait with retry logic.
2026-03-13 13:25:03,808 INFO tools.amazon_playwright_extractor: Grid attempt 1/3: Waiting 15000ms for grid container...
2026-03-13 13:25:04,198 INFO tools.amazon_playwright_extractor: ? Grid became visible after attempt 1 – continuing.
2026-03-13 13:25:04,223 INFO tools.amazon_playwright_extractor: Parsing Keepa AG Grid for Product Details from: div#MoreTab1 div#grid-product-detail
2026-03-13 13:25:04,257 INFO tools.amazon_playwright_extractor: Primary attempt: Waiting 12 seconds for AG Grid rows to load...
2026-03-13 13:25:05,301 INFO tools.amazon_playwright_extractor: ? Primary attempt successful: 127 rows found
2026-03-13 13:25:05,315 INFO tools.amazon_playwright_extractor: Processing 127 rows in Keepa Product Details AG Grid.
2026-03-13 13:25:06,595 INFO tools.amazon_playwright_extractor: Found potential fee key 'FBA Pick&Pack Fee' with raw value: '£ 3.04' in Keepa AG Grid.
2026-03-13 13:25:06,700 INFO tools.amazon_playwright_extractor: Found potential fee key 'Referral Fee based on current Buy Box price' with raw value: '£ 10.50' in Keepa AG Grid.
2026-03-13 13:25:08,697 INFO tools.amazon_playwright_extractor: ? Successfully parsed 36 items from Keepa Product Details AG Grid.
2026-03-13 13:25:08,697 INFO tools.amazon_playwright_extractor: ASIN B0FXKYF3XQ: Attempting to extract EANs from Keepa product_details_tab_data.
2026-03-13 13:25:08,697 WARNING tools.amazon_playwright_extractor: ASIN B0FXKYF3XQ: Could not find EAN in Keepa product_details_tab_data.
2026-03-13 13:25:08,697 INFO tools.amazon_playwright_extractor: ASIN B0FXKYF3XQ: BSR not found or invalid from page. Attempting fallback from Keepa.
2026-03-13 13:25:08,697 INFO tools.amazon_playwright_extractor: ASIN B0FXKYF3XQ: BSR 22457 in 'Computers & Accessories 9' from Keepa SalesRankDetailsTable.
2026-03-13 13:25:08,698 INFO tools.amazon_playwright_extractor: ✅ Recorded search method 'EAN' for ASIN B0FXKYF3XQ
2026-03-13 13:25:08,698 INFO tools.amazon_playwright_extractor: Successfully extracted data for ASIN B0FXKYF3XQ (EAN on page: N/A)
2026-03-13 13:25:08,701 INFO windows_save_guardian: ? ATOMIC SAVE: amazon_B0FXKYF3XQ_9325448071698.json (28 entries) saved successfully
2026-03-13 13:25:08,705 INFO windows_save_guardian: ? ATOMIC SAVE: amazon_B0FXKYF3XQ_9325448071698.json (28 entries) saved successfully
2026-03-13 13:25:08,709 INFO windows_save_guardian: ? ATOMIC SAVE: linking_map.json (4 entries) saved successfully
2026-03-13 13:25:08,709 INFO __main__: Linking map periodic flush: 4 entries
2026-03-13 13:25:08,711 INFO windows_save_guardian: ? ATOMIC SAVE: clearance-king_co_uk__sandbox__f2d5f0a2_processing_state.json (27 entries) saved successfully
2026-03-13 13:25:08,712 INFO utils.fixed_enhanced_state_manager:  ATOMIC SAVE
2026-03-13 13:25:08,712 INFO tools.amazon_playwright_extractor: Searching Amazon by EAN: 5055257864764 for supplier product: 'Upsy Daisy BPA Free Standard Neck Feeding Bottle with Silicone Teat for Baby - 250ml' (FixedAmazonExtractor)
2026-03-13 13:25:08,712 INFO tools.amazon_playwright_extractor: Navigating to Amazon UK to search for EAN: 5055257864764
2026-03-13 13:25:13,371 INFO tools.amazon_playwright_extractor: Waiting for search results page to load for EAN 5055257864764...
2026-03-13 13:25:13,428 INFO tools.amazon_playwright_extractor: Found search results container with selector: div.s-search-results
2026-03-13 13:25:14,073 INFO tools.amazon_playwright_extractor: Found 1 search result elements using selector: div[data-component-type='s-search-result']
2026-03-13 13:25:14,073 INFO tools.amazon_playwright_extractor: Processing 1 search result elements for EAN 5055257864764
2026-03-13 13:25:14,098 INFO tools.amazon_playwright_extractor: 📊 SPONSORED FILTERING RESULTS: 0 organic products, 1 sponsored products filtered out
2026-03-13 13:25:14,098 WARNING tools.amazon_playwright_extractor: EAN 5055257864764 returned no organic results - skipping
2026-03-13 13:25:14,098 WARNING tools.amazon_playwright_extractor: No Amazon results or error for EAN '5055257864764'. Details: no_organic_results
2026-03-13 13:25:14,098 INFO tools.amazon_playwright_extractor: Falling back to title search for supplier product: 'Upsy Daisy BPA Free Standard Neck Feeding Bottle with Silicone Teat for Baby - 250ml'
2026-03-13 13:25:14,098 INFO tools.amazon_playwright_extractor: Searching Amazon by title using search bar: 'Upsy Daisy BPA Free Standard Neck Feeding Bottle with Silicone Teat for Baby - 250ml'
2026-03-13 13:25:14,098 INFO tools.amazon_playwright_extractor: Navigating to Amazon UK to search for title: Upsy Daisy BPA Free Standard Neck Feeding Bottle with Silicone Teat for Baby - 250ml
2026-03-13 13:25:19,931 INFO tools.amazon_playwright_extractor: Title search found 62 elements using selector: div.s-search-results > div[data-asin]
2026-03-13 13:25:20,382 WARNING tools.amazon_playwright_extractor: ASIN extraction failed: All 4 fallbacks exhausted
2026-03-13 13:25:20,543 INFO tools.amazon_playwright_extractor: ✅ Title search: Selected first visible organic product - ASIN B0DVCCXPK3
2026-03-13 13:25:20,543 INFO tools.amazon_playwright_extractor: 🎯 ASIN EXTRACTION SUCCESS: Found 1 ASINs for title search: 'Upsy Daisy BPA Free Standard Neck Feeding Bottle with Silicone Teat for Baby - 250ml'
2026-03-13 13:25:20,543 INFO tools.amazon_playwright_extractor: Title search successful for 'Upsy Daisy BPA Free Standard Neck Feeding Bottle with Silicone Teat for Baby - 250ml' after EAN '5055257864764' failed
2026-03-13 13:25:20,543 INFO tools.amazon_playwright_extractor: Extracting complete data for fallback ASIN B0DVCCXPK3 from title search
2026-03-13 13:25:20,544 WARNING tools.amazon_playwright_extractor: No page object provided to extract_data for ASIN B0DVCCXPK3. Getting a new one from BrowserManager.
2026-03-13 13:25:20,544 INFO tools.amazon_playwright_extractor: Reusing existing page: https://www.amazon.co.uk/s?k=Upsy+Daisy+BPA+Free+Standard+Neck+Feeding+Bottle+with+Silicone+Teat+for+Baby+-+250ml&ref=nb_sb_noss
2026-03-13 13:25:23,242 INFO tools.amazon_playwright_extractor: Checking for cookie consent pop-up...
2026-03-13 13:25:23,489 INFO tools.amazon_playwright_extractor: Finished checking for cookie consent pop-ups. If one was present and not handled, it might interfere.
2026-03-13 13:25:24,493 INFO tools.amazon_playwright_extractor: Checking for CAPTCHA...
2026-03-13 13:25:27,510 INFO tools.amazon_playwright_extractor: No CAPTCHA page detected by form selector.
2026-03-13 13:25:27,511 INFO tools.amazon_playwright_extractor: Checking for cookie consent pop-up...
2026-03-13 13:25:27,564 INFO tools.amazon_playwright_extractor: Finished checking for cookie consent pop-ups. If one was present and not handled, it might interfere.
2026-03-13 13:25:27,564 INFO tools.amazon_playwright_extractor: Page should be ready. Waiting 5s for stabilization...
2026-03-13 13:25:32,566 INFO tools.amazon_playwright_extractor: Waiting an additional 7s for extensions (Keepa, SellerAmp)...
2026-03-13 13:25:39,569 INFO tools.amazon_playwright_extractor: Extracting all product data for ASIN: B0DVCCXPK3
2026-03-13 13:25:39,569 INFO tools.amazon_playwright_extractor: Extracting basic product information (Title, Price, Images, Amazon Details)...
2026-03-13 13:25:39,612 INFO tools.amazon_playwright_extractor: Title found: 'babynova Wide Neck Baby Bottle 300ml with Anti Colic Medium Flow Silicone Teat - Made in Germany - BPA-Free - Cherry Blossom' via #productTitle
2026-03-13 13:25:39,612 INFO tools.amazon_playwright_extractor: Extracting price details...
2026-03-13 13:25:39,630 INFO tools.amazon_playwright_extractor: Current price: 8.99 via #corePrice_feature_div .a-offscreen
2026-03-13 13:25:39,671 INFO tools.amazon_playwright_extractor: Original price: 9.49 via .basisPrice span.a-text-price span.a-offscreen
2026-03-13 13:25:39,716 INFO tools.amazon_playwright_extractor: Extracting image URLs...
2026-03-13 13:25:39,750 INFO tools.amazon_playwright_extractor: Main image: https://m.media-amazon.com/images/I/61PYMdozEUL._AC_SL1500_.jpg via #landingImage
2026-03-13 13:25:39,833 INFO tools.amazon_playwright_extractor: Found 7 thumbnails.
2026-03-13 13:25:39,838 INFO tools.amazon_playwright_extractor: Extracting Amazon product details section...
2026-03-13 13:25:39,979 INFO tools.amazon_playwright_extractor: Extracting sales rank information...
2026-03-13 13:25:40,134 INFO tools.amazon_playwright_extractor: Extracting ratings and reviews...
2026-03-13 13:25:40,154 INFO tools.amazon_playwright_extractor: Rating: 4.0 via #acrPopover[title*='out of 5 stars']
2026-03-13 13:25:40,175 INFO tools.amazon_playwright_extractor: Review count: 23 via #acrCustomerReviewText
2026-03-13 13:25:40,175 INFO tools.amazon_playwright_extractor: Extracting stock information...
2026-03-13 13:25:40,200 INFO tools.amazon_playwright_extractor: Availability text: 'Only 7 left in stock.' via #availability span.a-color-price
2026-03-13 13:25:40,201 INFO tools.amazon_playwright_extractor: Extracting features/bullets...
2026-03-13 13:25:40,434 INFO tools.amazon_playwright_extractor: Found 5 features.
2026-03-13 13:25:40,434 INFO tools.amazon_playwright_extractor: Extracting product description...
2026-03-13 13:25:40,468 INFO tools.amazon_playwright_extractor: Description found using selector: #aplus_feature_div
2026-03-13 13:25:40,468 INFO tools.amazon_playwright_extractor: Extracting product specifications table...
2026-03-13 13:25:40,738 INFO tools.amazon_playwright_extractor: Specifications table parsed using selector: table.a-keyvalue.prodDetTable
2026-03-13 13:25:40,738 INFO tools.amazon_playwright_extractor: Extracting SellerAmp data (if present)...
2026-03-13 13:25:40,738 INFO tools.amazon_playwright_extractor: SellerAmp data extraction is currently disabled as per requirements (Fix 2.3).
2026-03-13 13:25:40,738 INFO tools.amazon_playwright_extractor: Extracting Keepa data (if present)...
2026-03-13 13:25:40,738 INFO tools.amazon_playwright_extractor: Attempting to extract Keepa data...
2026-03-13 13:25:46,813 INFO tools.amazon_playwright_extractor: Keepa iframe found: iframe[id*='keepa']
2026-03-13 13:25:46,885 INFO tools.amazon_playwright_extractor: Keepa Sales Rank Details Table parsed.
2026-03-13 13:25:46,885 INFO tools.amazon_playwright_extractor: Keepa Graph AI Analysis is currently disabled as per requirements (Fix 2.4).
2026-03-13 13:25:46,908 INFO tools.amazon_playwright_extractor: Keepa Data tab found. Currently active: False
2026-03-13 13:25:46,908 INFO tools.amazon_playwright_extractor: Clicking Keepa 'Data' tab...
2026-03-13 13:25:49,188 INFO tools.amazon_playwright_extractor: Attempt 1/2: Waiting 12000ms for Product-Details wrapper...
2026-03-13 13:25:52,229 INFO tools.amazon_playwright_extractor: ? Product-Details wrapper appeared on attempt 1
2026-03-13 13:25:52,332 INFO tools.amazon_playwright_extractor: Parsing Keepa AG Grid for Product Details from: div#MoreTab1 div#grid-product-detail
2026-03-13 13:25:52,376 INFO tools.amazon_playwright_extractor: Primary attempt: Waiting 12 seconds for AG Grid rows to load...
2026-03-13 13:25:53,411 INFO tools.amazon_playwright_extractor: ? Primary attempt successful: 136 rows found
2026-03-13 13:25:53,424 INFO tools.amazon_playwright_extractor: Processing 136 rows in Keepa Product Details AG Grid.
2026-03-13 13:25:54,714 INFO tools.amazon_playwright_extractor: Found potential fee key 'FBA Pick&Pack Fee' with raw value: '£ 2.67' in Keepa AG Grid.
2026-03-13 13:25:54,804 INFO tools.amazon_playwright_extractor: Found potential fee key 'Referral Fee based on current Buy Box price' with raw value: '£ 0.72' in Keepa AG Grid.
2026-03-13 13:25:57,280 INFO tools.amazon_playwright_extractor: ? Successfully parsed 39 items from Keepa Product Details AG Grid.
2026-03-13 13:25:57,281 INFO tools.amazon_playwright_extractor: ASIN B0DVCCXPK3: Attempting to extract EANs from Keepa product_details_tab_data.
2026-03-13 13:25:57,281 WARNING tools.amazon_playwright_extractor: ASIN B0DVCCXPK3: Could not find EAN in Keepa product_details_tab_data.
2026-03-13 13:25:57,281 INFO tools.amazon_playwright_extractor: ASIN B0DVCCXPK3: BSR not found or invalid from page. Attempting fallback from Keepa.
2026-03-13 13:25:57,281 INFO tools.amazon_playwright_extractor: ASIN B0DVCCXPK3: BSR 5556 in 'Baby Products 16' from Keepa SalesRankDetailsTable.
2026-03-13 13:25:57,288 INFO windows_save_guardian: ? ATOMIC SAVE: amazon_B0DVCCXPK3_5055257864764.json (28 entries) saved successfully
2026-03-13 13:25:57,292 INFO windows_save_guardian: ? ATOMIC SAVE: amazon_B0DVCCXPK3_5055257864764.json (28 entries) saved successfully
2026-03-13 13:25:57,294 INFO windows_save_guardian: ? ATOMIC SAVE: linking_map.json (5 entries) saved successfully
2026-03-13 13:25:57,294 INFO __main__: Linking map periodic flush: 5 entries
2026-03-13 13:25:57,297 INFO windows_save_guardian: ? ATOMIC SAVE: clearance-king_co_uk__sandbox__f2d5f0a2_processing_state.json (27 entries) saved successfully
2026-03-13 13:25:57,298 INFO utils.fixed_enhanced_state_manager:  ATOMIC SAVE
2026-03-13 13:25:57,303 INFO windows_save_guardian: ? ATOMIC SAVE: clearance-king_co_uk__sandbox__f2d5f0a2_processing_state.json (27 entries) saved successfully
2026-03-13 13:25:57,303 INFO utils.fixed_enhanced_state_manager:  ATOMIC SAVE
2026-03-13 13:25:57,303 INFO tools.amazon_playwright_extractor: Searching Amazon by EAN: 5022545049721 for supplier product: 'Postman Pat Bathtime Sponge With String' (FixedAmazonExtractor)
2026-03-13 13:25:57,304 INFO tools.amazon_playwright_extractor: Navigating to Amazon UK to search for EAN: 5022545049721
2026-03-13 13:26:01,802 INFO tools.amazon_playwright_extractor: Waiting for search results page to load for EAN 5022545049721...
2026-03-13 13:26:02,034 INFO tools.amazon_playwright_extractor: Found search results container with selector: div.s-search-results
2026-03-13 13:26:02,686 INFO tools.amazon_playwright_extractor: Found 6 search result elements using selector: div[data-component-type='s-search-result']
2026-03-13 13:26:02,687 INFO tools.amazon_playwright_extractor: Processing 6 search result elements for EAN 5022545049721
2026-03-13 13:26:02,844 INFO tools.amazon_playwright_extractor: 📊 SPONSORED FILTERING RESULTS: 0 organic products, 6 sponsored products filtered out
2026-03-13 13:26:02,844 WARNING tools.amazon_playwright_extractor: EAN 5022545049721 returned no organic results - skipping
2026-03-13 13:26:02,844 WARNING tools.amazon_playwright_extractor: No Amazon results or error for EAN '5022545049721'. Details: no_organic_results
2026-03-13 13:26:02,845 INFO tools.amazon_playwright_extractor: Falling back to title search for supplier product: 'Postman Pat Bathtime Sponge With String'
2026-03-13 13:26:02,845 INFO tools.amazon_playwright_extractor: Searching Amazon by title using search bar: 'Postman Pat Bathtime Sponge With String'
2026-03-13 13:26:02,845 INFO tools.amazon_playwright_extractor: Navigating to Amazon UK to search for title: Postman Pat Bathtime Sponge With String
2026-03-13 13:26:08,472 INFO tools.amazon_playwright_extractor: Title search found 71 elements using selector: div.s-search-results > div[data-asin]
2026-03-13 13:26:08,642 WARNING tools.amazon_playwright_extractor: ASIN extraction failed: All 4 fallbacks exhausted
2026-03-13 13:26:08,912 INFO tools.amazon_playwright_extractor: ✅ Title search: Selected first visible organic product - ASIN B07H354QY5
2026-03-13 13:26:08,912 INFO tools.amazon_playwright_extractor: 🎯 ASIN EXTRACTION SUCCESS: Found 1 ASINs for title search: 'Postman Pat Bathtime Sponge With String'
2026-03-13 13:26:08,912 INFO tools.amazon_playwright_extractor: Title search successful for 'Postman Pat Bathtime Sponge With String' after EAN '5022545049721' failed
2026-03-13 13:26:08,912 INFO tools.amazon_playwright_extractor: Extracting complete data for fallback ASIN B07H354QY5 from title search
2026-03-13 13:26:08,912 WARNING tools.amazon_playwright_extractor: No page object provided to extract_data for ASIN B07H354QY5. Getting a new one from BrowserManager.
2026-03-13 13:26:08,912 INFO tools.amazon_playwright_extractor: Reusing existing page: https://www.amazon.co.uk/s?k=Postman+Pat+Bathtime+Sponge+With+String&ref=nb_sb_noss
2026-03-13 13:26:12,153 INFO tools.amazon_playwright_extractor: Checking for cookie consent pop-up...
2026-03-13 13:26:12,575 INFO tools.amazon_playwright_extractor: Finished checking for cookie consent pop-ups. If one was present and not handled, it might interfere.
2026-03-13 13:26:13,577 INFO tools.amazon_playwright_extractor: Checking for CAPTCHA...
2026-03-13 13:26:16,588 INFO tools.amazon_playwright_extractor: No CAPTCHA page detected by form selector.
2026-03-13 13:26:16,589 INFO tools.amazon_playwright_extractor: Checking for cookie consent pop-up...
2026-03-13 13:26:16,659 INFO tools.amazon_playwright_extractor: Finished checking for cookie consent pop-ups. If one was present and not handled, it might interfere.
2026-03-13 13:26:16,659 INFO tools.amazon_playwright_extractor: Page should be ready. Waiting 5s for stabilization...
2026-03-13 13:26:21,671 INFO tools.amazon_playwright_extractor: Waiting an additional 7s for extensions (Keepa, SellerAmp)...
2026-03-13 13:26:28,682 INFO tools.amazon_playwright_extractor: Extracting all product data for ASIN: B07H354QY5
2026-03-13 13:26:28,683 INFO tools.amazon_playwright_extractor: Extracting basic product information (Title, Price, Images, Amazon Details)...
2026-03-13 13:26:28,758 INFO tools.amazon_playwright_extractor: Title found: 'Caress Luxury Bath Accessories 3 Pack Bath Sponges' via #productTitle
2026-03-13 13:26:28,758 INFO tools.amazon_playwright_extractor: Extracting price details...
2026-03-13 13:26:28,804 INFO tools.amazon_playwright_extractor: Current price: 3.99 via #corePrice_feature_div .a-offscreen
2026-03-13 13:26:29,007 INFO tools.amazon_playwright_extractor: Extracting image URLs...
2026-03-13 13:26:29,045 INFO tools.amazon_playwright_extractor: Main image: https://m.media-amazon.com/images/I/51kFbQTj5EL._AC_SL1500_.jpg via #landingImage
2026-03-13 13:26:29,123 INFO tools.amazon_playwright_extractor: Found 5 thumbnails.
2026-03-13 13:26:29,127 INFO tools.amazon_playwright_extractor: Extracting Amazon product details section...
2026-03-13 13:26:29,620 INFO tools.amazon_playwright_extractor: Extracting sales rank information...
2026-03-13 13:26:29,846 INFO tools.amazon_playwright_extractor: Extracting ratings and reviews...
2026-03-13 13:26:29,872 INFO tools.amazon_playwright_extractor: Rating: 4.6 via #acrPopover[title*='out of 5 stars']
2026-03-13 13:26:29,900 INFO tools.amazon_playwright_extractor: Review count: 1895 via #acrCustomerReviewText
2026-03-13 13:26:29,900 INFO tools.amazon_playwright_extractor: Extracting stock information...
2026-03-13 13:26:29,929 INFO tools.amazon_playwright_extractor: Availability text: 'In stock' via #availability span.a-size-medium.a-color-success
2026-03-13 13:26:29,929 INFO tools.amazon_playwright_extractor: Extracting features/bullets...
2026-03-13 13:26:30,127 INFO tools.amazon_playwright_extractor: Found 2 features.
2026-03-13 13:26:30,127 INFO tools.amazon_playwright_extractor: Extracting product description...
2026-03-13 13:26:30,167 INFO tools.amazon_playwright_extractor: Description found using selector: #productDescription
2026-03-13 13:26:30,167 INFO tools.amazon_playwright_extractor: Extracting product specifications table...
2026-03-13 13:26:30,774 INFO tools.amazon_playwright_extractor: Specifications table parsed using selector: table.a-keyvalue.prodDetTable
2026-03-13 13:26:30,774 INFO tools.amazon_playwright_extractor: Extracting SellerAmp data (if present)...
2026-03-13 13:26:30,774 INFO tools.amazon_playwright_extractor: SellerAmp data extraction is currently disabled as per requirements (Fix 2.3).
2026-03-13 13:26:30,774 INFO tools.amazon_playwright_extractor: Extracting Keepa data (if present)...
2026-03-13 13:26:30,774 INFO tools.amazon_playwright_extractor: Attempting to extract Keepa data...
2026-03-13 13:26:36,892 INFO tools.amazon_playwright_extractor: Keepa iframe found: iframe[id*='keepa']
2026-03-13 13:26:37,058 INFO tools.amazon_playwright_extractor: Keepa Sales Rank Details Table parsed.
2026-03-13 13:26:37,058 INFO tools.amazon_playwright_extractor: Keepa Graph AI Analysis is currently disabled as per requirements (Fix 2.4).
2026-03-13 13:26:37,104 INFO tools.amazon_playwright_extractor: Keepa Data tab found. Currently active: False
2026-03-13 13:26:37,104 INFO tools.amazon_playwright_extractor: Clicking Keepa 'Data' tab...
2026-03-13 13:26:39,385 INFO tools.amazon_playwright_extractor: Attempt 1/2: Waiting 12000ms for Product-Details wrapper...
2026-03-13 13:26:49,840 INFO tools.amazon_playwright_extractor: ? Product-Details wrapper appeared on attempt 1
2026-03-13 13:26:49,891 INFO tools.amazon_playwright_extractor: Parsing Keepa AG Grid for Product Details from: div#MoreTab1 div#grid-product-detail
2026-03-13 13:26:49,938 INFO tools.amazon_playwright_extractor: Primary attempt: Waiting 12 seconds for AG Grid rows to load...
2026-03-13 13:26:50,998 INFO tools.amazon_playwright_extractor: ? Primary attempt successful: 166 rows found
2026-03-13 13:26:51,012 INFO tools.amazon_playwright_extractor: Processing 166 rows in Keepa Product Details AG Grid.
2026-03-13 13:26:52,862 INFO tools.amazon_playwright_extractor: Found potential fee key 'FBA Pick&Pack Fee' with raw value: '£ 2.65' in Keepa AG Grid.
2026-03-13 13:26:53,002 INFO tools.amazon_playwright_extractor: Found potential fee key 'Referral Fee based on current Buy Box price' with raw value: '£ 0.32' in Keepa AG Grid.
2026-03-13 13:26:56,437 INFO tools.amazon_playwright_extractor: ? Successfully parsed 49 items from Keepa Product Details AG Grid.
2026-03-13 13:26:56,438 INFO tools.amazon_playwright_extractor: ASIN B07H354QY5: Attempting to extract EANs from Keepa product_details_tab_data.
2026-03-13 13:26:56,438 INFO tools.amazon_playwright_extractor: ASIN B07H354QY5: EAN '5011597092274' found in Keepa details via key 'Product Codes - EAN'.
2026-03-13 13:26:56,438 INFO tools.amazon_playwright_extractor: ASIN B07H354QY5: BSR not found or invalid from page. Attempting fallback from Keepa.
2026-03-13 13:26:56,438 INFO tools.amazon_playwright_extractor: ASIN B07H354QY5: BSR 1241 in 'Beauty 48' from Keepa SalesRankDetailsTable.
2026-03-13 13:26:56,440 INFO windows_save_guardian: ? ATOMIC SAVE: amazon_B07H354QY5_5022545049721.json (30 entries) saved successfully
2026-03-13 13:26:56,444 INFO windows_save_guardian: ? ATOMIC SAVE: amazon_B07H354QY5_5022545049721.json (30 entries) saved successfully
2026-03-13 13:26:56,447 INFO windows_save_guardian: ? ATOMIC SAVE: linking_map.json (6 entries) saved successfully
2026-03-13 13:26:56,447 INFO __main__: Linking map periodic flush: 6 entries
2026-03-13 13:26:56,450 INFO windows_save_guardian: ? ATOMIC SAVE: clearance-king_co_uk__sandbox__f2d5f0a2_processing_state.json (27 entries) saved successfully
2026-03-13 13:26:56,450 INFO utils.fixed_enhanced_state_manager:  ATOMIC SAVE
2026-03-13 13:26:56,450 INFO tools.amazon_playwright_extractor: Searching Amazon by EAN: 341014102961 for supplier product: 'PINK BUNNY KIDS HAIR BAND' (FixedAmazonExtractor)
2026-03-13 13:26:56,450 INFO tools.amazon_playwright_extractor: Navigating to Amazon UK to search for EAN: 341014102961
2026-03-13 13:27:01,242 INFO tools.amazon_playwright_extractor: Waiting for search results page to load for EAN 341014102961...
2026-03-13 13:27:01,312 INFO tools.amazon_playwright_extractor: Found search results container with selector: div.s-search-results
2026-03-13 13:27:01,986 INFO tools.amazon_playwright_extractor: Found 8 search result elements using selector: div[data-component-type='s-search-result']
2026-03-13 13:27:01,987 INFO tools.amazon_playwright_extractor: Processing 8 search result elements for EAN 341014102961
2026-03-13 13:27:02,315 INFO tools.amazon_playwright_extractor: 📊 SPONSORED FILTERING RESULTS: 0 organic products, 8 sponsored products filtered out
2026-03-13 13:27:02,315 WARNING tools.amazon_playwright_extractor: EAN 341014102961 returned no organic results - skipping
2026-03-13 13:27:02,315 WARNING tools.amazon_playwright_extractor: No Amazon results or error for EAN '341014102961'. Details: no_organic_results
2026-03-13 13:27:02,315 INFO tools.amazon_playwright_extractor: Falling back to title search for supplier product: 'PINK BUNNY KIDS HAIR BAND'
2026-03-13 13:27:02,316 INFO tools.amazon_playwright_extractor: Searching Amazon by title using search bar: 'PINK BUNNY KIDS HAIR BAND'
2026-03-13 13:27:02,316 INFO tools.amazon_playwright_extractor: Navigating to Amazon UK to search for title: PINK BUNNY KIDS HAIR BAND
2026-03-13 13:27:07,706 INFO tools.amazon_playwright_extractor: Title search found 69 elements using selector: div.s-search-results > div[data-asin]
2026-03-13 13:27:07,942 WARNING tools.amazon_playwright_extractor: ASIN extraction failed: All 4 fallbacks exhausted
2026-03-13 13:27:08,130 INFO tools.amazon_playwright_extractor: ✅ Title search: Selected first visible organic product - ASIN B0G5WH8N35
2026-03-13 13:27:08,130 INFO tools.amazon_playwright_extractor: 🎯 ASIN EXTRACTION SUCCESS: Found 1 ASINs for title search: 'PINK BUNNY KIDS HAIR BAND'
2026-03-13 13:27:08,130 INFO tools.amazon_playwright_extractor: Title search successful for 'PINK BUNNY KIDS HAIR BAND' after EAN '341014102961' failed
2026-03-13 13:27:08,130 INFO tools.amazon_playwright_extractor: Extracting complete data for fallback ASIN B0G5WH8N35 from title search
2026-03-13 13:27:08,130 WARNING tools.amazon_playwright_extractor: No page object provided to extract_data for ASIN B0G5WH8N35. Getting a new one from BrowserManager.
2026-03-13 13:27:08,130 INFO tools.amazon_playwright_extractor: Reusing existing page: https://www.amazon.co.uk/s?k=PINK+BUNNY+KIDS+HAIR+BAND&ref=nb_sb_noss
2026-03-13 13:27:10,840 INFO tools.amazon_playwright_extractor: Checking for cookie consent pop-up...
2026-03-13 13:27:11,100 INFO tools.amazon_playwright_extractor: Finished checking for cookie consent pop-ups. If one was present and not handled, it might interfere.
2026-03-13 13:27:12,104 INFO tools.amazon_playwright_extractor: Checking for CAPTCHA...
2026-03-13 13:27:15,112 INFO tools.amazon_playwright_extractor: No CAPTCHA page detected by form selector.
2026-03-13 13:27:15,112 INFO tools.amazon_playwright_extractor: Checking for cookie consent pop-up...
2026-03-13 13:27:15,197 INFO tools.amazon_playwright_extractor: Finished checking for cookie consent pop-ups. If one was present and not handled, it might interfere.
2026-03-13 13:27:15,197 INFO tools.amazon_playwright_extractor: Page should be ready. Waiting 5s for stabilization...
2026-03-13 13:27:20,207 INFO tools.amazon_playwright_extractor: Waiting an additional 7s for extensions (Keepa, SellerAmp)...
2026-03-13 13:27:27,221 INFO tools.amazon_playwright_extractor: Extracting all product data for ASIN: B0G5WH8N35
2026-03-13 13:27:27,221 INFO tools.amazon_playwright_extractor: Extracting basic product information (Title, Price, Images, Amazon Details)...
2026-03-13 13:27:27,259 INFO tools.amazon_playwright_extractor: Title found: 'Pink Bunny Ears Headband with Glitter Hearts - Soft Plush Animal Ear Hair Band for Women Adults Girls Easter Party Cosplay Photography Festive Costume Themed Celebrations Cartoonish Design' via #productTitle
2026-03-13 13:27:27,259 INFO tools.amazon_playwright_extractor: Extracting price details...
2026-03-13 13:27:27,279 INFO tools.amazon_playwright_extractor: Current price: 4.79 via #corePrice_feature_div .a-offscreen
2026-03-13 13:27:27,333 INFO tools.amazon_playwright_extractor: Original price: 6.99 via span.a-price.a-text-price[data-a-strike='true'] span.a-offscreen
2026-03-13 13:27:27,373 INFO tools.amazon_playwright_extractor: Extracting image URLs...
2026-03-13 13:27:27,407 INFO tools.amazon_playwright_extractor: Main image: https://m.media-amazon.com/images/I/518U8QVsnZL._AC_SL1500_.jpg via #landingImage
2026-03-13 13:27:27,484 INFO tools.amazon_playwright_extractor: Found 7 thumbnails.
2026-03-13 13:27:27,489 INFO tools.amazon_playwright_extractor: Extracting Amazon product details section...
2026-03-13 13:27:27,854 INFO tools.amazon_playwright_extractor: Extracting sales rank information...
2026-03-13 13:27:27,969 INFO tools.amazon_playwright_extractor: Extracting ratings and reviews...
2026-03-13 13:27:28,009 INFO tools.amazon_playwright_extractor: Rating: 4.4 via i[class*='a-icon-star'] span.a-icon-alt
2026-03-13 13:27:28,037 INFO tools.amazon_playwright_extractor: Extracting stock information...
2026-03-13 13:27:28,061 INFO tools.amazon_playwright_extractor: Availability text: 'Only 1 left in stock.' via #availability span.a-color-price
2026-03-13 13:27:28,061 INFO tools.amazon_playwright_extractor: Extracting features/bullets...
2026-03-13 13:27:28,256 INFO tools.amazon_playwright_extractor: Found 5 features.
2026-03-13 13:27:28,256 INFO tools.amazon_playwright_extractor: Extracting product description...
2026-03-13 13:27:28,287 INFO tools.amazon_playwright_extractor: Description found using selector: #aplus_feature_div
2026-03-13 13:27:28,287 INFO tools.amazon_playwright_extractor: Extracting product specifications table...
2026-03-13 13:27:28,592 INFO tools.amazon_playwright_extractor: Specifications table parsed using selector: table.a-keyvalue.prodDetTable
2026-03-13 13:27:28,592 INFO tools.amazon_playwright_extractor: Extracting SellerAmp data (if present)...
2026-03-13 13:27:28,592 INFO tools.amazon_playwright_extractor: SellerAmp data extraction is currently disabled as per requirements (Fix 2.3).
2026-03-13 13:27:28,592 INFO tools.amazon_playwright_extractor: Extracting Keepa data (if present)...
2026-03-13 13:27:28,592 INFO tools.amazon_playwright_extractor: Attempting to extract Keepa data...
