2025-08-28 09:47:37,961 - utils.logger - INFO - 🔧 Logging initialised – log file: C:\Users\chris\Desktop\Amazon-FBA-Agent-System-v32 - latest good - Copy (8) - Copy - Copy - POSTLONGRUNPREKIRO2 beforecompletion-\logs\debug\run_custom_poundwholesale_20250828_094737.log
2025-08-28 09:47:37,962 - __main__ - INFO - 📋 Debug log file: C:\Users\chris\Desktop\Amazon-FBA-Agent-System-v32 - latest good - Copy (8) - Copy - Copy - POSTLONGRUNPREKIRO2 beforecompletion-\logs\debug\run_custom_poundwholesale_20250828_094737.log
2025-08-28 09:47:37,963 - __main__ - DEBUG - Debug logging initialized - full system execution details will be captured
2025-08-28 09:47:37,965 - utils.browser_circuit_breaker - INFO - BrowserCircuitBreaker initialized: threshold=3, timeout=300s
2025-08-28 09:47:37,965 - utils.browser_manager - INFO - 🔧 BrowserManager singleton initialized with health management
2025-08-28 09:47:38,684 - utils.browser_manager - INFO - 🔌 Connecting to persistent Chrome on debug port 9222 (headless: False)
2025-08-28 09:47:53,801 - utils.browser_manager - WARNING - ⚠️ Could not connect to existing Chrome: BrowserType.connect_over_cdp: socket hang up
Call log:
  - <ws preparing> retrieving websocket url from http://localhost:9222

2025-08-28 09:47:53,830 - utils.browser_manager - INFO - 🚀 Launching new Chrome instance (headless: False)
2025-08-28 09:50:54,223 - utils.browser_manager - ERROR - ❌ Browser setup failed: BrowserType.launch: Timeout 180000ms exceeded.
Call log:
  - <launching> C:\Users\chris\AppData\Local\ms-playwright\chromium-1169\chrome-win\chrome.exe --disable-field-trial-config --disable-background-networking --disable-background-timer-throttling --disable-backgrounding-occluded-windows --disable-back-forward-cache --disable-breakpad --disable-client-side-phishing-detection --disable-component-extensions-with-background-pages --disable-component-update --no-default-browser-check --disable-default-apps --disable-dev-shm-usage --disable-extensions --disable-features=AcceptCHFrame,AutoExpandDetailsElement,AvoidUnnecessaryBeforeUnloadCheckSync,CertificateTransparencyComponentUpdater,DeferRendererTasksAfterInput,DestroyProfileOnBrowserClose,DialMediaRouteProvider,ExtensionManifestV2Disabled,GlobalMediaControls,HttpsUpgrades,ImprovedCookieControls,LazyFrameLoading,LensOverlay,MediaRouter,PaintHolding,ThirdPartyStoragePartitioning,Translate --allow-pre-commit-input --disable-hang-monitor --disable-ipc-flooding-protection --disable-popup-blocking --disable-prompt-on-repost --disable-renderer-backgrounding --force-color-profile=srgb --metrics-recording-only --no-first-run --enable-automation --password-store=basic --use-mock-keychain --no-service-autorun --export-tagged-pdf --disable-search-engine-choice-screen --unsafely-disable-devtools-self-xss-warnings --no-sandbox --remote-debugging-port=9222 --disable-blink-features=AutomationControlled --disable-web-security --disable-features=VizDisplayCompositor --user-data-dir=C:\Users\chris\AppData\Local\Temp\playwright_chromiumdev_profile-mGCwl3 --remote-debugging-pipe --no-startup-window
  - <launched> pid=12388
  2 × [pid=12388][err] [12388:19316:0828/094808.017:ERROR:net\socket\tcp_socket_win.cc:458] bind() returned an error: Only one usage of each socket address (protocol/network address/port) is normally permitted. (0x2740)
  - [pid=12388][err] [12388:19316:0828/094808.017:ERROR:content\browser\devtools\devtools_http_handler.cc:309] Cannot start http server for devtools.

2025-08-28 09:50:54,223 - utils.browser_manager - ERROR - ❌ Please ensure Chrome debug port 9222 is available
2025-08-28 09:50:54,223 - utils.browser_manager - ERROR - ❌ For visible browser, try: chrome --remote-debugging-port=9222 --user-data-dir=C:\temp\chrome-debug
2025-08-28 09:50:54,240 - __main__ - CRITICAL - 💥 A critical error occurred in the main workflow: Failed to setup Chrome browser (headless: False). Port: 9222
Traceback (most recent call last):
  File "C:\Users\chris\Desktop\Amazon-FBA-Agent-System-v32 - latest good - Copy (8) - Copy - Copy - POSTLONGRUNPREKIRO2 beforecompletion-\utils\browser_manager.py", line 105, in launch_browser
    self.browser = await self.playwright.chromium.launch(
                   ^^^^^^^^^^^^^^^^^^^^^^^^^^^^^^^^^^^^^^
    ...<7 lines>...
    )
    ^
  File "C:\Users\chris\AppData\Roaming\Python\Python313\site-packages\playwright\async_api\_generated.py", line 14451, in launch
    await self._impl_obj.launch(
    ...<17 lines>...
    )
  File "C:\Users\chris\AppData\Roaming\Python\Python313\site-packages\playwright\_impl\_browser_type.py", line 97, in launch
    Browser, from_channel(await self._channel.send("launch", params))
                          ^^^^^^^^^^^^^^^^^^^^^^^^^^^^^^^^^^^^^^^^^^
  File "C:\Users\chris\AppData\Roaming\Python\Python313\site-packages\playwright\_impl\_connection.py", line 61, in send
    return await self._connection.wrap_api_call(
           ^^^^^^^^^^^^^^^^^^^^^^^^^^^^^^^^^^^^^
    ...<2 lines>...
    )
    ^
  File "C:\Users\chris\AppData\Roaming\Python\Python313\site-packages\playwright\_impl\_connection.py", line 528, in wrap_api_call
    raise rewrite_error(error, f"{parsed_st['apiName']}: {error}") from None
playwright._impl._errors.TimeoutError: BrowserType.launch: Timeout 180000ms exceeded.
Call log:
  - <launching> C:\Users\chris\AppData\Local\ms-playwright\chromium-1169\chrome-win\chrome.exe --disable-field-trial-config --disable-background-networking --disable-background-timer-throttling --disable-backgrounding-occluded-windows --disable-back-forward-cache --disable-breakpad --disable-client-side-phishing-detection --disable-component-extensions-with-background-pages --disable-component-update --no-default-browser-check --disable-default-apps --disable-dev-shm-usage --disable-extensions --disable-features=AcceptCHFrame,AutoExpandDetailsElement,AvoidUnnecessaryBeforeUnloadCheckSync,CertificateTransparencyComponentUpdater,DeferRendererTasksAfterInput,DestroyProfileOnBrowserClose,DialMediaRouteProvider,ExtensionManifestV2Disabled,GlobalMediaControls,HttpsUpgrades,ImprovedCookieControls,LazyFrameLoading,LensOverlay,MediaRouter,PaintHolding,ThirdPartyStoragePartitioning,Translate --allow-pre-commit-input --disable-hang-monitor --disable-ipc-flooding-protection --disable-popup-blocking --disable-prompt-on-repost --disable-renderer-backgrounding --force-color-profile=srgb --metrics-recording-only --no-first-run --enable-automation --password-store=basic --use-mock-keychain --no-service-autorun --export-tagged-pdf --disable-search-engine-choice-screen --unsafely-disable-devtools-self-xss-warnings --no-sandbox --remote-debugging-port=9222 --disable-blink-features=AutomationControlled --disable-web-security --disable-features=VizDisplayCompositor --user-data-dir=C:\Users\chris\AppData\Local\Temp\playwright_chromiumdev_profile-mGCwl3 --remote-debugging-pipe --no-startup-window
  - <launched> pid=12388
  2 × [pid=12388][err] [12388:19316:0828/094808.017:ERROR:net\socket\tcp_socket_win.cc:458] bind() returned an error: Only one usage of each socket address (protocol/network address/port) is normally permitted. (0x2740)
  - [pid=12388][err] [12388:19316:0828/094808.017:ERROR:content\browser\devtools\devtools_http_handler.cc:309] Cannot start http server for devtools.


During handling of the above exception, another exception occurred:

Traceback (most recent call last):
  File "C:\Users\chris\Desktop\Amazon-FBA-Agent-System-v32 - latest good - Copy (8) - Copy - Copy - POSTLONGRUNPREKIRO2 beforecompletion-\run_custom_poundwholesale.py", line 60, in main
    await browser_manager.launch_browser(cdp_port=chrome_debug_port)
  File "C:\Users\chris\Desktop\Amazon-FBA-Agent-System-v32 - latest good - Copy (8) - Copy - Copy - POSTLONGRUNPREKIRO2 beforecompletion-\utils\browser_manager.py", line 133, in launch_browser
    raise Exception(f"Failed to setup Chrome browser (headless: {headless}). Port: {cdp_port}")
Exception: Failed to setup Chrome browser (headless: False). Port: 9222
2025-08-28 09:50:54,244 - __main__ - INFO - 🌐 Keeping browser persistent for next run - not closing browser
2025-08-28 09:50:54,246 - utils.browser_manager - WARNING - Error during global cleanup: no running event loop
