2026-03-13 12:55:26,745 WARNING __main__: Ignoring supplier identity from products file; job sandbox is authoritative. job=poundwholesale.co.uk__sandbox__86ace7e0 file=poundwholesale.co.uk
2026-03-13 12:55:26,746 WARNING tools.amazon_playwright_extractor: ?? BrowserCircuitBreaker not available - health management disabled
2026-03-13 12:55:26,746 INFO tools.amazon_playwright_extractor: AI features disabled in amazon_playwright_extractor - using only traditional selectors.
2026-03-13 12:55:26,746 INFO tools.amazon_playwright_extractor: Output directory set to: C:\Users\chris\Desktop\Amazon-FBA-Agent-System-v32 - latest good - Copy (8) - Copy - Copy - POSTLONGRUNPREKIRO2 beforecompletion-\OUTPUTS\CACHE\amazon_data
2026-03-13 12:55:26,746 WARNING tools.amazon_playwright_extractor: ?? BrowserManager not available, using legacy browser connection
2026-03-13 12:55:26,749 INFO windows_save_guardian: ? ATOMIC SAVE: poundwholesale-co-uk__sandbox__86ace7e0_products_cache.json (5 entries) saved successfully
2026-03-13 12:55:26,751 INFO tools.amazon_playwright_extractor: 🔧 FixedAmazonExtractor connecting via BrowserManager singleton
2026-03-13 12:55:26,752 INFO utils.browser_circuit_breaker: BrowserCircuitBreaker initialized: threshold=3, timeout=300s
2026-03-13 12:55:26,752 INFO utils.browser_manager: ?? BrowserManager singleton initialized with health management
2026-03-13 12:55:27,512 INFO utils.browser_manager: ?? Connecting to existing Chrome debug instance on port 9222
2026-03-13 12:55:27,512 INFO utils.browser_manager: ?? Per troubleshooting docs: Using existing Chrome debug only
2026-03-13 12:55:29,779 INFO utils.browser_manager: ? Chrome debug accessible on IPv4: Chrome/145.0.7632.160
2026-03-13 12:55:29,779 INFO utils.browser_manager: ?? Connecting to existing Chrome debug instance...
2026-03-13 12:55:31,819 INFO utils.browser_manager: ?? Using endpoint: http://localhost:9222
2026-03-13 12:55:32,187 INFO utils.browser_manager: ? Successfully connected to existing Chrome debug instance
2026-03-13 12:55:32,187 INFO utils.browser_manager: ?? Using existing context with 3 pages
2026-03-13 12:55:32,187 INFO utils.browser_manager: ?? Connected to existing Chrome: 145.0.7632.160
2026-03-13 12:55:32,187 INFO tools.amazon_playwright_extractor: ✅ FixedAmazonExtractor connected via BrowserManager singleton
2026-03-13 12:55:32,188 INFO utils.browser_manager: ?? Reusing existing Chrome connection (port 9222)
2026-03-13 12:55:32,188 INFO utils.browser_manager: ?? Reusing existing page in persistent context.
2026-03-13 12:55:32,197 INFO windows_save_guardian: ? ATOMIC SAVE: poundwholesale_co_uk__sandbox__86ace7e0_processing_state.json (27 entries) saved successfully
2026-03-13 12:55:32,198 INFO utils.fixed_enhanced_state_manager:  ATOMIC SAVE
2026-03-13 12:55:32,203 INFO windows_save_guardian: ? ATOMIC SAVE: poundwholesale_co_uk__sandbox__86ace7e0_processing_state.json (27 entries) saved successfully
2026-03-13 12:55:32,204 INFO utils.fixed_enhanced_state_manager:  ATOMIC SAVE
2026-03-13 12:55:32,205 INFO tools.amazon_playwright_extractor: Searching Amazon by EAN: 5038673812021 for supplier product: 'Roadster 300PSI Compact Air Compressor' (FixedAmazonExtractor)
2026-03-13 12:55:32,205 INFO tools.amazon_playwright_extractor: Navigating to Amazon UK to search for EAN: 5038673812021
2026-03-13 12:55:40,755 INFO tools.amazon_playwright_extractor: Waiting for search results page to load for EAN 5038673812021...
2026-03-13 12:55:41,148 INFO tools.amazon_playwright_extractor: Found search results container with selector: div.s-search-results
2026-03-13 12:55:42,795 INFO tools.amazon_playwright_extractor: Found 4 search result elements using selector: div[data-component-type='s-search-result']
2026-03-13 12:55:42,795 INFO tools.amazon_playwright_extractor: Processing 4 search result elements for EAN 5038673812021
2026-03-13 12:55:44,082 INFO tools.amazon_playwright_extractor: Found organic result: ASIN B004UL54NS - car 12v tire pump comressor...
2026-03-13 12:55:44,188 INFO tools.amazon_playwright_extractor: 📊 SPONSORED FILTERING RESULTS: 1 organic products, 3 sponsored products filtered out
2026-03-13 12:55:44,189 INFO tools.amazon_playwright_extractor: ✅ EAN SEARCH: Selected first organic result - ASIN B004UL54NS
2026-03-13 12:55:44,189 INFO tools.amazon_playwright_extractor:    Trusting Amazon's search relevance for EAN 5038673812021
2026-03-13 12:55:44,189 INFO tools.amazon_playwright_extractor:    EAN will be extracted by Keepa during full product data extraction
2026-03-13 12:55:44,189 INFO tools.amazon_playwright_extractor: Single ASIN B004UL54NS found for EAN 5038673812021.
2026-03-13 12:55:44,189 INFO tools.amazon_playwright_extractor: Proceeding with ASIN: B004UL54NS for EAN: 5038673812021
2026-03-13 12:55:44,189 WARNING tools.amazon_playwright_extractor: No page object provided to extract_data for ASIN B004UL54NS. Getting a new one from BrowserManager.
2026-03-13 12:55:44,190 INFO tools.amazon_playwright_extractor: Reusing existing page: https://www.amazon.co.uk/s?k=5038673812021&ref=nb_sb_noss
2026-03-13 12:55:47,199 INFO tools.amazon_playwright_extractor: Checking for cookie consent pop-up...
2026-03-13 12:55:48,352 INFO tools.amazon_playwright_extractor: Finished checking for cookie consent pop-ups. If one was present and not handled, it might interfere.
2026-03-13 12:55:49,367 INFO tools.amazon_playwright_extractor: Checking for CAPTCHA...
2026-03-13 12:55:52,382 INFO tools.amazon_playwright_extractor: No CAPTCHA page detected by form selector.
2026-03-13 12:55:52,382 INFO tools.amazon_playwright_extractor: Checking for cookie consent pop-up...
2026-03-13 12:55:52,507 INFO tools.amazon_playwright_extractor: Finished checking for cookie consent pop-ups. If one was present and not handled, it might interfere.
2026-03-13 12:55:52,508 INFO tools.amazon_playwright_extractor: Page should be ready. Waiting 5s for stabilization...
2026-03-13 12:55:57,511 INFO tools.amazon_playwright_extractor: Waiting an additional 7s for extensions (Keepa, SellerAmp)...
2026-03-13 12:56:04,520 INFO tools.amazon_playwright_extractor: Extracting all product data for ASIN: B004UL54NS
2026-03-13 12:56:04,520 INFO tools.amazon_playwright_extractor: Extracting basic product information (Title, Price, Images, Amazon Details)...
2026-03-13 12:56:04,590 INFO tools.amazon_playwright_extractor: Title found: 'car 12v tire pump comressor' via #productTitle
2026-03-13 12:56:04,590 INFO tools.amazon_playwright_extractor: Extracting price details...
2026-03-13 12:56:04,615 INFO tools.amazon_playwright_extractor: Current price: 11.99 via #corePrice_feature_div .a-offscreen
2026-03-13 12:56:04,736 INFO tools.amazon_playwright_extractor: Extracting image URLs...
2026-03-13 12:56:04,778 INFO tools.amazon_playwright_extractor: Main image: https://m.media-amazon.com/images/I/41ThDI8ceaL._AC_.jpg via #landingImage
2026-03-13 12:56:04,812 INFO tools.amazon_playwright_extractor: Found 1 thumbnails.
2026-03-13 12:56:04,819 INFO tools.amazon_playwright_extractor: Extracting Amazon product details section...
2026-03-13 12:56:05,149 INFO tools.amazon_playwright_extractor: Extracting sales rank information...
2026-03-13 12:56:05,301 INFO tools.amazon_playwright_extractor: Extracting ratings and reviews...
2026-03-13 12:56:05,325 INFO tools.amazon_playwright_extractor: Rating: 3.0 via #acrPopover[title*='out of 5 stars']
2026-03-13 12:56:05,350 INFO tools.amazon_playwright_extractor: Review count: 2 via #acrCustomerReviewText
2026-03-13 12:56:05,350 INFO tools.amazon_playwright_extractor: Extracting stock information...
2026-03-13 12:56:05,372 INFO tools.amazon_playwright_extractor: Availability text: 'In stock' via #availability span.a-size-medium.a-color-success
2026-03-13 12:56:05,372 INFO tools.amazon_playwright_extractor: Extracting features/bullets...
2026-03-13 12:56:05,587 INFO tools.amazon_playwright_extractor: Found 5 features.
2026-03-13 12:56:05,587 INFO tools.amazon_playwright_extractor: Extracting product description...
2026-03-13 12:56:05,608 INFO tools.amazon_playwright_extractor: Description found using selector: #productDescription
2026-03-13 12:56:05,609 INFO tools.amazon_playwright_extractor: Extracting product specifications table...
2026-03-13 12:56:05,883 INFO tools.amazon_playwright_extractor: Specifications table parsed using selector: #productDetails_techSpec_section_1
2026-03-13 12:56:05,883 INFO tools.amazon_playwright_extractor: Extracting SellerAmp data (if present)...
2026-03-13 12:56:05,883 INFO tools.amazon_playwright_extractor: SellerAmp data extraction is currently disabled as per requirements (Fix 2.3).
2026-03-13 12:56:05,883 INFO tools.amazon_playwright_extractor: Extracting Keepa data (if present)...
2026-03-13 12:56:05,883 INFO tools.amazon_playwright_extractor: Attempting to extract Keepa data...
2026-03-13 12:56:12,052 INFO tools.amazon_playwright_extractor: Keepa iframe found: iframe[id*='keepa']
2026-03-13 12:56:12,095 INFO tools.amazon_playwright_extractor: Keepa Graph AI Analysis is currently disabled as per requirements (Fix 2.4).
2026-03-13 12:56:12,151 INFO tools.amazon_playwright_extractor: Keepa Data tab found. Currently active: False
2026-03-13 12:56:12,151 INFO tools.amazon_playwright_extractor: Clicking Keepa 'Data' tab...
2026-03-13 12:56:14,695 INFO tools.amazon_playwright_extractor: Attempt 1/2: Waiting 12000ms for Product-Details wrapper...
2026-03-13 12:56:17,786 INFO tools.amazon_playwright_extractor: ? Product-Details wrapper appeared on attempt 1
2026-03-13 12:56:17,845 INFO tools.amazon_playwright_extractor: Parsing Keepa AG Grid for Product Details from: div#MoreTab1 div#grid-product-detail
2026-03-13 12:56:17,901 INFO tools.amazon_playwright_extractor: Primary attempt: Waiting 12 seconds for AG Grid rows to load...
2026-03-13 12:56:18,956 INFO tools.amazon_playwright_extractor: ? Primary attempt successful: 103 rows found
2026-03-13 12:56:18,972 INFO tools.amazon_playwright_extractor: Processing 103 rows in Keepa Product Details AG Grid.
2026-03-13 12:56:20,541 INFO tools.amazon_playwright_extractor: Found potential fee key 'FBA Pick&Pack Fee' with raw value: '£ 2.42' in Keepa AG Grid.
2026-03-13 12:56:20,726 INFO tools.amazon_playwright_extractor: Found potential fee key 'Referral Fee based on current Buy Box price' with raw value: '£ 1.80' in Keepa AG Grid.
2026-03-13 12:56:23,575 INFO tools.amazon_playwright_extractor: ? Successfully parsed 31 items from Keepa Product Details AG Grid.
2026-03-13 12:56:23,575 INFO tools.amazon_playwright_extractor: ASIN B004UL54NS: Attempting to extract EANs from Keepa product_details_tab_data.
2026-03-13 12:56:23,575 INFO tools.amazon_playwright_extractor: ASIN B004UL54NS: EAN '5038673812021' found in Keepa details via key 'Product Codes - EAN'.
2026-03-13 12:56:23,575 INFO tools.amazon_playwright_extractor: ASIN B004UL54NS: BSR not found or invalid from page. Attempting fallback from Keepa.
2026-03-13 12:56:23,576 WARNING tools.amazon_playwright_extractor: ASIN B004UL54NS: Could not find BSR in any Keepa data source.
2026-03-13 12:56:23,576 INFO tools.amazon_playwright_extractor: ✅ Recorded search method 'EAN' for ASIN B004UL54NS
2026-03-13 12:56:23,576 INFO tools.amazon_playwright_extractor: Successfully extracted data for ASIN B004UL54NS (EAN on page: 5038673812021)
2026-03-13 12:56:23,582 INFO windows_save_guardian: ? ATOMIC SAVE: amazon_B004UL54NS_5038673812021.json (28 entries) saved successfully
2026-03-13 12:56:23,593 INFO windows_save_guardian: ? ATOMIC SAVE: amazon_B004UL54NS_5038673812021.json (28 entries) saved successfully
2026-03-13 12:56:23,598 INFO windows_save_guardian: ? ATOMIC SAVE: linking_map.json (1 entries) saved successfully
2026-03-13 12:56:23,599 INFO __main__: Linking map periodic flush: 1 entries
2026-03-13 12:56:23,604 INFO windows_save_guardian: ? ATOMIC SAVE: poundwholesale_co_uk__sandbox__86ace7e0_processing_state.json (27 entries) saved successfully
2026-03-13 12:56:23,605 INFO utils.fixed_enhanced_state_manager:  ATOMIC SAVE
2026-03-13 12:56:23,609 INFO windows_save_guardian: ? ATOMIC SAVE: poundwholesale_co_uk__sandbox__86ace7e0_processing_state.json (27 entries) saved successfully
2026-03-13 12:56:23,610 INFO utils.fixed_enhanced_state_manager:  ATOMIC SAVE
2026-03-13 12:56:23,611 INFO tools.amazon_playwright_extractor: Searching Amazon by EAN:  for supplier product: 'Ninja Samurai Sword, Ninja Stars, Knives & Nunchucks Play Set' (FixedAmazonExtractor)
2026-03-13 12:56:23,611 INFO tools.amazon_playwright_extractor: Navigating to Amazon UK to search for EAN: 
2026-03-13 12:56:29,472 INFO tools.amazon_playwright_extractor: Waiting for search results page to load for EAN ...
