2026-03-14 09:48:31,997 WARNING __main__: Ignoring supplier identity from products file; job sandbox is authoritative. job=poundwholesale.co.uk__sandbox__71d4f372 file=poundwholesale.co.uk
2026-03-14 09:48:31,997 WARNING tools.amazon_playwright_extractor: ?? BrowserCircuitBreaker not available - health management disabled
2026-03-14 09:48:31,997 INFO tools.amazon_playwright_extractor: AI features disabled in amazon_playwright_extractor - using only traditional selectors.
2026-03-14 09:48:31,998 INFO tools.amazon_playwright_extractor: Output directory set to: C:\Users\chris\Desktop\Amazon-FBA-Agent-System-v32 - latest good - Copy (8) - Copy - Copy - POSTLONGRUNPREKIRO2 beforecompletion-\OUTPUTS\CACHE\amazon_data
2026-03-14 09:48:32,002 WARNING tools.amazon_playwright_extractor: ?? BrowserManager not available, using legacy browser connection
2026-03-14 09:48:32,004 INFO windows_save_guardian: ? ATOMIC SAVE: poundwholesale-co-uk__sandbox__71d4f372_products_cache.json (9 entries) saved successfully
2026-03-14 09:48:32,008 INFO windows_save_guardian: ? ATOMIC SAVE: poundwholesale_co_uk__sandbox__71d4f372_processing_state.json (27 entries) saved successfully
2026-03-14 09:48:32,008 INFO utils.fixed_enhanced_state_manager:  ATOMIC SAVE
2026-03-14 09:48:32,009 INFO tools.amazon_playwright_extractor: 🔧 FixedAmazonExtractor connecting via BrowserManager singleton
2026-03-14 09:48:32,010 INFO utils.browser_circuit_breaker: BrowserCircuitBreaker initialized: threshold=3, timeout=300s
2026-03-14 09:48:32,010 INFO utils.browser_manager: ?? BrowserManager singleton initialized with health management
2026-03-14 09:48:32,475 INFO utils.browser_manager: ?? Connecting to existing Chrome debug instance on port 9222
2026-03-14 09:48:32,476 INFO utils.browser_manager: ?? Per troubleshooting docs: Using existing Chrome debug only
2026-03-14 09:48:34,701 INFO utils.browser_manager: ? Chrome debug accessible on IPv4: Chrome/145.0.7632.160
2026-03-14 09:48:34,701 INFO utils.browser_manager: ?? Connecting to existing Chrome debug instance...
2026-03-14 09:48:36,747 INFO utils.browser_manager: ?? Using endpoint: http://localhost:9222
2026-03-14 09:48:37,275 INFO utils.browser_manager: ? Successfully connected to existing Chrome debug instance
2026-03-14 09:48:37,276 INFO utils.browser_manager: ?? Using existing context with 5 pages
2026-03-14 09:48:37,276 INFO utils.browser_manager: ?? Connected to existing Chrome: 145.0.7632.160
2026-03-14 09:48:37,276 INFO tools.amazon_playwright_extractor: ✅ FixedAmazonExtractor connected via BrowserManager singleton
2026-03-14 09:48:37,276 INFO utils.browser_manager: ?? Reusing existing Chrome connection (port 9222)
2026-03-14 09:48:37,276 INFO utils.browser_manager: ?? Reusing existing page in persistent context.
2026-03-14 09:48:37,280 INFO windows_save_guardian: ? ATOMIC SAVE: poundwholesale_co_uk__sandbox__71d4f372_processing_state.json (27 entries) saved successfully
2026-03-14 09:48:37,280 INFO utils.fixed_enhanced_state_manager:  ATOMIC SAVE
2026-03-14 09:48:37,281 INFO tools.amazon_playwright_extractor: Searching Amazon by EAN: 5053249255347 for supplier product: 'Bin Brite Citronella & Lemongrass Bin Odour Neutraliser Spray 400ml' (FixedAmazonExtractor)
2026-03-14 09:48:37,281 INFO tools.amazon_playwright_extractor: Navigating to Amazon UK to search for EAN: 5053249255347
2026-03-14 09:48:48,497 INFO tools.amazon_playwright_extractor: Waiting for search results page to load for EAN 5053249255347...
2026-03-14 09:48:48,558 INFO tools.amazon_playwright_extractor: Found search results container with selector: div.s-search-results
2026-03-14 09:48:49,215 INFO tools.amazon_playwright_extractor: Found 5 search result elements using selector: div[data-component-type='s-search-result']
2026-03-14 09:48:49,215 INFO tools.amazon_playwright_extractor: Processing 5 search result elements for EAN 5053249255347
2026-03-14 09:48:49,371 INFO tools.amazon_playwright_extractor: Found organic result: ASIN B0BYJV22P1 - Bin Brite Odour Neutraliser Spray for Dustbins or Wheelie Bi...
2026-03-14 09:48:49,465 INFO tools.amazon_playwright_extractor: 📊 SPONSORED FILTERING RESULTS: 1 organic products, 4 sponsored products filtered out
2026-03-14 09:48:49,465 INFO tools.amazon_playwright_extractor: ✅ EAN SEARCH: Selected first organic result - ASIN B0BYJV22P1
2026-03-14 09:48:49,466 INFO tools.amazon_playwright_extractor:    Trusting Amazon's search relevance for EAN 5053249255347
2026-03-14 09:48:49,466 INFO tools.amazon_playwright_extractor:    EAN will be extracted by Keepa during full product data extraction
2026-03-14 09:48:49,466 INFO tools.amazon_playwright_extractor: Single ASIN B0BYJV22P1 found for EAN 5053249255347.
2026-03-14 09:48:49,466 INFO tools.amazon_playwright_extractor: Proceeding with ASIN: B0BYJV22P1 for EAN: 5053249255347
2026-03-14 09:48:49,466 WARNING tools.amazon_playwright_extractor: No page object provided to extract_data for ASIN B0BYJV22P1. Getting a new one from BrowserManager.
2026-03-14 09:48:49,467 INFO tools.amazon_playwright_extractor: Reusing existing page: https://www.amazon.co.uk/s?k=5053249255347&crid=1MGUUN27PN3AI&sprefix=%2Caps%2C468&ref=nb_sb_noss_2
2026-03-14 09:48:52,257 INFO tools.amazon_playwright_extractor: Checking for cookie consent pop-up...
2026-03-14 09:48:52,391 INFO tools.amazon_playwright_extractor: Finished checking for cookie consent pop-ups. If one was present and not handled, it might interfere.
2026-03-14 09:48:53,407 INFO tools.amazon_playwright_extractor: Checking for CAPTCHA...
2026-03-14 09:48:56,413 INFO tools.amazon_playwright_extractor: No CAPTCHA page detected by form selector.
2026-03-14 09:48:56,413 INFO tools.amazon_playwright_extractor: Checking for cookie consent pop-up...
2026-03-14 09:48:56,482 INFO tools.amazon_playwright_extractor: Finished checking for cookie consent pop-ups. If one was present and not handled, it might interfere.
2026-03-14 09:48:56,483 INFO tools.amazon_playwright_extractor: Page should be ready. Waiting 5s for stabilization...
2026-03-14 09:49:01,493 INFO tools.amazon_playwright_extractor: Waiting an additional 7s for extensions (Keepa, SellerAmp)...
2026-03-14 09:49:08,506 INFO tools.amazon_playwright_extractor: Extracting all product data for ASIN: B0BYJV22P1
2026-03-14 09:49:08,506 INFO tools.amazon_playwright_extractor: Extracting basic product information (Title, Price, Images, Amazon Details)...
2026-03-14 09:49:08,548 INFO tools.amazon_playwright_extractor: Title found: 'Bin Brite Odour Neutraliser Spray for Dustbins or Wheelie Bins (Citronella & Lemongrass, 400ml)' via #productTitle
2026-03-14 09:49:08,548 INFO tools.amazon_playwright_extractor: Extracting price details...
2026-03-14 09:49:08,568 INFO tools.amazon_playwright_extractor: Current price: 4.54 via #corePrice_feature_div .a-offscreen
2026-03-14 09:49:08,654 INFO tools.amazon_playwright_extractor: Original price: 6.49 via span.a-price.a-text-price[data-a-strike='true'] span.a-offscreen
2026-03-14 09:49:08,696 INFO tools.amazon_playwright_extractor: Extracting image URLs...
2026-03-14 09:49:08,728 INFO tools.amazon_playwright_extractor: Main image: https://m.media-amazon.com/images/I/61w7OdNnVaL._AC_SL1500_.jpg via #landingImage
2026-03-14 09:49:08,803 INFO tools.amazon_playwright_extractor: Found 6 thumbnails.
2026-03-14 09:49:08,809 INFO tools.amazon_playwright_extractor: Extracting Amazon product details section...
2026-03-14 09:49:09,068 INFO tools.amazon_playwright_extractor: Extracting sales rank information...
2026-03-14 09:49:09,178 INFO tools.amazon_playwright_extractor: Extracting ratings and reviews...
2026-03-14 09:49:09,195 INFO tools.amazon_playwright_extractor: Rating: 4.1 via #acrPopover[title*='out of 5 stars']
2026-03-14 09:49:09,212 INFO tools.amazon_playwright_extractor: Review count: 74 via #acrCustomerReviewText
2026-03-14 09:49:09,213 INFO tools.amazon_playwright_extractor: Extracting stock information...
2026-03-14 09:49:09,229 INFO tools.amazon_playwright_extractor: Availability text: 'In stock' via #availability span.a-size-medium.a-color-success
2026-03-14 09:49:09,229 INFO tools.amazon_playwright_extractor: Extracting features/bullets...
2026-03-14 09:49:09,340 INFO tools.amazon_playwright_extractor: Found 3 features.
2026-03-14 09:49:09,340 INFO tools.amazon_playwright_extractor: Extracting product description...
2026-03-14 09:49:09,361 INFO tools.amazon_playwright_extractor: Description found using selector: #productDescription
2026-03-14 09:49:09,361 INFO tools.amazon_playwright_extractor: Extracting product specifications table...
2026-03-14 09:49:09,705 INFO tools.amazon_playwright_extractor: Specifications table parsed using selector: table.a-keyvalue.prodDetTable
2026-03-14 09:49:09,705 INFO tools.amazon_playwright_extractor: Extracting SellerAmp data (if present)...
2026-03-14 09:49:09,705 INFO tools.amazon_playwright_extractor: SellerAmp data extraction is currently disabled as per requirements (Fix 2.3).
2026-03-14 09:49:09,705 INFO tools.amazon_playwright_extractor: Extracting Keepa data (if present)...
2026-03-14 09:49:09,705 INFO tools.amazon_playwright_extractor: Attempting to extract Keepa data...
2026-03-14 09:49:15,782 INFO tools.amazon_playwright_extractor: Keepa iframe found: iframe[id*='keepa']
2026-03-14 09:49:15,870 INFO tools.amazon_playwright_extractor: Keepa Sales Rank Details Table parsed.
2026-03-14 09:49:15,870 INFO tools.amazon_playwright_extractor: Keepa Graph AI Analysis is currently disabled as per requirements (Fix 2.4).
2026-03-14 09:49:15,904 INFO tools.amazon_playwright_extractor: Keepa Data tab found. Currently active: False
2026-03-14 09:49:15,904 INFO tools.amazon_playwright_extractor: Clicking Keepa 'Data' tab...
2026-03-14 09:49:18,165 INFO tools.amazon_playwright_extractor: Attempt 1/2: Waiting 12000ms for Product-Details wrapper...
2026-03-14 09:49:22,130 INFO tools.amazon_playwright_extractor: ? Product-Details wrapper appeared on attempt 1
2026-03-14 09:49:22,169 INFO tools.amazon_playwright_extractor: Parsing Keepa AG Grid for Product Details from: div#MoreTab1 div#grid-product-detail
2026-03-14 09:49:22,216 INFO tools.amazon_playwright_extractor: Primary attempt: Waiting 12 seconds for AG Grid rows to load...
2026-03-14 09:49:23,255 INFO tools.amazon_playwright_extractor: ? Primary attempt successful: 145 rows found
2026-03-14 09:49:23,270 INFO tools.amazon_playwright_extractor: Processing 145 rows in Keepa Product Details AG Grid.
2026-03-14 09:49:24,459 INFO tools.amazon_playwright_extractor: Found potential fee key 'FBA Pick&Pack Fee' with raw value: '£ 2.65' in Keepa AG Grid.
2026-03-14 09:49:24,556 INFO tools.amazon_playwright_extractor: Found potential fee key 'Referral Fee based on current Buy Box price' with raw value: '£ 0.69' in Keepa AG Grid.
2026-03-14 09:49:27,236 INFO tools.amazon_playwright_extractor: ? Successfully parsed 45 items from Keepa Product Details AG Grid.
2026-03-14 09:49:27,236 INFO tools.amazon_playwright_extractor: ASIN B0BYJV22P1: Attempting to extract EANs from Keepa product_details_tab_data.
2026-03-14 09:49:27,236 INFO tools.amazon_playwright_extractor: ASIN B0BYJV22P1: EAN '5053249255347' found in Keepa details via key 'Product Codes - EAN'.
2026-03-14 09:49:27,236 INFO tools.amazon_playwright_extractor: ASIN B0BYJV22P1: BSR not found or invalid from page. Attempting fallback from Keepa.
2026-03-14 09:49:27,236 INFO tools.amazon_playwright_extractor: ASIN B0BYJV22P1: BSR 18944 in 'Grocery 9' from Keepa SalesRankDetailsTable.
2026-03-14 09:49:27,236 INFO tools.amazon_playwright_extractor: ✅ Recorded search method 'EAN' for ASIN B0BYJV22P1
2026-03-14 09:49:27,236 INFO tools.amazon_playwright_extractor: Successfully extracted data for ASIN B0BYJV22P1 (EAN on page: 5053249255347)
2026-03-14 09:49:27,241 INFO windows_save_guardian: ? ATOMIC SAVE: amazon_B0BYJV22P1_5053249255347.json (33 entries) saved successfully
2026-03-14 09:49:27,246 INFO windows_save_guardian: ? ATOMIC SAVE: amazon_B0BYJV22P1_5053249255347.json (33 entries) saved successfully
2026-03-14 09:49:27,251 INFO windows_save_guardian: ? ATOMIC SAVE: linking_map.json (1 entries) saved successfully
2026-03-14 09:49:27,252 INFO __main__: Linking map periodic flush: 1 entries
2026-03-14 09:49:27,256 INFO windows_save_guardian: ? ATOMIC SAVE: poundwholesale_co_uk__sandbox__71d4f372_processing_state.json (27 entries) saved successfully
2026-03-14 09:49:27,257 INFO utils.fixed_enhanced_state_manager:  ATOMIC SAVE
2026-03-14 09:49:27,257 INFO tools.amazon_playwright_extractor: Searching Amazon by EAN: 5025416330034 for supplier product: 'Dr Johnson's Sterilising Fluid 1L' (FixedAmazonExtractor)
2026-03-14 09:49:27,257 INFO tools.amazon_playwright_extractor: Navigating to Amazon UK to search for EAN: 5025416330034
2026-03-14 09:49:32,272 INFO tools.amazon_playwright_extractor: Waiting for search results page to load for EAN 5025416330034...
2026-03-14 09:49:32,310 INFO tools.amazon_playwright_extractor: Found search results container with selector: div.s-search-results
2026-03-14 09:49:32,963 INFO tools.amazon_playwright_extractor: Found 7 search result elements using selector: div[data-component-type='s-search-result']
2026-03-14 09:49:32,963 INFO tools.amazon_playwright_extractor: Processing 7 search result elements for EAN 5025416330034
2026-03-14 09:49:33,116 INFO tools.amazon_playwright_extractor: Found organic result: ASIN B00KQHJKTY - Dr Jonsons Baby Sterilising Fluid Highly Concentrated - 1 Li...
2026-03-14 09:49:33,278 INFO tools.amazon_playwright_extractor: 📊 SPONSORED FILTERING RESULTS: 1 organic products, 6 sponsored products filtered out
2026-03-14 09:49:33,278 INFO tools.amazon_playwright_extractor: ✅ EAN SEARCH: Selected first organic result - ASIN B00KQHJKTY
2026-03-14 09:49:33,278 INFO tools.amazon_playwright_extractor:    Trusting Amazon's search relevance for EAN 5025416330034
2026-03-14 09:49:33,278 INFO tools.amazon_playwright_extractor:    EAN will be extracted by Keepa during full product data extraction
2026-03-14 09:49:33,278 INFO tools.amazon_playwright_extractor: Single ASIN B00KQHJKTY found for EAN 5025416330034.
2026-03-14 09:49:33,278 INFO tools.amazon_playwright_extractor: Proceeding with ASIN: B00KQHJKTY for EAN: 5025416330034
2026-03-14 09:49:33,278 WARNING tools.amazon_playwright_extractor: No page object provided to extract_data for ASIN B00KQHJKTY. Getting a new one from BrowserManager.
2026-03-14 09:49:33,279 INFO tools.amazon_playwright_extractor: Reusing existing page: https://www.amazon.co.uk/s?k=5025416330034&ref=nb_sb_noss
2026-03-14 09:49:35,849 INFO tools.amazon_playwright_extractor: Checking for cookie consent pop-up...
2026-03-14 09:49:36,140 INFO tools.amazon_playwright_extractor: Finished checking for cookie consent pop-ups. If one was present and not handled, it might interfere.
2026-03-14 09:49:37,149 INFO tools.amazon_playwright_extractor: Checking for CAPTCHA...
2026-03-14 09:49:40,164 INFO tools.amazon_playwright_extractor: No CAPTCHA page detected by form selector.
2026-03-14 09:49:40,164 INFO tools.amazon_playwright_extractor: Checking for cookie consent pop-up...
2026-03-14 09:49:40,233 INFO tools.amazon_playwright_extractor: Finished checking for cookie consent pop-ups. If one was present and not handled, it might interfere.
2026-03-14 09:49:40,233 INFO tools.amazon_playwright_extractor: Page should be ready. Waiting 5s for stabilization...
2026-03-14 09:49:45,235 INFO tools.amazon_playwright_extractor: Waiting an additional 7s for extensions (Keepa, SellerAmp)...
2026-03-14 09:49:52,237 INFO tools.amazon_playwright_extractor: Extracting all product data for ASIN: B00KQHJKTY
2026-03-14 09:49:52,237 INFO tools.amazon_playwright_extractor: Extracting basic product information (Title, Price, Images, Amazon Details)...
2026-03-14 09:49:52,279 INFO tools.amazon_playwright_extractor: Title found: 'Dr Jonsons Baby Sterilising Fluid Highly Concentrated - 1 Litre' via #productTitle
2026-03-14 09:49:52,279 INFO tools.amazon_playwright_extractor: Extracting price details...
2026-03-14 09:49:52,299 INFO tools.amazon_playwright_extractor: Current price: 7.52 via #corePrice_feature_div .a-offscreen
2026-03-14 09:49:52,389 INFO tools.amazon_playwright_extractor: Amazon sales badge found: 50 in container div#socialProofingAsinFaceout_feature_div
2026-03-14 09:49:52,389 INFO tools.amazon_playwright_extractor: Extracting image URLs...
2026-03-14 09:49:52,424 INFO tools.amazon_playwright_extractor: Main image: https://m.media-amazon.com/images/I/71cZtrfl5HS._AC_SL1500_.jpg via #landingImage
2026-03-14 09:49:52,453 INFO tools.amazon_playwright_extractor: Found 1 thumbnails.
2026-03-14 09:49:52,459 INFO tools.amazon_playwright_extractor: Extracting Amazon product details section...
2026-03-14 09:49:53,047 INFO tools.amazon_playwright_extractor: Extracting sales rank information...
2026-03-14 09:49:53,262 INFO tools.amazon_playwright_extractor: Extracting ratings and reviews...
2026-03-14 09:49:53,282 INFO tools.amazon_playwright_extractor: Rating: 4.2 via #acrPopover[title*='out of 5 stars']
2026-03-14 09:49:53,298 INFO tools.amazon_playwright_extractor: Review count: 1011 via #acrCustomerReviewText
2026-03-14 09:49:53,299 INFO tools.amazon_playwright_extractor: Extracting stock information...
2026-03-14 09:49:53,316 INFO tools.amazon_playwright_extractor: Availability text: 'In stock' via #availability span.a-size-medium.a-color-success
2026-03-14 09:49:53,316 INFO tools.amazon_playwright_extractor: Extracting features/bullets...
2026-03-14 09:49:53,358 INFO tools.amazon_playwright_extractor: Found 1 features.
2026-03-14 09:49:53,358 INFO tools.amazon_playwright_extractor: Extracting product description...
2026-03-14 09:49:53,374 INFO tools.amazon_playwright_extractor: Description found using selector: #productDescription
2026-03-14 09:49:53,374 INFO tools.amazon_playwright_extractor: Extracting product specifications table...
2026-03-14 09:49:53,744 INFO tools.amazon_playwright_extractor: Specifications table parsed using selector: #productDetails_techSpec_section_1
2026-03-14 09:49:53,745 INFO tools.amazon_playwright_extractor: Extracting SellerAmp data (if present)...
2026-03-14 09:49:53,745 INFO tools.amazon_playwright_extractor: SellerAmp data extraction is currently disabled as per requirements (Fix 2.3).
2026-03-14 09:49:53,745 INFO tools.amazon_playwright_extractor: Extracting Keepa data (if present)...
2026-03-14 09:49:53,745 INFO tools.amazon_playwright_extractor: Attempting to extract Keepa data...
2026-03-14 09:49:59,829 INFO tools.amazon_playwright_extractor: Keepa iframe found: iframe[id*='keepa']
2026-03-14 09:49:59,916 INFO tools.amazon_playwright_extractor: Keepa Sales Rank Details Table parsed.
2026-03-14 09:49:59,916 INFO tools.amazon_playwright_extractor: Keepa Graph AI Analysis is currently disabled as per requirements (Fix 2.4).
2026-03-14 09:49:59,946 INFO tools.amazon_playwright_extractor: Keepa Data tab found. Currently active: False
2026-03-14 09:49:59,946 INFO tools.amazon_playwright_extractor: Clicking Keepa 'Data' tab...
2026-03-14 09:50:02,206 INFO tools.amazon_playwright_extractor: Attempt 1/2: Waiting 12000ms for Product-Details wrapper...
2026-03-14 09:50:05,163 INFO tools.amazon_playwright_extractor: ? Product-Details wrapper appeared on attempt 1
2026-03-14 09:50:05,177 WARNING tools.amazon_playwright_extractor: Product-Details tab visible, but inner grid still not ready – extending wait with retry logic.
2026-03-14 09:50:05,177 INFO tools.amazon_playwright_extractor: Grid attempt 1/3: Waiting 15000ms for grid container...
2026-03-14 09:50:05,317 INFO tools.amazon_playwright_extractor: ? Grid became visible after attempt 1 – continuing.
2026-03-14 09:50:05,345 INFO tools.amazon_playwright_extractor: Parsing Keepa AG Grid for Product Details from: div#MoreTab1 div#grid-product-detail
2026-03-14 09:50:05,386 INFO tools.amazon_playwright_extractor: Primary attempt: Waiting 12 seconds for AG Grid rows to load...
2026-03-14 09:50:06,446 INFO tools.amazon_playwright_extractor: ? Primary attempt successful: 148 rows found
2026-03-14 09:50:06,465 INFO tools.amazon_playwright_extractor: Processing 148 rows in Keepa Product Details AG Grid.
2026-03-14 09:50:07,824 INFO tools.amazon_playwright_extractor: Found potential fee key 'FBA Pick&Pack Fee' with raw value: '£ 3.05' in Keepa AG Grid.
2026-03-14 09:50:07,942 INFO tools.amazon_playwright_extractor: Found potential fee key 'Referral Fee based on current Buy Box price' with raw value: '£ 0.60' in Keepa AG Grid.
2026-03-14 09:50:10,168 INFO tools.amazon_playwright_extractor: ? Successfully parsed 45 items from Keepa Product Details AG Grid.
2026-03-14 09:50:10,168 INFO tools.amazon_playwright_extractor: ASIN B00KQHJKTY: Attempting to extract EANs from Keepa product_details_tab_data.
2026-03-14 09:50:10,168 INFO tools.amazon_playwright_extractor: ASIN B00KQHJKTY: EAN '5025416330034' found in Keepa details via key 'Product Codes - EAN'.
2026-03-14 09:50:10,169 INFO tools.amazon_playwright_extractor: ASIN B00KQHJKTY: BSR not found or invalid from page. Attempting fallback from Keepa.
2026-03-14 09:50:10,169 INFO tools.amazon_playwright_extractor: ASIN B00KQHJKTY: BSR 4933 in 'Baby Products 42' from Keepa SalesRankDetailsTable.
2026-03-14 09:50:10,169 INFO tools.amazon_playwright_extractor: ✅ Recorded search method 'EAN' for ASIN B00KQHJKTY
2026-03-14 09:50:10,169 INFO tools.amazon_playwright_extractor: Successfully extracted data for ASIN B00KQHJKTY (EAN on page: 5025416330034)
2026-03-14 09:50:10,171 INFO windows_save_guardian: ? ATOMIC SAVE: amazon_B00KQHJKTY_5025416330034.json (34 entries) saved successfully
2026-03-14 09:50:10,173 INFO windows_save_guardian: ? ATOMIC SAVE: amazon_B00KQHJKTY_5025416330034.json (34 entries) saved successfully
2026-03-14 09:50:10,175 INFO windows_save_guardian: ? ATOMIC SAVE: linking_map.json (2 entries) saved successfully
2026-03-14 09:50:10,175 INFO __main__: Linking map periodic flush: 2 entries
2026-03-14 09:50:10,177 INFO windows_save_guardian: ? ATOMIC SAVE: poundwholesale_co_uk__sandbox__71d4f372_processing_state.json (27 entries) saved successfully
2026-03-14 09:50:10,177 INFO utils.fixed_enhanced_state_manager:  ATOMIC SAVE
2026-03-14 09:50:10,178 INFO tools.amazon_playwright_extractor: Searching Amazon by EAN: 50532492622605053249262246 for supplier product: 'Bin Brite Berry Blast & Citronella Stick-On Bin Freshener CDU Mixed' (FixedAmazonExtractor)
2026-03-14 09:50:10,178 INFO tools.amazon_playwright_extractor: Navigating to Amazon UK to search for EAN: 50532492622605053249262246
2026-03-14 09:50:17,548 INFO tools.amazon_playwright_extractor: Waiting for search results page to load for EAN 50532492622605053249262246...
2026-03-14 09:50:17,892 INFO tools.amazon_playwright_extractor: Found search results container with selector: div.s-search-results
2026-03-14 09:50:18,909 INFO tools.amazon_playwright_extractor: Found 10 search result elements using selector: div[data-component-type='s-search-result']
2026-03-14 09:50:18,909 INFO tools.amazon_playwright_extractor: Processing 10 search result elements for EAN 50532492622605053249262246
2026-03-14 09:50:19,520 INFO tools.amazon_playwright_extractor: 📊 SPONSORED FILTERING RESULTS: 0 organic products, 10 sponsored products filtered out
2026-03-14 09:50:19,520 WARNING tools.amazon_playwright_extractor: EAN 50532492622605053249262246 returned no organic results - skipping
2026-03-14 09:50:19,520 WARNING tools.amazon_playwright_extractor: No Amazon results or error for EAN '50532492622605053249262246'. Details: no_organic_results
2026-03-14 09:50:19,520 INFO tools.amazon_playwright_extractor: Falling back to title search for supplier product: 'Bin Brite Berry Blast & Citronella Stick-On Bin Freshener CDU Mixed'
2026-03-14 09:50:19,520 INFO tools.amazon_playwright_extractor: Searching Amazon by title using search bar: 'Bin Brite Berry Blast & Citronella Stick-On Bin Freshener CDU Mixed'
2026-03-14 09:50:19,521 INFO tools.amazon_playwright_extractor: Navigating to Amazon UK to search for title: Bin Brite Berry Blast & Citronella Stick-On Bin Freshener CDU Mixed
2026-03-14 09:50:27,396 INFO tools.amazon_playwright_extractor: Title search found 70 elements using selector: div.s-search-results > div[data-asin]
2026-03-14 09:50:30,477 WARNING tools.amazon_playwright_extractor: ASIN extraction failed: All 4 fallbacks exhausted
2026-03-14 09:50:31,418 INFO tools.amazon_playwright_extractor: ✅ Title search: Selected first visible organic product - ASIN B0CMMSTQ3R
2026-03-14 09:50:31,418 INFO tools.amazon_playwright_extractor: 🎯 ASIN EXTRACTION SUCCESS: Found 1 ASINs for title search: 'Bin Brite Berry Blast & Citronella Stick-On Bin Freshener CDU Mixed'
2026-03-14 09:50:31,418 INFO tools.amazon_playwright_extractor: Title search successful for 'Bin Brite Berry Blast & Citronella Stick-On Bin Freshener CDU Mixed' after EAN '50532492622605053249262246' failed
2026-03-14 09:50:31,418 INFO tools.amazon_playwright_extractor: Extracting complete data for fallback ASIN B0CMMSTQ3R from title search
2026-03-14 09:50:31,418 WARNING tools.amazon_playwright_extractor: No page object provided to extract_data for ASIN B0CMMSTQ3R. Getting a new one from BrowserManager.
2026-03-14 09:50:31,418 INFO tools.amazon_playwright_extractor: Reusing existing page: https://www.amazon.co.uk/s?k=Bin+Brite+Berry+Blast+%26+Citronella+Stick-On+Bin+Freshener+CDU+Mixed&ref=nb_sb_noss
