2026-03-06 02:12:57,679 - utils.logger - INFO - 🔧 Logging initialised – log file: C:\Users\chris\Desktop\Amazon-FBA-Agent-System-v32 - latest good - Copy (8) - Copy - Copy - POSTLONGRUNPREKIRO2 beforecompletion-\logs\debug\run_custom_efghousewares-co-uk_20260306_021257.log
2026-03-06 02:12:57,679 - __main__ - INFO - 📄 Debug log file: C:\Users\chris\Desktop\Amazon-FBA-Agent-System-v32 - latest good - Copy (8) - Copy - Copy - POSTLONGRUNPREKIRO2 beforecompletion-\logs\debug\run_custom_efghousewares-co-uk_20260306_021257.log
2026-03-06 02:12:57,680 - utils.browser_circuit_breaker - INFO - BrowserCircuitBreaker initialized: threshold=3, timeout=300s
2026-03-06 02:12:57,681 - utils.browser_manager - INFO - ?? BrowserManager singleton initialized with health management
2026-03-06 02:12:58,137 - utils.browser_manager - INFO - ?? Connecting to existing Chrome debug instance on port 9222
2026-03-06 02:12:58,138 - utils.browser_manager - INFO - ?? Per troubleshooting docs: Using existing Chrome debug only
2026-03-06 02:12:58,140 - utils.browser_manager - INFO - ? Chrome debug accessible on IPv6: Chrome/145.0.7632.159
2026-03-06 02:12:58,140 - utils.browser_manager - INFO - ?? Connecting to existing Chrome debug instance...
2026-03-06 02:12:58,142 - utils.browser_manager - DEBUG - ?? Using IPv6 endpoint for CDP connection
2026-03-06 02:12:58,142 - utils.browser_manager - INFO - ?? Using endpoint: http://[::1]:9222
2026-03-06 02:12:58,193 - utils.browser_manager - INFO - ? Successfully connected to existing Chrome debug instance
2026-03-06 02:12:58,193 - utils.browser_manager - INFO - ?? Using existing context with 1 pages
2026-03-06 02:12:58,193 - utils.browser_manager - INFO - ?? Connected to existing Chrome: 145.0.7632.159
2026-03-06 02:12:58,194 - utils.browser_manager - DEBUG - ? Browser connection healthy - version: healthy
2026-03-06 02:12:58,194 - utils.browser_manager - INFO - ?? Reusing existing page in persistent context.
2026-03-06 02:12:58,194 - __main__ - INFO - 🔐 Checking supplier authentication status...
2026-03-06 02:13:15,607 - tools.efghousewares.supplier_authentication_service - INFO - ❌ User is not authenticated (redirected to login)
2026-03-06 02:13:15,608 - __main__ - INFO - ✅ Using credentials for efghousewares.co.uk
2026-03-06 02:13:15,609 - tools.efghousewares.supplier_authentication_service - INFO - 🔄 Starting login process for info@theblacksmithmarket.com...
2026-03-06 02:13:17,020 - tools.efghousewares.supplier_authentication_service - INFO - ⏳ Waiting for login form...
2026-03-06 02:13:17,096 - tools.efghousewares.supplier_authentication_service - INFO - ✏️  Entering username...
2026-03-06 02:13:17,301 - tools.efghousewares.supplier_authentication_service - INFO - ✏️  Entering password...
2026-03-06 02:13:17,473 - tools.efghousewares.supplier_authentication_service - INFO - 🖱️  Clicking login button...
2026-03-06 02:13:18,705 - tools.efghousewares.supplier_authentication_service - INFO - ⏳ Waiting for login response...
2026-03-06 02:13:37,513 - tools.efghousewares.supplier_authentication_service - INFO - 🔎 Verifying price access via test product: https://www.efghousewares.co.uk/baltus-night-lights-8hrs-white-pk50
2026-03-06 02:13:44,322 - __main__ - INFO - 🧠 Keeping browser persistent for next run - not calling cleanup()
2026-03-06 02:13:44,345 - utils.browser_manager - WARNING - Error during global cleanup: no running event loop
