2025-08-28 10:57:17,854 - utils.logger - INFO - 🔧 Logging initialised – log file: C:\Users\chris\Desktop\Amazon-FBA-Agent-System-v32 - latest good - Copy (8) - Copy - Copy - POSTLONGRUNPREKIRO2 beforecompletion-\logs\debug\run_custom_poundwholesale_20250828_105717.log
2025-08-28 10:57:17,855 - __main__ - INFO - 📋 Debug log file: C:\Users\chris\Desktop\Amazon-FBA-Agent-System-v32 - latest good - Copy (8) - Copy - Copy - POSTLONGRUNPREKIRO2 beforecompletion-\logs\debug\run_custom_poundwholesale_20250828_105717.log
2025-08-28 10:57:17,855 - __main__ - DEBUG - Debug logging initialized - full system execution details will be captured
2025-08-28 10:57:17,856 - utils.browser_circuit_breaker - INFO - BrowserCircuitBreaker initialized: threshold=3, timeout=300s
2025-08-28 10:57:17,860 - utils.browser_manager - INFO - 🔧 BrowserManager singleton initialized with health management
2025-08-28 10:57:18,424 - utils.browser_manager - INFO - 🔌 Connecting to persistent Chrome on debug port 9222 (headless: False)
2025-08-28 10:57:32,443 - utils.browser_manager - WARNING - ⚠️ Could not connect to existing Chrome: BrowserType.connect_over_cdp: socket hang up
Call log:
  - <ws preparing> retrieving websocket url from http://localhost:9222

2025-08-28 10:57:32,445 - utils.browser_manager - INFO - 🔄 Chrome version compatibility issue detected - using Playwright's bundled Chromium
2025-08-28 10:57:32,445 - utils.browser_manager - INFO - 🚀 Launching Playwright's bundled Chromium (headless: False)
2025-08-28 10:57:32,674 - utils.browser_manager - INFO - ✅ Launched Playwright's bundled Chromium (headless: False)
2025-08-28 10:57:32,693 - utils.browser_manager - INFO - 📄 Created new browser context
2025-08-28 10:57:32,694 - utils.browser_manager - INFO - ✅ Browser ready (headless: False)
2025-08-28 10:57:32,698 - utils.browser_manager - DEBUG - ✅ Browser connection healthy - version: healthy
2025-08-28 10:57:32,870 - utils.browser_manager - INFO - 📄 Created new page in context.
2025-08-28 10:57:32,870 - __main__ - INFO - 🔐 Initializing authentication service for logout detection...
2025-08-28 10:57:32,876 - __main__ - INFO - ✅ Using hardcoded credentials for poundwholesale.co.uk
2025-08-28 10:57:32,885 - __main__ - INFO - 🌐 Connecting to existing Chrome debug port 9222 for authentication...
2025-08-28 10:57:36,657 - __main__ - INFO - 🌐 Keeping browser persistent for next run - not closing browser
2025-08-28 10:57:36,663 - utils.browser_manager - WARNING - Error during global cleanup: no running event loop
