2026-02-12 06:24:12,349 - utils.logger - INFO - 🔧 Logging initialised – log file: C:\Users\chris\Desktop\Amazon-FBA-Agent-System-v32 - latest good - Copy (8) - Copy - Copy - POSTLONGRUNPREKIRO2 beforecompletion-\logs\debug\run_custom_clearance-king-co-uk_20260212_062412.log
2026-02-12 06:24:12,350 - __main__ - INFO - 📋 Debug log file: C:\Users\chris\Desktop\Amazon-FBA-Agent-System-v32 - latest good - Copy (8) - Copy - Copy - POSTLONGRUNPREKIRO2 beforecompletion-\logs\debug\run_custom_clearance-king-co-uk_20260212_062412.log
2026-02-12 06:24:12,350 - __main__ - DEBUG - Debug logging initialized - full system execution details will be captured
2026-02-12 06:24:12,351 - utils.browser_circuit_breaker - INFO - BrowserCircuitBreaker initialized: threshold=3, timeout=300s
2026-02-12 06:24:12,351 - utils.browser_manager - INFO - ?? BrowserManager singleton initialized with health management
2026-02-12 06:24:12,748 - utils.browser_manager - INFO - ?? Connecting to existing Chrome debug instance on port 9222
2026-02-12 06:24:12,748 - utils.browser_manager - INFO - ?? Per troubleshooting docs: Using existing Chrome debug only
2026-02-12 06:24:14,788 - utils.browser_manager - DEBUG - ?? IPv6 connection failed: Cannot connect to host ::1:9222 ssl:default [The remote computer refused the network connection]
2026-02-12 06:24:14,793 - utils.browser_manager - INFO - ? Chrome debug accessible on IPv4: Chrome/144.0.7559.133
2026-02-12 06:24:14,793 - utils.browser_manager - INFO - ?? Connecting to existing Chrome debug instance...
2026-02-12 06:24:16,837 - utils.browser_manager - DEBUG - ?? Using IPv4 endpoint for CDP connection
2026-02-12 06:24:16,837 - utils.browser_manager - INFO - ?? Using endpoint: http://localhost:9222
2026-02-12 06:24:16,912 - utils.browser_manager - INFO - ? Successfully connected to existing Chrome debug instance
2026-02-12 06:24:16,912 - utils.browser_manager - INFO - ?? Using existing context with 1 pages
2026-02-12 06:24:16,912 - utils.browser_manager - INFO - ?? Connected to existing Chrome: 144.0.7559.133
2026-02-12 06:24:16,913 - utils.browser_manager - DEBUG - ? Browser connection healthy - version: healthy
2026-02-12 06:24:16,913 - utils.browser_manager - INFO - ?? Reusing existing page in persistent context.
2026-02-12 06:24:16,913 - __main__ - INFO - 🔐 Initializing Clearance King authentication helper...
2026-02-12 06:24:16,913 - __main__ - ERROR - 🚨 Credentials for clearance-king.co.uk not found in config. Exiting.
2026-02-12 06:24:16,914 - __main__ - WARNING - ⚠️ Browser cleanup warning: 'BrowserManager' object has no attribute 'cleanup'
2026-02-12 06:24:16,916 - utils.browser_manager - WARNING - Error during global cleanup: no running event loop
