2025-09-04 22:28:53,396 - utils.logger - INFO - 🔧 Logging initialised – log file: C:\Users\chris\Desktop\Amazon-FBA-Agent-System-v32 - latest good - Copy (8) - Copy - Copy - POSTLONGRUNPREKIRO2 beforecompletion-\logs\debug\run_custom_poundwholesale_20250904_222853.log
2025-09-04 22:28:53,397 - __main__ - INFO - 📋 Debug log file: C:\Users\chris\Desktop\Amazon-FBA-Agent-System-v32 - latest good - Copy (8) - Copy - Copy - POSTLONGRUNPREKIRO2 beforecompletion-\logs\debug\run_custom_poundwholesale_20250904_222853.log
2025-09-04 22:28:53,397 - __main__ - DEBUG - Debug logging initialized - full system execution details will be captured
2025-09-04 22:28:53,398 - __main__ - INFO - ✅ System configuration loaded: 24 settings
2025-09-04 22:28:53,401 - __main__ - INFO - 🔧 Workflow configuration: {'use_predefined_categories': True, 'mode': 'hybrid_processing'}
2025-09-04 22:28:53,402 - utils.browser_circuit_breaker - INFO - BrowserCircuitBreaker initialized: threshold=3, timeout=300s
2025-09-04 22:28:53,402 - utils.browser_manager - INFO - 🔧 BrowserManager singleton initialized with health management
2025-09-04 22:28:54,053 - utils.browser_manager - INFO - 🔌 Connecting to existing Chrome debug instance on port 9222
2025-09-04 22:28:54,053 - utils.browser_manager - INFO - 📜 Per troubleshooting docs: Using existing Chrome debug only
2025-09-04 22:28:54,055 - utils.browser_manager - INFO - ✅ Chrome debug accessible on IPv6: Chrome/139.0.7258.155
2025-09-04 22:28:54,055 - utils.browser_manager - INFO - 🔌 Connecting to existing Chrome debug instance...
2025-09-04 22:28:54,057 - utils.browser_manager - DEBUG - 🌐 Using IPv6 endpoint for CDP connection
2025-09-04 22:28:54,057 - utils.browser_manager - INFO - 🌐 Using endpoint: http://[::1]:9222
2025-09-04 22:28:54,183 - utils.browser_manager - INFO - ✅ Successfully connected to existing Chrome debug instance
2025-09-04 22:28:54,184 - utils.browser_manager - INFO - 📄 Using existing context with 1 pages
2025-09-04 22:28:54,184 - utils.browser_manager - INFO - 🔍 Connected to existing Chrome: 139.0.7258.155
2025-09-04 22:28:54,184 - utils.browser_manager - DEBUG - ✅ Browser connection healthy - version: healthy
2025-09-04 22:28:54,184 - utils.browser_manager - INFO - ♻️ Reusing existing page in persistent context.
2025-09-04 22:28:54,190 - utils.browser_manager - DEBUG - Brought reused page to front for visibility
2025-09-04 22:28:54,190 - __main__ - INFO - ✅ Browser initialized successfully
2025-09-04 22:28:54,190 - PassiveExtractionWorkflow - INFO - MODULE PATH: C:\Users\chris\Desktop\Amazon-FBA-Agent-System-v32 - latest good - Copy (8) - Copy - Copy - POSTLONGRUNPREKIRO2 beforecompletion-\tools\passive_extraction_workflow_latest.py
2025-09-04 22:28:54,190 - PassiveExtractionWorkflow - INFO - 🔍 DEBUG: output_dir = 'C:\Users\chris\Desktop\Amazon-FBA-Agent-System-v32 - latest good - Copy (8) - Copy - Copy - POSTLONGRUNPREKIRO2 beforecompletion-\OUTPUTS'
2025-09-04 22:28:54,190 - PassiveExtractionWorkflow - INFO - 🔍 DEBUG: supplier_cache_dir = 'C:\Users\chris\Desktop\Amazon-FBA-Agent-System-v32 - latest good - Copy (8) - Copy - Copy - POSTLONGRUNPREKIRO2 beforecompletion-\OUTPUTS\cached_products'
2025-09-04 22:28:54,190 - PassiveExtractionWorkflow - INFO - ✅ Created supplier cache directory: C:\Users\chris\Desktop\Amazon-FBA-Agent-System-v32 - latest good - Copy (8) - Copy - Copy - POSTLONGRUNPREKIRO2 beforecompletion-\OUTPUTS\cached_products
2025-09-04 22:28:54,191 - PassiveExtractionWorkflow - INFO - ✅ Created amazon cache directory: C:\Users\chris\Desktop\Amazon-FBA-Agent-System-v32 - latest good - Copy (8) - Copy - Copy - POSTLONGRUNPREKIRO2 beforecompletion-\OUTPUTS\FBA_ANALYSIS\amazon_cache
2025-09-04 22:28:54,191 - __main__ - ERROR - ❌ Workflow failed: 'NoneType' object has no attribute 'replace'
2025-09-04 22:28:54,191 - __main__ - INFO - 🌐 Keeping browser persistent for next run - not closing browser
2025-09-04 22:28:54,199 - utils.browser_manager - WARNING - Error during global cleanup: no running event loop
