2025-09-26 14:32:06,882 - utils.logger - INFO - 🔧 Logging initialised – log file: C:\Users\chris\Desktop\Amazon-FBA-Agent-System-v32 - latest good - Copy (8) - Copy - Copy - POSTLONGRUNPREKIRO2 beforecompletion-\logs\debug\run_custom_poundwholesale_20250926_143206.log
2025-09-26 14:32:06,888 - utils.browser_circuit_breaker - INFO - BrowserCircuitBreaker initialized: threshold=3, timeout=300s
2025-09-26 14:32:06,888 - utils.browser_manager - INFO - ?? BrowserManager singleton initialized with health management
2025-09-26 14:32:06,888 - selective_asin_processor - INFO - Initializing Amazon extractor...
2025-09-26 14:32:06,888 - tools.amazon_playwright_extractor - WARNING - ?? BrowserCircuitBreaker not available - health management disabled
2025-09-26 14:32:06,889 - tools.amazon_playwright_extractor - INFO - AI features disabled in amazon_playwright_extractor - using only traditional selectors.
2025-09-26 14:32:06,889 - tools.amazon_playwright_extractor - INFO - Output directory set to: C:\Users\chris\Desktop\Amazon-FBA-Agent-System-v32 - latest good - Copy (8) - Copy - Copy - POSTLONGRUNPREKIRO2 beforecompletion-\OUTPUTS\CACHE\amazon_data
2025-09-26 14:32:06,889 - tools.amazon_playwright_extractor - INFO - ?? AmazonExtractor will use centralized BrowserManager
2025-09-26 14:32:06,889 - selective_asin_processor - INFO - Amazon extractor initialized successfully
2025-09-26 14:32:06,889 - selective_asin_processor - INFO - Starting selective processing of 1933 linking map entries
2025-09-26 14:32:06,889 - selective_asin_processor - INFO - [1] Processing: 5010792236995_B0DWDRZDZC
2025-09-26 14:32:06,889 - selective_asin_processor - INFO - [1] Skipping 5010792236995_B0DWDRZDZC - Recent cache exists (2.5h old)
2025-09-26 14:32:06,889 - selective_asin_processor - INFO - [2] Processing: 5060082934117_B0D7VWC1XH
2025-09-26 14:32:06,889 - selective_asin_processor - INFO - [2] Skipping 5060082934117_B0D7VWC1XH - Recent cache exists (2.4h old)
2025-09-26 14:32:06,890 - selective_asin_processor - INFO - [3] Processing: NO_EAN_B0DVRVCSJH
2025-09-26 14:32:06,890 - selective_asin_processor - INFO - [3] Skipping NO_EAN_B0DVRVCSJH - Recent cache exists (2.4h old)
2025-09-26 14:32:06,890 - selective_asin_processor - INFO - [4] Processing: 5022822122307_B00P95S0XK
2025-09-26 14:32:06,890 - selective_asin_processor - INFO - [4] Skipping 5022822122307_B00P95S0XK - Recent cache exists (1.5h old)
2025-09-26 14:32:06,890 - selective_asin_processor - INFO - [5] Processing: NO_EAN_B0D93WCTP4
2025-09-26 14:32:06,890 - selective_asin_processor - INFO - [5] Skipping NO_EAN_B0D93WCTP4 - Recent cache exists (1.5h old)
2025-09-26 14:32:06,890 - selective_asin_processor - INFO - [6] Processing: NO_EAN_B0DZTDQY91
2025-09-26 14:32:06,890 - selective_asin_processor - INFO - [6] Skipping NO_EAN_B0DZTDQY91 - Recent cache exists (1.5h old)
2025-09-26 14:32:06,890 - selective_asin_processor - INFO - [7] Processing: 2019032701531_B07K1LXR3G
2025-09-26 14:32:06,890 - selective_asin_processor - INFO - [7] Skipping 2019032701531_B07K1LXR3G - Recent cache exists (1.5h old)
2025-09-26 14:32:06,890 - selective_asin_processor - INFO - [8] Processing: 5038673232522_B07BSQB5TH
2025-09-26 14:32:06,891 - selective_asin_processor - INFO - [8] Skipping 5038673232522_B07BSQB5TH - Recent cache exists (1.4h old)
2025-09-26 14:32:06,891 - selective_asin_processor - INFO - [9] Processing: NO_EAN_B0C5M2BTRY
2025-09-26 14:32:06,891 - selective_asin_processor - INFO - [9] Skipping NO_EAN_B0C5M2BTRY - Recent cache exists (1.4h old)
2025-09-26 14:32:06,891 - selective_asin_processor - INFO - [10] Processing: 5060082932564_B08QGYQPF4
2025-09-26 14:32:06,891 - selective_asin_processor - INFO - [10] Skipping 5060082932564_B08QGYQPF4 - Recent cache exists (1.4h old)
2025-09-26 14:32:06,891 - selective_asin_processor - INFO - Progress: 10/1933 entries processed
2025-09-26 14:32:06,891 - selective_asin_processor - INFO - [11] Processing: 5050375087323_B07HRWGWWB
2025-09-26 14:32:06,891 - selective_asin_processor - INFO - [11] Skipping 5050375087323_B07HRWGWWB - Recent cache exists (22.8h old)
2025-09-26 14:32:06,891 - selective_asin_processor - INFO - [12] Processing: 5060082934001_B08QGYQPF4
2025-09-26 14:32:06,891 - selective_asin_processor - INFO - [12] Skipping 5060082934001_B08QGYQPF4 - Recent cache exists (1.4h old)
2025-09-26 14:32:06,891 - selective_asin_processor - INFO - [13] Processing: 5053249003818_B0D45KGWJC
2025-09-26 14:32:06,891 - selective_asin_processor - INFO - [13] Skipping 5053249003818_B0D45KGWJC - Recent cache exists (1.4h old)
2025-09-26 14:32:06,892 - selective_asin_processor - INFO - [14] Processing: 5053249246680_B0DCKGMTYZ
2025-09-26 14:32:06,892 - selective_asin_processor - INFO - [14] Skipping 5053249246680_B0DCKGMTYZ - Recent cache exists (1.4h old)
2025-09-26 14:32:06,892 - selective_asin_processor - INFO - [15] Processing: 5053249226194_B07FZ32CN3
2025-09-26 14:32:06,892 - selective_asin_processor - INFO - [15] Skipping 5053249226194_B07FZ32CN3 - Recent cache exists (1.4h old)
2025-09-26 14:32:06,892 - selective_asin_processor - INFO - [16] Processing: 5053249240404_B0CX3C8TF5
2025-09-26 14:32:06,892 - selective_asin_processor - INFO - [16] Skipping 5053249240404_B0CX3C8TF5 - Recent cache exists (1.4h old)
2025-09-26 14:32:06,892 - selective_asin_processor - INFO - [17] Processing: 5053249226156_B07K63GKH9
2025-09-26 14:32:06,892 - selective_asin_processor - INFO - [17] Skipping 5053249226156_B07K63GKH9 - Recent cache exists (1.4h old)
2025-09-26 14:32:06,892 - selective_asin_processor - INFO - [18] Processing: 5053249257808_B0C5JRLDMG
2025-09-26 14:32:06,892 - selective_asin_processor - INFO - [18] Skipping 5053249257808_B0C5JRLDMG - Recent cache exists (1.4h old)
2025-09-26 14:32:06,892 - selective_asin_processor - INFO - [19] Processing: 5013748046730_B004TXJH9Y
2025-09-26 14:32:06,892 - selective_asin_processor - INFO - [19] Skipping 5013748046730_B004TXJH9Y - Recent cache exists (1.3h old)
2025-09-26 14:32:06,892 - selective_asin_processor - INFO - [20] Processing: 5053249223582_B07MX5WCQ4
2025-09-26 14:32:06,893 - selective_asin_processor - INFO - [20] Skipping 5053249223582_B07MX5WCQ4 - Recent cache exists (1.3h old)
2025-09-26 14:32:06,893 - selective_asin_processor - INFO - Progress: 20/1933 entries processed
2025-09-26 14:32:06,893 - selective_asin_processor - INFO - [21] Processing: 5053249229690_B07HPDZ4SX
2025-09-26 14:32:06,893 - selective_asin_processor - INFO - [21] Skipping 5053249229690_B07HPDZ4SX - Recent cache exists (1.3h old)
2025-09-26 14:32:06,893 - selective_asin_processor - INFO - [22] Processing: 5053249233130_B084JNN26Q
2025-09-26 14:32:06,893 - selective_asin_processor - INFO - [22] Skipping 5053249233130_B084JNN26Q - Recent cache exists (1.3h old)
2025-09-26 14:32:06,893 - selective_asin_processor - INFO - [23] Processing: 5050375046863_B004LGLNGE
2025-09-26 14:32:06,893 - selective_asin_processor - INFO - [23] Skipping 5050375046863_B004LGLNGE - Recent cache exists (1.3h old)
2025-09-26 14:32:06,893 - selective_asin_processor - INFO - [24] Processing: 5053249215044_B098P62161
2025-09-26 14:32:06,893 - selective_asin_processor - INFO - [24] Skipping 5053249215044_B098P62161 - Recent cache exists (1.3h old)
2025-09-26 14:32:06,893 - selective_asin_processor - INFO - [25] Processing: 5053249234939_B0F8BJX46Z
2025-09-26 14:32:06,893 - selective_asin_processor - INFO - [25] Skipping 5053249234939_B0F8BJX46Z - Recent cache exists (1.3h old)
2025-09-26 14:32:06,894 - selective_asin_processor - INFO - [26] Processing: 5053249247489_B0BMFV77MD
2025-09-26 14:32:06,894 - selective_asin_processor - INFO - [26] Skipping 5053249247489_B0BMFV77MD - Recent cache exists (1.3h old)
2025-09-26 14:32:06,894 - selective_asin_processor - INFO - [27] Processing: 5050375085640_B002WB724C
2025-09-26 14:32:06,894 - selective_asin_processor - INFO - [27] Skipping 5050375085640_B002WB724C - Recent cache exists (1.3h old)
2025-09-26 14:32:06,894 - selective_asin_processor - INFO - [28] Processing: 5053249241203_B09Q6KS79G
2025-09-26 14:32:06,894 - selective_asin_processor - INFO - [28] Skipping 5053249241203_B09Q6KS79G - Recent cache exists (1.3h old)
2025-09-26 14:32:06,894 - selective_asin_processor - INFO - [29] Processing: 5050375086487_B000OLDX4U
2025-09-26 14:32:06,894 - selective_asin_processor - INFO - [29] Skipping 5050375086487_B000OLDX4U - Recent cache exists (1.2h old)
2025-09-26 14:32:06,894 - selective_asin_processor - INFO - [30] Processing: 5053249226095_B07H2JK676
2025-09-26 14:32:06,895 - selective_asin_processor - INFO - [30] Skipping 5053249226095_B07H2JK676 - Recent cache exists (1.2h old)
2025-09-26 14:32:06,895 - selective_asin_processor - INFO - Progress: 30/1933 entries processed
2025-09-26 14:32:06,895 - selective_asin_processor - INFO - [31] Processing: 5050375000254_B005YEMNYS
2025-09-26 14:32:06,895 - selective_asin_processor - INFO - [31] Skipping 5050375000254_B005YEMNYS - Recent cache exists (1.2h old)
2025-09-26 14:32:06,895 - selective_asin_processor - INFO - [32] Processing: 5050375050235_B0F74LWJSS
2025-09-26 14:32:06,895 - selective_asin_processor - INFO - [32] Skipping 5050375050235_B0F74LWJSS - Recent cache exists (1.2h old)
2025-09-26 14:32:06,895 - selective_asin_processor - INFO - [33] Processing: 5053249281339_B0FD3NKY16
2025-09-26 14:32:06,895 - selective_asin_processor - INFO - [33] Skipping 5053249281339_B0FD3NKY16 - Recent cache exists (1.2h old)
2025-09-26 14:32:06,895 - selective_asin_processor - INFO - [34] Processing: 5055665501244_B0DM59WZY4
2025-09-26 14:32:06,895 - selective_asin_processor - INFO - [34] Skipping 5055665501244_B0DM59WZY4 - Recent cache exists (1.2h old)
2025-09-26 14:32:06,895 - selective_asin_processor - INFO - [35] Processing: 5055665501237_B09PBLHFXY
2025-09-26 14:32:06,895 - selective_asin_processor - INFO - [35] Skipping 5055665501237_B09PBLHFXY - Recent cache exists (1.2h old)
2025-09-26 14:32:06,895 - selective_asin_processor - INFO - [36] Processing: 5060082935183_B0CM69YZ1L
2025-09-26 14:32:06,896 - selective_asin_processor - INFO - [36] Skipping 5060082935183_B0CM69YZ1L - Recent cache exists (1.2h old)
2025-09-26 14:32:06,896 - selective_asin_processor - INFO - [37] Processing: 5060082931291_B01CP6A1T6
2025-09-26 14:32:06,896 - selective_asin_processor - INFO - [37] Skipping 5060082931291_B01CP6A1T6 - Recent cache exists (1.2h old)
2025-09-26 14:32:06,896 - selective_asin_processor - INFO - [38] Processing: 5060082931307_B01CP6AE84
2025-09-26 14:32:06,896 - selective_asin_processor - INFO - [38] Skipping 5060082931307_B01CP6AE84 - Recent cache exists (1.2h old)
2025-09-26 14:32:06,896 - selective_asin_processor - INFO - [39] Processing: 5060082932649_B09YVGPKLK
2025-09-26 14:32:06,896 - selective_asin_processor - INFO - [39] Skipping 5060082932649_B09YVGPKLK - Recent cache exists (1.2h old)
2025-09-26 14:32:06,896 - selective_asin_processor - INFO - [40] Processing: 5038673410203_B0DFHBPMQT
2025-09-26 14:32:06,896 - selective_asin_processor - INFO - [40] Skipping 5038673410203_B0DFHBPMQT - Recent cache exists (6.6h old)
2025-09-26 14:32:06,896 - selective_asin_processor - INFO - Progress: 40/1933 entries processed
2025-09-26 14:32:06,896 - selective_asin_processor - INFO - [41] Processing: 5038673410241_B09R7X9PNF
2025-09-26 14:32:06,896 - selective_asin_processor - INFO - [41] Skipping 5038673410241_B09R7X9PNF - Recent cache exists (1.1h old)
2025-09-26 14:32:06,896 - selective_asin_processor - INFO - [42] Processing: 5038673230955_B00EU8V0CA
2025-09-26 14:32:06,896 - selective_asin_processor - INFO - [42] Skipping 5038673230955_B00EU8V0CA - Recent cache exists (1.1h old)
2025-09-26 14:32:06,896 - selective_asin_processor - INFO - [43] Processing: 5038673540597_B09PY8WQHJ
2025-09-26 14:32:06,897 - selective_asin_processor - INFO - [43] Skipping 5038673540597_B09PY8WQHJ - Recent cache exists (1.1h old)
2025-09-26 14:32:06,897 - selective_asin_processor - INFO - [44] Processing: 5038673413273_B0CP3N9PLK
2025-09-26 14:32:06,897 - selective_asin_processor - INFO - [44] Skipping 5038673413273_B0CP3N9PLK - Recent cache exists (1.1h old)
2025-09-26 14:32:06,897 - selective_asin_processor - INFO - [45] Processing: 5016574127000_B008YD3UVG
2025-09-26 14:32:06,897 - selective_asin_processor - INFO - [45] Skipping 5016574127000_B008YD3UVG - Recent cache exists (1.1h old)
2025-09-26 14:32:06,897 - selective_asin_processor - INFO - [46] Processing: 5038673683164_B01N90388O
2025-09-26 14:32:06,897 - selective_asin_processor - INFO - [46] Skipping 5038673683164_B01N90388O - Recent cache exists (1.1h old)
2025-09-26 14:32:06,897 - selective_asin_processor - INFO - [47] Processing: 5060082930041_B01CP6A1LY
2025-09-26 14:32:06,897 - selective_asin_processor - INFO - [47] Skipping 5060082930041_B01CP6A1LY - Recent cache exists (1.1h old)
2025-09-26 14:32:06,897 - selective_asin_processor - INFO - [48] Processing: 5000159302616_1548667986
2025-09-26 14:32:06,897 - selective_asin_processor - INFO - [48] Skipping 5000159302616_1548667986 - Recent cache exists (1.1h old)
2025-09-26 14:32:06,897 - selective_asin_processor - INFO - [49] Processing: 5013922044910_B0725JXMGP
2025-09-26 14:32:06,897 - selective_asin_processor - INFO - [49] Skipping 5013922044910_B0725JXMGP - Recent cache exists (1.1h old)
2025-09-26 14:32:06,897 - selective_asin_processor - INFO - [50] Processing: 5000159303248_B09HR1SV6C
2025-09-26 14:32:06,898 - selective_asin_processor - INFO - [50] Skipping 5000159303248_B09HR1SV6C - Recent cache exists (1.1h old)
2025-09-26 14:32:06,898 - selective_asin_processor - INFO - Progress: 50/1933 entries processed
2025-09-26 14:32:06,898 - selective_asin_processor - INFO - [51] Processing: 5012128019456_B005IZD0A4
2025-09-26 14:32:06,898 - selective_asin_processor - INFO - [51] Skipping 5012128019456_B005IZD0A4 - Recent cache exists (1.1h old)
2025-09-26 14:32:06,898 - selective_asin_processor - INFO - [52] Processing: 5012128596056_B004QFI99Y
2025-09-26 14:32:06,898 - selective_asin_processor - INFO - [52] Skipping 5012128596056_B004QFI99Y - Recent cache exists (1.0h old)
2025-09-26 14:32:06,898 - selective_asin_processor - INFO - [53] Processing: 5012128552038_B08FF1X37M
2025-09-26 14:32:06,898 - selective_asin_processor - INFO - [53] Skipping 5012128552038_B08FF1X37M - Recent cache exists (1.0h old)
2025-09-26 14:32:06,898 - selective_asin_processor - INFO - [54] Processing: 5012128089435_B003QH6OCC
2025-09-26 14:32:06,898 - selective_asin_processor - INFO - [54] Skipping 5012128089435_B003QH6OCC - Recent cache exists (1.0h old)
2025-09-26 14:32:06,898 - selective_asin_processor - INFO - [55] Processing: 5012128321047_B007FSUS0W
2025-09-26 14:32:06,898 - selective_asin_processor - INFO - [55] Skipping 5012128321047_B007FSUS0W - Recent cache exists (1.0h old)
2025-09-26 14:32:06,898 - selective_asin_processor - INFO - [56] Processing: 5012128531743_B082YWZV6W
2025-09-26 14:32:06,899 - selective_asin_processor - INFO - [56] Skipping 5012128531743_B082YWZV6W - Recent cache exists (1.0h old)
2025-09-26 14:32:06,899 - selective_asin_processor - INFO - [57] Processing: 5012128413681_B001CM02ZS
2025-09-26 14:32:06,899 - selective_asin_processor - INFO - [57] Skipping 5012128413681_B001CM02ZS - Recent cache exists (1.0h old)
2025-09-26 14:32:06,899 - selective_asin_processor - INFO - [58] Processing: 5012128531798_B07N96FPVB
2025-09-26 14:32:06,899 - selective_asin_processor - INFO - [58] Skipping 5012128531798_B07N96FPVB - Recent cache exists (1.0h old)
2025-09-26 14:32:06,899 - selective_asin_processor - INFO - [59] Processing: 5012128465215_B0D5MLNZP1
2025-09-26 14:32:06,899 - selective_asin_processor - INFO - [59] Skipping 5012128465215_B0D5MLNZP1 - Recent cache exists (1.0h old)
2025-09-26 14:32:06,899 - selective_asin_processor - INFO - [60] Processing: 5012128544545_B07TCNH5MH
2025-09-26 14:32:06,899 - selective_asin_processor - INFO - [60] Skipping 5012128544545_B07TCNH5MH - Recent cache exists (1.0h old)
2025-09-26 14:32:06,899 - selective_asin_processor - INFO - Progress: 60/1933 entries processed
2025-09-26 14:32:06,899 - selective_asin_processor - INFO - [61] Processing: 5060082934049_B0CNS61G6Z
2025-09-26 14:32:06,899 - selective_asin_processor - INFO - [61] Skipping 5060082934049_B0CNS61G6Z - Recent cache exists (1.0h old)
2025-09-26 14:32:06,899 - selective_asin_processor - INFO - [62] Processing: 5012128415951_B01B7PKQGY
2025-09-26 14:32:06,900 - selective_asin_processor - INFO - [62] Skipping 5012128415951_B01B7PKQGY - Recent cache exists (0.9h old)
2025-09-26 14:32:06,900 - selective_asin_processor - INFO - [63] Processing: 5012128082849_B002PTK450
2025-09-26 14:32:06,900 - selective_asin_processor - INFO - [63] Skipping 5012128082849_B002PTK450 - Recent cache exists (0.9h old)
2025-09-26 14:32:06,900 - selective_asin_processor - INFO - [64] Processing: 5012128320378_B007IJPRY0
2025-09-26 14:32:06,900 - selective_asin_processor - INFO - [64] Skipping 5012128320378_B007IJPRY0 - Recent cache exists (0.9h old)
2025-09-26 14:32:06,900 - selective_asin_processor - INFO - [65] Processing: 5012128531750_B0D8YWLKQZ
2025-09-26 14:32:06,900 - selective_asin_processor - INFO - [65] Skipping 5012128531750_B0D8YWLKQZ - Recent cache exists (0.9h old)
2025-09-26 14:32:06,900 - selective_asin_processor - INFO - [66] Processing: 5012128537707_B07JVK5JFS
2025-09-26 14:32:06,900 - selective_asin_processor - INFO - [66] Skipping 5012128537707_B07JVK5JFS - Recent cache exists (0.9h old)
2025-09-26 14:32:06,900 - selective_asin_processor - INFO - [67] Processing: 5055056770891_B09SLPR7T8
2025-09-26 14:32:06,901 - selective_asin_processor - INFO - [67] Skipping 5055056770891_B09SLPR7T8 - Recent cache exists (0.9h old)
2025-09-26 14:32:06,901 - selective_asin_processor - INFO - [68] Processing: 5055279104879_B0FGTX8NVW
2025-09-26 14:32:06,901 - selective_asin_processor - INFO - [68] Skipping 5055279104879_B0FGTX8NVW - Recent cache exists (0.9h old)
2025-09-26 14:32:06,901 - selective_asin_processor - INFO - [69] Processing: 5055279104886_B0FFM8TWFH
2025-09-26 14:32:06,901 - selective_asin_processor - INFO - [69] Skipping 5055279104886_B0FFM8TWFH - Recent cache exists (0.9h old)
2025-09-26 14:32:06,901 - selective_asin_processor - INFO - [70] Processing: 5060071385937_B0F9DWQ1C1
2025-09-26 14:32:06,901 - selective_asin_processor - INFO - [70] Skipping 5060071385937_B0F9DWQ1C1 - Recent cache exists (0.9h old)
2025-09-26 14:32:06,901 - selective_asin_processor - INFO - Progress: 70/1933 entries processed
2025-09-26 14:32:06,901 - selective_asin_processor - INFO - [71] Processing: 5060071385951_B0DJ4LT39Y
2025-09-26 14:32:06,901 - selective_asin_processor - INFO - [71] Skipping 5060071385951_B0DJ4LT39Y - Recent cache exists (0.9h old)
2025-09-26 14:32:06,901 - selective_asin_processor - INFO - [72] Processing: 5060071385975_B0F9DWQ1C1
2025-09-26 14:32:06,901 - selective_asin_processor - INFO - [72] Skipping 5060071385975_B0F9DWQ1C1 - Recent cache exists (0.9h old)
2025-09-26 14:32:06,901 - selective_asin_processor - INFO - [73] Processing: 5060071385449_B0DTPB2VQK
2025-09-26 14:32:06,901 - selective_asin_processor - INFO - [73] Skipping 5060071385449_B0DTPB2VQK - Recent cache exists (0.8h old)
2025-09-26 14:32:06,902 - selective_asin_processor - INFO - [74] Processing: 5060082938955_1985377845
2025-09-26 14:32:06,902 - selective_asin_processor - INFO - [74] Skipping 5060082938955_1985377845 - Recent cache exists (0.8h old)
2025-09-26 14:32:06,902 - selective_asin_processor - INFO - [75] Processing: 5413247031600_B087JBF4ZB
2025-09-26 14:32:06,902 - selective_asin_processor - INFO - [75] Skipping 5413247031600_B087JBF4ZB - Recent cache exists (0.8h old)
2025-09-26 14:32:06,902 - selective_asin_processor - INFO - [76] Processing: 5060665750011_B09TLDM17X
2025-09-26 14:32:06,902 - selective_asin_processor - INFO - [76] Skipping 5060665750011_B09TLDM17X - Recent cache exists (0.8h old)
2025-09-26 14:32:06,902 - selective_asin_processor - INFO - [77] Processing: 5055319517447_B09GKV83JG
2025-09-26 14:32:06,902 - selective_asin_processor - INFO - [77] Skipping 5055319517447_B09GKV83JG - Recent cache exists (0.8h old)
2025-09-26 14:32:06,902 - selective_asin_processor - INFO - [78] Processing: 5056055319777_B0FB8PVD6L
2025-09-26 14:32:06,902 - selective_asin_processor - INFO - [78] Skipping 5056055319777_B0FB8PVD6L - Recent cache exists (0.8h old)
2025-09-26 14:32:06,903 - selective_asin_processor - INFO - [79] Processing: 5055566986485_B00V5PSKHE
2025-09-26 14:32:06,903 - selective_asin_processor - INFO - [79] Skipping 5055566986485_B00V5PSKHE - Recent cache exists (0.8h old)
2025-09-26 14:32:06,903 - selective_asin_processor - INFO - [80] Processing: NO_EAN_B0CHMRJYBC
2025-09-26 14:32:06,903 - selective_asin_processor - INFO - [80] Skipping NO_EAN_B0CHMRJYBC - Recent cache exists (0.8h old)
2025-09-26 14:32:06,903 - selective_asin_processor - INFO - Progress: 80/1933 entries processed
2025-09-26 14:32:06,903 - selective_asin_processor - INFO - [81] Processing: 5026180084185_B00537PYPG
2025-09-26 14:32:06,903 - selective_asin_processor - INFO - [81] Skipping 5026180084185_B00537PYPG - Recent cache exists (0.8h old)
2025-09-26 14:32:06,903 - selective_asin_processor - INFO - [82] Processing: NO_EAN_B08MY7ZXYF
2025-09-26 14:32:06,903 - selective_asin_processor - INFO - [82] Skipping NO_EAN_B08MY7ZXYF - Recent cache exists (0.7h old)
2025-09-26 14:32:06,903 - selective_asin_processor - INFO - [83] Processing: NO_EAN_B08MY7ZXYF
2025-09-26 14:32:06,903 - selective_asin_processor - INFO - [83] Skipping NO_EAN_B08MY7ZXYF - Recent cache exists (0.7h old)
2025-09-26 14:32:06,903 - selective_asin_processor - INFO - [84] Processing: 5000160811022_B0F1DTF8QS
2025-09-26 14:32:06,903 - selective_asin_processor - INFO - [84] Skipping 5000160811022_B0F1DTF8QS - Recent cache exists (0.7h old)
2025-09-26 14:32:06,903 - selective_asin_processor - INFO - [85] Processing: 5013922068817_B07KBG3Y9F
2025-09-26 14:32:06,904 - selective_asin_processor - INFO - [85] Skipping 5013922068817_B07KBG3Y9F - Recent cache exists (0.7h old)
2025-09-26 14:32:06,904 - selective_asin_processor - INFO - [86] Processing: 5013922068831_B07KGX9LWT
2025-09-26 14:32:06,904 - selective_asin_processor - INFO - [86] Skipping 5013922068831_B07KGX9LWT - Recent cache exists (0.7h old)
2025-09-26 14:32:06,904 - selective_asin_processor - INFO - [87] Processing: 5013922068756_B07TSQC5WK
2025-09-26 14:32:06,904 - selective_asin_processor - INFO - [87] Skipping 5013922068756_B07TSQC5WK - Recent cache exists (0.7h old)
2025-09-26 14:32:06,904 - selective_asin_processor - INFO - [88] Processing: 5013922068770_B07VQ7KN59
2025-09-26 14:32:06,904 - selective_asin_processor - INFO - [88] Skipping 5013922068770_B07VQ7KN59 - Recent cache exists (0.7h old)
2025-09-26 14:32:06,904 - selective_asin_processor - INFO - [89] Processing: 5013922052939_B00TV12K5C
2025-09-26 14:32:06,904 - selective_asin_processor - INFO - [89] Skipping 5013922052939_B00TV12K5C - Recent cache exists (0.7h old)
2025-09-26 14:32:06,904 - selective_asin_processor - INFO - [90] Processing: 5013922068848_B07KG8DBZ9
2025-09-26 14:32:06,904 - selective_asin_processor - INFO - [90] Skipping 5013922068848_B07KG8DBZ9 - Recent cache exists (0.7h old)
2025-09-26 14:32:06,904 - selective_asin_processor - INFO - Progress: 90/1933 entries processed
2025-09-26 14:32:06,904 - selective_asin_processor - INFO - [91] Processing: 5013922068763_B07CPQZ4TS
2025-09-26 14:32:06,904 - selective_asin_processor - INFO - [91] Skipping 5013922068763_B07CPQZ4TS - Recent cache exists (0.7h old)
2025-09-26 14:32:06,904 - selective_asin_processor - INFO - [92] Processing: 5013922068794_B07VTVJ2HG
2025-09-26 14:32:06,904 - selective_asin_processor - INFO - [92] Skipping 5013922068794_B07VTVJ2HG - Recent cache exists (0.7h old)
2025-09-26 14:32:06,905 - selective_asin_processor - INFO - [93] Processing: 5013922068749_B07VSG1HB8
2025-09-26 14:32:06,905 - selective_asin_processor - INFO - [93] Skipping 5013922068749_B07VSG1HB8 - Recent cache exists (0.7h old)
2025-09-26 14:32:06,905 - selective_asin_processor - INFO - [94] Processing: 5013922068121_B00AIIVR5G
2025-09-26 14:32:06,905 - selective_asin_processor - INFO - [94] Skipping 5013922068121_B00AIIVR5G - Recent cache exists (0.6h old)
2025-09-26 14:32:06,905 - selective_asin_processor - INFO - [95] Processing: 5013922060071_B007MMZIC4
2025-09-26 14:32:06,905 - selective_asin_processor - INFO - [95] Skipping 5013922060071_B007MMZIC4 - Recent cache exists (0.6h old)
2025-09-26 14:32:06,905 - selective_asin_processor - INFO - [96] Processing: 5013922012094_B005FEJJ8U
2025-09-26 14:32:06,905 - selective_asin_processor - INFO - [96] Skipping 5013922012094_B005FEJJ8U - Recent cache exists (0.6h old)
2025-09-26 14:32:06,905 - selective_asin_processor - INFO - [97] Processing: 5013922011868_B0B79WPNNV
2025-09-26 14:32:06,905 - selective_asin_processor - INFO - [97] Skipping 5013922011868_B0B79WPNNV - Recent cache exists (0.6h old)
2025-09-26 14:32:06,905 - selective_asin_processor - INFO - [98] Processing: 5013922056517_B07Q3G36VL
2025-09-26 14:32:06,906 - selective_asin_processor - INFO - [98] Skipping 5013922056517_B07Q3G36VL - Recent cache exists (0.6h old)
2025-09-26 14:32:06,906 - selective_asin_processor - INFO - [99] Processing: 5013922053509_B003GHNNK8
2025-09-26 14:32:06,906 - selective_asin_processor - INFO - [99] Skipping 5013922053509_B003GHNNK8 - Recent cache exists (0.6h old)
2025-09-26 14:32:06,906 - selective_asin_processor - INFO - [100] Processing: 5013922160894_B01KAR093K
2025-09-26 14:32:06,906 - selective_asin_processor - INFO - [100] Skipping 5013922160894_B01KAR093K - Recent cache exists (0.6h old)
2025-09-26 14:32:06,906 - selective_asin_processor - INFO - Progress: 100/1933 entries processed
2025-09-26 14:32:06,906 - selective_asin_processor - INFO - [101] Processing: 5013922011820_B0CNQ2J7BW
2025-09-26 14:32:06,906 - selective_asin_processor - INFO - [101] Skipping 5013922011820_B0CNQ2J7BW - Recent cache exists (0.6h old)
2025-09-26 14:32:06,906 - selective_asin_processor - INFO - [102] Processing: 5013922068787_B07VRCGG6N
2025-09-26 14:32:06,906 - selective_asin_processor - INFO - [102] Skipping 5013922068787_B07VRCGG6N - Recent cache exists (0.6h old)
2025-09-26 14:32:06,906 - selective_asin_processor - INFO - [103] Processing: 5013922050379_B07KGMRJK8
2025-09-26 14:32:06,906 - selective_asin_processor - INFO - [103] Skipping 5013922050379_B07KGMRJK8 - Recent cache exists (0.6h old)
2025-09-26 14:32:06,906 - selective_asin_processor - INFO - [104] Processing: 5013922050782_B07VRCGWGN
2025-09-26 14:32:06,906 - selective_asin_processor - INFO - [104] Skipping 5013922050782_B07VRCGWGN - Recent cache exists (0.5h old)
2025-09-26 14:32:06,906 - selective_asin_processor - INFO - [105] Processing: 5013922010922_B071VMNCCP
2025-09-26 14:32:06,907 - selective_asin_processor - INFO - [105] Skipping 5013922010922_B071VMNCCP - Recent cache exists (0.5h old)
2025-09-26 14:32:06,907 - selective_asin_processor - INFO - [106] Processing: 5013922011875_B0B4K21CMD
2025-09-26 14:32:06,907 - selective_asin_processor - INFO - [106] Skipping 5013922011875_B0B4K21CMD - Recent cache exists (0.5h old)
2025-09-26 14:32:06,907 - selective_asin_processor - INFO - [107] Processing: 5013922010847_B00CD44SPE
2025-09-26 14:32:06,907 - selective_asin_processor - INFO - [107] Skipping 5013922010847_B00CD44SPE - Recent cache exists (0.5h old)
2025-09-26 14:32:06,907 - selective_asin_processor - INFO - [108] Processing: 5013922151236_B004UWQ0PI
2025-09-26 14:32:06,907 - selective_asin_processor - INFO - [108] Skipping 5013922151236_B004UWQ0PI - Recent cache exists (0.5h old)
2025-09-26 14:32:06,907 - selective_asin_processor - INFO - [109] Processing: 5013922068961_B0FFM8TWFH
2025-09-26 14:32:06,907 - selective_asin_processor - INFO - [109] Skipping 5013922068961_B0FFM8TWFH - Recent cache exists (0.5h old)
2025-09-26 14:32:06,907 - selective_asin_processor - INFO - [110] Processing: 5013922011813_B0CJ58DWYR
2025-09-26 14:32:06,907 - selective_asin_processor - INFO - [110] Skipping 5013922011813_B0CJ58DWYR - Recent cache exists (0.5h old)
2025-09-26 14:32:06,907 - selective_asin_processor - INFO - Progress: 110/1933 entries processed
2025-09-26 14:32:06,907 - selective_asin_processor - INFO - [111] Processing: 5013922011806_B0C1FXWJDT
2025-09-26 14:32:06,908 - selective_asin_processor - INFO - [111] Skipping 5013922011806_B0C1FXWJDT - Recent cache exists (0.5h old)
2025-09-26 14:32:06,908 - selective_asin_processor - INFO - [112] Processing: 5013922051215_B0058GK5Q0
2025-09-26 14:32:06,908 - selective_asin_processor - INFO - [112] Skipping 5013922051215_B0058GK5Q0 - Recent cache exists (0.5h old)
2025-09-26 14:32:06,908 - selective_asin_processor - INFO - [113] Processing: 5013922051093_B006RTINWK
2025-09-26 14:32:06,908 - selective_asin_processor - INFO - [113] Skipping 5013922051093_B006RTINWK - Recent cache exists (0.5h old)
2025-09-26 14:32:06,908 - selective_asin_processor - INFO - [114] Processing: 5013922050256_B07P82GLBX
2025-09-26 14:32:06,908 - selective_asin_processor - INFO - [114] Skipping 5013922050256_B07P82GLBX - Recent cache exists (0.4h old)
2025-09-26 14:32:06,908 - selective_asin_processor - INFO - [115] Processing: 5013922011851_B0DXQGDRMW
2025-09-26 14:32:06,908 - selective_asin_processor - INFO - [115] Skipping 5013922011851_B0DXQGDRMW - Recent cache exists (0.4h old)
2025-09-26 14:32:06,908 - selective_asin_processor - INFO - [116] Processing: 5013922010878_B077VP7SRY
2025-09-26 14:32:06,908 - selective_asin_processor - INFO - [116] Skipping 5013922010878_B077VP7SRY - Recent cache exists (0.4h old)
2025-09-26 14:32:06,908 - selective_asin_processor - INFO - [117] Processing: 5013922068107_B009NVVSF8
2025-09-26 14:32:06,908 - selective_asin_processor - INFO - [117] Skipping 5013922068107_B009NVVSF8 - Recent cache exists (0.4h old)
2025-09-26 14:32:06,908 - selective_asin_processor - INFO - [118] Processing: 5013922010915_B0711LP4TG
2025-09-26 14:32:06,908 - selective_asin_processor - INFO - [118] Skipping 5013922010915_B0711LP4TG - Recent cache exists (0.4h old)
2025-09-26 14:32:06,908 - selective_asin_processor - INFO - [119] Processing: 5013922062181_B00DYSZIHK
2025-09-26 14:32:06,908 - selective_asin_processor - INFO - [119] Skipping 5013922062181_B00DYSZIHK - Recent cache exists (0.4h old)
2025-09-26 14:32:06,908 - selective_asin_processor - INFO - [120] Processing: 5013922062198_B00D5RMIX2
2025-09-26 14:32:06,909 - selective_asin_processor - INFO - [120] Skipping 5013922062198_B00D5RMIX2 - Recent cache exists (0.4h old)
2025-09-26 14:32:06,909 - selective_asin_processor - INFO - Progress: 120/1933 entries processed
2025-09-26 14:32:06,909 - selective_asin_processor - INFO - [121] Processing: 5013922062211_B004YVWAAE
2025-09-26 14:32:06,909 - selective_asin_processor - INFO - [121] Skipping 5013922062211_B004YVWAAE - Recent cache exists (0.4h old)
2025-09-26 14:32:06,909 - selective_asin_processor - INFO - [122] Processing: 5013922010694_B07KBDZ91B
2025-09-26 14:32:06,909 - selective_asin_processor - INFO - [122] Skipping 5013922010694_B07KBDZ91B - Recent cache exists (0.4h old)
2025-09-26 14:32:06,909 - selective_asin_processor - INFO - [123] Processing: 5013922060873_B00EHG24UM
2025-09-26 14:32:06,909 - selective_asin_processor - INFO - [123] Skipping 5013922060873_B00EHG24UM - Recent cache exists (0.4h old)
2025-09-26 14:32:06,909 - selective_asin_processor - INFO - [124] Processing: 5013922060149_B071F3PGL9
2025-09-26 14:32:06,909 - selective_asin_processor - INFO - [124] Skipping 5013922060149_B071F3PGL9 - Recent cache exists (0.3h old)
2025-09-26 14:32:06,909 - selective_asin_processor - INFO - [125] Processing: 5013922011844_B07KZF3RRY
2025-09-26 14:32:06,909 - selective_asin_processor - INFO - [125] Skipping 5013922011844_B07KZF3RRY - Recent cache exists (0.3h old)
2025-09-26 14:32:06,909 - selective_asin_processor - INFO - [126] Processing: 5013922010960_B07VQ7KZ57
2025-09-26 14:32:06,909 - selective_asin_processor - INFO - [126] Skipping 5013922010960_B07VQ7KZ57 - Recent cache exists (0.3h old)
2025-09-26 14:32:06,909 - selective_asin_processor - INFO - [127] Processing: 5013922050737_B0DX7P2Y6R
2025-09-26 14:32:06,909 - selective_asin_processor - INFO - [127] Skipping 5013922050737_B0DX7P2Y6R - Recent cache exists (0.3h old)
2025-09-26 14:32:06,909 - selective_asin_processor - INFO - [128] Processing: 5013922010755_B076QB5M6R
2025-09-26 14:32:06,909 - selective_asin_processor - INFO - [128] Skipping 5013922010755_B076QB5M6R - Recent cache exists (0.3h old)
2025-09-26 14:32:06,909 - selective_asin_processor - INFO - [129] Processing: 5013922051086_B085MHQ8BW
2025-09-26 14:32:06,909 - selective_asin_processor - INFO - [129] Skipping 5013922051086_B085MHQ8BW - Recent cache exists (0.3h old)
2025-09-26 14:32:06,909 - selective_asin_processor - INFO - [130] Processing: 5013922068299_B00J36OKHQ
2025-09-26 14:32:06,910 - selective_asin_processor - INFO - [130] Skipping 5013922068299_B00J36OKHQ - Recent cache exists (0.3h old)
2025-09-26 14:32:06,910 - selective_asin_processor - INFO - Progress: 130/1933 entries processed
2025-09-26 14:32:06,910 - selective_asin_processor - INFO - [131] Processing: 5013922068114_B00F4M5LKS
2025-09-26 14:32:06,910 - selective_asin_processor - INFO - [131] Skipping 5013922068114_B00F4M5LKS - Recent cache exists (0.3h old)
2025-09-26 14:32:06,910 - selective_asin_processor - INFO - [132] Processing: 5013922069159_B0DFBMC6Y3
2025-09-26 14:32:06,910 - selective_asin_processor - INFO - [132] Skipping 5013922069159_B0DFBMC6Y3 - Recent cache exists (0.3h old)
2025-09-26 14:32:06,910 - selective_asin_processor - INFO - [133] Processing: 5013922010977_B074WYWTKP
2025-09-26 14:32:06,910 - selective_asin_processor - INFO - [133] Skipping 5013922010977_B074WYWTKP - Recent cache exists (0.3h old)
2025-09-26 14:32:06,910 - selective_asin_processor - INFO - [134] Processing: 5013922060187_B004WMFGRE
2025-09-26 14:32:06,910 - selective_asin_processor - INFO - [134] Skipping 5013922060187_B004WMFGRE - Recent cache exists (0.3h old)
2025-09-26 14:32:06,910 - selective_asin_processor - INFO - [135] Processing: 5013922061764_B07KGNX5PW
2025-09-26 14:32:06,910 - selective_asin_processor - INFO - [135] Skipping 5013922061764_B07KGNX5PW - Recent cache exists (0.2h old)
2025-09-26 14:32:06,910 - selective_asin_processor - INFO - [136] Processing: 5013922068862_1977841481
2025-09-26 14:32:06,910 - selective_asin_processor - INFO - [136] Skipping 5013922068862_1977841481 - Recent cache exists (0.2h old)
2025-09-26 14:32:06,910 - selective_asin_processor - INFO - [137] Processing: 5013922060293_B008X6UNH8
2025-09-26 14:32:06,910 - selective_asin_processor - INFO - [137] Skipping 5013922060293_B008X6UNH8 - Recent cache exists (0.2h old)
2025-09-26 14:32:06,910 - selective_asin_processor - INFO - [138] Processing: 5013922051406_B0049H1Q7G
2025-09-26 14:32:06,910 - selective_asin_processor - INFO - [138] Skipping 5013922051406_B0049H1Q7G - Recent cache exists (0.2h old)
2025-09-26 14:32:06,910 - selective_asin_processor - INFO - [139] Processing: 5012128415296_B00186RKDA
2025-09-26 14:32:06,910 - selective_asin_processor - INFO - [139] Skipping 5012128415296_B00186RKDA - Recent cache exists (0.2h old)
2025-09-26 14:32:06,910 - selective_asin_processor - INFO - [140] Processing: NO_EAN_B0B46R4TBC
2025-09-26 14:32:06,911 - selective_asin_processor - INFO - [140] Skipping NO_EAN_B0B46R4TBC - Recent cache exists (0.2h old)
2025-09-26 14:32:06,911 - selective_asin_processor - INFO - Progress: 140/1933 entries processed
2025-09-26 14:32:06,911 - selective_asin_processor - INFO - [141] Processing: 48256296181_B0F1GZQ9HZ
2025-09-26 14:32:06,911 - selective_asin_processor - INFO - [141] Skipping 48256296181_B0F1GZQ9HZ - Recent cache exists (0.2h old)
2025-09-26 14:32:06,911 - selective_asin_processor - INFO - [142] Processing: 5060060210219_B00BFC8ZMM
2025-09-26 14:32:06,911 - selective_asin_processor - INFO - [142] Skipping 5060060210219_B00BFC8ZMM - Recent cache exists (0.2h old)
2025-09-26 14:32:06,911 - selective_asin_processor - INFO - [143] Processing: 8699947921756_B0CBVWBHX1
2025-09-26 14:32:06,911 - selective_asin_processor - INFO - [143] Skipping 8699947921756_B0CBVWBHX1 - Recent cache exists (0.2h old)
2025-09-26 14:32:06,911 - selective_asin_processor - INFO - [144] Processing: 5056683917727_B0DJ8WWTQX
2025-09-26 14:32:06,911 - selective_asin_processor - INFO - [144] Skipping 5056683917727_B0DJ8WWTQX - Recent cache exists (0.2h old)
2025-09-26 14:32:06,911 - selective_asin_processor - INFO - [145] Processing: 5056175910045_B098L1CKGB
2025-09-26 14:32:06,911 - selective_asin_processor - INFO - [145] Skipping 5056175910045_B098L1CKGB - Recent cache exists (0.1h old)
2025-09-26 14:32:06,911 - selective_asin_processor - INFO - [146] Processing: 5056683917758_B0CM5S22WL
2025-09-26 14:32:06,911 - selective_asin_processor - INFO - [146] Skipping 5056683917758_B0CM5S22WL - Recent cache exists (0.1h old)
2025-09-26 14:32:06,911 - selective_asin_processor - INFO - [147] Processing: 5056683917734_B0BC2T4T9L
2025-09-26 14:32:06,911 - selective_asin_processor - INFO - [147] Skipping 5056683917734_B0BC2T4T9L - Recent cache exists (0.1h old)
2025-09-26 14:32:06,911 - selective_asin_processor - INFO - [148] Processing: NO_EAN_B074ZQSNJ5
2025-09-26 14:32:06,911 - selective_asin_processor - INFO - [148] Skipping NO_EAN_B074ZQSNJ5 - Recent cache exists (0.1h old)
2025-09-26 14:32:06,911 - selective_asin_processor - INFO - [149] Processing: 5055319530798_B0BZQ9D3SS
2025-09-26 14:32:06,911 - selective_asin_processor - INFO - [149] Skipping 5055319530798_B0BZQ9D3SS - Recent cache exists (0.1h old)
2025-09-26 14:32:06,911 - selective_asin_processor - INFO - [150] Processing: 5055319531733_B0DG5TP6W9
2025-09-26 14:32:06,912 - selective_asin_processor - INFO - [150] Skipping 5055319531733_B0DG5TP6W9 - Recent cache exists (0.1h old)
2025-09-26 14:32:06,912 - selective_asin_processor - INFO - Progress: 150/1933 entries processed
2025-09-26 14:32:06,912 - selective_asin_processor - INFO - [151] Processing: NO_EAN_B08DFNC4JW
2025-09-26 14:32:06,912 - selective_asin_processor - INFO - [151] Skipping NO_EAN_B08DFNC4JW - Recent cache exists (0.1h old)
2025-09-26 14:32:06,912 - selective_asin_processor - INFO - [152] Processing: 5015302447502_B00APHCUCE
2025-09-26 14:32:06,912 - selective_asin_processor - INFO - [152] Skipping 5015302447502_B00APHCUCE - Recent cache exists (0.1h old)
2025-09-26 14:32:06,912 - selective_asin_processor - INFO - [153] Processing: 5000159302975_B0CWX2TNFL
2025-09-26 14:32:06,912 - selective_asin_processor - INFO - [153] Skipping 5000159302975_B0CWX2TNFL - Recent cache exists (0.1h old)
2025-09-26 14:32:06,912 - selective_asin_processor - INFO - [154] Processing: 0687368098155_B0DJ31NTQY
2025-09-26 14:32:06,912 - selective_asin_processor - INFO - [154] Skipping 0687368098155_B0DJ31NTQY - Recent cache exists (0.1h old)
2025-09-26 14:32:06,912 - selective_asin_processor - INFO - [155] Processing: 0687368097769_B098FF7DSP
2025-09-26 14:32:06,912 - selective_asin_processor - INFO - [155] Skipping 0687368097769_B098FF7DSP - Recent cache exists (0.0h old)
2025-09-26 14:32:06,912 - selective_asin_processor - INFO - [156] Processing: 5060195622291_B0DDCRDP8F
2025-09-26 14:32:06,912 - selective_asin_processor - INFO - [156] Skipping 5060195622291_B0DDCRDP8F - Recent cache exists (0.0h old)
2025-09-26 14:32:06,912 - selective_asin_processor - INFO - [157] Processing: 2019052200090_B008D64IEM
2025-09-26 14:32:06,912 - selective_asin_processor - INFO - [157] Skipping 2019052200090_B008D64IEM - Recent cache exists (0.0h old)
2025-09-26 14:32:06,912 - selective_asin_processor - INFO - [158] Processing: NO_EAN_B0DNJYLPLF
2025-09-26 14:32:06,912 - selective_asin_processor - INFO - [158] Skipping NO_EAN_B0DNJYLPLF - Recent cache exists (0.0h old)
2025-09-26 14:32:06,912 - selective_asin_processor - INFO - [159] Processing: 5015302420505_B08SM5FLTD
2025-09-26 14:32:06,912 - selective_asin_processor - INFO - [159] Skipping 5015302420505_B08SM5FLTD - Recent cache exists (0.0h old)
2025-09-26 14:32:06,912 - selective_asin_processor - INFO - [160] Processing: 5015302420918_B09M9QZV5Y
2025-09-26 14:32:06,912 - selective_asin_processor - INFO - [160] Extracting Amazon data for ASIN: B09M9QZV5Y
2025-09-26 14:32:08,573 - tools.amazon_playwright_extractor - INFO - ?? AmazonExtractor connecting via BrowserManager singleton
2025-09-26 14:32:08,933 - utils.browser_manager - INFO - ?? Connecting to existing Chrome debug instance on port 9222
2025-09-26 14:32:08,933 - utils.browser_manager - INFO - ?? Per troubleshooting docs: Using existing Chrome debug only
2025-09-26 14:32:09,026 - utils.browser_manager - INFO - ? Chrome debug accessible on IPv6: Chrome/140.0.7339.128
2025-09-26 14:32:09,026 - utils.browser_manager - INFO - ?? Connecting to existing Chrome debug instance...
2025-09-26 14:32:09,027 - utils.browser_manager - INFO - ?? Using endpoint: http://[::1]:9222
2025-09-26 14:32:09,109 - utils.browser_manager - INFO - ? Successfully connected to existing Chrome debug instance
2025-09-26 14:32:09,109 - utils.browser_manager - INFO - ?? Using existing context with 1 pages
2025-09-26 14:32:09,109 - utils.browser_manager - INFO - ?? Connected to existing Chrome: 140.0.7339.128
2025-09-26 14:32:09,109 - tools.amazon_playwright_extractor - INFO - ? AmazonExtractor connected via BrowserManager singleton
2025-09-26 14:32:09,109 - tools.amazon_playwright_extractor - WARNING - No page object provided to extract_data for ASIN B09M9QZV5Y. Getting a new one from BrowserManager.
2025-09-26 14:32:09,109 - tools.amazon_playwright_extractor - INFO - Reusing existing page: https://www.amazon.co.uk/dp/B09M9QZV5Y?th=1
2025-09-26 14:32:11,511 - tools.amazon_playwright_extractor - INFO - Checking for cookie consent pop-up...
2025-09-26 14:32:11,830 - tools.amazon_playwright_extractor - INFO - Finished checking for cookie consent pop-ups. If one was present and not handled, it might interfere.
2025-09-26 14:32:12,835 - tools.amazon_playwright_extractor - INFO - Checking for CAPTCHA...
2025-09-26 14:32:15,845 - tools.amazon_playwright_extractor - INFO - No CAPTCHA page detected by form selector.
2025-09-26 14:32:15,845 - tools.amazon_playwright_extractor - INFO - Checking for cookie consent pop-up...
2025-09-26 14:32:16,079 - tools.amazon_playwright_extractor - INFO - Finished checking for cookie consent pop-ups. If one was present and not handled, it might interfere.
2025-09-26 14:32:16,079 - tools.amazon_playwright_extractor - INFO - Page should be ready. Waiting 5s for stabilization...
2025-09-26 14:32:21,085 - tools.amazon_playwright_extractor - INFO - Waiting an additional 7s for extensions (Keepa, SellerAmp)...
2025-09-26 14:32:28,090 - tools.amazon_playwright_extractor - INFO - Extracting all product data for ASIN: B09M9QZV5Y
2025-09-26 14:32:28,090 - tools.amazon_playwright_extractor - INFO - Extracting basic product information (Title, Price, Images, Amazon Details)...
2025-09-26 14:32:28,115 - tools.amazon_playwright_extractor - INFO - Title found: '40 Pack Beach Bucket and Shovel Set Mini Plastic Buckets Sand Shovel Sand Pail Bulk for Kids Summer Seaside Beach Pool Party' via #productTitle
2025-09-26 14:32:28,115 - tools.amazon_playwright_extractor - INFO - Extracting price details...
2025-09-26 14:32:28,128 - tools.amazon_playwright_extractor - INFO - Current price: 26.99 via #corePrice_feature_div .a-offscreen
2025-09-26 14:32:28,220 - tools.amazon_playwright_extractor - INFO - Extracting image URLs...
2025-09-26 14:32:28,239 - tools.amazon_playwright_extractor - INFO - Main image: https://m.media-amazon.com/images/I/81mQFtpP5BL._AC_SL1500_.jpg via #landingImage
2025-09-26 14:32:28,289 - tools.amazon_playwright_extractor - INFO - Found 6 thumbnails.
2025-09-26 14:32:28,291 - tools.amazon_playwright_extractor - INFO - Extracting Amazon product details section...
2025-09-26 14:32:28,354 - tools.amazon_playwright_extractor - INFO - Extracting sales rank information...
2025-09-26 14:32:28,441 - tools.amazon_playwright_extractor - INFO - Extracting ratings and reviews...
2025-09-26 14:32:28,464 - tools.amazon_playwright_extractor - INFO - Rating: 3.8 via i[class*='a-icon-star'] span.a-icon-alt
2025-09-26 14:32:28,484 - tools.amazon_playwright_extractor - INFO - Extracting stock information...
2025-09-26 14:32:28,569 - tools.amazon_playwright_extractor - INFO - Extracting features/bullets...
2025-09-26 14:32:28,694 - tools.amazon_playwright_extractor - INFO - Found 5 features.
2025-09-26 14:32:28,694 - tools.amazon_playwright_extractor - INFO - Extracting product description...
2025-09-26 14:32:28,704 - tools.amazon_playwright_extractor - INFO - Description found using selector: #productDescription
2025-09-26 14:32:28,704 - tools.amazon_playwright_extractor - INFO - Extracting product specifications table...
2025-09-26 14:32:28,809 - tools.amazon_playwright_extractor - INFO - Specifications table parsed using selector: table.a-keyvalue.prodDetTable
2025-09-26 14:32:28,809 - tools.amazon_playwright_extractor - INFO - Extracting SellerAmp data (if present)...
2025-09-26 14:32:28,809 - tools.amazon_playwright_extractor - INFO - SellerAmp data extraction is currently disabled as per requirements (Fix 2.3).
2025-09-26 14:32:28,809 - tools.amazon_playwright_extractor - INFO - Extracting Keepa data (if present)...
2025-09-26 14:32:28,809 - tools.amazon_playwright_extractor - INFO - Attempting to extract Keepa data...
2025-09-26 14:32:34,858 - tools.amazon_playwright_extractor - INFO - Keepa iframe found: iframe[id*='keepa']
2025-09-26 14:32:34,907 - tools.amazon_playwright_extractor - INFO - Keepa Graph AI Analysis is currently disabled as per requirements (Fix 2.4).
2025-09-26 14:32:34,921 - tools.amazon_playwright_extractor - INFO - Keepa Data tab found. Currently active: False
2025-09-26 14:32:34,921 - tools.amazon_playwright_extractor - INFO - Clicking Keepa 'Data' tab...
