2025-10-04 02:49:20,704 - utils.logger - INFO - 🔧 Logging initialised – log file: C:\Users\chris\Desktop\Amazon-FBA-Agent-System-v32 - latest good - Copy (8) - Copy - Copy - POSTLONGRUNPREKIRO2 beforecompletion-\logs\debug\run_custom_poundwholesale_20251004_024920.log
2025-10-04 02:49:20,704 - __main__ - INFO - 📋 Debug log file: C:\Users\chris\Desktop\Amazon-FBA-Agent-System-v32 - latest good - Copy (8) - Copy - Copy - POSTLONGRUNPREKIRO2 beforecompletion-\logs\debug\run_custom_poundwholesale_20251004_024920.log
2025-10-04 02:49:20,705 - __main__ - DEBUG - Debug logging initialized - full system execution details will be captured
2025-10-04 02:49:20,706 - utils.browser_circuit_breaker - INFO - BrowserCircuitBreaker initialized: threshold=3, timeout=300s
2025-10-04 02:49:20,707 - utils.browser_manager - INFO - ?? BrowserManager singleton initialized with health management
2025-10-04 02:49:21,260 - utils.browser_manager - INFO - ?? Connecting to existing Chrome debug instance on port 9222
2025-10-04 02:49:21,261 - utils.browser_manager - INFO - ?? Per troubleshooting docs: Using existing Chrome debug only
2025-10-04 02:49:21,263 - utils.browser_manager - INFO - ? Chrome debug accessible on IPv6: Chrome/141.0.7390.55
2025-10-04 02:49:21,263 - utils.browser_manager - INFO - ?? Connecting to existing Chrome debug instance...
2025-10-04 02:49:21,265 - utils.browser_manager - DEBUG - ?? Using IPv6 endpoint for CDP connection
2025-10-04 02:49:21,265 - utils.browser_manager - INFO - ?? Using endpoint: http://[::1]:9222
2025-10-04 02:49:21,524 - utils.browser_manager - INFO - ? Successfully connected to existing Chrome debug instance
2025-10-04 02:49:21,524 - utils.browser_manager - INFO - ?? Using existing context with 4 pages
2025-10-04 02:49:21,525 - utils.browser_manager - INFO - ?? Connected to existing Chrome: 141.0.7390.55
2025-10-04 02:49:21,525 - utils.browser_manager - DEBUG - ? Browser connection healthy - version: healthy
2025-10-04 02:49:21,525 - utils.browser_manager - INFO - ?? Reusing existing page in persistent context.
2025-10-04 02:49:21,525 - __main__ - INFO - 🔐 Initializing Clearance King authentication helper...
2025-10-04 02:49:21,525 - __main__ - INFO - ✅ Using configured credentials for clearance-king.co.uk
2025-10-04 02:49:21,526 - __main__ - INFO - 🌐 Connecting to existing Chrome debug port 9222 for authentication...
2025-10-04 02:49:21,584 - tools.clearance_king.supplier_authentication_service - INFO - ❌ Login link found - not authenticated
2025-10-04 02:49:21,584 - __main__ - INFO - 🔐 Not authenticated, initiating login...
2025-10-04 02:49:21,585 - tools.clearance_king.supplier_authentication_service - INFO - 🔐 Starting login process for Clearance King...
2025-10-04 02:49:21,585 - tools.clearance_king.supplier_authentication_service - DEBUG - DEBUG: supplier_config keys: ['supplier_id', 'supplier_name', 'base_url', 'login_config', 'api_config', 'scraping_config', 'authentication', 'field_mappings', 'navigation_configuration', 'pagination', 'page_limiter', 'auto_discovered', 'discovery_timestamp', 'success', 'use_ai_category_progression']
2025-10-04 02:49:21,586 - tools.clearance_king.supplier_authentication_service - DEBUG - DEBUG: login_config: {'login_path': '/customer/account/login/', 'test_product_url': 'https://www.clearance-king.co.uk/sport-line-aquatic-advanced-swimming-goggles-colours-may-vary-1.html', 'price_selectors': ['.price-box .price', 'span.price', '.price-wrapper .price.discount', '.price-wrapper .price', 'meta[property="product:price:amount"]', '[data-price-amount]', "meta[itemprop='price']", '.regular-price .price', '.price-final_price .price']}
2025-10-04 02:49:21,586 - tools.clearance_king.supplier_authentication_service - DEBUG - DEBUG: test_product_url: https://www.clearance-king.co.uk/sport-line-aquatic-advanced-swimming-goggles-colours-may-vary-1.html
2025-10-04 02:49:21,586 - tools.clearance_king.supplier_authentication_service - INFO - 🚀 Performing login via StandalonePlaywrightLogin...
2025-10-04 02:49:21,587 - tools.standalone_playwright_login - INFO - 🔐 Starting Playwright login...
2025-10-04 02:49:21,587 - tools.standalone_playwright_login - INFO - 🌐 Navigating to login page: https://www.clearance-king.co.uk/customer/account/login/
2025-10-04 02:49:26,492 - tools.standalone_playwright_login - INFO - ✅ Filled email using selector: input[name="email"]
2025-10-04 02:49:26,547 - tools.clearance_king.supplier_authentication_service - ERROR - ❌ Login failed: Could not find or fill password field
2025-10-04 02:49:26,548 - __main__ - ERROR - ❌ Authentication failed. Exiting workflow.
2025-10-04 02:49:26,548 - __main__ - WARNING - ⚠️ Browser cleanup warning: 'BrowserManager' object has no attribute 'cleanup'
2025-10-04 02:49:26,549 - utils.browser_manager - WARNING - Error during global cleanup: no running event loop
