2026-03-10 08:21:33,856 - __main__ - WARNING - Ignoring supplier identity from products file; job sandbox is authoritative. job=angelwholesale.co.uk__sandbox__11317d42 file=angelwholesale.co.uk
2026-03-10 08:21:33,857 - tools.amazon_playwright_extractor - WARNING - ?? BrowserCircuitBreaker not available - health management disabled
2026-03-10 08:21:33,857 - tools.amazon_playwright_extractor - INFO - AI features disabled in amazon_playwright_extractor - using only traditional selectors.
2026-03-10 08:21:33,857 - tools.amazon_playwright_extractor - INFO - Output directory set to: C:\Users\chris\Desktop\Amazon-FBA-Agent-System-v32 - latest good - Copy (8) - Copy - Copy - POSTLONGRUNPREKIRO2 beforecompletion-\OUTPUTS\CACHE\amazon_data
2026-03-10 08:21:33,857 - tools.amazon_playwright_extractor - WARNING - ?? BrowserManager not available, using legacy browser connection
2026-03-10 08:21:33,858 - tools.amazon_playwright_extractor - INFO - \U0001f527 FixedAmazonExtractor connecting via BrowserManager singleton
2026-03-10 08:21:33,858 - utils.browser_circuit_breaker - INFO - BrowserCircuitBreaker initialized: threshold=3, timeout=300s
2026-03-10 08:21:33,858 - utils.browser_manager - INFO - ?? BrowserManager singleton initialized with health management
2026-03-10 08:21:34,369 - utils.browser_manager - INFO - ?? Connecting to existing Chrome debug instance on port 9222
2026-03-10 08:21:34,369 - utils.browser_manager - INFO - ?? Per troubleshooting docs: Using existing Chrome debug only
2026-03-10 08:21:36,594 - utils.browser_manager - INFO - ? Chrome debug accessible on IPv4: Chrome/145.0.7632.160
2026-03-10 08:21:36,595 - utils.browser_manager - INFO - ?? Connecting to existing Chrome debug instance...
2026-03-10 08:21:38,638 - utils.browser_manager - INFO - ?? Using endpoint: http://localhost:9222
2026-03-10 08:21:38,849 - utils.browser_manager - INFO - ? Successfully connected to existing Chrome debug instance
2026-03-10 08:21:38,849 - utils.browser_manager - INFO - ?? Using existing context with 1 pages
2026-03-10 08:21:38,849 - utils.browser_manager - INFO - ?? Connected to existing Chrome: 145.0.7632.160
2026-03-10 08:21:38,849 - tools.amazon_playwright_extractor - INFO - \u2705 FixedAmazonExtractor connected via BrowserManager singleton
2026-03-10 08:21:38,849 - utils.browser_manager - INFO - ?? Reusing existing Chrome connection (port 9222)
2026-03-10 08:21:38,850 - utils.browser_manager - INFO - ?? Reusing existing page in persistent context.
2026-03-10 08:21:38,858 [INFO] WindowsSaveGuardian: ? ATOMIC SAVE: angelwholesale_co_uk__sandbox__11317d42_processing_state.json (27 entries) saved successfully
2026-03-10 08:21:38,858 - windows_save_guardian - INFO - ? ATOMIC SAVE: angelwholesale_co_uk__sandbox__11317d42_processing_state.json (27 entries) saved successfully
2026-03-10 08:21:38,859 - utils.fixed_enhanced_state_manager - INFO -  ATOMIC SAVE
2026-03-10 08:21:38,862 [INFO] WindowsSaveGuardian: ? ATOMIC SAVE: angelwholesale_co_uk__sandbox__11317d42_processing_state.json (27 entries) saved successfully
2026-03-10 08:21:38,862 - windows_save_guardian - INFO - ? ATOMIC SAVE: angelwholesale_co_uk__sandbox__11317d42_processing_state.json (27 entries) saved successfully
2026-03-10 08:21:38,862 - utils.fixed_enhanced_state_manager - INFO -  ATOMIC SAVE
2026-03-10 08:21:38,862 - tools.amazon_playwright_extractor - INFO - Searching Amazon by EAN: 5056519298952 for supplier product: 'Light Blue Wild Cornflower Spray (63cm)' (FixedAmazonExtractor)
2026-03-10 08:21:38,862 - tools.amazon_playwright_extractor - INFO - Navigating to Amazon UK to search for EAN: 5056519298952
2026-03-10 08:21:44,804 - tools.amazon_playwright_extractor - INFO - Waiting for search results page to load for EAN 5056519298952...
2026-03-10 08:21:45,880 - tools.amazon_playwright_extractor - INFO - Found search results container with selector: div.s-search-results
2026-03-10 08:21:46,960 - tools.amazon_playwright_extractor - INFO - Found 6 search result elements using selector: div[data-component-type='s-search-result']
2026-03-10 08:21:46,960 - tools.amazon_playwright_extractor - INFO - Processing 6 search result elements for EAN 5056519298952
2026-03-10 08:21:47,670 - tools.amazon_playwright_extractor - INFO - \U0001f4ca SPONSORED FILTERING RESULTS: 0 organic products, 6 sponsored products filtered out
2026-03-10 08:21:47,670 - tools.amazon_playwright_extractor - WARNING - EAN 5056519298952 returned no organic results - skipping
2026-03-10 08:21:47,670 - tools.amazon_playwright_extractor - WARNING - No Amazon results or error for EAN '5056519298952'. Details: no_organic_results
2026-03-10 08:21:47,670 - tools.amazon_playwright_extractor - INFO - Falling back to title search for supplier product: 'Light Blue Wild Cornflower Spray (63cm)'
2026-03-10 08:21:47,670 - tools.amazon_playwright_extractor - INFO - Searching Amazon by title using search bar: 'Light Blue Wild Cornflower Spray (63cm)'
2026-03-10 08:21:47,670 - tools.amazon_playwright_extractor - INFO - Navigating to Amazon UK to search for title: Light Blue Wild Cornflower Spray (63cm)
2026-03-10 08:21:56,717 - tools.amazon_playwright_extractor - INFO - Title search found 25 elements using selector: div.s-search-results > div[data-asin]
2026-03-10 08:21:56,901 - tools.amazon_playwright_extractor - WARNING - ASIN extraction failed: All 4 fallbacks exhausted
2026-03-10 08:21:57,194 - tools.amazon_playwright_extractor - INFO - \u2705 Title search: Selected first visible organic product - ASIN B0BS6NSKGB
2026-03-10 08:21:57,194 - tools.amazon_playwright_extractor - INFO - \U0001f3af ASIN EXTRACTION SUCCESS: Found 1 ASINs for title search: 'Light Blue Wild Cornflower Spray (63cm)'
2026-03-10 08:21:57,194 - tools.amazon_playwright_extractor - INFO - Title search successful for 'Light Blue Wild Cornflower Spray (63cm)' after EAN '5056519298952' failed
2026-03-10 08:21:57,194 - tools.amazon_playwright_extractor - INFO - Extracting complete data for fallback ASIN B0BS6NSKGB from title search
2026-03-10 08:21:57,194 - tools.amazon_playwright_extractor - WARNING - No page object provided to extract_data for ASIN B0BS6NSKGB. Getting a new one from BrowserManager.
2026-03-10 08:21:57,194 - tools.amazon_playwright_extractor - INFO - Reusing existing page: https://www.amazon.co.uk/s?k=Light+Blue+Wild+Cornflower+Spray+%2863cm%29&ref=nb_sb_noss
2026-03-10 08:21:59,608 - tools.amazon_playwright_extractor - INFO - Checking for cookie consent pop-up...
2026-03-10 08:22:01,622 - tools.amazon_playwright_extractor - INFO - Finished checking for cookie consent pop-ups. If one was present and not handled, it might interfere.
2026-03-10 08:22:02,630 - tools.amazon_playwright_extractor - INFO - Checking for CAPTCHA...
2026-03-10 08:22:05,640 - tools.amazon_playwright_extractor - INFO - No CAPTCHA page detected by form selector.
2026-03-10 08:22:05,640 - tools.amazon_playwright_extractor - INFO - Checking for cookie consent pop-up...
2026-03-10 08:22:05,759 - tools.amazon_playwright_extractor - INFO - Finished checking for cookie consent pop-ups. If one was present and not handled, it might interfere.
2026-03-10 08:22:05,760 - tools.amazon_playwright_extractor - INFO - Page should be ready. Waiting 5s for stabilization...
2026-03-10 08:22:10,762 - tools.amazon_playwright_extractor - INFO - Waiting an additional 7s for extensions (Keepa, SellerAmp)...
2026-03-10 08:22:17,763 - tools.amazon_playwright_extractor - INFO - Extracting all product data for ASIN: B0BS6NSKGB
2026-03-10 08:22:17,763 - tools.amazon_playwright_extractor - INFO - Extracting basic product information (Title, Price, Images, Amazon Details)...
2026-03-10 08:22:17,840 - tools.amazon_playwright_extractor - INFO - Title found: 'AFS Wild Blue Artificial Cornflower Spray x 60cm - Meadow Wildflower Stem' via #productTitle
2026-03-10 08:22:17,840 - tools.amazon_playwright_extractor - INFO - Extracting price details...
2026-03-10 08:22:17,880 - tools.amazon_playwright_extractor - INFO - Current price: 7.99 via #corePrice_feature_div .a-offscreen
2026-03-10 08:22:17,960 - tools.amazon_playwright_extractor - INFO - Original price: 16.99 via span.a-price.a-text-price[data-a-strike='true'] span.a-offscreen
2026-03-10 08:22:18,027 - tools.amazon_playwright_extractor - INFO - Extracting image URLs...
2026-03-10 08:22:18,121 - tools.amazon_playwright_extractor - INFO - Main image: https://m.media-amazon.com/images/I/41O+quDszhL._AC_.jpg via #landingImage
2026-03-10 08:22:18,274 - tools.amazon_playwright_extractor - INFO - Found 1 thumbnails.
2026-03-10 08:22:18,282 - tools.amazon_playwright_extractor - INFO - Extracting Amazon product details section...
2026-03-10 08:22:18,589 - tools.amazon_playwright_extractor - INFO - Extracting sales rank information...
2026-03-10 08:22:19,176 - tools.amazon_playwright_extractor - INFO - Extracting ratings and reviews...
2026-03-10 08:22:19,205 - tools.amazon_playwright_extractor - INFO - Rating: 3.9 via #acrPopover[title*='out of 5 stars']
2026-03-10 08:22:19,233 - tools.amazon_playwright_extractor - INFO - Review count: 2 via #acrCustomerReviewText
2026-03-10 08:22:19,233 - tools.amazon_playwright_extractor - INFO - Extracting stock information...
2026-03-10 08:22:19,264 - tools.amazon_playwright_extractor - INFO - Availability text: 'In stock' via #availability span.a-size-medium.a-color-success
2026-03-10 08:22:19,264 - tools.amazon_playwright_extractor - INFO - Extracting features/bullets...
2026-03-10 08:22:19,627 - tools.amazon_playwright_extractor - INFO - Found 6 features.
2026-03-10 08:22:19,627 - tools.amazon_playwright_extractor - INFO - Extracting product description...
2026-03-10 08:22:19,780 - tools.amazon_playwright_extractor - INFO - Extracting product specifications table...
2026-03-10 08:22:20,464 - tools.amazon_playwright_extractor - INFO - Specifications table parsed using selector: table.a-keyvalue.prodDetTable
2026-03-10 08:22:20,465 - tools.amazon_playwright_extractor - INFO - Extracting SellerAmp data (if present)...
2026-03-10 08:22:20,465 - tools.amazon_playwright_extractor - INFO - SellerAmp data extraction is currently disabled as per requirements (Fix 2.3).
2026-03-10 08:22:20,465 - tools.amazon_playwright_extractor - INFO - Extracting Keepa data (if present)...
2026-03-10 08:22:20,465 - tools.amazon_playwright_extractor - INFO - Attempting to extract Keepa data...
2026-03-10 08:22:26,618 - tools.amazon_playwright_extractor - INFO - Keepa iframe found: iframe[id*='keepa']
2026-03-10 08:22:26,782 - tools.amazon_playwright_extractor - INFO - Keepa Sales Rank Details Table parsed.
2026-03-10 08:22:26,782 - tools.amazon_playwright_extractor - INFO - Keepa Graph AI Analysis is currently disabled as per requirements (Fix 2.4).
2026-03-10 08:22:26,826 - tools.amazon_playwright_extractor - INFO - Keepa Data tab found. Currently active: False
2026-03-10 08:22:26,826 - tools.amazon_playwright_extractor - INFO - Clicking Keepa 'Data' tab...
2026-03-10 08:22:29,136 - tools.amazon_playwright_extractor - INFO - Attempt 1/2: Waiting 12000ms for Product-Details wrapper...
2026-03-10 08:22:32,966 - tools.amazon_playwright_extractor - INFO - ? Product-Details wrapper appeared on attempt 1
2026-03-10 08:22:33,031 - tools.amazon_playwright_extractor - INFO - Parsing Keepa AG Grid for Product Details from: div#MoreTab1 div#grid-product-detail
2026-03-10 08:22:33,085 - tools.amazon_playwright_extractor - INFO - Primary attempt: Waiting 12 seconds for AG Grid rows to load...
2026-03-10 08:22:34,146 - tools.amazon_playwright_extractor - INFO - ? Primary attempt successful: 103 rows found
2026-03-10 08:22:34,170 - tools.amazon_playwright_extractor - INFO - Processing 103 rows in Keepa Product Details AG Grid.
2026-03-10 08:22:38,645 - tools.amazon_playwright_extractor - INFO - ? Successfully parsed 30 items from Keepa Product Details AG Grid.
2026-03-10 08:22:38,646 - tools.amazon_playwright_extractor - INFO - ASIN B0BS6NSKGB: Attempting to extract EANs from Keepa product_details_tab_data.
2026-03-10 08:22:38,646 - tools.amazon_playwright_extractor - INFO - ASIN B0BS6NSKGB: EAN '5056363612225' found in Keepa details via key 'Product Codes - EAN'.
2026-03-10 08:22:38,646 - tools.amazon_playwright_extractor - INFO - ASIN B0BS6NSKGB: BSR not found or invalid from page. Attempting fallback from Keepa.
2026-03-10 08:22:38,646 - tools.amazon_playwright_extractor - INFO - ASIN B0BS6NSKGB: BSR 1554546 in 'Home & Kitchen 0.3' from Keepa SalesRankDetailsTable.
2026-03-10 08:22:38,651 [INFO] WindowsSaveGuardian: ? ATOMIC SAVE: amazon_B0BS6NSKGB_5056519298952.json (30 entries) saved successfully
2026-03-10 08:22:38,651 - windows_save_guardian - INFO - ? ATOMIC SAVE: amazon_B0BS6NSKGB_5056519298952.json (30 entries) saved successfully
2026-03-10 08:22:38,655 [INFO] WindowsSaveGuardian: ? ATOMIC SAVE: linking_map.json (4 entries) saved successfully
2026-03-10 08:22:38,655 - windows_save_guardian - INFO - ? ATOMIC SAVE: linking_map.json (4 entries) saved successfully
2026-03-10 08:22:38,656 - __main__ - INFO - Linking map periodic flush: 4 entries
2026-03-10 08:22:38,661 [INFO] WindowsSaveGuardian: ? ATOMIC SAVE: angelwholesale_co_uk__sandbox__11317d42_processing_state.json (27 entries) saved successfully
2026-03-10 08:22:38,661 - windows_save_guardian - INFO - ? ATOMIC SAVE: angelwholesale_co_uk__sandbox__11317d42_processing_state.json (27 entries) saved successfully
2026-03-10 08:22:38,661 - utils.fixed_enhanced_state_manager - INFO -  ATOMIC SAVE
2026-03-10 08:22:38,663 [INFO] WindowsSaveGuardian: ? ATOMIC SAVE: angelwholesale_co_uk__sandbox__11317d42_processing_state.json (27 entries) saved successfully
2026-03-10 08:22:38,663 - windows_save_guardian - INFO - ? ATOMIC SAVE: angelwholesale_co_uk__sandbox__11317d42_processing_state.json (27 entries) saved successfully
2026-03-10 08:22:38,664 - utils.fixed_enhanced_state_manager - INFO -  ATOMIC SAVE
2026-03-10 08:22:38,664 - tools.amazon_playwright_extractor - INFO - Searching Amazon by EAN:  for supplier product: 'Coral Silk Square Favour Box' (FixedAmazonExtractor)
2026-03-10 08:22:38,664 - tools.amazon_playwright_extractor - INFO - Navigating to Amazon UK to search for EAN: 
2026-03-10 08:22:44,315 - tools.amazon_playwright_extractor - INFO - Waiting for search results page to load for EAN ...
2026-03-10 08:24:04,392 - tools.amazon_playwright_extractor - WARNING - No search results containers found for EAN 
2026-03-10 08:24:04,394 [INFO] WindowsSaveGuardian: ? ATOMIC SAVE: linking_map.json (5 entries) saved successfully
2026-03-10 08:24:04,394 - windows_save_guardian - INFO - ? ATOMIC SAVE: linking_map.json (5 entries) saved successfully
2026-03-10 08:24:04,395 - __main__ - INFO - Linking map periodic flush: 5 entries
2026-03-10 08:24:04,397 [INFO] WindowsSaveGuardian: ? ATOMIC SAVE: angelwholesale_co_uk__sandbox__11317d42_processing_state.json (27 entries) saved successfully
2026-03-10 08:24:04,397 - windows_save_guardian - INFO - ? ATOMIC SAVE: angelwholesale_co_uk__sandbox__11317d42_processing_state.json (27 entries) saved successfully
2026-03-10 08:24:04,398 - utils.fixed_enhanced_state_manager - INFO -  ATOMIC SAVE
2026-03-10 08:24:04,400 [INFO] WindowsSaveGuardian: ? ATOMIC SAVE: angelwholesale_co_uk__sandbox__11317d42_processing_state.json (27 entries) saved successfully
2026-03-10 08:24:04,400 - windows_save_guardian - INFO - ? ATOMIC SAVE: angelwholesale_co_uk__sandbox__11317d42_processing_state.json (27 entries) saved successfully
2026-03-10 08:24:04,401 - utils.fixed_enhanced_state_manager - INFO -  ATOMIC SAVE
2026-03-10 08:24:04,404 [INFO] WindowsSaveGuardian: ? ATOMIC SAVE: angelwholesale_co_uk__sandbox__11317d42_processing_state.json (27 entries) saved successfully
2026-03-10 08:24:04,404 - windows_save_guardian - INFO - ? ATOMIC SAVE: angelwholesale_co_uk__sandbox__11317d42_processing_state.json (27 entries) saved successfully
2026-03-10 08:24:04,404 - utils.fixed_enhanced_state_manager - INFO -  ATOMIC SAVE
2026-03-10 08:24:04,408 [INFO] WindowsSaveGuardian: ? ATOMIC SAVE: linking_map.json (5 entries) saved successfully
2026-03-10 08:24:04,408 - windows_save_guardian - INFO - ? ATOMIC SAVE: linking_map.json (5 entries) saved successfully
2026-03-10 08:24:04,409 - __main__ - INFO - Product list refresh complete: 4/5 matched
2026-03-10 08:24:04,409 - utils.browser_manager - WARNING - Error during global cleanup: no running event loop
Exception ignored in: <function BaseSubprocessTransport.__del__ at 0x0000020D79F48C20>
Traceback (most recent call last):
  File "C:\Python313\Lib\asyncio\base_subprocess.py", line 130, in __del__
  File "C:\Python313\Lib\asyncio\base_subprocess.py", line 107, in close
  File "C:\Python313\Lib\asyncio\proactor_events.py", line 109, in close
  File "C:\Python313\Lib\asyncio\base_events.py", line 827, in call_soon
  File "C:\Python313\Lib\asyncio\base_events.py", line 550, in _check_closed
RuntimeError: Event loop is closed
