2026-03-10 06:58:55,764 - __main__ - WARNING - Ignoring supplier identity from products file; job sandbox is authoritative. job=poundwholesale.co.uk__sandbox__158513e1 file=poundwholesale.co.uk
2026-03-10 06:58:55,764 - tools.amazon_playwright_extractor - WARNING - ?? BrowserCircuitBreaker not available - health management disabled
2026-03-10 06:58:55,764 - tools.amazon_playwright_extractor - INFO - AI features disabled in amazon_playwright_extractor - using only traditional selectors.
2026-03-10 06:58:55,764 - tools.amazon_playwright_extractor - INFO - Output directory set to: C:\Users\chris\Desktop\Amazon-FBA-Agent-System-v32 - latest good - Copy (8) - Copy - Copy - POSTLONGRUNPREKIRO2 beforecompletion-\OUTPUTS\CACHE\amazon_data
2026-03-10 06:58:55,764 - tools.amazon_playwright_extractor - WARNING - ?? BrowserManager not available, using legacy browser connection
2026-03-10 06:58:55,765 - tools.amazon_playwright_extractor - INFO - \U0001f527 FixedAmazonExtractor connecting via BrowserManager singleton
2026-03-10 06:58:55,766 - utils.browser_circuit_breaker - INFO - BrowserCircuitBreaker initialized: threshold=3, timeout=300s
2026-03-10 06:58:55,766 - utils.browser_manager - INFO - ?? BrowserManager singleton initialized with health management
2026-03-10 06:58:56,571 - utils.browser_manager - INFO - ?? Connecting to existing Chrome debug instance on port 9222
2026-03-10 06:58:56,571 - utils.browser_manager - INFO - ?? Per troubleshooting docs: Using existing Chrome debug only
2026-03-10 06:58:58,832 - utils.browser_manager - INFO - ? Chrome debug accessible on IPv4: Chrome/145.0.7632.160
2026-03-10 06:58:58,832 - utils.browser_manager - INFO - ?? Connecting to existing Chrome debug instance...
2026-03-10 06:59:00,868 - utils.browser_manager - INFO - ?? Using endpoint: http://localhost:9222
2026-03-10 06:59:01,507 - utils.browser_manager - INFO - ? Successfully connected to existing Chrome debug instance
2026-03-10 06:59:01,507 - utils.browser_manager - INFO - ?? Using existing context with 6 pages
2026-03-10 06:59:01,507 - utils.browser_manager - INFO - ?? Connected to existing Chrome: 145.0.7632.160
2026-03-10 06:59:01,507 - tools.amazon_playwright_extractor - INFO - \u2705 FixedAmazonExtractor connected via BrowserManager singleton
2026-03-10 06:59:01,508 - utils.browser_manager - INFO - ?? Reusing existing Chrome connection (port 9222)
2026-03-10 06:59:01,508 - utils.browser_manager - INFO - ?? Reusing existing page in persistent context.
2026-03-10 06:59:01,520 [INFO] WindowsSaveGuardian: ? ATOMIC SAVE: poundwholesale_co_uk__sandbox__158513e1_processing_state.json (27 entries) saved successfully
2026-03-10 06:59:01,520 - windows_save_guardian - INFO - ? ATOMIC SAVE: poundwholesale_co_uk__sandbox__158513e1_processing_state.json (27 entries) saved successfully
2026-03-10 06:59:01,520 - utils.fixed_enhanced_state_manager - INFO -  ATOMIC SAVE
2026-03-10 06:59:01,526 [INFO] WindowsSaveGuardian: ? ATOMIC SAVE: poundwholesale_co_uk__sandbox__158513e1_processing_state.json (27 entries) saved successfully
2026-03-10 06:59:01,526 - windows_save_guardian - INFO - ? ATOMIC SAVE: poundwholesale_co_uk__sandbox__158513e1_processing_state.json (27 entries) saved successfully
2026-03-10 06:59:01,527 - utils.fixed_enhanced_state_manager - INFO -  ATOMIC SAVE
2026-03-10 06:59:01,527 - tools.amazon_playwright_extractor - INFO - Searching Amazon by EAN: 5033849923051 for supplier product: 'Fairy Tale Pony & Carriage Assorted Colours' (FixedAmazonExtractor)
2026-03-10 06:59:01,527 - tools.amazon_playwright_extractor - INFO - Navigating to Amazon UK to search for EAN: 5033849923051
2026-03-10 06:59:19,209 - tools.amazon_playwright_extractor - INFO - Waiting for search results page to load for EAN 5033849923051...
2026-03-10 06:59:19,307 - tools.amazon_playwright_extractor - INFO - Found search results container with selector: div.s-search-results
2026-03-10 06:59:20,004 - tools.amazon_playwright_extractor - INFO - Found 4 search result elements using selector: div.s-result-item
2026-03-10 06:59:20,004 - tools.amazon_playwright_extractor - INFO - Processing 4 search result elements for EAN 5033849923051
2026-03-10 06:59:20,068 - tools.amazon_playwright_extractor - WARNING - ASIN extraction failed: All 4 fallbacks exhausted
2026-03-10 06:59:20,272 - tools.amazon_playwright_extractor - INFO - Found organic result: ASIN B0FNMXWP4N - New Bee Bluetooth Headset V5.1 Bluetooth Handsfree Earpiece ...
2026-03-10 06:59:20,333 - tools.amazon_playwright_extractor - WARNING - ASIN extraction failed: All 4 fallbacks exhausted
2026-03-10 06:59:20,378 - tools.amazon_playwright_extractor - WARNING - ASIN extraction failed: All 4 fallbacks exhausted
2026-03-10 06:59:20,379 - tools.amazon_playwright_extractor - INFO - \U0001f4ca SPONSORED FILTERING RESULTS: 1 organic products, 3 sponsored products filtered out
2026-03-10 06:59:20,379 - tools.amazon_playwright_extractor - INFO - \u2705 EAN SEARCH: Selected first organic result - ASIN B0FNMXWP4N
2026-03-10 06:59:20,379 - tools.amazon_playwright_extractor - INFO -    Trusting Amazon's search relevance for EAN 5033849923051
2026-03-10 06:59:20,379 - tools.amazon_playwright_extractor - INFO -    EAN will be extracted by Keepa during full product data extraction
2026-03-10 06:59:20,379 - tools.amazon_playwright_extractor - INFO - Single ASIN B0FNMXWP4N found for EAN 5033849923051.
2026-03-10 06:59:20,379 - tools.amazon_playwright_extractor - INFO - Proceeding with ASIN: B0FNMXWP4N for EAN: 5033849923051
2026-03-10 06:59:20,379 - tools.amazon_playwright_extractor - WARNING - No page object provided to extract_data for ASIN B0FNMXWP4N. Getting a new one from BrowserManager.
2026-03-10 06:59:20,379 - tools.amazon_playwright_extractor - INFO - Reusing existing page: https://www.amazon.co.uk/s?k=5033849923051&ref=nb_sb_noss
2026-03-10 06:59:24,168 - tools.amazon_playwright_extractor - INFO - Checking for cookie consent pop-up...
2026-03-10 06:59:28,645 - tools.amazon_playwright_extractor - INFO - Finished checking for cookie consent pop-ups. If one was present and not handled, it might interfere.
2026-03-10 06:59:29,660 - tools.amazon_playwright_extractor - INFO - Checking for CAPTCHA...
2026-03-10 06:59:32,672 - tools.amazon_playwright_extractor - INFO - No CAPTCHA page detected by form selector.
2026-03-10 06:59:32,672 - tools.amazon_playwright_extractor - INFO - Checking for cookie consent pop-up...
2026-03-10 06:59:32,978 - tools.amazon_playwright_extractor - INFO - Finished checking for cookie consent pop-ups. If one was present and not handled, it might interfere.
2026-03-10 06:59:32,978 - tools.amazon_playwright_extractor - INFO - Page should be ready. Waiting 5s for stabilization...
2026-03-10 06:59:37,986 - tools.amazon_playwright_extractor - INFO - Waiting an additional 7s for extensions (Keepa, SellerAmp)...
2026-03-10 06:59:45,002 - tools.amazon_playwright_extractor - INFO - Extracting all product data for ASIN: B0FNMXWP4N
2026-03-10 06:59:45,002 - tools.amazon_playwright_extractor - INFO - Extracting basic product information (Title, Price, Images, Amazon Details)...
2026-03-10 06:59:45,200 - tools.amazon_playwright_extractor - INFO - Title found: 'New Bee Bluetooth Headset V5.1 Bluetooth Handsfree Earpiece Dual Mic with 500mAh Charging Case 72Hrs Play Time Hands Free Phone Earpiece Wireless Headset for Driving/Business with Android iOS, Blue' via #productTitle
2026-03-10 06:59:45,200 - tools.amazon_playwright_extractor - INFO - Extracting price details...
2026-03-10 06:59:45,294 - tools.amazon_playwright_extractor - INFO - Current price: 24.95 via #corePrice_feature_div .a-offscreen
2026-03-10 06:59:45,871 - tools.amazon_playwright_extractor - INFO - Amazon sales badge found: 200 in container div#socialProofingAsinFaceout_feature_div
2026-03-10 06:59:45,872 - tools.amazon_playwright_extractor - INFO - Extracting image URLs...
2026-03-10 06:59:46,309 - tools.amazon_playwright_extractor - INFO - Main image: https://m.media-amazon.com/images/I/71DCOGbK0kL._AC_SL1500_.jpg via #landingImage
2026-03-10 06:59:50,016 - tools.amazon_playwright_extractor - INFO - Found 7 thumbnails.
2026-03-10 06:59:50,030 - tools.amazon_playwright_extractor - INFO - Extracting Amazon product details section...
2026-03-10 06:59:52,453 - tools.amazon_playwright_extractor - INFO - Extracting sales rank information...
2026-03-10 06:59:54,337 - tools.amazon_playwright_extractor - INFO - Extracting ratings and reviews...
2026-03-10 06:59:54,483 - tools.amazon_playwright_extractor - INFO - Rating: 4.5 via #acrPopover[title*='out of 5 stars']
2026-03-10 06:59:54,657 - tools.amazon_playwright_extractor - INFO - Review count: 495 via #acrCustomerReviewText
2026-03-10 06:59:54,657 - tools.amazon_playwright_extractor - INFO - Extracting stock information...
2026-03-10 06:59:54,885 - tools.amazon_playwright_extractor - INFO - Availability text: 'In stock' via #availability span.a-size-medium.a-color-success
2026-03-10 06:59:54,885 - tools.amazon_playwright_extractor - INFO - Extracting features/bullets...
2026-03-10 06:59:57,021 - tools.amazon_playwright_extractor - INFO - Found 5 features.
2026-03-10 06:59:57,021 - tools.amazon_playwright_extractor - INFO - Extracting product description...
2026-03-10 06:59:57,411 - tools.amazon_playwright_extractor - INFO - Description found using selector: #aplus_feature_div
2026-03-10 06:59:57,412 - tools.amazon_playwright_extractor - INFO - Extracting product specifications table...
2026-03-10 07:00:03,009 - tools.amazon_playwright_extractor - INFO - Specifications table parsed using selector: table.a-keyvalue.prodDetTable
2026-03-10 07:00:03,009 - tools.amazon_playwright_extractor - INFO - Extracting SellerAmp data (if present)...
2026-03-10 07:00:03,009 - tools.amazon_playwright_extractor - INFO - SellerAmp data extraction is currently disabled as per requirements (Fix 2.3).
2026-03-10 07:00:03,009 - tools.amazon_playwright_extractor - INFO - Extracting Keepa data (if present)...
2026-03-10 07:00:03,009 - tools.amazon_playwright_extractor - INFO - Attempting to extract Keepa data...
2026-03-10 07:00:09,196 - tools.amazon_playwright_extractor - INFO - Keepa iframe found: iframe[id*='keepa']
2026-03-10 07:00:09,391 - tools.amazon_playwright_extractor - INFO - Keepa Sales Rank Details Table parsed.
2026-03-10 07:00:09,391 - tools.amazon_playwright_extractor - INFO - Keepa Graph AI Analysis is currently disabled as per requirements (Fix 2.4).
2026-03-10 07:00:09,473 - tools.amazon_playwright_extractor - INFO - Keepa Data tab found. Currently active: False
2026-03-10 07:00:09,473 - tools.amazon_playwright_extractor - INFO - Clicking Keepa 'Data' tab...
2026-03-10 07:00:12,318 - tools.amazon_playwright_extractor - INFO - Attempt 1/2: Waiting 12000ms for Product-Details wrapper...
2026-03-10 07:00:24,327 - tools.amazon_playwright_extractor - WARNING - Product-Details wrapper timeout on attempt 1, retrying...
2026-03-10 07:00:29,340 - tools.amazon_playwright_extractor - INFO - Attempt 2/2: Waiting 12000ms for Product-Details wrapper...
2026-03-10 07:00:29,370 - tools.amazon_playwright_extractor - INFO - ? Product-Details wrapper appeared on attempt 2
2026-03-10 07:00:29,539 - tools.amazon_playwright_extractor - INFO - Parsing Keepa AG Grid for Product Details from: div#MoreTab1 div#grid-product-detail
2026-03-10 07:00:29,604 - tools.amazon_playwright_extractor - INFO - Primary attempt: Waiting 12 seconds for AG Grid rows to load...
2026-03-10 07:00:30,651 - tools.amazon_playwright_extractor - INFO - ? Primary attempt successful: 151 rows found
2026-03-10 07:00:30,672 - tools.amazon_playwright_extractor - INFO - Processing 151 rows in Keepa Product Details AG Grid.
2026-03-10 07:00:49,435 - tools.amazon_playwright_extractor - INFO - Found potential fee key 'FBA Pick&Pack Fee' with raw value: '｣ 2.82' in Keepa AG Grid.
2026-03-10 07:00:50,687 - tools.amazon_playwright_extractor - INFO - Found potential fee key 'Referral Fee based on current Buy Box price' with raw value: '｣ 3.74' in Keepa AG Grid.
2026-03-10 07:01:08,582 - tools.amazon_playwright_extractor - INFO - ? Successfully parsed 43 items from Keepa Product Details AG Grid.
2026-03-10 07:01:08,583 - tools.amazon_playwright_extractor - INFO - ASIN B0FNMXWP4N: Attempting to extract EANs from Keepa product_details_tab_data.
2026-03-10 07:01:08,583 - tools.amazon_playwright_extractor - WARNING - ASIN B0FNMXWP4N: Could not find EAN in Keepa product_details_tab_data.
2026-03-10 07:01:08,583 - tools.amazon_playwright_extractor - INFO - ASIN B0FNMXWP4N: BSR not found or invalid from page. Attempting fallback from Keepa.
2026-03-10 07:01:08,583 - tools.amazon_playwright_extractor - INFO - ASIN B0FNMXWP4N: BSR 6 in 'Single Ear Bluetooth Headsets 3' from Keepa SalesRankDetailsTable.
2026-03-10 07:01:08,583 - tools.amazon_playwright_extractor - INFO - \u2705 Recorded search method 'EAN' for ASIN B0FNMXWP4N
2026-03-10 07:01:08,583 - tools.amazon_playwright_extractor - INFO - Successfully extracted data for ASIN B0FNMXWP4N (EAN on page: N/A)
2026-03-10 07:01:08,589 [INFO] WindowsSaveGuardian: ? ATOMIC SAVE: amazon_B0FNMXWP4N_5033849923051.json (28 entries) saved successfully
2026-03-10 07:01:08,589 - windows_save_guardian - INFO - ? ATOMIC SAVE: amazon_B0FNMXWP4N_5033849923051.json (28 entries) saved successfully
2026-03-10 07:01:08,596 [INFO] WindowsSaveGuardian: ? ATOMIC SAVE: linking_map.json (1 entries) saved successfully
2026-03-10 07:01:08,596 - windows_save_guardian - INFO - ? ATOMIC SAVE: linking_map.json (1 entries) saved successfully
2026-03-10 07:01:08,596 - __main__ - INFO - Linking map periodic flush: 1 entries
2026-03-10 07:01:08,602 [INFO] WindowsSaveGuardian: ? ATOMIC SAVE: poundwholesale_co_uk__sandbox__158513e1_processing_state.json (27 entries) saved successfully
2026-03-10 07:01:08,602 - windows_save_guardian - INFO - ? ATOMIC SAVE: poundwholesale_co_uk__sandbox__158513e1_processing_state.json (27 entries) saved successfully
2026-03-10 07:01:08,603 - utils.fixed_enhanced_state_manager - INFO -  ATOMIC SAVE
2026-03-10 07:01:08,603 - tools.amazon_playwright_extractor - INFO - Searching Amazon by EAN:  for supplier product: 'Fire Rescue Police Cars, Bus & Fireman Play Set 4pc' (FixedAmazonExtractor)
2026-03-10 07:01:08,603 - tools.amazon_playwright_extractor - INFO - Navigating to Amazon UK to search for EAN: 
2026-03-10 07:01:24,653 - tools.amazon_playwright_extractor - INFO - Waiting for search results page to load for EAN ...
2026-03-10 07:02:44,770 - tools.amazon_playwright_extractor - WARNING - No search results containers found for EAN 
2026-03-10 07:02:44,775 [INFO] WindowsSaveGuardian: ? ATOMIC SAVE: linking_map.json (2 entries) saved successfully
2026-03-10 07:02:44,775 - windows_save_guardian - INFO - ? ATOMIC SAVE: linking_map.json (2 entries) saved successfully
2026-03-10 07:02:44,776 - __main__ - INFO - Linking map periodic flush: 2 entries
2026-03-10 07:02:44,780 [INFO] WindowsSaveGuardian: ? ATOMIC SAVE: poundwholesale_co_uk__sandbox__158513e1_processing_state.json (27 entries) saved successfully
2026-03-10 07:02:44,780 - windows_save_guardian - INFO - ? ATOMIC SAVE: poundwholesale_co_uk__sandbox__158513e1_processing_state.json (27 entries) saved successfully
2026-03-10 07:02:44,781 - utils.fixed_enhanced_state_manager - INFO -  ATOMIC SAVE
2026-03-10 07:02:44,781 - tools.amazon_playwright_extractor - INFO - Searching Amazon by EAN: 5056283863431 for supplier product: 'Hoot Dino Speed Racer CDU Assorted Colours' (FixedAmazonExtractor)
2026-03-10 07:02:44,781 - tools.amazon_playwright_extractor - INFO - Navigating to Amazon UK to search for EAN: 5056283863431
2026-03-10 07:02:52,039 - tools.amazon_playwright_extractor - INFO - Waiting for search results page to load for EAN 5056283863431...
2026-03-10 07:02:52,378 - tools.amazon_playwright_extractor - INFO - Found search results container with selector: div.s-search-results
2026-03-10 07:02:53,312 - tools.amazon_playwright_extractor - INFO - Found 7 search result elements using selector: div[data-component-type='s-search-result']
2026-03-10 07:02:53,312 - tools.amazon_playwright_extractor - INFO - Processing 7 search result elements for EAN 5056283863431
2026-03-10 07:02:55,805 - tools.amazon_playwright_extractor - INFO - \U0001f4ca SPONSORED FILTERING RESULTS: 0 organic products, 7 sponsored products filtered out
2026-03-10 07:02:55,806 - tools.amazon_playwright_extractor - WARNING - EAN 5056283863431 returned no organic results - skipping
2026-03-10 07:02:55,806 - tools.amazon_playwright_extractor - WARNING - No Amazon results or error for EAN '5056283863431'. Details: no_organic_results
2026-03-10 07:02:55,806 - tools.amazon_playwright_extractor - INFO - Falling back to title search for supplier product: 'Hoot Dino Speed Racer CDU Assorted Colours'
2026-03-10 07:02:55,806 - tools.amazon_playwright_extractor - INFO - Searching Amazon by title using search bar: 'Hoot Dino Speed Racer CDU Assorted Colours'
2026-03-10 07:02:55,806 - tools.amazon_playwright_extractor - INFO - Navigating to Amazon UK to search for title: Hoot Dino Speed Racer CDU Assorted Colours
2026-03-10 07:03:03,560 - tools.amazon_playwright_extractor - INFO - Title search found 10 elements using selector: div.s-search-results > div[data-asin]
2026-03-10 07:03:04,875 - tools.amazon_playwright_extractor - INFO - \u2705 Title search: Selected first visible organic product - ASIN B0D9XTZC2T
2026-03-10 07:03:04,875 - tools.amazon_playwright_extractor - INFO - \U0001f3af ASIN EXTRACTION SUCCESS: Found 1 ASINs for title search: 'Hoot Dino Speed Racer CDU Assorted Colours'
2026-03-10 07:03:04,875 - tools.amazon_playwright_extractor - INFO - Title search successful for 'Hoot Dino Speed Racer CDU Assorted Colours' after EAN '5056283863431' failed
2026-03-10 07:03:04,875 - tools.amazon_playwright_extractor - INFO - Extracting complete data for fallback ASIN B0D9XTZC2T from title search
2026-03-10 07:03:04,875 - tools.amazon_playwright_extractor - WARNING - No page object provided to extract_data for ASIN B0D9XTZC2T. Getting a new one from BrowserManager.
2026-03-10 07:03:04,875 - tools.amazon_playwright_extractor - INFO - Reusing existing page: https://www.amazon.co.uk/s?k=Hoot+Dino+Speed+Racer+CDU+Assorted+Colours&ref=nb_sb_noss
2026-03-10 07:03:08,003 - tools.amazon_playwright_extractor - INFO - Checking for cookie consent pop-up...
2026-03-10 07:03:14,584 - tools.amazon_playwright_extractor - INFO - Finished checking for cookie consent pop-ups. If one was present and not handled, it might interfere.
2026-03-10 07:03:15,591 - tools.amazon_playwright_extractor - INFO - Checking for CAPTCHA...
2026-03-10 07:03:18,598 - tools.amazon_playwright_extractor - INFO - No CAPTCHA page detected by form selector.
2026-03-10 07:03:18,598 - tools.amazon_playwright_extractor - INFO - Checking for cookie consent pop-up...
2026-03-10 07:03:18,762 - tools.amazon_playwright_extractor - INFO - Finished checking for cookie consent pop-ups. If one was present and not handled, it might interfere.
2026-03-10 07:03:18,763 - tools.amazon_playwright_extractor - INFO - Page should be ready. Waiting 5s for stabilization...
2026-03-10 07:03:23,767 - tools.amazon_playwright_extractor - INFO - Waiting an additional 7s for extensions (Keepa, SellerAmp)...
