2026-02-12 08:11:19,223 [INFO] WindowsSaveGuardian: ? ATOMIC SAVE: angelwholesale-co-uk_products_cache.json (6 entries) saved successfully
2026-02-12 08:11:19,223 - windows_save_guardian - INFO - ? ATOMIC SAVE: angelwholesale-co-uk_products_cache.json (6 entries) saved successfully
2026-02-12 08:11:19,224 - tools.amazon_playwright_extractor - WARNING - ?? BrowserCircuitBreaker not available - health management disabled
2026-02-12 08:11:19,224 - tools.amazon_playwright_extractor - INFO - AI features disabled in amazon_playwright_extractor - using only traditional selectors.
2026-02-12 08:11:19,224 - tools.amazon_playwright_extractor - INFO - Output directory set to: C:\Users\chris\Desktop\Amazon-FBA-Agent-System-v32 - latest good - Copy (8) - Copy - Copy - POSTLONGRUNPREKIRO2 beforecompletion-\OUTPUTS\CACHE\amazon_data
2026-02-12 08:11:19,227 - tools.amazon_playwright_extractor - WARNING - ?? BrowserManager not available, using legacy browser connection
2026-02-12 08:11:19,228 - tools.amazon_playwright_extractor - INFO - \U0001f527 FixedAmazonExtractor connecting via BrowserManager singleton
2026-02-12 08:11:19,229 - utils.browser_circuit_breaker - INFO - BrowserCircuitBreaker initialized: threshold=3, timeout=300s
2026-02-12 08:11:19,229 - utils.browser_manager - INFO - ?? BrowserManager singleton initialized with health management
2026-02-12 08:11:19,616 - utils.browser_manager - INFO - ?? Connecting to existing Chrome debug instance on port 9222
2026-02-12 08:11:19,616 - utils.browser_manager - INFO - ?? Per troubleshooting docs: Using existing Chrome debug only
2026-02-12 08:11:21,777 - utils.browser_manager - INFO - ? Chrome debug accessible on IPv4: Chrome/144.0.7559.133
2026-02-12 08:11:21,778 - utils.browser_manager - INFO - ?? Connecting to existing Chrome debug instance...
2026-02-12 08:11:23,810 - utils.browser_manager - INFO - ?? Using endpoint: http://localhost:9222
2026-02-12 08:11:23,911 - utils.browser_manager - INFO - ? Successfully connected to existing Chrome debug instance
2026-02-12 08:11:23,911 - utils.browser_manager - INFO - ?? Using existing context with 1 pages
2026-02-12 08:11:23,911 - utils.browser_manager - INFO - ?? Connected to existing Chrome: 144.0.7559.133
2026-02-12 08:11:23,911 - tools.amazon_playwright_extractor - INFO - \u2705 FixedAmazonExtractor connected via BrowserManager singleton
2026-02-12 08:11:23,911 - utils.browser_manager - INFO - ?? Reusing existing Chrome connection (port 9222)
2026-02-12 08:11:23,911 - utils.browser_manager - INFO - ?? Reusing existing page in persistent context.
2026-02-12 08:11:23,912 - tools.amazon_playwright_extractor - INFO - Searching Amazon by EAN: 5012866069058 for supplier product: '3pcs Mosaic Vehicles  by AtoZ Toys' (FixedAmazonExtractor)
2026-02-12 08:11:23,912 - tools.amazon_playwright_extractor - INFO - Navigating to Amazon UK to search for EAN: 5012866069058
2026-02-12 08:11:28,793 - tools.amazon_playwright_extractor - INFO - Waiting for search results page to load for EAN 5012866069058...
2026-02-12 08:11:28,842 - tools.amazon_playwright_extractor - INFO - Found search results container with selector: div.s-search-results
2026-02-12 08:11:29,487 - tools.amazon_playwright_extractor - INFO - Found 6 search result elements using selector: div[data-component-type='s-search-result']
2026-02-12 08:11:29,487 - tools.amazon_playwright_extractor - INFO - Processing 6 search result elements for EAN 5012866069058
2026-02-12 08:11:29,606 - tools.amazon_playwright_extractor - INFO - \U0001f4ca SPONSORED FILTERING RESULTS: 0 organic products, 6 sponsored products filtered out
2026-02-12 08:11:29,607 - tools.amazon_playwright_extractor - WARNING - EAN 5012866069058 returned no organic results - skipping
2026-02-12 08:11:29,607 - tools.amazon_playwright_extractor - WARNING - No Amazon results or error for EAN '5012866069058'. Details: no_organic_results
2026-02-12 08:11:29,607 - tools.amazon_playwright_extractor - INFO - Falling back to title search for supplier product: '3pcs Mosaic Vehicles  by AtoZ Toys'
2026-02-12 08:11:29,607 - tools.amazon_playwright_extractor - INFO - Searching Amazon by title using search bar: '3pcs Mosaic Vehicles  by AtoZ Toys'
2026-02-12 08:11:29,607 - tools.amazon_playwright_extractor - INFO - Navigating to Amazon UK to search for title: 3pcs Mosaic Vehicles  by AtoZ Toys
2026-02-12 08:11:33,865 - tools.amazon_playwright_extractor - INFO - Title search found 57 elements using selector: div.s-search-results > div[data-asin]
2026-02-12 08:11:33,958 - tools.amazon_playwright_extractor - WARNING - ASIN extraction failed: All 4 fallbacks exhausted
2026-02-12 08:11:34,129 - tools.amazon_playwright_extractor - INFO - \u2705 Title search: Selected first visible organic product - ASIN B0FDF3G22H
2026-02-12 08:11:34,129 - tools.amazon_playwright_extractor - INFO - \U0001f3af ASIN EXTRACTION SUCCESS: Found 1 ASINs for title search: '3pcs Mosaic Vehicles  by AtoZ Toys'
2026-02-12 08:11:34,129 - tools.amazon_playwright_extractor - INFO - Title search successful for '3pcs Mosaic Vehicles  by AtoZ Toys' after EAN '5012866069058' failed
2026-02-12 08:11:34,129 - tools.amazon_playwright_extractor - INFO - Extracting complete data for fallback ASIN B0FDF3G22H from title search
2026-02-12 08:11:34,129 - tools.amazon_playwright_extractor - WARNING - No page object provided to extract_data for ASIN B0FDF3G22H. Getting a new one from BrowserManager.
2026-02-12 08:11:34,129 - tools.amazon_playwright_extractor - INFO - Reusing existing page: https://www.amazon.co.uk/s?k=3pcs+Mosaic+Vehicles+by+AtoZ+Toys&ref=nb_sb_noss
2026-02-12 08:11:36,233 - tools.amazon_playwright_extractor - INFO - Checking for cookie consent pop-up...
2026-02-12 08:11:36,431 - tools.amazon_playwright_extractor - INFO - Finished checking for cookie consent pop-ups. If one was present and not handled, it might interfere.
2026-02-12 08:11:37,435 - tools.amazon_playwright_extractor - INFO - Checking for CAPTCHA...
2026-02-12 08:11:40,456 - tools.amazon_playwright_extractor - INFO - No CAPTCHA page detected by form selector.
2026-02-12 08:11:40,456 - tools.amazon_playwright_extractor - INFO - Checking for cookie consent pop-up...
2026-02-12 08:11:40,525 - tools.amazon_playwright_extractor - INFO - Finished checking for cookie consent pop-ups. If one was present and not handled, it might interfere.
2026-02-12 08:11:40,525 - tools.amazon_playwright_extractor - INFO - Page should be ready. Waiting 5s for stabilization...
2026-02-12 08:11:45,528 - tools.amazon_playwright_extractor - INFO - Waiting an additional 7s for extensions (Keepa, SellerAmp)...
2026-02-12 08:11:52,531 - tools.amazon_playwright_extractor - INFO - Extracting all product data for ASIN: B0FDF3G22H
2026-02-12 08:11:52,532 - tools.amazon_playwright_extractor - INFO - Extracting basic product information (Title, Price, Images, Amazon Details)...
2026-02-12 08:11:52,566 - tools.amazon_playwright_extractor - INFO - Title found: '8 Pcs 3D Mosaic Stickers Set Toy for Kids Adults,Fun DIY 3D Vehicles Theme Stickers with Tweezers,Sticky Crafts Activities Travel Toy for Aged 3 Years+ (Vehicles)' via #productTitle
2026-02-12 08:11:52,566 - tools.amazon_playwright_extractor - INFO - Extracting price details...
2026-02-12 08:11:52,589 - tools.amazon_playwright_extractor - INFO - Current price: 9.99 via #corePrice_feature_div .a-offscreen
2026-02-12 08:11:52,643 - tools.amazon_playwright_extractor - INFO - Original price: 14.99 via span.a-price.a-text-price[data-a-strike='true'] span.a-offscreen
2026-02-12 08:11:52,685 - tools.amazon_playwright_extractor - INFO - Extracting image URLs...
2026-02-12 08:11:52,720 - tools.amazon_playwright_extractor - INFO - Main image: https://m.media-amazon.com/images/I/61YfVUfUpiL._AC_SX679_.jpg via #landingImage
2026-02-12 08:11:52,820 - tools.amazon_playwright_extractor - INFO - Found 7 thumbnails.
2026-02-12 08:11:52,826 - tools.amazon_playwright_extractor - INFO - Extracting Amazon product details section...
2026-02-12 08:11:53,006 - tools.amazon_playwright_extractor - INFO - Extracting sales rank information...
2026-02-12 08:11:53,156 - tools.amazon_playwright_extractor - INFO - Extracting ratings and reviews...
2026-02-12 08:11:53,207 - tools.amazon_playwright_extractor - INFO - Rating: 4.6 via i[class*='a-icon-star'] span.a-icon-alt
2026-02-12 08:11:53,286 - tools.amazon_playwright_extractor - INFO - Extracting stock information...
2026-02-12 08:11:53,307 - tools.amazon_playwright_extractor - INFO - Availability text: 'In stock' via #availability span.a-size-medium.a-color-success
2026-02-12 08:11:53,307 - tools.amazon_playwright_extractor - INFO - Extracting features/bullets...
2026-02-12 08:11:53,650 - tools.amazon_playwright_extractor - INFO - Found 5 features.
2026-02-12 08:11:53,650 - tools.amazon_playwright_extractor - INFO - Extracting product description...
2026-02-12 08:11:53,770 - tools.amazon_playwright_extractor - INFO - Extracting product specifications table...
2026-02-12 08:11:54,067 - tools.amazon_playwright_extractor - INFO - Specifications table parsed using selector: table.a-keyvalue.prodDetTable
2026-02-12 08:11:54,067 - tools.amazon_playwright_extractor - INFO - Extracting SellerAmp data (if present)...
2026-02-12 08:11:54,067 - tools.amazon_playwright_extractor - INFO - SellerAmp data extraction is currently disabled as per requirements (Fix 2.3).
2026-02-12 08:11:54,067 - tools.amazon_playwright_extractor - INFO - Extracting Keepa data (if present)...
2026-02-12 08:11:54,068 - tools.amazon_playwright_extractor - INFO - Attempting to extract Keepa data...
2026-02-12 08:12:00,138 - tools.amazon_playwright_extractor - INFO - Keepa iframe found: iframe[id*='keepa']
2026-02-12 08:12:00,271 - tools.amazon_playwright_extractor - INFO - Keepa Sales Rank Details Table parsed.
2026-02-12 08:12:00,271 - tools.amazon_playwright_extractor - INFO - Keepa Graph AI Analysis is currently disabled as per requirements (Fix 2.4).
2026-02-12 08:12:00,303 - tools.amazon_playwright_extractor - INFO - Keepa Data tab found. Currently active: False
2026-02-12 08:12:00,303 - tools.amazon_playwright_extractor - INFO - Clicking Keepa 'Data' tab...
2026-02-12 08:12:02,539 - tools.amazon_playwright_extractor - INFO - Attempt 1/2: Waiting 12000ms for Product-Details wrapper...
2026-02-12 08:12:04,106 - tools.amazon_playwright_extractor - INFO - ? Product-Details wrapper appeared on attempt 1
2026-02-12 08:12:04,163 - tools.amazon_playwright_extractor - INFO - Parsing Keepa AG Grid for Product Details from: div#MoreTab1 div#grid-product-detail
2026-02-12 08:12:04,198 - tools.amazon_playwright_extractor - INFO - Primary attempt: Waiting 12 seconds for AG Grid rows to load...
2026-02-12 08:12:05,241 - tools.amazon_playwright_extractor - INFO - ? Primary attempt successful: 142 rows found
2026-02-12 08:12:05,254 - tools.amazon_playwright_extractor - INFO - Processing 142 rows in Keepa Product Details AG Grid.
2026-02-12 08:12:06,653 - tools.amazon_playwright_extractor - INFO - Found potential fee key 'FBA Pick&Pack Fee' with raw value: 'Ł 1.70' in Keepa AG Grid.
2026-02-12 08:12:06,787 - tools.amazon_playwright_extractor - INFO - Found potential fee key 'Referral Fee based on current Buy Box price' with raw value: 'Ł 0.80' in Keepa AG Grid.
2026-02-12 08:12:10,043 - tools.amazon_playwright_extractor - INFO - ? Successfully parsed 40 items from Keepa Product Details AG Grid.
2026-02-12 08:12:10,043 - tools.amazon_playwright_extractor - INFO - ASIN B0FDF3G22H: Attempting to extract EANs from Keepa product_details_tab_data.
2026-02-12 08:12:10,043 - tools.amazon_playwright_extractor - INFO - ASIN B0FDF3G22H: EAN '8901606314022' found in Keepa details via key 'Product Codes - EAN'.
2026-02-12 08:12:10,044 - tools.amazon_playwright_extractor - INFO - ASIN B0FDF3G22H: BSR not found or invalid from page. Attempting fallback from Keepa.
2026-02-12 08:12:10,044 - tools.amazon_playwright_extractor - INFO - ASIN B0FDF3G22H: BSR 311838 in 'Toys & Games 1.0' from Keepa SalesRankDetailsTable.
2026-02-12 08:12:10,051 [INFO] WindowsSaveGuardian: ? ATOMIC SAVE: amazon_B0FDF3G22H_5012866069058.json (29 entries) saved successfully
2026-02-12 08:12:10,051 - windows_save_guardian - INFO - ? ATOMIC SAVE: amazon_B0FDF3G22H_5012866069058.json (29 entries) saved successfully
2026-02-12 08:12:10,051 - tools.amazon_playwright_extractor - INFO - Searching Amazon by EAN: 5012866625032 for supplier product: 'Abc Train Set Med  by AtoZ Toys' (FixedAmazonExtractor)
2026-02-12 08:12:10,051 - tools.amazon_playwright_extractor - INFO - Navigating to Amazon UK to search for EAN: 5012866625032
2026-02-12 08:12:14,175 - tools.amazon_playwright_extractor - INFO - Waiting for search results page to load for EAN 5012866625032...
2026-02-12 08:12:14,243 - tools.amazon_playwright_extractor - INFO - Found search results container with selector: div.s-search-results
2026-02-12 08:12:14,954 - tools.amazon_playwright_extractor - INFO - Found 6 search result elements using selector: div[data-component-type='s-search-result']
2026-02-12 08:12:14,954 - tools.amazon_playwright_extractor - INFO - Processing 6 search result elements for EAN 5012866625032
2026-02-12 08:12:15,057 - tools.amazon_playwright_extractor - INFO - \U0001f4ca SPONSORED FILTERING RESULTS: 0 organic products, 6 sponsored products filtered out
2026-02-12 08:12:15,057 - tools.amazon_playwright_extractor - WARNING - EAN 5012866625032 returned no organic results - skipping
2026-02-12 08:12:15,057 - tools.amazon_playwright_extractor - WARNING - No Amazon results or error for EAN '5012866625032'. Details: no_organic_results
2026-02-12 08:12:15,057 - tools.amazon_playwright_extractor - INFO - Falling back to title search for supplier product: 'Abc Train Set Med  by AtoZ Toys'
2026-02-12 08:12:15,057 - tools.amazon_playwright_extractor - INFO - Searching Amazon by title using search bar: 'Abc Train Set Med  by AtoZ Toys'
2026-02-12 08:12:15,057 - tools.amazon_playwright_extractor - INFO - Navigating to Amazon UK to search for title: Abc Train Set Med  by AtoZ Toys
2026-02-12 08:12:19,488 - tools.amazon_playwright_extractor - INFO - Title search found 71 elements using selector: div.s-search-results > div[data-asin]
2026-02-12 08:12:19,571 - tools.amazon_playwright_extractor - WARNING - ASIN extraction failed: All 4 fallbacks exhausted
2026-02-12 08:12:19,737 - tools.amazon_playwright_extractor - INFO - \u2705 Title search: Selected first visible organic product - ASIN B01IWX5EVQ
2026-02-12 08:12:19,737 - tools.amazon_playwright_extractor - INFO - \U0001f3af ASIN EXTRACTION SUCCESS: Found 1 ASINs for title search: 'Abc Train Set Med  by AtoZ Toys'
2026-02-12 08:12:19,737 - tools.amazon_playwright_extractor - INFO - Title search successful for 'Abc Train Set Med  by AtoZ Toys' after EAN '5012866625032' failed
2026-02-12 08:12:19,737 - tools.amazon_playwright_extractor - INFO - Extracting complete data for fallback ASIN B01IWX5EVQ from title search
2026-02-12 08:12:19,737 - tools.amazon_playwright_extractor - WARNING - No page object provided to extract_data for ASIN B01IWX5EVQ. Getting a new one from BrowserManager.
2026-02-12 08:12:19,738 - tools.amazon_playwright_extractor - INFO - Reusing existing page: https://www.amazon.co.uk/s?k=Abc+Train+Set+Med+by+AtoZ+Toys&ref=nb_sb_noss
2026-02-12 08:12:22,186 - tools.amazon_playwright_extractor - INFO - Checking for cookie consent pop-up...
2026-02-12 08:12:22,637 - tools.amazon_playwright_extractor - INFO - Finished checking for cookie consent pop-ups. If one was present and not handled, it might interfere.
2026-02-12 08:12:23,649 - tools.amazon_playwright_extractor - INFO - Checking for CAPTCHA...
2026-02-12 08:12:26,662 - tools.amazon_playwright_extractor - INFO - No CAPTCHA page detected by form selector.
2026-02-12 08:12:26,662 - tools.amazon_playwright_extractor - INFO - Checking for cookie consent pop-up...
2026-02-12 08:12:26,752 - tools.amazon_playwright_extractor - INFO - Finished checking for cookie consent pop-ups. If one was present and not handled, it might interfere.
2026-02-12 08:12:26,752 - tools.amazon_playwright_extractor - INFO - Page should be ready. Waiting 5s for stabilization...
2026-02-12 08:12:31,754 - tools.amazon_playwright_extractor - INFO - Waiting an additional 7s for extensions (Keepa, SellerAmp)...
2026-02-12 08:12:38,767 - tools.amazon_playwright_extractor - INFO - Extracting all product data for ASIN: B01IWX5EVQ
2026-02-12 08:12:38,767 - tools.amazon_playwright_extractor - INFO - Extracting basic product information (Title, Price, Images, Amazon Details)...
2026-02-12 08:12:38,806 - tools.amazon_playwright_extractor - INFO - Title found: 'MEGA BLOKS First Builders Toddler Building Blocks Toy Set, ABC Learning Train with 60 Pieces, Ages 1+ Years, DXH35' via #productTitle
2026-02-12 08:12:38,806 - tools.amazon_playwright_extractor - INFO - Extracting price details...
2026-02-12 08:12:38,840 - tools.amazon_playwright_extractor - INFO - Current price: 7.99 via #corePrice_feature_div .a-offscreen
2026-02-12 08:12:38,921 - tools.amazon_playwright_extractor - INFO - Original price: 11.99 via span.a-price.a-text-price[data-a-strike='true'] span.a-offscreen
2026-02-12 08:12:39,005 - tools.amazon_playwright_extractor - INFO - Extracting image URLs...
2026-02-12 08:12:39,073 - tools.amazon_playwright_extractor - INFO - Main image: https://m.media-amazon.com/images/I/81C8zMI0isL._AC_SL1500_.jpg via #landingImage
2026-02-12 08:12:39,195 - tools.amazon_playwright_extractor - INFO - Found 7 thumbnails.
2026-02-12 08:12:39,204 - tools.amazon_playwright_extractor - INFO - Extracting Amazon product details section...
2026-02-12 08:12:39,365 - tools.amazon_playwright_extractor - INFO - Extracting sales rank information...
2026-02-12 08:12:39,676 - tools.amazon_playwright_extractor - INFO - Extracting ratings and reviews...
2026-02-12 08:12:39,715 - tools.amazon_playwright_extractor - INFO - Rating: 4.7 via #acrPopover[title*='out of 5 stars']
2026-02-12 08:12:39,739 - tools.amazon_playwright_extractor - INFO - Review count: 5922 via #acrCustomerReviewText
2026-02-12 08:12:39,740 - tools.amazon_playwright_extractor - INFO - Extracting stock information...
2026-02-12 08:12:39,764 - tools.amazon_playwright_extractor - INFO - Availability text: 'In stock' via #availability span.a-size-medium.a-color-success
2026-02-12 08:12:39,764 - tools.amazon_playwright_extractor - INFO - Extracting features/bullets...
2026-02-12 08:12:40,001 - tools.amazon_playwright_extractor - INFO - Found 5 features.
2026-02-12 08:12:40,001 - tools.amazon_playwright_extractor - INFO - Extracting product description...
2026-02-12 08:12:40,046 - tools.amazon_playwright_extractor - INFO - Description found using selector: #aplus_feature_div
2026-02-12 08:12:40,046 - tools.amazon_playwright_extractor - INFO - Extracting product specifications table...
2026-02-12 08:12:41,116 - tools.amazon_playwright_extractor - INFO - Specifications table parsed using selector: table.a-keyvalue.prodDetTable
2026-02-12 08:12:41,116 - tools.amazon_playwright_extractor - INFO - Extracting SellerAmp data (if present)...
2026-02-12 08:12:41,116 - tools.amazon_playwright_extractor - INFO - SellerAmp data extraction is currently disabled as per requirements (Fix 2.3).
2026-02-12 08:12:41,116 - tools.amazon_playwright_extractor - INFO - Extracting Keepa data (if present)...
2026-02-12 08:12:41,116 - tools.amazon_playwright_extractor - INFO - Attempting to extract Keepa data...
2026-02-12 08:12:47,212 - tools.amazon_playwright_extractor - INFO - Keepa iframe found: iframe[id*='keepa']
2026-02-12 08:12:47,303 - tools.amazon_playwright_extractor - INFO - Keepa Sales Rank Details Table parsed.
2026-02-12 08:12:47,303 - tools.amazon_playwright_extractor - INFO - Keepa Graph AI Analysis is currently disabled as per requirements (Fix 2.4).
2026-02-12 08:12:47,333 - tools.amazon_playwright_extractor - INFO - Keepa Data tab found. Currently active: False
2026-02-12 08:12:47,333 - tools.amazon_playwright_extractor - INFO - Clicking Keepa 'Data' tab...
2026-02-12 08:12:49,639 - tools.amazon_playwright_extractor - INFO - Attempt 1/2: Waiting 12000ms for Product-Details wrapper...
2026-02-12 08:12:53,681 - tools.amazon_playwright_extractor - INFO - ? Product-Details wrapper appeared on attempt 1
2026-02-12 08:12:53,729 - tools.amazon_playwright_extractor - INFO - Parsing Keepa AG Grid for Product Details from: div#MoreTab1 div#grid-product-detail
2026-02-12 08:12:53,777 - tools.amazon_playwright_extractor - INFO - Primary attempt: Waiting 12 seconds for AG Grid rows to load...
2026-02-12 08:12:54,845 - tools.amazon_playwright_extractor - INFO - ? Primary attempt successful: 181 rows found
2026-02-12 08:12:54,879 - tools.amazon_playwright_extractor - INFO - Processing 181 rows in Keepa Product Details AG Grid.
2026-02-12 08:13:00,928 - tools.amazon_playwright_extractor - WARNING - ? No data parsed from Keepa Product Details AG Grid via selectors.
2026-02-12 08:13:00,928 - tools.amazon_playwright_extractor - INFO - ASIN B01IWX5EVQ: BSR not found or invalid from page. Attempting fallback from Keepa.
2026-02-12 08:13:00,929 - tools.amazon_playwright_extractor - INFO - ASIN B01IWX5EVQ: BSR 420 in 'Toys & Games 34' from Keepa SalesRankDetailsTable.
2026-02-12 08:13:00,937 [INFO] WindowsSaveGuardian: ? ATOMIC SAVE: amazon_B01IWX5EVQ_5012866625032.json (26 entries) saved successfully
2026-02-12 08:13:00,937 - windows_save_guardian - INFO - ? ATOMIC SAVE: amazon_B01IWX5EVQ_5012866625032.json (26 entries) saved successfully
2026-02-12 08:13:00,938 - tools.amazon_playwright_extractor - INFO - Searching Amazon by EAN: 5055499001200 for supplier product: 'Muslinz 6pk Green Quality Muslin Squares 100% Cotton' (FixedAmazonExtractor)
2026-02-12 08:13:00,938 - tools.amazon_playwright_extractor - INFO - Navigating to Amazon UK to search for EAN: 5055499001200
2026-02-12 08:13:05,349 - tools.amazon_playwright_extractor - INFO - Waiting for search results page to load for EAN 5055499001200...
2026-02-12 08:13:05,389 - tools.amazon_playwright_extractor - INFO - Found search results container with selector: div.s-search-results
2026-02-12 08:13:06,077 - tools.amazon_playwright_extractor - INFO - Found 7 search result elements using selector: div[data-component-type='s-search-result']
2026-02-12 08:13:06,077 - tools.amazon_playwright_extractor - INFO - Processing 7 search result elements for EAN 5055499001200
2026-02-12 08:13:06,195 - tools.amazon_playwright_extractor - INFO - Found organic result: ASIN B00DIB9O2I - MuslinZ Muslin Cloths for Baby - Baby Burp Cloths - 6 Pack M...
2026-02-12 08:13:06,307 - tools.amazon_playwright_extractor - INFO - \U0001f4ca SPONSORED FILTERING RESULTS: 1 organic products, 6 sponsored products filtered out
2026-02-12 08:13:06,307 - tools.amazon_playwright_extractor - INFO - \u2705 EAN SEARCH: Selected first organic result - ASIN B00DIB9O2I
2026-02-12 08:13:06,307 - tools.amazon_playwright_extractor - INFO -    Trusting Amazon's search relevance for EAN 5055499001200
2026-02-12 08:13:06,307 - tools.amazon_playwright_extractor - INFO -    EAN will be extracted by Keepa during full product data extraction
2026-02-12 08:13:06,307 - tools.amazon_playwright_extractor - INFO - Single ASIN B00DIB9O2I found for EAN 5055499001200.
2026-02-12 08:13:06,307 - tools.amazon_playwright_extractor - INFO - Proceeding with ASIN: B00DIB9O2I for EAN: 5055499001200
2026-02-12 08:13:06,307 - tools.amazon_playwright_extractor - WARNING - No page object provided to extract_data for ASIN B00DIB9O2I. Getting a new one from BrowserManager.
2026-02-12 08:13:06,307 - tools.amazon_playwright_extractor - INFO - Reusing existing page: https://www.amazon.co.uk/s?k=5055499001200&ref=nb_sb_noss
2026-02-12 08:13:08,598 - tools.amazon_playwright_extractor - INFO - Checking for cookie consent pop-up...
2026-02-12 08:13:09,127 - tools.amazon_playwright_extractor - INFO - Finished checking for cookie consent pop-ups. If one was present and not handled, it might interfere.
2026-02-12 08:13:10,132 - tools.amazon_playwright_extractor - INFO - Checking for CAPTCHA...
2026-02-12 08:13:13,140 - tools.amazon_playwright_extractor - INFO - No CAPTCHA page detected by form selector.
2026-02-12 08:13:13,141 - tools.amazon_playwright_extractor - INFO - Checking for cookie consent pop-up...
2026-02-12 08:13:13,232 - tools.amazon_playwright_extractor - INFO - Finished checking for cookie consent pop-ups. If one was present and not handled, it might interfere.
2026-02-12 08:13:13,232 - tools.amazon_playwright_extractor - INFO - Page should be ready. Waiting 5s for stabilization...
2026-02-12 08:13:18,242 - tools.amazon_playwright_extractor - INFO - Waiting an additional 7s for extensions (Keepa, SellerAmp)...
2026-02-12 08:13:25,249 - tools.amazon_playwright_extractor - INFO - Extracting all product data for ASIN: B00DIB9O2I
2026-02-12 08:13:25,250 - tools.amazon_playwright_extractor - INFO - Extracting basic product information (Title, Price, Images, Amazon Details)...
2026-02-12 08:13:25,288 - tools.amazon_playwright_extractor - INFO - Title found: 'MuslinZ Muslin Cloths for Baby - Baby Burp Cloths - 6 Pack Muslin Squares - Large 70x70cm - Pure Cotton - Soft, Absorbent & Breathable - Multi Use Newborn Cloths - UK Brand (Blue)' via #productTitle
2026-02-12 08:13:25,288 - tools.amazon_playwright_extractor - INFO - Extracting price details...
2026-02-12 08:13:25,308 - tools.amazon_playwright_extractor - INFO - Current price: 13.99 via #corePrice_feature_div .a-offscreen
2026-02-12 08:13:25,353 - tools.amazon_playwright_extractor - INFO - Original price: 15.99 via .basisPrice span.a-text-price span.a-offscreen
2026-02-12 08:13:25,408 - tools.amazon_playwright_extractor - INFO - Extracting image URLs...
2026-02-12 08:13:25,453 - tools.amazon_playwright_extractor - INFO - Main image: https://m.media-amazon.com/images/I/81aVgxLwwOL._AC_SL1500_.jpg via #landingImage
2026-02-12 08:13:25,557 - tools.amazon_playwright_extractor - INFO - Found 7 thumbnails.
2026-02-12 08:13:25,563 - tools.amazon_playwright_extractor - INFO - Extracting Amazon product details section...
2026-02-12 08:13:25,739 - tools.amazon_playwright_extractor - INFO - Extracting sales rank information...
2026-02-12 08:13:25,981 - tools.amazon_playwright_extractor - INFO - Extracting ratings and reviews...
2026-02-12 08:13:26,005 - tools.amazon_playwright_extractor - INFO - Rating: 4.8 via #acrPopover[title*='out of 5 stars']
2026-02-12 08:13:26,036 - tools.amazon_playwright_extractor - INFO - Review count: 2390 via #acrCustomerReviewText
2026-02-12 08:13:26,036 - tools.amazon_playwright_extractor - INFO - Extracting stock information...
2026-02-12 08:13:26,060 - tools.amazon_playwright_extractor - INFO - Availability text: 'In stock' via #availability span.a-size-medium.a-color-success
2026-02-12 08:13:26,060 - tools.amazon_playwright_extractor - INFO - Extracting features/bullets...
2026-02-12 08:13:26,357 - tools.amazon_playwright_extractor - INFO - Found 5 features.
2026-02-12 08:13:26,357 - tools.amazon_playwright_extractor - INFO - Extracting product description...
2026-02-12 08:13:26,407 - tools.amazon_playwright_extractor - INFO - Description found using selector: #aplus_feature_div
2026-02-12 08:13:26,407 - tools.amazon_playwright_extractor - INFO - Extracting product specifications table...
2026-02-12 08:13:27,112 - tools.amazon_playwright_extractor - INFO - Specifications table parsed using selector: table.a-keyvalue.prodDetTable
2026-02-12 08:13:27,112 - tools.amazon_playwright_extractor - INFO - Extracting SellerAmp data (if present)...
2026-02-12 08:13:27,112 - tools.amazon_playwright_extractor - INFO - SellerAmp data extraction is currently disabled as per requirements (Fix 2.3).
2026-02-12 08:13:27,112 - tools.amazon_playwright_extractor - INFO - Extracting Keepa data (if present)...
2026-02-12 08:13:27,112 - tools.amazon_playwright_extractor - INFO - Attempting to extract Keepa data...
2026-02-12 08:13:33,207 - tools.amazon_playwright_extractor - INFO - Keepa iframe found: iframe[id*='keepa']
2026-02-12 08:13:33,341 - tools.amazon_playwright_extractor - INFO - Keepa Sales Rank Details Table parsed.
2026-02-12 08:13:33,341 - tools.amazon_playwright_extractor - INFO - Keepa Graph AI Analysis is currently disabled as per requirements (Fix 2.4).
2026-02-12 08:13:33,391 - tools.amazon_playwright_extractor - INFO - Keepa Data tab found. Currently active: False
2026-02-12 08:13:33,391 - tools.amazon_playwright_extractor - INFO - Clicking Keepa 'Data' tab...
