2026-02-18 01:18:04,714 - __main__ - WARNING - Ignoring supplier identity from products file; job sandbox is authoritative. job=angelwholesale.co.uk__sandbox__38107e18 file=angelwholesale.co.uk
2026-02-18 01:18:04,715 - tools.amazon_playwright_extractor - WARNING - ?? BrowserCircuitBreaker not available - health management disabled
2026-02-18 01:18:04,715 - tools.amazon_playwright_extractor - INFO - AI features disabled in amazon_playwright_extractor - using only traditional selectors.
2026-02-18 01:18:04,716 - tools.amazon_playwright_extractor - INFO - Output directory set to: C:\Users\chris\Desktop\Amazon-FBA-Agent-System-v32 - latest good - Copy (8) - Copy - Copy - POSTLONGRUNPREKIRO2 beforecompletion-\OUTPUTS\CACHE\amazon_data
2026-02-18 01:18:04,716 - tools.amazon_playwright_extractor - WARNING - ?? BrowserManager not available, using legacy browser connection
2026-02-18 01:18:04,717 - tools.amazon_playwright_extractor - INFO - \U0001f527 FixedAmazonExtractor connecting via BrowserManager singleton
2026-02-18 01:18:04,717 - utils.browser_circuit_breaker - INFO - BrowserCircuitBreaker initialized: threshold=3, timeout=300s
2026-02-18 01:18:04,717 - utils.browser_manager - INFO - ?? BrowserManager singleton initialized with health management
2026-02-18 01:18:05,216 - utils.browser_manager - INFO - ?? Connecting to existing Chrome debug instance on port 9222
2026-02-18 01:18:05,216 - utils.browser_manager - INFO - ?? Per troubleshooting docs: Using existing Chrome debug only
2026-02-18 01:18:07,430 - utils.browser_manager - INFO - ? Chrome debug accessible on IPv4: Chrome/145.0.7632.76
2026-02-18 01:18:07,431 - utils.browser_manager - INFO - ?? Connecting to existing Chrome debug instance...
2026-02-18 01:18:09,467 - utils.browser_manager - INFO - ?? Using endpoint: http://localhost:9222
2026-02-18 01:18:09,623 - utils.browser_manager - INFO - ? Successfully connected to existing Chrome debug instance
2026-02-18 01:18:09,625 - utils.browser_manager - INFO - ?? Using existing context with 1 pages
2026-02-18 01:18:09,626 - utils.browser_manager - INFO - ?? Connected to existing Chrome: 145.0.7632.76
2026-02-18 01:18:09,626 - tools.amazon_playwright_extractor - INFO - \u2705 FixedAmazonExtractor connected via BrowserManager singleton
2026-02-18 01:18:09,626 - utils.browser_manager - INFO - ?? Reusing existing Chrome connection (port 9222)
2026-02-18 01:18:09,626 - utils.browser_manager - INFO - ?? Reusing existing page in persistent context.
2026-02-18 01:18:09,634 [INFO] WindowsSaveGuardian: ? ATOMIC SAVE: angelwholesale_co_uk__sandbox__38107e18_processing_state.json (27 entries) saved successfully
2026-02-18 01:18:09,634 - windows_save_guardian - INFO - ? ATOMIC SAVE: angelwholesale_co_uk__sandbox__38107e18_processing_state.json (27 entries) saved successfully
2026-02-18 01:18:09,634 - utils.fixed_enhanced_state_manager - INFO -  ATOMIC SAVE
2026-02-18 01:18:09,639 [INFO] WindowsSaveGuardian: ? ATOMIC SAVE: angelwholesale_co_uk__sandbox__38107e18_processing_state.json (27 entries) saved successfully
2026-02-18 01:18:09,639 - windows_save_guardian - INFO - ? ATOMIC SAVE: angelwholesale_co_uk__sandbox__38107e18_processing_state.json (27 entries) saved successfully
2026-02-18 01:18:09,640 - utils.fixed_enhanced_state_manager - INFO -  ATOMIC SAVE
2026-02-18 01:18:09,642 [INFO] WindowsSaveGuardian: ? ATOMIC SAVE: angelwholesale_co_uk__sandbox__38107e18_processing_state.json (27 entries) saved successfully
2026-02-18 01:18:09,642 - windows_save_guardian - INFO - ? ATOMIC SAVE: angelwholesale_co_uk__sandbox__38107e18_processing_state.json (27 entries) saved successfully
2026-02-18 01:18:09,643 - utils.fixed_enhanced_state_manager - INFO -  ATOMIC SAVE
2026-02-18 01:18:09,643 - tools.amazon_playwright_extractor - INFO - Searching Amazon by EAN: 5015302105747 for supplier product: 'Silicone Teats Medium Flow 2 Pack by First Steps' (FixedAmazonExtractor)
2026-02-18 01:18:09,643 - tools.amazon_playwright_extractor - INFO - Navigating to Amazon UK to search for EAN: 5015302105747
2026-02-18 01:18:13,830 - tools.amazon_playwright_extractor - INFO - Waiting for search results page to load for EAN 5015302105747...
2026-02-18 01:18:13,935 - tools.amazon_playwright_extractor - INFO - Found search results container with selector: div.s-search-results
2026-02-18 01:18:14,576 - tools.amazon_playwright_extractor - INFO - Found 8 search result elements using selector: div[data-component-type='s-search-result']
2026-02-18 01:18:14,576 - tools.amazon_playwright_extractor - INFO - Processing 8 search result elements for EAN 5015302105747
2026-02-18 01:18:14,700 - tools.amazon_playwright_extractor - INFO - Found organic result: ASIN B094JVKC6G - RSW 2 in 1 Baby Bottle and Teat Brush, 2 Brushes in 1, Ideal...
2026-02-18 01:18:14,852 - tools.amazon_playwright_extractor - INFO - \U0001f4ca SPONSORED FILTERING RESULTS: 1 organic products, 7 sponsored products filtered out
2026-02-18 01:18:14,852 - tools.amazon_playwright_extractor - INFO - \u2705 EAN SEARCH: Selected first organic result - ASIN B094JVKC6G
2026-02-18 01:18:14,852 - tools.amazon_playwright_extractor - INFO -    Trusting Amazon's search relevance for EAN 5015302105747
2026-02-18 01:18:14,852 - tools.amazon_playwright_extractor - INFO -    EAN will be extracted by Keepa during full product data extraction
2026-02-18 01:18:14,852 - tools.amazon_playwright_extractor - INFO - Single ASIN B094JVKC6G found for EAN 5015302105747.
2026-02-18 01:18:14,852 - tools.amazon_playwright_extractor - INFO - Proceeding with ASIN: B094JVKC6G for EAN: 5015302105747
2026-02-18 01:18:14,852 - tools.amazon_playwright_extractor - WARNING - No page object provided to extract_data for ASIN B094JVKC6G. Getting a new one from BrowserManager.
2026-02-18 01:18:14,853 - tools.amazon_playwright_extractor - INFO - Reusing existing page: https://www.amazon.co.uk/s?k=5015302105747&ref=nb_sb_noss
2026-02-18 01:18:17,481 - tools.amazon_playwright_extractor - INFO - Checking for cookie consent pop-up...
2026-02-18 01:18:17,674 - tools.amazon_playwright_extractor - INFO - Finished checking for cookie consent pop-ups. If one was present and not handled, it might interfere.
2026-02-18 01:18:18,676 - tools.amazon_playwright_extractor - INFO - Checking for CAPTCHA...
2026-02-18 01:18:21,687 - tools.amazon_playwright_extractor - INFO - No CAPTCHA page detected by form selector.
2026-02-18 01:18:21,688 - tools.amazon_playwright_extractor - INFO - Checking for cookie consent pop-up...
2026-02-18 01:18:21,756 - tools.amazon_playwright_extractor - INFO - Finished checking for cookie consent pop-ups. If one was present and not handled, it might interfere.
2026-02-18 01:18:21,756 - tools.amazon_playwright_extractor - INFO - Page should be ready. Waiting 5s for stabilization...
2026-02-18 01:18:26,763 - tools.amazon_playwright_extractor - INFO - Waiting an additional 7s for extensions (Keepa, SellerAmp)...
2026-02-18 01:18:33,767 - tools.amazon_playwright_extractor - INFO - Extracting all product data for ASIN: B094JVKC6G
2026-02-18 01:18:33,767 - tools.amazon_playwright_extractor - INFO - Extracting basic product information (Title, Price, Images, Amazon Details)...
2026-02-18 01:18:33,796 - tools.amazon_playwright_extractor - INFO - Title found: 'RSW 2 in 1 Baby Bottle and Teat Brush, 2 Brushes in 1, Ideal for Cleaning Training Cups, Wide Neck Bottles, Lids, Valves' via #productTitle
2026-02-18 01:18:33,796 - tools.amazon_playwright_extractor - INFO - Extracting price details...
2026-02-18 01:18:33,810 - tools.amazon_playwright_extractor - INFO - Current price: 4.04 via #corePrice_feature_div .a-offscreen
2026-02-18 01:18:33,834 - tools.amazon_playwright_extractor - INFO - Original price: 4.98 via .basisPrice span.a-text-price span.a-offscreen
2026-02-18 01:18:33,853 - tools.amazon_playwright_extractor - INFO - Amazon sales badge found: 100 in container div#socialProofingAsinFaceout_feature_div
2026-02-18 01:18:33,853 - tools.amazon_playwright_extractor - INFO - Extracting image URLs...
2026-02-18 01:18:33,883 - tools.amazon_playwright_extractor - INFO - Main image: https://m.media-amazon.com/images/I/51IhZ6nfG-L._AC_SL1082_.jpg via #landingImage
2026-02-18 01:18:33,918 - tools.amazon_playwright_extractor - INFO - Found 1 thumbnails.
2026-02-18 01:18:33,924 - tools.amazon_playwright_extractor - INFO - Extracting Amazon product details section...
2026-02-18 01:18:34,064 - tools.amazon_playwright_extractor - INFO - Extracting sales rank information...
2026-02-18 01:18:34,180 - tools.amazon_playwright_extractor - INFO - Extracting ratings and reviews...
2026-02-18 01:18:34,194 - tools.amazon_playwright_extractor - INFO - Rating: 3.7 via #acrPopover[title*='out of 5 stars']
2026-02-18 01:18:34,210 - tools.amazon_playwright_extractor - INFO - Review count: 85 via #acrCustomerReviewText
2026-02-18 01:18:34,211 - tools.amazon_playwright_extractor - INFO - Extracting stock information...
2026-02-18 01:18:34,228 - tools.amazon_playwright_extractor - INFO - Availability text: 'In stock' via #availability span.a-size-medium.a-color-success
2026-02-18 01:18:34,228 - tools.amazon_playwright_extractor - INFO - Extracting features/bullets...
2026-02-18 01:18:34,277 - tools.amazon_playwright_extractor - INFO - Found 1 features.
2026-02-18 01:18:34,277 - tools.amazon_playwright_extractor - INFO - Extracting product description...
2026-02-18 01:18:34,399 - tools.amazon_playwright_extractor - INFO - Extracting product specifications table...
2026-02-18 01:18:34,770 - tools.amazon_playwright_extractor - INFO - Specifications table parsed using selector: table.a-keyvalue.prodDetTable
2026-02-18 01:18:34,770 - tools.amazon_playwright_extractor - INFO - Extracting SellerAmp data (if present)...
2026-02-18 01:18:34,770 - tools.amazon_playwright_extractor - INFO - SellerAmp data extraction is currently disabled as per requirements (Fix 2.3).
2026-02-18 01:18:34,770 - tools.amazon_playwright_extractor - INFO - Extracting Keepa data (if present)...
2026-02-18 01:18:34,770 - tools.amazon_playwright_extractor - INFO - Attempting to extract Keepa data...
2026-02-18 01:18:40,854 - tools.amazon_playwright_extractor - INFO - Keepa iframe found: iframe[id*='keepa']
2026-02-18 01:18:40,939 - tools.amazon_playwright_extractor - INFO - Keepa Sales Rank Details Table parsed.
2026-02-18 01:18:40,939 - tools.amazon_playwright_extractor - INFO - Keepa Graph AI Analysis is currently disabled as per requirements (Fix 2.4).
2026-02-18 01:18:40,965 - tools.amazon_playwright_extractor - INFO - Keepa Data tab found. Currently active: False
2026-02-18 01:18:40,965 - tools.amazon_playwright_extractor - INFO - Clicking Keepa 'Data' tab...
2026-02-18 01:18:43,205 - tools.amazon_playwright_extractor - INFO - Attempt 1/2: Waiting 12000ms for Product-Details wrapper...
2026-02-18 01:18:50,286 - tools.amazon_playwright_extractor - INFO - ? Product-Details wrapper appeared on attempt 1
2026-02-18 01:18:50,300 - tools.amazon_playwright_extractor - WARNING - Product-Details tab visible, but inner grid still not ready – extending wait with retry logic.
2026-02-18 01:18:50,300 - tools.amazon_playwright_extractor - INFO - Grid attempt 1/3: Waiting 15000ms for grid container...
2026-02-18 01:18:50,438 - tools.amazon_playwright_extractor - INFO - ? Grid became visible after attempt 1 – continuing.
2026-02-18 01:18:50,473 - tools.amazon_playwright_extractor - INFO - Parsing Keepa AG Grid for Product Details from: div#MoreTab1 div#grid-product-detail
2026-02-18 01:18:50,511 - tools.amazon_playwright_extractor - INFO - Primary attempt: Waiting 12 seconds for AG Grid rows to load...
2026-02-18 01:18:51,548 - tools.amazon_playwright_extractor - INFO - ? Primary attempt successful: 136 rows found
2026-02-18 01:18:51,561 - tools.amazon_playwright_extractor - INFO - Processing 136 rows in Keepa Product Details AG Grid.
2026-02-18 01:18:52,857 - tools.amazon_playwright_extractor - INFO - Found potential fee key 'FBA Pick&Pack Fee' with raw value: 'Ł 2.67' in Keepa AG Grid.
2026-02-18 01:18:52,963 - tools.amazon_playwright_extractor - INFO - Found potential fee key 'Referral Fee based on current Buy Box price' with raw value: 'Ł 0.32' in Keepa AG Grid.
2026-02-18 01:18:55,501 - tools.amazon_playwright_extractor - INFO - ? Successfully parsed 41 items from Keepa Product Details AG Grid.
2026-02-18 01:18:55,501 - tools.amazon_playwright_extractor - INFO - ASIN B094JVKC6G: Attempting to extract EANs from Keepa product_details_tab_data.
2026-02-18 01:18:55,502 - tools.amazon_playwright_extractor - INFO - ASIN B094JVKC6G: EAN '5015302105747' found in Keepa details via key 'Product Codes - EAN'.
2026-02-18 01:18:55,502 - tools.amazon_playwright_extractor - INFO - ASIN B094JVKC6G: BSR not found or invalid from page. Attempting fallback from Keepa.
2026-02-18 01:18:55,502 - tools.amazon_playwright_extractor - INFO - ASIN B094JVKC6G: BSR 1525 in 'Baby Products 44' from Keepa SalesRankDetailsTable.
2026-02-18 01:18:55,502 - tools.amazon_playwright_extractor - INFO - \u2705 Recorded search method 'EAN' for ASIN B094JVKC6G
2026-02-18 01:18:55,502 - tools.amazon_playwright_extractor - INFO - Successfully extracted data for ASIN B094JVKC6G (EAN on page: 5015302105747)
2026-02-18 01:18:55,505 [INFO] WindowsSaveGuardian: ? ATOMIC SAVE: amazon_B094JVKC6G_5015302105747.json (31 entries) saved successfully
2026-02-18 01:18:55,505 - windows_save_guardian - INFO - ? ATOMIC SAVE: amazon_B094JVKC6G_5015302105747.json (31 entries) saved successfully
2026-02-18 01:18:55,509 [INFO] WindowsSaveGuardian: ? ATOMIC SAVE: linking_map.json (4 entries) saved successfully
2026-02-18 01:18:55,509 - windows_save_guardian - INFO - ? ATOMIC SAVE: linking_map.json (4 entries) saved successfully
2026-02-18 01:18:55,509 - __main__ - INFO - Linking map periodic flush: 4 entries
2026-02-18 01:18:55,511 [INFO] WindowsSaveGuardian: ? ATOMIC SAVE: angelwholesale_co_uk__sandbox__38107e18_processing_state.json (27 entries) saved successfully
2026-02-18 01:18:55,511 - windows_save_guardian - INFO - ? ATOMIC SAVE: angelwholesale_co_uk__sandbox__38107e18_processing_state.json (27 entries) saved successfully
2026-02-18 01:18:55,512 - utils.fixed_enhanced_state_manager - INFO -  ATOMIC SAVE
2026-02-18 01:18:55,514 [INFO] WindowsSaveGuardian: ? ATOMIC SAVE: angelwholesale_co_uk__sandbox__38107e18_processing_state.json (27 entries) saved successfully
2026-02-18 01:18:55,514 - windows_save_guardian - INFO - ? ATOMIC SAVE: angelwholesale_co_uk__sandbox__38107e18_processing_state.json (27 entries) saved successfully
2026-02-18 01:18:55,515 - utils.fixed_enhanced_state_manager - INFO -  ATOMIC SAVE
2026-02-18 01:18:55,515 - tools.amazon_playwright_extractor - INFO - Searching Amazon by EAN: 5010792620831 for supplier product: 'Retro Zoo Pull Along Truck' (FixedAmazonExtractor)
2026-02-18 01:18:55,515 - tools.amazon_playwright_extractor - INFO - Navigating to Amazon UK to search for EAN: 5010792620831
2026-02-18 01:18:59,506 - tools.amazon_playwright_extractor - INFO - Waiting for search results page to load for EAN 5010792620831...
2026-02-18 01:18:59,577 - tools.amazon_playwright_extractor - INFO - Found search results container with selector: div.s-search-results
2026-02-18 01:19:00,237 - tools.amazon_playwright_extractor - INFO - Found 5 search result elements using selector: div[data-component-type='s-search-result']
2026-02-18 01:19:00,237 - tools.amazon_playwright_extractor - INFO - Processing 5 search result elements for EAN 5010792620831
2026-02-18 01:19:00,356 - tools.amazon_playwright_extractor - INFO - Found organic result: ASIN B0DVGGYHGB - Lesser & Pavey Retro Farm Pull Along Truck Games & Toys For ...
2026-02-18 01:19:00,447 - tools.amazon_playwright_extractor - INFO - \U0001f4ca SPONSORED FILTERING RESULTS: 1 organic products, 4 sponsored products filtered out
2026-02-18 01:19:00,447 - tools.amazon_playwright_extractor - INFO - \u2705 EAN SEARCH: Selected first organic result - ASIN B0DVGGYHGB
2026-02-18 01:19:00,447 - tools.amazon_playwright_extractor - INFO -    Trusting Amazon's search relevance for EAN 5010792620831
2026-02-18 01:19:00,447 - tools.amazon_playwright_extractor - INFO -    EAN will be extracted by Keepa during full product data extraction
2026-02-18 01:19:00,447 - tools.amazon_playwright_extractor - INFO - Single ASIN B0DVGGYHGB found for EAN 5010792620831.
2026-02-18 01:19:00,447 - tools.amazon_playwright_extractor - INFO - Proceeding with ASIN: B0DVGGYHGB for EAN: 5010792620831
2026-02-18 01:19:00,447 - tools.amazon_playwright_extractor - WARNING - No page object provided to extract_data for ASIN B0DVGGYHGB. Getting a new one from BrowserManager.
2026-02-18 01:19:00,447 - tools.amazon_playwright_extractor - INFO - Reusing existing page: https://www.amazon.co.uk/s?k=5010792620831&ref=nb_sb_noss
2026-02-18 01:19:02,358 - tools.amazon_playwright_extractor - INFO - Checking for cookie consent pop-up...
2026-02-18 01:19:02,656 - tools.amazon_playwright_extractor - INFO - Finished checking for cookie consent pop-ups. If one was present and not handled, it might interfere.
2026-02-18 01:19:03,661 - tools.amazon_playwright_extractor - INFO - Checking for CAPTCHA...
2026-02-18 01:19:06,668 - tools.amazon_playwright_extractor - INFO - No CAPTCHA page detected by form selector.
2026-02-18 01:19:06,669 - tools.amazon_playwright_extractor - INFO - Checking for cookie consent pop-up...
2026-02-18 01:19:06,720 - tools.amazon_playwright_extractor - INFO - Finished checking for cookie consent pop-ups. If one was present and not handled, it might interfere.
2026-02-18 01:19:06,721 - tools.amazon_playwright_extractor - INFO - Page should be ready. Waiting 5s for stabilization...
2026-02-18 01:19:11,731 - tools.amazon_playwright_extractor - INFO - Waiting an additional 7s for extensions (Keepa, SellerAmp)...
2026-02-18 01:19:18,735 - tools.amazon_playwright_extractor - INFO - Extracting all product data for ASIN: B0DVGGYHGB
2026-02-18 01:19:18,735 - tools.amazon_playwright_extractor - INFO - Extracting basic product information (Title, Price, Images, Amazon Details)...
2026-02-18 01:19:18,767 - tools.amazon_playwright_extractor - INFO - Title found: 'Lesser & Pavey Retro Farm Pull Along Truck Games & Toys For Children | Learning Puzzle Board For Kids Games | Lovely Playing Games Set For Kids & Adults | Ideal Toys & Games Gifts For Any Occasions' via #productTitle
2026-02-18 01:19:18,767 - tools.amazon_playwright_extractor - INFO - Extracting price details...
2026-02-18 01:19:18,787 - tools.amazon_playwright_extractor - INFO - Current price: 9.99 via #corePrice_feature_div .a-offscreen
2026-02-18 01:19:18,876 - tools.amazon_playwright_extractor - INFO - Extracting image URLs...
2026-02-18 01:19:18,905 - tools.amazon_playwright_extractor - INFO - Main image: https://m.media-amazon.com/images/I/714WOaMazgL._AC_SL1500_.jpg via #landingImage
2026-02-18 01:19:18,927 - tools.amazon_playwright_extractor - INFO - Found 1 thumbnails.
2026-02-18 01:19:18,931 - tools.amazon_playwright_extractor - INFO - Extracting Amazon product details section...
2026-02-18 01:19:19,013 - tools.amazon_playwright_extractor - INFO - Extracting sales rank information...
2026-02-18 01:19:19,102 - tools.amazon_playwright_extractor - INFO - Extracting ratings and reviews...
2026-02-18 01:19:19,117 - tools.amazon_playwright_extractor - INFO - Rating: 4.1 via #acrPopover[title*='out of 5 stars']
2026-02-18 01:19:19,132 - tools.amazon_playwright_extractor - INFO - Review count: 8 via #acrCustomerReviewText
2026-02-18 01:19:19,132 - tools.amazon_playwright_extractor - INFO - Extracting stock information...
2026-02-18 01:19:19,153 - tools.amazon_playwright_extractor - INFO - Availability text: 'Only 9 left in stock.' via #availability span.a-color-price
2026-02-18 01:19:19,153 - tools.amazon_playwright_extractor - INFO - Extracting features/bullets...
2026-02-18 01:19:19,403 - tools.amazon_playwright_extractor - INFO - Found 5 features.
2026-02-18 01:19:19,403 - tools.amazon_playwright_extractor - INFO - Extracting product description...
2026-02-18 01:19:19,421 - tools.amazon_playwright_extractor - INFO - Description found using selector: #productDescription
2026-02-18 01:19:19,421 - tools.amazon_playwright_extractor - INFO - Extracting product specifications table...
2026-02-18 01:19:19,775 - tools.amazon_playwright_extractor - INFO - Specifications table parsed using selector: table.a-keyvalue.prodDetTable
2026-02-18 01:19:19,775 - tools.amazon_playwright_extractor - INFO - Extracting SellerAmp data (if present)...
2026-02-18 01:19:19,775 - tools.amazon_playwright_extractor - INFO - SellerAmp data extraction is currently disabled as per requirements (Fix 2.3).
2026-02-18 01:19:19,775 - tools.amazon_playwright_extractor - INFO - Extracting Keepa data (if present)...
2026-02-18 01:19:19,775 - tools.amazon_playwright_extractor - INFO - Attempting to extract Keepa data...
2026-02-18 01:19:25,879 - tools.amazon_playwright_extractor - INFO - Keepa iframe found: iframe[id*='keepa']
2026-02-18 01:19:25,935 - tools.amazon_playwright_extractor - INFO - Keepa Sales Rank Details Table parsed.
2026-02-18 01:19:25,935 - tools.amazon_playwright_extractor - INFO - Keepa Graph AI Analysis is currently disabled as per requirements (Fix 2.4).
2026-02-18 01:19:25,955 - tools.amazon_playwright_extractor - INFO - Keepa Data tab found. Currently active: False
2026-02-18 01:19:25,955 - tools.amazon_playwright_extractor - INFO - Clicking Keepa 'Data' tab...
2026-02-18 01:19:28,254 - tools.amazon_playwright_extractor - INFO - Attempt 1/2: Waiting 12000ms for Product-Details wrapper...
2026-02-18 01:19:30,704 - tools.amazon_playwright_extractor - INFO - ? Product-Details wrapper appeared on attempt 1
2026-02-18 01:19:30,714 - tools.amazon_playwright_extractor - WARNING - Product-Details tab visible, but inner grid still not ready – extending wait with retry logic.
2026-02-18 01:19:30,715 - tools.amazon_playwright_extractor - INFO - Grid attempt 1/3: Waiting 15000ms for grid container...
2026-02-18 01:19:31,596 - tools.amazon_playwright_extractor - INFO - ? Grid became visible after attempt 1 – continuing.
2026-02-18 01:19:31,619 - tools.amazon_playwright_extractor - INFO - Parsing Keepa AG Grid for Product Details from: div#MoreTab1 div#grid-product-detail
2026-02-18 01:19:31,653 - tools.amazon_playwright_extractor - INFO - Primary attempt: Waiting 12 seconds for AG Grid rows to load...
2026-02-18 01:19:32,697 - tools.amazon_playwright_extractor - INFO - ? Primary attempt successful: 133 rows found
2026-02-18 01:19:32,709 - tools.amazon_playwright_extractor - INFO - Processing 133 rows in Keepa Product Details AG Grid.
2026-02-18 01:19:33,695 - tools.amazon_playwright_extractor - INFO - Found potential fee key 'FBA Pick&Pack Fee' with raw value: 'Ł 2.70' in Keepa AG Grid.
2026-02-18 01:19:33,779 - tools.amazon_playwright_extractor - INFO - Found potential fee key 'Referral Fee based on current Buy Box price' with raw value: 'Ł 1.50' in Keepa AG Grid.
2026-02-18 01:19:35,840 - tools.amazon_playwright_extractor - INFO - ? Successfully parsed 40 items from Keepa Product Details AG Grid.
2026-02-18 01:19:35,840 - tools.amazon_playwright_extractor - INFO - ASIN B0DVGGYHGB: Attempting to extract EANs from Keepa product_details_tab_data.
2026-02-18 01:19:35,840 - tools.amazon_playwright_extractor - INFO - ASIN B0DVGGYHGB: EAN '5010792620831' found in Keepa details via key 'Product Codes - EAN'.
2026-02-18 01:19:35,840 - tools.amazon_playwright_extractor - INFO - ASIN B0DVGGYHGB: BSR not found or invalid from page. Attempting fallback from Keepa.
2026-02-18 01:19:35,840 - tools.amazon_playwright_extractor - INFO - ASIN B0DVGGYHGB: BSR 320711 in 'Toys & Games 0.3' from Keepa SalesRankDetailsTable.
2026-02-18 01:19:35,841 - tools.amazon_playwright_extractor - INFO - \u2705 Recorded search method 'EAN' for ASIN B0DVGGYHGB
2026-02-18 01:19:35,841 - tools.amazon_playwright_extractor - INFO - Successfully extracted data for ASIN B0DVGGYHGB (EAN on page: 5010792620831)
2026-02-18 01:19:35,847 [INFO] WindowsSaveGuardian: ? ATOMIC SAVE: amazon_B0DVGGYHGB_5010792620831.json (30 entries) saved successfully
2026-02-18 01:19:35,847 - windows_save_guardian - INFO - ? ATOMIC SAVE: amazon_B0DVGGYHGB_5010792620831.json (30 entries) saved successfully
2026-02-18 01:19:35,849 [INFO] WindowsSaveGuardian: ? ATOMIC SAVE: linking_map.json (5 entries) saved successfully
2026-02-18 01:19:35,849 - windows_save_guardian - INFO - ? ATOMIC SAVE: linking_map.json (5 entries) saved successfully
2026-02-18 01:19:35,849 - __main__ - INFO - Linking map periodic flush: 5 entries
2026-02-18 01:19:35,851 [INFO] WindowsSaveGuardian: ? ATOMIC SAVE: angelwholesale_co_uk__sandbox__38107e18_processing_state.json (27 entries) saved successfully
2026-02-18 01:19:35,851 - windows_save_guardian - INFO - ? ATOMIC SAVE: angelwholesale_co_uk__sandbox__38107e18_processing_state.json (27 entries) saved successfully
2026-02-18 01:19:35,851 - utils.fixed_enhanced_state_manager - INFO -  ATOMIC SAVE
2026-02-18 01:19:35,851 - tools.amazon_playwright_extractor - INFO - Searching Amazon by EAN: 5010792620527 for supplier product: 'Assorted Retro Model Vehicles' (FixedAmazonExtractor)
2026-02-18 01:19:35,851 - tools.amazon_playwright_extractor - INFO - Navigating to Amazon UK to search for EAN: 5010792620527
2026-02-18 01:19:43,596 - tools.amazon_playwright_extractor - INFO - Waiting for search results page to load for EAN 5010792620527...
2026-02-18 01:19:43,642 - tools.amazon_playwright_extractor - INFO - Found search results container with selector: div.s-search-results
2026-02-18 01:19:44,288 - tools.amazon_playwright_extractor - INFO - Found 1 search result elements using selector: div[data-component-type='s-search-result']
2026-02-18 01:19:44,288 - tools.amazon_playwright_extractor - INFO - Processing 1 search result elements for EAN 5010792620527
2026-02-18 01:19:44,411 - tools.amazon_playwright_extractor - INFO - Found organic result: ASIN B0CZG247ML - Lesser & Pavey Retro Emergency Vehicle 2 Ass Games For Kids ...
2026-02-18 01:19:44,411 - tools.amazon_playwright_extractor - INFO - \U0001f4ca SPONSORED FILTERING RESULTS: 1 organic products, 0 sponsored products filtered out
2026-02-18 01:19:44,411 - tools.amazon_playwright_extractor - INFO - \u2705 EAN SEARCH: Selected first organic result - ASIN B0CZG247ML
2026-02-18 01:19:44,411 - tools.amazon_playwright_extractor - INFO -    Trusting Amazon's search relevance for EAN 5010792620527
2026-02-18 01:19:44,411 - tools.amazon_playwright_extractor - INFO -    EAN will be extracted by Keepa during full product data extraction
2026-02-18 01:19:44,411 - tools.amazon_playwright_extractor - INFO - Single ASIN B0CZG247ML found for EAN 5010792620527.
2026-02-18 01:19:44,411 - tools.amazon_playwright_extractor - INFO - Proceeding with ASIN: B0CZG247ML for EAN: 5010792620527
2026-02-18 01:19:44,411 - tools.amazon_playwright_extractor - WARNING - No page object provided to extract_data for ASIN B0CZG247ML. Getting a new one from BrowserManager.
2026-02-18 01:19:44,411 - tools.amazon_playwright_extractor - INFO - Reusing existing page: https://www.amazon.co.uk/s?k=5010792620527&ref=nb_sb_noss
2026-02-18 01:19:46,176 - tools.amazon_playwright_extractor - INFO - Checking for cookie consent pop-up...
2026-02-18 01:19:46,503 - tools.amazon_playwright_extractor - INFO - Finished checking for cookie consent pop-ups. If one was present and not handled, it might interfere.
2026-02-18 01:19:47,511 - tools.amazon_playwright_extractor - INFO - Checking for CAPTCHA...
2026-02-18 01:19:50,522 - tools.amazon_playwright_extractor - INFO - No CAPTCHA page detected by form selector.
2026-02-18 01:19:50,523 - tools.amazon_playwright_extractor - INFO - Checking for cookie consent pop-up...
2026-02-18 01:19:50,572 - tools.amazon_playwright_extractor - INFO - Finished checking for cookie consent pop-ups. If one was present and not handled, it might interfere.
2026-02-18 01:19:50,572 - tools.amazon_playwright_extractor - INFO - Page should be ready. Waiting 5s for stabilization...
2026-02-18 01:19:55,586 - tools.amazon_playwright_extractor - INFO - Waiting an additional 7s for extensions (Keepa, SellerAmp)...
2026-02-18 01:20:02,597 - tools.amazon_playwright_extractor - INFO - Extracting all product data for ASIN: B0CZG247ML
2026-02-18 01:20:02,597 - tools.amazon_playwright_extractor - INFO - Extracting basic product information (Title, Price, Images, Amazon Details)...
2026-02-18 01:20:02,625 - tools.amazon_playwright_extractor - INFO - Title found: 'Lesser & Pavey Retro Emergency Vehicle 2 Ass Games For Kids & Adults | Classic Retro Game & Toys Gift For Birthdays and Special Occasions | Surprise Your Loved Ones With Retro Games' via #productTitle
2026-02-18 01:20:02,625 - tools.amazon_playwright_extractor - INFO - Extracting price details...
2026-02-18 01:20:02,648 - tools.amazon_playwright_extractor - INFO - Current price: 7.99 via #corePrice_feature_div .a-offscreen
2026-02-18 01:20:02,725 - tools.amazon_playwright_extractor - INFO - Extracting image URLs...
2026-02-18 01:20:02,747 - tools.amazon_playwright_extractor - INFO - Main image: https://m.media-amazon.com/images/I/81++HvuGeFL._AC_SL1500_.jpg via #landingImage
2026-02-18 01:20:02,770 - tools.amazon_playwright_extractor - INFO - Found 1 thumbnails.
2026-02-18 01:20:02,774 - tools.amazon_playwright_extractor - INFO - Extracting Amazon product details section...
2026-02-18 01:20:02,856 - tools.amazon_playwright_extractor - INFO - Extracting sales rank information...
2026-02-18 01:20:02,952 - tools.amazon_playwright_extractor - INFO - Extracting ratings and reviews...
2026-02-18 01:20:03,001 - tools.amazon_playwright_extractor - INFO - Rating: 4.1 via #acrPopover[title*='out of 5 stars']
2026-02-18 01:20:03,037 - tools.amazon_playwright_extractor - INFO - Review count: 8 via #acrCustomerReviewText
2026-02-18 01:20:03,038 - tools.amazon_playwright_extractor - INFO - Extracting stock information...
2026-02-18 01:20:03,060 - tools.amazon_playwright_extractor - INFO - Availability text: 'Only 1 left in stock.' via #availability span.a-color-price
2026-02-18 01:20:03,060 - tools.amazon_playwright_extractor - INFO - Extracting features/bullets...
2026-02-18 01:20:03,217 - tools.amazon_playwright_extractor - INFO - Found 5 features.
2026-02-18 01:20:03,217 - tools.amazon_playwright_extractor - INFO - Extracting product description...
2026-02-18 01:20:03,233 - tools.amazon_playwright_extractor - INFO - Description found using selector: #productDescription
2026-02-18 01:20:03,233 - tools.amazon_playwright_extractor - INFO - Extracting product specifications table...
2026-02-18 01:20:03,654 - tools.amazon_playwright_extractor - INFO - Specifications table parsed using selector: table.a-keyvalue.prodDetTable
2026-02-18 01:20:03,654 - tools.amazon_playwright_extractor - INFO - Extracting SellerAmp data (if present)...
2026-02-18 01:20:03,654 - tools.amazon_playwright_extractor - INFO - SellerAmp data extraction is currently disabled as per requirements (Fix 2.3).
2026-02-18 01:20:03,654 - tools.amazon_playwright_extractor - INFO - Extracting Keepa data (if present)...
2026-02-18 01:20:03,655 - tools.amazon_playwright_extractor - INFO - Attempting to extract Keepa data...
2026-02-18 01:20:09,733 - tools.amazon_playwright_extractor - INFO - Keepa iframe found: iframe[id*='keepa']
2026-02-18 01:20:09,801 - tools.amazon_playwright_extractor - INFO - Keepa Sales Rank Details Table parsed.
2026-02-18 01:20:09,801 - tools.amazon_playwright_extractor - INFO - Keepa Graph AI Analysis is currently disabled as per requirements (Fix 2.4).
2026-02-18 01:20:09,820 - tools.amazon_playwright_extractor - INFO - Keepa Data tab found. Currently active: False
2026-02-18 01:20:09,820 - tools.amazon_playwright_extractor - INFO - Clicking Keepa 'Data' tab...
2026-02-18 01:20:12,113 - tools.amazon_playwright_extractor - INFO - Attempt 1/2: Waiting 12000ms for Product-Details wrapper...
2026-02-18 01:20:14,011 - tools.amazon_playwright_extractor - INFO - ? Product-Details wrapper appeared on attempt 1
2026-02-18 01:20:14,021 - tools.amazon_playwright_extractor - WARNING - Product-Details tab visible, but inner grid still not ready – extending wait with retry logic.
2026-02-18 01:20:14,022 - tools.amazon_playwright_extractor - INFO - Grid attempt 1/3: Waiting 15000ms for grid container...
2026-02-18 01:20:14,172 - tools.amazon_playwright_extractor - INFO - ? Grid became visible after attempt 1 – continuing.
2026-02-18 01:20:14,193 - tools.amazon_playwright_extractor - INFO - Parsing Keepa AG Grid for Product Details from: div#MoreTab1 div#grid-product-detail
2026-02-18 01:20:14,223 - tools.amazon_playwright_extractor - INFO - Primary attempt: Waiting 12 seconds for AG Grid rows to load...
2026-02-18 01:20:15,259 - tools.amazon_playwright_extractor - INFO - ? Primary attempt successful: 133 rows found
2026-02-18 01:20:15,270 - tools.amazon_playwright_extractor - INFO - Processing 133 rows in Keepa Product Details AG Grid.
2026-02-18 01:20:16,201 - tools.amazon_playwright_extractor - INFO - Found potential fee key 'FBA Pick&Pack Fee' with raw value: 'Ł 2.70' in Keepa AG Grid.
2026-02-18 01:20:16,282 - tools.amazon_playwright_extractor - INFO - Found potential fee key 'Referral Fee based on current Buy Box price' with raw value: 'Ł 1.80' in Keepa AG Grid.
2026-02-18 01:20:18,350 - tools.amazon_playwright_extractor - INFO - ? Successfully parsed 40 items from Keepa Product Details AG Grid.
2026-02-18 01:20:18,350 - tools.amazon_playwright_extractor - INFO - ASIN B0CZG247ML: Attempting to extract EANs from Keepa product_details_tab_data.
2026-02-18 01:20:18,350 - tools.amazon_playwright_extractor - INFO - ASIN B0CZG247ML: EAN '5010792620527' found in Keepa details via key 'Product Codes - EAN'.
2026-02-18 01:20:18,350 - tools.amazon_playwright_extractor - INFO - ASIN B0CZG247ML: BSR not found or invalid from page. Attempting fallback from Keepa.
2026-02-18 01:20:18,350 - tools.amazon_playwright_extractor - INFO - ASIN B0CZG247ML: BSR 320711 in 'Toys & Games 0.3' from Keepa SalesRankDetailsTable.
2026-02-18 01:20:18,350 - tools.amazon_playwright_extractor - INFO - \u2705 Recorded search method 'EAN' for ASIN B0CZG247ML
2026-02-18 01:20:18,350 - tools.amazon_playwright_extractor - INFO - Successfully extracted data for ASIN B0CZG247ML (EAN on page: 5010792620527)
2026-02-18 01:20:18,353 [INFO] WindowsSaveGuardian: ? ATOMIC SAVE: amazon_B0CZG247ML_5010792620527.json (30 entries) saved successfully
2026-02-18 01:20:18,353 - windows_save_guardian - INFO - ? ATOMIC SAVE: amazon_B0CZG247ML_5010792620527.json (30 entries) saved successfully
2026-02-18 01:20:18,355 [INFO] WindowsSaveGuardian: ? ATOMIC SAVE: linking_map.json (6 entries) saved successfully
2026-02-18 01:20:18,355 - windows_save_guardian - INFO - ? ATOMIC SAVE: linking_map.json (6 entries) saved successfully
2026-02-18 01:20:18,355 - __main__ - INFO - Linking map periodic flush: 6 entries
2026-02-18 01:20:18,357 [INFO] WindowsSaveGuardian: ? ATOMIC SAVE: angelwholesale_co_uk__sandbox__38107e18_processing_state.json (27 entries) saved successfully
2026-02-18 01:20:18,357 - windows_save_guardian - INFO - ? ATOMIC SAVE: angelwholesale_co_uk__sandbox__38107e18_processing_state.json (27 entries) saved successfully
2026-02-18 01:20:18,357 - utils.fixed_enhanced_state_manager - INFO -  ATOMIC SAVE
2026-02-18 01:20:18,360 [INFO] WindowsSaveGuardian: ? ATOMIC SAVE: angelwholesale_co_uk__sandbox__38107e18_processing_state.json (27 entries) saved successfully
2026-02-18 01:20:18,360 - windows_save_guardian - INFO - ? ATOMIC SAVE: angelwholesale_co_uk__sandbox__38107e18_processing_state.json (27 entries) saved successfully
2026-02-18 01:20:18,360 - utils.fixed_enhanced_state_manager - INFO -  ATOMIC SAVE
2026-02-18 01:20:18,360 - tools.amazon_playwright_extractor - INFO - Searching Amazon by EAN: 5034566317130 for supplier product: 'Mini Flopsie - Molly Cat (8 Inch)' (FixedAmazonExtractor)
2026-02-18 01:20:18,360 - tools.amazon_playwright_extractor - INFO - Navigating to Amazon UK to search for EAN: 5034566317130
2026-02-18 01:20:22,007 - tools.amazon_playwright_extractor - INFO - Waiting for search results page to load for EAN 5034566317130...
2026-02-18 01:20:22,066 - tools.amazon_playwright_extractor - INFO - Found search results container with selector: div.s-search-results
2026-02-18 01:20:22,728 - tools.amazon_playwright_extractor - INFO - Found 10 search result elements using selector: div[data-component-type='s-search-result']
2026-02-18 01:20:22,728 - tools.amazon_playwright_extractor - INFO - Processing 10 search result elements for EAN 5034566317130
2026-02-18 01:20:22,818 - tools.amazon_playwright_extractor - INFO - Found organic result: ASIN B01ARMVOFK - Aurora, 31713, Mini Flopsies Lily The Grey Tabby, 8In, Soft ...
2026-02-18 01:20:22,976 - tools.amazon_playwright_extractor - INFO - \U0001f4ca SPONSORED FILTERING RESULTS: 1 organic products, 9 sponsored products filtered out
2026-02-18 01:20:22,976 - tools.amazon_playwright_extractor - INFO - \u2705 EAN SEARCH: Selected first organic result - ASIN B01ARMVOFK
2026-02-18 01:20:22,976 - tools.amazon_playwright_extractor - INFO -    Trusting Amazon's search relevance for EAN 5034566317130
2026-02-18 01:20:22,976 - tools.amazon_playwright_extractor - INFO -    EAN will be extracted by Keepa during full product data extraction
2026-02-18 01:20:22,976 - tools.amazon_playwright_extractor - INFO - Single ASIN B01ARMVOFK found for EAN 5034566317130.
2026-02-18 01:20:22,976 - tools.amazon_playwright_extractor - INFO - Proceeding with ASIN: B01ARMVOFK for EAN: 5034566317130
2026-02-18 01:20:22,976 - tools.amazon_playwright_extractor - WARNING - No page object provided to extract_data for ASIN B01ARMVOFK. Getting a new one from BrowserManager.
2026-02-18 01:20:22,977 - tools.amazon_playwright_extractor - INFO - Reusing existing page: https://www.amazon.co.uk/s?k=5034566317130&ref=nb_sb_noss
2026-02-18 01:20:25,435 - tools.amazon_playwright_extractor - INFO - Checking for cookie consent pop-up...
2026-02-18 01:20:25,705 - tools.amazon_playwright_extractor - INFO - Finished checking for cookie consent pop-ups. If one was present and not handled, it might interfere.
2026-02-18 01:20:26,712 - tools.amazon_playwright_extractor - INFO - Checking for CAPTCHA...
2026-02-18 01:20:29,722 - tools.amazon_playwright_extractor - INFO - No CAPTCHA page detected by form selector.
2026-02-18 01:20:29,722 - tools.amazon_playwright_extractor - INFO - Checking for cookie consent pop-up...
2026-02-18 01:20:29,776 - tools.amazon_playwright_extractor - INFO - Finished checking for cookie consent pop-ups. If one was present and not handled, it might interfere.
2026-02-18 01:20:29,776 - tools.amazon_playwright_extractor - INFO - Page should be ready. Waiting 5s for stabilization...
2026-02-18 01:20:34,786 - tools.amazon_playwright_extractor - INFO - Waiting an additional 7s for extensions (Keepa, SellerAmp)...
2026-02-18 01:20:41,796 - tools.amazon_playwright_extractor - INFO - Extracting all product data for ASIN: B01ARMVOFK
2026-02-18 01:20:41,797 - tools.amazon_playwright_extractor - INFO - Extracting basic product information (Title, Price, Images, Amazon Details)...
2026-02-18 01:20:41,827 - tools.amazon_playwright_extractor - INFO - Title found: 'Aurora, 31713, Mini Flopsies Lily The Grey Tabby, 8In, Soft Toy' via #productTitle
2026-02-18 01:20:41,828 - tools.amazon_playwright_extractor - INFO - Extracting price details...
2026-02-18 01:20:41,851 - tools.amazon_playwright_extractor - INFO - Current price: 9.38 via #corePrice_feature_div .a-offscreen
2026-02-18 01:20:41,887 - tools.amazon_playwright_extractor - INFO - Original price: 9.87 via .basisPrice span.a-text-price span.a-offscreen
2026-02-18 01:20:41,914 - tools.amazon_playwright_extractor - INFO - Amazon sales badge found: 100 in container div#socialProofingAsinFaceout_feature_div
2026-02-18 01:20:41,915 - tools.amazon_playwright_extractor - INFO - Extracting image URLs...
2026-02-18 01:20:41,954 - tools.amazon_playwright_extractor - INFO - Main image: https://m.media-amazon.com/images/I/61E-3FimkyL._AC_SL1000_.jpg via #landingImage
2026-02-18 01:20:42,042 - tools.amazon_playwright_extractor - INFO - Found 7 thumbnails.
2026-02-18 01:20:42,047 - tools.amazon_playwright_extractor - INFO - Extracting Amazon product details section...
2026-02-18 01:20:42,232 - tools.amazon_playwright_extractor - INFO - Extracting sales rank information...
2026-02-18 01:20:42,390 - tools.amazon_playwright_extractor - INFO - Extracting ratings and reviews...
2026-02-18 01:20:42,414 - tools.amazon_playwright_extractor - INFO - Rating: 4.7 via #acrPopover[title*='out of 5 stars']
2026-02-18 01:20:42,432 - tools.amazon_playwright_extractor - INFO - Review count: 1855 via #acrCustomerReviewText
2026-02-18 01:20:42,432 - tools.amazon_playwright_extractor - INFO - Extracting stock information...
2026-02-18 01:20:42,457 - tools.amazon_playwright_extractor - INFO - Availability text: 'Only 1 left in stock.' via #availability span.a-color-price
2026-02-18 01:20:42,457 - tools.amazon_playwright_extractor - INFO - Extracting features/bullets...
2026-02-18 01:20:42,771 - tools.amazon_playwright_extractor - INFO - Found 7 features.
2026-02-18 01:20:42,771 - tools.amazon_playwright_extractor - INFO - Extracting product description...
2026-02-18 01:20:42,805 - tools.amazon_playwright_extractor - INFO - Description found using selector: #aplus_feature_div
2026-02-18 01:20:42,805 - tools.amazon_playwright_extractor - INFO - Extracting product specifications table...
2026-02-18 01:20:43,550 - tools.amazon_playwright_extractor - INFO - Specifications table parsed using selector: table.a-keyvalue.prodDetTable
2026-02-18 01:20:43,550 - tools.amazon_playwright_extractor - INFO - Extracting SellerAmp data (if present)...
2026-02-18 01:20:43,550 - tools.amazon_playwright_extractor - INFO - SellerAmp data extraction is currently disabled as per requirements (Fix 2.3).
2026-02-18 01:20:43,550 - tools.amazon_playwright_extractor - INFO - Extracting Keepa data (if present)...
2026-02-18 01:20:43,550 - tools.amazon_playwright_extractor - INFO - Attempting to extract Keepa data...
2026-02-18 01:20:49,626 - tools.amazon_playwright_extractor - INFO - Keepa iframe found: iframe[id*='keepa']
2026-02-18 01:20:49,718 - tools.amazon_playwright_extractor - INFO - Keepa Sales Rank Details Table parsed.
2026-02-18 01:20:49,719 - tools.amazon_playwright_extractor - INFO - Keepa Graph AI Analysis is currently disabled as per requirements (Fix 2.4).
2026-02-18 01:20:49,750 - tools.amazon_playwright_extractor - INFO - Keepa Data tab found. Currently active: False
2026-02-18 01:20:49,750 - tools.amazon_playwright_extractor - INFO - Clicking Keepa 'Data' tab...
2026-02-18 01:20:52,082 - tools.amazon_playwright_extractor - INFO - Attempt 1/2: Waiting 12000ms for Product-Details wrapper...
2026-02-18 01:21:03,166 - tools.amazon_playwright_extractor - INFO - ? Product-Details wrapper appeared on attempt 1
2026-02-18 01:21:03,463 - tools.amazon_playwright_extractor - INFO - Parsing Keepa AG Grid for Product Details from: div#MoreTab1 div#grid-product-detail
2026-02-18 01:21:03,519 - tools.amazon_playwright_extractor - INFO - Primary attempt: Waiting 12 seconds for AG Grid rows to load...
2026-02-18 01:21:04,592 - tools.amazon_playwright_extractor - INFO - ? Primary attempt successful: 175 rows found
2026-02-18 01:21:04,623 - tools.amazon_playwright_extractor - INFO - Processing 175 rows in Keepa Product Details AG Grid.
2026-02-18 01:21:09,063 - tools.amazon_playwright_extractor - INFO - Found potential fee key 'FBA Pick&Pack Fee' with raw value: 'Ł 2.67' in Keepa AG Grid.
2026-02-18 01:21:09,523 - tools.amazon_playwright_extractor - INFO - Found potential fee key 'Referral Fee based on current Buy Box price' with raw value: 'Ł 1.41' in Keepa AG Grid.
2026-02-18 01:21:28,484 - tools.amazon_playwright_extractor - INFO - ? Successfully parsed 53 items from Keepa Product Details AG Grid.
2026-02-18 01:21:28,484 - tools.amazon_playwright_extractor - INFO - ASIN B01ARMVOFK: Attempting to extract EANs from Keepa product_details_tab_data.
2026-02-18 01:21:28,484 - tools.amazon_playwright_extractor - INFO - ASIN B01ARMVOFK: EAN '5034566317130' found in Keepa details via key 'Product Codes - EAN'.
2026-02-18 01:21:28,485 - tools.amazon_playwright_extractor - INFO - ASIN B01ARMVOFK: BSR not found or invalid from page. Attempting fallback from Keepa.
2026-02-18 01:21:28,485 - tools.amazon_playwright_extractor - INFO - ASIN B01ARMVOFK: BSR 6994 in 'Toys & Games 36' from Keepa SalesRankDetailsTable.
2026-02-18 01:21:28,485 - tools.amazon_playwright_extractor - INFO - \u2705 Recorded search method 'EAN' for ASIN B01ARMVOFK
2026-02-18 01:21:28,485 - tools.amazon_playwright_extractor - INFO - Successfully extracted data for ASIN B01ARMVOFK (EAN on page: 5034566317130)
2026-02-18 01:21:28,490 [INFO] WindowsSaveGuardian: ? ATOMIC SAVE: amazon_B01ARMVOFK_5034566317130.json (32 entries) saved successfully
2026-02-18 01:21:28,490 - windows_save_guardian - INFO - ? ATOMIC SAVE: amazon_B01ARMVOFK_5034566317130.json (32 entries) saved successfully
2026-02-18 01:21:28,497 [INFO] WindowsSaveGuardian: ? ATOMIC SAVE: linking_map.json (7 entries) saved successfully
2026-02-18 01:21:28,497 - windows_save_guardian - INFO - ? ATOMIC SAVE: linking_map.json (7 entries) saved successfully
2026-02-18 01:21:28,498 - __main__ - INFO - Linking map periodic flush: 7 entries
2026-02-18 01:21:28,506 [INFO] WindowsSaveGuardian: ? ATOMIC SAVE: angelwholesale_co_uk__sandbox__38107e18_processing_state.json (27 entries) saved successfully
2026-02-18 01:21:28,506 - windows_save_guardian - INFO - ? ATOMIC SAVE: angelwholesale_co_uk__sandbox__38107e18_processing_state.json (27 entries) saved successfully
2026-02-18 01:21:28,507 - utils.fixed_enhanced_state_manager - INFO -  ATOMIC SAVE
2026-02-18 01:21:28,507 - tools.amazon_playwright_extractor - INFO - Searching Amazon by EAN: 5027148008014 for supplier product: 'Bulldog Soft Toy (50cm)' (FixedAmazonExtractor)
2026-02-18 01:21:28,507 - tools.amazon_playwright_extractor - INFO - Navigating to Amazon UK to search for EAN: 5027148008014
2026-02-18 01:21:34,590 - tools.amazon_playwright_extractor - INFO - Waiting for search results page to load for EAN 5027148008014...
2026-02-18 01:21:35,488 - tools.amazon_playwright_extractor - INFO - Found search results container with selector: div.s-search-results
2026-02-18 01:21:36,504 - tools.amazon_playwright_extractor - INFO - Found 12 search result elements using selector: div[data-component-type='s-search-result']
2026-02-18 01:21:36,504 - tools.amazon_playwright_extractor - INFO - Processing 12 search result elements for EAN 5027148008014
2026-02-18 01:21:37,141 - tools.amazon_playwright_extractor - INFO - \U0001f4ca SPONSORED FILTERING RESULTS: 0 organic products, 12 sponsored products filtered out
2026-02-18 01:21:37,141 - tools.amazon_playwright_extractor - WARNING - EAN 5027148008014 returned no organic results - skipping
2026-02-18 01:21:37,141 - tools.amazon_playwright_extractor - WARNING - No Amazon results or error for EAN '5027148008014'. Details: no_organic_results
2026-02-18 01:21:37,141 - tools.amazon_playwright_extractor - INFO - Falling back to title search for supplier product: 'Bulldog Soft Toy (50cm)'
2026-02-18 01:21:37,141 - tools.amazon_playwright_extractor - INFO - Searching Amazon by title using search bar: 'Bulldog Soft Toy (50cm)'
2026-02-18 01:21:37,141 - tools.amazon_playwright_extractor - INFO - Navigating to Amazon UK to search for title: Bulldog Soft Toy (50cm)
2026-02-18 01:21:45,462 - tools.amazon_playwright_extractor - INFO - Title search found 72 elements using selector: div.s-search-results > div[data-asin]
2026-02-18 01:21:45,637 - tools.amazon_playwright_extractor - WARNING - ASIN extraction failed: All 4 fallbacks exhausted
2026-02-18 01:21:46,149 - tools.amazon_playwright_extractor - INFO - \u2705 Title search: Selected first visible organic product - ASIN B079YXQD94
2026-02-18 01:21:46,149 - tools.amazon_playwright_extractor - INFO - \U0001f3af ASIN EXTRACTION SUCCESS: Found 1 ASINs for title search: 'Bulldog Soft Toy (50cm)'
2026-02-18 01:21:46,150 - tools.amazon_playwright_extractor - INFO - Title search successful for 'Bulldog Soft Toy (50cm)' after EAN '5027148008014' failed
2026-02-18 01:21:46,150 - tools.amazon_playwright_extractor - INFO - Extracting complete data for fallback ASIN B079YXQD94 from title search
2026-02-18 01:21:46,150 - tools.amazon_playwright_extractor - WARNING - No page object provided to extract_data for ASIN B079YXQD94. Getting a new one from BrowserManager.
2026-02-18 01:21:46,150 - tools.amazon_playwright_extractor - INFO - Reusing existing page: https://www.amazon.co.uk/s?k=Bulldog+Soft+Toy+%2850cm%29&ref=nb_sb_noss
2026-02-18 01:21:49,031 - tools.amazon_playwright_extractor - INFO - Checking for cookie consent pop-up...
2026-02-18 01:21:55,279 - tools.amazon_playwright_extractor - INFO - Finished checking for cookie consent pop-ups. If one was present and not handled, it might interfere.
2026-02-18 01:21:56,294 - tools.amazon_playwright_extractor - INFO - Checking for CAPTCHA...
2026-02-18 01:21:59,313 - tools.amazon_playwright_extractor - INFO - No CAPTCHA page detected by form selector.
2026-02-18 01:21:59,313 - tools.amazon_playwright_extractor - INFO - Checking for cookie consent pop-up...
2026-02-18 01:21:59,462 - tools.amazon_playwright_extractor - INFO - Finished checking for cookie consent pop-ups. If one was present and not handled, it might interfere.
2026-02-18 01:21:59,462 - tools.amazon_playwright_extractor - INFO - Page should be ready. Waiting 5s for stabilization...
2026-02-18 01:22:04,469 - tools.amazon_playwright_extractor - INFO - Waiting an additional 7s for extensions (Keepa, SellerAmp)...
2026-02-18 01:22:11,479 - tools.amazon_playwright_extractor - INFO - Extracting all product data for ASIN: B079YXQD94
2026-02-18 01:22:11,479 - tools.amazon_playwright_extractor - INFO - Extracting basic product information (Title, Price, Images, Amazon Details)...
2026-02-18 01:22:11,557 - tools.amazon_playwright_extractor - INFO - Title found: '20 cm Cute Sitting British English Bulldog Dog Puppy Teddy Soft Plush Beanie Toy' via #productTitle
2026-02-18 01:22:11,558 - tools.amazon_playwright_extractor - INFO - Extracting price details...
2026-02-18 01:22:11,607 - tools.amazon_playwright_extractor - INFO - Current price: 7.99 via #corePrice_feature_div .a-offscreen
2026-02-18 01:22:11,723 - tools.amazon_playwright_extractor - INFO - Original price: 24.99 via span.a-price.a-text-price[data-a-strike='true'] span.a-offscreen
2026-02-18 01:22:11,784 - tools.amazon_playwright_extractor - INFO - Amazon sales badge found: 30 in container div#socialProofingAsinFaceout_feature_div
2026-02-18 01:22:11,784 - tools.amazon_playwright_extractor - INFO - Extracting image URLs...
2026-02-18 01:22:11,885 - tools.amazon_playwright_extractor - INFO - Main image: https://m.media-amazon.com/images/I/51KsNFlvq6L._AC_.jpg via #landingImage
2026-02-18 01:22:12,123 - tools.amazon_playwright_extractor - INFO - Found 7 thumbnails.
2026-02-18 01:22:12,137 - tools.amazon_playwright_extractor - INFO - Extracting Amazon product details section...
2026-02-18 01:22:12,929 - tools.amazon_playwright_extractor - INFO - Extracting sales rank information...
2026-02-18 01:22:13,265 - tools.amazon_playwright_extractor - INFO - Extracting ratings and reviews...
2026-02-18 01:22:13,311 - tools.amazon_playwright_extractor - INFO - Rating: 4.5 via #acrPopover[title*='out of 5 stars']
2026-02-18 01:22:13,360 - tools.amazon_playwright_extractor - INFO - Review count: 398 via #acrCustomerReviewText
2026-02-18 01:22:13,360 - tools.amazon_playwright_extractor - INFO - Extracting stock information...
2026-02-18 01:22:13,414 - tools.amazon_playwright_extractor - INFO - Availability text: 'In stock' via #availability span.a-size-medium.a-color-success
2026-02-18 01:22:13,414 - tools.amazon_playwright_extractor - INFO - Extracting features/bullets...
2026-02-18 01:22:14,323 - tools.amazon_playwright_extractor - INFO - Found 5 features.
2026-02-18 01:22:14,323 - tools.amazon_playwright_extractor - INFO - Extracting product description...
2026-02-18 01:22:14,406 - tools.amazon_playwright_extractor - INFO - Description found using selector: #aplus_feature_div
2026-02-18 01:22:14,407 - tools.amazon_playwright_extractor - INFO - Extracting product specifications table...
2026-02-18 01:22:16,747 - tools.amazon_playwright_extractor - INFO - Specifications table parsed using selector: table.a-keyvalue.prodDetTable
2026-02-18 01:22:16,747 - tools.amazon_playwright_extractor - INFO - Extracting SellerAmp data (if present)...
2026-02-18 01:22:16,747 - tools.amazon_playwright_extractor - INFO - SellerAmp data extraction is currently disabled as per requirements (Fix 2.3).
2026-02-18 01:22:16,747 - tools.amazon_playwright_extractor - INFO - Extracting Keepa data (if present)...
2026-02-18 01:22:16,747 - tools.amazon_playwright_extractor - INFO - Attempting to extract Keepa data...
2026-02-18 01:22:22,881 - tools.amazon_playwright_extractor - INFO - Keepa iframe found: iframe[id*='keepa']
2026-02-18 01:22:23,049 - tools.amazon_playwright_extractor - INFO - Keepa Sales Rank Details Table parsed.
2026-02-18 01:22:23,050 - tools.amazon_playwright_extractor - INFO - Keepa Graph AI Analysis is currently disabled as per requirements (Fix 2.4).
2026-02-18 01:22:23,100 - tools.amazon_playwright_extractor - INFO - Keepa Data tab found. Currently active: False
2026-02-18 01:22:23,100 - tools.amazon_playwright_extractor - INFO - Clicking Keepa 'Data' tab...
2026-02-18 01:22:25,782 - tools.amazon_playwright_extractor - INFO - Attempt 1/2: Waiting 12000ms for Product-Details wrapper...
2026-02-18 01:22:30,826 - tools.amazon_playwright_extractor - INFO - ? Product-Details wrapper appeared on attempt 1
2026-02-18 01:22:30,915 - tools.amazon_playwright_extractor - INFO - Parsing Keepa AG Grid for Product Details from: div#MoreTab1 div#grid-product-detail
2026-02-18 01:22:30,991 - tools.amazon_playwright_extractor - INFO - Primary attempt: Waiting 12 seconds for AG Grid rows to load...
2026-02-18 01:22:32,070 - tools.amazon_playwright_extractor - INFO - ? Primary attempt successful: 154 rows found
2026-02-18 01:22:32,093 - tools.amazon_playwright_extractor - INFO - Processing 154 rows in Keepa Product Details AG Grid.
2026-02-18 01:22:35,212 - tools.amazon_playwright_extractor - INFO - Found potential fee key 'FBA Pick&Pack Fee' with raw value: 'Ł 3.48' in Keepa AG Grid.
2026-02-18 01:22:35,432 - tools.amazon_playwright_extractor - INFO - Found potential fee key 'Referral Fee based on current Buy Box price' with raw value: 'Ł 1.20' in Keepa AG Grid.
2026-02-18 01:22:42,206 - tools.amazon_playwright_extractor - INFO - ? Successfully parsed 45 items from Keepa Product Details AG Grid.
2026-02-18 01:22:42,206 - tools.amazon_playwright_extractor - INFO - ASIN B079YXQD94: Attempting to extract EANs from Keepa product_details_tab_data.
2026-02-18 01:22:42,206 - tools.amazon_playwright_extractor - WARNING - ASIN B079YXQD94: Could not find EAN in Keepa product_details_tab_data.
2026-02-18 01:22:42,206 - tools.amazon_playwright_extractor - INFO - ASIN B079YXQD94: BSR not found or invalid from page. Attempting fallback from Keepa.
2026-02-18 01:22:42,206 - tools.amazon_playwright_extractor - INFO - ASIN B079YXQD94: BSR 40754 in 'Toys & Games 8' from Keepa SalesRankDetailsTable.
2026-02-18 01:22:42,213 [INFO] WindowsSaveGuardian: ? ATOMIC SAVE: amazon_B079YXQD94_5027148008014.json (29 entries) saved successfully
2026-02-18 01:22:42,213 - windows_save_guardian - INFO - ? ATOMIC SAVE: amazon_B079YXQD94_5027148008014.json (29 entries) saved successfully
2026-02-18 01:22:42,220 [INFO] WindowsSaveGuardian: ? ATOMIC SAVE: linking_map.json (8 entries) saved successfully
2026-02-18 01:22:42,220 - windows_save_guardian - INFO - ? ATOMIC SAVE: linking_map.json (8 entries) saved successfully
2026-02-18 01:22:42,221 - __main__ - INFO - Linking map periodic flush: 8 entries
2026-02-18 01:22:42,228 [INFO] WindowsSaveGuardian: ? ATOMIC SAVE: angelwholesale_co_uk__sandbox__38107e18_processing_state.json (27 entries) saved successfully
2026-02-18 01:22:42,228 - windows_save_guardian - INFO - ? ATOMIC SAVE: angelwholesale_co_uk__sandbox__38107e18_processing_state.json (27 entries) saved successfully
2026-02-18 01:22:42,229 - utils.fixed_enhanced_state_manager - INFO -  ATOMIC SAVE
2026-02-18 01:22:42,235 [INFO] WindowsSaveGuardian: ? ATOMIC SAVE: angelwholesale_co_uk__sandbox__38107e18_processing_state.json (27 entries) saved successfully
2026-02-18 01:22:42,235 - windows_save_guardian - INFO - ? ATOMIC SAVE: angelwholesale_co_uk__sandbox__38107e18_processing_state.json (27 entries) saved successfully
2026-02-18 01:22:42,236 - utils.fixed_enhanced_state_manager - INFO -  ATOMIC SAVE
2026-02-18 01:22:42,243 [INFO] WindowsSaveGuardian: ? ATOMIC SAVE: angelwholesale_co_uk__sandbox__38107e18_processing_state.json (27 entries) saved successfully
2026-02-18 01:22:42,243 - windows_save_guardian - INFO - ? ATOMIC SAVE: angelwholesale_co_uk__sandbox__38107e18_processing_state.json (27 entries) saved successfully
2026-02-18 01:22:42,245 - utils.fixed_enhanced_state_manager - INFO -  ATOMIC SAVE
2026-02-18 01:22:42,255 [INFO] WindowsSaveGuardian: ? ATOMIC SAVE: linking_map.json (8 entries) saved successfully
2026-02-18 01:22:42,255 - windows_save_guardian - INFO - ? ATOMIC SAVE: linking_map.json (8 entries) saved successfully
2026-02-18 01:22:42,256 - __main__ - INFO - Product list refresh complete: 8/8 matched
2026-02-18 01:22:42,257 - utils.browser_manager - WARNING - Error during global cleanup: no running event loop
Exception ignored in: <function BaseSubprocessTransport.__del__ at 0x000002D534AC8C20>
Traceback (most recent call last):
  File "C:\Python313\Lib\asyncio\base_subprocess.py", line 130, in __del__
  File "C:\Python313\Lib\asyncio\base_subprocess.py", line 107, in close
  File "C:\Python313\Lib\asyncio\proactor_events.py", line 109, in close
  File "C:\Python313\Lib\asyncio\base_events.py", line 827, in call_soon
  File "C:\Python313\Lib\asyncio\base_events.py", line 550, in _check_closed
RuntimeError: Event loop is closed
