2026-03-13 04:01:35,576 - __main__ - WARNING - Ignoring supplier identity from products file; job sandbox is authoritative. job=poundwholesale.co.uk__sandbox__44b12007 file=poundwholesale.co.uk
2026-03-13 04:01:35,576 - tools.amazon_playwright_extractor - WARNING - ?? BrowserCircuitBreaker not available - health management disabled
2026-03-13 04:01:35,576 - tools.amazon_playwright_extractor - INFO - AI features disabled in amazon_playwright_extractor - using only traditional selectors.
2026-03-13 04:01:35,577 - tools.amazon_playwright_extractor - INFO - Output directory set to: C:\Users\chris\Desktop\Amazon-FBA-Agent-System-v32 - latest good - Copy (8) - Copy - Copy - POSTLONGRUNPREKIRO2 beforecompletion-\OUTPUTS\CACHE\amazon_data
2026-03-13 04:01:35,577 - tools.amazon_playwright_extractor - WARNING - ?? BrowserManager not available, using legacy browser connection
2026-03-13 04:01:35,578 - tools.amazon_playwright_extractor - INFO - \U0001f527 FixedAmazonExtractor connecting via BrowserManager singleton
2026-03-13 04:01:35,578 - utils.browser_circuit_breaker - INFO - BrowserCircuitBreaker initialized: threshold=3, timeout=300s
2026-03-13 04:01:35,578 - utils.browser_manager - INFO - ?? BrowserManager singleton initialized with health management
2026-03-13 04:01:36,069 - utils.browser_manager - INFO - ?? Connecting to existing Chrome debug instance on port 9222
2026-03-13 04:01:36,069 - utils.browser_manager - INFO - ?? Per troubleshooting docs: Using existing Chrome debug only
2026-03-13 04:01:38,326 - utils.browser_manager - INFO - ? Chrome debug accessible on IPv4: Chrome/145.0.7632.160
2026-03-13 04:01:38,326 - utils.browser_manager - INFO - ?? Connecting to existing Chrome debug instance...
2026-03-13 04:01:40,363 - utils.browser_manager - INFO - ?? Using endpoint: http://localhost:9222
2026-03-13 04:01:41,079 - utils.browser_manager - INFO - ? Successfully connected to existing Chrome debug instance
2026-03-13 04:01:41,079 - utils.browser_manager - INFO - ?? Using existing context with 8 pages
2026-03-13 04:01:41,080 - utils.browser_manager - INFO - ?? Connected to existing Chrome: 145.0.7632.160
2026-03-13 04:01:41,080 - tools.amazon_playwright_extractor - INFO - \u2705 FixedAmazonExtractor connected via BrowserManager singleton
2026-03-13 04:01:41,080 - utils.browser_manager - INFO - ?? Reusing existing Chrome connection (port 9222)
2026-03-13 04:01:41,080 - utils.browser_manager - INFO - ?? Reusing existing page in persistent context.
2026-03-13 04:01:41,090 [INFO] WindowsSaveGuardian: ? ATOMIC SAVE: poundwholesale_co_uk__sandbox__44b12007_processing_state.json (27 entries) saved successfully
2026-03-13 04:01:41,090 - windows_save_guardian - INFO - ? ATOMIC SAVE: poundwholesale_co_uk__sandbox__44b12007_processing_state.json (27 entries) saved successfully
2026-03-13 04:01:41,091 - utils.fixed_enhanced_state_manager - INFO -  ATOMIC SAVE
2026-03-13 04:01:41,096 [INFO] WindowsSaveGuardian: ? ATOMIC SAVE: poundwholesale_co_uk__sandbox__44b12007_processing_state.json (27 entries) saved successfully
2026-03-13 04:01:41,096 - windows_save_guardian - INFO - ? ATOMIC SAVE: poundwholesale_co_uk__sandbox__44b12007_processing_state.json (27 entries) saved successfully
2026-03-13 04:01:41,097 - utils.fixed_enhanced_state_manager - INFO -  ATOMIC SAVE
2026-03-13 04:01:41,097 - tools.amazon_playwright_extractor - INFO - Searching Amazon by EAN: 5056055314550 for supplier product: 'Gerbera Bush Artificial Flowers Assorted Colours' (FixedAmazonExtractor)
2026-03-13 04:01:41,097 - tools.amazon_playwright_extractor - INFO - Navigating to Amazon UK to search for EAN: 5056055314550
2026-03-13 04:01:46,182 - tools.amazon_playwright_extractor - INFO - Waiting for search results page to load for EAN 5056055314550...
2026-03-13 04:01:46,433 - tools.amazon_playwright_extractor - INFO - Found search results container with selector: div.s-search-results
2026-03-13 04:01:47,096 - tools.amazon_playwright_extractor - INFO - Found 6 search result elements using selector: div[data-component-type='s-search-result']
2026-03-13 04:01:47,096 - tools.amazon_playwright_extractor - INFO - Processing 6 search result elements for EAN 5056055314550
2026-03-13 04:01:47,249 - tools.amazon_playwright_extractor - INFO - \U0001f4ca SPONSORED FILTERING RESULTS: 0 organic products, 6 sponsored products filtered out
2026-03-13 04:01:47,249 - tools.amazon_playwright_extractor - WARNING - EAN 5056055314550 returned no organic results - skipping
2026-03-13 04:01:47,250 - tools.amazon_playwright_extractor - WARNING - No Amazon results or error for EAN '5056055314550'. Details: no_organic_results
2026-03-13 04:01:47,250 - tools.amazon_playwright_extractor - INFO - Falling back to title search for supplier product: 'Gerbera Bush Artificial Flowers Assorted Colours'
2026-03-13 04:01:47,250 - tools.amazon_playwright_extractor - INFO - Searching Amazon by title using search bar: 'Gerbera Bush Artificial Flowers Assorted Colours'
2026-03-13 04:01:47,250 - tools.amazon_playwright_extractor - INFO - Navigating to Amazon UK to search for title: Gerbera Bush Artificial Flowers Assorted Colours
2026-03-13 04:01:54,106 - tools.amazon_playwright_extractor - INFO - Title search found 71 elements using selector: div.s-search-results > div[data-asin]
2026-03-13 04:01:54,396 - tools.amazon_playwright_extractor - WARNING - ASIN extraction failed: All 4 fallbacks exhausted
2026-03-13 04:01:54,610 - tools.amazon_playwright_extractor - INFO - \u2705 Title search: Selected first visible organic product - ASIN B0CYGTF91W
2026-03-13 04:01:54,610 - tools.amazon_playwright_extractor - INFO - \U0001f3af ASIN EXTRACTION SUCCESS: Found 1 ASINs for title search: 'Gerbera Bush Artificial Flowers Assorted Colours'
2026-03-13 04:01:54,610 - tools.amazon_playwright_extractor - INFO - Title search successful for 'Gerbera Bush Artificial Flowers Assorted Colours' after EAN '5056055314550' failed
2026-03-13 04:01:54,610 - tools.amazon_playwright_extractor - INFO - Extracting complete data for fallback ASIN B0CYGTF91W from title search
2026-03-13 04:01:54,611 - tools.amazon_playwright_extractor - WARNING - No page object provided to extract_data for ASIN B0CYGTF91W. Getting a new one from BrowserManager.
2026-03-13 04:01:54,611 - tools.amazon_playwright_extractor - INFO - Reusing existing page: https://www.amazon.co.uk/s?k=Gerbera+Bush+Artificial+Flowers+Assorted+Colours&ref=nb_sb_noss
2026-03-13 04:01:56,813 - tools.amazon_playwright_extractor - INFO - Checking for cookie consent pop-up...
2026-03-13 04:01:58,150 - tools.amazon_playwright_extractor - INFO - Finished checking for cookie consent pop-ups. If one was present and not handled, it might interfere.
2026-03-13 04:01:59,151 - tools.amazon_playwright_extractor - INFO - Checking for CAPTCHA...
2026-03-13 04:02:02,166 - tools.amazon_playwright_extractor - INFO - No CAPTCHA page detected by form selector.
2026-03-13 04:02:02,167 - tools.amazon_playwright_extractor - INFO - Checking for cookie consent pop-up...
2026-03-13 04:02:02,271 - tools.amazon_playwright_extractor - INFO - Finished checking for cookie consent pop-ups. If one was present and not handled, it might interfere.
2026-03-13 04:02:02,272 - tools.amazon_playwright_extractor - INFO - Page should be ready. Waiting 5s for stabilization...
2026-03-13 04:02:07,274 - tools.amazon_playwright_extractor - INFO - Waiting an additional 7s for extensions (Keepa, SellerAmp)...
2026-03-13 04:02:14,286 - tools.amazon_playwright_extractor - INFO - Extracting all product data for ASIN: B0CYGTF91W
2026-03-13 04:02:14,286 - tools.amazon_playwright_extractor - INFO - Extracting basic product information (Title, Price, Images, Amazon Details)...
2026-03-13 04:02:14,342 - tools.amazon_playwright_extractor - INFO - Title found: 'SNAIL GARDEN 4 Bundles of 20 Heads Artificial Daisies Flowers,2 Colors Silk Gerbera Daisies Flowers Realistic Artificial Flower for Home Office Party Wedding Centerpiece Decorations (yellow,orange)' via #productTitle
2026-03-13 04:02:14,342 - tools.amazon_playwright_extractor - INFO - Extracting price details...
2026-03-13 04:02:14,377 - tools.amazon_playwright_extractor - INFO - Current price: 13.99 via #corePrice_feature_div .a-offscreen
2026-03-13 04:02:14,582 - tools.amazon_playwright_extractor - INFO - Extracting image URLs...
2026-03-13 04:02:14,652 - tools.amazon_playwright_extractor - INFO - Main image: https://m.media-amazon.com/images/I/61Tm8e-luhL._AC_SL1024_.jpg via #landingImage
2026-03-13 04:02:14,811 - tools.amazon_playwright_extractor - INFO - Found 7 thumbnails.
2026-03-13 04:02:14,817 - tools.amazon_playwright_extractor - INFO - Extracting Amazon product details section...
2026-03-13 04:02:15,112 - tools.amazon_playwright_extractor - INFO - Extracting sales rank information...
2026-03-13 04:02:15,362 - tools.amazon_playwright_extractor - INFO - Extracting ratings and reviews...
2026-03-13 04:02:15,391 - tools.amazon_playwright_extractor - INFO - Rating: 4.2 via #acrPopover[title*='out of 5 stars']
2026-03-13 04:02:15,418 - tools.amazon_playwright_extractor - INFO - Review count: 37 via #acrCustomerReviewText
2026-03-13 04:02:15,419 - tools.amazon_playwright_extractor - INFO - Extracting stock information...
2026-03-13 04:02:15,445 - tools.amazon_playwright_extractor - INFO - Availability text: 'In stock' via #availability span.a-size-medium.a-color-success
2026-03-13 04:02:15,445 - tools.amazon_playwright_extractor - INFO - Extracting features/bullets...
2026-03-13 04:02:15,866 - tools.amazon_playwright_extractor - INFO - Found 5 features.
2026-03-13 04:02:15,867 - tools.amazon_playwright_extractor - INFO - Extracting product description...
2026-03-13 04:02:15,892 - tools.amazon_playwright_extractor - INFO - Description found using selector: #productDescription
2026-03-13 04:02:15,892 - tools.amazon_playwright_extractor - INFO - Extracting product specifications table...
2026-03-13 04:02:17,057 - tools.amazon_playwright_extractor - INFO - Specifications table parsed using selector: table.a-keyvalue.prodDetTable
2026-03-13 04:02:17,058 - tools.amazon_playwright_extractor - INFO - Extracting SellerAmp data (if present)...
2026-03-13 04:02:17,058 - tools.amazon_playwright_extractor - INFO - SellerAmp data extraction is currently disabled as per requirements (Fix 2.3).
2026-03-13 04:02:17,058 - tools.amazon_playwright_extractor - INFO - Extracting Keepa data (if present)...
2026-03-13 04:02:17,058 - tools.amazon_playwright_extractor - INFO - Attempting to extract Keepa data...
2026-03-13 04:02:23,240 - tools.amazon_playwright_extractor - INFO - Keepa iframe found: iframe[id*='keepa']
2026-03-13 04:02:23,370 - tools.amazon_playwright_extractor - INFO - Keepa Sales Rank Details Table parsed.
2026-03-13 04:02:23,370 - tools.amazon_playwright_extractor - INFO - Keepa Graph AI Analysis is currently disabled as per requirements (Fix 2.4).
2026-03-13 04:02:23,406 - tools.amazon_playwright_extractor - INFO - Keepa Data tab found. Currently active: False
2026-03-13 04:02:23,406 - tools.amazon_playwright_extractor - INFO - Clicking Keepa 'Data' tab...
2026-03-13 04:02:26,432 - tools.amazon_playwright_extractor - INFO - Attempt 1/2: Waiting 12000ms for Product-Details wrapper...
2026-03-13 04:02:38,450 - tools.amazon_playwright_extractor - WARNING - Product-Details wrapper timeout on attempt 1, retrying...
2026-03-13 04:02:43,456 - tools.amazon_playwright_extractor - INFO - Attempt 2/2: Waiting 12000ms for Product-Details wrapper...
2026-03-13 04:02:55,476 - tools.amazon_playwright_extractor - ERROR - Product-Details wrapper did not appear after 2 attempts – aborting.
2026-03-13 04:02:55,476 - tools.amazon_playwright_extractor - INFO - ASIN B0CYGTF91W: BSR not found or invalid from page. Attempting fallback from Keepa.
2026-03-13 04:02:55,476 - tools.amazon_playwright_extractor - INFO - ASIN B0CYGTF91W: BSR 116429 in 'Home & Kitchen 4.0' from Keepa SalesRankDetailsTable.
2026-03-13 04:02:55,481 [INFO] WindowsSaveGuardian: ? ATOMIC SAVE: amazon_B0CYGTF91W_5056055314550.json (27 entries) saved successfully
2026-03-13 04:02:55,481 - windows_save_guardian - INFO - ? ATOMIC SAVE: amazon_B0CYGTF91W_5056055314550.json (27 entries) saved successfully
2026-03-13 04:02:55,486 [INFO] WindowsSaveGuardian: ? ATOMIC SAVE: linking_map.json (4 entries) saved successfully
2026-03-13 04:02:55,486 - windows_save_guardian - INFO - ? ATOMIC SAVE: linking_map.json (4 entries) saved successfully
2026-03-13 04:02:55,487 - __main__ - INFO - Linking map periodic flush: 4 entries
2026-03-13 04:02:55,491 [INFO] WindowsSaveGuardian: ? ATOMIC SAVE: poundwholesale_co_uk__sandbox__44b12007_processing_state.json (27 entries) saved successfully
2026-03-13 04:02:55,491 - windows_save_guardian - INFO - ? ATOMIC SAVE: poundwholesale_co_uk__sandbox__44b12007_processing_state.json (27 entries) saved successfully
2026-03-13 04:02:55,492 - utils.fixed_enhanced_state_manager - INFO -  ATOMIC SAVE
2026-03-13 04:02:55,497 [INFO] WindowsSaveGuardian: ? ATOMIC SAVE: poundwholesale_co_uk__sandbox__44b12007_processing_state.json (27 entries) saved successfully
2026-03-13 04:02:55,497 - windows_save_guardian - INFO - ? ATOMIC SAVE: poundwholesale_co_uk__sandbox__44b12007_processing_state.json (27 entries) saved successfully
2026-03-13 04:02:55,497 - utils.fixed_enhanced_state_manager - INFO -  ATOMIC SAVE
2026-03-13 04:02:55,497 - tools.amazon_playwright_extractor - INFO - Searching Amazon by EAN: 5033849046866 for supplier product: 'Kreative Kids Art Set 24pc' (FixedAmazonExtractor)
2026-03-13 04:02:55,497 - tools.amazon_playwright_extractor - INFO - Navigating to Amazon UK to search for EAN: 5033849046866
2026-03-13 04:03:00,515 - tools.amazon_playwright_extractor - INFO - Waiting for search results page to load for EAN 5033849046866...
2026-03-13 04:03:00,991 - tools.amazon_playwright_extractor - INFO - Found search results container with selector: div.s-search-results
2026-03-13 04:03:01,799 - tools.amazon_playwright_extractor - INFO - Found 7 search result elements using selector: div[data-component-type='s-search-result']
2026-03-13 04:03:01,799 - tools.amazon_playwright_extractor - INFO - Processing 7 search result elements for EAN 5033849046866
2026-03-13 04:03:02,032 - tools.amazon_playwright_extractor - INFO - \U0001f4ca SPONSORED FILTERING RESULTS: 0 organic products, 7 sponsored products filtered out
2026-03-13 04:03:02,032 - tools.amazon_playwright_extractor - WARNING - EAN 5033849046866 returned no organic results - skipping
2026-03-13 04:03:02,032 - tools.amazon_playwright_extractor - WARNING - No Amazon results or error for EAN '5033849046866'. Details: no_organic_results
2026-03-13 04:03:02,032 - tools.amazon_playwright_extractor - INFO - Falling back to title search for supplier product: 'Kreative Kids Art Set 24pc'
2026-03-13 04:03:02,033 - tools.amazon_playwright_extractor - INFO - Searching Amazon by title using search bar: 'Kreative Kids Art Set 24pc'
2026-03-13 04:03:02,033 - tools.amazon_playwright_extractor - INFO - Navigating to Amazon UK to search for title: Kreative Kids Art Set 24pc
2026-03-13 04:03:07,783 - tools.amazon_playwright_extractor - INFO - Title search found 71 elements using selector: div.s-search-results > div[data-asin]
2026-03-13 04:03:08,088 - tools.amazon_playwright_extractor - WARNING - ASIN extraction failed: All 4 fallbacks exhausted
2026-03-13 04:03:08,482 - tools.amazon_playwright_extractor - INFO - \u2705 Title search: Selected first visible organic product - ASIN B076HQ9FWP
2026-03-13 04:03:08,483 - tools.amazon_playwright_extractor - INFO - \U0001f3af ASIN EXTRACTION SUCCESS: Found 1 ASINs for title search: 'Kreative Kids Art Set 24pc'
2026-03-13 04:03:08,483 - tools.amazon_playwright_extractor - INFO - Title search successful for 'Kreative Kids Art Set 24pc' after EAN '5033849046866' failed
2026-03-13 04:03:08,483 - tools.amazon_playwright_extractor - INFO - Extracting complete data for fallback ASIN B076HQ9FWP from title search
2026-03-13 04:03:08,483 - tools.amazon_playwright_extractor - WARNING - No page object provided to extract_data for ASIN B076HQ9FWP. Getting a new one from BrowserManager.
2026-03-13 04:03:08,483 - tools.amazon_playwright_extractor - INFO - Reusing existing page: https://www.amazon.co.uk/s?k=Kreative+Kids+Art+Set+24pc&ref=nb_sb_noss
2026-03-13 04:03:10,737 - tools.amazon_playwright_extractor - INFO - Checking for cookie consent pop-up...
2026-03-13 04:03:12,761 - tools.amazon_playwright_extractor - INFO - Finished checking for cookie consent pop-ups. If one was present and not handled, it might interfere.
2026-03-13 04:03:13,761 - tools.amazon_playwright_extractor - INFO - Checking for CAPTCHA...
2026-03-13 04:03:16,772 - tools.amazon_playwright_extractor - INFO - No CAPTCHA page detected by form selector.
2026-03-13 04:03:16,773 - tools.amazon_playwright_extractor - INFO - Checking for cookie consent pop-up...
2026-03-13 04:03:16,886 - tools.amazon_playwright_extractor - INFO - Finished checking for cookie consent pop-ups. If one was present and not handled, it might interfere.
2026-03-13 04:03:16,886 - tools.amazon_playwright_extractor - INFO - Page should be ready. Waiting 5s for stabilization...
2026-03-13 04:03:21,896 - tools.amazon_playwright_extractor - INFO - Waiting an additional 7s for extensions (Keepa, SellerAmp)...
2026-03-13 04:03:28,904 - tools.amazon_playwright_extractor - INFO - Extracting all product data for ASIN: B076HQ9FWP
2026-03-13 04:03:28,904 - tools.amazon_playwright_extractor - INFO - Extracting basic product information (Title, Price, Images, Amazon Details)...
2026-03-13 04:03:28,948 - tools.amazon_playwright_extractor - INFO - Title found: '86 Piece Craft and Art Set - Kids Colouring Kit with Crayons and Watercolour Paint' via #productTitle
2026-03-13 04:03:28,948 - tools.amazon_playwright_extractor - INFO - Extracting price details...
2026-03-13 04:03:28,971 - tools.amazon_playwright_extractor - INFO - Current price: 9.95 via #corePrice_feature_div .a-offscreen
2026-03-13 04:03:29,038 - tools.amazon_playwright_extractor - INFO - Original price: 21.99 via span.a-price.a-text-price[data-a-strike='true'] span.a-offscreen
2026-03-13 04:03:29,090 - tools.amazon_playwright_extractor - INFO - Extracting image URLs...
2026-03-13 04:03:29,147 - tools.amazon_playwright_extractor - INFO - Main image: https://m.media-amazon.com/images/I/713N13Arc2L._AC_SL1500_.jpg via #landingImage
2026-03-13 04:03:29,261 - tools.amazon_playwright_extractor - INFO - Found 6 thumbnails.
2026-03-13 04:03:29,270 - tools.amazon_playwright_extractor - INFO - Extracting Amazon product details section...
2026-03-13 04:03:29,455 - tools.amazon_playwright_extractor - INFO - Extracting sales rank information...
2026-03-13 04:03:29,663 - tools.amazon_playwright_extractor - INFO - Extracting ratings and reviews...
2026-03-13 04:03:29,695 - tools.amazon_playwright_extractor - INFO - Rating: 4.5 via #acrPopover[title*='out of 5 stars']
2026-03-13 04:03:29,728 - tools.amazon_playwright_extractor - INFO - Review count: 789 via #acrCustomerReviewText
2026-03-13 04:03:29,728 - tools.amazon_playwright_extractor - INFO - Extracting stock information...
2026-03-13 04:03:29,765 - tools.amazon_playwright_extractor - INFO - Availability text: 'Only 10 left in stock.' via #availability span.a-color-price
2026-03-13 04:03:29,766 - tools.amazon_playwright_extractor - INFO - Extracting features/bullets...
2026-03-13 04:03:30,091 - tools.amazon_playwright_extractor - INFO - Found 5 features.
2026-03-13 04:03:30,091 - tools.amazon_playwright_extractor - INFO - Extracting product description...
2026-03-13 04:03:30,150 - tools.amazon_playwright_extractor - INFO - Description found using selector: #aplus_feature_div
2026-03-13 04:03:30,150 - tools.amazon_playwright_extractor - INFO - Extracting product specifications table...
2026-03-13 04:03:31,267 - tools.amazon_playwright_extractor - INFO - Specifications table parsed using selector: table.a-keyvalue.prodDetTable
2026-03-13 04:03:31,267 - tools.amazon_playwright_extractor - INFO - Extracting SellerAmp data (if present)...
2026-03-13 04:03:31,267 - tools.amazon_playwright_extractor - INFO - SellerAmp data extraction is currently disabled as per requirements (Fix 2.3).
2026-03-13 04:03:31,267 - tools.amazon_playwright_extractor - INFO - Extracting Keepa data (if present)...
2026-03-13 04:03:31,268 - tools.amazon_playwright_extractor - INFO - Attempting to extract Keepa data...
2026-03-13 04:03:37,390 - tools.amazon_playwright_extractor - INFO - Keepa iframe found: iframe[id*='keepa']
2026-03-13 04:03:37,503 - tools.amazon_playwright_extractor - INFO - Keepa Sales Rank Details Table parsed.
2026-03-13 04:03:37,503 - tools.amazon_playwright_extractor - INFO - Keepa Graph AI Analysis is currently disabled as per requirements (Fix 2.4).
2026-03-13 04:03:37,535 - tools.amazon_playwright_extractor - INFO - Keepa Data tab found. Currently active: False
2026-03-13 04:03:37,536 - tools.amazon_playwright_extractor - INFO - Clicking Keepa 'Data' tab...
2026-03-13 04:03:39,790 - tools.amazon_playwright_extractor - INFO - Attempt 1/2: Waiting 12000ms for Product-Details wrapper...
2026-03-13 04:03:40,957 - tools.amazon_playwright_extractor - INFO - ? Product-Details wrapper appeared on attempt 1
2026-03-13 04:03:41,005 - tools.amazon_playwright_extractor - INFO - Parsing Keepa AG Grid for Product Details from: div#MoreTab1 div#grid-product-detail
2026-03-13 04:03:41,053 - tools.amazon_playwright_extractor - INFO - Primary attempt: Waiting 12 seconds for AG Grid rows to load...
2026-03-13 04:03:42,111 - tools.amazon_playwright_extractor - INFO - ? Primary attempt successful: 163 rows found
2026-03-13 04:03:42,138 - tools.amazon_playwright_extractor - INFO - Processing 163 rows in Keepa Product Details AG Grid.
2026-03-13 04:03:44,289 - tools.amazon_playwright_extractor - INFO - Found potential fee key 'FBA Pick&Pack Fee' with raw value: 'Ł 3.04' in Keepa AG Grid.
2026-03-13 04:03:44,423 - tools.amazon_playwright_extractor - INFO - Found potential fee key 'Referral Fee based on current Buy Box price' with raw value: 'Ł 0.80' in Keepa AG Grid.
2026-03-13 04:03:48,520 - tools.amazon_playwright_extractor - INFO - ? Successfully parsed 50 items from Keepa Product Details AG Grid.
2026-03-13 04:03:48,520 - tools.amazon_playwright_extractor - INFO - ASIN B076HQ9FWP: Attempting to extract EANs from Keepa product_details_tab_data.
2026-03-13 04:03:48,520 - tools.amazon_playwright_extractor - INFO - ASIN B076HQ9FWP: EAN '5033849047085' found in Keepa details via key 'Product Codes - EAN'.
2026-03-13 04:03:48,520 - tools.amazon_playwright_extractor - INFO - ASIN B076HQ9FWP: BSR not found or invalid from page. Attempting fallback from Keepa.
2026-03-13 04:03:48,520 - tools.amazon_playwright_extractor - INFO - ASIN B076HQ9FWP: BSR 162743 in 'Toys & Games 1.3' from Keepa SalesRankDetailsTable.
2026-03-13 04:03:48,531 [INFO] WindowsSaveGuardian: ? ATOMIC SAVE: amazon_B076HQ9FWP_5033849046866.json (31 entries) saved successfully
2026-03-13 04:03:48,531 - windows_save_guardian - INFO - ? ATOMIC SAVE: amazon_B076HQ9FWP_5033849046866.json (31 entries) saved successfully
2026-03-13 04:03:48,538 [INFO] WindowsSaveGuardian: ? ATOMIC SAVE: linking_map.json (5 entries) saved successfully
2026-03-13 04:03:48,538 - windows_save_guardian - INFO - ? ATOMIC SAVE: linking_map.json (5 entries) saved successfully
2026-03-13 04:03:48,539 - __main__ - INFO - Linking map periodic flush: 5 entries
2026-03-13 04:03:48,546 [INFO] WindowsSaveGuardian: ? ATOMIC SAVE: poundwholesale_co_uk__sandbox__44b12007_processing_state.json (27 entries) saved successfully
2026-03-13 04:03:48,546 - windows_save_guardian - INFO - ? ATOMIC SAVE: poundwholesale_co_uk__sandbox__44b12007_processing_state.json (27 entries) saved successfully
2026-03-13 04:03:48,547 - utils.fixed_enhanced_state_manager - INFO -  ATOMIC SAVE
2026-03-13 04:03:48,547 - tools.amazon_playwright_extractor - INFO - Searching Amazon by EAN: 5413247090812 for supplier product: 'Metallic PPH Trumpet Musical Instrument Assorted Colours' (FixedAmazonExtractor)
2026-03-13 04:03:48,547 - tools.amazon_playwright_extractor - INFO - Navigating to Amazon UK to search for EAN: 5413247090812
2026-03-13 04:03:52,473 - tools.amazon_playwright_extractor - INFO - Waiting for search results page to load for EAN 5413247090812...
2026-03-13 04:03:52,518 - tools.amazon_playwright_extractor - INFO - Found search results container with selector: div.s-search-results
2026-03-13 04:03:53,154 - tools.amazon_playwright_extractor - INFO - Found 6 search result elements using selector: div[data-component-type='s-search-result']
2026-03-13 04:03:53,154 - tools.amazon_playwright_extractor - INFO - Processing 6 search result elements for EAN 5413247090812
2026-03-13 04:03:53,310 - tools.amazon_playwright_extractor - INFO - \U0001f4ca SPONSORED FILTERING RESULTS: 0 organic products, 6 sponsored products filtered out
2026-03-13 04:03:53,310 - tools.amazon_playwright_extractor - WARNING - EAN 5413247090812 returned no organic results - skipping
2026-03-13 04:03:53,311 - tools.amazon_playwright_extractor - WARNING - No Amazon results or error for EAN '5413247090812'. Details: no_organic_results
2026-03-13 04:03:53,311 - tools.amazon_playwright_extractor - INFO - Falling back to title search for supplier product: 'Metallic PPH Trumpet Musical Instrument Assorted Colours'
2026-03-13 04:03:53,311 - tools.amazon_playwright_extractor - INFO - Searching Amazon by title using search bar: 'Metallic PPH Trumpet Musical Instrument Assorted Colours'
2026-03-13 04:03:53,311 - tools.amazon_playwright_extractor - INFO - Navigating to Amazon UK to search for title: Metallic PPH Trumpet Musical Instrument Assorted Colours
2026-03-13 04:03:57,928 - tools.amazon_playwright_extractor - INFO - Title search found 66 elements using selector: div.s-search-results > div[data-asin]
2026-03-13 04:03:58,004 - tools.amazon_playwright_extractor - WARNING - ASIN extraction failed: All 4 fallbacks exhausted
2026-03-13 04:03:58,247 - tools.amazon_playwright_extractor - INFO - \u2705 Title search: Selected first visible organic product - ASIN B0BM3T555G
2026-03-13 04:03:58,247 - tools.amazon_playwright_extractor - INFO - \U0001f3af ASIN EXTRACTION SUCCESS: Found 1 ASINs for title search: 'Metallic PPH Trumpet Musical Instrument Assorted Colours'
2026-03-13 04:03:58,247 - tools.amazon_playwright_extractor - INFO - Title search successful for 'Metallic PPH Trumpet Musical Instrument Assorted Colours' after EAN '5413247090812' failed
2026-03-13 04:03:58,247 - tools.amazon_playwright_extractor - INFO - Extracting complete data for fallback ASIN B0BM3T555G from title search
2026-03-13 04:03:58,247 - tools.amazon_playwright_extractor - WARNING - No page object provided to extract_data for ASIN B0BM3T555G. Getting a new one from BrowserManager.
2026-03-13 04:03:58,248 - tools.amazon_playwright_extractor - INFO - Reusing existing page: https://www.amazon.co.uk/s?k=Metallic+PPH+Trumpet+Musical+Instrument+Assorted+Colours&ref=nb_sb_noss
2026-03-13 04:04:00,973 - tools.amazon_playwright_extractor - INFO - Checking for cookie consent pop-up...
2026-03-13 04:04:01,403 - tools.amazon_playwright_extractor - INFO - Finished checking for cookie consent pop-ups. If one was present and not handled, it might interfere.
2026-03-13 04:04:02,408 - tools.amazon_playwright_extractor - INFO - Checking for CAPTCHA...
2026-03-13 04:04:05,416 - tools.amazon_playwright_extractor - INFO - No CAPTCHA page detected by form selector.
2026-03-13 04:04:05,416 - tools.amazon_playwright_extractor - INFO - Checking for cookie consent pop-up...
2026-03-13 04:04:05,517 - tools.amazon_playwright_extractor - INFO - Finished checking for cookie consent pop-ups. If one was present and not handled, it might interfere.
2026-03-13 04:04:05,517 - tools.amazon_playwright_extractor - INFO - Page should be ready. Waiting 5s for stabilization...
2026-03-13 04:04:10,517 - tools.amazon_playwright_extractor - INFO - Waiting an additional 7s for extensions (Keepa, SellerAmp)...
2026-03-13 04:04:17,525 - tools.amazon_playwright_extractor - INFO - Extracting all product data for ASIN: B0BM3T555G
2026-03-13 04:04:17,525 - tools.amazon_playwright_extractor - INFO - Extracting basic product information (Title, Price, Images, Amazon Details)...
2026-03-13 04:04:17,574 - tools.amazon_playwright_extractor - INFO - Title found: 'EASTROCK Bb Trumpet Standard, Brass Trumpet Instrument with Hard Case, Gloves 7C, Mouthpiece, Cleaning Kit for Student (Black)' via #productTitle
2026-03-13 04:04:17,574 - tools.amazon_playwright_extractor - INFO - Extracting price details...
2026-03-13 04:04:17,609 - tools.amazon_playwright_extractor - INFO - Current price: 138.99 via #corePrice_feature_div .a-offscreen
2026-03-13 04:04:17,792 - tools.amazon_playwright_extractor - INFO - Extracting image URLs...
2026-03-13 04:04:17,857 - tools.amazon_playwright_extractor - INFO - Main image: https://m.media-amazon.com/images/I/71XkfpiQXJL._AC_SL1500_.jpg via #landingImage
2026-03-13 04:04:17,987 - tools.amazon_playwright_extractor - INFO - Found 6 thumbnails.
2026-03-13 04:04:17,997 - tools.amazon_playwright_extractor - INFO - Extracting Amazon product details section...
2026-03-13 04:04:18,269 - tools.amazon_playwright_extractor - INFO - Extracting sales rank information...
2026-03-13 04:04:18,540 - tools.amazon_playwright_extractor - INFO - Extracting ratings and reviews...
2026-03-13 04:04:18,585 - tools.amazon_playwright_extractor - INFO - Rating: 4.4 via #acrPopover[title*='out of 5 stars']
2026-03-13 04:04:18,621 - tools.amazon_playwright_extractor - INFO - Review count: 837 via #acrCustomerReviewText
2026-03-13 04:04:18,621 - tools.amazon_playwright_extractor - INFO - Extracting stock information...
2026-03-13 04:04:18,651 - tools.amazon_playwright_extractor - INFO - Availability text: 'In stock' via #availability span.a-size-medium.a-color-success
2026-03-13 04:04:18,651 - tools.amazon_playwright_extractor - INFO - Extracting features/bullets...
2026-03-13 04:04:19,082 - tools.amazon_playwright_extractor - INFO - Found 5 features.
2026-03-13 04:04:19,082 - tools.amazon_playwright_extractor - INFO - Extracting product description...
2026-03-13 04:04:19,161 - tools.amazon_playwright_extractor - INFO - Description found using selector: #aplus_feature_div
2026-03-13 04:04:19,161 - tools.amazon_playwright_extractor - INFO - Extracting product specifications table...
2026-03-13 04:04:20,115 - tools.amazon_playwright_extractor - INFO - Specifications table parsed using selector: table.a-keyvalue.prodDetTable
2026-03-13 04:04:20,115 - tools.amazon_playwright_extractor - INFO - Extracting SellerAmp data (if present)...
2026-03-13 04:04:20,115 - tools.amazon_playwright_extractor - INFO - SellerAmp data extraction is currently disabled as per requirements (Fix 2.3).
2026-03-13 04:04:20,115 - tools.amazon_playwright_extractor - INFO - Extracting Keepa data (if present)...
2026-03-13 04:04:20,115 - tools.amazon_playwright_extractor - INFO - Attempting to extract Keepa data...
2026-03-13 04:04:26,263 - tools.amazon_playwright_extractor - INFO - Keepa iframe found: iframe[id*='keepa']
2026-03-13 04:04:26,407 - tools.amazon_playwright_extractor - INFO - Keepa Sales Rank Details Table parsed.
2026-03-13 04:04:26,408 - tools.amazon_playwright_extractor - INFO - Keepa Graph AI Analysis is currently disabled as per requirements (Fix 2.4).
2026-03-13 04:04:26,446 - tools.amazon_playwright_extractor - INFO - Keepa Data tab found. Currently active: False
2026-03-13 04:04:26,446 - tools.amazon_playwright_extractor - INFO - Clicking Keepa 'Data' tab...
2026-03-13 04:04:28,839 - tools.amazon_playwright_extractor - INFO - Attempt 1/2: Waiting 12000ms for Product-Details wrapper...
2026-03-13 04:04:30,797 - tools.amazon_playwright_extractor - INFO - ? Product-Details wrapper appeared on attempt 1
2026-03-13 04:04:30,860 - tools.amazon_playwright_extractor - INFO - Parsing Keepa AG Grid for Product Details from: div#MoreTab1 div#grid-product-detail
2026-03-13 04:04:30,921 - tools.amazon_playwright_extractor - INFO - Primary attempt: Waiting 12 seconds for AG Grid rows to load...
2026-03-13 04:04:31,985 - tools.amazon_playwright_extractor - INFO - ? Primary attempt successful: 127 rows found
2026-03-13 04:04:32,011 - tools.amazon_playwright_extractor - INFO - Processing 127 rows in Keepa Product Details AG Grid.
2026-03-13 04:04:33,860 - tools.amazon_playwright_extractor - INFO - Found potential fee key 'FBA Pick&Pack Fee' with raw value: 'Ł 5.10' in Keepa AG Grid.
2026-03-13 04:04:34,028 - tools.amazon_playwright_extractor - INFO - Found potential fee key 'Referral Fee based on current Buy Box price' with raw value: 'Ł 16.68' in Keepa AG Grid.
2026-03-13 04:04:37,404 - tools.amazon_playwright_extractor - INFO - ? Successfully parsed 36 items from Keepa Product Details AG Grid.
2026-03-13 04:04:37,404 - tools.amazon_playwright_extractor - INFO - ASIN B0BM3T555G: Attempting to extract EANs from Keepa product_details_tab_data.
2026-03-13 04:04:37,404 - tools.amazon_playwright_extractor - WARNING - ASIN B0BM3T555G: Could not find EAN in Keepa product_details_tab_data.
2026-03-13 04:04:37,404 - tools.amazon_playwright_extractor - INFO - ASIN B0BM3T555G: BSR not found or invalid from page. Attempting fallback from Keepa.
2026-03-13 04:04:37,404 - tools.amazon_playwright_extractor - INFO - ASIN B0BM3T555G: BSR 14236 in 'Musical Instruments & DJ 8' from Keepa SalesRankDetailsTable.
2026-03-13 04:04:37,411 [INFO] WindowsSaveGuardian: ? ATOMIC SAVE: amazon_B0BM3T555G_5413247090812.json (27 entries) saved successfully
2026-03-13 04:04:37,411 - windows_save_guardian - INFO - ? ATOMIC SAVE: amazon_B0BM3T555G_5413247090812.json (27 entries) saved successfully
2026-03-13 04:04:37,417 [INFO] WindowsSaveGuardian: ? ATOMIC SAVE: linking_map.json (6 entries) saved successfully
2026-03-13 04:04:37,417 - windows_save_guardian - INFO - ? ATOMIC SAVE: linking_map.json (6 entries) saved successfully
2026-03-13 04:04:37,417 - __main__ - INFO - Linking map periodic flush: 6 entries
2026-03-13 04:04:37,422 [INFO] WindowsSaveGuardian: ? ATOMIC SAVE: poundwholesale_co_uk__sandbox__44b12007_processing_state.json (27 entries) saved successfully
2026-03-13 04:04:37,422 - windows_save_guardian - INFO - ? ATOMIC SAVE: poundwholesale_co_uk__sandbox__44b12007_processing_state.json (27 entries) saved successfully
2026-03-13 04:04:37,423 - utils.fixed_enhanced_state_manager - INFO -  ATOMIC SAVE
2026-03-13 04:04:37,423 - tools.amazon_playwright_extractor - INFO - Searching Amazon by EAN: 5063389048457 for supplier product: 'Magic LCD Drawing Tablet 33cm X 22cm' (FixedAmazonExtractor)
2026-03-13 04:04:37,423 - tools.amazon_playwright_extractor - INFO - Navigating to Amazon UK to search for EAN: 5063389048457
2026-03-13 04:04:41,101 - tools.amazon_playwright_extractor - INFO - Waiting for search results page to load for EAN 5063389048457...
2026-03-13 04:04:41,191 - tools.amazon_playwright_extractor - INFO - Found search results container with selector: div.s-search-results
2026-03-13 04:04:41,852 - tools.amazon_playwright_extractor - INFO - Found 6 search result elements using selector: div[data-component-type='s-search-result']
2026-03-13 04:04:41,852 - tools.amazon_playwright_extractor - INFO - Processing 6 search result elements for EAN 5063389048457
2026-03-13 04:04:42,003 - tools.amazon_playwright_extractor - INFO - \U0001f4ca SPONSORED FILTERING RESULTS: 0 organic products, 6 sponsored products filtered out
2026-03-13 04:04:42,003 - tools.amazon_playwright_extractor - WARNING - EAN 5063389048457 returned no organic results - skipping
2026-03-13 04:04:42,003 - tools.amazon_playwright_extractor - WARNING - No Amazon results or error for EAN '5063389048457'. Details: no_organic_results
2026-03-13 04:04:42,003 - tools.amazon_playwright_extractor - INFO - Falling back to title search for supplier product: 'Magic LCD Drawing Tablet 33cm X 22cm'
2026-03-13 04:04:42,003 - tools.amazon_playwright_extractor - INFO - Searching Amazon by title using search bar: 'Magic LCD Drawing Tablet 33cm X 22cm'
2026-03-13 04:04:42,003 - tools.amazon_playwright_extractor - INFO - Navigating to Amazon UK to search for title: Magic LCD Drawing Tablet 33cm X 22cm
2026-03-13 04:04:46,459 - tools.amazon_playwright_extractor - INFO - Title search found 71 elements using selector: div.s-search-results > div[data-asin]
2026-03-13 04:04:46,534 - tools.amazon_playwright_extractor - WARNING - ASIN extraction failed: All 4 fallbacks exhausted
2026-03-13 04:04:46,948 - tools.amazon_playwright_extractor - INFO - \u2705 Title search: Selected first visible organic product - ASIN B0BJ6M9ZYW
2026-03-13 04:04:46,948 - tools.amazon_playwright_extractor - INFO - \U0001f3af ASIN EXTRACTION SUCCESS: Found 1 ASINs for title search: 'Magic LCD Drawing Tablet 33cm X 22cm'
2026-03-13 04:04:46,948 - tools.amazon_playwright_extractor - INFO - Title search successful for 'Magic LCD Drawing Tablet 33cm X 22cm' after EAN '5063389048457' failed
2026-03-13 04:04:46,948 - tools.amazon_playwright_extractor - INFO - Extracting complete data for fallback ASIN B0BJ6M9ZYW from title search
2026-03-13 04:04:46,948 - tools.amazon_playwright_extractor - WARNING - No page object provided to extract_data for ASIN B0BJ6M9ZYW. Getting a new one from BrowserManager.
2026-03-13 04:04:46,948 - tools.amazon_playwright_extractor - INFO - Reusing existing page: https://www.amazon.co.uk/s?k=Magic+LCD+Drawing+Tablet+33cm+X+22cm&ref=nb_sb_noss
2026-03-13 04:04:49,870 - tools.amazon_playwright_extractor - INFO - Checking for cookie consent pop-up...
2026-03-13 04:04:50,243 - tools.amazon_playwright_extractor - INFO - Finished checking for cookie consent pop-ups. If one was present and not handled, it might interfere.
2026-03-13 04:04:51,247 - tools.amazon_playwright_extractor - INFO - Checking for CAPTCHA...
2026-03-13 04:04:54,260 - tools.amazon_playwright_extractor - INFO - No CAPTCHA page detected by form selector.
2026-03-13 04:04:54,260 - tools.amazon_playwright_extractor - INFO - Checking for cookie consent pop-up...
2026-03-13 04:04:54,355 - tools.amazon_playwright_extractor - INFO - Finished checking for cookie consent pop-ups. If one was present and not handled, it might interfere.
2026-03-13 04:04:54,355 - tools.amazon_playwright_extractor - INFO - Page should be ready. Waiting 5s for stabilization...
2026-03-13 04:04:59,370 - tools.amazon_playwright_extractor - INFO - Waiting an additional 7s for extensions (Keepa, SellerAmp)...
2026-03-13 04:05:06,381 - tools.amazon_playwright_extractor - INFO - Extracting all product data for ASIN: B0BJ6M9ZYW
2026-03-13 04:05:06,382 - tools.amazon_playwright_extractor - INFO - Extracting basic product information (Title, Price, Images, Amazon Details)...
2026-03-13 04:05:06,452 - tools.amazon_playwright_extractor - INFO - Title found: '[2 Pack] Genialba 8.5 inch LCD Drawing Tablet for Kids Colorful Screen Writing Board Toddler Toys Learning Educational Stocking Fillers Kids Gifts for for 3 4 5 6 7 Year Old Boys Girls, (Pink&Blue)' via #productTitle
2026-03-13 04:05:06,452 - tools.amazon_playwright_extractor - INFO - Extracting price details...
2026-03-13 04:05:06,489 - tools.amazon_playwright_extractor - INFO - Current price: 6.99 via #corePrice_feature_div .a-offscreen
2026-03-13 04:05:06,568 - tools.amazon_playwright_extractor - INFO - Original price: 9.99 via span.a-price.a-text-price[data-a-strike='true'] span.a-offscreen
2026-03-13 04:05:06,647 - tools.amazon_playwright_extractor - INFO - Extracting image URLs...
2026-03-13 04:05:06,730 - tools.amazon_playwright_extractor - INFO - Main image: https://m.media-amazon.com/images/I/81aWHdRhZnL._AC_SL1500_.jpg via #landingImage
2026-03-13 04:05:06,867 - tools.amazon_playwright_extractor - INFO - Found 7 thumbnails.
2026-03-13 04:05:06,874 - tools.amazon_playwright_extractor - INFO - Extracting Amazon product details section...
2026-03-13 04:05:07,136 - tools.amazon_playwright_extractor - INFO - Extracting sales rank information...
2026-03-13 04:05:07,395 - tools.amazon_playwright_extractor - INFO - Extracting ratings and reviews...
2026-03-13 04:05:07,423 - tools.amazon_playwright_extractor - INFO - Rating: 4.4 via #acrPopover[title*='out of 5 stars']
2026-03-13 04:05:07,480 - tools.amazon_playwright_extractor - INFO - Review count: 5662 via #acrCustomerReviewText
2026-03-13 04:05:07,481 - tools.amazon_playwright_extractor - INFO - Extracting stock information...
2026-03-13 04:05:07,510 - tools.amazon_playwright_extractor - INFO - Availability text: 'In stock' via #availability span.a-size-medium.a-color-success
2026-03-13 04:05:07,510 - tools.amazon_playwright_extractor - INFO - Extracting features/bullets...
2026-03-13 04:05:07,845 - tools.amazon_playwright_extractor - INFO - Found 5 features.
2026-03-13 04:05:07,845 - tools.amazon_playwright_extractor - INFO - Extracting product description...
2026-03-13 04:05:07,904 - tools.amazon_playwright_extractor - INFO - Description found using selector: #aplus_feature_div
2026-03-13 04:05:07,904 - tools.amazon_playwright_extractor - INFO - Extracting product specifications table...
2026-03-13 04:05:08,330 - tools.amazon_playwright_extractor - INFO - Specifications table parsed using selector: table.a-keyvalue.prodDetTable
2026-03-13 04:05:08,330 - tools.amazon_playwright_extractor - INFO - Extracting SellerAmp data (if present)...
2026-03-13 04:05:08,330 - tools.amazon_playwright_extractor - INFO - SellerAmp data extraction is currently disabled as per requirements (Fix 2.3).
2026-03-13 04:05:08,330 - tools.amazon_playwright_extractor - INFO - Extracting Keepa data (if present)...
2026-03-13 04:05:08,331 - tools.amazon_playwright_extractor - INFO - Attempting to extract Keepa data...
2026-03-13 04:05:14,441 - tools.amazon_playwright_extractor - INFO - Keepa iframe found: iframe[id*='keepa']
2026-03-13 04:05:14,565 - tools.amazon_playwright_extractor - INFO - Keepa Sales Rank Details Table parsed.
2026-03-13 04:05:14,565 - tools.amazon_playwright_extractor - INFO - Keepa Graph AI Analysis is currently disabled as per requirements (Fix 2.4).
2026-03-13 04:05:14,605 - tools.amazon_playwright_extractor - INFO - Keepa Data tab found. Currently active: False
2026-03-13 04:05:14,605 - tools.amazon_playwright_extractor - INFO - Clicking Keepa 'Data' tab...
2026-03-13 04:05:16,996 - tools.amazon_playwright_extractor - INFO - Attempt 1/2: Waiting 12000ms for Product-Details wrapper...
2026-03-13 04:05:17,025 - tools.amazon_playwright_extractor - INFO - ? Product-Details wrapper appeared on attempt 1
2026-03-13 04:05:17,081 - tools.amazon_playwright_extractor - INFO - Parsing Keepa AG Grid for Product Details from: div#MoreTab1 div#grid-product-detail
2026-03-13 04:05:17,136 - tools.amazon_playwright_extractor - INFO - Primary attempt: Waiting 12 seconds for AG Grid rows to load...
2026-03-13 04:05:18,214 - tools.amazon_playwright_extractor - INFO - ? Primary attempt successful: 142 rows found
2026-03-13 04:05:18,238 - tools.amazon_playwright_extractor - INFO - Processing 142 rows in Keepa Product Details AG Grid.
2026-03-13 04:05:20,150 - tools.amazon_playwright_extractor - INFO - Found potential fee key 'FBA Pick&Pack Fee' with raw value: 'Ł 1.83' in Keepa AG Grid.
2026-03-13 04:05:20,307 - tools.amazon_playwright_extractor - INFO - Found potential fee key 'Referral Fee based on current Buy Box price' with raw value: 'Ł 1.05' in Keepa AG Grid.
2026-03-13 04:05:24,086 - tools.amazon_playwright_extractor - INFO - ? Successfully parsed 39 items from Keepa Product Details AG Grid.
2026-03-13 04:05:24,087 - tools.amazon_playwright_extractor - INFO - ASIN B0BJ6M9ZYW: Attempting to extract EANs from Keepa product_details_tab_data.
2026-03-13 04:05:24,087 - tools.amazon_playwright_extractor - WARNING - ASIN B0BJ6M9ZYW: Could not find EAN in Keepa product_details_tab_data.
2026-03-13 04:05:24,087 - tools.amazon_playwright_extractor - INFO - ASIN B0BJ6M9ZYW: BSR not found or invalid from page. Attempting fallback from Keepa.
2026-03-13 04:05:24,087 - tools.amazon_playwright_extractor - INFO - ASIN B0BJ6M9ZYW: BSR 73 in 'Toys & Games 26' from Keepa SalesRankDetailsTable.
2026-03-13 04:05:24,092 [INFO] WindowsSaveGuardian: ? ATOMIC SAVE: amazon_B0BJ6M9ZYW_5063389048457.json (28 entries) saved successfully
2026-03-13 04:05:24,092 - windows_save_guardian - INFO - ? ATOMIC SAVE: amazon_B0BJ6M9ZYW_5063389048457.json (28 entries) saved successfully
2026-03-13 04:05:24,096 [INFO] WindowsSaveGuardian: ? ATOMIC SAVE: linking_map.json (7 entries) saved successfully
2026-03-13 04:05:24,096 - windows_save_guardian - INFO - ? ATOMIC SAVE: linking_map.json (7 entries) saved successfully
2026-03-13 04:05:24,097 - __main__ - INFO - Linking map periodic flush: 7 entries
2026-03-13 04:05:24,102 [INFO] WindowsSaveGuardian: ? ATOMIC SAVE: poundwholesale_co_uk__sandbox__44b12007_processing_state.json (27 entries) saved successfully
2026-03-13 04:05:24,102 - windows_save_guardian - INFO - ? ATOMIC SAVE: poundwholesale_co_uk__sandbox__44b12007_processing_state.json (27 entries) saved successfully
2026-03-13 04:05:24,103 - utils.fixed_enhanced_state_manager - INFO -  ATOMIC SAVE
2026-03-13 04:05:24,103 - tools.amazon_playwright_extractor - INFO - Searching Amazon by EAN:  for supplier product: 'Jewellery Sets 60pc In SuitCases 4 Assorted CDU 12pc' (FixedAmazonExtractor)
2026-03-13 04:05:24,103 - tools.amazon_playwright_extractor - INFO - Navigating to Amazon UK to search for EAN: 
2026-03-13 04:05:29,116 - tools.amazon_playwright_extractor - INFO - Waiting for search results page to load for EAN ...
2026-03-13 04:06:49,251 - tools.amazon_playwright_extractor - WARNING - No search results containers found for EAN 
2026-03-13 04:06:49,256 [INFO] WindowsSaveGuardian: ? ATOMIC SAVE: linking_map.json (8 entries) saved successfully
2026-03-13 04:06:49,256 - windows_save_guardian - INFO - ? ATOMIC SAVE: linking_map.json (8 entries) saved successfully
2026-03-13 04:06:49,257 - __main__ - INFO - Linking map periodic flush: 8 entries
2026-03-13 04:06:49,261 [INFO] WindowsSaveGuardian: ? ATOMIC SAVE: poundwholesale_co_uk__sandbox__44b12007_processing_state.json (27 entries) saved successfully
2026-03-13 04:06:49,261 - windows_save_guardian - INFO - ? ATOMIC SAVE: poundwholesale_co_uk__sandbox__44b12007_processing_state.json (27 entries) saved successfully
2026-03-13 04:06:49,262 - utils.fixed_enhanced_state_manager - INFO -  ATOMIC SAVE
2026-03-13 04:06:49,268 [INFO] WindowsSaveGuardian: ? ATOMIC SAVE: poundwholesale_co_uk__sandbox__44b12007_processing_state.json (27 entries) saved successfully
2026-03-13 04:06:49,268 - windows_save_guardian - INFO - ? ATOMIC SAVE: poundwholesale_co_uk__sandbox__44b12007_processing_state.json (27 entries) saved successfully
2026-03-13 04:06:49,268 - utils.fixed_enhanced_state_manager - INFO -  ATOMIC SAVE
2026-03-13 04:06:49,274 [INFO] WindowsSaveGuardian: ? ATOMIC SAVE: poundwholesale_co_uk__sandbox__44b12007_processing_state.json (27 entries) saved successfully
2026-03-13 04:06:49,274 - windows_save_guardian - INFO - ? ATOMIC SAVE: poundwholesale_co_uk__sandbox__44b12007_processing_state.json (27 entries) saved successfully
2026-03-13 04:06:49,276 - utils.fixed_enhanced_state_manager - INFO -  ATOMIC SAVE
2026-03-13 04:06:49,285 [INFO] WindowsSaveGuardian: ? ATOMIC SAVE: linking_map.json (8 entries) saved successfully
2026-03-13 04:06:49,285 - windows_save_guardian - INFO - ? ATOMIC SAVE: linking_map.json (8 entries) saved successfully
2026-03-13 04:06:49,286 - __main__ - INFO - Product list refresh complete: 7/8 matched
2026-03-13 04:06:49,286 - utils.browser_manager - WARNING - Error during global cleanup: no running event loop
Exception ignored in: <function BaseSubprocessTransport.__del__ at 0x0000026948ED8C20>
Traceback (most recent call last):
  File "C:\Python313\Lib\asyncio\base_subprocess.py", line 130, in __del__
  File "C:\Python313\Lib\asyncio\base_subprocess.py", line 107, in close
  File "C:\Python313\Lib\asyncio\proactor_events.py", line 109, in close
  File "C:\Python313\Lib\asyncio\base_events.py", line 827, in call_soon
  File "C:\Python313\Lib\asyncio\base_events.py", line 550, in _check_closed
RuntimeError: Event loop is closed
