2026-02-17 01:02:13,501 - __main__ - WARNING - Ignoring supplier identity from products file; job sandbox is authoritative. job=clearance-king.co.uk__sandbox__4b8864d2 file=clearanceking.co.uk
2026-02-17 01:02:13,501 - tools.amazon_playwright_extractor - WARNING - ?? BrowserCircuitBreaker not available - health management disabled
2026-02-17 01:02:13,501 - tools.amazon_playwright_extractor - INFO - AI features disabled in amazon_playwright_extractor - using only traditional selectors.
2026-02-17 01:02:13,502 - tools.amazon_playwright_extractor - INFO - Output directory set to: C:\Users\chris\Desktop\Amazon-FBA-Agent-System-v32 - latest good - Copy (8) - Copy - Copy - POSTLONGRUNPREKIRO2 beforecompletion-\OUTPUTS\CACHE\amazon_data
2026-02-17 01:02:13,502 - tools.amazon_playwright_extractor - WARNING - ?? BrowserManager not available, using legacy browser connection
2026-02-17 01:02:13,504 - tools.amazon_playwright_extractor - INFO - \U0001f527 FixedAmazonExtractor connecting via BrowserManager singleton
2026-02-17 01:02:13,504 - utils.browser_circuit_breaker - INFO - BrowserCircuitBreaker initialized: threshold=3, timeout=300s
2026-02-17 01:02:13,504 - utils.browser_manager - INFO - ?? BrowserManager singleton initialized with health management
2026-02-17 01:02:13,997 - utils.browser_manager - INFO - ?? Connecting to existing Chrome debug instance on port 9222
2026-02-17 01:02:13,997 - utils.browser_manager - INFO - ?? Per troubleshooting docs: Using existing Chrome debug only
2026-02-17 01:02:16,225 - utils.browser_manager - INFO - ? Chrome debug accessible on IPv4: Chrome/145.0.7632.76
2026-02-17 01:02:16,225 - utils.browser_manager - INFO - ?? Connecting to existing Chrome debug instance...
2026-02-17 01:02:18,269 - utils.browser_manager - INFO - ?? Using endpoint: http://localhost:9222
2026-02-17 01:02:18,696 - utils.browser_manager - INFO - ? Successfully connected to existing Chrome debug instance
2026-02-17 01:02:18,696 - utils.browser_manager - INFO - ?? Using existing context with 1 pages
2026-02-17 01:02:18,696 - utils.browser_manager - INFO - ?? Connected to existing Chrome: 145.0.7632.76
2026-02-17 01:02:18,697 - tools.amazon_playwright_extractor - INFO - \u2705 FixedAmazonExtractor connected via BrowserManager singleton
2026-02-17 01:02:18,697 - utils.browser_manager - INFO - ?? Reusing existing Chrome connection (port 9222)
2026-02-17 01:02:18,697 - utils.browser_manager - INFO - ?? Reusing existing page in persistent context.
2026-02-17 01:02:18,707 [INFO] WindowsSaveGuardian: ? ATOMIC SAVE: clearance-king_co_uk__sandbox__4b8864d2_processing_state.json (27 entries) saved successfully
2026-02-17 01:02:18,707 - windows_save_guardian - INFO - ? ATOMIC SAVE: clearance-king_co_uk__sandbox__4b8864d2_processing_state.json (27 entries) saved successfully
2026-02-17 01:02:18,708 - utils.fixed_enhanced_state_manager - INFO -  ATOMIC SAVE
2026-02-17 01:02:18,713 [INFO] WindowsSaveGuardian: ? ATOMIC SAVE: clearance-king_co_uk__sandbox__4b8864d2_processing_state.json (27 entries) saved successfully
2026-02-17 01:02:18,713 - windows_save_guardian - INFO - ? ATOMIC SAVE: clearance-king_co_uk__sandbox__4b8864d2_processing_state.json (27 entries) saved successfully
2026-02-17 01:02:18,713 - utils.fixed_enhanced_state_manager - INFO -  ATOMIC SAVE
2026-02-17 01:02:18,714 - tools.amazon_playwright_extractor - INFO - Searching Amazon by EAN:  for supplier product: 'BABY WASH CLOTHES - ASSORTED COLOURS - PACK OF 6' (FixedAmazonExtractor)
2026-02-17 01:02:18,714 - tools.amazon_playwright_extractor - INFO - Navigating to Amazon UK to search for EAN: 
2026-02-17 01:02:27,810 - tools.amazon_playwright_extractor - INFO - Waiting for search results page to load for EAN ...
