2026-03-08 13:56:50,600 - __main__ - WARNING - Ignoring supplier identity from products file; job sandbox is authoritative. job=efghousewares.co.uk__sandbox__551e6fe7 file=efghousewares.co.uk
2026-03-08 13:56:50,600 - tools.amazon_playwright_extractor - WARNING - ?? BrowserCircuitBreaker not available - health management disabled
2026-03-08 13:56:50,600 - tools.amazon_playwright_extractor - INFO - AI features disabled in amazon_playwright_extractor - using only traditional selectors.
2026-03-08 13:56:50,600 - tools.amazon_playwright_extractor - INFO - Output directory set to: C:\Users\chris\Desktop\Amazon-FBA-Agent-System-v32 - latest good - Copy (8) - Copy - Copy - POSTLONGRUNPREKIRO2 beforecompletion-\OUTPUTS\CACHE\amazon_data
2026-03-08 13:56:50,600 - tools.amazon_playwright_extractor - WARNING - ?? BrowserManager not available, using legacy browser connection
2026-03-08 13:56:50,601 - tools.amazon_playwright_extractor - INFO - \U0001f527 FixedAmazonExtractor connecting via BrowserManager singleton
2026-03-08 13:56:50,602 - utils.browser_circuit_breaker - INFO - BrowserCircuitBreaker initialized: threshold=3, timeout=300s
2026-03-08 13:56:50,602 - utils.browser_manager - INFO - ?? BrowserManager singleton initialized with health management
2026-03-08 13:56:51,109 - utils.browser_manager - INFO - ?? Connecting to existing Chrome debug instance on port 9222
2026-03-08 13:56:51,109 - utils.browser_manager - INFO - ?? Per troubleshooting docs: Using existing Chrome debug only
2026-03-08 13:56:53,336 - utils.browser_manager - INFO - ? Chrome debug accessible on IPv4: Chrome/145.0.7632.160
2026-03-08 13:56:53,337 - utils.browser_manager - INFO - ?? Connecting to existing Chrome debug instance...
2026-03-08 13:56:55,375 - utils.browser_manager - INFO - ?? Using endpoint: http://localhost:9222
2026-03-08 13:56:55,474 - utils.browser_manager - INFO - ? Successfully connected to existing Chrome debug instance
2026-03-08 13:56:55,474 - utils.browser_manager - INFO - ?? Using existing context with 1 pages
2026-03-08 13:56:55,475 - utils.browser_manager - INFO - ?? Connected to existing Chrome: 145.0.7632.160
2026-03-08 13:56:55,475 - tools.amazon_playwright_extractor - INFO - \u2705 FixedAmazonExtractor connected via BrowserManager singleton
2026-03-08 13:56:55,475 - utils.browser_manager - INFO - ?? Reusing existing Chrome connection (port 9222)
2026-03-08 13:56:55,475 - utils.browser_manager - INFO - ?? Reusing existing page in persistent context.
2026-03-08 13:56:55,481 [INFO] WindowsSaveGuardian: ? ATOMIC SAVE: efghousewares_co_uk__sandbox__551e6fe7_processing_state.json (27 entries) saved successfully
2026-03-08 13:56:55,481 - windows_save_guardian - INFO - ? ATOMIC SAVE: efghousewares_co_uk__sandbox__551e6fe7_processing_state.json (27 entries) saved successfully
2026-03-08 13:56:55,481 - utils.fixed_enhanced_state_manager - INFO -  ATOMIC SAVE
2026-03-08 13:56:55,484 [INFO] WindowsSaveGuardian: ? ATOMIC SAVE: efghousewares_co_uk__sandbox__551e6fe7_processing_state.json (27 entries) saved successfully
2026-03-08 13:56:55,484 - windows_save_guardian - INFO - ? ATOMIC SAVE: efghousewares_co_uk__sandbox__551e6fe7_processing_state.json (27 entries) saved successfully
2026-03-08 13:56:55,484 - utils.fixed_enhanced_state_manager - INFO -  ATOMIC SAVE
2026-03-08 13:56:55,484 - tools.amazon_playwright_extractor - INFO - Searching Amazon by EAN: 5033849560843 for supplier product: 'RETRO BINOCULARS' (FixedAmazonExtractor)
2026-03-08 13:56:55,484 - tools.amazon_playwright_extractor - INFO - Navigating to Amazon UK to search for EAN: 5033849560843
2026-03-08 13:56:59,151 - tools.amazon_playwright_extractor - INFO - Waiting for search results page to load for EAN 5033849560843...
2026-03-08 13:56:59,213 - tools.amazon_playwright_extractor - INFO - Found search results container with selector: div.s-search-results
2026-03-08 13:56:59,878 - tools.amazon_playwright_extractor - INFO - Found 13 search result elements using selector: div[data-component-type='s-search-result']
2026-03-08 13:56:59,878 - tools.amazon_playwright_extractor - INFO - Processing 13 search result elements for EAN 5033849560843
2026-03-08 13:57:00,036 - tools.amazon_playwright_extractor - INFO - Found organic result: ASIN B085W5T6BK - Kandytoys Retro Binoculars...
2026-03-08 13:57:00,377 - tools.amazon_playwright_extractor - INFO - \U0001f4ca SPONSORED FILTERING RESULTS: 1 organic products, 12 sponsored products filtered out
2026-03-08 13:57:00,377 - tools.amazon_playwright_extractor - INFO - \u2705 EAN SEARCH: Selected first organic result - ASIN B085W5T6BK
2026-03-08 13:57:00,377 - tools.amazon_playwright_extractor - INFO -    Trusting Amazon's search relevance for EAN 5033849560843
2026-03-08 13:57:00,377 - tools.amazon_playwright_extractor - INFO -    EAN will be extracted by Keepa during full product data extraction
2026-03-08 13:57:00,377 - tools.amazon_playwright_extractor - INFO - Single ASIN B085W5T6BK found for EAN 5033849560843.
2026-03-08 13:57:00,377 - tools.amazon_playwright_extractor - INFO - Proceeding with ASIN: B085W5T6BK for EAN: 5033849560843
2026-03-08 13:57:00,378 - tools.amazon_playwright_extractor - WARNING - No page object provided to extract_data for ASIN B085W5T6BK. Getting a new one from BrowserManager.
2026-03-08 13:57:00,378 - tools.amazon_playwright_extractor - INFO - Reusing existing page: https://www.amazon.co.uk/s?k=5033849560843&ref=nb_sb_noss
2026-03-08 13:57:02,712 - tools.amazon_playwright_extractor - INFO - Checking for cookie consent pop-up...
2026-03-08 13:57:02,881 - tools.amazon_playwright_extractor - INFO - Finished checking for cookie consent pop-ups. If one was present and not handled, it might interfere.
2026-03-08 13:57:03,886 - tools.amazon_playwright_extractor - INFO - Checking for CAPTCHA...
2026-03-08 13:57:06,893 - tools.amazon_playwright_extractor - INFO - No CAPTCHA page detected by form selector.
2026-03-08 13:57:06,893 - tools.amazon_playwright_extractor - INFO - Checking for cookie consent pop-up...
2026-03-08 13:57:06,944 - tools.amazon_playwright_extractor - INFO - Finished checking for cookie consent pop-ups. If one was present and not handled, it might interfere.
2026-03-08 13:57:06,944 - tools.amazon_playwright_extractor - INFO - Page should be ready. Waiting 5s for stabilization...
2026-03-08 13:57:11,952 - tools.amazon_playwright_extractor - INFO - Waiting an additional 7s for extensions (Keepa, SellerAmp)...
2026-03-08 13:57:18,957 - tools.amazon_playwright_extractor - INFO - Extracting all product data for ASIN: B085W5T6BK
2026-03-08 13:57:18,957 - tools.amazon_playwright_extractor - INFO - Extracting basic product information (Title, Price, Images, Amazon Details)...
2026-03-08 13:57:18,989 - tools.amazon_playwright_extractor - INFO - Title found: 'Kandytoys Retro Binoculars' via #productTitle
2026-03-08 13:57:18,989 - tools.amazon_playwright_extractor - INFO - Extracting price details...
2026-03-08 13:57:19,011 - tools.amazon_playwright_extractor - INFO - Current price: 4.99 via #corePrice_feature_div .a-offscreen
2026-03-08 13:57:19,048 - tools.amazon_playwright_extractor - INFO - Original price: 5.99 via .basisPrice span.a-text-price span.a-offscreen
2026-03-08 13:57:19,097 - tools.amazon_playwright_extractor - INFO - Extracting image URLs...
2026-03-08 13:57:19,131 - tools.amazon_playwright_extractor - INFO - Main image: https://m.media-amazon.com/images/I/617927Cde-L._AC_SL1080_.jpg via #landingImage
2026-03-08 13:57:19,171 - tools.amazon_playwright_extractor - INFO - Found 2 thumbnails.
2026-03-08 13:57:19,179 - tools.amazon_playwright_extractor - INFO - Extracting Amazon product details section...
2026-03-08 13:57:19,302 - tools.amazon_playwright_extractor - INFO - Extracting sales rank information...
2026-03-08 13:57:19,433 - tools.amazon_playwright_extractor - INFO - Extracting ratings and reviews...
2026-03-08 13:57:19,455 - tools.amazon_playwright_extractor - INFO - Rating: 3.5 via #acrPopover[title*='out of 5 stars']
2026-03-08 13:57:19,475 - tools.amazon_playwright_extractor - INFO - Review count: 2 via #acrCustomerReviewText
2026-03-08 13:57:19,475 - tools.amazon_playwright_extractor - INFO - Extracting stock information...
2026-03-08 13:57:19,490 - tools.amazon_playwright_extractor - INFO - Availability text: 'In stock' via #availability span.a-size-medium.a-color-success
2026-03-08 13:57:19,490 - tools.amazon_playwright_extractor - INFO - Extracting features/bullets...
2026-03-08 13:57:19,610 - tools.amazon_playwright_extractor - INFO - Found 3 features.
2026-03-08 13:57:19,610 - tools.amazon_playwright_extractor - INFO - Extracting product description...
2026-03-08 13:57:19,705 - tools.amazon_playwright_extractor - INFO - Extracting product specifications table...
2026-03-08 13:57:19,963 - tools.amazon_playwright_extractor - INFO - Specifications table parsed using selector: table.a-keyvalue.prodDetTable
2026-03-08 13:57:19,963 - tools.amazon_playwright_extractor - INFO - Extracting SellerAmp data (if present)...
2026-03-08 13:57:19,963 - tools.amazon_playwright_extractor - INFO - SellerAmp data extraction is currently disabled as per requirements (Fix 2.3).
2026-03-08 13:57:19,963 - tools.amazon_playwright_extractor - INFO - Extracting Keepa data (if present)...
2026-03-08 13:57:19,963 - tools.amazon_playwright_extractor - INFO - Attempting to extract Keepa data...
2026-03-08 13:57:26,040 - tools.amazon_playwright_extractor - INFO - Keepa iframe found: iframe[id*='keepa']
2026-03-08 13:57:26,069 - tools.amazon_playwright_extractor - INFO - Keepa Graph AI Analysis is currently disabled as per requirements (Fix 2.4).
2026-03-08 13:57:26,096 - tools.amazon_playwright_extractor - INFO - Keepa Data tab found. Currently active: False
2026-03-08 13:57:26,096 - tools.amazon_playwright_extractor - INFO - Clicking Keepa 'Data' tab...
2026-03-08 13:57:28,392 - tools.amazon_playwright_extractor - INFO - Attempt 1/2: Waiting 12000ms for Product-Details wrapper...
2026-03-08 13:57:32,427 - tools.amazon_playwright_extractor - INFO - ? Product-Details wrapper appeared on attempt 1
2026-03-08 13:57:32,453 - tools.amazon_playwright_extractor - WARNING - Product-Details tab visible, but inner grid still not ready – extending wait with retry logic.
2026-03-08 13:57:32,453 - tools.amazon_playwright_extractor - INFO - Grid attempt 1/3: Waiting 15000ms for grid container...
2026-03-08 13:57:32,630 - tools.amazon_playwright_extractor - INFO - ? Grid became visible after attempt 1 – continuing.
2026-03-08 13:57:32,654 - tools.amazon_playwright_extractor - INFO - Parsing Keepa AG Grid for Product Details from: div#MoreTab1 div#grid-product-detail
2026-03-08 13:57:32,689 - tools.amazon_playwright_extractor - INFO - Primary attempt: Waiting 12 seconds for AG Grid rows to load...
2026-03-08 13:57:33,727 - tools.amazon_playwright_extractor - INFO - ? Primary attempt successful: 121 rows found
2026-03-08 13:57:33,740 - tools.amazon_playwright_extractor - INFO - Processing 121 rows in Keepa Product Details AG Grid.
2026-03-08 13:57:34,758 - tools.amazon_playwright_extractor - INFO - Found potential fee key 'FBA Pick&Pack Fee' with raw value: 'Ł 2.65' in Keepa AG Grid.
2026-03-08 13:57:34,863 - tools.amazon_playwright_extractor - INFO - Found potential fee key 'Referral Fee based on current Buy Box price' with raw value: 'Ł 0.63' in Keepa AG Grid.
2026-03-08 13:57:36,811 - tools.amazon_playwright_extractor - INFO - ? Successfully parsed 36 items from Keepa Product Details AG Grid.
2026-03-08 13:57:36,811 - tools.amazon_playwright_extractor - INFO - ASIN B085W5T6BK: Attempting to extract EANs from Keepa product_details_tab_data.
2026-03-08 13:57:36,811 - tools.amazon_playwright_extractor - INFO - ASIN B085W5T6BK: EAN '5033849560843' found in Keepa details via key 'Product Codes - EAN'.
2026-03-08 13:57:36,811 - tools.amazon_playwright_extractor - INFO - ASIN B085W5T6BK: BSR not found or invalid from page. Attempting fallback from Keepa.
2026-03-08 13:57:36,811 - tools.amazon_playwright_extractor - WARNING - ASIN B085W5T6BK: Could not find BSR in any Keepa data source.
2026-03-08 13:57:36,812 - tools.amazon_playwright_extractor - INFO - \u2705 Recorded search method 'EAN' for ASIN B085W5T6BK
2026-03-08 13:57:36,812 - tools.amazon_playwright_extractor - INFO - Successfully extracted data for ASIN B085W5T6BK (EAN on page: 5033849560843)
2026-03-08 13:57:36,819 [INFO] WindowsSaveGuardian: ? ATOMIC SAVE: amazon_B085W5T6BK_5033849560843.json (26 entries) saved successfully
2026-03-08 13:57:36,819 - windows_save_guardian - INFO - ? ATOMIC SAVE: amazon_B085W5T6BK_5033849560843.json (26 entries) saved successfully
2026-03-08 13:57:36,824 [INFO] WindowsSaveGuardian: ? ATOMIC SAVE: linking_map.json (2 entries) saved successfully
2026-03-08 13:57:36,824 - windows_save_guardian - INFO - ? ATOMIC SAVE: linking_map.json (2 entries) saved successfully
2026-03-08 13:57:36,825 - __main__ - INFO - Linking map periodic flush: 2 entries
2026-03-08 13:57:36,829 [INFO] WindowsSaveGuardian: ? ATOMIC SAVE: efghousewares_co_uk__sandbox__551e6fe7_processing_state.json (27 entries) saved successfully
2026-03-08 13:57:36,829 - windows_save_guardian - INFO - ? ATOMIC SAVE: efghousewares_co_uk__sandbox__551e6fe7_processing_state.json (27 entries) saved successfully
2026-03-08 13:57:36,829 - utils.fixed_enhanced_state_manager - INFO -  ATOMIC SAVE
2026-03-08 13:57:36,829 - tools.amazon_playwright_extractor - INFO - Searching Amazon by EAN: 5050837371014 for supplier product: 'RETRO WHOOPEE CUSHION' (FixedAmazonExtractor)
2026-03-08 13:57:36,829 - tools.amazon_playwright_extractor - INFO - Navigating to Amazon UK to search for EAN: 5050837371014
2026-03-08 13:57:40,947 - tools.amazon_playwright_extractor - INFO - Waiting for search results page to load for EAN 5050837371014...
2026-03-08 13:57:41,037 - tools.amazon_playwright_extractor - INFO - Found search results container with selector: div.s-search-results
2026-03-08 13:57:41,690 - tools.amazon_playwright_extractor - INFO - Found 8 search result elements using selector: div[data-component-type='s-search-result']
2026-03-08 13:57:41,690 - tools.amazon_playwright_extractor - INFO - Processing 8 search result elements for EAN 5050837371014
2026-03-08 13:57:41,800 - tools.amazon_playwright_extractor - INFO - Found organic result: ASIN B0F7JKFQ4L - Whoopee Joke by Rubies Masquerade Co....
2026-03-08 13:57:41,934 - tools.amazon_playwright_extractor - INFO - \U0001f4ca SPONSORED FILTERING RESULTS: 1 organic products, 7 sponsored products filtered out
2026-03-08 13:57:41,934 - tools.amazon_playwright_extractor - INFO - \u2705 EAN SEARCH: Selected first organic result - ASIN B0F7JKFQ4L
2026-03-08 13:57:41,934 - tools.amazon_playwright_extractor - INFO -    Trusting Amazon's search relevance for EAN 5050837371014
2026-03-08 13:57:41,934 - tools.amazon_playwright_extractor - INFO -    EAN will be extracted by Keepa during full product data extraction
2026-03-08 13:57:41,934 - tools.amazon_playwright_extractor - INFO - Single ASIN B0F7JKFQ4L found for EAN 5050837371014.
2026-03-08 13:57:41,934 - tools.amazon_playwright_extractor - INFO - Proceeding with ASIN: B0F7JKFQ4L for EAN: 5050837371014
2026-03-08 13:57:41,935 - tools.amazon_playwright_extractor - WARNING - No page object provided to extract_data for ASIN B0F7JKFQ4L. Getting a new one from BrowserManager.
2026-03-08 13:57:41,935 - tools.amazon_playwright_extractor - INFO - Reusing existing page: https://www.amazon.co.uk/s?k=5050837371014&ref=nb_sb_noss
2026-03-08 13:57:44,007 - tools.amazon_playwright_extractor - INFO - Checking for cookie consent pop-up...
2026-03-08 13:57:44,127 - tools.amazon_playwright_extractor - INFO - Finished checking for cookie consent pop-ups. If one was present and not handled, it might interfere.
2026-03-08 13:57:45,139 - tools.amazon_playwright_extractor - INFO - Checking for CAPTCHA...
2026-03-08 13:57:48,149 - tools.amazon_playwright_extractor - INFO - No CAPTCHA page detected by form selector.
2026-03-08 13:57:48,149 - tools.amazon_playwright_extractor - INFO - Checking for cookie consent pop-up...
2026-03-08 13:57:48,205 - tools.amazon_playwright_extractor - INFO - Finished checking for cookie consent pop-ups. If one was present and not handled, it might interfere.
2026-03-08 13:57:48,205 - tools.amazon_playwright_extractor - INFO - Page should be ready. Waiting 5s for stabilization...
2026-03-08 13:57:53,220 - tools.amazon_playwright_extractor - INFO - Waiting an additional 7s for extensions (Keepa, SellerAmp)...
2026-03-08 13:58:00,228 - tools.amazon_playwright_extractor - INFO - Extracting all product data for ASIN: B0F7JKFQ4L
2026-03-08 13:58:00,228 - tools.amazon_playwright_extractor - INFO - Extracting basic product information (Title, Price, Images, Amazon Details)...
2026-03-08 13:58:00,287 - tools.amazon_playwright_extractor - INFO - Title found: 'Whoopee Joke by Rubies Masquerade Co.' via #productTitle
2026-03-08 13:58:00,287 - tools.amazon_playwright_extractor - INFO - Extracting price details...
2026-03-08 13:58:00,315 - tools.amazon_playwright_extractor - INFO - Current price: 7.74 via #corePrice_feature_div .a-offscreen
2026-03-08 13:58:00,437 - tools.amazon_playwright_extractor - INFO - Extracting image URLs...
2026-03-08 13:58:00,475 - tools.amazon_playwright_extractor - INFO - Main image: https://m.media-amazon.com/images/I/81CnmdWr4mL._AC_SL1500_.jpg via #landingImage
2026-03-08 13:58:00,504 - tools.amazon_playwright_extractor - INFO - Found 1 thumbnails.
2026-03-08 13:58:00,513 - tools.amazon_playwright_extractor - INFO - Extracting Amazon product details section...
2026-03-08 13:58:00,656 - tools.amazon_playwright_extractor - INFO - EAN 5050837371014 extracted via pattern matching in 'Manufacturer reference
                                            \u200f
                                            :
                                            \u200e'
2026-03-08 13:58:00,728 - tools.amazon_playwright_extractor - INFO - Extracting sales rank information...
2026-03-08 13:58:00,819 - tools.amazon_playwright_extractor - INFO - Extracting ratings and reviews...
2026-03-08 13:58:00,860 - tools.amazon_playwright_extractor - INFO - Rating: 5.0 via i[class*='a-icon-star'] span.a-icon-alt
2026-03-08 13:58:00,890 - tools.amazon_playwright_extractor - INFO - Extracting stock information...
2026-03-08 13:58:00,915 - tools.amazon_playwright_extractor - INFO - Availability text: 'Usually dispatched within 4 to 5 days' via #availability span.a-color-price
2026-03-08 13:58:00,916 - tools.amazon_playwright_extractor - INFO - Extracting features/bullets...
2026-03-08 13:58:00,928 - tools.amazon_playwright_extractor - INFO - Extracting product description...
2026-03-08 13:58:00,945 - tools.amazon_playwright_extractor - INFO - Description found using selector: #productDescription
2026-03-08 13:58:00,946 - tools.amazon_playwright_extractor - INFO - Extracting product specifications table...
2026-03-08 13:58:01,156 - tools.amazon_playwright_extractor - INFO - Specifications table parsed using selector: table.a-keyvalue.prodDetTable
2026-03-08 13:58:01,156 - tools.amazon_playwright_extractor - INFO - Extracting SellerAmp data (if present)...
2026-03-08 13:58:01,156 - tools.amazon_playwright_extractor - INFO - SellerAmp data extraction is currently disabled as per requirements (Fix 2.3).
2026-03-08 13:58:01,156 - tools.amazon_playwright_extractor - INFO - Extracting Keepa data (if present)...
2026-03-08 13:58:01,156 - tools.amazon_playwright_extractor - INFO - Attempting to extract Keepa data...
2026-03-08 13:58:07,244 - tools.amazon_playwright_extractor - INFO - Keepa iframe found: iframe[id*='keepa']
2026-03-08 13:58:07,363 - tools.amazon_playwright_extractor - INFO - Keepa Graph AI Analysis is currently disabled as per requirements (Fix 2.4).
2026-03-08 13:58:07,388 - tools.amazon_playwright_extractor - INFO - Keepa Data tab found. Currently active: False
2026-03-08 13:58:07,388 - tools.amazon_playwright_extractor - INFO - Clicking Keepa 'Data' tab...
2026-03-08 13:58:09,627 - tools.amazon_playwright_extractor - INFO - Attempt 1/2: Waiting 12000ms for Product-Details wrapper...
2026-03-08 13:58:09,657 - tools.amazon_playwright_extractor - INFO - ? Product-Details wrapper appeared on attempt 1
2026-03-08 13:58:09,723 - tools.amazon_playwright_extractor - INFO - Parsing Keepa AG Grid for Product Details from: div#MoreTab1 div#grid-product-detail
2026-03-08 13:58:09,774 - tools.amazon_playwright_extractor - INFO - Primary attempt: Waiting 12 seconds for AG Grid rows to load...
2026-03-08 13:58:10,827 - tools.amazon_playwright_extractor - INFO - ? Primary attempt successful: 79 rows found
2026-03-08 13:58:10,841 - tools.amazon_playwright_extractor - INFO - Processing 79 rows in Keepa Product Details AG Grid.
2026-03-08 13:58:13,047 - tools.amazon_playwright_extractor - INFO - ? Successfully parsed 22 items from Keepa Product Details AG Grid.
2026-03-08 13:58:13,047 - tools.amazon_playwright_extractor - INFO - ASIN B0F7JKFQ4L: Attempting to extract EANs from Keepa product_details_tab_data.
2026-03-08 13:58:13,047 - tools.amazon_playwright_extractor - INFO - ASIN B0F7JKFQ4L: BSR not found or invalid from page. Attempting fallback from Keepa.
2026-03-08 13:58:13,047 - tools.amazon_playwright_extractor - WARNING - ASIN B0F7JKFQ4L: Could not find BSR in any Keepa data source.
2026-03-08 13:58:13,047 - tools.amazon_playwright_extractor - INFO - \u2705 Recorded search method 'EAN' for ASIN B0F7JKFQ4L
2026-03-08 13:58:13,047 - tools.amazon_playwright_extractor - INFO - Successfully extracted data for ASIN B0F7JKFQ4L (EAN on page: 5050837371014)
2026-03-08 13:58:13,052 [INFO] WindowsSaveGuardian: ? ATOMIC SAVE: amazon_B0F7JKFQ4L_5050837371014.json (26 entries) saved successfully
2026-03-08 13:58:13,052 - windows_save_guardian - INFO - ? ATOMIC SAVE: amazon_B0F7JKFQ4L_5050837371014.json (26 entries) saved successfully
2026-03-08 13:58:13,056 [INFO] WindowsSaveGuardian: ? ATOMIC SAVE: linking_map.json (3 entries) saved successfully
2026-03-08 13:58:13,056 - windows_save_guardian - INFO - ? ATOMIC SAVE: linking_map.json (3 entries) saved successfully
2026-03-08 13:58:13,057 - __main__ - INFO - Linking map periodic flush: 3 entries
2026-03-08 13:58:13,062 [INFO] WindowsSaveGuardian: ? ATOMIC SAVE: efghousewares_co_uk__sandbox__551e6fe7_processing_state.json (27 entries) saved successfully
2026-03-08 13:58:13,062 - windows_save_guardian - INFO - ? ATOMIC SAVE: efghousewares_co_uk__sandbox__551e6fe7_processing_state.json (27 entries) saved successfully
2026-03-08 13:58:13,062 - utils.fixed_enhanced_state_manager - INFO -  ATOMIC SAVE
2026-03-08 13:58:13,067 [INFO] WindowsSaveGuardian: ? ATOMIC SAVE: efghousewares_co_uk__sandbox__551e6fe7_processing_state.json (27 entries) saved successfully
2026-03-08 13:58:13,067 - windows_save_guardian - INFO - ? ATOMIC SAVE: efghousewares_co_uk__sandbox__551e6fe7_processing_state.json (27 entries) saved successfully
2026-03-08 13:58:13,068 - utils.fixed_enhanced_state_manager - INFO -  ATOMIC SAVE
2026-03-08 13:58:13,068 - tools.amazon_playwright_extractor - INFO - Searching Amazon by EAN: 5060021372048 for supplier product: 'BOND IT MULTI PURPOSE POWDER FILLER 450G' (FixedAmazonExtractor)
2026-03-08 13:58:13,068 - tools.amazon_playwright_extractor - INFO - Navigating to Amazon UK to search for EAN: 5060021372048
2026-03-08 13:58:17,351 - tools.amazon_playwright_extractor - INFO - Waiting for search results page to load for EAN 5060021372048...
2026-03-08 13:58:17,416 - tools.amazon_playwright_extractor - INFO - Found search results container with selector: div.s-search-results
2026-03-08 13:58:18,072 - tools.amazon_playwright_extractor - INFO - Found 7 search result elements using selector: div[data-component-type='s-search-result']
2026-03-08 13:58:18,072 - tools.amazon_playwright_extractor - INFO - Processing 7 search result elements for EAN 5060021372048
2026-03-08 13:58:18,215 - tools.amazon_playwright_extractor - INFO - Found organic result: ASIN B0CHK1XMYL - Bond It Multi Purpose Powder Filler - 450g...
2026-03-08 13:58:18,343 - tools.amazon_playwright_extractor - INFO - \U0001f4ca SPONSORED FILTERING RESULTS: 1 organic products, 6 sponsored products filtered out
2026-03-08 13:58:18,343 - tools.amazon_playwright_extractor - INFO - \u2705 EAN SEARCH: Selected first organic result - ASIN B0CHK1XMYL
2026-03-08 13:58:18,343 - tools.amazon_playwright_extractor - INFO -    Trusting Amazon's search relevance for EAN 5060021372048
2026-03-08 13:58:18,343 - tools.amazon_playwright_extractor - INFO -    EAN will be extracted by Keepa during full product data extraction
2026-03-08 13:58:18,343 - tools.amazon_playwright_extractor - INFO - Single ASIN B0CHK1XMYL found for EAN 5060021372048.
2026-03-08 13:58:18,343 - tools.amazon_playwright_extractor - INFO - Proceeding with ASIN: B0CHK1XMYL for EAN: 5060021372048
2026-03-08 13:58:18,343 - tools.amazon_playwright_extractor - WARNING - No page object provided to extract_data for ASIN B0CHK1XMYL. Getting a new one from BrowserManager.
2026-03-08 13:58:18,343 - tools.amazon_playwright_extractor - INFO - Reusing existing page: https://www.amazon.co.uk/s?k=5060021372048&ref=nb_sb_noss
2026-03-08 13:58:20,903 - tools.amazon_playwright_extractor - INFO - Checking for cookie consent pop-up...
2026-03-08 13:58:21,205 - tools.amazon_playwright_extractor - INFO - Finished checking for cookie consent pop-ups. If one was present and not handled, it might interfere.
2026-03-08 13:58:22,206 - tools.amazon_playwright_extractor - INFO - Checking for CAPTCHA...
2026-03-08 13:58:25,218 - tools.amazon_playwright_extractor - INFO - No CAPTCHA page detected by form selector.
2026-03-08 13:58:25,218 - tools.amazon_playwright_extractor - INFO - Checking for cookie consent pop-up...
2026-03-08 13:58:25,293 - tools.amazon_playwright_extractor - INFO - Finished checking for cookie consent pop-ups. If one was present and not handled, it might interfere.
2026-03-08 13:58:25,293 - tools.amazon_playwright_extractor - INFO - Page should be ready. Waiting 5s for stabilization...
2026-03-08 13:58:30,306 - tools.amazon_playwright_extractor - INFO - Waiting an additional 7s for extensions (Keepa, SellerAmp)...
2026-03-08 13:58:37,307 - tools.amazon_playwright_extractor - INFO - Extracting all product data for ASIN: B0CHK1XMYL
2026-03-08 13:58:37,307 - tools.amazon_playwright_extractor - INFO - Extracting basic product information (Title, Price, Images, Amazon Details)...
2026-03-08 13:58:37,347 - tools.amazon_playwright_extractor - INFO - Title found: 'Bond It Multi Purpose Powder Filler - 450g' via #productTitle
2026-03-08 13:58:37,347 - tools.amazon_playwright_extractor - INFO - Extracting price details...
2026-03-08 13:58:37,373 - tools.amazon_playwright_extractor - INFO - Current price: 5.8 via #corePrice_feature_div .a-offscreen
2026-03-08 13:58:37,457 - tools.amazon_playwright_extractor - INFO - Original price: 29.99 via span.a-price.a-text-price[data-a-strike='true'] span.a-offscreen
2026-03-08 13:58:37,522 - tools.amazon_playwright_extractor - INFO - Extracting image URLs...
2026-03-08 13:58:37,567 - tools.amazon_playwright_extractor - INFO - Main image: https://m.media-amazon.com/images/I/41DSca08-dL.jpg via #landingImage
2026-03-08 13:58:37,601 - tools.amazon_playwright_extractor - INFO - Found 1 thumbnails.
2026-03-08 13:58:37,610 - tools.amazon_playwright_extractor - INFO - Extracting Amazon product details section...
2026-03-08 13:58:37,772 - tools.amazon_playwright_extractor - INFO - Extracting sales rank information...
2026-03-08 13:58:37,898 - tools.amazon_playwright_extractor - INFO - Extracting ratings and reviews...
2026-03-08 13:58:38,003 - tools.amazon_playwright_extractor - INFO - Rating: 5.0 via i[class*='a-icon-star'] span.a-icon-alt
2026-03-08 13:58:38,045 - tools.amazon_playwright_extractor - INFO - Extracting stock information...
2026-03-08 13:58:38,072 - tools.amazon_playwright_extractor - INFO - Availability text: 'In stock' via #availability span.a-size-medium.a-color-success
2026-03-08 13:58:38,072 - tools.amazon_playwright_extractor - INFO - Extracting features/bullets...
2026-03-08 13:58:38,290 - tools.amazon_playwright_extractor - INFO - Found 4 features.
2026-03-08 13:58:38,290 - tools.amazon_playwright_extractor - INFO - Extracting product description...
2026-03-08 13:58:38,314 - tools.amazon_playwright_extractor - INFO - Description found using selector: #productDescription
2026-03-08 13:58:38,314 - tools.amazon_playwright_extractor - INFO - Extracting product specifications table...
2026-03-08 13:58:38,444 - tools.amazon_playwright_extractor - INFO - Specifications table parsed using selector: table.a-keyvalue.prodDetTable
2026-03-08 13:58:38,444 - tools.amazon_playwright_extractor - INFO - Extracting SellerAmp data (if present)...
2026-03-08 13:58:38,444 - tools.amazon_playwright_extractor - INFO - SellerAmp data extraction is currently disabled as per requirements (Fix 2.3).
2026-03-08 13:58:38,444 - tools.amazon_playwright_extractor - INFO - Extracting Keepa data (if present)...
2026-03-08 13:58:38,444 - tools.amazon_playwright_extractor - INFO - Attempting to extract Keepa data...
2026-03-08 13:58:44,538 - tools.amazon_playwright_extractor - INFO - Keepa iframe found: iframe[id*='keepa']
2026-03-08 13:58:44,619 - tools.amazon_playwright_extractor - INFO - Keepa Graph AI Analysis is currently disabled as per requirements (Fix 2.4).
2026-03-08 13:58:44,643 - tools.amazon_playwright_extractor - INFO - Keepa Data tab found. Currently active: False
2026-03-08 13:58:44,643 - tools.amazon_playwright_extractor - INFO - Clicking Keepa 'Data' tab...
2026-03-08 13:58:46,878 - tools.amazon_playwright_extractor - INFO - Attempt 1/2: Waiting 12000ms for Product-Details wrapper...
2026-03-08 13:58:48,814 - tools.amazon_playwright_extractor - INFO - ? Product-Details wrapper appeared on attempt 1
2026-03-08 13:58:48,918 - tools.amazon_playwright_extractor - INFO - Parsing Keepa AG Grid for Product Details from: div#MoreTab1 div#grid-product-detail
2026-03-08 13:58:48,960 - tools.amazon_playwright_extractor - INFO - Primary attempt: Waiting 12 seconds for AG Grid rows to load...
2026-03-08 13:58:50,001 - tools.amazon_playwright_extractor - INFO - ? Primary attempt successful: 85 rows found
2026-03-08 13:58:50,018 - tools.amazon_playwright_extractor - INFO - Processing 85 rows in Keepa Product Details AG Grid.
2026-03-08 13:58:52,041 - tools.amazon_playwright_extractor - INFO - ? Successfully parsed 24 items from Keepa Product Details AG Grid.
2026-03-08 13:58:52,041 - tools.amazon_playwright_extractor - INFO - ASIN B0CHK1XMYL: Attempting to extract EANs from Keepa product_details_tab_data.
2026-03-08 13:58:52,041 - tools.amazon_playwright_extractor - INFO - ASIN B0CHK1XMYL: EAN '5060021372048' found in Keepa details via key 'Product Codes - EAN'.
2026-03-08 13:58:52,041 - tools.amazon_playwright_extractor - INFO - ASIN B0CHK1XMYL: BSR not found or invalid from page. Attempting fallback from Keepa.
2026-03-08 13:58:52,042 - tools.amazon_playwright_extractor - WARNING - ASIN B0CHK1XMYL: Could not find BSR in any Keepa data source.
2026-03-08 13:58:52,042 - tools.amazon_playwright_extractor - INFO - \u2705 Recorded search method 'EAN' for ASIN B0CHK1XMYL
2026-03-08 13:58:52,042 - tools.amazon_playwright_extractor - INFO - Successfully extracted data for ASIN B0CHK1XMYL (EAN on page: 5060021372048)
2026-03-08 13:58:59,094 [INFO] WindowsSaveGuardian: ? ATOMIC SAVE: amazon_B0CHK1XMYL_5060021372048.json (26 entries) saved successfully
2026-03-08 13:58:59,094 - windows_save_guardian - INFO - ? ATOMIC SAVE: amazon_B0CHK1XMYL_5060021372048.json (26 entries) saved successfully
2026-03-08 13:58:59,103 [INFO] WindowsSaveGuardian: ? ATOMIC SAVE: linking_map.json (4 entries) saved successfully
2026-03-08 13:58:59,103 - windows_save_guardian - INFO - ? ATOMIC SAVE: linking_map.json (4 entries) saved successfully
2026-03-08 13:58:59,105 - __main__ - INFO - Linking map periodic flush: 4 entries
2026-03-08 13:58:59,113 [INFO] WindowsSaveGuardian: ? ATOMIC SAVE: efghousewares_co_uk__sandbox__551e6fe7_processing_state.json (27 entries) saved successfully
2026-03-08 13:58:59,113 - windows_save_guardian - INFO - ? ATOMIC SAVE: efghousewares_co_uk__sandbox__551e6fe7_processing_state.json (27 entries) saved successfully
2026-03-08 13:58:59,114 - utils.fixed_enhanced_state_manager - INFO -  ATOMIC SAVE
2026-03-08 13:58:59,114 - tools.amazon_playwright_extractor - INFO - Searching Amazon by EAN: 5060021361288 for supplier product: 'BOND IT BRICK & PATIO CLEANER 5LTR' (FixedAmazonExtractor)
2026-03-08 13:58:59,114 - tools.amazon_playwright_extractor - INFO - Navigating to Amazon UK to search for EAN: 5060021361288
2026-03-08 13:59:02,835 - tools.amazon_playwright_extractor - INFO - Waiting for search results page to load for EAN 5060021361288...
2026-03-08 13:59:02,874 - tools.amazon_playwright_extractor - INFO - Found search results container with selector: div.s-search-results
2026-03-08 13:59:03,522 - tools.amazon_playwright_extractor - INFO - Found 6 search result elements using selector: div[data-component-type='s-search-result']
2026-03-08 13:59:03,522 - tools.amazon_playwright_extractor - INFO - Processing 6 search result elements for EAN 5060021361288
2026-03-08 13:59:03,637 - tools.amazon_playwright_extractor - INFO - Found organic result: ASIN B0C3VW44J6 - WYSWYG Building Bricks 2x4 Stud 320 Pcs, 8 Colours, Classic ...
2026-03-08 13:59:03,714 - tools.amazon_playwright_extractor - INFO - Found organic result: ASIN B0FPXFKGQR - LEGO Technic BMW M4 GT3 EVO Race Car Toy - Model Kit w/ V6 E...
2026-03-08 13:59:03,792 - tools.amazon_playwright_extractor - INFO - Found organic result: ASIN B0DHSG3RKB - LEGO Star Wars 75404 Acclamator-Class Assault Ship, Collecti...
2026-03-08 13:59:03,869 - tools.amazon_playwright_extractor - INFO - Found organic result: ASIN B0CNZTCPR9 - STEM Building Car, 1:14 Building Blocks and Construction Toy...
2026-03-08 13:59:03,940 - tools.amazon_playwright_extractor - INFO - Found organic result: ASIN B0BVJF786B - QBRIX Poster- Clamping Block Mosaic Photo kit, Personalized ...
2026-03-08 13:59:03,940 - tools.amazon_playwright_extractor - INFO - Found 5 organic results, stopping search to improve performance.
2026-03-08 13:59:03,940 - tools.amazon_playwright_extractor - INFO - \U0001f4ca SPONSORED FILTERING RESULTS: 5 organic products, 1 sponsored products filtered out
2026-03-08 13:59:03,940 - tools.amazon_playwright_extractor - INFO - \u2705 EAN SEARCH: Selected first organic result - ASIN B0C3VW44J6
2026-03-08 13:59:03,940 - tools.amazon_playwright_extractor - INFO -    Trusting Amazon's search relevance for EAN 5060021361288
2026-03-08 13:59:03,940 - tools.amazon_playwright_extractor - INFO -    EAN will be extracted by Keepa during full product data extraction
2026-03-08 13:59:03,940 - tools.amazon_playwright_extractor - INFO - Single ASIN B0C3VW44J6 found for EAN 5060021361288.
2026-03-08 13:59:03,940 - tools.amazon_playwright_extractor - INFO - Proceeding with ASIN: B0C3VW44J6 for EAN: 5060021361288
2026-03-08 13:59:03,940 - tools.amazon_playwright_extractor - WARNING - No page object provided to extract_data for ASIN B0C3VW44J6. Getting a new one from BrowserManager.
2026-03-08 13:59:03,940 - tools.amazon_playwright_extractor - INFO - Reusing existing page: https://www.amazon.co.uk/s?k=5060021361288&ref=nb_sb_noss
2026-03-08 13:59:06,643 - tools.amazon_playwright_extractor - INFO - Checking for cookie consent pop-up...
2026-03-08 13:59:06,911 - tools.amazon_playwright_extractor - INFO - Finished checking for cookie consent pop-ups. If one was present and not handled, it might interfere.
2026-03-08 13:59:07,913 - tools.amazon_playwright_extractor - INFO - Checking for CAPTCHA...
2026-03-08 13:59:10,917 - tools.amazon_playwright_extractor - INFO - No CAPTCHA page detected by form selector.
2026-03-08 13:59:10,917 - tools.amazon_playwright_extractor - INFO - Checking for cookie consent pop-up...
2026-03-08 13:59:11,018 - tools.amazon_playwright_extractor - INFO - Finished checking for cookie consent pop-ups. If one was present and not handled, it might interfere.
2026-03-08 13:59:11,018 - tools.amazon_playwright_extractor - INFO - Page should be ready. Waiting 5s for stabilization...
2026-03-08 13:59:16,022 - tools.amazon_playwright_extractor - INFO - Waiting an additional 7s for extensions (Keepa, SellerAmp)...
2026-03-08 13:59:23,037 - tools.amazon_playwright_extractor - INFO - Extracting all product data for ASIN: B0C3VW44J6
2026-03-08 13:59:23,037 - tools.amazon_playwright_extractor - INFO - Extracting basic product information (Title, Price, Images, Amazon Details)...
2026-03-08 13:59:23,066 - tools.amazon_playwright_extractor - INFO - Title found: 'WYSWYG Building Bricks 2x4 Stud 320 Pcs, 8 Colours, Classic Building Blocks Bulk Set, STEM Construction Toys Compatible with Major Brands.' via #productTitle
2026-03-08 13:59:23,066 - tools.amazon_playwright_extractor - INFO - Extracting price details...
2026-03-08 13:59:23,086 - tools.amazon_playwright_extractor - INFO - Current price: 18.99 via #corePrice_feature_div .a-offscreen
2026-03-08 13:59:23,133 - tools.amazon_playwright_extractor - INFO - Original price: 24.99 via span.a-price.a-text-price[data-a-strike='true'] span.a-offscreen
2026-03-08 13:59:23,173 - tools.amazon_playwright_extractor - INFO - Extracting image URLs...
2026-03-08 13:59:23,201 - tools.amazon_playwright_extractor - INFO - Main image: https://m.media-amazon.com/images/I/71w17RGPVLL._AC_SL1500_.jpg via #landingImage
2026-03-08 13:59:23,274 - tools.amazon_playwright_extractor - INFO - Found 7 thumbnails.
2026-03-08 13:59:23,278 - tools.amazon_playwright_extractor - INFO - Extracting Amazon product details section...
2026-03-08 13:59:23,376 - tools.amazon_playwright_extractor - INFO - Extracting sales rank information...
2026-03-08 13:59:23,503 - tools.amazon_playwright_extractor - INFO - Extracting ratings and reviews...
2026-03-08 13:59:23,518 - tools.amazon_playwright_extractor - INFO - Rating: 4.4 via #acrPopover[title*='out of 5 stars']
2026-03-08 13:59:23,532 - tools.amazon_playwright_extractor - INFO - Review count: 157 via #acrCustomerReviewText
2026-03-08 13:59:23,533 - tools.amazon_playwright_extractor - INFO - Extracting stock information...
2026-03-08 13:59:23,547 - tools.amazon_playwright_extractor - INFO - Availability text: 'In stock' via #availability span.a-size-medium.a-color-success
2026-03-08 13:59:23,547 - tools.amazon_playwright_extractor - INFO - Extracting features/bullets...
2026-03-08 13:59:23,715 - tools.amazon_playwright_extractor - INFO - Found 5 features.
2026-03-08 13:59:23,715 - tools.amazon_playwright_extractor - INFO - Extracting product description...
2026-03-08 13:59:23,746 - tools.amazon_playwright_extractor - INFO - Description found using selector: #aplus_feature_div
2026-03-08 13:59:23,746 - tools.amazon_playwright_extractor - INFO - Extracting product specifications table...
2026-03-08 13:59:24,286 - tools.amazon_playwright_extractor - INFO - Specifications table parsed using selector: table.a-keyvalue.prodDetTable
2026-03-08 13:59:24,286 - tools.amazon_playwright_extractor - INFO - Extracting SellerAmp data (if present)...
2026-03-08 13:59:24,286 - tools.amazon_playwright_extractor - INFO - SellerAmp data extraction is currently disabled as per requirements (Fix 2.3).
2026-03-08 13:59:24,286 - tools.amazon_playwright_extractor - INFO - Extracting Keepa data (if present)...
2026-03-08 13:59:24,286 - tools.amazon_playwright_extractor - INFO - Attempting to extract Keepa data...
2026-03-08 13:59:30,360 - tools.amazon_playwright_extractor - INFO - Keepa iframe found: iframe[id*='keepa']
2026-03-08 13:59:30,398 - tools.amazon_playwright_extractor - INFO - Keepa Graph AI Analysis is currently disabled as per requirements (Fix 2.4).
2026-03-08 13:59:30,413 - tools.amazon_playwright_extractor - WARNING - Keepa main 'Data' tab not found or not visible.
2026-03-08 13:59:30,413 - tools.amazon_playwright_extractor - INFO - ASIN B0C3VW44J6: BSR not found or invalid from page. Attempting fallback from Keepa.
2026-03-08 13:59:30,413 - tools.amazon_playwright_extractor - WARNING - ASIN B0C3VW44J6: Could not find BSR in any Keepa data source.
2026-03-08 13:59:30,413 - tools.amazon_playwright_extractor - INFO - \u2705 Recorded search method 'EAN' for ASIN B0C3VW44J6
2026-03-08 13:59:30,413 - tools.amazon_playwright_extractor - INFO - Successfully extracted data for ASIN B0C3VW44J6 (EAN on page: N/A)
2026-03-08 13:59:30,422 [INFO] WindowsSaveGuardian: ? ATOMIC SAVE: amazon_B0C3VW44J6_5060021361288.json (24 entries) saved successfully
2026-03-08 13:59:30,422 - windows_save_guardian - INFO - ? ATOMIC SAVE: amazon_B0C3VW44J6_5060021361288.json (24 entries) saved successfully
2026-03-08 13:59:30,427 [INFO] WindowsSaveGuardian: ? ATOMIC SAVE: linking_map.json (5 entries) saved successfully
2026-03-08 13:59:30,427 - windows_save_guardian - INFO - ? ATOMIC SAVE: linking_map.json (5 entries) saved successfully
2026-03-08 13:59:30,427 - __main__ - INFO - Linking map periodic flush: 5 entries
2026-03-08 13:59:30,433 [INFO] WindowsSaveGuardian: ? ATOMIC SAVE: efghousewares_co_uk__sandbox__551e6fe7_processing_state.json (27 entries) saved successfully
2026-03-08 13:59:30,433 - windows_save_guardian - INFO - ? ATOMIC SAVE: efghousewares_co_uk__sandbox__551e6fe7_processing_state.json (27 entries) saved successfully
2026-03-08 13:59:30,434 - utils.fixed_enhanced_state_manager - INFO -  ATOMIC SAVE
2026-03-08 13:59:30,434 - tools.amazon_playwright_extractor - INFO - Searching Amazon by EAN: 5060021369321 for supplier product: 'BOND IT CEMQUIK GREY 3KG' (FixedAmazonExtractor)
2026-03-08 13:59:30,435 - tools.amazon_playwright_extractor - INFO - Navigating to Amazon UK to search for EAN: 5060021369321
2026-03-08 13:59:34,492 - tools.amazon_playwright_extractor - INFO - Waiting for search results page to load for EAN 5060021369321...
2026-03-08 13:59:34,573 - tools.amazon_playwright_extractor - INFO - Found search results container with selector: div.s-search-results
2026-03-08 13:59:35,212 - tools.amazon_playwright_extractor - INFO - Found 7 search result elements using selector: div[data-component-type='s-search-result']
2026-03-08 13:59:35,212 - tools.amazon_playwright_extractor - INFO - Processing 7 search result elements for EAN 5060021369321
2026-03-08 13:59:35,331 - tools.amazon_playwright_extractor - INFO - Found organic result: ASIN B08PDMT9RB - Bondit 3KG Quick Cement Rapid Dry...
2026-03-08 13:59:35,385 - tools.amazon_playwright_extractor - INFO - \U0001f4ca SPONSORED FILTERING RESULTS: 1 organic products, 6 sponsored products filtered out
2026-03-08 13:59:35,385 - tools.amazon_playwright_extractor - INFO - \u2705 EAN SEARCH: Selected first organic result - ASIN B08PDMT9RB
2026-03-08 13:59:35,385 - tools.amazon_playwright_extractor - INFO -    Trusting Amazon's search relevance for EAN 5060021369321
2026-03-08 13:59:35,385 - tools.amazon_playwright_extractor - INFO -    EAN will be extracted by Keepa during full product data extraction
2026-03-08 13:59:35,385 - tools.amazon_playwright_extractor - INFO - Single ASIN B08PDMT9RB found for EAN 5060021369321.
2026-03-08 13:59:35,385 - tools.amazon_playwright_extractor - INFO - Proceeding with ASIN: B08PDMT9RB for EAN: 5060021369321
2026-03-08 13:59:35,385 - tools.amazon_playwright_extractor - WARNING - No page object provided to extract_data for ASIN B08PDMT9RB. Getting a new one from BrowserManager.
2026-03-08 13:59:35,385 - tools.amazon_playwright_extractor - INFO - Reusing existing page: https://www.amazon.co.uk/s?k=5060021369321&ref=nb_sb_noss
2026-03-08 13:59:38,127 - tools.amazon_playwright_extractor - INFO - Checking for cookie consent pop-up...
2026-03-08 13:59:38,360 - tools.amazon_playwright_extractor - INFO - Finished checking for cookie consent pop-ups. If one was present and not handled, it might interfere.
2026-03-08 13:59:39,361 - tools.amazon_playwright_extractor - INFO - Checking for CAPTCHA...
2026-03-08 13:59:42,369 - tools.amazon_playwright_extractor - INFO - No CAPTCHA page detected by form selector.
2026-03-08 13:59:42,369 - tools.amazon_playwright_extractor - INFO - Checking for cookie consent pop-up...
2026-03-08 13:59:42,428 - tools.amazon_playwright_extractor - INFO - Finished checking for cookie consent pop-ups. If one was present and not handled, it might interfere.
2026-03-08 13:59:42,428 - tools.amazon_playwright_extractor - INFO - Page should be ready. Waiting 5s for stabilization...
2026-03-08 13:59:47,439 - tools.amazon_playwright_extractor - INFO - Waiting an additional 7s for extensions (Keepa, SellerAmp)...
2026-03-08 13:59:54,445 - tools.amazon_playwright_extractor - INFO - Extracting all product data for ASIN: B08PDMT9RB
2026-03-08 13:59:54,445 - tools.amazon_playwright_extractor - INFO - Extracting basic product information (Title, Price, Images, Amazon Details)...
2026-03-08 13:59:54,479 - tools.amazon_playwright_extractor - INFO - Title found: 'Bondit 3KG Quick Cement Rapid Dry' via #productTitle
2026-03-08 13:59:54,480 - tools.amazon_playwright_extractor - INFO - Extracting price details...
2026-03-08 13:59:54,681 - tools.amazon_playwright_extractor - INFO - Original price: 32.99 via span.a-price.a-text-price[data-a-strike='true'] span.a-offscreen
2026-03-08 13:59:54,719 - tools.amazon_playwright_extractor - INFO - Extracting image URLs...
2026-03-08 13:59:54,753 - tools.amazon_playwright_extractor - INFO - Main image: https://m.media-amazon.com/images/I/41DBbzk64VL._AC_.jpg via #landingImage
2026-03-08 13:59:54,789 - tools.amazon_playwright_extractor - INFO - Found 1 thumbnails.
2026-03-08 13:59:54,796 - tools.amazon_playwright_extractor - INFO - Extracting Amazon product details section...
2026-03-08 13:59:54,915 - tools.amazon_playwright_extractor - INFO - Extracting sales rank information...
2026-03-08 13:59:55,063 - tools.amazon_playwright_extractor - INFO - Extracting ratings and reviews...
2026-03-08 13:59:55,082 - tools.amazon_playwright_extractor - INFO - Rating: 3.8 via #acrPopover[title*='out of 5 stars']
2026-03-08 13:59:55,102 - tools.amazon_playwright_extractor - INFO - Review count: 30 via #acrCustomerReviewText
2026-03-08 13:59:55,102 - tools.amazon_playwright_extractor - INFO - Extracting stock information...
2026-03-08 13:59:55,161 - tools.amazon_playwright_extractor - INFO - Availability text: 'P.when("A", "load").execute("aod-assets-loaded", function(A){
        function logAssetsNotLoaded() {
            if (window.ueLogError) {
                var customError = { message: 'Failed to load AOD assets for WDG: home_improvement_display_on_website, Device: web' };
                var additionalInfo = {
                    logLevel : 'ERROR',
                    attribution : 'aod_assets_not_loaded'
                };
                ueLogError (customError, additionalInfo);
            }
            if (window.ue && window.ue.count) {
                window.ue.count("aod-assets-not-loaded", 1);
            }
        }

        function verifyAssetsLoaded() {
            var assetsLoadedPageState = A.state('aod:assetsLoaded');
            var logAssetsNotLoadedState = A.state('aod:logAssetsNotLoaded');

            if((assetsLoadedPageState == null || !assetsLoadedPageState.isAodAssetsLoaded)
                && (logAssetsNotLoadedState == null || !logAssetsNotLoadedState.isAodAssetsNotLoadedLogged)) {
                A.state('aod:logAssetsNotLoaded', {isAodAssetsNotLoadedLogged: true});
                logAssetsNotLoaded();
            }
        }

        setTimeout(verifyAssetsLoaded, 50000)
    });' via #availability
2026-03-08 13:59:55,161 - tools.amazon_playwright_extractor - INFO - Extracting features/bullets...
2026-03-08 13:59:55,221 - tools.amazon_playwright_extractor - INFO - Found 1 features.
2026-03-08 13:59:55,221 - tools.amazon_playwright_extractor - INFO - Extracting product description...
2026-03-08 13:59:55,240 - tools.amazon_playwright_extractor - INFO - Description found using selector: #productDescription
2026-03-08 13:59:55,240 - tools.amazon_playwright_extractor - INFO - Extracting product specifications table...
2026-03-08 13:59:55,661 - tools.amazon_playwright_extractor - INFO - Specifications table parsed using selector: table.a-keyvalue.prodDetTable
2026-03-08 13:59:55,661 - tools.amazon_playwright_extractor - INFO - Extracting SellerAmp data (if present)...
2026-03-08 13:59:55,662 - tools.amazon_playwright_extractor - INFO - SellerAmp data extraction is currently disabled as per requirements (Fix 2.3).
2026-03-08 13:59:55,662 - tools.amazon_playwright_extractor - INFO - Extracting Keepa data (if present)...
2026-03-08 13:59:55,662 - tools.amazon_playwright_extractor - INFO - Attempting to extract Keepa data...
2026-03-08 14:00:01,777 - tools.amazon_playwright_extractor - INFO - Keepa iframe found: iframe[id*='keepa']
2026-03-08 14:00:01,856 - tools.amazon_playwright_extractor - INFO - Keepa Sales Rank Details Table parsed.
2026-03-08 14:00:01,856 - tools.amazon_playwright_extractor - INFO - Keepa Graph AI Analysis is currently disabled as per requirements (Fix 2.4).
2026-03-08 14:00:01,877 - tools.amazon_playwright_extractor - INFO - Keepa Data tab found. Currently active: False
2026-03-08 14:00:01,877 - tools.amazon_playwright_extractor - INFO - Clicking Keepa 'Data' tab...
2026-03-08 14:00:04,151 - tools.amazon_playwright_extractor - INFO - Attempt 1/2: Waiting 12000ms for Product-Details wrapper...
2026-03-08 14:00:06,101 - tools.amazon_playwright_extractor - INFO - ? Product-Details wrapper appeared on attempt 1
2026-03-08 14:00:06,123 - tools.amazon_playwright_extractor - WARNING - Product-Details tab visible, but inner grid still not ready – extending wait with retry logic.
2026-03-08 14:00:06,124 - tools.amazon_playwright_extractor - INFO - Grid attempt 1/3: Waiting 15000ms for grid container...
2026-03-08 14:00:06,234 - tools.amazon_playwright_extractor - INFO - ? Grid became visible after attempt 1 – continuing.
2026-03-08 14:00:06,260 - tools.amazon_playwright_extractor - INFO - Parsing Keepa AG Grid for Product Details from: div#MoreTab1 div#grid-product-detail
2026-03-08 14:00:06,299 - tools.amazon_playwright_extractor - INFO - Primary attempt: Waiting 12 seconds for AG Grid rows to load...
2026-03-08 14:00:07,337 - tools.amazon_playwright_extractor - INFO - ? Primary attempt successful: 118 rows found
2026-03-08 14:00:07,350 - tools.amazon_playwright_extractor - INFO - Processing 118 rows in Keepa Product Details AG Grid.
2026-03-08 14:00:08,488 - tools.amazon_playwright_extractor - INFO - Found potential fee key 'FBA Pick&Pack Fee' with raw value: 'Ł 3.51' in Keepa AG Grid.
2026-03-08 14:00:10,325 - tools.amazon_playwright_extractor - INFO - ? Successfully parsed 34 items from Keepa Product Details AG Grid.
2026-03-08 14:00:10,325 - tools.amazon_playwright_extractor - INFO - ASIN B08PDMT9RB: Attempting to extract EANs from Keepa product_details_tab_data.
2026-03-08 14:00:10,326 - tools.amazon_playwright_extractor - INFO - ASIN B08PDMT9RB: EAN '5060021369321' found in Keepa details via key 'Product Codes - EAN'.
2026-03-08 14:00:10,326 - tools.amazon_playwright_extractor - INFO - ASIN B08PDMT9RB: BSR not found or invalid from page. Attempting fallback from Keepa.
2026-03-08 14:00:10,326 - tools.amazon_playwright_extractor - INFO - ASIN B08PDMT9RB: BSR 465309 in 'DIY & Tools' from Keepa SalesRankDetailsTable.
2026-03-08 14:00:10,326 - tools.amazon_playwright_extractor - INFO - ASIN B08PDMT9RB: Current price missing/zero. Attempting fallback from Keepa Product Details.
2026-03-08 14:00:10,326 - tools.amazon_playwright_extractor - WARNING - ASIN B08PDMT9RB: Could not find a suitable current price in Keepa Product Details for fallback.
2026-03-08 14:00:10,326 - tools.amazon_playwright_extractor - INFO - \u2705 Recorded search method 'EAN' for ASIN B08PDMT9RB
2026-03-08 14:00:10,326 - tools.amazon_playwright_extractor - INFO - Successfully extracted data for ASIN B08PDMT9RB (EAN on page: 5060021369321)
2026-03-08 14:00:10,328 [INFO] WindowsSaveGuardian: ? ATOMIC SAVE: amazon_B08PDMT9RB_5060021369321.json (28 entries) saved successfully
2026-03-08 14:00:10,328 - windows_save_guardian - INFO - ? ATOMIC SAVE: amazon_B08PDMT9RB_5060021369321.json (28 entries) saved successfully
2026-03-08 14:00:10,331 [INFO] WindowsSaveGuardian: ? ATOMIC SAVE: linking_map.json (6 entries) saved successfully
2026-03-08 14:00:10,331 - windows_save_guardian - INFO - ? ATOMIC SAVE: linking_map.json (6 entries) saved successfully
2026-03-08 14:00:10,331 - __main__ - INFO - Linking map periodic flush: 6 entries
2026-03-08 14:00:10,333 [INFO] WindowsSaveGuardian: ? ATOMIC SAVE: efghousewares_co_uk__sandbox__551e6fe7_processing_state.json (27 entries) saved successfully
2026-03-08 14:00:10,333 - windows_save_guardian - INFO - ? ATOMIC SAVE: efghousewares_co_uk__sandbox__551e6fe7_processing_state.json (27 entries) saved successfully
2026-03-08 14:00:10,334 - utils.fixed_enhanced_state_manager - INFO -  ATOMIC SAVE
2026-03-08 14:00:10,334 - tools.amazon_playwright_extractor - INFO - Searching Amazon by EAN: 5060021364777 for supplier product: 'BOND IT STABILIZING SOLUTION 5L' (FixedAmazonExtractor)
2026-03-08 14:00:10,334 - tools.amazon_playwright_extractor - INFO - Navigating to Amazon UK to search for EAN: 5060021364777
2026-03-08 14:00:13,963 - tools.amazon_playwright_extractor - INFO - Waiting for search results page to load for EAN 5060021364777...
2026-03-08 14:00:13,998 - tools.amazon_playwright_extractor - INFO - Found search results container with selector: div.s-search-results
2026-03-08 14:00:14,647 - tools.amazon_playwright_extractor - INFO - Found 7 search result elements using selector: div[data-component-type='s-search-result']
2026-03-08 14:00:14,647 - tools.amazon_playwright_extractor - INFO - Processing 7 search result elements for EAN 5060021364777
2026-03-08 14:00:14,755 - tools.amazon_playwright_extractor - INFO - Found organic result: ASIN B005X9LWUU - Bond-It STABILIZING SOLUTION (5L)...
2026-03-08 14:00:14,802 - tools.amazon_playwright_extractor - INFO - Found organic result: ASIN B0BFV6D5FB - 18 Sept 2022...
2026-03-08 14:00:14,846 - tools.amazon_playwright_extractor - INFO - Found organic result: ASIN 1738414507 - 21 Oct 2023...
2026-03-08 14:00:14,914 - tools.amazon_playwright_extractor - INFO - Found organic result: ASIN B0C39284R5 - Control Knob/Switch Compatable With IDV65UK, IDC85, IDC8T3 T...
2026-03-08 14:00:14,978 - tools.amazon_playwright_extractor - INFO - Found organic result: ASIN B0GLYQ1SQ7 - Washer Rotor Hub Assembly, MBF618448 PBT-GF30 Washer Rotor H...
2026-03-08 14:00:14,978 - tools.amazon_playwright_extractor - INFO - Found 5 organic results, stopping search to improve performance.
2026-03-08 14:00:14,978 - tools.amazon_playwright_extractor - INFO - \U0001f4ca SPONSORED FILTERING RESULTS: 5 organic products, 2 sponsored products filtered out
2026-03-08 14:00:14,979 - tools.amazon_playwright_extractor - INFO - \u2705 EAN SEARCH: Selected first organic result - ASIN B005X9LWUU
2026-03-08 14:00:14,979 - tools.amazon_playwright_extractor - INFO -    Trusting Amazon's search relevance for EAN 5060021364777
2026-03-08 14:00:14,979 - tools.amazon_playwright_extractor - INFO -    EAN will be extracted by Keepa during full product data extraction
2026-03-08 14:00:14,979 - tools.amazon_playwright_extractor - INFO - Single ASIN B005X9LWUU found for EAN 5060021364777.
2026-03-08 14:00:14,979 - tools.amazon_playwright_extractor - INFO - Proceeding with ASIN: B005X9LWUU for EAN: 5060021364777
2026-03-08 14:00:14,979 - tools.amazon_playwright_extractor - WARNING - No page object provided to extract_data for ASIN B005X9LWUU. Getting a new one from BrowserManager.
2026-03-08 14:00:14,979 - tools.amazon_playwright_extractor - INFO - Reusing existing page: https://www.amazon.co.uk/s?k=5060021364777&ref=nb_sb_noss
2026-03-08 14:00:17,972 - tools.amazon_playwright_extractor - INFO - Checking for cookie consent pop-up...
2026-03-08 14:00:18,322 - tools.amazon_playwright_extractor - INFO - Finished checking for cookie consent pop-ups. If one was present and not handled, it might interfere.
2026-03-08 14:00:19,329 - tools.amazon_playwright_extractor - INFO - Checking for CAPTCHA...
2026-03-08 14:00:22,335 - tools.amazon_playwright_extractor - INFO - No CAPTCHA page detected by form selector.
2026-03-08 14:00:22,335 - tools.amazon_playwright_extractor - INFO - Checking for cookie consent pop-up...
2026-03-08 14:00:22,401 - tools.amazon_playwright_extractor - INFO - Finished checking for cookie consent pop-ups. If one was present and not handled, it might interfere.
2026-03-08 14:00:22,401 - tools.amazon_playwright_extractor - INFO - Page should be ready. Waiting 5s for stabilization...
2026-03-08 14:00:27,407 - tools.amazon_playwright_extractor - INFO - Waiting an additional 7s for extensions (Keepa, SellerAmp)...
2026-03-08 14:00:34,407 - tools.amazon_playwright_extractor - INFO - Extracting all product data for ASIN: B005X9LWUU
2026-03-08 14:00:34,408 - tools.amazon_playwright_extractor - INFO - Extracting basic product information (Title, Price, Images, Amazon Details)...
2026-03-08 14:00:34,449 - tools.amazon_playwright_extractor - INFO - Title found: 'Bond-It STABILIZING SOLUTION (5L)' via #productTitle
2026-03-08 14:00:34,449 - tools.amazon_playwright_extractor - INFO - Extracting price details...
2026-03-08 14:00:34,472 - tools.amazon_playwright_extractor - INFO - Current price: 11.47 via #corePrice_feature_div .a-offscreen
2026-03-08 14:00:34,527 - tools.amazon_playwright_extractor - INFO - Original price: 16.37 via span.a-price.a-text-price[data-a-strike='true'] span.a-offscreen
2026-03-08 14:00:34,554 - tools.amazon_playwright_extractor - INFO - Amazon sales badge found: 100 in container div#socialProofingAsinFaceout_feature_div
2026-03-08 14:00:34,554 - tools.amazon_playwright_extractor - INFO - Extracting image URLs...
2026-03-08 14:00:34,589 - tools.amazon_playwright_extractor - INFO - Main image: https://m.media-amazon.com/images/I/51rlRj9ob3L._AC_SL1000_.jpg via #landingImage
2026-03-08 14:00:34,617 - tools.amazon_playwright_extractor - INFO - Found 1 thumbnails.
2026-03-08 14:00:34,622 - tools.amazon_playwright_extractor - INFO - Extracting Amazon product details section...
2026-03-08 14:00:34,749 - tools.amazon_playwright_extractor - INFO - Extracting sales rank information...
2026-03-08 14:00:34,898 - tools.amazon_playwright_extractor - INFO - Extracting ratings and reviews...
2026-03-08 14:00:34,917 - tools.amazon_playwright_extractor - INFO - Rating: 4.4 via #acrPopover[title*='out of 5 stars']
2026-03-08 14:00:34,936 - tools.amazon_playwright_extractor - INFO - Review count: 326 via #acrCustomerReviewText
2026-03-08 14:00:34,937 - tools.amazon_playwright_extractor - INFO - Extracting stock information...
2026-03-08 14:00:34,955 - tools.amazon_playwright_extractor - INFO - Availability text: 'In stock' via #availability span.a-size-medium.a-color-success
2026-03-08 14:00:34,955 - tools.amazon_playwright_extractor - INFO - Extracting features/bullets...
2026-03-08 14:00:35,059 - tools.amazon_playwright_extractor - INFO - Found 1 features.
2026-03-08 14:00:35,059 - tools.amazon_playwright_extractor - INFO - Extracting product description...
2026-03-08 14:00:35,174 - tools.amazon_playwright_extractor - INFO - Extracting product specifications table...
2026-03-08 14:00:35,438 - tools.amazon_playwright_extractor - INFO - Specifications table parsed using selector: table.a-keyvalue.prodDetTable
2026-03-08 14:00:35,438 - tools.amazon_playwright_extractor - INFO - Extracting SellerAmp data (if present)...
2026-03-08 14:00:35,438 - tools.amazon_playwright_extractor - INFO - SellerAmp data extraction is currently disabled as per requirements (Fix 2.3).
2026-03-08 14:00:35,438 - tools.amazon_playwright_extractor - INFO - Extracting Keepa data (if present)...
2026-03-08 14:00:35,438 - tools.amazon_playwright_extractor - INFO - Attempting to extract Keepa data...
2026-03-08 14:00:41,510 - tools.amazon_playwright_extractor - INFO - Keepa iframe found: iframe[id*='keepa']
2026-03-08 14:00:41,601 - tools.amazon_playwright_extractor - INFO - Keepa Sales Rank Details Table parsed.
2026-03-08 14:00:41,601 - tools.amazon_playwright_extractor - INFO - Keepa Graph AI Analysis is currently disabled as per requirements (Fix 2.4).
2026-03-08 14:00:41,626 - tools.amazon_playwright_extractor - INFO - Keepa Data tab found. Currently active: False
2026-03-08 14:00:41,626 - tools.amazon_playwright_extractor - INFO - Clicking Keepa 'Data' tab...
2026-03-08 14:00:43,955 - tools.amazon_playwright_extractor - INFO - Attempt 1/2: Waiting 12000ms for Product-Details wrapper...
2026-03-08 14:00:55,972 - tools.amazon_playwright_extractor - WARNING - Product-Details wrapper timeout on attempt 1, retrying...
2026-03-08 14:01:00,986 - tools.amazon_playwright_extractor - INFO - Attempt 2/2: Waiting 12000ms for Product-Details wrapper...
2026-03-08 14:01:03,952 - tools.amazon_playwright_extractor - INFO - ? Product-Details wrapper appeared on attempt 2
2026-03-08 14:01:03,992 - tools.amazon_playwright_extractor - INFO - Parsing Keepa AG Grid for Product Details from: div#MoreTab1 div#grid-product-detail
2026-03-08 14:01:04,029 - tools.amazon_playwright_extractor - INFO - Primary attempt: Waiting 12 seconds for AG Grid rows to load...
2026-03-08 14:01:05,072 - tools.amazon_playwright_extractor - INFO - ? Primary attempt successful: 127 rows found
2026-03-08 14:01:05,086 - tools.amazon_playwright_extractor - INFO - Processing 127 rows in Keepa Product Details AG Grid.
2026-03-08 14:01:06,262 - tools.amazon_playwright_extractor - INFO - Found potential fee key 'FBA Pick&Pack Fee' with raw value: 'Ł 3.56' in Keepa AG Grid.
2026-03-08 14:01:06,363 - tools.amazon_playwright_extractor - INFO - Found potential fee key 'Referral Fee based on current Buy Box price' with raw value: 'Ł 1.55' in Keepa AG Grid.
2026-03-08 14:01:08,535 - tools.amazon_playwright_extractor - INFO - ? Successfully parsed 38 items from Keepa Product Details AG Grid.
2026-03-08 14:01:08,535 - tools.amazon_playwright_extractor - INFO - ASIN B005X9LWUU: Attempting to extract EANs from Keepa product_details_tab_data.
2026-03-08 14:01:08,535 - tools.amazon_playwright_extractor - INFO - ASIN B005X9LWUU: EAN '5060021364777' found in Keepa details via key 'Product Codes - EAN'.
2026-03-08 14:01:08,535 - tools.amazon_playwright_extractor - INFO - ASIN B005X9LWUU: BSR not found or invalid from page. Attempting fallback from Keepa.
2026-03-08 14:01:08,535 - tools.amazon_playwright_extractor - INFO - ASIN B005X9LWUU: BSR 1858 in 'Automotive 40' from Keepa SalesRankDetailsTable.
2026-03-08 14:01:08,535 - tools.amazon_playwright_extractor - INFO - \u2705 Recorded search method 'EAN' for ASIN B005X9LWUU
2026-03-08 14:01:08,535 - tools.amazon_playwright_extractor - INFO - Successfully extracted data for ASIN B005X9LWUU (EAN on page: 5060021364777)
2026-03-08 14:01:08,539 [INFO] WindowsSaveGuardian: ? ATOMIC SAVE: amazon_B005X9LWUU_5060021364777.json (31 entries) saved successfully
2026-03-08 14:01:08,539 - windows_save_guardian - INFO - ? ATOMIC SAVE: amazon_B005X9LWUU_5060021364777.json (31 entries) saved successfully
2026-03-08 14:01:08,542 [INFO] WindowsSaveGuardian: ? ATOMIC SAVE: linking_map.json (7 entries) saved successfully
2026-03-08 14:01:08,542 - windows_save_guardian - INFO - ? ATOMIC SAVE: linking_map.json (7 entries) saved successfully
2026-03-08 14:01:08,542 - __main__ - INFO - Linking map periodic flush: 7 entries
2026-03-08 14:01:08,545 [INFO] WindowsSaveGuardian: ? ATOMIC SAVE: efghousewares_co_uk__sandbox__551e6fe7_processing_state.json (27 entries) saved successfully
2026-03-08 14:01:08,545 - windows_save_guardian - INFO - ? ATOMIC SAVE: efghousewares_co_uk__sandbox__551e6fe7_processing_state.json (27 entries) saved successfully
2026-03-08 14:01:08,546 - utils.fixed_enhanced_state_manager - INFO -  ATOMIC SAVE
2026-03-08 14:01:08,546 - tools.amazon_playwright_extractor - INFO - Searching Amazon by EAN: 5060021367297 for supplier product: 'BOND IT OIL STAIN REMOVER 1LITRE' (FixedAmazonExtractor)
2026-03-08 14:01:08,546 - tools.amazon_playwright_extractor - INFO - Navigating to Amazon UK to search for EAN: 5060021367297
2026-03-08 14:01:12,474 - tools.amazon_playwright_extractor - INFO - Waiting for search results page to load for EAN 5060021367297...
2026-03-08 14:01:12,516 - tools.amazon_playwright_extractor - INFO - Found search results container with selector: div.s-search-results
2026-03-08 14:01:13,166 - tools.amazon_playwright_extractor - INFO - Found 7 search result elements using selector: div[data-component-type='s-search-result']
2026-03-08 14:01:13,166 - tools.amazon_playwright_extractor - INFO - Processing 7 search result elements for EAN 5060021367297
2026-03-08 14:01:13,266 - tools.amazon_playwright_extractor - INFO - Found organic result: ASIN B00K5SPJ8K - Bond it Oil Stain Remover 1 Litre...
2026-03-08 14:01:13,352 - tools.amazon_playwright_extractor - INFO - Found organic result: ASIN B0BVJF786B - QBRIX Poster- Clamping Block Mosaic Photo kit, Personalized ...
2026-03-08 14:01:13,450 - tools.amazon_playwright_extractor - INFO - Found organic result: ASIN B01NBG78WI - LEGO Icons Fountain Garden Building Set, Home and Office Dec...
2026-03-08 14:01:13,591 - tools.amazon_playwright_extractor - INFO - Found organic result: ASIN B0FPXGZQ1Y - LEGO | Marvel Miles Morales Mech vs. Spider-Man 2099 - Super...
2026-03-08 14:01:13,686 - tools.amazon_playwright_extractor - INFO - Found organic result: ASIN B0C3VW44J6 - WYSWYG Building Bricks 2x4 Stud 320 Pcs, 8 Colours, Classic ...
2026-03-08 14:01:13,686 - tools.amazon_playwright_extractor - INFO - Found 5 organic results, stopping search to improve performance.
2026-03-08 14:01:13,686 - tools.amazon_playwright_extractor - INFO - \U0001f4ca SPONSORED FILTERING RESULTS: 5 organic products, 2 sponsored products filtered out
2026-03-08 14:01:13,686 - tools.amazon_playwright_extractor - INFO - \u2705 EAN SEARCH: Selected first organic result - ASIN B00K5SPJ8K
2026-03-08 14:01:13,687 - tools.amazon_playwright_extractor - INFO -    Trusting Amazon's search relevance for EAN 5060021367297
2026-03-08 14:01:13,687 - tools.amazon_playwright_extractor - INFO -    EAN will be extracted by Keepa during full product data extraction
2026-03-08 14:01:13,687 - tools.amazon_playwright_extractor - INFO - Single ASIN B00K5SPJ8K found for EAN 5060021367297.
2026-03-08 14:01:13,687 - tools.amazon_playwright_extractor - INFO - Proceeding with ASIN: B00K5SPJ8K for EAN: 5060021367297
2026-03-08 14:01:13,687 - tools.amazon_playwright_extractor - WARNING - No page object provided to extract_data for ASIN B00K5SPJ8K. Getting a new one from BrowserManager.
2026-03-08 14:01:13,687 - tools.amazon_playwright_extractor - INFO - Reusing existing page: https://www.amazon.co.uk/s?k=5060021367297&ref=nb_sb_noss
2026-03-08 14:01:16,677 - tools.amazon_playwright_extractor - INFO - Checking for cookie consent pop-up...
2026-03-08 14:01:17,095 - tools.amazon_playwright_extractor - INFO - Finished checking for cookie consent pop-ups. If one was present and not handled, it might interfere.
2026-03-08 14:01:18,100 - tools.amazon_playwright_extractor - INFO - Checking for CAPTCHA...
2026-03-08 14:01:21,106 - tools.amazon_playwright_extractor - INFO - No CAPTCHA page detected by form selector.
2026-03-08 14:01:21,107 - tools.amazon_playwright_extractor - INFO - Checking for cookie consent pop-up...
2026-03-08 14:01:21,169 - tools.amazon_playwright_extractor - INFO - Finished checking for cookie consent pop-ups. If one was present and not handled, it might interfere.
2026-03-08 14:01:21,169 - tools.amazon_playwright_extractor - INFO - Page should be ready. Waiting 5s for stabilization...
2026-03-08 14:01:26,182 - tools.amazon_playwright_extractor - INFO - Waiting an additional 7s for extensions (Keepa, SellerAmp)...
2026-03-08 14:01:33,184 - tools.amazon_playwright_extractor - INFO - Extracting all product data for ASIN: B00K5SPJ8K
2026-03-08 14:01:33,184 - tools.amazon_playwright_extractor - INFO - Extracting basic product information (Title, Price, Images, Amazon Details)...
2026-03-08 14:01:33,216 - tools.amazon_playwright_extractor - INFO - Title found: 'Bond it Oil Stain Remover 1 Litre' via #productTitle
2026-03-08 14:01:33,216 - tools.amazon_playwright_extractor - INFO - Extracting price details...
2026-03-08 14:01:33,236 - tools.amazon_playwright_extractor - INFO - Current price: 8.98 via #corePrice_feature_div .a-offscreen
2026-03-08 14:01:33,341 - tools.amazon_playwright_extractor - INFO - Extracting image URLs...
2026-03-08 14:01:33,376 - tools.amazon_playwright_extractor - INFO - Main image: https://m.media-amazon.com/images/I/5151rje9qSL._AC_SL1000_.jpg via #landingImage
2026-03-08 14:01:33,405 - tools.amazon_playwright_extractor - INFO - Found 1 thumbnails.
2026-03-08 14:01:33,410 - tools.amazon_playwright_extractor - INFO - Extracting Amazon product details section...
2026-03-08 14:01:33,755 - tools.amazon_playwright_extractor - INFO - Extracting sales rank information...
2026-03-08 14:01:33,908 - tools.amazon_playwright_extractor - INFO - Extracting ratings and reviews...
2026-03-08 14:01:33,927 - tools.amazon_playwright_extractor - INFO - Rating: 3.5 via #acrPopover[title*='out of 5 stars']
2026-03-08 14:01:33,947 - tools.amazon_playwright_extractor - INFO - Review count: 371 via #acrCustomerReviewText
2026-03-08 14:01:33,947 - tools.amazon_playwright_extractor - INFO - Extracting stock information...
2026-03-08 14:01:33,966 - tools.amazon_playwright_extractor - INFO - Availability text: 'In stock' via #availability span.a-size-medium.a-color-success
2026-03-08 14:01:33,966 - tools.amazon_playwright_extractor - INFO - Extracting features/bullets...
2026-03-08 14:01:34,021 - tools.amazon_playwright_extractor - INFO - Found 1 features.
2026-03-08 14:01:34,021 - tools.amazon_playwright_extractor - INFO - Extracting product description...
2026-03-08 14:01:34,039 - tools.amazon_playwright_extractor - INFO - Description found using selector: #productDescription
2026-03-08 14:01:34,039 - tools.amazon_playwright_extractor - INFO - Extracting product specifications table...
2026-03-08 14:01:34,347 - tools.amazon_playwright_extractor - INFO - Specifications table parsed using selector: table.a-keyvalue.prodDetTable
2026-03-08 14:01:34,347 - tools.amazon_playwright_extractor - INFO - Extracting SellerAmp data (if present)...
2026-03-08 14:01:34,347 - tools.amazon_playwright_extractor - INFO - SellerAmp data extraction is currently disabled as per requirements (Fix 2.3).
2026-03-08 14:01:34,347 - tools.amazon_playwright_extractor - INFO - Extracting Keepa data (if present)...
2026-03-08 14:01:34,347 - tools.amazon_playwright_extractor - INFO - Attempting to extract Keepa data...
2026-03-08 14:01:40,433 - tools.amazon_playwright_extractor - INFO - Keepa iframe found: iframe[id*='keepa']
2026-03-08 14:01:40,559 - tools.amazon_playwright_extractor - INFO - Keepa Sales Rank Details Table parsed.
2026-03-08 14:01:40,559 - tools.amazon_playwright_extractor - INFO - Keepa Graph AI Analysis is currently disabled as per requirements (Fix 2.4).
2026-03-08 14:01:40,592 - tools.amazon_playwright_extractor - INFO - Keepa Data tab found. Currently active: False
2026-03-08 14:01:40,592 - tools.amazon_playwright_extractor - INFO - Clicking Keepa 'Data' tab...
2026-03-08 14:01:42,911 - tools.amazon_playwright_extractor - INFO - Attempt 1/2: Waiting 12000ms for Product-Details wrapper...
2026-03-08 14:01:54,921 - tools.amazon_playwright_extractor - WARNING - Product-Details wrapper timeout on attempt 1, retrying...
2026-03-08 14:01:59,922 - tools.amazon_playwright_extractor - INFO - Attempt 2/2: Waiting 12000ms for Product-Details wrapper...
2026-03-08 14:01:59,942 - tools.amazon_playwright_extractor - INFO - ? Product-Details wrapper appeared on attempt 2
2026-03-08 14:01:59,980 - tools.amazon_playwright_extractor - INFO - Parsing Keepa AG Grid for Product Details from: div#MoreTab1 div#grid-product-detail
2026-03-08 14:02:00,014 - tools.amazon_playwright_extractor - INFO - Primary attempt: Waiting 12 seconds for AG Grid rows to load...
2026-03-08 14:02:01,059 - tools.amazon_playwright_extractor - INFO - ? Primary attempt successful: 142 rows found
2026-03-08 14:02:01,072 - tools.amazon_playwright_extractor - INFO - Processing 142 rows in Keepa Product Details AG Grid.
2026-03-08 14:02:02,380 - tools.amazon_playwright_extractor - INFO - Found potential fee key 'FBA Pick&Pack Fee' with raw value: 'Ł 3.05' in Keepa AG Grid.
2026-03-08 14:02:02,508 - tools.amazon_playwright_extractor - INFO - Found potential fee key 'Referral Fee based on current Buy Box price' with raw value: 'Ł 0.72' in Keepa AG Grid.
2026-03-08 14:02:05,084 - tools.amazon_playwright_extractor - INFO - ? Successfully parsed 42 items from Keepa Product Details AG Grid.
2026-03-08 14:02:05,085 - tools.amazon_playwright_extractor - INFO - ASIN B00K5SPJ8K: Attempting to extract EANs from Keepa product_details_tab_data.
2026-03-08 14:02:05,085 - tools.amazon_playwright_extractor - INFO - ASIN B00K5SPJ8K: EAN '5060021367297' found in Keepa details via key 'Product Codes - EAN'.
2026-03-08 14:02:05,085 - tools.amazon_playwright_extractor - INFO - ASIN B00K5SPJ8K: BSR not found or invalid from page. Attempting fallback from Keepa.
2026-03-08 14:02:05,085 - tools.amazon_playwright_extractor - INFO - ASIN B00K5SPJ8K: BSR 238278 in 'DIY & Tools 1.7' from Keepa SalesRankDetailsTable.
2026-03-08 14:02:05,085 - tools.amazon_playwright_extractor - INFO - \u2705 Recorded search method 'EAN' for ASIN B00K5SPJ8K
2026-03-08 14:02:05,085 - tools.amazon_playwright_extractor - INFO - Successfully extracted data for ASIN B00K5SPJ8K (EAN on page: 5060021367297)
2026-03-08 14:02:05,088 [INFO] WindowsSaveGuardian: ? ATOMIC SAVE: amazon_B00K5SPJ8K_5060021367297.json (33 entries) saved successfully
2026-03-08 14:02:05,088 - windows_save_guardian - INFO - ? ATOMIC SAVE: amazon_B00K5SPJ8K_5060021367297.json (33 entries) saved successfully
2026-03-08 14:02:05,091 [INFO] WindowsSaveGuardian: ? ATOMIC SAVE: linking_map.json (8 entries) saved successfully
2026-03-08 14:02:05,091 - windows_save_guardian - INFO - ? ATOMIC SAVE: linking_map.json (8 entries) saved successfully
2026-03-08 14:02:05,092 - __main__ - INFO - Linking map periodic flush: 8 entries
2026-03-08 14:02:05,095 [INFO] WindowsSaveGuardian: ? ATOMIC SAVE: efghousewares_co_uk__sandbox__551e6fe7_processing_state.json (27 entries) saved successfully
2026-03-08 14:02:05,095 - windows_save_guardian - INFO - ? ATOMIC SAVE: efghousewares_co_uk__sandbox__551e6fe7_processing_state.json (27 entries) saved successfully
2026-03-08 14:02:05,095 - utils.fixed_enhanced_state_manager - INFO -  ATOMIC SAVE
2026-03-08 14:02:05,098 [INFO] WindowsSaveGuardian: ? ATOMIC SAVE: efghousewares_co_uk__sandbox__551e6fe7_processing_state.json (27 entries) saved successfully
2026-03-08 14:02:05,098 - windows_save_guardian - INFO - ? ATOMIC SAVE: efghousewares_co_uk__sandbox__551e6fe7_processing_state.json (27 entries) saved successfully
2026-03-08 14:02:05,099 - utils.fixed_enhanced_state_manager - INFO -  ATOMIC SAVE
2026-03-08 14:02:05,101 [INFO] WindowsSaveGuardian: ? ATOMIC SAVE: efghousewares_co_uk__sandbox__551e6fe7_processing_state.json (27 entries) saved successfully
2026-03-08 14:02:05,101 - windows_save_guardian - INFO - ? ATOMIC SAVE: efghousewares_co_uk__sandbox__551e6fe7_processing_state.json (27 entries) saved successfully
2026-03-08 14:02:05,102 - utils.fixed_enhanced_state_manager - INFO -  ATOMIC SAVE
2026-03-08 14:02:05,107 [INFO] WindowsSaveGuardian: ? ATOMIC SAVE: linking_map.json (8 entries) saved successfully
2026-03-08 14:02:05,107 - windows_save_guardian - INFO - ? ATOMIC SAVE: linking_map.json (8 entries) saved successfully
2026-03-08 14:02:05,107 - __main__ - INFO - Product list refresh complete: 8/8 matched
2026-03-08 14:02:05,108 - utils.browser_manager - WARNING - Error during global cleanup: no running event loop
Exception ignored in: <function BaseSubprocessTransport.__del__ at 0x000001A2FC648C20>
Traceback (most recent call last):
  File "C:\Python313\Lib\asyncio\base_subprocess.py", line 130, in __del__
  File "C:\Python313\Lib\asyncio\base_subprocess.py", line 107, in close
  File "C:\Python313\Lib\asyncio\proactor_events.py", line 109, in close
  File "C:\Python313\Lib\asyncio\base_events.py", line 827, in call_soon
  File "C:\Python313\Lib\asyncio\base_events.py", line 550, in _check_closed
RuntimeError: Event loop is closed
