2026-03-08 15:43:53,169 - __main__ - WARNING - Ignoring supplier identity from products file; job sandbox is authoritative. job=poundwholesale.co.uk__sandbox__5bf5ac4d file=poundwholesale.co.uk
2026-03-08 15:43:53,170 - tools.amazon_playwright_extractor - WARNING - ?? BrowserCircuitBreaker not available - health management disabled
2026-03-08 15:43:53,170 - tools.amazon_playwright_extractor - INFO - AI features disabled in amazon_playwright_extractor - using only traditional selectors.
2026-03-08 15:43:53,170 - tools.amazon_playwright_extractor - INFO - Output directory set to: C:\Users\chris\Desktop\Amazon-FBA-Agent-System-v32 - latest good - Copy (8) - Copy - Copy - POSTLONGRUNPREKIRO2 beforecompletion-\OUTPUTS\CACHE\amazon_data
2026-03-08 15:43:53,174 - tools.amazon_playwright_extractor - WARNING - ?? BrowserManager not available, using legacy browser connection
2026-03-08 15:43:53,175 - tools.amazon_playwright_extractor - INFO - \U0001f527 FixedAmazonExtractor connecting via BrowserManager singleton
2026-03-08 15:43:53,175 - utils.browser_circuit_breaker - INFO - BrowserCircuitBreaker initialized: threshold=3, timeout=300s
2026-03-08 15:43:53,175 - utils.browser_manager - INFO - ?? BrowserManager singleton initialized with health management
2026-03-08 15:43:53,716 - utils.browser_manager - INFO - ?? Connecting to existing Chrome debug instance on port 9222
2026-03-08 15:43:53,716 - utils.browser_manager - INFO - ?? Per troubleshooting docs: Using existing Chrome debug only
2026-03-08 15:43:55,997 - utils.browser_manager - INFO - ? Chrome debug accessible on IPv4: Chrome/145.0.7632.160
2026-03-08 15:43:55,997 - utils.browser_manager - INFO - ?? Connecting to existing Chrome debug instance...
2026-03-08 15:43:58,026 - utils.browser_manager - INFO - ?? Using endpoint: http://localhost:9222
2026-03-08 15:43:58,533 - utils.browser_manager - INFO - ? Successfully connected to existing Chrome debug instance
2026-03-08 15:43:58,533 - utils.browser_manager - INFO - ?? Using existing context with 1 pages
2026-03-08 15:43:58,533 - utils.browser_manager - INFO - ?? Connected to existing Chrome: 145.0.7632.160
2026-03-08 15:43:58,533 - tools.amazon_playwright_extractor - INFO - \u2705 FixedAmazonExtractor connected via BrowserManager singleton
2026-03-08 15:43:58,534 - utils.browser_manager - INFO - ?? Reusing existing Chrome connection (port 9222)
2026-03-08 15:43:58,534 - utils.browser_manager - INFO - ?? Reusing existing page in persistent context.
2026-03-08 15:43:58,544 [INFO] WindowsSaveGuardian: ? ATOMIC SAVE: poundwholesale_co_uk__sandbox__5bf5ac4d_processing_state.json (27 entries) saved successfully
2026-03-08 15:43:58,544 - windows_save_guardian - INFO - ? ATOMIC SAVE: poundwholesale_co_uk__sandbox__5bf5ac4d_processing_state.json (27 entries) saved successfully
2026-03-08 15:43:58,545 - utils.fixed_enhanced_state_manager - INFO -  ATOMIC SAVE
2026-03-08 15:43:58,550 [INFO] WindowsSaveGuardian: ? ATOMIC SAVE: poundwholesale_co_uk__sandbox__5bf5ac4d_processing_state.json (27 entries) saved successfully
2026-03-08 15:43:58,550 - windows_save_guardian - INFO - ? ATOMIC SAVE: poundwholesale_co_uk__sandbox__5bf5ac4d_processing_state.json (27 entries) saved successfully
2026-03-08 15:43:58,551 - utils.fixed_enhanced_state_manager - INFO -  ATOMIC SAVE
2026-03-08 15:43:58,551 - tools.amazon_playwright_extractor - INFO - Searching Amazon by EAN: 5053249256085 for supplier product: 'Pets Play Tennis Balls Dog Toys 2 Pack' (FixedAmazonExtractor)
2026-03-08 15:43:58,552 - tools.amazon_playwright_extractor - INFO - Navigating to Amazon UK to search for EAN: 5053249256085
2026-03-08 15:44:07,405 - tools.amazon_playwright_extractor - INFO - Waiting for search results page to load for EAN 5053249256085...
2026-03-08 15:44:07,808 - tools.amazon_playwright_extractor - INFO - Found search results container with selector: div.s-search-results
2026-03-08 15:44:08,965 - tools.amazon_playwright_extractor - INFO - Found 7 search result elements using selector: div[data-component-type='s-search-result']
2026-03-08 15:44:08,965 - tools.amazon_playwright_extractor - INFO - Processing 7 search result elements for EAN 5053249256085
2026-03-08 15:44:09,646 - tools.amazon_playwright_extractor - INFO - \U0001f4ca SPONSORED FILTERING RESULTS: 0 organic products, 7 sponsored products filtered out
2026-03-08 15:44:09,647 - tools.amazon_playwright_extractor - WARNING - EAN 5053249256085 returned no organic results - skipping
2026-03-08 15:44:09,647 - tools.amazon_playwright_extractor - WARNING - No Amazon results or error for EAN '5053249256085'. Details: no_organic_results
2026-03-08 15:44:09,647 - tools.amazon_playwright_extractor - INFO - Falling back to title search for supplier product: 'Pets Play Tennis Balls Dog Toys 2 Pack'
2026-03-08 15:44:09,647 - tools.amazon_playwright_extractor - INFO - Searching Amazon by title using search bar: 'Pets Play Tennis Balls Dog Toys 2 Pack'
2026-03-08 15:44:09,647 - tools.amazon_playwright_extractor - INFO - Navigating to Amazon UK to search for title: Pets Play Tennis Balls Dog Toys 2 Pack
2026-03-08 15:44:17,459 - tools.amazon_playwright_extractor - INFO - Title search found 71 elements using selector: div.s-search-results > div[data-asin]
2026-03-08 15:44:18,925 - tools.amazon_playwright_extractor - WARNING - ASIN extraction failed: All 4 fallbacks exhausted
2026-03-08 15:44:19,295 - tools.amazon_playwright_extractor - INFO - \u2705 Title search: Selected first visible organic product - ASIN B007A1MG9A
2026-03-08 15:44:19,295 - tools.amazon_playwright_extractor - INFO - \U0001f3af ASIN EXTRACTION SUCCESS: Found 1 ASINs for title search: 'Pets Play Tennis Balls Dog Toys 2 Pack'
2026-03-08 15:44:19,295 - tools.amazon_playwright_extractor - INFO - Title search successful for 'Pets Play Tennis Balls Dog Toys 2 Pack' after EAN '5053249256085' failed
2026-03-08 15:44:19,295 - tools.amazon_playwright_extractor - INFO - Extracting complete data for fallback ASIN B007A1MG9A from title search
2026-03-08 15:44:19,295 - tools.amazon_playwright_extractor - WARNING - No page object provided to extract_data for ASIN B007A1MG9A. Getting a new one from BrowserManager.
2026-03-08 15:44:19,296 - tools.amazon_playwright_extractor - INFO - Reusing existing page: https://www.amazon.co.uk/s?k=Pets+Play+Tennis+Balls+Dog+Toys+2+Pack&ref=nb_sb_noss
2026-03-08 15:44:22,662 - tools.amazon_playwright_extractor - INFO - Checking for cookie consent pop-up...
2026-03-08 15:44:25,437 - tools.amazon_playwright_extractor - INFO - Finished checking for cookie consent pop-ups. If one was present and not handled, it might interfere.
2026-03-08 15:44:26,443 - tools.amazon_playwright_extractor - INFO - Checking for CAPTCHA...
2026-03-08 15:44:29,462 - tools.amazon_playwright_extractor - INFO - No CAPTCHA page detected by form selector.
2026-03-08 15:44:29,462 - tools.amazon_playwright_extractor - INFO - Checking for cookie consent pop-up...
2026-03-08 15:44:29,573 - tools.amazon_playwright_extractor - INFO - Finished checking for cookie consent pop-ups. If one was present and not handled, it might interfere.
2026-03-08 15:44:29,573 - tools.amazon_playwright_extractor - INFO - Page should be ready. Waiting 5s for stabilization...
2026-03-08 15:44:34,586 - tools.amazon_playwright_extractor - INFO - Waiting an additional 7s for extensions (Keepa, SellerAmp)...
