2026-03-12 21:56:47,147 - __main__ - WARNING - Ignoring supplier identity from products file; job sandbox is authoritative. job=poundwholesale.co.uk__sandbox__5e4e5656 file=poundwholesale.co.uk
2026-03-12 21:56:47,148 - tools.amazon_playwright_extractor - WARNING - ?? BrowserCircuitBreaker not available - health management disabled
2026-03-12 21:56:47,148 - tools.amazon_playwright_extractor - INFO - AI features disabled in amazon_playwright_extractor - using only traditional selectors.
2026-03-12 21:56:47,148 - tools.amazon_playwright_extractor - INFO - Output directory set to: C:\Users\chris\Desktop\Amazon-FBA-Agent-System-v32 - latest good - Copy (8) - Copy - Copy - POSTLONGRUNPREKIRO2 beforecompletion-\OUTPUTS\CACHE\amazon_data
2026-03-12 21:56:47,148 - tools.amazon_playwright_extractor - WARNING - ?? BrowserManager not available, using legacy browser connection
2026-03-12 21:56:47,149 - tools.amazon_playwright_extractor - INFO - \U0001f527 FixedAmazonExtractor connecting via BrowserManager singleton
2026-03-12 21:56:47,150 - utils.browser_circuit_breaker - INFO - BrowserCircuitBreaker initialized: threshold=3, timeout=300s
2026-03-12 21:56:47,150 - utils.browser_manager - INFO - ?? BrowserManager singleton initialized with health management
2026-03-12 21:56:47,712 - utils.browser_manager - INFO - ?? Connecting to existing Chrome debug instance on port 9222
2026-03-12 21:56:47,712 - utils.browser_manager - INFO - ?? Per troubleshooting docs: Using existing Chrome debug only
2026-03-12 21:56:50,035 - utils.browser_manager - INFO - ? Chrome debug accessible on IPv4: Chrome/145.0.7632.160
2026-03-12 21:56:50,035 - utils.browser_manager - INFO - ?? Connecting to existing Chrome debug instance...
2026-03-12 21:56:52,045 - utils.browser_manager - INFO - ?? Using endpoint: http://localhost:9222
2026-03-12 21:56:52,532 - utils.browser_manager - INFO - ? Successfully connected to existing Chrome debug instance
2026-03-12 21:56:52,532 - utils.browser_manager - INFO - ?? Using existing context with 1 pages
2026-03-12 21:56:52,532 - utils.browser_manager - INFO - ?? Connected to existing Chrome: 145.0.7632.160
2026-03-12 21:56:52,532 - tools.amazon_playwright_extractor - INFO - \u2705 FixedAmazonExtractor connected via BrowserManager singleton
2026-03-12 21:56:52,533 - utils.browser_manager - INFO - ?? Reusing existing Chrome connection (port 9222)
2026-03-12 21:56:52,533 - utils.browser_manager - INFO - ?? Reusing existing page in persistent context.
2026-03-12 21:56:52,544 [INFO] WindowsSaveGuardian: ? ATOMIC SAVE: poundwholesale_co_uk__sandbox__5e4e5656_processing_state.json (27 entries) saved successfully
2026-03-12 21:56:52,544 - windows_save_guardian - INFO - ? ATOMIC SAVE: poundwholesale_co_uk__sandbox__5e4e5656_processing_state.json (27 entries) saved successfully
2026-03-12 21:56:52,545 - utils.fixed_enhanced_state_manager - INFO -  ATOMIC SAVE
2026-03-12 21:56:52,550 [INFO] WindowsSaveGuardian: ? ATOMIC SAVE: poundwholesale_co_uk__sandbox__5e4e5656_processing_state.json (27 entries) saved successfully
2026-03-12 21:56:52,550 - windows_save_guardian - INFO - ? ATOMIC SAVE: poundwholesale_co_uk__sandbox__5e4e5656_processing_state.json (27 entries) saved successfully
2026-03-12 21:56:52,551 - utils.fixed_enhanced_state_manager - INFO -  ATOMIC SAVE
2026-03-12 21:56:52,551 - tools.amazon_playwright_extractor - INFO - Searching Amazon by EAN: 5055566993414 for supplier product: 'Keep It Candy Pink 'N' White Strawberry & Vanilla Marshmallows 250g' (FixedAmazonExtractor)
2026-03-12 21:56:52,551 - tools.amazon_playwright_extractor - INFO - Navigating to Amazon UK to search for EAN: 5055566993414
2026-03-12 21:56:58,676 - tools.amazon_playwright_extractor - INFO - Waiting for search results page to load for EAN 5055566993414...
2026-03-12 21:56:58,924 - tools.amazon_playwright_extractor - INFO - Found search results container with selector: div.s-search-results
2026-03-12 21:56:59,768 - tools.amazon_playwright_extractor - INFO - Found 12 search result elements using selector: div[data-component-type='s-search-result']
2026-03-12 21:56:59,769 - tools.amazon_playwright_extractor - INFO - Processing 12 search result elements for EAN 5055566993414
2026-03-12 21:57:00,207 - tools.amazon_playwright_extractor - INFO - \U0001f4ca SPONSORED FILTERING RESULTS: 0 organic products, 12 sponsored products filtered out
2026-03-12 21:57:00,207 - tools.amazon_playwright_extractor - WARNING - EAN 5055566993414 returned no organic results - skipping
2026-03-12 21:57:00,207 - tools.amazon_playwright_extractor - WARNING - No Amazon results or error for EAN '5055566993414'. Details: no_organic_results
2026-03-12 21:57:00,207 - tools.amazon_playwright_extractor - INFO - Falling back to title search for supplier product: 'Keep It Candy Pink 'N' White Strawberry & Vanilla Marshmallows 250g'
2026-03-12 21:57:00,207 - tools.amazon_playwright_extractor - INFO - Searching Amazon by title using search bar: 'Keep It Candy Pink 'N' White Strawberry & Vanilla Marshmallows 250g'
2026-03-12 21:57:00,207 - tools.amazon_playwright_extractor - INFO - Navigating to Amazon UK to search for title: Keep It Candy Pink 'N' White Strawberry & Vanilla Marshmallows 250g
2026-03-12 21:57:06,837 - tools.amazon_playwright_extractor - INFO - Title search found 16 elements using selector: div.s-search-results > div[data-asin]
2026-03-12 21:57:06,992 - tools.amazon_playwright_extractor - WARNING - ASIN extraction failed: All 4 fallbacks exhausted
2026-03-12 21:57:07,282 - tools.amazon_playwright_extractor - INFO - \u2705 Title search: Selected first visible organic product - ASIN B0F43LLHH2
2026-03-12 21:57:07,283 - tools.amazon_playwright_extractor - INFO - \U0001f3af ASIN EXTRACTION SUCCESS: Found 1 ASINs for title search: 'Keep It Candy Pink 'N' White Strawberry & Vanilla Marshmallows 250g'
2026-03-12 21:57:07,283 - tools.amazon_playwright_extractor - INFO - Title search successful for 'Keep It Candy Pink 'N' White Strawberry & Vanilla Marshmallows 250g' after EAN '5055566993414' failed
2026-03-12 21:57:07,283 - tools.amazon_playwright_extractor - INFO - Extracting complete data for fallback ASIN B0F43LLHH2 from title search
2026-03-12 21:57:07,283 - tools.amazon_playwright_extractor - WARNING - No page object provided to extract_data for ASIN B0F43LLHH2. Getting a new one from BrowserManager.
2026-03-12 21:57:07,283 - tools.amazon_playwright_extractor - INFO - Reusing existing page: https://www.amazon.co.uk/s?k=Keep+It+Candy+Pink+%27N%27+White+Strawberry+%26+Vanilla+Marshmallows+250g&ref=nb_sb_noss
2026-03-12 21:57:09,787 - tools.amazon_playwright_extractor - INFO - Checking for cookie consent pop-up...
2026-03-12 21:57:14,701 - tools.amazon_playwright_extractor - INFO - Finished checking for cookie consent pop-ups. If one was present and not handled, it might interfere.
2026-03-12 21:57:15,702 - tools.amazon_playwright_extractor - INFO - Checking for CAPTCHA...
2026-03-12 21:57:18,710 - tools.amazon_playwright_extractor - INFO - No CAPTCHA page detected by form selector.
2026-03-12 21:57:18,711 - tools.amazon_playwright_extractor - INFO - Checking for cookie consent pop-up...
2026-03-12 21:57:18,806 - tools.amazon_playwright_extractor - INFO - Finished checking for cookie consent pop-ups. If one was present and not handled, it might interfere.
2026-03-12 21:57:18,806 - tools.amazon_playwright_extractor - INFO - Page should be ready. Waiting 5s for stabilization...
2026-03-12 21:57:23,807 - tools.amazon_playwright_extractor - INFO - Waiting an additional 7s for extensions (Keepa, SellerAmp)...
2026-03-12 21:57:30,807 - tools.amazon_playwright_extractor - INFO - Extracting all product data for ASIN: B0F43LLHH2
2026-03-12 21:57:30,808 - tools.amazon_playwright_extractor - INFO - Extracting basic product information (Title, Price, Images, Amazon Details)...
2026-03-12 21:57:30,857 - tools.amazon_playwright_extractor - INFO - Title found: 'SoSweet Marshmallow Pink & White – 12 x 140g Bags of Soft, Fluffy Vanilla and Strawberry-Flavoured Marshmallows | Great for Snacking, Baking & Desserts | Classic Sweet Treats' via #productTitle
2026-03-12 21:57:30,857 - tools.amazon_playwright_extractor - INFO - Extracting price details...
2026-03-12 21:57:30,910 - tools.amazon_playwright_extractor - INFO - Current price: 13.0 via #corePrice_feature_div .a-offscreen
2026-03-12 21:57:30,974 - tools.amazon_playwright_extractor - INFO - Original price: 15.0 via .basisPrice span.a-text-price span.a-offscreen
2026-03-12 21:57:31,110 - tools.amazon_playwright_extractor - INFO - Extracting image URLs...
2026-03-12 21:57:31,158 - tools.amazon_playwright_extractor - INFO - Main image: https://m.media-amazon.com/images/I/717w6s+gV-L._AC_SL1500_.jpg via #landingImage
2026-03-12 21:57:31,240 - tools.amazon_playwright_extractor - INFO - Found 4 thumbnails.
2026-03-12 21:57:31,246 - tools.amazon_playwright_extractor - INFO - Extracting Amazon product details section...
2026-03-12 21:57:32,100 - tools.amazon_playwright_extractor - INFO - Extracting sales rank information...
2026-03-12 21:57:32,322 - tools.amazon_playwright_extractor - INFO - Extracting ratings and reviews...
2026-03-12 21:57:32,353 - tools.amazon_playwright_extractor - INFO - Rating: 4.0 via #acrPopover[title*='out of 5 stars']
2026-03-12 21:57:32,380 - tools.amazon_playwright_extractor - INFO - Review count: 1 via #acrCustomerReviewText
2026-03-12 21:57:32,380 - tools.amazon_playwright_extractor - INFO - Extracting stock information...
2026-03-12 21:57:32,436 - tools.amazon_playwright_extractor - INFO - Availability text: 'Only 7 left in stock (more on the way).' via #availability span.a-color-price
2026-03-12 21:57:32,436 - tools.amazon_playwright_extractor - INFO - Extracting features/bullets...
2026-03-12 21:57:32,786 - tools.amazon_playwright_extractor - INFO - Found 5 features.
2026-03-12 21:57:32,786 - tools.amazon_playwright_extractor - INFO - Extracting product description...
2026-03-12 21:57:32,822 - tools.amazon_playwright_extractor - INFO - Description found using selector: #productDescription
2026-03-12 21:57:32,822 - tools.amazon_playwright_extractor - INFO - Extracting product specifications table...
2026-03-12 21:57:32,918 - tools.amazon_playwright_extractor - INFO - Extracting SellerAmp data (if present)...
2026-03-12 21:57:32,918 - tools.amazon_playwright_extractor - INFO - SellerAmp data extraction is currently disabled as per requirements (Fix 2.3).
2026-03-12 21:57:32,918 - tools.amazon_playwright_extractor - INFO - Extracting Keepa data (if present)...
2026-03-12 21:57:32,918 - tools.amazon_playwright_extractor - INFO - Attempting to extract Keepa data...
