2026-02-14 22:48:26,996 - __main__ - WARNING - Ignoring supplier identity from products file; job sandbox is authoritative. job=angelwholesale.co.uk__sandbox__61d750eb file=angelwholesale.co.uk
2026-02-14 22:48:26,996 - tools.amazon_playwright_extractor - WARNING - ?? BrowserCircuitBreaker not available - health management disabled
2026-02-14 22:48:26,996 - tools.amazon_playwright_extractor - INFO - AI features disabled in amazon_playwright_extractor - using only traditional selectors.
2026-02-14 22:48:26,997 - tools.amazon_playwright_extractor - INFO - Output directory set to: C:\Users\chris\Desktop\Amazon-FBA-Agent-System-v32 - latest good - Copy (8) - Copy - Copy - POSTLONGRUNPREKIRO2 beforecompletion-\OUTPUTS\CACHE\amazon_data
2026-02-14 22:48:26,998 - tools.amazon_playwright_extractor - WARNING - ?? BrowserManager not available, using legacy browser connection
2026-02-14 22:48:26,999 - tools.amazon_playwright_extractor - INFO - \U0001f527 FixedAmazonExtractor connecting via BrowserManager singleton
2026-02-14 22:48:26,999 - utils.browser_circuit_breaker - INFO - BrowserCircuitBreaker initialized: threshold=3, timeout=300s
2026-02-14 22:48:26,999 - utils.browser_manager - INFO - ?? BrowserManager singleton initialized with health management
2026-02-14 22:48:27,475 - utils.browser_manager - INFO - ?? Connecting to existing Chrome debug instance on port 9222
2026-02-14 22:48:27,475 - utils.browser_manager - INFO - ?? Per troubleshooting docs: Using existing Chrome debug only
2026-02-14 22:48:29,697 - utils.browser_manager - INFO - ? Chrome debug accessible on IPv4: Chrome/144.0.7559.133
2026-02-14 22:48:29,698 - utils.browser_manager - INFO - ?? Connecting to existing Chrome debug instance...
2026-02-14 22:48:31,721 - utils.browser_manager - INFO - ?? Using endpoint: http://localhost:9222
2026-02-14 22:48:31,966 - utils.browser_manager - INFO - ? Successfully connected to existing Chrome debug instance
2026-02-14 22:48:31,967 - utils.browser_manager - INFO - ?? Using existing context with 2 pages
2026-02-14 22:48:31,967 - utils.browser_manager - INFO - ?? Connected to existing Chrome: 144.0.7559.133
2026-02-14 22:48:31,967 - tools.amazon_playwright_extractor - INFO - \u2705 FixedAmazonExtractor connected via BrowserManager singleton
2026-02-14 22:48:31,967 - utils.browser_manager - INFO - ?? Reusing existing Chrome connection (port 9222)
2026-02-14 22:48:31,967 - utils.browser_manager - INFO - ?? Reusing existing page in persistent context.
2026-02-14 22:48:31,973 [INFO] WindowsSaveGuardian: ? ATOMIC SAVE: angelwholesale_co_uk__sandbox__61d750eb_processing_state.json (27 entries) saved successfully
2026-02-14 22:48:31,973 - windows_save_guardian - INFO - ? ATOMIC SAVE: angelwholesale_co_uk__sandbox__61d750eb_processing_state.json (27 entries) saved successfully
2026-02-14 22:48:31,974 - utils.fixed_enhanced_state_manager - INFO -  ATOMIC SAVE
2026-02-14 22:48:31,977 [INFO] WindowsSaveGuardian: ? ATOMIC SAVE: angelwholesale_co_uk__sandbox__61d750eb_processing_state.json (27 entries) saved successfully
2026-02-14 22:48:31,977 - windows_save_guardian - INFO - ? ATOMIC SAVE: angelwholesale_co_uk__sandbox__61d750eb_processing_state.json (27 entries) saved successfully
2026-02-14 22:48:31,977 - utils.fixed_enhanced_state_manager - INFO -  ATOMIC SAVE
2026-02-14 22:48:31,977 - tools.amazon_playwright_extractor - INFO - Searching Amazon by EAN: 5012866069058 for supplier product: '3pcs Mosaic Vehicles  by AtoZ Toys' (FixedAmazonExtractor)
2026-02-14 22:48:31,977 - tools.amazon_playwright_extractor - INFO - Navigating to Amazon UK to search for EAN: 5012866069058
2026-02-14 22:48:37,951 - tools.amazon_playwright_extractor - INFO - Waiting for search results page to load for EAN 5012866069058...
2026-02-14 22:48:38,095 - tools.amazon_playwright_extractor - INFO - Found search results container with selector: div.s-search-results
2026-02-14 22:48:38,773 - tools.amazon_playwright_extractor - INFO - Found 4 search result elements using selector: div[data-component-type='s-search-result']
2026-02-14 22:48:38,773 - tools.amazon_playwright_extractor - INFO - Processing 4 search result elements for EAN 5012866069058
2026-02-14 22:48:38,900 - tools.amazon_playwright_extractor - INFO - Found organic result: ASIN B0DFDP7JSJ - 2 Pieces Washing Machine Dispenser Lift with Original Code 6...
2026-02-14 22:48:39,010 - tools.amazon_playwright_extractor - INFO - Found organic result: ASIN B0B9SNKZF3 - Tumble Dryer White Door Handle for Bosch Siemens Neff Constr...
2026-02-14 22:48:39,145 - tools.amazon_playwright_extractor - INFO - Found organic result: ASIN B0D45BF6NC - MIRTUX Bosch Balay Siemens Tumble Dryer Door Lock Genuine Co...
2026-02-14 22:48:39,266 - tools.amazon_playwright_extractor - INFO - Found organic result: ASIN B0GCPR99GT - Rear View Backup Parking Camera 95760-1P510 for Kia Venga 20...
2026-02-14 22:48:39,266 - tools.amazon_playwright_extractor - INFO - \U0001f4ca SPONSORED FILTERING RESULTS: 4 organic products, 0 sponsored products filtered out
2026-02-14 22:48:39,266 - tools.amazon_playwright_extractor - INFO - \u2705 EAN SEARCH: Selected first organic result - ASIN B0DFDP7JSJ
2026-02-14 22:48:39,266 - tools.amazon_playwright_extractor - INFO -    Trusting Amazon's search relevance for EAN 5012866069058
2026-02-14 22:48:39,267 - tools.amazon_playwright_extractor - INFO -    EAN will be extracted by Keepa during full product data extraction
2026-02-14 22:48:39,267 - tools.amazon_playwright_extractor - INFO - Single ASIN B0DFDP7JSJ found for EAN 5012866069058.
2026-02-14 22:48:39,267 - tools.amazon_playwright_extractor - INFO - Proceeding with ASIN: B0DFDP7JSJ for EAN: 5012866069058
2026-02-14 22:48:39,267 - tools.amazon_playwright_extractor - WARNING - No page object provided to extract_data for ASIN B0DFDP7JSJ. Getting a new one from BrowserManager.
2026-02-14 22:48:39,267 - tools.amazon_playwright_extractor - INFO - Reusing existing page: https://www.amazon.co.uk/s?k=5012866069058&crid=33TP489ZW9WU4&sprefix=5012866069058%2Caps%2C202&ref=nb_sb_noss
2026-02-14 22:48:41,470 - tools.amazon_playwright_extractor - INFO - Checking for cookie consent pop-up...
2026-02-14 22:48:42,011 - tools.amazon_playwright_extractor - INFO - Finished checking for cookie consent pop-ups. If one was present and not handled, it might interfere.
2026-02-14 22:48:43,012 - tools.amazon_playwright_extractor - INFO - Checking for CAPTCHA...
2026-02-14 22:48:46,034 - tools.amazon_playwright_extractor - INFO - No CAPTCHA page detected by form selector.
2026-02-14 22:48:46,034 - tools.amazon_playwright_extractor - INFO - Checking for cookie consent pop-up...
2026-02-14 22:48:46,101 - tools.amazon_playwright_extractor - INFO - Finished checking for cookie consent pop-ups. If one was present and not handled, it might interfere.
2026-02-14 22:48:46,101 - tools.amazon_playwright_extractor - INFO - Page should be ready. Waiting 5s for stabilization...
2026-02-14 22:48:51,116 - tools.amazon_playwright_extractor - INFO - Waiting an additional 7s for extensions (Keepa, SellerAmp)...
2026-02-14 22:48:58,130 - tools.amazon_playwright_extractor - INFO - Extracting all product data for ASIN: B0DFDP7JSJ
2026-02-14 22:48:58,130 - tools.amazon_playwright_extractor - INFO - Extracting basic product information (Title, Price, Images, Amazon Details)...
2026-02-14 22:48:58,136 - tools.amazon_playwright_extractor - WARNING - Error extracting title: Page.query_selector: Target page, context or browser has been closed
2026-02-14 22:48:58,136 - tools.amazon_playwright_extractor - INFO - Extracting price details...
2026-02-14 22:48:58,143 - tools.amazon_playwright_extractor - WARNING - Error extracting price details: Page.query_selector: Target page, context or browser has been closed
2026-02-14 22:48:58,143 - tools.amazon_playwright_extractor - INFO - Extracting image URLs...
2026-02-14 22:48:58,150 - tools.amazon_playwright_extractor - WARNING - Error extracting images: Page.query_selector: Target page, context or browser has been closed
2026-02-14 22:48:58,150 - tools.amazon_playwright_extractor - INFO - Extracting Amazon product details section...
2026-02-14 22:48:58,160 - tools.amazon_playwright_extractor - WARNING - Error extracting Amazon product details section: Page.query_selector_all: Target page, context or browser has been closed
2026-02-14 22:48:58,167 - tools.amazon_playwright_extractor - WARNING - Error extracting prime/fba/seller info: Page.query_selector: Target page, context or browser has been closed
2026-02-14 22:48:58,167 - tools.amazon_playwright_extractor - INFO - Extracting sales rank information...
2026-02-14 22:48:58,175 - tools.amazon_playwright_extractor - WARNING - Error extracting sales rank: Page.query_selector: Target page, context or browser has been closed
2026-02-14 22:48:58,175 - tools.amazon_playwright_extractor - INFO - Extracting ratings and reviews...
2026-02-14 22:48:58,183 - tools.amazon_playwright_extractor - WARNING - Error extracting ratings/reviews: Page.query_selector: Target page, context or browser has been closed
2026-02-14 22:48:58,183 - tools.amazon_playwright_extractor - INFO - Extracting stock information...
2026-02-14 22:48:58,189 - tools.amazon_playwright_extractor - WARNING - Error extracting stock info: Page.query_selector: Target page, context or browser has been closed
2026-02-14 22:48:58,189 - tools.amazon_playwright_extractor - INFO - Extracting features/bullets...
2026-02-14 22:48:58,195 - tools.amazon_playwright_extractor - WARNING - Error extracting features: Page.query_selector_all: Target page, context or browser has been closed
2026-02-14 22:48:58,195 - tools.amazon_playwright_extractor - INFO - Extracting product description...
2026-02-14 22:48:58,200 - tools.amazon_playwright_extractor - WARNING - Error extracting description: Page.query_selector: Target page, context or browser has been closed
2026-02-14 22:48:58,201 - tools.amazon_playwright_extractor - INFO - Extracting product specifications table...
2026-02-14 22:48:58,207 - tools.amazon_playwright_extractor - WARNING - Error extracting specifications: Page.query_selector: Target page, context or browser has been closed
2026-02-14 22:48:58,207 - tools.amazon_playwright_extractor - INFO - Extracting SellerAmp data (if present)...
2026-02-14 22:48:58,207 - tools.amazon_playwright_extractor - INFO - SellerAmp data extraction is currently disabled as per requirements (Fix 2.3).
2026-02-14 22:48:58,208 - tools.amazon_playwright_extractor - INFO - Extracting Keepa data (if present)...
2026-02-14 22:48:58,208 - tools.amazon_playwright_extractor - INFO - Attempting to extract Keepa data...
2026-02-14 22:48:58,234 - tools.amazon_playwright_extractor - WARNING - Responsive Keepa iframe not located after checking all selectors.
2026-02-14 22:48:58,234 - tools.amazon_playwright_extractor - INFO - ASIN B0DFDP7JSJ: BSR not found or invalid from page. Attempting fallback from Keepa.
2026-02-14 22:48:58,234 - tools.amazon_playwright_extractor - WARNING - ASIN B0DFDP7JSJ: Could not find BSR in any Keepa data source.
2026-02-14 22:48:58,234 - tools.amazon_playwright_extractor - INFO - \u2705 Recorded search method 'EAN' for ASIN B0DFDP7JSJ
2026-02-14 22:48:58,239 [INFO] WindowsSaveGuardian: ? ATOMIC SAVE: amazon_B0DFDP7JSJ_5012866069058.json (7 entries) saved successfully
2026-02-14 22:48:58,239 - windows_save_guardian - INFO - ? ATOMIC SAVE: amazon_B0DFDP7JSJ_5012866069058.json (7 entries) saved successfully
2026-02-14 22:48:58,244 [INFO] WindowsSaveGuardian: ? ATOMIC SAVE: linking_map.json (1 entries) saved successfully
2026-02-14 22:48:58,244 - windows_save_guardian - INFO - ? ATOMIC SAVE: linking_map.json (1 entries) saved successfully
2026-02-14 22:48:58,245 - __main__ - INFO - Linking map periodic flush: 1 entries
2026-02-14 22:48:58,249 [INFO] WindowsSaveGuardian: ? ATOMIC SAVE: angelwholesale_co_uk__sandbox__61d750eb_processing_state.json (27 entries) saved successfully
2026-02-14 22:48:58,249 - windows_save_guardian - INFO - ? ATOMIC SAVE: angelwholesale_co_uk__sandbox__61d750eb_processing_state.json (27 entries) saved successfully
2026-02-14 22:48:58,250 - utils.fixed_enhanced_state_manager - INFO -  ATOMIC SAVE
2026-02-14 22:48:58,250 - tools.amazon_playwright_extractor - INFO - Searching Amazon by EAN: 5012866625032 for supplier product: 'Abc Train Set Med  by AtoZ Toys' (FixedAmazonExtractor)
2026-02-14 22:48:58,250 - tools.amazon_playwright_extractor - INFO - Navigating to Amazon UK to search for EAN: 5012866625032
2026-02-14 22:48:58,254 - tools.amazon_playwright_extractor - ERROR - Error during EAN search for 5012866625032: Page.goto: Target page, context or browser has been closed
2026-02-14 22:48:58,255 - tools.amazon_playwright_extractor - WARNING - No Amazon results or error for EAN '5012866625032'. Details: Search error for EAN 5012866625032: Page.goto: Target page, context or browser has been closed
2026-02-14 22:48:58,255 - tools.amazon_playwright_extractor - INFO - Falling back to title search for supplier product: 'Abc Train Set Med  by AtoZ Toys'
2026-02-14 22:48:58,255 - tools.amazon_playwright_extractor - INFO - Searching Amazon by title using search bar: 'Abc Train Set Med  by AtoZ Toys'
2026-02-14 22:48:58,255 - tools.amazon_playwright_extractor - INFO - Navigating to Amazon UK to search for title: Abc Train Set Med  by AtoZ Toys
2026-02-14 22:48:58,259 - tools.amazon_playwright_extractor - ERROR - Error during title search for 'Abc Train Set Med  by AtoZ Toys': Page.goto: Target page, context or browser has been closed
2026-02-14 22:48:58,259 - tools.amazon_playwright_extractor - WARNING - Both EAN '5012866625032' and title 'Abc Train Set Med  by AtoZ Toys' searches failed
2026-02-14 22:48:58,264 [INFO] WindowsSaveGuardian: ? ATOMIC SAVE: linking_map.json (2 entries) saved successfully
2026-02-14 22:48:58,264 - windows_save_guardian - INFO - ? ATOMIC SAVE: linking_map.json (2 entries) saved successfully
2026-02-14 22:48:58,265 - __main__ - INFO - Linking map periodic flush: 2 entries
2026-02-14 22:48:58,272 [INFO] WindowsSaveGuardian: ? ATOMIC SAVE: angelwholesale_co_uk__sandbox__61d750eb_processing_state.json (27 entries) saved successfully
2026-02-14 22:48:58,272 - windows_save_guardian - INFO - ? ATOMIC SAVE: angelwholesale_co_uk__sandbox__61d750eb_processing_state.json (27 entries) saved successfully
2026-02-14 22:48:58,273 - utils.fixed_enhanced_state_manager - INFO -  ATOMIC SAVE
2026-02-14 22:48:58,279 [INFO] WindowsSaveGuardian: ? ATOMIC SAVE: angelwholesale_co_uk__sandbox__61d750eb_processing_state.json (27 entries) saved successfully
2026-02-14 22:48:58,279 - windows_save_guardian - INFO - ? ATOMIC SAVE: angelwholesale_co_uk__sandbox__61d750eb_processing_state.json (27 entries) saved successfully
2026-02-14 22:48:58,281 - utils.fixed_enhanced_state_manager - INFO -  ATOMIC SAVE
2026-02-14 22:48:58,281 - tools.amazon_playwright_extractor - INFO - Searching Amazon by EAN: 5055499001200 for supplier product: 'Muslinz 6pk Green Quality Muslin Squares 100% Cotton' (FixedAmazonExtractor)
2026-02-14 22:48:58,281 - tools.amazon_playwright_extractor - INFO - Navigating to Amazon UK to search for EAN: 5055499001200
2026-02-14 22:48:58,287 - tools.amazon_playwright_extractor - ERROR - Error during EAN search for 5055499001200: Page.goto: Target page, context or browser has been closed
2026-02-14 22:48:58,288 - tools.amazon_playwright_extractor - WARNING - No Amazon results or error for EAN '5055499001200'. Details: Search error for EAN 5055499001200: Page.goto: Target page, context or browser has been closed
2026-02-14 22:48:58,288 - tools.amazon_playwright_extractor - INFO - Falling back to title search for supplier product: 'Muslinz 6pk Green Quality Muslin Squares 100% Cotton'
2026-02-14 22:48:58,288 - tools.amazon_playwright_extractor - INFO - Searching Amazon by title using search bar: 'Muslinz 6pk Green Quality Muslin Squares 100% Cotton'
2026-02-14 22:48:58,288 - tools.amazon_playwright_extractor - INFO - Navigating to Amazon UK to search for title: Muslinz 6pk Green Quality Muslin Squares 100% Cotton
2026-02-14 22:48:58,293 - tools.amazon_playwright_extractor - ERROR - Error during title search for 'Muslinz 6pk Green Quality Muslin Squares 100% Cotton': Page.goto: Target page, context or browser has been closed
2026-02-14 22:48:58,293 - tools.amazon_playwright_extractor - WARNING - Both EAN '5055499001200' and title 'Muslinz 6pk Green Quality Muslin Squares 100% Cotton' searches failed
2026-02-14 22:48:58,298 [INFO] WindowsSaveGuardian: ? ATOMIC SAVE: linking_map.json (3 entries) saved successfully
2026-02-14 22:48:58,298 - windows_save_guardian - INFO - ? ATOMIC SAVE: linking_map.json (3 entries) saved successfully
2026-02-14 22:48:58,299 - __main__ - INFO - Linking map periodic flush: 3 entries
2026-02-14 22:48:58,303 [INFO] WindowsSaveGuardian: ? ATOMIC SAVE: angelwholesale_co_uk__sandbox__61d750eb_processing_state.json (27 entries) saved successfully
2026-02-14 22:48:58,303 - windows_save_guardian - INFO - ? ATOMIC SAVE: angelwholesale_co_uk__sandbox__61d750eb_processing_state.json (27 entries) saved successfully
2026-02-14 22:48:58,303 - utils.fixed_enhanced_state_manager - INFO -  ATOMIC SAVE
2026-02-14 22:48:58,303 - tools.amazon_playwright_extractor - INFO - Searching Amazon by EAN: 5015302105747 for supplier product: 'Silicone Teats Medium Flow 2 Pack by First Steps' (FixedAmazonExtractor)
2026-02-14 22:48:58,303 - tools.amazon_playwright_extractor - INFO - Navigating to Amazon UK to search for EAN: 5015302105747
2026-02-14 22:48:58,308 - tools.amazon_playwright_extractor - ERROR - Error during EAN search for 5015302105747: Page.goto: Target page, context or browser has been closed
2026-02-14 22:48:58,308 - tools.amazon_playwright_extractor - WARNING - No Amazon results or error for EAN '5015302105747'. Details: Search error for EAN 5015302105747: Page.goto: Target page, context or browser has been closed
2026-02-14 22:48:58,308 - tools.amazon_playwright_extractor - INFO - Falling back to title search for supplier product: 'Silicone Teats Medium Flow 2 Pack by First Steps'
2026-02-14 22:48:58,308 - tools.amazon_playwright_extractor - INFO - Searching Amazon by title using search bar: 'Silicone Teats Medium Flow 2 Pack by First Steps'
2026-02-14 22:48:58,308 - tools.amazon_playwright_extractor - INFO - Navigating to Amazon UK to search for title: Silicone Teats Medium Flow 2 Pack by First Steps
2026-02-14 22:48:58,312 - tools.amazon_playwright_extractor - ERROR - Error during title search for 'Silicone Teats Medium Flow 2 Pack by First Steps': Page.goto: Target page, context or browser has been closed
2026-02-14 22:48:58,312 - tools.amazon_playwright_extractor - WARNING - Both EAN '5015302105747' and title 'Silicone Teats Medium Flow 2 Pack by First Steps' searches failed
2026-02-14 22:48:58,318 [INFO] WindowsSaveGuardian: ? ATOMIC SAVE: linking_map.json (4 entries) saved successfully
2026-02-14 22:48:58,318 - windows_save_guardian - INFO - ? ATOMIC SAVE: linking_map.json (4 entries) saved successfully
2026-02-14 22:48:58,318 - __main__ - INFO - Linking map periodic flush: 4 entries
2026-02-14 22:48:58,323 [INFO] WindowsSaveGuardian: ? ATOMIC SAVE: angelwholesale_co_uk__sandbox__61d750eb_processing_state.json (27 entries) saved successfully
2026-02-14 22:48:58,323 - windows_save_guardian - INFO - ? ATOMIC SAVE: angelwholesale_co_uk__sandbox__61d750eb_processing_state.json (27 entries) saved successfully
2026-02-14 22:48:58,323 - utils.fixed_enhanced_state_manager - INFO -  ATOMIC SAVE
2026-02-14 22:48:58,327 [INFO] WindowsSaveGuardian: ? ATOMIC SAVE: angelwholesale_co_uk__sandbox__61d750eb_processing_state.json (27 entries) saved successfully
2026-02-14 22:48:58,327 - windows_save_guardian - INFO - ? ATOMIC SAVE: angelwholesale_co_uk__sandbox__61d750eb_processing_state.json (27 entries) saved successfully
2026-02-14 22:48:58,328 - utils.fixed_enhanced_state_manager - INFO -  ATOMIC SAVE
2026-02-14 22:48:58,335 [INFO] WindowsSaveGuardian: ? ATOMIC SAVE: linking_map.json (4 entries) saved successfully
2026-02-14 22:48:58,335 - windows_save_guardian - INFO - ? ATOMIC SAVE: linking_map.json (4 entries) saved successfully
2026-02-14 22:48:58,336 - __main__ - INFO - Product list refresh complete: 1/4 matched
2026-02-14 22:48:58,336 - utils.browser_manager - WARNING - Error during global cleanup: no running event loop
Exception ignored in: <function BaseSubprocessTransport.__del__ at 0x0000026F56414C20>
Traceback (most recent call last):
  File "C:\Python313\Lib\asyncio\base_subprocess.py", line 130, in __del__
  File "C:\Python313\Lib\asyncio\base_subprocess.py", line 107, in close
  File "C:\Python313\Lib\asyncio\proactor_events.py", line 109, in close
  File "C:\Python313\Lib\asyncio\base_events.py", line 827, in call_soon
  File "C:\Python313\Lib\asyncio\base_events.py", line 550, in _check_closed
RuntimeError: Event loop is closed
