2026-02-14 23:16:06,831 - __main__ - WARNING - Ignoring supplier identity from products file; job sandbox is authoritative. job=angelwholesale.co.uk__sandbox__6c12fdbd file=angelwholesale.co.uk
2026-02-14 23:16:06,831 - tools.amazon_playwright_extractor - WARNING - ?? BrowserCircuitBreaker not available - health management disabled
2026-02-14 23:16:06,831 - tools.amazon_playwright_extractor - INFO - AI features disabled in amazon_playwright_extractor - using only traditional selectors.
2026-02-14 23:16:06,831 - tools.amazon_playwright_extractor - INFO - Output directory set to: C:\Users\chris\Desktop\Amazon-FBA-Agent-System-v32 - latest good - Copy (8) - Copy - Copy - POSTLONGRUNPREKIRO2 beforecompletion-\OUTPUTS\CACHE\amazon_data
2026-02-14 23:16:06,835 - tools.amazon_playwright_extractor - WARNING - ?? BrowserManager not available, using legacy browser connection
2026-02-14 23:16:06,836 - tools.amazon_playwright_extractor - INFO - \U0001f527 FixedAmazonExtractor connecting via BrowserManager singleton
2026-02-14 23:16:06,836 - utils.browser_circuit_breaker - INFO - BrowserCircuitBreaker initialized: threshold=3, timeout=300s
2026-02-14 23:16:06,836 - utils.browser_manager - INFO - ?? BrowserManager singleton initialized with health management
2026-02-14 23:16:07,386 - utils.browser_manager - INFO - ?? Connecting to existing Chrome debug instance on port 9222
2026-02-14 23:16:07,386 - utils.browser_manager - INFO - ?? Per troubleshooting docs: Using existing Chrome debug only
2026-02-14 23:16:09,595 - utils.browser_manager - INFO - ? Chrome debug accessible on IPv4: Chrome/144.0.7559.133
2026-02-14 23:16:09,595 - utils.browser_manager - INFO - ?? Connecting to existing Chrome debug instance...
2026-02-14 23:16:11,627 - utils.browser_manager - INFO - ?? Using endpoint: http://localhost:9222
2026-02-14 23:16:11,907 - utils.browser_manager - INFO - ? Successfully connected to existing Chrome debug instance
2026-02-14 23:16:11,907 - utils.browser_manager - INFO - ?? Using existing context with 1 pages
2026-02-14 23:16:11,907 - utils.browser_manager - INFO - ?? Connected to existing Chrome: 144.0.7559.133
2026-02-14 23:16:11,907 - tools.amazon_playwright_extractor - INFO - \u2705 FixedAmazonExtractor connected via BrowserManager singleton
2026-02-14 23:16:11,907 - utils.browser_manager - INFO - ?? Reusing existing Chrome connection (port 9222)
2026-02-14 23:16:11,907 - utils.browser_manager - INFO - ?? Reusing existing page in persistent context.
2026-02-14 23:16:11,918 [INFO] WindowsSaveGuardian: ? ATOMIC SAVE: angelwholesale_co_uk__sandbox__6c12fdbd_processing_state.json (27 entries) saved successfully
2026-02-14 23:16:11,918 - windows_save_guardian - INFO - ? ATOMIC SAVE: angelwholesale_co_uk__sandbox__6c12fdbd_processing_state.json (27 entries) saved successfully
2026-02-14 23:16:11,919 - utils.fixed_enhanced_state_manager - INFO -  ATOMIC SAVE
2026-02-14 23:16:11,923 [INFO] WindowsSaveGuardian: ? ATOMIC SAVE: angelwholesale_co_uk__sandbox__6c12fdbd_processing_state.json (27 entries) saved successfully
2026-02-14 23:16:11,923 - windows_save_guardian - INFO - ? ATOMIC SAVE: angelwholesale_co_uk__sandbox__6c12fdbd_processing_state.json (27 entries) saved successfully
2026-02-14 23:16:11,924 - utils.fixed_enhanced_state_manager - INFO -  ATOMIC SAVE
2026-02-14 23:16:11,924 - tools.amazon_playwright_extractor - INFO - Searching Amazon by EAN: 5012866069058 for supplier product: '3pcs Mosaic Vehicles  by AtoZ Toys' (FixedAmazonExtractor)
2026-02-14 23:16:11,924 - tools.amazon_playwright_extractor - INFO - Navigating to Amazon UK to search for EAN: 5012866069058
2026-02-14 23:16:17,038 - tools.amazon_playwright_extractor - INFO - Waiting for search results page to load for EAN 5012866069058...
2026-02-14 23:16:17,115 - tools.amazon_playwright_extractor - INFO - Found search results container with selector: div.s-search-results
2026-02-14 23:16:17,791 - tools.amazon_playwright_extractor - INFO - Found 12 search result elements using selector: div[data-component-type='s-search-result']
2026-02-14 23:16:17,792 - tools.amazon_playwright_extractor - INFO - Processing 12 search result elements for EAN 5012866069058
2026-02-14 23:16:18,137 - tools.amazon_playwright_extractor - INFO - \U0001f4ca SPONSORED FILTERING RESULTS: 0 organic products, 12 sponsored products filtered out
2026-02-14 23:16:18,137 - tools.amazon_playwright_extractor - WARNING - EAN 5012866069058 returned no organic results - skipping
2026-02-14 23:16:18,137 - tools.amazon_playwright_extractor - WARNING - No Amazon results or error for EAN '5012866069058'. Details: no_organic_results
2026-02-14 23:16:18,137 - tools.amazon_playwright_extractor - INFO - Falling back to title search for supplier product: '3pcs Mosaic Vehicles  by AtoZ Toys'
2026-02-14 23:16:18,137 - tools.amazon_playwright_extractor - INFO - Searching Amazon by title using search bar: '3pcs Mosaic Vehicles  by AtoZ Toys'
2026-02-14 23:16:18,137 - tools.amazon_playwright_extractor - INFO - Navigating to Amazon UK to search for title: 3pcs Mosaic Vehicles  by AtoZ Toys
2026-02-14 23:16:22,172 - tools.amazon_playwright_extractor - INFO - Title search found 55 elements using selector: div.s-search-results > div[data-asin]
2026-02-14 23:16:22,266 - tools.amazon_playwright_extractor - WARNING - ASIN extraction failed: All 4 fallbacks exhausted
2026-02-14 23:16:22,500 - tools.amazon_playwright_extractor - INFO - \u2705 Title search: Selected first visible organic product - ASIN B0FDF3G22H
2026-02-14 23:16:22,501 - tools.amazon_playwright_extractor - INFO - \U0001f3af ASIN EXTRACTION SUCCESS: Found 1 ASINs for title search: '3pcs Mosaic Vehicles  by AtoZ Toys'
2026-02-14 23:16:22,501 - tools.amazon_playwright_extractor - INFO - Title search successful for '3pcs Mosaic Vehicles  by AtoZ Toys' after EAN '5012866069058' failed
2026-02-14 23:16:22,501 - tools.amazon_playwright_extractor - INFO - Extracting complete data for fallback ASIN B0FDF3G22H from title search
2026-02-14 23:16:22,501 - tools.amazon_playwright_extractor - WARNING - No page object provided to extract_data for ASIN B0FDF3G22H. Getting a new one from BrowserManager.
2026-02-14 23:16:22,501 - tools.amazon_playwright_extractor - INFO - Reusing existing page: https://www.amazon.co.uk/s?k=3pcs+Mosaic+Vehicles+by+AtoZ+Toys&ref=nb_sb_noss
2026-02-14 23:16:24,625 - tools.amazon_playwright_extractor - INFO - Checking for cookie consent pop-up...
2026-02-14 23:16:24,856 - tools.amazon_playwright_extractor - INFO - Finished checking for cookie consent pop-ups. If one was present and not handled, it might interfere.
2026-02-14 23:16:25,860 - tools.amazon_playwright_extractor - INFO - Checking for CAPTCHA...
2026-02-14 23:16:28,875 - tools.amazon_playwright_extractor - INFO - No CAPTCHA page detected by form selector.
2026-02-14 23:16:28,875 - tools.amazon_playwright_extractor - INFO - Checking for cookie consent pop-up...
2026-02-14 23:16:28,942 - tools.amazon_playwright_extractor - INFO - Finished checking for cookie consent pop-ups. If one was present and not handled, it might interfere.
2026-02-14 23:16:28,942 - tools.amazon_playwright_extractor - INFO - Page should be ready. Waiting 5s for stabilization...
2026-02-14 23:16:33,952 - tools.amazon_playwright_extractor - INFO - Waiting an additional 7s for extensions (Keepa, SellerAmp)...
2026-02-14 23:16:40,962 - tools.amazon_playwright_extractor - INFO - Extracting all product data for ASIN: B0FDF3G22H
2026-02-14 23:16:40,962 - tools.amazon_playwright_extractor - INFO - Extracting basic product information (Title, Price, Images, Amazon Details)...
2026-02-14 23:16:40,994 - tools.amazon_playwright_extractor - INFO - Title found: '8 Pcs 3D Mosaic Stickers Set Toy for Kids Adults,Fun DIY 3D Vehicles Theme Stickers with Tweezers,Sticky Crafts Activities Travel Toy for Aged 3 Years+ (Vehicles)' via #productTitle
2026-02-14 23:16:40,994 - tools.amazon_playwright_extractor - INFO - Extracting price details...
2026-02-14 23:16:41,018 - tools.amazon_playwright_extractor - INFO - Current price: 9.99 via #corePrice_feature_div .a-offscreen
2026-02-14 23:16:41,067 - tools.amazon_playwright_extractor - INFO - Original price: 14.99 via span.a-price.a-text-price[data-a-strike='true'] span.a-offscreen
2026-02-14 23:16:41,108 - tools.amazon_playwright_extractor - INFO - Extracting image URLs...
2026-02-14 23:16:41,144 - tools.amazon_playwright_extractor - INFO - Main image: https://m.media-amazon.com/images/I/61YfVUfUpiL._AC_SX679_.jpg via #landingImage
2026-02-14 23:16:41,222 - tools.amazon_playwright_extractor - INFO - Found 7 thumbnails.
2026-02-14 23:16:41,227 - tools.amazon_playwright_extractor - INFO - Extracting Amazon product details section...
2026-02-14 23:16:41,315 - tools.amazon_playwright_extractor - INFO - Extracting sales rank information...
2026-02-14 23:16:41,452 - tools.amazon_playwright_extractor - INFO - Extracting ratings and reviews...
2026-02-14 23:16:41,492 - tools.amazon_playwright_extractor - INFO - Rating: 3.9 via i[class*='a-icon-star'] span.a-icon-alt
2026-02-14 23:16:41,526 - tools.amazon_playwright_extractor - INFO - Extracting stock information...
2026-02-14 23:16:41,544 - tools.amazon_playwright_extractor - INFO - Availability text: 'In stock' via #availability span.a-size-medium.a-color-success
2026-02-14 23:16:41,544 - tools.amazon_playwright_extractor - INFO - Extracting features/bullets...
2026-02-14 23:16:41,844 - tools.amazon_playwright_extractor - INFO - Found 5 features.
2026-02-14 23:16:41,844 - tools.amazon_playwright_extractor - INFO - Extracting product description...
2026-02-14 23:16:41,922 - tools.amazon_playwright_extractor - INFO - Extracting product specifications table...
2026-02-14 23:16:42,198 - tools.amazon_playwright_extractor - INFO - Specifications table parsed using selector: table.a-keyvalue.prodDetTable
2026-02-14 23:16:42,198 - tools.amazon_playwright_extractor - INFO - Extracting SellerAmp data (if present)...
2026-02-14 23:16:42,198 - tools.amazon_playwright_extractor - INFO - SellerAmp data extraction is currently disabled as per requirements (Fix 2.3).
2026-02-14 23:16:42,198 - tools.amazon_playwright_extractor - INFO - Extracting Keepa data (if present)...
2026-02-14 23:16:42,198 - tools.amazon_playwright_extractor - INFO - Attempting to extract Keepa data...
2026-02-14 23:16:48,357 - tools.amazon_playwright_extractor - INFO - Keepa iframe found: iframe[id*='keepa']
2026-02-14 23:16:48,473 - tools.amazon_playwright_extractor - INFO - Keepa Sales Rank Details Table parsed.
2026-02-14 23:16:48,473 - tools.amazon_playwright_extractor - INFO - Keepa Graph AI Analysis is currently disabled as per requirements (Fix 2.4).
2026-02-14 23:16:48,508 - tools.amazon_playwright_extractor - INFO - Keepa Data tab found. Currently active: False
2026-02-14 23:16:48,508 - tools.amazon_playwright_extractor - INFO - Clicking Keepa 'Data' tab...
2026-02-14 23:16:50,921 - tools.amazon_playwright_extractor - INFO - Attempt 1/2: Waiting 12000ms for Product-Details wrapper...
2026-02-14 23:16:50,947 - tools.amazon_playwright_extractor - INFO - ? Product-Details wrapper appeared on attempt 1
2026-02-14 23:16:50,995 - tools.amazon_playwright_extractor - INFO - Parsing Keepa AG Grid for Product Details from: div#MoreTab1 div#grid-product-detail
2026-02-14 23:16:51,042 - tools.amazon_playwright_extractor - INFO - Primary attempt: Waiting 12 seconds for AG Grid rows to load...
2026-02-14 23:16:52,099 - tools.amazon_playwright_extractor - INFO - ? Primary attempt successful: 139 rows found
2026-02-14 23:16:52,116 - tools.amazon_playwright_extractor - INFO - Processing 139 rows in Keepa Product Details AG Grid.
2026-02-14 23:16:53,658 - tools.amazon_playwright_extractor - INFO - Found potential fee key 'FBA Pick&Pack Fee' with raw value: 'Ł 1.70' in Keepa AG Grid.
2026-02-14 23:16:53,801 - tools.amazon_playwright_extractor - INFO - Found potential fee key 'Referral Fee based on current Buy Box price' with raw value: 'Ł 0.80' in Keepa AG Grid.
2026-02-14 23:16:57,151 - tools.amazon_playwright_extractor - INFO - ? Successfully parsed 39 items from Keepa Product Details AG Grid.
2026-02-14 23:16:57,152 - tools.amazon_playwright_extractor - INFO - ASIN B0FDF3G22H: Attempting to extract EANs from Keepa product_details_tab_data.
2026-02-14 23:16:57,152 - tools.amazon_playwright_extractor - INFO - ASIN B0FDF3G22H: EAN '8901606314022' found in Keepa details via key 'Product Codes - EAN'.
2026-02-14 23:16:57,152 - tools.amazon_playwright_extractor - INFO - ASIN B0FDF3G22H: BSR not found or invalid from page. Attempting fallback from Keepa.
2026-02-14 23:16:57,152 - tools.amazon_playwright_extractor - INFO - ASIN B0FDF3G22H: BSR 310429 in 'Toys & Games 1.0' from Keepa SalesRankDetailsTable.
2026-02-14 23:16:57,157 [INFO] WindowsSaveGuardian: ? ATOMIC SAVE: amazon_B0FDF3G22H_5012866069058.json (29 entries) saved successfully
2026-02-14 23:16:57,157 - windows_save_guardian - INFO - ? ATOMIC SAVE: amazon_B0FDF3G22H_5012866069058.json (29 entries) saved successfully
2026-02-14 23:16:57,161 [INFO] WindowsSaveGuardian: ? ATOMIC SAVE: linking_map.json (1 entries) saved successfully
2026-02-14 23:16:57,161 - windows_save_guardian - INFO - ? ATOMIC SAVE: linking_map.json (1 entries) saved successfully
2026-02-14 23:16:57,162 - __main__ - INFO - Linking map periodic flush: 1 entries
2026-02-14 23:16:57,166 [INFO] WindowsSaveGuardian: ? ATOMIC SAVE: angelwholesale_co_uk__sandbox__6c12fdbd_processing_state.json (27 entries) saved successfully
2026-02-14 23:16:57,166 - windows_save_guardian - INFO - ? ATOMIC SAVE: angelwholesale_co_uk__sandbox__6c12fdbd_processing_state.json (27 entries) saved successfully
2026-02-14 23:16:57,167 - utils.fixed_enhanced_state_manager - INFO -  ATOMIC SAVE
2026-02-14 23:16:57,167 - tools.amazon_playwright_extractor - INFO - Searching Amazon by EAN: 5012866625032 for supplier product: 'Abc Train Set Med  by AtoZ Toys' (FixedAmazonExtractor)
2026-02-14 23:16:57,167 - tools.amazon_playwright_extractor - INFO - Navigating to Amazon UK to search for EAN: 5012866625032
2026-02-14 23:17:00,690 - tools.amazon_playwright_extractor - INFO - Waiting for search results page to load for EAN 5012866625032...
2026-02-14 23:17:00,747 - tools.amazon_playwright_extractor - INFO - Found search results container with selector: div.s-search-results
2026-02-14 23:17:01,387 - tools.amazon_playwright_extractor - INFO - Found 6 search result elements using selector: div[data-component-type='s-search-result']
2026-02-14 23:17:01,387 - tools.amazon_playwright_extractor - INFO - Processing 6 search result elements for EAN 5012866625032
2026-02-14 23:17:01,522 - tools.amazon_playwright_extractor - INFO - \U0001f4ca SPONSORED FILTERING RESULTS: 0 organic products, 6 sponsored products filtered out
2026-02-14 23:17:01,522 - tools.amazon_playwright_extractor - WARNING - EAN 5012866625032 returned no organic results - skipping
2026-02-14 23:17:01,522 - tools.amazon_playwright_extractor - WARNING - No Amazon results or error for EAN '5012866625032'. Details: no_organic_results
2026-02-14 23:17:01,522 - tools.amazon_playwright_extractor - INFO - Falling back to title search for supplier product: 'Abc Train Set Med  by AtoZ Toys'
2026-02-14 23:17:01,523 - tools.amazon_playwright_extractor - INFO - Searching Amazon by title using search bar: 'Abc Train Set Med  by AtoZ Toys'
2026-02-14 23:17:01,523 - tools.amazon_playwright_extractor - INFO - Navigating to Amazon UK to search for title: Abc Train Set Med  by AtoZ Toys
2026-02-14 23:17:05,596 - tools.amazon_playwright_extractor - INFO - Title search found 71 elements using selector: div.s-search-results > div[data-asin]
2026-02-14 23:17:05,645 - tools.amazon_playwright_extractor - WARNING - ASIN extraction failed: All 4 fallbacks exhausted
2026-02-14 23:17:05,848 - tools.amazon_playwright_extractor - INFO - \u2705 Title search: Selected first visible organic product - ASIN B01IWX5EVQ
2026-02-14 23:17:05,848 - tools.amazon_playwright_extractor - INFO - \U0001f3af ASIN EXTRACTION SUCCESS: Found 1 ASINs for title search: 'Abc Train Set Med  by AtoZ Toys'
2026-02-14 23:17:05,848 - tools.amazon_playwright_extractor - INFO - Title search successful for 'Abc Train Set Med  by AtoZ Toys' after EAN '5012866625032' failed
2026-02-14 23:17:05,848 - tools.amazon_playwright_extractor - INFO - Extracting complete data for fallback ASIN B01IWX5EVQ from title search
2026-02-14 23:17:05,848 - tools.amazon_playwright_extractor - WARNING - No page object provided to extract_data for ASIN B01IWX5EVQ. Getting a new one from BrowserManager.
2026-02-14 23:17:05,848 - tools.amazon_playwright_extractor - INFO - Reusing existing page: https://www.amazon.co.uk/s?k=Abc+Train+Set+Med+by+AtoZ+Toys&ref=nb_sb_noss
2026-02-14 23:17:08,190 - tools.amazon_playwright_extractor - INFO - Checking for cookie consent pop-up...
2026-02-14 23:17:08,354 - tools.amazon_playwright_extractor - INFO - Finished checking for cookie consent pop-ups. If one was present and not handled, it might interfere.
2026-02-14 23:17:09,370 - tools.amazon_playwright_extractor - INFO - Checking for CAPTCHA...
2026-02-14 23:17:12,384 - tools.amazon_playwright_extractor - INFO - No CAPTCHA page detected by form selector.
2026-02-14 23:17:12,384 - tools.amazon_playwright_extractor - INFO - Checking for cookie consent pop-up...
2026-02-14 23:17:12,487 - tools.amazon_playwright_extractor - INFO - Finished checking for cookie consent pop-ups. If one was present and not handled, it might interfere.
2026-02-14 23:17:12,487 - tools.amazon_playwright_extractor - INFO - Page should be ready. Waiting 5s for stabilization...
2026-02-14 23:17:17,501 - tools.amazon_playwright_extractor - INFO - Waiting an additional 7s for extensions (Keepa, SellerAmp)...
2026-02-14 23:17:24,504 - tools.amazon_playwright_extractor - INFO - Extracting all product data for ASIN: B01IWX5EVQ
2026-02-14 23:17:24,504 - tools.amazon_playwright_extractor - INFO - Extracting basic product information (Title, Price, Images, Amazon Details)...
2026-02-14 23:17:24,537 - tools.amazon_playwright_extractor - INFO - Title found: 'MEGA BLOKS First Builders Toddler Building Blocks Toy Set, ABC Learning Train with 60 Pieces, Ages 1+ Years, DXH35' via #productTitle
2026-02-14 23:17:24,538 - tools.amazon_playwright_extractor - INFO - Extracting price details...
2026-02-14 23:17:24,557 - tools.amazon_playwright_extractor - INFO - Current price: 7.99 via #corePrice_feature_div .a-offscreen
2026-02-14 23:17:24,616 - tools.amazon_playwright_extractor - INFO - Original price: 15.95 via span.a-price.a-text-price[data-a-strike='true'] span.a-offscreen
2026-02-14 23:17:24,653 - tools.amazon_playwright_extractor - INFO - Extracting image URLs...
2026-02-14 23:17:24,690 - tools.amazon_playwright_extractor - INFO - Main image: https://m.media-amazon.com/images/I/81C8zMI0isL._AC_SL1500_.jpg via #landingImage
2026-02-14 23:17:24,772 - tools.amazon_playwright_extractor - INFO - Found 7 thumbnails.
2026-02-14 23:17:24,778 - tools.amazon_playwright_extractor - INFO - Extracting Amazon product details section...
2026-02-14 23:17:24,893 - tools.amazon_playwright_extractor - INFO - Extracting sales rank information...
2026-02-14 23:17:25,029 - tools.amazon_playwright_extractor - INFO - Extracting ratings and reviews...
2026-02-14 23:17:25,048 - tools.amazon_playwright_extractor - INFO - Rating: 4.7 via #acrPopover[title*='out of 5 stars']
2026-02-14 23:17:25,067 - tools.amazon_playwright_extractor - INFO - Review count: 5928 via #acrCustomerReviewText
2026-02-14 23:17:25,067 - tools.amazon_playwright_extractor - INFO - Extracting stock information...
2026-02-14 23:17:25,088 - tools.amazon_playwright_extractor - INFO - Availability text: 'In stock' via #availability span.a-size-medium.a-color-success
2026-02-14 23:17:25,088 - tools.amazon_playwright_extractor - INFO - Extracting features/bullets...
2026-02-14 23:17:25,331 - tools.amazon_playwright_extractor - INFO - Found 5 features.
2026-02-14 23:17:25,331 - tools.amazon_playwright_extractor - INFO - Extracting product description...
2026-02-14 23:17:25,371 - tools.amazon_playwright_extractor - INFO - Description found using selector: #aplus_feature_div
2026-02-14 23:17:25,372 - tools.amazon_playwright_extractor - INFO - Extracting product specifications table...
2026-02-14 23:17:26,186 - tools.amazon_playwright_extractor - INFO - Specifications table parsed using selector: table.a-keyvalue.prodDetTable
2026-02-14 23:17:26,186 - tools.amazon_playwright_extractor - INFO - Extracting SellerAmp data (if present)...
2026-02-14 23:17:26,186 - tools.amazon_playwright_extractor - INFO - SellerAmp data extraction is currently disabled as per requirements (Fix 2.3).
2026-02-14 23:17:26,186 - tools.amazon_playwright_extractor - INFO - Extracting Keepa data (if present)...
2026-02-14 23:17:26,186 - tools.amazon_playwright_extractor - INFO - Attempting to extract Keepa data...
2026-02-14 23:17:32,258 - tools.amazon_playwright_extractor - INFO - Keepa iframe found: iframe[id*='keepa']
2026-02-14 23:17:32,352 - tools.amazon_playwright_extractor - INFO - Keepa Sales Rank Details Table parsed.
2026-02-14 23:17:32,352 - tools.amazon_playwright_extractor - INFO - Keepa Graph AI Analysis is currently disabled as per requirements (Fix 2.4).
2026-02-14 23:17:32,381 - tools.amazon_playwright_extractor - INFO - Keepa Data tab found. Currently active: False
2026-02-14 23:17:32,381 - tools.amazon_playwright_extractor - INFO - Clicking Keepa 'Data' tab...
2026-02-14 23:17:34,741 - tools.amazon_playwright_extractor - INFO - Attempt 1/2: Waiting 12000ms for Product-Details wrapper...
2026-02-14 23:17:42,420 - tools.amazon_playwright_extractor - INFO - ? Product-Details wrapper appeared on attempt 1
2026-02-14 23:17:42,433 - tools.amazon_playwright_extractor - WARNING - Product-Details tab visible, but inner grid still not ready – extending wait with retry logic.
2026-02-14 23:17:42,433 - tools.amazon_playwright_extractor - INFO - Grid attempt 1/3: Waiting 15000ms for grid container...
2026-02-14 23:17:42,785 - tools.amazon_playwright_extractor - INFO - ? Grid became visible after attempt 1 – continuing.
2026-02-14 23:17:42,815 - tools.amazon_playwright_extractor - INFO - Parsing Keepa AG Grid for Product Details from: div#MoreTab1 div#grid-product-detail
2026-02-14 23:17:42,855 - tools.amazon_playwright_extractor - INFO - Primary attempt: Waiting 12 seconds for AG Grid rows to load...
2026-02-14 23:17:43,905 - tools.amazon_playwright_extractor - INFO - ? Primary attempt successful: 178 rows found
2026-02-14 23:17:43,919 - tools.amazon_playwright_extractor - INFO - Processing 178 rows in Keepa Product Details AG Grid.
2026-02-14 23:17:45,330 - tools.amazon_playwright_extractor - INFO - Found potential fee key 'FBA Pick&Pack Fee' with raw value: 'Ł 3.49' in Keepa AG Grid.
2026-02-14 23:17:49,124 - tools.amazon_playwright_extractor - INFO - ? Successfully parsed 53 items from Keepa Product Details AG Grid.
2026-02-14 23:17:49,124 - tools.amazon_playwright_extractor - INFO - ASIN B01IWX5EVQ: Attempting to extract EANs from Keepa product_details_tab_data.
2026-02-14 23:17:49,124 - tools.amazon_playwright_extractor - INFO - ASIN B01IWX5EVQ: EAN '0887961397123' found in Keepa details via key 'Product Codes - EAN'.
2026-02-14 23:17:49,124 - tools.amazon_playwright_extractor - INFO - ASIN B01IWX5EVQ: BSR not found or invalid from page. Attempting fallback from Keepa.
2026-02-14 23:17:49,125 - tools.amazon_playwright_extractor - INFO - ASIN B01IWX5EVQ: BSR 265 in 'Toys & Games 35' from Keepa SalesRankDetailsTable.
2026-02-14 23:17:49,131 [INFO] WindowsSaveGuardian: ? ATOMIC SAVE: amazon_B01IWX5EVQ_5012866625032.json (29 entries) saved successfully
2026-02-14 23:17:49,131 - windows_save_guardian - INFO - ? ATOMIC SAVE: amazon_B01IWX5EVQ_5012866625032.json (29 entries) saved successfully
2026-02-14 23:17:49,137 [INFO] WindowsSaveGuardian: ? ATOMIC SAVE: linking_map.json (2 entries) saved successfully
2026-02-14 23:17:49,137 - windows_save_guardian - INFO - ? ATOMIC SAVE: linking_map.json (2 entries) saved successfully
2026-02-14 23:17:49,137 - __main__ - INFO - Linking map periodic flush: 2 entries
2026-02-14 23:17:49,142 [INFO] WindowsSaveGuardian: ? ATOMIC SAVE: angelwholesale_co_uk__sandbox__6c12fdbd_processing_state.json (27 entries) saved successfully
2026-02-14 23:17:49,142 - windows_save_guardian - INFO - ? ATOMIC SAVE: angelwholesale_co_uk__sandbox__6c12fdbd_processing_state.json (27 entries) saved successfully
2026-02-14 23:17:49,143 - utils.fixed_enhanced_state_manager - INFO -  ATOMIC SAVE
2026-02-14 23:17:49,148 [INFO] WindowsSaveGuardian: ? ATOMIC SAVE: angelwholesale_co_uk__sandbox__6c12fdbd_processing_state.json (27 entries) saved successfully
2026-02-14 23:17:49,148 - windows_save_guardian - INFO - ? ATOMIC SAVE: angelwholesale_co_uk__sandbox__6c12fdbd_processing_state.json (27 entries) saved successfully
2026-02-14 23:17:49,149 - utils.fixed_enhanced_state_manager - INFO -  ATOMIC SAVE
2026-02-14 23:17:49,149 - tools.amazon_playwright_extractor - INFO - Searching Amazon by EAN: 5055499001200 for supplier product: 'Muslinz 6pk Green Quality Muslin Squares 100% Cotton' (FixedAmazonExtractor)
2026-02-14 23:17:49,149 - tools.amazon_playwright_extractor - INFO - Navigating to Amazon UK to search for EAN: 5055499001200
2026-02-14 23:17:52,721 - tools.amazon_playwright_extractor - INFO - Waiting for search results page to load for EAN 5055499001200...
2026-02-14 23:17:52,795 - tools.amazon_playwright_extractor - INFO - Found search results container with selector: div.s-search-results
2026-02-14 23:17:53,456 - tools.amazon_playwright_extractor - INFO - Found 1 search result elements using selector: div[data-component-type='s-search-result']
2026-02-14 23:17:53,457 - tools.amazon_playwright_extractor - INFO - Processing 1 search result elements for EAN 5055499001200
2026-02-14 23:17:53,587 - tools.amazon_playwright_extractor - INFO - Found organic result: ASIN B00DIB9O2I - MuslinZ Muslin Cloths for Baby - Baby Burp Cloths - 6 Pack M...
2026-02-14 23:17:53,587 - tools.amazon_playwright_extractor - INFO - \U0001f4ca SPONSORED FILTERING RESULTS: 1 organic products, 0 sponsored products filtered out
2026-02-14 23:17:53,587 - tools.amazon_playwright_extractor - INFO - \u2705 EAN SEARCH: Selected first organic result - ASIN B00DIB9O2I
2026-02-14 23:17:53,587 - tools.amazon_playwright_extractor - INFO -    Trusting Amazon's search relevance for EAN 5055499001200
2026-02-14 23:17:53,587 - tools.amazon_playwright_extractor - INFO -    EAN will be extracted by Keepa during full product data extraction
2026-02-14 23:17:53,587 - tools.amazon_playwright_extractor - INFO - Single ASIN B00DIB9O2I found for EAN 5055499001200.
2026-02-14 23:17:53,587 - tools.amazon_playwright_extractor - INFO - Proceeding with ASIN: B00DIB9O2I for EAN: 5055499001200
2026-02-14 23:17:53,587 - tools.amazon_playwright_extractor - WARNING - No page object provided to extract_data for ASIN B00DIB9O2I. Getting a new one from BrowserManager.
2026-02-14 23:17:53,588 - tools.amazon_playwright_extractor - INFO - Reusing existing page: https://www.amazon.co.uk/s?k=5055499001200&ref=nb_sb_noss
2026-02-14 23:17:56,004 - tools.amazon_playwright_extractor - INFO - Checking for cookie consent pop-up...
2026-02-14 23:17:56,275 - tools.amazon_playwright_extractor - INFO - Finished checking for cookie consent pop-ups. If one was present and not handled, it might interfere.
2026-02-14 23:17:57,289 - tools.amazon_playwright_extractor - INFO - Checking for CAPTCHA...
2026-02-14 23:18:00,296 - tools.amazon_playwright_extractor - INFO - No CAPTCHA page detected by form selector.
2026-02-14 23:18:00,296 - tools.amazon_playwright_extractor - INFO - Checking for cookie consent pop-up...
2026-02-14 23:18:00,384 - tools.amazon_playwright_extractor - INFO - Finished checking for cookie consent pop-ups. If one was present and not handled, it might interfere.
2026-02-14 23:18:00,384 - tools.amazon_playwright_extractor - INFO - Page should be ready. Waiting 5s for stabilization...
2026-02-14 23:18:05,386 - tools.amazon_playwright_extractor - INFO - Waiting an additional 7s for extensions (Keepa, SellerAmp)...
2026-02-14 23:18:12,388 - tools.amazon_playwright_extractor - INFO - Extracting all product data for ASIN: B00DIB9O2I
2026-02-14 23:18:12,388 - tools.amazon_playwright_extractor - INFO - Extracting basic product information (Title, Price, Images, Amazon Details)...
2026-02-14 23:18:12,445 - tools.amazon_playwright_extractor - INFO - Title found: 'MuslinZ Muslin Cloths for Baby - Baby Burp Cloths - 6 Pack Muslin Squares - Large 70x70cm - Pure Cotton - Soft, Absorbent & Breathable - Multi Use Newborn Cloths - UK Brand (Blue)' via #productTitle
2026-02-14 23:18:12,446 - tools.amazon_playwright_extractor - INFO - Extracting price details...
2026-02-14 23:18:12,476 - tools.amazon_playwright_extractor - INFO - Current price: 13.99 via #corePrice_feature_div .a-offscreen
2026-02-14 23:18:12,527 - tools.amazon_playwright_extractor - INFO - Original price: 15.99 via .basisPrice span.a-text-price span.a-offscreen
2026-02-14 23:18:12,589 - tools.amazon_playwright_extractor - INFO - Extracting image URLs...
2026-02-14 23:18:12,628 - tools.amazon_playwright_extractor - INFO - Main image: https://m.media-amazon.com/images/I/81aVgxLwwOL._AC_SL1500_.jpg via #landingImage
2026-02-14 23:18:12,721 - tools.amazon_playwright_extractor - INFO - Found 7 thumbnails.
2026-02-14 23:18:12,726 - tools.amazon_playwright_extractor - INFO - Extracting Amazon product details section...
2026-02-14 23:18:12,869 - tools.amazon_playwright_extractor - INFO - Extracting sales rank information...
2026-02-14 23:18:13,079 - tools.amazon_playwright_extractor - INFO - Extracting ratings and reviews...
2026-02-14 23:18:13,112 - tools.amazon_playwright_extractor - INFO - Rating: 4.8 via #acrPopover[title*='out of 5 stars']
2026-02-14 23:18:13,133 - tools.amazon_playwright_extractor - INFO - Review count: 2391 via #acrCustomerReviewText
2026-02-14 23:18:13,133 - tools.amazon_playwright_extractor - INFO - Extracting stock information...
2026-02-14 23:18:13,152 - tools.amazon_playwright_extractor - INFO - Availability text: 'In stock' via #availability span.a-size-medium.a-color-success
2026-02-14 23:18:13,152 - tools.amazon_playwright_extractor - INFO - Extracting features/bullets...
2026-02-14 23:18:13,554 - tools.amazon_playwright_extractor - INFO - Found 5 features.
2026-02-14 23:18:13,554 - tools.amazon_playwright_extractor - INFO - Extracting product description...
2026-02-14 23:18:13,603 - tools.amazon_playwright_extractor - INFO - Description found using selector: #aplus_feature_div
2026-02-14 23:18:13,603 - tools.amazon_playwright_extractor - INFO - Extracting product specifications table...
2026-02-14 23:18:14,172 - tools.amazon_playwright_extractor - INFO - Specifications table parsed using selector: table.a-keyvalue.prodDetTable
2026-02-14 23:18:14,173 - tools.amazon_playwright_extractor - INFO - Extracting SellerAmp data (if present)...
2026-02-14 23:18:14,173 - tools.amazon_playwright_extractor - INFO - SellerAmp data extraction is currently disabled as per requirements (Fix 2.3).
2026-02-14 23:18:14,173 - tools.amazon_playwright_extractor - INFO - Extracting Keepa data (if present)...
2026-02-14 23:18:14,173 - tools.amazon_playwright_extractor - INFO - Attempting to extract Keepa data...
2026-02-14 23:18:20,275 - tools.amazon_playwright_extractor - INFO - Keepa iframe found: iframe[id*='keepa']
2026-02-14 23:18:20,361 - tools.amazon_playwright_extractor - INFO - Keepa Sales Rank Details Table parsed.
2026-02-14 23:18:20,361 - tools.amazon_playwright_extractor - INFO - Keepa Graph AI Analysis is currently disabled as per requirements (Fix 2.4).
2026-02-14 23:18:20,385 - tools.amazon_playwright_extractor - INFO - Keepa Data tab found. Currently active: False
2026-02-14 23:18:20,385 - tools.amazon_playwright_extractor - INFO - Clicking Keepa 'Data' tab...
2026-02-14 23:18:22,690 - tools.amazon_playwright_extractor - INFO - Attempt 1/2: Waiting 12000ms for Product-Details wrapper...
2026-02-14 23:18:24,606 - tools.amazon_playwright_extractor - INFO - ? Product-Details wrapper appeared on attempt 1
2026-02-14 23:18:24,619 - tools.amazon_playwright_extractor - WARNING - Product-Details tab visible, but inner grid still not ready – extending wait with retry logic.
2026-02-14 23:18:24,619 - tools.amazon_playwright_extractor - INFO - Grid attempt 1/3: Waiting 15000ms for grid container...
2026-02-14 23:18:24,818 - tools.amazon_playwright_extractor - INFO - ? Grid became visible after attempt 1 – continuing.
2026-02-14 23:18:24,854 - tools.amazon_playwright_extractor - INFO - Parsing Keepa AG Grid for Product Details from: div#MoreTab1 div#grid-product-detail
2026-02-14 23:18:24,896 - tools.amazon_playwright_extractor - INFO - Primary attempt: Waiting 12 seconds for AG Grid rows to load...
2026-02-14 23:18:25,948 - tools.amazon_playwright_extractor - INFO - ? Primary attempt successful: 175 rows found
2026-02-14 23:18:25,963 - tools.amazon_playwright_extractor - INFO - Processing 175 rows in Keepa Product Details AG Grid.
2026-02-14 23:18:27,547 - tools.amazon_playwright_extractor - INFO - Found potential fee key 'FBA Pick&Pack Fee' with raw value: 'Ł 2.61' in Keepa AG Grid.
2026-02-14 23:18:27,653 - tools.amazon_playwright_extractor - INFO - Found potential fee key 'Referral Fee based on current Buy Box price' with raw value: 'Ł 2.10' in Keepa AG Grid.
2026-02-14 23:18:31,980 - tools.amazon_playwright_extractor - INFO - ? Successfully parsed 53 items from Keepa Product Details AG Grid.
2026-02-14 23:18:31,980 - tools.amazon_playwright_extractor - INFO - ASIN B00DIB9O2I: Attempting to extract EANs from Keepa product_details_tab_data.
2026-02-14 23:18:31,980 - tools.amazon_playwright_extractor - INFO - ASIN B00DIB9O2I: EAN '5055499001200' found in Keepa details via key 'Product Codes - EAN'.
2026-02-14 23:18:31,980 - tools.amazon_playwright_extractor - INFO - ASIN B00DIB9O2I: BSR not found or invalid from page. Attempting fallback from Keepa.
2026-02-14 23:18:31,980 - tools.amazon_playwright_extractor - INFO - ASIN B00DIB9O2I: BSR 2939 in 'Baby Products 6' from Keepa SalesRankDetailsTable.
2026-02-14 23:18:31,981 - tools.amazon_playwright_extractor - INFO - \u2705 Recorded search method 'EAN' for ASIN B00DIB9O2I
2026-02-14 23:18:31,981 - tools.amazon_playwright_extractor - INFO - Successfully extracted data for ASIN B00DIB9O2I (EAN on page: 5055499001200)
2026-02-14 23:18:31,985 [INFO] WindowsSaveGuardian: ? ATOMIC SAVE: amazon_B00DIB9O2I_5055499001200.json (31 entries) saved successfully
2026-02-14 23:18:31,985 - windows_save_guardian - INFO - ? ATOMIC SAVE: amazon_B00DIB9O2I_5055499001200.json (31 entries) saved successfully
2026-02-14 23:18:31,991 [INFO] WindowsSaveGuardian: ? ATOMIC SAVE: linking_map.json (3 entries) saved successfully
2026-02-14 23:18:31,991 - windows_save_guardian - INFO - ? ATOMIC SAVE: linking_map.json (3 entries) saved successfully
2026-02-14 23:18:31,992 - __main__ - INFO - Linking map periodic flush: 3 entries
2026-02-14 23:18:31,998 [INFO] WindowsSaveGuardian: ? ATOMIC SAVE: angelwholesale_co_uk__sandbox__6c12fdbd_processing_state.json (27 entries) saved successfully
2026-02-14 23:18:31,998 - windows_save_guardian - INFO - ? ATOMIC SAVE: angelwholesale_co_uk__sandbox__6c12fdbd_processing_state.json (27 entries) saved successfully
2026-02-14 23:18:31,999 - utils.fixed_enhanced_state_manager - INFO -  ATOMIC SAVE
2026-02-14 23:18:32,000 - tools.amazon_playwright_extractor - INFO - Searching Amazon by EAN: 5015302105747 for supplier product: 'Silicone Teats Medium Flow 2 Pack by First Steps' (FixedAmazonExtractor)
2026-02-14 23:18:32,000 - tools.amazon_playwright_extractor - INFO - Navigating to Amazon UK to search for EAN: 5015302105747
2026-02-14 23:18:35,606 - tools.amazon_playwright_extractor - INFO - Waiting for search results page to load for EAN 5015302105747...
2026-02-14 23:18:35,656 - tools.amazon_playwright_extractor - INFO - Found search results container with selector: div.s-search-results
2026-02-14 23:18:36,328 - tools.amazon_playwright_extractor - INFO - Found 7 search result elements using selector: div[data-component-type='s-search-result']
2026-02-14 23:18:36,329 - tools.amazon_playwright_extractor - INFO - Processing 7 search result elements for EAN 5015302105747
2026-02-14 23:18:36,435 - tools.amazon_playwright_extractor - INFO - Found organic result: ASIN B094JVKC6G - RSW 2 in 1 Baby Bottle and Teat Brush, 2 Brushes in 1, Ideal...
2026-02-14 23:18:36,555 - tools.amazon_playwright_extractor - INFO - \U0001f4ca SPONSORED FILTERING RESULTS: 1 organic products, 6 sponsored products filtered out
2026-02-14 23:18:36,555 - tools.amazon_playwright_extractor - INFO - \u2705 EAN SEARCH: Selected first organic result - ASIN B094JVKC6G
2026-02-14 23:18:36,556 - tools.amazon_playwright_extractor - INFO -    Trusting Amazon's search relevance for EAN 5015302105747
2026-02-14 23:18:36,556 - tools.amazon_playwright_extractor - INFO -    EAN will be extracted by Keepa during full product data extraction
2026-02-14 23:18:36,556 - tools.amazon_playwright_extractor - INFO - Single ASIN B094JVKC6G found for EAN 5015302105747.
2026-02-14 23:18:36,556 - tools.amazon_playwright_extractor - INFO - Proceeding with ASIN: B094JVKC6G for EAN: 5015302105747
2026-02-14 23:18:36,556 - tools.amazon_playwright_extractor - WARNING - No page object provided to extract_data for ASIN B094JVKC6G. Getting a new one from BrowserManager.
2026-02-14 23:18:36,556 - tools.amazon_playwright_extractor - INFO - Reusing existing page: https://www.amazon.co.uk/s?k=5015302105747&ref=nb_sb_noss
2026-02-14 23:18:38,963 - tools.amazon_playwright_extractor - INFO - Checking for cookie consent pop-up...
2026-02-14 23:18:39,096 - tools.amazon_playwright_extractor - INFO - Finished checking for cookie consent pop-ups. If one was present and not handled, it might interfere.
2026-02-14 23:18:40,097 - tools.amazon_playwright_extractor - INFO - Checking for CAPTCHA...
2026-02-14 23:18:43,116 - tools.amazon_playwright_extractor - INFO - No CAPTCHA page detected by form selector.
2026-02-14 23:18:43,116 - tools.amazon_playwright_extractor - INFO - Checking for cookie consent pop-up...
2026-02-14 23:18:43,176 - tools.amazon_playwright_extractor - INFO - Finished checking for cookie consent pop-ups. If one was present and not handled, it might interfere.
2026-02-14 23:18:43,176 - tools.amazon_playwright_extractor - INFO - Page should be ready. Waiting 5s for stabilization...
2026-02-14 23:18:48,191 - tools.amazon_playwright_extractor - INFO - Waiting an additional 7s for extensions (Keepa, SellerAmp)...
2026-02-14 23:18:55,207 - tools.amazon_playwright_extractor - INFO - Extracting all product data for ASIN: B094JVKC6G
2026-02-14 23:18:55,207 - tools.amazon_playwright_extractor - INFO - Extracting basic product information (Title, Price, Images, Amazon Details)...
2026-02-14 23:18:55,247 - tools.amazon_playwright_extractor - INFO - Title found: 'RSW 2 in 1 Baby Bottle and Teat Brush, 2 Brushes in 1, Ideal for Cleaning Training Cups, Wide Neck Bottles, Lids, Valves' via #productTitle
2026-02-14 23:18:55,247 - tools.amazon_playwright_extractor - INFO - Extracting price details...
2026-02-14 23:18:55,276 - tools.amazon_playwright_extractor - INFO - Current price: 4.04 via #corePrice_feature_div .a-offscreen
2026-02-14 23:18:55,348 - tools.amazon_playwright_extractor - INFO - Original price: 4.74 via .basisPrice span.a-text-price span.a-offscreen
2026-02-14 23:18:55,429 - tools.amazon_playwright_extractor - INFO - Amazon sales badge found: 100 in container div#socialProofingAsinFaceout_feature_div
2026-02-14 23:18:55,429 - tools.amazon_playwright_extractor - INFO - Extracting image URLs...
2026-02-14 23:18:55,502 - tools.amazon_playwright_extractor - INFO - Main image: https://m.media-amazon.com/images/I/51IhZ6nfG-L._AC_SL1082_.jpg via #landingImage
2026-02-14 23:18:55,550 - tools.amazon_playwright_extractor - INFO - Found 1 thumbnails.
2026-02-14 23:18:55,557 - tools.amazon_playwright_extractor - INFO - Extracting Amazon product details section...
2026-02-14 23:18:55,703 - tools.amazon_playwright_extractor - INFO - Extracting sales rank information...
2026-02-14 23:18:55,950 - tools.amazon_playwright_extractor - INFO - Extracting ratings and reviews...
2026-02-14 23:18:55,975 - tools.amazon_playwright_extractor - INFO - Rating: 3.7 via #acrPopover[title*='out of 5 stars']
2026-02-14 23:18:56,003 - tools.amazon_playwright_extractor - INFO - Review count: 83 via #acrCustomerReviewText
2026-02-14 23:18:56,003 - tools.amazon_playwright_extractor - INFO - Extracting stock information...
2026-02-14 23:18:56,027 - tools.amazon_playwright_extractor - INFO - Availability text: 'In stock' via #availability span.a-size-medium.a-color-success
2026-02-14 23:18:56,027 - tools.amazon_playwright_extractor - INFO - Extracting features/bullets...
2026-02-14 23:18:56,096 - tools.amazon_playwright_extractor - INFO - Found 1 features.
2026-02-14 23:18:56,097 - tools.amazon_playwright_extractor - INFO - Extracting product description...
2026-02-14 23:18:56,252 - tools.amazon_playwright_extractor - INFO - Extracting product specifications table...
2026-02-14 23:18:56,856 - tools.amazon_playwright_extractor - INFO - Specifications table parsed using selector: table.a-keyvalue.prodDetTable
2026-02-14 23:18:56,856 - tools.amazon_playwright_extractor - INFO - Extracting SellerAmp data (if present)...
2026-02-14 23:18:56,856 - tools.amazon_playwright_extractor - INFO - SellerAmp data extraction is currently disabled as per requirements (Fix 2.3).
2026-02-14 23:18:56,856 - tools.amazon_playwright_extractor - INFO - Extracting Keepa data (if present)...
2026-02-14 23:18:56,856 - tools.amazon_playwright_extractor - INFO - Attempting to extract Keepa data...
2026-02-14 23:19:02,928 - tools.amazon_playwright_extractor - INFO - Keepa iframe found: iframe[id*='keepa']
2026-02-14 23:19:03,003 - tools.amazon_playwright_extractor - INFO - Keepa Sales Rank Details Table parsed.
2026-02-14 23:19:03,003 - tools.amazon_playwright_extractor - INFO - Keepa Graph AI Analysis is currently disabled as per requirements (Fix 2.4).
2026-02-14 23:19:03,026 - tools.amazon_playwright_extractor - INFO - Keepa Data tab found. Currently active: False
2026-02-14 23:19:03,026 - tools.amazon_playwright_extractor - INFO - Clicking Keepa 'Data' tab...
2026-02-14 23:19:05,258 - tools.amazon_playwright_extractor - INFO - Attempt 1/2: Waiting 12000ms for Product-Details wrapper...
2026-02-14 23:19:05,281 - tools.amazon_playwright_extractor - INFO - ? Product-Details wrapper appeared on attempt 1
2026-02-14 23:19:05,317 - tools.amazon_playwright_extractor - INFO - Parsing Keepa AG Grid for Product Details from: div#MoreTab1 div#grid-product-detail
2026-02-14 23:19:05,353 - tools.amazon_playwright_extractor - INFO - Primary attempt: Waiting 12 seconds for AG Grid rows to load...
2026-02-14 23:19:06,401 - tools.amazon_playwright_extractor - INFO - ? Primary attempt successful: 139 rows found
2026-02-14 23:19:06,413 - tools.amazon_playwright_extractor - INFO - Processing 139 rows in Keepa Product Details AG Grid.
2026-02-14 23:19:07,961 - tools.amazon_playwright_extractor - INFO - Found potential fee key 'FBA Pick&Pack Fee' with raw value: 'Ł 2.67' in Keepa AG Grid.
2026-02-14 23:19:08,059 - tools.amazon_playwright_extractor - INFO - Found potential fee key 'Referral Fee based on current Buy Box price' with raw value: 'Ł 0.32' in Keepa AG Grid.
2026-02-14 23:19:10,527 - tools.amazon_playwright_extractor - INFO - ? Successfully parsed 42 items from Keepa Product Details AG Grid.
2026-02-14 23:19:10,528 - tools.amazon_playwright_extractor - INFO - ASIN B094JVKC6G: Attempting to extract EANs from Keepa product_details_tab_data.
2026-02-14 23:19:10,528 - tools.amazon_playwright_extractor - INFO - ASIN B094JVKC6G: EAN '5015302105747' found in Keepa details via key 'Product Codes - EAN'.
2026-02-14 23:19:10,528 - tools.amazon_playwright_extractor - INFO - ASIN B094JVKC6G: BSR not found or invalid from page. Attempting fallback from Keepa.
2026-02-14 23:19:10,528 - tools.amazon_playwright_extractor - INFO - ASIN B094JVKC6G: BSR 2343 in 'Baby Products 44' from Keepa SalesRankDetailsTable.
2026-02-14 23:19:10,528 - tools.amazon_playwright_extractor - INFO - \u2705 Recorded search method 'EAN' for ASIN B094JVKC6G
2026-02-14 23:19:10,528 - tools.amazon_playwright_extractor - INFO - Successfully extracted data for ASIN B094JVKC6G (EAN on page: 5015302105747)
2026-02-14 23:19:10,534 [INFO] WindowsSaveGuardian: ? ATOMIC SAVE: amazon_B094JVKC6G_5015302105747.json (31 entries) saved successfully
2026-02-14 23:19:10,534 - windows_save_guardian - INFO - ? ATOMIC SAVE: amazon_B094JVKC6G_5015302105747.json (31 entries) saved successfully
2026-02-14 23:19:10,539 [INFO] WindowsSaveGuardian: ? ATOMIC SAVE: linking_map.json (4 entries) saved successfully
2026-02-14 23:19:10,539 - windows_save_guardian - INFO - ? ATOMIC SAVE: linking_map.json (4 entries) saved successfully
2026-02-14 23:19:10,539 - __main__ - INFO - Linking map periodic flush: 4 entries
2026-02-14 23:19:10,544 [INFO] WindowsSaveGuardian: ? ATOMIC SAVE: angelwholesale_co_uk__sandbox__6c12fdbd_processing_state.json (27 entries) saved successfully
2026-02-14 23:19:10,544 - windows_save_guardian - INFO - ? ATOMIC SAVE: angelwholesale_co_uk__sandbox__6c12fdbd_processing_state.json (27 entries) saved successfully
2026-02-14 23:19:10,545 - utils.fixed_enhanced_state_manager - INFO -  ATOMIC SAVE
2026-02-14 23:19:10,550 [INFO] WindowsSaveGuardian: ? ATOMIC SAVE: angelwholesale_co_uk__sandbox__6c12fdbd_processing_state.json (27 entries) saved successfully
2026-02-14 23:19:10,550 - windows_save_guardian - INFO - ? ATOMIC SAVE: angelwholesale_co_uk__sandbox__6c12fdbd_processing_state.json (27 entries) saved successfully
2026-02-14 23:19:10,551 - utils.fixed_enhanced_state_manager - INFO -  ATOMIC SAVE
2026-02-14 23:19:10,551 - tools.amazon_playwright_extractor - INFO - Searching Amazon by EAN: 5034527277190 for supplier product: '3D Pop Up Card by Second Nature - Birthday Fireworks' (FixedAmazonExtractor)
2026-02-14 23:19:10,551 - tools.amazon_playwright_extractor - INFO - Navigating to Amazon UK to search for EAN: 5034527277190
2026-02-14 23:19:14,535 - tools.amazon_playwright_extractor - INFO - Waiting for search results page to load for EAN 5034527277190...
2026-02-14 23:19:14,619 - tools.amazon_playwright_extractor - INFO - Found search results container with selector: div.s-search-results
2026-02-14 23:19:15,268 - tools.amazon_playwright_extractor - INFO - Found 6 search result elements using selector: div[data-component-type='s-search-result']
2026-02-14 23:19:15,268 - tools.amazon_playwright_extractor - INFO - Processing 6 search result elements for EAN 5034527277190
2026-02-14 23:19:15,352 - tools.amazon_playwright_extractor - INFO - Found organic result: ASIN B072R191M3 - Happy 30th Birthday Pop-Up Greeting Card Original Second Nat...
2026-02-14 23:19:15,426 - tools.amazon_playwright_extractor - INFO - Found organic result: ASIN B0CBGDBDBP - Happy 30th Birthday Pop-Up Greeting Card Original Second Nat...
2026-02-14 23:19:15,481 - tools.amazon_playwright_extractor - INFO - \U0001f4ca SPONSORED FILTERING RESULTS: 2 organic products, 4 sponsored products filtered out
2026-02-14 23:19:15,481 - tools.amazon_playwright_extractor - INFO - \u2705 EAN SEARCH: Selected first organic result - ASIN B072R191M3
2026-02-14 23:19:15,481 - tools.amazon_playwright_extractor - INFO -    Trusting Amazon's search relevance for EAN 5034527277190
2026-02-14 23:19:15,481 - tools.amazon_playwright_extractor - INFO -    EAN will be extracted by Keepa during full product data extraction
2026-02-14 23:19:15,481 - tools.amazon_playwright_extractor - INFO - Single ASIN B072R191M3 found for EAN 5034527277190.
2026-02-14 23:19:15,481 - tools.amazon_playwright_extractor - INFO - Proceeding with ASIN: B072R191M3 for EAN: 5034527277190
2026-02-14 23:19:15,481 - tools.amazon_playwright_extractor - WARNING - No page object provided to extract_data for ASIN B072R191M3. Getting a new one from BrowserManager.
2026-02-14 23:19:15,482 - tools.amazon_playwright_extractor - INFO - Reusing existing page: https://www.amazon.co.uk/s?k=5034527277190&ref=nb_sb_noss
2026-02-14 23:19:18,033 - tools.amazon_playwright_extractor - INFO - Checking for cookie consent pop-up...
2026-02-14 23:19:18,423 - tools.amazon_playwright_extractor - INFO - Finished checking for cookie consent pop-ups. If one was present and not handled, it might interfere.
2026-02-14 23:19:19,423 - tools.amazon_playwright_extractor - INFO - Checking for CAPTCHA...
2026-02-14 23:19:22,441 - tools.amazon_playwright_extractor - INFO - No CAPTCHA page detected by form selector.
2026-02-14 23:19:22,441 - tools.amazon_playwright_extractor - INFO - Checking for cookie consent pop-up...
2026-02-14 23:19:22,492 - tools.amazon_playwright_extractor - INFO - Finished checking for cookie consent pop-ups. If one was present and not handled, it might interfere.
2026-02-14 23:19:22,493 - tools.amazon_playwright_extractor - INFO - Page should be ready. Waiting 5s for stabilization...
2026-02-14 23:19:27,495 - tools.amazon_playwright_extractor - INFO - Waiting an additional 7s for extensions (Keepa, SellerAmp)...
2026-02-14 23:19:34,509 - tools.amazon_playwright_extractor - INFO - Extracting all product data for ASIN: B072R191M3
2026-02-14 23:19:34,509 - tools.amazon_playwright_extractor - INFO - Extracting basic product information (Title, Price, Images, Amazon Details)...
2026-02-14 23:19:34,551 - tools.amazon_playwright_extractor - INFO - Title found: 'Happy 30th Birthday Pop-Up Greeting Card Original Second Nature 3D Pop Up Cards' via #productTitle
2026-02-14 23:19:34,551 - tools.amazon_playwright_extractor - INFO - Extracting price details...
2026-02-14 23:19:34,577 - tools.amazon_playwright_extractor - INFO - Current price: 4.52 via #corePrice_feature_div .a-offscreen
2026-02-14 23:19:34,620 - tools.amazon_playwright_extractor - INFO - Original price: 5.99 via .basisPrice span.a-text-price span.a-offscreen
2026-02-14 23:19:34,672 - tools.amazon_playwright_extractor - INFO - Extracting image URLs...
2026-02-14 23:19:34,715 - tools.amazon_playwright_extractor - INFO - Main image: https://m.media-amazon.com/images/I/61V-ulbA+AL._AC_SL1024_.jpg via #landingImage
2026-02-14 23:19:34,792 - tools.amazon_playwright_extractor - INFO - Found 4 thumbnails.
2026-02-14 23:19:34,798 - tools.amazon_playwright_extractor - INFO - Extracting Amazon product details section...
2026-02-14 23:19:34,932 - tools.amazon_playwright_extractor - INFO - Extracting sales rank information...
2026-02-14 23:19:35,163 - tools.amazon_playwright_extractor - INFO - Extracting ratings and reviews...
2026-02-14 23:19:35,183 - tools.amazon_playwright_extractor - INFO - Rating: 4.6 via #acrPopover[title*='out of 5 stars']
2026-02-14 23:19:35,201 - tools.amazon_playwright_extractor - INFO - Review count: 7254 via #acrCustomerReviewText
2026-02-14 23:19:35,201 - tools.amazon_playwright_extractor - INFO - Extracting stock information...
2026-02-14 23:19:35,216 - tools.amazon_playwright_extractor - INFO - Availability text: 'In stock' via #availability span.a-size-medium.a-color-success
2026-02-14 23:19:35,216 - tools.amazon_playwright_extractor - INFO - Extracting features/bullets...
2026-02-14 23:19:35,382 - tools.amazon_playwright_extractor - INFO - Found 5 features.
2026-02-14 23:19:35,382 - tools.amazon_playwright_extractor - INFO - Extracting product description...
2026-02-14 23:19:35,414 - tools.amazon_playwright_extractor - INFO - Description found using selector: #aplus_feature_div
2026-02-14 23:19:35,414 - tools.amazon_playwright_extractor - INFO - Extracting product specifications table...
2026-02-14 23:19:36,330 - tools.amazon_playwright_extractor - INFO - Specifications table parsed using selector: table.a-keyvalue.prodDetTable
2026-02-14 23:19:36,330 - tools.amazon_playwright_extractor - INFO - Extracting SellerAmp data (if present)...
2026-02-14 23:19:36,330 - tools.amazon_playwright_extractor - INFO - SellerAmp data extraction is currently disabled as per requirements (Fix 2.3).
2026-02-14 23:19:36,331 - tools.amazon_playwright_extractor - INFO - Extracting Keepa data (if present)...
2026-02-14 23:19:36,331 - tools.amazon_playwright_extractor - INFO - Attempting to extract Keepa data...
2026-02-14 23:19:42,411 - tools.amazon_playwright_extractor - INFO - Keepa iframe found: iframe[id*='keepa']
2026-02-14 23:19:42,509 - tools.amazon_playwright_extractor - INFO - Keepa Sales Rank Details Table parsed.
2026-02-14 23:19:42,510 - tools.amazon_playwright_extractor - INFO - Keepa Graph AI Analysis is currently disabled as per requirements (Fix 2.4).
2026-02-14 23:19:42,534 - tools.amazon_playwright_extractor - INFO - Keepa Data tab found. Currently active: False
2026-02-14 23:19:42,534 - tools.amazon_playwright_extractor - INFO - Clicking Keepa 'Data' tab...
2026-02-14 23:19:44,767 - tools.amazon_playwright_extractor - INFO - Attempt 1/2: Waiting 12000ms for Product-Details wrapper...
2026-02-14 23:19:50,879 - tools.amazon_playwright_extractor - INFO - ? Product-Details wrapper appeared on attempt 1
2026-02-14 23:19:50,898 - tools.amazon_playwright_extractor - WARNING - Product-Details tab visible, but inner grid still not ready – extending wait with retry logic.
2026-02-14 23:19:50,898 - tools.amazon_playwright_extractor - INFO - Grid attempt 1/3: Waiting 15000ms for grid container...
2026-02-14 23:19:51,098 - tools.amazon_playwright_extractor - INFO - ? Grid became visible after attempt 1 – continuing.
2026-02-14 23:19:51,134 - tools.amazon_playwright_extractor - INFO - Parsing Keepa AG Grid for Product Details from: div#MoreTab1 div#grid-product-detail
2026-02-14 23:19:51,193 - tools.amazon_playwright_extractor - INFO - Primary attempt: Waiting 12 seconds for AG Grid rows to load...
2026-02-14 23:19:52,241 - tools.amazon_playwright_extractor - INFO - ? Primary attempt successful: 166 rows found
2026-02-14 23:19:52,278 - tools.amazon_playwright_extractor - INFO - Processing 166 rows in Keepa Product Details AG Grid.
2026-02-14 23:19:54,448 - tools.amazon_playwright_extractor - INFO - Found potential fee key 'FBA Pick&Pack Fee' with raw value: 'Ł 1.52' in Keepa AG Grid.
2026-02-14 23:19:54,597 - tools.amazon_playwright_extractor - INFO - Found potential fee key 'Referral Fee based on current Buy Box price' with raw value: 'Ł 0.68' in Keepa AG Grid.
