2026-03-11 03:20:55,537 - __main__ - WARNING - Ignoring supplier identity from products file; job sandbox is authoritative. job=clearance-king.co.uk__sandbox__6c89a211 file=clearance-king.co.uk
2026-03-11 03:20:55,538 - tools.amazon_playwright_extractor - WARNING - ?? BrowserCircuitBreaker not available - health management disabled
2026-03-11 03:20:55,538 - tools.amazon_playwright_extractor - INFO - AI features disabled in amazon_playwright_extractor - using only traditional selectors.
2026-03-11 03:20:55,538 - tools.amazon_playwright_extractor - INFO - Output directory set to: C:\Users\chris\Desktop\Amazon-FBA-Agent-System-v32 - latest good - Copy (8) - Copy - Copy - POSTLONGRUNPREKIRO2 beforecompletion-\OUTPUTS\CACHE\amazon_data
2026-03-11 03:20:55,541 - tools.amazon_playwright_extractor - WARNING - ?? BrowserManager not available, using legacy browser connection
2026-03-11 03:20:55,542 - tools.amazon_playwright_extractor - INFO - \U0001f527 FixedAmazonExtractor connecting via BrowserManager singleton
2026-03-11 03:20:55,542 - utils.browser_circuit_breaker - INFO - BrowserCircuitBreaker initialized: threshold=3, timeout=300s
2026-03-11 03:20:55,543 - utils.browser_manager - INFO - ?? BrowserManager singleton initialized with health management
2026-03-11 03:20:56,010 - utils.browser_manager - INFO - ?? Connecting to existing Chrome debug instance on port 9222
2026-03-11 03:20:56,010 - utils.browser_manager - INFO - ?? Per troubleshooting docs: Using existing Chrome debug only
2026-03-11 03:20:58,246 - utils.browser_manager - INFO - ? Chrome debug accessible on IPv4: Chrome/145.0.7632.160
2026-03-11 03:20:58,246 - utils.browser_manager - INFO - ?? Connecting to existing Chrome debug instance...
2026-03-11 03:21:00,269 - utils.browser_manager - INFO - ?? Using endpoint: http://localhost:9222
2026-03-11 03:21:00,401 - utils.browser_manager - INFO - ? Successfully connected to existing Chrome debug instance
2026-03-11 03:21:00,401 - utils.browser_manager - INFO - ?? Using existing context with 1 pages
2026-03-11 03:21:00,401 - utils.browser_manager - INFO - ?? Connected to existing Chrome: 145.0.7632.160
2026-03-11 03:21:00,401 - tools.amazon_playwright_extractor - INFO - \u2705 FixedAmazonExtractor connected via BrowserManager singleton
2026-03-11 03:21:00,401 - utils.browser_manager - INFO - ?? Reusing existing Chrome connection (port 9222)
2026-03-11 03:21:00,401 - utils.browser_manager - INFO - ?? Reusing existing page in persistent context.
2026-03-11 03:21:00,406 [INFO] WindowsSaveGuardian: ? ATOMIC SAVE: clearance-king_co_uk__sandbox__6c89a211_processing_state.json (27 entries) saved successfully
2026-03-11 03:21:00,406 - windows_save_guardian - INFO - ? ATOMIC SAVE: clearance-king_co_uk__sandbox__6c89a211_processing_state.json (27 entries) saved successfully
2026-03-11 03:21:00,407 - utils.fixed_enhanced_state_manager - INFO -  ATOMIC SAVE
2026-03-11 03:21:00,409 [INFO] WindowsSaveGuardian: ? ATOMIC SAVE: clearance-king_co_uk__sandbox__6c89a211_processing_state.json (27 entries) saved successfully
2026-03-11 03:21:00,409 - windows_save_guardian - INFO - ? ATOMIC SAVE: clearance-king_co_uk__sandbox__6c89a211_processing_state.json (27 entries) saved successfully
2026-03-11 03:21:00,409 - utils.fixed_enhanced_state_manager - INFO -  ATOMIC SAVE
2026-03-11 03:21:00,409 - tools.amazon_playwright_extractor - INFO - Searching Amazon by EAN: 5012866701651 for supplier product: 'Baby Feeding Bowl - Assorted Colours - 350ml - 13.5cm x 3.5cm - Pack Of 2' (FixedAmazonExtractor)
2026-03-11 03:21:00,409 - tools.amazon_playwright_extractor - INFO - Navigating to Amazon UK to search for EAN: 5012866701651
2026-03-11 03:21:05,553 - tools.amazon_playwright_extractor - INFO - Waiting for search results page to load for EAN 5012866701651...
2026-03-11 03:21:05,843 - tools.amazon_playwright_extractor - INFO - Found search results container with selector: div.s-search-results
2026-03-11 03:21:06,614 - tools.amazon_playwright_extractor - INFO - Found 12 search result elements using selector: div[data-component-type='s-search-result']
2026-03-11 03:21:06,615 - tools.amazon_playwright_extractor - INFO - Processing 12 search result elements for EAN 5012866701651
2026-03-11 03:21:06,903 - tools.amazon_playwright_extractor - INFO - \U0001f4ca SPONSORED FILTERING RESULTS: 0 organic products, 12 sponsored products filtered out
2026-03-11 03:21:06,903 - tools.amazon_playwright_extractor - WARNING - EAN 5012866701651 returned no organic results - skipping
2026-03-11 03:21:06,903 - tools.amazon_playwright_extractor - WARNING - No Amazon results or error for EAN '5012866701651'. Details: no_organic_results
2026-03-11 03:21:06,903 - tools.amazon_playwright_extractor - INFO - Falling back to title search for supplier product: 'Baby Feeding Bowl - Assorted Colours - 350ml - 13.5cm x 3.5cm - Pack Of 2'
2026-03-11 03:21:06,903 - tools.amazon_playwright_extractor - INFO - Searching Amazon by title using search bar: 'Baby Feeding Bowl - Assorted Colours - 350ml - 13.5cm x 3.5cm - Pack Of 2'
2026-03-11 03:21:06,903 - tools.amazon_playwright_extractor - INFO - Navigating to Amazon UK to search for title: Baby Feeding Bowl - Assorted Colours - 350ml - 13.5cm x 3.5cm - Pack Of 2
2026-03-11 03:21:14,254 - tools.amazon_playwright_extractor - INFO - Title search found 70 elements using selector: div.s-search-results > div[data-asin]
2026-03-11 03:21:15,670 - tools.amazon_playwright_extractor - WARNING - ASIN extraction failed: All 4 fallbacks exhausted
2026-03-11 03:21:15,895 - tools.amazon_playwright_extractor - INFO - \u2705 Title search: Selected first visible organic product - ASIN B07P7QN49X
2026-03-11 03:21:15,895 - tools.amazon_playwright_extractor - INFO - \U0001f3af ASIN EXTRACTION SUCCESS: Found 1 ASINs for title search: 'Baby Feeding Bowl - Assorted Colours - 350ml - 13.5cm x 3.5cm - Pack Of 2'
2026-03-11 03:21:15,895 - tools.amazon_playwright_extractor - INFO - Title search successful for 'Baby Feeding Bowl - Assorted Colours - 350ml - 13.5cm x 3.5cm - Pack Of 2' after EAN '5012866701651' failed
2026-03-11 03:21:15,895 - tools.amazon_playwright_extractor - INFO - Extracting complete data for fallback ASIN B07P7QN49X from title search
2026-03-11 03:21:15,895 - tools.amazon_playwright_extractor - WARNING - No page object provided to extract_data for ASIN B07P7QN49X. Getting a new one from BrowserManager.
2026-03-11 03:21:15,896 - tools.amazon_playwright_extractor - INFO - Reusing existing page: https://www.amazon.co.uk/s?k=Baby+Feeding+Bowl+-+Assorted+Colours+-+350ml+-+13.5cm+x+3.5cm+-+Pack+Of+2&ref=nb_sb_noss
2026-03-11 03:21:18,555 - tools.amazon_playwright_extractor - INFO - Checking for cookie consent pop-up...
2026-03-11 03:21:20,510 - tools.amazon_playwright_extractor - INFO - Finished checking for cookie consent pop-ups. If one was present and not handled, it might interfere.
2026-03-11 03:21:21,520 - tools.amazon_playwright_extractor - INFO - Checking for CAPTCHA...
2026-03-11 03:21:24,536 - tools.amazon_playwright_extractor - INFO - No CAPTCHA page detected by form selector.
2026-03-11 03:21:24,536 - tools.amazon_playwright_extractor - INFO - Checking for cookie consent pop-up...
2026-03-11 03:21:24,669 - tools.amazon_playwright_extractor - INFO - Finished checking for cookie consent pop-ups. If one was present and not handled, it might interfere.
2026-03-11 03:21:24,669 - tools.amazon_playwright_extractor - INFO - Page should be ready. Waiting 5s for stabilization...
2026-03-11 03:21:29,677 - tools.amazon_playwright_extractor - INFO - Waiting an additional 7s for extensions (Keepa, SellerAmp)...
2026-03-11 03:21:36,680 - tools.amazon_playwright_extractor - INFO - Extracting all product data for ASIN: B07P7QN49X
2026-03-11 03:21:36,680 - tools.amazon_playwright_extractor - INFO - Extracting basic product information (Title, Price, Images, Amazon Details)...
2026-03-11 03:21:36,831 - tools.amazon_playwright_extractor - INFO - Title found: 'Munchkin Stay Put Baby Suction Bowl Set| Baby Bowls for Weaning| Baby Feeding Suction Dish Pack| for Babies & Toddlers 6 Months+|BPA Free Weaning Set for Babies| Microwave/Dishwasher Safe | 3 Pack' via #productTitle
2026-03-11 03:21:36,831 - tools.amazon_playwright_extractor - INFO - Extracting price details...
2026-03-11 03:21:36,879 - tools.amazon_playwright_extractor - INFO - Current price: 5.7 via #corePrice_feature_div .a-offscreen
2026-03-11 03:21:36,945 - tools.amazon_playwright_extractor - INFO - Original price: 7.79 via .basisPrice span.a-text-price span.a-offscreen
2026-03-11 03:21:37,056 - tools.amazon_playwright_extractor - INFO - Extracting image URLs...
2026-03-11 03:21:37,134 - tools.amazon_playwright_extractor - INFO - Main image: https://m.media-amazon.com/images/I/51w1skdMmEL._AC_SL1500_.jpg via #landingImage
2026-03-11 03:21:37,305 - tools.amazon_playwright_extractor - INFO - Found 7 thumbnails.
2026-03-11 03:21:37,313 - tools.amazon_playwright_extractor - INFO - Extracting Amazon product details section...
2026-03-11 03:21:37,606 - tools.amazon_playwright_extractor - INFO - Extracting sales rank information...
2026-03-11 03:21:38,235 - tools.amazon_playwright_extractor - INFO - Extracting ratings and reviews...
2026-03-11 03:21:38,279 - tools.amazon_playwright_extractor - INFO - Rating: 4.5 via #acrPopover[title*='out of 5 stars']
2026-03-11 03:21:38,321 - tools.amazon_playwright_extractor - INFO - Review count: 24818 via #acrCustomerReviewText
2026-03-11 03:21:38,321 - tools.amazon_playwright_extractor - INFO - Extracting stock information...
2026-03-11 03:21:38,363 - tools.amazon_playwright_extractor - INFO - Availability text: 'In stock' via #availability span.a-size-medium.a-color-success
2026-03-11 03:21:38,363 - tools.amazon_playwright_extractor - INFO - Extracting features/bullets...
2026-03-11 03:21:38,746 - tools.amazon_playwright_extractor - INFO - Found 5 features.
2026-03-11 03:21:38,746 - tools.amazon_playwright_extractor - INFO - Extracting product description...
2026-03-11 03:21:38,819 - tools.amazon_playwright_extractor - INFO - Description found using selector: #aplus_feature_div
2026-03-11 03:21:38,819 - tools.amazon_playwright_extractor - INFO - Extracting product specifications table...
2026-03-11 03:21:39,955 - tools.amazon_playwright_extractor - INFO - Specifications table parsed using selector: table.a-keyvalue.prodDetTable
2026-03-11 03:21:39,955 - tools.amazon_playwright_extractor - INFO - Extracting SellerAmp data (if present)...
2026-03-11 03:21:39,955 - tools.amazon_playwright_extractor - INFO - SellerAmp data extraction is currently disabled as per requirements (Fix 2.3).
2026-03-11 03:21:39,955 - tools.amazon_playwright_extractor - INFO - Extracting Keepa data (if present)...
2026-03-11 03:21:39,955 - tools.amazon_playwright_extractor - INFO - Attempting to extract Keepa data...
2026-03-11 03:21:46,082 - tools.amazon_playwright_extractor - INFO - Keepa iframe found: iframe[id*='keepa']
2026-03-11 03:21:46,263 - tools.amazon_playwright_extractor - INFO - Keepa Sales Rank Details Table parsed.
2026-03-11 03:21:46,263 - tools.amazon_playwright_extractor - INFO - Keepa Graph AI Analysis is currently disabled as per requirements (Fix 2.4).
2026-03-11 03:21:46,319 - tools.amazon_playwright_extractor - INFO - Keepa Data tab found. Currently active: False
2026-03-11 03:21:46,320 - tools.amazon_playwright_extractor - INFO - Clicking Keepa 'Data' tab...
2026-03-11 03:21:48,925 - tools.amazon_playwright_extractor - INFO - Attempt 1/2: Waiting 12000ms for Product-Details wrapper...
2026-03-11 03:21:55,794 - tools.amazon_playwright_extractor - INFO - ? Product-Details wrapper appeared on attempt 1
2026-03-11 03:21:55,855 - tools.amazon_playwright_extractor - INFO - Parsing Keepa AG Grid for Product Details from: div#MoreTab1 div#grid-product-detail
2026-03-11 03:21:55,908 - tools.amazon_playwright_extractor - INFO - Primary attempt: Waiting 12 seconds for AG Grid rows to load...
2026-03-11 03:21:56,960 - tools.amazon_playwright_extractor - INFO - ? Primary attempt successful: 181 rows found
2026-03-11 03:21:56,977 - tools.amazon_playwright_extractor - INFO - Processing 181 rows in Keepa Product Details AG Grid.
2026-03-11 03:21:59,006 - tools.amazon_playwright_extractor - INFO - Found potential fee key 'FBA Pick&Pack Fee' with raw value: 'Ł 3.49' in Keepa AG Grid.
2026-03-11 03:21:59,129 - tools.amazon_playwright_extractor - INFO - Found potential fee key 'Referral Fee based on current Buy Box price' with raw value: 'Ł 0.46' in Keepa AG Grid.
2026-03-11 03:22:05,283 - tools.amazon_playwright_extractor - INFO - ? Successfully parsed 54 items from Keepa Product Details AG Grid.
2026-03-11 03:22:05,283 - tools.amazon_playwright_extractor - INFO - ASIN B07P7QN49X: Attempting to extract EANs from Keepa product_details_tab_data.
2026-03-11 03:22:05,283 - tools.amazon_playwright_extractor - INFO - ASIN B07P7QN49X: EAN '5019090517508' found in Keepa details via key 'Product Codes - EAN'.
2026-03-11 03:22:05,283 - tools.amazon_playwright_extractor - INFO - ASIN B07P7QN49X: BSR not found or invalid from page. Attempting fallback from Keepa.
2026-03-11 03:22:05,283 - tools.amazon_playwright_extractor - INFO - ASIN B07P7QN49X: BSR 71 in 'Baby Products 33' from Keepa SalesRankDetailsTable.
2026-03-11 03:22:05,286 [INFO] WindowsSaveGuardian: ? ATOMIC SAVE: amazon_B07P7QN49X_5012866701651.json (29 entries) saved successfully
2026-03-11 03:22:05,286 - windows_save_guardian - INFO - ? ATOMIC SAVE: amazon_B07P7QN49X_5012866701651.json (29 entries) saved successfully
2026-03-11 03:22:05,290 [INFO] WindowsSaveGuardian: ? ATOMIC SAVE: linking_map.json (1 entries) saved successfully
2026-03-11 03:22:05,290 - windows_save_guardian - INFO - ? ATOMIC SAVE: linking_map.json (1 entries) saved successfully
2026-03-11 03:22:05,290 - __main__ - INFO - Linking map periodic flush: 1 entries
2026-03-11 03:22:05,292 [INFO] WindowsSaveGuardian: ? ATOMIC SAVE: clearance-king_co_uk__sandbox__6c89a211_processing_state.json (27 entries) saved successfully
2026-03-11 03:22:05,292 - windows_save_guardian - INFO - ? ATOMIC SAVE: clearance-king_co_uk__sandbox__6c89a211_processing_state.json (27 entries) saved successfully
2026-03-11 03:22:05,293 - utils.fixed_enhanced_state_manager - INFO -  ATOMIC SAVE
2026-03-11 03:22:05,293 - tools.amazon_playwright_extractor - INFO - Searching Amazon by EAN: 5017353501578 for supplier product: 'Little Wonders Wide Neck Teats - Pack Of 2' (FixedAmazonExtractor)
2026-03-11 03:22:05,293 - tools.amazon_playwright_extractor - INFO - Navigating to Amazon UK to search for EAN: 5017353501578
2026-03-11 03:22:10,290 - tools.amazon_playwright_extractor - INFO - Waiting for search results page to load for EAN 5017353501578...
2026-03-11 03:22:10,353 - tools.amazon_playwright_extractor - INFO - Found search results container with selector: div.s-search-results
2026-03-11 03:22:11,004 - tools.amazon_playwright_extractor - INFO - Found 7 search result elements using selector: div[data-component-type='s-search-result']
2026-03-11 03:22:11,004 - tools.amazon_playwright_extractor - INFO - Processing 7 search result elements for EAN 5017353501578
2026-03-11 03:22:11,103 - tools.amazon_playwright_extractor - INFO - Found organic result: ASIN B002L6R6LM - Little Wonders Wide Neck Silicone Teats - Pack of 2...
2026-03-11 03:22:11,249 - tools.amazon_playwright_extractor - INFO - \U0001f4ca SPONSORED FILTERING RESULTS: 1 organic products, 6 sponsored products filtered out
2026-03-11 03:22:11,249 - tools.amazon_playwright_extractor - INFO - \u2705 EAN SEARCH: Selected first organic result - ASIN B002L6R6LM
2026-03-11 03:22:11,249 - tools.amazon_playwright_extractor - INFO -    Trusting Amazon's search relevance for EAN 5017353501578
2026-03-11 03:22:11,249 - tools.amazon_playwright_extractor - INFO -    EAN will be extracted by Keepa during full product data extraction
2026-03-11 03:22:11,249 - tools.amazon_playwright_extractor - INFO - Single ASIN B002L6R6LM found for EAN 5017353501578.
2026-03-11 03:22:11,249 - tools.amazon_playwright_extractor - INFO - Proceeding with ASIN: B002L6R6LM for EAN: 5017353501578
2026-03-11 03:22:11,250 - tools.amazon_playwright_extractor - WARNING - No page object provided to extract_data for ASIN B002L6R6LM. Getting a new one from BrowserManager.
2026-03-11 03:22:11,250 - tools.amazon_playwright_extractor - INFO - Reusing existing page: https://www.amazon.co.uk/s?k=5017353501578&ref=nb_sb_noss
2026-03-11 03:22:13,846 - tools.amazon_playwright_extractor - INFO - Checking for cookie consent pop-up...
2026-03-11 03:22:14,321 - tools.amazon_playwright_extractor - INFO - Finished checking for cookie consent pop-ups. If one was present and not handled, it might interfere.
2026-03-11 03:22:15,325 - tools.amazon_playwright_extractor - INFO - Checking for CAPTCHA...
2026-03-11 03:22:18,337 - tools.amazon_playwright_extractor - INFO - No CAPTCHA page detected by form selector.
2026-03-11 03:22:18,337 - tools.amazon_playwright_extractor - INFO - Checking for cookie consent pop-up...
2026-03-11 03:22:18,427 - tools.amazon_playwright_extractor - INFO - Finished checking for cookie consent pop-ups. If one was present and not handled, it might interfere.
2026-03-11 03:22:18,427 - tools.amazon_playwright_extractor - INFO - Page should be ready. Waiting 5s for stabilization...
2026-03-11 03:22:23,435 - tools.amazon_playwright_extractor - INFO - Waiting an additional 7s for extensions (Keepa, SellerAmp)...
2026-03-11 03:22:30,443 - tools.amazon_playwright_extractor - INFO - Extracting all product data for ASIN: B002L6R6LM
2026-03-11 03:22:30,443 - tools.amazon_playwright_extractor - INFO - Extracting basic product information (Title, Price, Images, Amazon Details)...
2026-03-11 03:22:30,479 - tools.amazon_playwright_extractor - INFO - Title found: 'Little Wonders Wide Neck Silicone Teats - Pack of 2' via #productTitle
2026-03-11 03:22:30,479 - tools.amazon_playwright_extractor - INFO - Extracting price details...
2026-03-11 03:22:30,505 - tools.amazon_playwright_extractor - INFO - Current price: 6.1 via #corePrice_feature_div .a-offscreen
2026-03-11 03:22:30,561 - tools.amazon_playwright_extractor - INFO - Original price: 6.95 via span.a-price.a-text-price[data-a-strike='true'] span.a-offscreen
2026-03-11 03:22:30,611 - tools.amazon_playwright_extractor - INFO - Extracting image URLs...
2026-03-11 03:22:30,652 - tools.amazon_playwright_extractor - INFO - Main image: https://m.media-amazon.com/images/I/81bNaSbxPhL._AC_SL1500_.jpg via #landingImage
2026-03-11 03:22:30,694 - tools.amazon_playwright_extractor - INFO - Found 1 thumbnails.
2026-03-11 03:22:30,700 - tools.amazon_playwright_extractor - INFO - Extracting Amazon product details section...
2026-03-11 03:22:30,805 - tools.amazon_playwright_extractor - INFO - Extracting sales rank information...
2026-03-11 03:22:30,978 - tools.amazon_playwright_extractor - INFO - Extracting ratings and reviews...
2026-03-11 03:22:31,025 - tools.amazon_playwright_extractor - INFO - Rating: 5.0 via i[class*='a-icon-star'] span.a-icon-alt
2026-03-11 03:22:31,070 - tools.amazon_playwright_extractor - INFO - Extracting stock information...
2026-03-11 03:22:31,094 - tools.amazon_playwright_extractor - INFO - Availability text: 'In stock' via #availability span.a-size-medium.a-color-success
2026-03-11 03:22:31,094 - tools.amazon_playwright_extractor - INFO - Extracting features/bullets...
2026-03-11 03:22:31,346 - tools.amazon_playwright_extractor - INFO - Found 5 features.
2026-03-11 03:22:31,346 - tools.amazon_playwright_extractor - INFO - Extracting product description...
2026-03-11 03:22:31,365 - tools.amazon_playwright_extractor - INFO - Description found using selector: #productDescription
2026-03-11 03:22:31,365 - tools.amazon_playwright_extractor - INFO - Extracting product specifications table...
2026-03-11 03:22:31,768 - tools.amazon_playwright_extractor - INFO - Specifications table parsed using selector: table.a-keyvalue.prodDetTable
2026-03-11 03:22:31,768 - tools.amazon_playwright_extractor - INFO - Extracting SellerAmp data (if present)...
2026-03-11 03:22:31,768 - tools.amazon_playwright_extractor - INFO - SellerAmp data extraction is currently disabled as per requirements (Fix 2.3).
2026-03-11 03:22:31,768 - tools.amazon_playwright_extractor - INFO - Extracting Keepa data (if present)...
2026-03-11 03:22:31,768 - tools.amazon_playwright_extractor - INFO - Attempting to extract Keepa data...
2026-03-11 03:22:37,871 - tools.amazon_playwright_extractor - INFO - Keepa iframe found: iframe[id*='keepa']
2026-03-11 03:22:37,911 - tools.amazon_playwright_extractor - INFO - Keepa Graph AI Analysis is currently disabled as per requirements (Fix 2.4).
2026-03-11 03:22:37,950 - tools.amazon_playwright_extractor - INFO - Keepa Data tab found. Currently active: False
2026-03-11 03:22:37,950 - tools.amazon_playwright_extractor - INFO - Clicking Keepa 'Data' tab...
2026-03-11 03:22:40,199 - tools.amazon_playwright_extractor - INFO - Attempt 1/2: Waiting 12000ms for Product-Details wrapper...
2026-03-11 03:22:41,111 - tools.amazon_playwright_extractor - INFO - ? Product-Details wrapper appeared on attempt 1
2026-03-11 03:22:41,166 - tools.amazon_playwright_extractor - INFO - Parsing Keepa AG Grid for Product Details from: div#MoreTab1 div#grid-product-detail
2026-03-11 03:22:41,217 - tools.amazon_playwright_extractor - INFO - Primary attempt: Waiting 12 seconds for AG Grid rows to load...
2026-03-11 03:22:42,256 - tools.amazon_playwright_extractor - INFO - ? Primary attempt successful: 112 rows found
2026-03-11 03:22:42,270 - tools.amazon_playwright_extractor - INFO - Processing 112 rows in Keepa Product Details AG Grid.
2026-03-11 03:22:43,407 - tools.amazon_playwright_extractor - INFO - Found potential fee key 'FBA Pick&Pack Fee' with raw value: 'Ł 2.65' in Keepa AG Grid.
2026-03-11 03:22:43,529 - tools.amazon_playwright_extractor - INFO - Found potential fee key 'Referral Fee based on current Buy Box price' with raw value: 'Ł 0.49' in Keepa AG Grid.
2026-03-11 03:22:46,180 - tools.amazon_playwright_extractor - INFO - ? Successfully parsed 32 items from Keepa Product Details AG Grid.
2026-03-11 03:22:46,180 - tools.amazon_playwright_extractor - INFO - ASIN B002L6R6LM: Attempting to extract EANs from Keepa product_details_tab_data.
2026-03-11 03:22:46,180 - tools.amazon_playwright_extractor - INFO - ASIN B002L6R6LM: EAN '5017353501578' found in Keepa details via key 'Product Codes - EAN'.
2026-03-11 03:22:46,180 - tools.amazon_playwright_extractor - INFO - ASIN B002L6R6LM: BSR not found or invalid from page. Attempting fallback from Keepa.
2026-03-11 03:22:46,180 - tools.amazon_playwright_extractor - WARNING - ASIN B002L6R6LM: Could not find BSR in any Keepa data source.
2026-03-11 03:22:46,181 - tools.amazon_playwright_extractor - INFO - \u2705 Recorded search method 'EAN' for ASIN B002L6R6LM
2026-03-11 03:22:46,181 - tools.amazon_playwright_extractor - INFO - Successfully extracted data for ASIN B002L6R6LM (EAN on page: 5017353501578)
2026-03-11 03:22:46,184 [INFO] WindowsSaveGuardian: ? ATOMIC SAVE: amazon_B002L6R6LM_5017353501578.json (26 entries) saved successfully
2026-03-11 03:22:46,184 - windows_save_guardian - INFO - ? ATOMIC SAVE: amazon_B002L6R6LM_5017353501578.json (26 entries) saved successfully
2026-03-11 03:22:46,188 [INFO] WindowsSaveGuardian: ? ATOMIC SAVE: linking_map.json (2 entries) saved successfully
2026-03-11 03:22:46,188 - windows_save_guardian - INFO - ? ATOMIC SAVE: linking_map.json (2 entries) saved successfully
2026-03-11 03:22:46,188 - __main__ - INFO - Linking map periodic flush: 2 entries
2026-03-11 03:22:46,191 [INFO] WindowsSaveGuardian: ? ATOMIC SAVE: clearance-king_co_uk__sandbox__6c89a211_processing_state.json (27 entries) saved successfully
2026-03-11 03:22:46,191 - windows_save_guardian - INFO - ? ATOMIC SAVE: clearance-king_co_uk__sandbox__6c89a211_processing_state.json (27 entries) saved successfully
2026-03-11 03:22:46,191 - utils.fixed_enhanced_state_manager - INFO -  ATOMIC SAVE
2026-03-11 03:22:46,191 - tools.amazon_playwright_extractor - INFO - Searching Amazon by EAN: 9325448071698 for supplier product: 'Smash Fantasy Feet Baby Feeding Bowl with Spoon - Assorted Designs' (FixedAmazonExtractor)
2026-03-11 03:22:46,191 - tools.amazon_playwright_extractor - INFO - Navigating to Amazon UK to search for EAN: 9325448071698
2026-03-11 03:22:52,315 - tools.amazon_playwright_extractor - INFO - Waiting for search results page to load for EAN 9325448071698...
2026-03-11 03:22:52,370 - tools.amazon_playwright_extractor - INFO - Found search results container with selector: div.s-search-results
2026-03-11 03:22:53,108 - tools.amazon_playwright_extractor - INFO - Found 1 search result elements using selector: div[data-component-type='s-search-result']
2026-03-11 03:22:53,108 - tools.amazon_playwright_extractor - INFO - Processing 1 search result elements for EAN 9325448071698
2026-03-11 03:22:53,216 - tools.amazon_playwright_extractor - INFO - \U0001f4ca SPONSORED FILTERING RESULTS: 0 organic products, 1 sponsored products filtered out
2026-03-11 03:22:53,216 - tools.amazon_playwright_extractor - WARNING - EAN 9325448071698 returned no organic results - skipping
2026-03-11 03:22:53,217 - tools.amazon_playwright_extractor - WARNING - No Amazon results or error for EAN '9325448071698'. Details: no_organic_results
2026-03-11 03:22:53,217 - tools.amazon_playwright_extractor - INFO - Falling back to title search for supplier product: 'Smash Fantasy Feet Baby Feeding Bowl with Spoon - Assorted Designs'
2026-03-11 03:22:53,217 - tools.amazon_playwright_extractor - INFO - Searching Amazon by title using search bar: 'Smash Fantasy Feet Baby Feeding Bowl with Spoon - Assorted Designs'
2026-03-11 03:22:53,217 - tools.amazon_playwright_extractor - INFO - Navigating to Amazon UK to search for title: Smash Fantasy Feet Baby Feeding Bowl with Spoon - Assorted Designs
2026-03-11 03:23:01,734 - tools.amazon_playwright_extractor - INFO - Title search found 71 elements using selector: div.s-search-results > div[data-asin]
2026-03-11 03:23:01,969 - tools.amazon_playwright_extractor - WARNING - ASIN extraction failed: All 4 fallbacks exhausted
