2026-02-18 00:50:08,360 - __main__ - WARNING - Ignoring supplier identity from products file; job sandbox is authoritative. job=clearance-king.co.uk__sandbox__6c89d52c file=clearanceking.co.uk
2026-02-18 00:50:08,360 - tools.amazon_playwright_extractor - WARNING - ?? BrowserCircuitBreaker not available - health management disabled
2026-02-18 00:50:08,360 - tools.amazon_playwright_extractor - INFO - AI features disabled in amazon_playwright_extractor - using only traditional selectors.
2026-02-18 00:50:08,361 - tools.amazon_playwright_extractor - INFO - Output directory set to: C:\Users\chris\Desktop\Amazon-FBA-Agent-System-v32 - latest good - Copy (8) - Copy - Copy - POSTLONGRUNPREKIRO2 beforecompletion-\OUTPUTS\CACHE\amazon_data
2026-02-18 00:50:08,361 - tools.amazon_playwright_extractor - WARNING - ?? BrowserManager not available, using legacy browser connection
2026-02-18 00:50:08,362 - tools.amazon_playwright_extractor - INFO - \U0001f527 FixedAmazonExtractor connecting via BrowserManager singleton
2026-02-18 00:50:08,362 - utils.browser_circuit_breaker - INFO - BrowserCircuitBreaker initialized: threshold=3, timeout=300s
2026-02-18 00:50:08,362 - utils.browser_manager - INFO - ?? BrowserManager singleton initialized with health management
2026-02-18 00:50:08,850 - utils.browser_manager - INFO - ?? Connecting to existing Chrome debug instance on port 9222
2026-02-18 00:50:08,850 - utils.browser_manager - INFO - ?? Per troubleshooting docs: Using existing Chrome debug only
2026-02-18 00:50:11,268 - utils.browser_manager - INFO - ? Chrome debug accessible on IPv4: Chrome/145.0.7632.76
2026-02-18 00:50:11,269 - utils.browser_manager - INFO - ?? Connecting to existing Chrome debug instance...
2026-02-18 00:50:13,305 - utils.browser_manager - INFO - ?? Using endpoint: http://localhost:9222
2026-02-18 00:50:13,562 - utils.browser_manager - INFO - ? Successfully connected to existing Chrome debug instance
2026-02-18 00:50:13,562 - utils.browser_manager - INFO - ?? Using existing context with 1 pages
2026-02-18 00:50:13,562 - utils.browser_manager - INFO - ?? Connected to existing Chrome: 145.0.7632.76
2026-02-18 00:50:13,563 - tools.amazon_playwright_extractor - INFO - \u2705 FixedAmazonExtractor connected via BrowserManager singleton
2026-02-18 00:50:13,563 - utils.browser_manager - INFO - ?? Reusing existing Chrome connection (port 9222)
2026-02-18 00:50:13,563 - utils.browser_manager - INFO - ?? Reusing existing page in persistent context.
2026-02-18 00:50:13,568 [INFO] WindowsSaveGuardian: ? ATOMIC SAVE: clearance-king_co_uk__sandbox__6c89d52c_processing_state.json (27 entries) saved successfully
2026-02-18 00:50:13,568 - windows_save_guardian - INFO - ? ATOMIC SAVE: clearance-king_co_uk__sandbox__6c89d52c_processing_state.json (27 entries) saved successfully
2026-02-18 00:50:13,569 - utils.fixed_enhanced_state_manager - INFO -  ATOMIC SAVE
2026-02-18 00:50:13,571 [INFO] WindowsSaveGuardian: ? ATOMIC SAVE: clearance-king_co_uk__sandbox__6c89d52c_processing_state.json (27 entries) saved successfully
2026-02-18 00:50:13,571 - windows_save_guardian - INFO - ? ATOMIC SAVE: clearance-king_co_uk__sandbox__6c89d52c_processing_state.json (27 entries) saved successfully
2026-02-18 00:50:13,571 - utils.fixed_enhanced_state_manager - INFO -  ATOMIC SAVE
2026-02-18 00:50:13,571 - tools.amazon_playwright_extractor - INFO - Searching Amazon by EAN:  for supplier product: 'BABY WASH CLOTHES - ASSORTED COLOURS - PACK OF 6' (FixedAmazonExtractor)
2026-02-18 00:50:13,571 - tools.amazon_playwright_extractor - INFO - Navigating to Amazon UK to search for EAN: 
2026-02-18 00:50:22,437 - tools.amazon_playwright_extractor - INFO - Waiting for search results page to load for EAN ...
2026-02-18 00:51:42,504 - tools.amazon_playwright_extractor - WARNING - No search results containers found for EAN 
2026-02-18 00:51:42,507 [INFO] WindowsSaveGuardian: ? ATOMIC SAVE: linking_map.json (1 entries) saved successfully
2026-02-18 00:51:42,507 - windows_save_guardian - INFO - ? ATOMIC SAVE: linking_map.json (1 entries) saved successfully
2026-02-18 00:51:42,507 - __main__ - INFO - Linking map periodic flush: 1 entries
2026-02-18 00:51:42,510 [INFO] WindowsSaveGuardian: ? ATOMIC SAVE: clearance-king_co_uk__sandbox__6c89d52c_processing_state.json (27 entries) saved successfully
2026-02-18 00:51:42,510 - windows_save_guardian - INFO - ? ATOMIC SAVE: clearance-king_co_uk__sandbox__6c89d52c_processing_state.json (27 entries) saved successfully
2026-02-18 00:51:42,510 - utils.fixed_enhanced_state_manager - INFO -  ATOMIC SAVE
2026-02-18 00:51:42,511 - tools.amazon_playwright_extractor - INFO - Searching Amazon by EAN:  for supplier product: 'PLUG SOCKET COVERS - PACK OF 10' (FixedAmazonExtractor)
2026-02-18 00:51:42,511 - tools.amazon_playwright_extractor - INFO - Navigating to Amazon UK to search for EAN: 
2026-02-18 00:51:46,201 - tools.amazon_playwright_extractor - INFO - Waiting for search results page to load for EAN ...
2026-02-18 00:53:06,265 - tools.amazon_playwright_extractor - WARNING - No search results containers found for EAN 
2026-02-18 00:53:06,268 [INFO] WindowsSaveGuardian: ? ATOMIC SAVE: linking_map.json (2 entries) saved successfully
2026-02-18 00:53:06,268 - windows_save_guardian - INFO - ? ATOMIC SAVE: linking_map.json (2 entries) saved successfully
2026-02-18 00:53:06,269 - __main__ - INFO - Linking map periodic flush: 2 entries
2026-02-18 00:53:06,271 [INFO] WindowsSaveGuardian: ? ATOMIC SAVE: clearance-king_co_uk__sandbox__6c89d52c_processing_state.json (27 entries) saved successfully
2026-02-18 00:53:06,271 - windows_save_guardian - INFO - ? ATOMIC SAVE: clearance-king_co_uk__sandbox__6c89d52c_processing_state.json (27 entries) saved successfully
2026-02-18 00:53:06,272 - utils.fixed_enhanced_state_manager - INFO -  ATOMIC SAVE
2026-02-18 00:53:06,274 [INFO] WindowsSaveGuardian: ? ATOMIC SAVE: clearance-king_co_uk__sandbox__6c89d52c_processing_state.json (27 entries) saved successfully
2026-02-18 00:53:06,274 - windows_save_guardian - INFO - ? ATOMIC SAVE: clearance-king_co_uk__sandbox__6c89d52c_processing_state.json (27 entries) saved successfully
2026-02-18 00:53:06,275 - utils.fixed_enhanced_state_manager - INFO -  ATOMIC SAVE
2026-02-18 00:53:06,275 - tools.amazon_playwright_extractor - INFO - Searching Amazon by EAN: 39401219 for supplier product: 'CUDDLES BATH TOYS - ASSORTED CHARACTERS - PACK OF 4' (FixedAmazonExtractor)
2026-02-18 00:53:06,275 - tools.amazon_playwright_extractor - INFO - Navigating to Amazon UK to search for EAN: 39401219
2026-02-18 00:53:10,368 - tools.amazon_playwright_extractor - INFO - Waiting for search results page to load for EAN 39401219...
2026-02-18 00:53:10,445 - tools.amazon_playwright_extractor - INFO - Found search results container with selector: div.s-search-results
2026-02-18 00:53:11,088 - tools.amazon_playwright_extractor - INFO - Found 12 search result elements using selector: div[data-component-type='s-search-result']
2026-02-18 00:53:11,088 - tools.amazon_playwright_extractor - INFO - Processing 12 search result elements for EAN 39401219
2026-02-18 00:53:11,305 - tools.amazon_playwright_extractor - INFO - \U0001f4ca SPONSORED FILTERING RESULTS: 0 organic products, 12 sponsored products filtered out
2026-02-18 00:53:11,306 - tools.amazon_playwright_extractor - WARNING - EAN 39401219 returned no organic results - skipping
2026-02-18 00:53:11,306 - tools.amazon_playwright_extractor - WARNING - No Amazon results or error for EAN '39401219'. Details: no_organic_results
2026-02-18 00:53:11,306 - tools.amazon_playwright_extractor - INFO - Falling back to title search for supplier product: 'CUDDLES BATH TOYS - ASSORTED CHARACTERS - PACK OF 4'
2026-02-18 00:53:11,306 - tools.amazon_playwright_extractor - INFO - Searching Amazon by title using search bar: 'CUDDLES BATH TOYS - ASSORTED CHARACTERS - PACK OF 4'
2026-02-18 00:53:11,306 - tools.amazon_playwright_extractor - INFO - Navigating to Amazon UK to search for title: CUDDLES BATH TOYS - ASSORTED CHARACTERS - PACK OF 4
2026-02-18 00:53:15,299 - tools.amazon_playwright_extractor - INFO - Title search found 72 elements using selector: div.s-search-results > div[data-asin]
2026-02-18 00:53:15,401 - tools.amazon_playwright_extractor - WARNING - ASIN extraction failed: All 4 fallbacks exhausted
2026-02-18 00:53:15,570 - tools.amazon_playwright_extractor - INFO - \u2705 Title search: Selected first visible organic product - ASIN B01F1TIB28
2026-02-18 00:53:15,571 - tools.amazon_playwright_extractor - INFO - \U0001f3af ASIN EXTRACTION SUCCESS: Found 1 ASINs for title search: 'CUDDLES BATH TOYS - ASSORTED CHARACTERS - PACK OF 4'
2026-02-18 00:53:15,571 - tools.amazon_playwright_extractor - INFO - Title search successful for 'CUDDLES BATH TOYS - ASSORTED CHARACTERS - PACK OF 4' after EAN '39401219' failed
2026-02-18 00:53:15,571 - tools.amazon_playwright_extractor - INFO - Extracting complete data for fallback ASIN B01F1TIB28 from title search
2026-02-18 00:53:15,571 - tools.amazon_playwright_extractor - WARNING - No page object provided to extract_data for ASIN B01F1TIB28. Getting a new one from BrowserManager.
2026-02-18 00:53:15,571 - tools.amazon_playwright_extractor - INFO - Reusing existing page: https://www.amazon.co.uk/s?k=CUDDLES+BATH+TOYS+-+ASSORTED+CHARACTERS+-+PACK+OF+4&ref=nb_sb_noss
2026-02-18 00:53:17,984 - tools.amazon_playwright_extractor - INFO - Checking for cookie consent pop-up...
2026-02-18 00:53:18,215 - tools.amazon_playwright_extractor - INFO - Finished checking for cookie consent pop-ups. If one was present and not handled, it might interfere.
2026-02-18 00:53:19,228 - tools.amazon_playwright_extractor - INFO - Checking for CAPTCHA...
2026-02-18 00:53:22,247 - tools.amazon_playwright_extractor - INFO - No CAPTCHA page detected by form selector.
2026-02-18 00:53:22,247 - tools.amazon_playwright_extractor - INFO - Checking for cookie consent pop-up...
2026-02-18 00:53:22,353 - tools.amazon_playwright_extractor - INFO - Finished checking for cookie consent pop-ups. If one was present and not handled, it might interfere.
2026-02-18 00:53:22,353 - tools.amazon_playwright_extractor - INFO - Page should be ready. Waiting 5s for stabilization...
2026-02-18 00:53:27,367 - tools.amazon_playwright_extractor - INFO - Waiting an additional 7s for extensions (Keepa, SellerAmp)...
2026-02-18 00:53:34,369 - tools.amazon_playwright_extractor - INFO - Extracting all product data for ASIN: B01F1TIB28
2026-02-18 00:53:34,369 - tools.amazon_playwright_extractor - INFO - Extracting basic product information (Title, Price, Images, Amazon Details)...
2026-02-18 00:53:34,423 - tools.amazon_playwright_extractor - INFO - Title found: 'Munchkin Ocean Bath Toy (Pack of 4)' via #productTitle
2026-02-18 00:53:34,423 - tools.amazon_playwright_extractor - INFO - Extracting price details...
2026-02-18 00:53:34,463 - tools.amazon_playwright_extractor - INFO - Current price: 4.94 via #corePrice_feature_div .a-offscreen
2026-02-18 00:53:34,530 - tools.amazon_playwright_extractor - INFO - Original price: 6.94 via .basisPrice span.a-text-price span.a-offscreen
2026-02-18 00:53:34,598 - tools.amazon_playwright_extractor - INFO - Amazon sales badge found: 300 in container div#socialProofingAsinFaceout_feature_div
2026-02-18 00:53:34,598 - tools.amazon_playwright_extractor - INFO - Extracting image URLs...
2026-02-18 00:53:34,668 - tools.amazon_playwright_extractor - INFO - Main image: https://m.media-amazon.com/images/I/51LdjTfSQVL._AC_SL1200_.jpg via #landingImage
2026-02-18 00:53:34,794 - tools.amazon_playwright_extractor - INFO - Found 7 thumbnails.
2026-02-18 00:53:34,801 - tools.amazon_playwright_extractor - INFO - Extracting Amazon product details section...
2026-02-18 00:53:34,946 - tools.amazon_playwright_extractor - INFO - Extracting sales rank information...
2026-02-18 00:53:35,146 - tools.amazon_playwright_extractor - INFO - Extracting ratings and reviews...
2026-02-18 00:53:35,176 - tools.amazon_playwright_extractor - INFO - Rating: 4.6 via #acrPopover[title*='out of 5 stars']
2026-02-18 00:53:35,203 - tools.amazon_playwright_extractor - INFO - Review count: 7239 via #acrCustomerReviewText
2026-02-18 00:53:35,203 - tools.amazon_playwright_extractor - INFO - Extracting stock information...
2026-02-18 00:53:35,231 - tools.amazon_playwright_extractor - INFO - Availability text: 'In stock' via #availability span.a-size-medium.a-color-success
2026-02-18 00:53:35,231 - tools.amazon_playwright_extractor - INFO - Extracting features/bullets...
2026-02-18 00:53:35,595 - tools.amazon_playwright_extractor - INFO - Found 5 features.
2026-02-18 00:53:35,595 - tools.amazon_playwright_extractor - INFO - Extracting product description...
2026-02-18 00:53:35,655 - tools.amazon_playwright_extractor - INFO - Description found using selector: #aplus_feature_div
2026-02-18 00:53:35,655 - tools.amazon_playwright_extractor - INFO - Extracting product specifications table...
2026-02-18 00:53:36,521 - tools.amazon_playwright_extractor - INFO - Specifications table parsed using selector: table.a-keyvalue.prodDetTable
2026-02-18 00:53:36,521 - tools.amazon_playwright_extractor - INFO - Extracting SellerAmp data (if present)...
2026-02-18 00:53:36,521 - tools.amazon_playwright_extractor - INFO - SellerAmp data extraction is currently disabled as per requirements (Fix 2.3).
2026-02-18 00:53:36,521 - tools.amazon_playwright_extractor - INFO - Extracting Keepa data (if present)...
2026-02-18 00:53:36,521 - tools.amazon_playwright_extractor - INFO - Attempting to extract Keepa data...
2026-02-18 00:53:42,612 - tools.amazon_playwright_extractor - INFO - Keepa iframe found: iframe[id*='keepa']
2026-02-18 00:53:42,698 - tools.amazon_playwright_extractor - INFO - Keepa Sales Rank Details Table parsed.
2026-02-18 00:53:42,698 - tools.amazon_playwright_extractor - INFO - Keepa Graph AI Analysis is currently disabled as per requirements (Fix 2.4).
2026-02-18 00:53:42,721 - tools.amazon_playwright_extractor - INFO - Keepa Data tab found. Currently active: False
2026-02-18 00:53:42,721 - tools.amazon_playwright_extractor - INFO - Clicking Keepa 'Data' tab...
2026-02-18 00:53:44,966 - tools.amazon_playwright_extractor - INFO - Attempt 1/2: Waiting 12000ms for Product-Details wrapper...
2026-02-18 00:53:47,422 - tools.amazon_playwright_extractor - INFO - ? Product-Details wrapper appeared on attempt 1
2026-02-18 00:53:47,439 - tools.amazon_playwright_extractor - WARNING - Product-Details tab visible, but inner grid still not ready – extending wait with retry logic.
2026-02-18 00:53:47,439 - tools.amazon_playwright_extractor - INFO - Grid attempt 1/3: Waiting 15000ms for grid container...
2026-02-18 00:53:47,590 - tools.amazon_playwright_extractor - INFO - ? Grid became visible after attempt 1 – continuing.
2026-02-18 00:53:47,633 - tools.amazon_playwright_extractor - INFO - Parsing Keepa AG Grid for Product Details from: div#MoreTab1 div#grid-product-detail
2026-02-18 00:53:47,682 - tools.amazon_playwright_extractor - INFO - Primary attempt: Waiting 12 seconds for AG Grid rows to load...
2026-02-18 00:53:48,724 - tools.amazon_playwright_extractor - INFO - ? Primary attempt successful: 187 rows found
2026-02-18 00:53:48,739 - tools.amazon_playwright_extractor - INFO - Processing 187 rows in Keepa Product Details AG Grid.
2026-02-18 00:53:50,325 - tools.amazon_playwright_extractor - INFO - Found potential fee key 'FBA Pick&Pack Fee' with raw value: 'Ł 2.70' in Keepa AG Grid.
2026-02-18 00:53:50,447 - tools.amazon_playwright_extractor - INFO - Found potential fee key 'Referral Fee based on current Buy Box price' with raw value: 'Ł 0.74' in Keepa AG Grid.
2026-02-18 00:53:54,574 - tools.amazon_playwright_extractor - INFO - ? Successfully parsed 55 items from Keepa Product Details AG Grid.
2026-02-18 00:53:54,574 - tools.amazon_playwright_extractor - INFO - ASIN B01F1TIB28: Attempting to extract EANs from Keepa product_details_tab_data.
2026-02-18 00:53:54,575 - tools.amazon_playwright_extractor - WARNING - ASIN B01F1TIB28: Could not find EAN in Keepa product_details_tab_data.
2026-02-18 00:53:54,575 - tools.amazon_playwright_extractor - INFO - ASIN B01F1TIB28: BSR not found or invalid from page. Attempting fallback from Keepa.
2026-02-18 00:53:54,575 - tools.amazon_playwright_extractor - INFO - ASIN B01F1TIB28: BSR 670 in 'Toys & Games 39' from Keepa SalesRankDetailsTable.
2026-02-18 00:53:54,578 [INFO] WindowsSaveGuardian: ? ATOMIC SAVE: amazon_B01F1TIB28_39401219.json (27 entries) saved successfully
2026-02-18 00:53:54,578 - windows_save_guardian - INFO - ? ATOMIC SAVE: amazon_B01F1TIB28_39401219.json (27 entries) saved successfully
2026-02-18 00:53:54,583 [INFO] WindowsSaveGuardian: ? ATOMIC SAVE: linking_map.json (3 entries) saved successfully
2026-02-18 00:53:54,583 - windows_save_guardian - INFO - ? ATOMIC SAVE: linking_map.json (3 entries) saved successfully
2026-02-18 00:53:54,583 - __main__ - INFO - Linking map periodic flush: 3 entries
2026-02-18 00:53:54,588 [INFO] WindowsSaveGuardian: ? ATOMIC SAVE: clearance-king_co_uk__sandbox__6c89d52c_processing_state.json (27 entries) saved successfully
2026-02-18 00:53:54,588 - windows_save_guardian - INFO - ? ATOMIC SAVE: clearance-king_co_uk__sandbox__6c89d52c_processing_state.json (27 entries) saved successfully
2026-02-18 00:53:54,589 - utils.fixed_enhanced_state_manager - INFO -  ATOMIC SAVE
2026-02-18 00:53:54,589 - tools.amazon_playwright_extractor - INFO - Searching Amazon by EAN: 15061015253616 for supplier product: 'MY LITTLE MIRACLE - MOISTURISING WRIGGLY BABY OIL - 500ML' (FixedAmazonExtractor)
2026-02-18 00:53:54,589 - tools.amazon_playwright_extractor - INFO - Navigating to Amazon UK to search for EAN: 15061015253616
2026-02-18 00:53:58,059 - tools.amazon_playwright_extractor - INFO - Waiting for search results page to load for EAN 15061015253616...
2026-02-18 00:53:58,121 - tools.amazon_playwright_extractor - INFO - Found search results container with selector: div.s-search-results
2026-02-18 00:53:58,805 - tools.amazon_playwright_extractor - INFO - Found 2 search result elements using selector: div[data-component-type='s-search-result']
2026-02-18 00:53:58,805 - tools.amazon_playwright_extractor - INFO - Processing 2 search result elements for EAN 15061015253616
2026-02-18 00:53:58,850 - tools.amazon_playwright_extractor - INFO - \U0001f4ca SPONSORED FILTERING RESULTS: 0 organic products, 2 sponsored products filtered out
2026-02-18 00:53:58,850 - tools.amazon_playwright_extractor - WARNING - EAN 15061015253616 returned no organic results - skipping
2026-02-18 00:53:58,851 - tools.amazon_playwright_extractor - WARNING - No Amazon results or error for EAN '15061015253616'. Details: no_organic_results
2026-02-18 00:53:58,851 - tools.amazon_playwright_extractor - INFO - Falling back to title search for supplier product: 'MY LITTLE MIRACLE - MOISTURISING WRIGGLY BABY OIL - 500ML'
2026-02-18 00:53:58,851 - tools.amazon_playwright_extractor - INFO - Searching Amazon by title using search bar: 'MY LITTLE MIRACLE - MOISTURISING WRIGGLY BABY OIL - 500ML'
2026-02-18 00:53:58,851 - tools.amazon_playwright_extractor - INFO - Navigating to Amazon UK to search for title: MY LITTLE MIRACLE - MOISTURISING WRIGGLY BABY OIL - 500ML
2026-02-18 00:54:03,182 - tools.amazon_playwright_extractor - INFO - Title search found 68 elements using selector: div.s-search-results > div[data-asin]
2026-02-18 00:54:03,239 - tools.amazon_playwright_extractor - WARNING - ASIN extraction failed: All 4 fallbacks exhausted
2026-02-18 00:54:03,385 - tools.amazon_playwright_extractor - INFO - \u2705 Title search: Selected first visible organic product - ASIN B0FB5V3KP4
2026-02-18 00:54:03,385 - tools.amazon_playwright_extractor - INFO - \U0001f3af ASIN EXTRACTION SUCCESS: Found 1 ASINs for title search: 'MY LITTLE MIRACLE - MOISTURISING WRIGGLY BABY OIL - 500ML'
2026-02-18 00:54:03,385 - tools.amazon_playwright_extractor - INFO - Title search successful for 'MY LITTLE MIRACLE - MOISTURISING WRIGGLY BABY OIL - 500ML' after EAN '15061015253616' failed
2026-02-18 00:54:03,385 - tools.amazon_playwright_extractor - INFO - Extracting complete data for fallback ASIN B0FB5V3KP4 from title search
2026-02-18 00:54:03,385 - tools.amazon_playwright_extractor - WARNING - No page object provided to extract_data for ASIN B0FB5V3KP4. Getting a new one from BrowserManager.
2026-02-18 00:54:03,385 - tools.amazon_playwright_extractor - INFO - Reusing existing page: https://www.amazon.co.uk/s?k=MY+LITTLE+MIRACLE+-+MOISTURISING+WRIGGLY+BABY+OIL+-+500ML&ref=nb_sb_noss
2026-02-18 00:54:05,752 - tools.amazon_playwright_extractor - INFO - Checking for cookie consent pop-up...
2026-02-18 00:54:06,013 - tools.amazon_playwright_extractor - INFO - Finished checking for cookie consent pop-ups. If one was present and not handled, it might interfere.
2026-02-18 00:54:07,019 - tools.amazon_playwright_extractor - INFO - Checking for CAPTCHA...
2026-02-18 00:54:10,033 - tools.amazon_playwright_extractor - INFO - No CAPTCHA page detected by form selector.
2026-02-18 00:54:10,033 - tools.amazon_playwright_extractor - INFO - Checking for cookie consent pop-up...
2026-02-18 00:54:10,087 - tools.amazon_playwright_extractor - INFO - Finished checking for cookie consent pop-ups. If one was present and not handled, it might interfere.
2026-02-18 00:54:10,088 - tools.amazon_playwright_extractor - INFO - Page should be ready. Waiting 5s for stabilization...
2026-02-18 00:54:15,089 - tools.amazon_playwright_extractor - INFO - Waiting an additional 7s for extensions (Keepa, SellerAmp)...
2026-02-18 00:54:22,096 - tools.amazon_playwright_extractor - INFO - Extracting all product data for ASIN: B0FB5V3KP4
2026-02-18 00:54:22,096 - tools.amazon_playwright_extractor - INFO - Extracting basic product information (Title, Price, Images, Amazon Details)...
2026-02-18 00:54:22,127 - tools.amazon_playwright_extractor - INFO - Title found: 'Wriggly Baby Oil, Moisturises & Protects Delicate Skin, Gives Soft Silky Skin, Ideal For Baby Massage 500ml 3-Pack' via #productTitle
2026-02-18 00:54:22,127 - tools.amazon_playwright_extractor - INFO - Extracting price details...
2026-02-18 00:54:22,149 - tools.amazon_playwright_extractor - INFO - Current price: 9.5 via #corePrice_feature_div .a-offscreen
2026-02-18 00:54:22,180 - tools.amazon_playwright_extractor - INFO - Original price: 10.99 via .basisPrice span.a-text-price span.a-offscreen
2026-02-18 00:54:22,220 - tools.amazon_playwright_extractor - INFO - Extracting image URLs...
2026-02-18 00:54:22,252 - tools.amazon_playwright_extractor - INFO - Main image: https://m.media-amazon.com/images/I/61sqDLyaMuL._AC_SL1500_.jpg via #landingImage
2026-02-18 00:54:22,294 - tools.amazon_playwright_extractor - INFO - Found 2 thumbnails.
2026-02-18 00:54:22,299 - tools.amazon_playwright_extractor - INFO - Extracting Amazon product details section...
2026-02-18 00:54:22,510 - tools.amazon_playwright_extractor - INFO - Extracting sales rank information...
2026-02-18 00:54:22,626 - tools.amazon_playwright_extractor - INFO - Extracting ratings and reviews...
2026-02-18 00:54:22,648 - tools.amazon_playwright_extractor - INFO - Rating: 5.0 via #acrPopover[title*='out of 5 stars']
2026-02-18 00:54:22,670 - tools.amazon_playwright_extractor - INFO - Review count: 2 via #acrCustomerReviewText
2026-02-18 00:54:22,670 - tools.amazon_playwright_extractor - INFO - Extracting stock information...
2026-02-18 00:54:22,697 - tools.amazon_playwright_extractor - INFO - Availability text: 'Only 5 left in stock.' via #availability span.a-color-price
2026-02-18 00:54:22,697 - tools.amazon_playwright_extractor - INFO - Extracting features/bullets...
2026-02-18 00:54:22,745 - tools.amazon_playwright_extractor - INFO - Found 1 features.
2026-02-18 00:54:22,745 - tools.amazon_playwright_extractor - INFO - Extracting product description...
2026-02-18 00:54:22,791 - tools.amazon_playwright_extractor - INFO - Description found using selector: #aplus_feature_div
2026-02-18 00:54:22,791 - tools.amazon_playwright_extractor - INFO - Extracting product specifications table...
2026-02-18 00:54:23,469 - tools.amazon_playwright_extractor - INFO - Specifications table parsed using selector: table.a-keyvalue.prodDetTable
2026-02-18 00:54:23,469 - tools.amazon_playwright_extractor - INFO - Extracting SellerAmp data (if present)...
2026-02-18 00:54:23,469 - tools.amazon_playwright_extractor - INFO - SellerAmp data extraction is currently disabled as per requirements (Fix 2.3).
2026-02-18 00:54:23,469 - tools.amazon_playwright_extractor - INFO - Extracting Keepa data (if present)...
2026-02-18 00:54:23,469 - tools.amazon_playwright_extractor - INFO - Attempting to extract Keepa data...
2026-02-18 00:54:29,553 - tools.amazon_playwright_extractor - INFO - Keepa iframe found: iframe[id*='keepa']
2026-02-18 00:54:29,662 - tools.amazon_playwright_extractor - INFO - Keepa Sales Rank Details Table parsed.
2026-02-18 00:54:29,662 - tools.amazon_playwright_extractor - INFO - Keepa Graph AI Analysis is currently disabled as per requirements (Fix 2.4).
2026-02-18 00:54:29,693 - tools.amazon_playwright_extractor - INFO - Keepa Data tab found. Currently active: False
2026-02-18 00:54:29,693 - tools.amazon_playwright_extractor - INFO - Clicking Keepa 'Data' tab...
2026-02-18 00:54:32,000 - tools.amazon_playwright_extractor - INFO - Attempt 1/2: Waiting 12000ms for Product-Details wrapper...
2026-02-18 00:54:36,601 - tools.amazon_playwright_extractor - INFO - ? Product-Details wrapper appeared on attempt 1
2026-02-18 00:54:36,653 - tools.amazon_playwright_extractor - INFO - Parsing Keepa AG Grid for Product Details from: div#MoreTab1 div#grid-product-detail
2026-02-18 00:54:36,708 - tools.amazon_playwright_extractor - INFO - Primary attempt: Waiting 12 seconds for AG Grid rows to load...
2026-02-18 00:54:37,762 - tools.amazon_playwright_extractor - INFO - ? Primary attempt successful: 163 rows found
2026-02-18 00:54:37,782 - tools.amazon_playwright_extractor - INFO - Processing 163 rows in Keepa Product Details AG Grid.
2026-02-18 00:54:39,137 - tools.amazon_playwright_extractor - INFO - Found potential fee key 'FBA Pick&Pack Fee' with raw value: 'Ł 3.25' in Keepa AG Grid.
2026-02-18 00:54:39,232 - tools.amazon_playwright_extractor - INFO - Found potential fee key 'Referral Fee based on current Buy Box price' with raw value: 'Ł 0.76' in Keepa AG Grid.
2026-02-18 00:54:42,635 - tools.amazon_playwright_extractor - INFO - ? Successfully parsed 48 items from Keepa Product Details AG Grid.
2026-02-18 00:54:42,635 - tools.amazon_playwright_extractor - INFO - ASIN B0FB5V3KP4: Attempting to extract EANs from Keepa product_details_tab_data.
2026-02-18 00:54:42,635 - tools.amazon_playwright_extractor - INFO - ASIN B0FB5V3KP4: EAN '5061015258164' found in Keepa details via key 'Product Codes - EAN'.
2026-02-18 00:54:42,635 - tools.amazon_playwright_extractor - INFO - ASIN B0FB5V3KP4: BSR not found or invalid from page. Attempting fallback from Keepa.
2026-02-18 00:54:42,635 - tools.amazon_playwright_extractor - INFO - ASIN B0FB5V3KP4: BSR 31913 in 'Baby Products 5' from Keepa SalesRankDetailsTable.
2026-02-18 00:54:42,640 [INFO] WindowsSaveGuardian: ? ATOMIC SAVE: amazon_B0FB5V3KP4_15061015253616.json (33 entries) saved successfully
2026-02-18 00:54:42,640 - windows_save_guardian - INFO - ? ATOMIC SAVE: amazon_B0FB5V3KP4_15061015253616.json (33 entries) saved successfully
2026-02-18 00:54:42,644 [INFO] WindowsSaveGuardian: ? ATOMIC SAVE: linking_map.json (4 entries) saved successfully
2026-02-18 00:54:42,644 - windows_save_guardian - INFO - ? ATOMIC SAVE: linking_map.json (4 entries) saved successfully
2026-02-18 00:54:42,645 - __main__ - INFO - Linking map periodic flush: 4 entries
2026-02-18 00:54:42,649 [INFO] WindowsSaveGuardian: ? ATOMIC SAVE: clearance-king_co_uk__sandbox__6c89d52c_processing_state.json (27 entries) saved successfully
2026-02-18 00:54:42,649 - windows_save_guardian - INFO - ? ATOMIC SAVE: clearance-king_co_uk__sandbox__6c89d52c_processing_state.json (27 entries) saved successfully
2026-02-18 00:54:42,649 - utils.fixed_enhanced_state_manager - INFO -  ATOMIC SAVE
2026-02-18 00:54:42,651 [INFO] WindowsSaveGuardian: ? ATOMIC SAVE: clearance-king_co_uk__sandbox__6c89d52c_processing_state.json (27 entries) saved successfully
2026-02-18 00:54:42,651 - windows_save_guardian - INFO - ? ATOMIC SAVE: clearance-king_co_uk__sandbox__6c89d52c_processing_state.json (27 entries) saved successfully
2026-02-18 00:54:42,652 - utils.fixed_enhanced_state_manager - INFO -  ATOMIC SAVE
2026-02-18 00:54:42,652 - tools.amazon_playwright_extractor - INFO - Searching Amazon by EAN: 9780007276806 for supplier product: 'INDIANA JONES AND THE KINGDOM OF THE CRYSTAL SKULL: MEET MUTT (BOOK)' (FixedAmazonExtractor)
2026-02-18 00:54:42,652 - tools.amazon_playwright_extractor - INFO - Navigating to Amazon UK to search for EAN: 9780007276806
2026-02-18 00:54:46,310 - tools.amazon_playwright_extractor - INFO - Waiting for search results page to load for EAN 9780007276806...
2026-02-18 00:54:46,351 - tools.amazon_playwright_extractor - INFO - Found search results container with selector: div.s-search-results
2026-02-18 00:54:47,002 - tools.amazon_playwright_extractor - INFO - Found 7 search result elements using selector: div[data-component-type='s-search-result']
2026-02-18 00:54:47,002 - tools.amazon_playwright_extractor - INFO - Processing 7 search result elements for EAN 9780007276806
2026-02-18 00:54:47,070 - tools.amazon_playwright_extractor - INFO - Found organic result: ASIN 000727680X - 22 May 2008...
2026-02-18 00:54:47,188 - tools.amazon_playwright_extractor - INFO - \U0001f4ca SPONSORED FILTERING RESULTS: 1 organic products, 6 sponsored products filtered out
2026-02-18 00:54:47,189 - tools.amazon_playwright_extractor - INFO - \u2705 EAN SEARCH: Selected first organic result - ASIN 000727680X
2026-02-18 00:54:47,189 - tools.amazon_playwright_extractor - INFO -    Trusting Amazon's search relevance for EAN 9780007276806
2026-02-18 00:54:47,189 - tools.amazon_playwright_extractor - INFO -    EAN will be extracted by Keepa during full product data extraction
2026-02-18 00:54:47,189 - tools.amazon_playwright_extractor - INFO - Single ASIN 000727680X found for EAN 9780007276806.
2026-02-18 00:54:47,189 - tools.amazon_playwright_extractor - INFO - Proceeding with ASIN: 000727680X for EAN: 9780007276806
2026-02-18 00:54:47,190 - tools.amazon_playwright_extractor - WARNING - No page object provided to extract_data for ASIN 000727680X. Getting a new one from BrowserManager.
2026-02-18 00:54:47,190 - tools.amazon_playwright_extractor - INFO - Reusing existing page: https://www.amazon.co.uk/s?k=9780007276806&ref=nb_sb_noss
2026-02-18 00:54:49,106 - tools.amazon_playwright_extractor - INFO - Checking for cookie consent pop-up...
2026-02-18 00:54:49,224 - tools.amazon_playwright_extractor - INFO - Finished checking for cookie consent pop-ups. If one was present and not handled, it might interfere.
2026-02-18 00:54:50,236 - tools.amazon_playwright_extractor - INFO - Checking for CAPTCHA...
2026-02-18 00:54:53,243 - tools.amazon_playwright_extractor - INFO - No CAPTCHA page detected by form selector.
2026-02-18 00:54:53,243 - tools.amazon_playwright_extractor - INFO - Checking for cookie consent pop-up...
2026-02-18 00:54:53,325 - tools.amazon_playwright_extractor - INFO - Finished checking for cookie consent pop-ups. If one was present and not handled, it might interfere.
2026-02-18 00:54:53,325 - tools.amazon_playwright_extractor - INFO - Page should be ready. Waiting 5s for stabilization...
2026-02-18 00:54:58,330 - tools.amazon_playwright_extractor - INFO - Waiting an additional 7s for extensions (Keepa, SellerAmp)...
2026-02-18 00:55:05,340 - tools.amazon_playwright_extractor - INFO - Extracting all product data for ASIN: 000727680X
2026-02-18 00:55:05,340 - tools.amazon_playwright_extractor - INFO - Extracting basic product information (Title, Price, Images, Amazon Details)...
2026-02-18 00:55:05,371 - tools.amazon_playwright_extractor - INFO - Title found: 'Indiana Jones and the Kingdom of the Crystal Skull – Meet Mutt: I Can Read! 3: Bk. 3' via #productTitle
2026-02-18 00:55:05,371 - tools.amazon_playwright_extractor - INFO - Extracting price details...
2026-02-18 00:55:05,562 - tools.amazon_playwright_extractor - INFO - Original price: 7.99 via span.a-price.a-text-price[data-a-strike='true'] span.a-offscreen
2026-02-18 00:55:05,600 - tools.amazon_playwright_extractor - INFO - Extracting image URLs...
2026-02-18 00:55:05,635 - tools.amazon_playwright_extractor - INFO - Main image: https://m.media-amazon.com/images/I/71AolAWm5CL._SL1345_.jpg via #landingImage
2026-02-18 00:55:05,692 - tools.amazon_playwright_extractor - INFO - Found 3 thumbnails.
2026-02-18 00:55:05,698 - tools.amazon_playwright_extractor - INFO - Extracting Amazon product details section...
2026-02-18 00:55:06,184 - tools.amazon_playwright_extractor - INFO - Extracting sales rank information...
2026-02-18 00:55:06,266 - tools.amazon_playwright_extractor - INFO - Extracting ratings and reviews...
2026-02-18 00:55:06,302 - tools.amazon_playwright_extractor - INFO - Rating: 5.0 via i[class*='a-icon-star'] span.a-icon-alt
2026-02-18 00:55:06,324 - tools.amazon_playwright_extractor - INFO - Extracting stock information...
2026-02-18 00:55:06,343 - tools.amazon_playwright_extractor - INFO - Availability text: 'Only 1 left in stock.' via #availability span.a-color-price
2026-02-18 00:55:06,343 - tools.amazon_playwright_extractor - INFO - Extracting features/bullets...
2026-02-18 00:55:06,353 - tools.amazon_playwright_extractor - INFO - Extracting product description...
2026-02-18 00:55:06,422 - tools.amazon_playwright_extractor - INFO - Description found using selector: div#bookDescription_feature_div
2026-02-18 00:55:06,422 - tools.amazon_playwright_extractor - INFO - Extracting product specifications table...
2026-02-18 00:55:06,455 - tools.amazon_playwright_extractor - INFO - Extracting SellerAmp data (if present)...
2026-02-18 00:55:06,455 - tools.amazon_playwright_extractor - INFO - SellerAmp data extraction is currently disabled as per requirements (Fix 2.3).
2026-02-18 00:55:06,455 - tools.amazon_playwright_extractor - INFO - Extracting Keepa data (if present)...
2026-02-18 00:55:06,455 - tools.amazon_playwright_extractor - INFO - Attempting to extract Keepa data...
2026-02-18 00:55:12,550 - tools.amazon_playwright_extractor - INFO - Keepa iframe found: iframe[id*='keepa']
2026-02-18 00:55:12,582 - tools.amazon_playwright_extractor - INFO - Keepa Graph AI Analysis is currently disabled as per requirements (Fix 2.4).
2026-02-18 00:55:12,612 - tools.amazon_playwright_extractor - INFO - Keepa Data tab found. Currently active: False
2026-02-18 00:55:12,612 - tools.amazon_playwright_extractor - INFO - Clicking Keepa 'Data' tab...
2026-02-18 00:55:14,857 - tools.amazon_playwright_extractor - INFO - Attempt 1/2: Waiting 12000ms for Product-Details wrapper...
2026-02-18 00:55:18,371 - tools.amazon_playwright_extractor - INFO - ? Product-Details wrapper appeared on attempt 1
2026-02-18 00:55:18,409 - tools.amazon_playwright_extractor - INFO - Parsing Keepa AG Grid for Product Details from: div#MoreTab1 div#grid-product-detail
2026-02-18 00:55:18,442 - tools.amazon_playwright_extractor - INFO - Primary attempt: Waiting 12 seconds for AG Grid rows to load...
2026-02-18 00:55:19,472 - tools.amazon_playwright_extractor - INFO - ? Primary attempt successful: 124 rows found
2026-02-18 00:55:19,484 - tools.amazon_playwright_extractor - INFO - Processing 124 rows in Keepa Product Details AG Grid.
2026-02-18 00:55:20,589 - tools.amazon_playwright_extractor - INFO - Found potential fee key 'FBA Pick&Pack Fee' with raw value: 'Ł 1.70' in Keepa AG Grid.
2026-02-18 00:55:23,446 - tools.amazon_playwright_extractor - INFO - ? Successfully parsed 38 items from Keepa Product Details AG Grid.
2026-02-18 00:55:23,446 - tools.amazon_playwright_extractor - INFO - ASIN 000727680X: Attempting to extract EANs from Keepa product_details_tab_data.
2026-02-18 00:55:23,446 - tools.amazon_playwright_extractor - INFO - ASIN 000727680X: EAN '9780007276806' found in Keepa details via key 'Product Codes - EAN'.
2026-02-18 00:55:23,446 - tools.amazon_playwright_extractor - INFO - ASIN 000727680X: BSR not found or invalid from page. Attempting fallback from Keepa.
2026-02-18 00:55:23,447 - tools.amazon_playwright_extractor - WARNING - ASIN 000727680X: Could not find BSR in any Keepa data source.
2026-02-18 00:55:23,447 - tools.amazon_playwright_extractor - INFO - ASIN 000727680X: Current price missing/zero. Attempting fallback from Keepa Product Details.
2026-02-18 00:55:23,447 - tools.amazon_playwright_extractor - WARNING - ASIN 000727680X: Could not find a suitable current price in Keepa Product Details for fallback.
2026-02-18 00:55:23,447 - tools.amazon_playwright_extractor - INFO - \u2705 Recorded search method 'EAN' for ASIN 000727680X
2026-02-18 00:55:23,447 - tools.amazon_playwright_extractor - INFO - Successfully extracted data for ASIN 000727680X (EAN on page: 9780007276806)
2026-02-18 00:55:23,452 [INFO] WindowsSaveGuardian: ? ATOMIC SAVE: amazon_000727680X_9780007276806.json (24 entries) saved successfully
2026-02-18 00:55:23,452 - windows_save_guardian - INFO - ? ATOMIC SAVE: amazon_000727680X_9780007276806.json (24 entries) saved successfully
2026-02-18 00:55:23,457 [INFO] WindowsSaveGuardian: ? ATOMIC SAVE: linking_map.json (5 entries) saved successfully
2026-02-18 00:55:23,457 - windows_save_guardian - INFO - ? ATOMIC SAVE: linking_map.json (5 entries) saved successfully
2026-02-18 00:55:23,457 - __main__ - INFO - Linking map periodic flush: 5 entries
2026-02-18 00:55:23,463 [INFO] WindowsSaveGuardian: ? ATOMIC SAVE: clearance-king_co_uk__sandbox__6c89d52c_processing_state.json (27 entries) saved successfully
2026-02-18 00:55:23,463 - windows_save_guardian - INFO - ? ATOMIC SAVE: clearance-king_co_uk__sandbox__6c89d52c_processing_state.json (27 entries) saved successfully
2026-02-18 00:55:23,464 - utils.fixed_enhanced_state_manager - INFO -  ATOMIC SAVE
2026-02-18 00:55:23,470 [INFO] WindowsSaveGuardian: ? ATOMIC SAVE: clearance-king_co_uk__sandbox__6c89d52c_processing_state.json (27 entries) saved successfully
2026-02-18 00:55:23,470 - windows_save_guardian - INFO - ? ATOMIC SAVE: clearance-king_co_uk__sandbox__6c89d52c_processing_state.json (27 entries) saved successfully
2026-02-18 00:55:23,471 - utils.fixed_enhanced_state_manager - INFO -  ATOMIC SAVE
2026-02-18 00:55:23,477 [INFO] WindowsSaveGuardian: ? ATOMIC SAVE: clearance-king_co_uk__sandbox__6c89d52c_processing_state.json (27 entries) saved successfully
2026-02-18 00:55:23,477 - windows_save_guardian - INFO - ? ATOMIC SAVE: clearance-king_co_uk__sandbox__6c89d52c_processing_state.json (27 entries) saved successfully
2026-02-18 00:55:23,478 - utils.fixed_enhanced_state_manager - INFO -  ATOMIC SAVE
2026-02-18 00:55:23,487 [INFO] WindowsSaveGuardian: ? ATOMIC SAVE: linking_map.json (5 entries) saved successfully
2026-02-18 00:55:23,487 - windows_save_guardian - INFO - ? ATOMIC SAVE: linking_map.json (5 entries) saved successfully
2026-02-18 00:55:23,488 - __main__ - INFO - Product list refresh complete: 3/5 matched
2026-02-18 00:55:23,488 - utils.browser_manager - WARNING - Error during global cleanup: no running event loop
Exception ignored in: <function BaseSubprocessTransport.__del__ at 0x0000021720628C20>
Traceback (most recent call last):
  File "C:\Python313\Lib\asyncio\base_subprocess.py", line 130, in __del__
  File "C:\Python313\Lib\asyncio\base_subprocess.py", line 107, in close
  File "C:\Python313\Lib\asyncio\proactor_events.py", line 109, in close
  File "C:\Python313\Lib\asyncio\base_events.py", line 827, in call_soon
  File "C:\Python313\Lib\asyncio\base_events.py", line 550, in _check_closed
RuntimeError: Event loop is closed
