2026-03-13 06:08:07,003 - __main__ - WARNING - Ignoring supplier identity from products file; job sandbox is authoritative. job=efghousewares.co.uk__sandbox__6cc9188c file=efghousewares.co.uk
2026-03-13 06:08:07,003 - tools.amazon_playwright_extractor - WARNING - ?? BrowserCircuitBreaker not available - health management disabled
2026-03-13 06:08:07,003 - tools.amazon_playwright_extractor - INFO - AI features disabled in amazon_playwright_extractor - using only traditional selectors.
2026-03-13 06:08:07,003 - tools.amazon_playwright_extractor - INFO - Output directory set to: C:\Users\chris\Desktop\Amazon-FBA-Agent-System-v32 - latest good - Copy (8) - Copy - Copy - POSTLONGRUNPREKIRO2 beforecompletion-\OUTPUTS\CACHE\amazon_data
2026-03-13 06:08:07,007 - tools.amazon_playwright_extractor - WARNING - ?? BrowserManager not available, using legacy browser connection
2026-03-13 06:08:07,008 - tools.amazon_playwright_extractor - INFO - \U0001f527 FixedAmazonExtractor connecting via BrowserManager singleton
2026-03-13 06:08:07,008 - utils.browser_circuit_breaker - INFO - BrowserCircuitBreaker initialized: threshold=3, timeout=300s
2026-03-13 06:08:07,008 - utils.browser_manager - INFO - ?? BrowserManager singleton initialized with health management
2026-03-13 06:08:07,520 - utils.browser_manager - INFO - ?? Connecting to existing Chrome debug instance on port 9222
2026-03-13 06:08:07,520 - utils.browser_manager - INFO - ?? Per troubleshooting docs: Using existing Chrome debug only
2026-03-13 06:08:09,741 - utils.browser_manager - INFO - ? Chrome debug accessible on IPv4: Chrome/145.0.7632.160
2026-03-13 06:08:09,741 - utils.browser_manager - INFO - ?? Connecting to existing Chrome debug instance...
2026-03-13 06:08:11,802 - utils.browser_manager - INFO - ?? Using endpoint: http://localhost:9222
2026-03-13 06:08:12,416 - utils.browser_manager - INFO - ? Successfully connected to existing Chrome debug instance
2026-03-13 06:08:12,416 - utils.browser_manager - INFO - ?? Using existing context with 12 pages
2026-03-13 06:08:12,417 - utils.browser_manager - INFO - ?? Connected to existing Chrome: 145.0.7632.160
2026-03-13 06:08:12,417 - tools.amazon_playwright_extractor - INFO - \u2705 FixedAmazonExtractor connected via BrowserManager singleton
2026-03-13 06:08:12,417 - utils.browser_manager - INFO - ?? Reusing existing Chrome connection (port 9222)
2026-03-13 06:08:12,417 - utils.browser_manager - INFO - ?? Reusing existing page in persistent context.
2026-03-13 06:08:12,428 [INFO] WindowsSaveGuardian: ? ATOMIC SAVE: efghousewares_co_uk__sandbox__6cc9188c_processing_state.json (27 entries) saved successfully
2026-03-13 06:08:12,428 - windows_save_guardian - INFO - ? ATOMIC SAVE: efghousewares_co_uk__sandbox__6cc9188c_processing_state.json (27 entries) saved successfully
2026-03-13 06:08:12,428 - utils.fixed_enhanced_state_manager - INFO -  ATOMIC SAVE
2026-03-13 06:08:12,434 [INFO] WindowsSaveGuardian: ? ATOMIC SAVE: efghousewares_co_uk__sandbox__6cc9188c_processing_state.json (27 entries) saved successfully
2026-03-13 06:08:12,434 - windows_save_guardian - INFO - ? ATOMIC SAVE: efghousewares_co_uk__sandbox__6cc9188c_processing_state.json (27 entries) saved successfully
2026-03-13 06:08:12,435 - utils.fixed_enhanced_state_manager - INFO -  ATOMIC SAVE
2026-03-13 06:08:12,435 - tools.amazon_playwright_extractor - INFO - Searching Amazon by EAN: 5017403134596 for supplier product: 'KINGAVON 3 FUNCTION LED HEAD LAMP' (FixedAmazonExtractor)
2026-03-13 06:08:12,435 - tools.amazon_playwright_extractor - INFO - Navigating to Amazon UK to search for EAN: 5017403134596
2026-03-13 06:08:21,000 - tools.amazon_playwright_extractor - INFO - Waiting for search results page to load for EAN 5017403134596...
2026-03-13 06:08:21,327 - tools.amazon_playwright_extractor - INFO - Found search results container with selector: div.s-search-results
2026-03-13 06:08:22,032 - tools.amazon_playwright_extractor - INFO - Found 4 search result elements using selector: div[data-component-type='s-search-result']
2026-03-13 06:08:22,032 - tools.amazon_playwright_extractor - INFO - Processing 4 search result elements for EAN 5017403134596
2026-03-13 06:08:22,315 - tools.amazon_playwright_extractor - INFO - Found organic result: ASIN B0CJFTDMNM - Kingavon 120 Lumen LED Headlamp Headlight with 3 Light Modes...
2026-03-13 06:08:22,451 - tools.amazon_playwright_extractor - INFO - \U0001f4ca SPONSORED FILTERING RESULTS: 1 organic products, 3 sponsored products filtered out
2026-03-13 06:08:22,451 - tools.amazon_playwright_extractor - INFO - \u2705 EAN SEARCH: Selected first organic result - ASIN B0CJFTDMNM
2026-03-13 06:08:22,451 - tools.amazon_playwright_extractor - INFO -    Trusting Amazon's search relevance for EAN 5017403134596
2026-03-13 06:08:22,451 - tools.amazon_playwright_extractor - INFO -    EAN will be extracted by Keepa during full product data extraction
2026-03-13 06:08:22,451 - tools.amazon_playwright_extractor - INFO - Single ASIN B0CJFTDMNM found for EAN 5017403134596.
2026-03-13 06:08:22,451 - tools.amazon_playwright_extractor - INFO - Proceeding with ASIN: B0CJFTDMNM for EAN: 5017403134596
2026-03-13 06:08:22,452 - tools.amazon_playwright_extractor - WARNING - No page object provided to extract_data for ASIN B0CJFTDMNM. Getting a new one from BrowserManager.
2026-03-13 06:08:22,452 - tools.amazon_playwright_extractor - INFO - Reusing existing page: https://www.amazon.co.uk/s?k=5017403134596&ref=nb_sb_noss
2026-03-13 06:08:24,434 - tools.amazon_playwright_extractor - INFO - Checking for cookie consent pop-up...
2026-03-13 06:08:25,098 - tools.amazon_playwright_extractor - INFO - Finished checking for cookie consent pop-ups. If one was present and not handled, it might interfere.
2026-03-13 06:08:26,102 - tools.amazon_playwright_extractor - INFO - Checking for CAPTCHA...
2026-03-13 06:08:29,124 - tools.amazon_playwright_extractor - INFO - No CAPTCHA page detected by form selector.
2026-03-13 06:08:29,124 - tools.amazon_playwright_extractor - INFO - Checking for cookie consent pop-up...
2026-03-13 06:08:29,231 - tools.amazon_playwright_extractor - INFO - Finished checking for cookie consent pop-ups. If one was present and not handled, it might interfere.
2026-03-13 06:08:29,231 - tools.amazon_playwright_extractor - INFO - Page should be ready. Waiting 5s for stabilization...
2026-03-13 06:08:34,237 - tools.amazon_playwright_extractor - INFO - Waiting an additional 7s for extensions (Keepa, SellerAmp)...
2026-03-13 06:08:41,239 - tools.amazon_playwright_extractor - INFO - Extracting all product data for ASIN: B0CJFTDMNM
2026-03-13 06:08:41,240 - tools.amazon_playwright_extractor - INFO - Extracting basic product information (Title, Price, Images, Amazon Details)...
2026-03-13 06:08:41,304 - tools.amazon_playwright_extractor - INFO - Title found: 'Kingavon 120 Lumen LED Headlamp Headlight with 3 Light Modes' via #productTitle
2026-03-13 06:08:41,305 - tools.amazon_playwright_extractor - INFO - Extracting price details...
2026-03-13 06:08:41,331 - tools.amazon_playwright_extractor - INFO - Current price: 9.97 via #corePrice_feature_div .a-offscreen
2026-03-13 06:08:41,478 - tools.amazon_playwright_extractor - INFO - Extracting image URLs...
2026-03-13 06:08:41,527 - tools.amazon_playwright_extractor - INFO - Main image: https://m.media-amazon.com/images/I/510612RhezL._AC_SL1000_.jpg via #landingImage
2026-03-13 06:08:41,635 - tools.amazon_playwright_extractor - INFO - Found 2 thumbnails.
2026-03-13 06:08:41,642 - tools.amazon_playwright_extractor - INFO - Extracting Amazon product details section...
2026-03-13 06:08:41,922 - tools.amazon_playwright_extractor - INFO - Extracting sales rank information...
2026-03-13 06:08:42,143 - tools.amazon_playwright_extractor - INFO - Extracting ratings and reviews...
2026-03-13 06:08:42,236 - tools.amazon_playwright_extractor - INFO - Rating: 4.6 via i[class*='a-icon-star'] span.a-icon-alt
2026-03-13 06:08:42,286 - tools.amazon_playwright_extractor - INFO - Extracting stock information...
2026-03-13 06:08:42,309 - tools.amazon_playwright_extractor - INFO - Availability text: 'In stock' via #availability span.a-size-medium.a-color-success
2026-03-13 06:08:42,310 - tools.amazon_playwright_extractor - INFO - Extracting features/bullets...
2026-03-13 06:08:42,587 - tools.amazon_playwright_extractor - INFO - Found 4 features.
2026-03-13 06:08:42,587 - tools.amazon_playwright_extractor - INFO - Extracting product description...
2026-03-13 06:08:42,633 - tools.amazon_playwright_extractor - INFO - Description found using selector: #productDescription
2026-03-13 06:08:42,633 - tools.amazon_playwright_extractor - INFO - Extracting product specifications table...
2026-03-13 06:08:42,961 - tools.amazon_playwright_extractor - INFO - Specifications table parsed using selector: table.a-keyvalue.prodDetTable
2026-03-13 06:08:42,962 - tools.amazon_playwright_extractor - INFO - Extracting SellerAmp data (if present)...
2026-03-13 06:08:42,962 - tools.amazon_playwright_extractor - INFO - SellerAmp data extraction is currently disabled as per requirements (Fix 2.3).
2026-03-13 06:08:42,962 - tools.amazon_playwright_extractor - INFO - Extracting Keepa data (if present)...
2026-03-13 06:08:42,962 - tools.amazon_playwright_extractor - INFO - Attempting to extract Keepa data...
2026-03-13 06:08:49,571 - tools.amazon_playwright_extractor - INFO - Keepa iframe found: iframe[id*='keepa']
2026-03-13 06:08:50,055 - tools.amazon_playwright_extractor - INFO - Keepa Graph AI Analysis is currently disabled as per requirements (Fix 2.4).
2026-03-13 06:09:00,402 - tools.amazon_playwright_extractor - INFO - Keepa Data tab found. Currently active: False
2026-03-13 06:09:00,403 - tools.amazon_playwright_extractor - INFO - Clicking Keepa 'Data' tab...
2026-03-13 06:09:03,579 - tools.amazon_playwright_extractor - ERROR - Timeout error processing Keepa 'Product Details' tab: Locator.click: Timeout 3000ms exceeded.
Call log:
  - waiting for locator("iframe[id*='keepa']").first.content_frame.locator("li#tabMore")
    - locator resolved to <li rel="more" id="tabMore" class="tabItemI">Data</li>
  - attempting click action
    - waiting for element to be visible, enabled and stable

2026-03-13 06:09:03,579 - tools.amazon_playwright_extractor - INFO - ASIN B0CJFTDMNM: BSR not found or invalid from page. Attempting fallback from Keepa.
2026-03-13 06:09:03,579 - tools.amazon_playwright_extractor - WARNING - ASIN B0CJFTDMNM: Could not find BSR in any Keepa data source.
2026-03-13 06:09:03,579 - tools.amazon_playwright_extractor - INFO - \u2705 Recorded search method 'EAN' for ASIN B0CJFTDMNM
2026-03-13 06:09:03,579 - tools.amazon_playwright_extractor - INFO - Successfully extracted data for ASIN B0CJFTDMNM (EAN on page: N/A)
2026-03-13 06:09:03,589 [INFO] WindowsSaveGuardian: ? ATOMIC SAVE: amazon_B0CJFTDMNM_5017403134596.json (22 entries) saved successfully
2026-03-13 06:09:03,589 - windows_save_guardian - INFO - ? ATOMIC SAVE: amazon_B0CJFTDMNM_5017403134596.json (22 entries) saved successfully
2026-03-13 06:09:03,603 [INFO] WindowsSaveGuardian: ? ATOMIC SAVE: linking_map.json (1 entries) saved successfully
2026-03-13 06:09:03,603 - windows_save_guardian - INFO - ? ATOMIC SAVE: linking_map.json (1 entries) saved successfully
2026-03-13 06:09:03,603 - __main__ - INFO - Linking map periodic flush: 1 entries
2026-03-13 06:09:03,614 [INFO] WindowsSaveGuardian: ? ATOMIC SAVE: efghousewares_co_uk__sandbox__6cc9188c_processing_state.json (27 entries) saved successfully
2026-03-13 06:09:03,614 - windows_save_guardian - INFO - ? ATOMIC SAVE: efghousewares_co_uk__sandbox__6cc9188c_processing_state.json (27 entries) saved successfully
2026-03-13 06:09:03,617 - utils.fixed_enhanced_state_manager - INFO -  ATOMIC SAVE
2026-03-13 06:09:03,617 - tools.amazon_playwright_extractor - INFO - Searching Amazon by EAN: 5017403047803 for supplier product: 'KINGAVON DESK LAMP 12 LED SILVER' (FixedAmazonExtractor)
2026-03-13 06:09:03,618 - tools.amazon_playwright_extractor - INFO - Navigating to Amazon UK to search for EAN: 5017403047803
2026-03-13 06:09:34,000 - tools.amazon_playwright_extractor - INFO - Waiting for search results page to load for EAN 5017403047803...
2026-03-13 06:09:34,557 - tools.amazon_playwright_extractor - INFO - Found search results container with selector: div.s-search-results
2026-03-13 06:09:35,219 - tools.amazon_playwright_extractor - INFO - Found 7 search result elements using selector: div[data-component-type='s-search-result']
2026-03-13 06:09:35,219 - tools.amazon_playwright_extractor - INFO - Processing 7 search result elements for EAN 5017403047803
2026-03-13 06:09:35,451 - tools.amazon_playwright_extractor - INFO - Found organic result: ASIN B005EXI06E - Kingavon BB-RT357 12-LED Desk Lamp...
2026-03-13 06:09:35,644 - tools.amazon_playwright_extractor - INFO - \U0001f4ca SPONSORED FILTERING RESULTS: 1 organic products, 6 sponsored products filtered out
2026-03-13 06:09:35,644 - tools.amazon_playwright_extractor - INFO - \u2705 EAN SEARCH: Selected first organic result - ASIN B005EXI06E
2026-03-13 06:09:35,644 - tools.amazon_playwright_extractor - INFO -    Trusting Amazon's search relevance for EAN 5017403047803
2026-03-13 06:09:35,645 - tools.amazon_playwright_extractor - INFO -    EAN will be extracted by Keepa during full product data extraction
2026-03-13 06:09:35,645 - tools.amazon_playwright_extractor - INFO - Single ASIN B005EXI06E found for EAN 5017403047803.
2026-03-13 06:09:35,645 - tools.amazon_playwright_extractor - INFO - Proceeding with ASIN: B005EXI06E for EAN: 5017403047803
2026-03-13 06:09:35,645 - tools.amazon_playwright_extractor - WARNING - No page object provided to extract_data for ASIN B005EXI06E. Getting a new one from BrowserManager.
2026-03-13 06:09:35,645 - tools.amazon_playwright_extractor - INFO - Reusing existing page: https://www.amazon.co.uk/s?k=5017403047803&ref=nb_sb_noss
2026-03-13 06:09:39,709 - tools.amazon_playwright_extractor - INFO - Checking for cookie consent pop-up...
2026-03-13 06:09:42,663 - tools.amazon_playwright_extractor - INFO - Finished checking for cookie consent pop-ups. If one was present and not handled, it might interfere.
2026-03-13 06:09:43,664 - tools.amazon_playwright_extractor - INFO - Checking for CAPTCHA...
2026-03-13 06:09:46,676 - tools.amazon_playwright_extractor - INFO - No CAPTCHA page detected by form selector.
2026-03-13 06:09:46,676 - tools.amazon_playwright_extractor - INFO - Checking for cookie consent pop-up...
2026-03-13 06:09:46,778 - tools.amazon_playwright_extractor - INFO - Finished checking for cookie consent pop-ups. If one was present and not handled, it might interfere.
2026-03-13 06:09:46,778 - tools.amazon_playwright_extractor - INFO - Page should be ready. Waiting 5s for stabilization...
2026-03-13 06:09:51,792 - tools.amazon_playwright_extractor - INFO - Waiting an additional 7s for extensions (Keepa, SellerAmp)...
2026-03-13 06:09:58,796 - tools.amazon_playwright_extractor - INFO - Extracting all product data for ASIN: B005EXI06E
2026-03-13 06:09:58,796 - tools.amazon_playwright_extractor - INFO - Extracting basic product information (Title, Price, Images, Amazon Details)...
2026-03-13 06:09:58,857 - tools.amazon_playwright_extractor - INFO - Title found: 'Kingavon BB-RT357 12-LED Desk Lamp' via #productTitle
2026-03-13 06:09:58,857 - tools.amazon_playwright_extractor - INFO - Extracting price details...
2026-03-13 06:09:59,468 - tools.amazon_playwright_extractor - INFO - Original price: 19.99 via span.a-price.a-text-price[data-a-strike='true'] span.a-offscreen
2026-03-13 06:09:59,540 - tools.amazon_playwright_extractor - INFO - Extracting image URLs...
2026-03-13 06:09:59,633 - tools.amazon_playwright_extractor - INFO - Main image: https://m.media-amazon.com/images/I/61CnmI-sc6L._AC_SL1500_.jpg via #landingImage
2026-03-13 06:09:59,678 - tools.amazon_playwright_extractor - INFO - Found 1 thumbnails.
2026-03-13 06:09:59,687 - tools.amazon_playwright_extractor - INFO - Extracting Amazon product details section...
2026-03-13 06:10:00,226 - tools.amazon_playwright_extractor - INFO - Extracting sales rank information...
2026-03-13 06:10:00,435 - tools.amazon_playwright_extractor - INFO - Extracting ratings and reviews...
2026-03-13 06:10:00,461 - tools.amazon_playwright_extractor - INFO - Rating: 4.4 via #acrPopover[title*='out of 5 stars']
2026-03-13 06:10:00,489 - tools.amazon_playwright_extractor - INFO - Review count: 287 via #acrCustomerReviewText
2026-03-13 06:10:00,489 - tools.amazon_playwright_extractor - INFO - Extracting stock information...
2026-03-13 06:10:00,727 - tools.amazon_playwright_extractor - INFO - Availability text: 'P.when("A", "load").execute("aod-assets-loaded", function(A){
        function logAssetsNotLoaded() {
            if (window.ueLogError) {
                var customError = { message: 'Failed to load AOD assets for WDG: home_improvement_display_on_website, Device: web' };
                var additionalInfo = {
                    logLevel : 'ERROR',
                    attribution : 'aod_assets_not_loaded'
                };
                ueLogError (customError, additionalInfo);
            }
            if (window.ue && window.ue.count) {
                window.ue.count("aod-assets-not-loaded", 1);
            }
        }

        function verifyAssetsLoaded() {
            var assetsLoadedPageState = A.state('aod:assetsLoaded');
            var logAssetsNotLoadedState = A.state('aod:logAssetsNotLoaded');

            if((assetsLoadedPageState == null || !assetsLoadedPageState.isAodAssetsLoaded)
                && (logAssetsNotLoadedState == null || !logAssetsNotLoadedState.isAodAssetsNotLoadedLogged)) {
                A.state('aod:logAssetsNotLoaded', {isAodAssetsNotLoadedLogged: true});
                logAssetsNotLoaded();
            }
        }

        setTimeout(verifyAssetsLoaded, 50000)
    });' via #availability
2026-03-13 06:10:00,727 - tools.amazon_playwright_extractor - INFO - Extracting features/bullets...
2026-03-13 06:10:01,036 - tools.amazon_playwright_extractor - INFO - Found 5 features.
2026-03-13 06:10:01,036 - tools.amazon_playwright_extractor - INFO - Extracting product description...
2026-03-13 06:10:01,062 - tools.amazon_playwright_extractor - INFO - Description found using selector: #productDescription
2026-03-13 06:10:01,062 - tools.amazon_playwright_extractor - INFO - Extracting product specifications table...
2026-03-13 06:10:02,977 - tools.amazon_playwright_extractor - INFO - Specifications table parsed using selector: #productDetails_techSpec_section_1
2026-03-13 06:10:02,977 - tools.amazon_playwright_extractor - INFO - Extracting SellerAmp data (if present)...
2026-03-13 06:10:02,977 - tools.amazon_playwright_extractor - INFO - SellerAmp data extraction is currently disabled as per requirements (Fix 2.3).
2026-03-13 06:10:02,977 - tools.amazon_playwright_extractor - INFO - Extracting Keepa data (if present)...
2026-03-13 06:10:02,977 - tools.amazon_playwright_extractor - INFO - Attempting to extract Keepa data...
2026-03-13 06:10:09,131 - tools.amazon_playwright_extractor - INFO - Keepa iframe found: iframe[id*='keepa']
2026-03-13 06:10:09,192 - tools.amazon_playwright_extractor - INFO - Keepa Graph AI Analysis is currently disabled as per requirements (Fix 2.4).
2026-03-13 06:10:09,232 - tools.amazon_playwright_extractor - INFO - Keepa Data tab found. Currently active: False
2026-03-13 06:10:09,232 - tools.amazon_playwright_extractor - INFO - Clicking Keepa 'Data' tab...
2026-03-13 06:10:11,705 - tools.amazon_playwright_extractor - INFO - Attempt 1/2: Waiting 12000ms for Product-Details wrapper...
2026-03-13 06:10:21,676 - tools.amazon_playwright_extractor - INFO - ? Product-Details wrapper appeared on attempt 1
2026-03-13 06:10:21,743 - tools.amazon_playwright_extractor - INFO - Parsing Keepa AG Grid for Product Details from: div#MoreTab1 div#grid-product-detail
2026-03-13 06:10:21,797 - tools.amazon_playwright_extractor - INFO - Primary attempt: Waiting 12 seconds for AG Grid rows to load...
2026-03-13 06:10:22,853 - tools.amazon_playwright_extractor - INFO - ? Primary attempt successful: 130 rows found
2026-03-13 06:10:22,874 - tools.amazon_playwright_extractor - INFO - Processing 130 rows in Keepa Product Details AG Grid.
2026-03-13 06:10:25,295 - tools.amazon_playwright_extractor - INFO - Found potential fee key 'FBA Pick&Pack Fee' with raw value: 'Ł 2.67' in Keepa AG Grid.
2026-03-13 06:10:29,286 - tools.amazon_playwright_extractor - INFO - ? Successfully parsed 38 items from Keepa Product Details AG Grid.
2026-03-13 06:10:29,286 - tools.amazon_playwright_extractor - INFO - ASIN B005EXI06E: Attempting to extract EANs from Keepa product_details_tab_data.
2026-03-13 06:10:29,287 - tools.amazon_playwright_extractor - INFO - ASIN B005EXI06E: EAN '5017403047803' found in Keepa details via key 'Product Codes - EAN'.
2026-03-13 06:10:29,287 - tools.amazon_playwright_extractor - INFO - ASIN B005EXI06E: BSR not found or invalid from page. Attempting fallback from Keepa.
2026-03-13 06:10:29,287 - tools.amazon_playwright_extractor - WARNING - ASIN B005EXI06E: Could not find BSR in any Keepa data source.
2026-03-13 06:10:29,287 - tools.amazon_playwright_extractor - INFO - ASIN B005EXI06E: Current price missing/zero. Attempting fallback from Keepa Product Details.
2026-03-13 06:10:29,287 - tools.amazon_playwright_extractor - WARNING - ASIN B005EXI06E: Could not find a suitable current price in Keepa Product Details for fallback.
2026-03-13 06:10:29,287 - tools.amazon_playwright_extractor - INFO - \u2705 Recorded search method 'EAN' for ASIN B005EXI06E
2026-03-13 06:10:29,287 - tools.amazon_playwright_extractor - INFO - Successfully extracted data for ASIN B005EXI06E (EAN on page: 5017403047803)
2026-03-13 06:10:29,293 [INFO] WindowsSaveGuardian: ? ATOMIC SAVE: amazon_B005EXI06E_5017403047803.json (26 entries) saved successfully
2026-03-13 06:10:29,293 - windows_save_guardian - INFO - ? ATOMIC SAVE: amazon_B005EXI06E_5017403047803.json (26 entries) saved successfully
2026-03-13 06:10:29,300 [INFO] WindowsSaveGuardian: ? ATOMIC SAVE: linking_map.json (2 entries) saved successfully
2026-03-13 06:10:29,300 - windows_save_guardian - INFO - ? ATOMIC SAVE: linking_map.json (2 entries) saved successfully
2026-03-13 06:10:29,301 - __main__ - INFO - Linking map periodic flush: 2 entries
2026-03-13 06:10:29,305 [INFO] WindowsSaveGuardian: ? ATOMIC SAVE: efghousewares_co_uk__sandbox__6cc9188c_processing_state.json (27 entries) saved successfully
2026-03-13 06:10:29,305 - windows_save_guardian - INFO - ? ATOMIC SAVE: efghousewares_co_uk__sandbox__6cc9188c_processing_state.json (27 entries) saved successfully
2026-03-13 06:10:29,306 - utils.fixed_enhanced_state_manager - INFO -  ATOMIC SAVE
2026-03-13 06:10:29,306 - tools.amazon_playwright_extractor - INFO - Searching Amazon by EAN: 5056560117899 for supplier product: 'PAUL RUSSELLS FRAMELESS FLOODLIGHT 30W WITH PIR' (FixedAmazonExtractor)
2026-03-13 06:10:29,306 - tools.amazon_playwright_extractor - INFO - Navigating to Amazon UK to search for EAN: 5056560117899
2026-03-13 06:10:37,538 - tools.amazon_playwright_extractor - INFO - Waiting for search results page to load for EAN 5056560117899...
2026-03-13 06:10:38,448 - tools.amazon_playwright_extractor - INFO - Found search results container with selector: div.s-search-results
2026-03-13 06:10:39,238 - tools.amazon_playwright_extractor - INFO - Found 13 search result elements using selector: div[data-component-type='s-search-result']
2026-03-13 06:10:39,238 - tools.amazon_playwright_extractor - INFO - Processing 13 search result elements for EAN 5056560117899
2026-03-13 06:10:40,047 - tools.amazon_playwright_extractor - INFO - Found organic result: ASIN B0DFMXTVVF - paul russells 30W Outdoor Motion Sensor Light, LED Security ...
2026-03-13 06:10:40,959 - tools.amazon_playwright_extractor - INFO - \U0001f4ca SPONSORED FILTERING RESULTS: 1 organic products, 12 sponsored products filtered out
2026-03-13 06:10:40,960 - tools.amazon_playwright_extractor - INFO - \u2705 EAN SEARCH: Selected first organic result - ASIN B0DFMXTVVF
2026-03-13 06:10:40,960 - tools.amazon_playwright_extractor - INFO -    Trusting Amazon's search relevance for EAN 5056560117899
2026-03-13 06:10:40,960 - tools.amazon_playwright_extractor - INFO -    EAN will be extracted by Keepa during full product data extraction
2026-03-13 06:10:40,960 - tools.amazon_playwright_extractor - INFO - Single ASIN B0DFMXTVVF found for EAN 5056560117899.
2026-03-13 06:10:40,960 - tools.amazon_playwright_extractor - INFO - Proceeding with ASIN: B0DFMXTVVF for EAN: 5056560117899
2026-03-13 06:10:40,960 - tools.amazon_playwright_extractor - WARNING - No page object provided to extract_data for ASIN B0DFMXTVVF. Getting a new one from BrowserManager.
2026-03-13 06:10:40,960 - tools.amazon_playwright_extractor - INFO - Reusing existing page: https://www.amazon.co.uk/s?k=5056560117899&ref=nb_sb_noss
2026-03-13 06:10:45,109 - tools.amazon_playwright_extractor - INFO - Checking for cookie consent pop-up...
2026-03-13 06:10:47,618 - tools.amazon_playwright_extractor - INFO - Finished checking for cookie consent pop-ups. If one was present and not handled, it might interfere.
2026-03-13 06:10:48,625 - tools.amazon_playwright_extractor - INFO - Checking for CAPTCHA...
2026-03-13 06:10:51,648 - tools.amazon_playwright_extractor - INFO - No CAPTCHA page detected by form selector.
2026-03-13 06:10:51,649 - tools.amazon_playwright_extractor - INFO - Checking for cookie consent pop-up...
2026-03-13 06:10:51,828 - tools.amazon_playwright_extractor - INFO - Finished checking for cookie consent pop-ups. If one was present and not handled, it might interfere.
2026-03-13 06:10:51,828 - tools.amazon_playwright_extractor - INFO - Page should be ready. Waiting 5s for stabilization...
2026-03-13 06:10:56,834 - tools.amazon_playwright_extractor - INFO - Waiting an additional 7s for extensions (Keepa, SellerAmp)...
2026-03-13 06:11:03,844 - tools.amazon_playwright_extractor - INFO - Extracting all product data for ASIN: B0DFMXTVVF
2026-03-13 06:11:03,844 - tools.amazon_playwright_extractor - INFO - Extracting basic product information (Title, Price, Images, Amazon Details)...
2026-03-13 06:11:04,049 - tools.amazon_playwright_extractor - INFO - Title found: 'paul russells 30W Outdoor Motion Sensor Light, LED Security Floodlight with PIR Sensor, 3600LM Daylight 6500K, IP65 Waterproof, Mains Powered Outdoor Lights for Garden, Garage, Front Door' via #productTitle
2026-03-13 06:11:04,049 - tools.amazon_playwright_extractor - INFO - Extracting price details...
2026-03-13 06:11:04,076 - tools.amazon_playwright_extractor - INFO - Current price: 21.99 via #corePrice_feature_div .a-offscreen
2026-03-13 06:11:04,352 - tools.amazon_playwright_extractor - INFO - Extracting image URLs...
2026-03-13 06:11:04,430 - tools.amazon_playwright_extractor - INFO - Main image: https://m.media-amazon.com/images/I/61K1IzDd1YL._AC_SL1500_.jpg via #landingImage
2026-03-13 06:11:04,569 - tools.amazon_playwright_extractor - INFO - Found 7 thumbnails.
2026-03-13 06:11:04,576 - tools.amazon_playwright_extractor - INFO - Extracting Amazon product details section...
2026-03-13 06:11:04,943 - tools.amazon_playwright_extractor - INFO - Extracting sales rank information...
2026-03-13 06:11:06,032 - tools.amazon_playwright_extractor - INFO - Extracting ratings and reviews...
2026-03-13 06:11:06,064 - tools.amazon_playwright_extractor - INFO - Rating: 3.6 via #acrPopover[title*='out of 5 stars']
2026-03-13 06:11:06,088 - tools.amazon_playwright_extractor - INFO - Review count: 2 via #acrCustomerReviewText
2026-03-13 06:11:06,088 - tools.amazon_playwright_extractor - INFO - Extracting stock information...
2026-03-13 06:11:06,158 - tools.amazon_playwright_extractor - INFO - Availability text: 'In stock' via #availability span.a-size-medium.a-color-success
2026-03-13 06:11:06,158 - tools.amazon_playwright_extractor - INFO - Extracting features/bullets...
2026-03-13 06:11:06,552 - tools.amazon_playwright_extractor - INFO - Found 5 features.
2026-03-13 06:11:06,552 - tools.amazon_playwright_extractor - INFO - Extracting product description...
2026-03-13 06:11:06,581 - tools.amazon_playwright_extractor - INFO - Description found using selector: #productDescription
2026-03-13 06:11:06,581 - tools.amazon_playwright_extractor - INFO - Extracting product specifications table...
2026-03-13 06:11:07,978 - tools.amazon_playwright_extractor - INFO - Specifications table parsed using selector: table.a-keyvalue.prodDetTable
2026-03-13 06:11:07,978 - tools.amazon_playwright_extractor - INFO - Extracting SellerAmp data (if present)...
2026-03-13 06:11:07,978 - tools.amazon_playwright_extractor - INFO - SellerAmp data extraction is currently disabled as per requirements (Fix 2.3).
2026-03-13 06:11:07,978 - tools.amazon_playwright_extractor - INFO - Extracting Keepa data (if present)...
2026-03-13 06:11:07,978 - tools.amazon_playwright_extractor - INFO - Attempting to extract Keepa data...
2026-03-13 06:11:14,077 - tools.amazon_playwright_extractor - INFO - Keepa iframe found: iframe[id*='keepa']
2026-03-13 06:11:14,337 - tools.amazon_playwright_extractor - INFO - Keepa Sales Rank Details Table parsed.
2026-03-13 06:11:14,337 - tools.amazon_playwright_extractor - INFO - Keepa Graph AI Analysis is currently disabled as per requirements (Fix 2.4).
2026-03-13 06:11:14,380 - tools.amazon_playwright_extractor - INFO - Keepa Data tab found. Currently active: False
2026-03-13 06:11:14,381 - tools.amazon_playwright_extractor - INFO - Clicking Keepa 'Data' tab...
2026-03-13 06:11:17,709 - tools.amazon_playwright_extractor - INFO - Attempt 1/2: Waiting 12000ms for Product-Details wrapper...
2026-03-13 06:11:23,356 - tools.amazon_playwright_extractor - INFO - ? Product-Details wrapper appeared on attempt 1
2026-03-13 06:11:23,607 - tools.amazon_playwright_extractor - INFO - Parsing Keepa AG Grid for Product Details from: div#MoreTab1 div#grid-product-detail
2026-03-13 06:11:23,695 - tools.amazon_playwright_extractor - INFO - Primary attempt: Waiting 12 seconds for AG Grid rows to load...
2026-03-13 06:11:24,756 - tools.amazon_playwright_extractor - INFO - ? Primary attempt successful: 154 rows found
2026-03-13 06:11:24,776 - tools.amazon_playwright_extractor - INFO - Processing 154 rows in Keepa Product Details AG Grid.
2026-03-13 06:11:27,576 - tools.amazon_playwright_extractor - INFO - Found potential fee key 'FBA Pick&Pack Fee' with raw value: 'Ł 3.04' in Keepa AG Grid.
2026-03-13 06:11:27,842 - tools.amazon_playwright_extractor - INFO - Found potential fee key 'Referral Fee based on current Buy Box price' with raw value: 'Ł 3.30' in Keepa AG Grid.
2026-03-13 06:11:34,214 - tools.amazon_playwright_extractor - INFO - ? Successfully parsed 46 items from Keepa Product Details AG Grid.
2026-03-13 06:11:34,215 - tools.amazon_playwright_extractor - INFO - ASIN B0DFMXTVVF: Attempting to extract EANs from Keepa product_details_tab_data.
2026-03-13 06:11:34,215 - tools.amazon_playwright_extractor - INFO - ASIN B0DFMXTVVF: EAN '5056560117899' found in Keepa details via key 'Product Codes - EAN'.
2026-03-13 06:11:34,215 - tools.amazon_playwright_extractor - INFO - ASIN B0DFMXTVVF: BSR not found or invalid from page. Attempting fallback from Keepa.
2026-03-13 06:11:34,215 - tools.amazon_playwright_extractor - INFO - ASIN B0DFMXTVVF: BSR 9704 in 'Lighting 5' from Keepa SalesRankDetailsTable.
2026-03-13 06:11:34,215 - tools.amazon_playwright_extractor - INFO - \u2705 Recorded search method 'EAN' for ASIN B0DFMXTVVF
2026-03-13 06:11:34,215 - tools.amazon_playwright_extractor - INFO - Successfully extracted data for ASIN B0DFMXTVVF (EAN on page: 5056560117899)
2026-03-13 06:11:34,221 [INFO] WindowsSaveGuardian: ? ATOMIC SAVE: amazon_B0DFMXTVVF_5056560117899.json (30 entries) saved successfully
2026-03-13 06:11:34,221 - windows_save_guardian - INFO - ? ATOMIC SAVE: amazon_B0DFMXTVVF_5056560117899.json (30 entries) saved successfully
2026-03-13 06:11:34,228 [INFO] WindowsSaveGuardian: ? ATOMIC SAVE: linking_map.json (3 entries) saved successfully
2026-03-13 06:11:34,228 - windows_save_guardian - INFO - ? ATOMIC SAVE: linking_map.json (3 entries) saved successfully
2026-03-13 06:11:34,228 - __main__ - INFO - Linking map periodic flush: 3 entries
2026-03-13 06:11:34,233 [INFO] WindowsSaveGuardian: ? ATOMIC SAVE: efghousewares_co_uk__sandbox__6cc9188c_processing_state.json (27 entries) saved successfully
2026-03-13 06:11:34,233 - windows_save_guardian - INFO - ? ATOMIC SAVE: efghousewares_co_uk__sandbox__6cc9188c_processing_state.json (27 entries) saved successfully
2026-03-13 06:11:34,234 - utils.fixed_enhanced_state_manager - INFO -  ATOMIC SAVE
2026-03-13 06:11:34,234 - tools.amazon_playwright_extractor - INFO - Searching Amazon by EAN: 5060577572282 for supplier product: 'EXTRASTAR FLOODLIGHT 20W RGB 1900LUMENS' (FixedAmazonExtractor)
2026-03-13 06:11:34,234 - tools.amazon_playwright_extractor - INFO - Navigating to Amazon UK to search for EAN: 5060577572282
2026-03-13 06:11:41,576 - tools.amazon_playwright_extractor - INFO - Waiting for search results page to load for EAN 5060577572282...
2026-03-13 06:11:42,024 - tools.amazon_playwright_extractor - INFO - Found search results container with selector: div.s-search-results
2026-03-13 06:11:42,907 - tools.amazon_playwright_extractor - INFO - Found 5 search result elements using selector: div[data-component-type='s-search-result']
2026-03-13 06:11:42,907 - tools.amazon_playwright_extractor - INFO - Processing 5 search result elements for EAN 5060577572282
2026-03-13 06:11:43,701 - tools.amazon_playwright_extractor - INFO - Found organic result: ASIN B08S38K23F - EXTRASTAR 20W Smart RGB Led Floodlight Indoor or Outdoor, 65...
2026-03-13 06:11:43,824 - tools.amazon_playwright_extractor - INFO - \U0001f4ca SPONSORED FILTERING RESULTS: 1 organic products, 4 sponsored products filtered out
2026-03-13 06:11:43,824 - tools.amazon_playwright_extractor - INFO - \u2705 EAN SEARCH: Selected first organic result - ASIN B08S38K23F
2026-03-13 06:11:43,825 - tools.amazon_playwright_extractor - INFO -    Trusting Amazon's search relevance for EAN 5060577572282
2026-03-13 06:11:43,825 - tools.amazon_playwright_extractor - INFO -    EAN will be extracted by Keepa during full product data extraction
2026-03-13 06:11:43,825 - tools.amazon_playwright_extractor - INFO - Single ASIN B08S38K23F found for EAN 5060577572282.
2026-03-13 06:11:43,825 - tools.amazon_playwright_extractor - INFO - Proceeding with ASIN: B08S38K23F for EAN: 5060577572282
2026-03-13 06:11:43,825 - tools.amazon_playwright_extractor - WARNING - No page object provided to extract_data for ASIN B08S38K23F. Getting a new one from BrowserManager.
2026-03-13 06:11:43,825 - tools.amazon_playwright_extractor - INFO - Reusing existing page: https://www.amazon.co.uk/s?k=5060577572282&crid=2EQCX3Z3C1YGJ&sprefix=5060577572282%2Caps%2C1330&ref=nb_sb_noss
2026-03-13 06:11:47,284 - tools.amazon_playwright_extractor - INFO - Checking for cookie consent pop-up...
2026-03-13 06:11:51,986 - tools.amazon_playwright_extractor - INFO - Finished checking for cookie consent pop-ups. If one was present and not handled, it might interfere.
2026-03-13 06:11:52,987 - tools.amazon_playwright_extractor - INFO - Checking for CAPTCHA...
2026-03-13 06:11:55,999 - tools.amazon_playwright_extractor - INFO - No CAPTCHA page detected by form selector.
2026-03-13 06:11:55,999 - tools.amazon_playwright_extractor - INFO - Checking for cookie consent pop-up...
2026-03-13 06:11:56,105 - tools.amazon_playwright_extractor - INFO - Finished checking for cookie consent pop-ups. If one was present and not handled, it might interfere.
2026-03-13 06:11:56,105 - tools.amazon_playwright_extractor - INFO - Page should be ready. Waiting 5s for stabilization...
2026-03-13 06:12:01,113 - tools.amazon_playwright_extractor - INFO - Waiting an additional 7s for extensions (Keepa, SellerAmp)...
2026-03-13 06:12:08,117 - tools.amazon_playwright_extractor - INFO - Extracting all product data for ASIN: B08S38K23F
2026-03-13 06:12:08,118 - tools.amazon_playwright_extractor - INFO - Extracting basic product information (Title, Price, Images, Amazon Details)...
2026-03-13 06:12:08,181 - tools.amazon_playwright_extractor - INFO - Title found: 'EXTRASTAR 20W Smart RGB Led Floodlight Indoor or Outdoor, 6500K Daylight Flood Light 16 Colours Adjustable with Remote Control, IP65 Waterproof Dimmable Atmosphere Light for Stage Garden (2 Pack)' via #productTitle
2026-03-13 06:12:08,181 - tools.amazon_playwright_extractor - INFO - Extracting price details...
2026-03-13 06:12:08,220 - tools.amazon_playwright_extractor - INFO - Current price: 10.99 via #corePrice_feature_div .a-offscreen
2026-03-13 06:12:08,297 - tools.amazon_playwright_extractor - INFO - Original price: 37.02 via span.a-price.a-text-price[data-a-strike='true'] span.a-offscreen
2026-03-13 06:12:08,386 - tools.amazon_playwright_extractor - INFO - Extracting image URLs...
2026-03-13 06:12:08,432 - tools.amazon_playwright_extractor - INFO - Main image: https://m.media-amazon.com/images/I/61w+aVwc4hL._AC_SL1500_.jpg via #landingImage
2026-03-13 06:12:08,562 - tools.amazon_playwright_extractor - INFO - Found 7 thumbnails.
2026-03-13 06:12:08,569 - tools.amazon_playwright_extractor - INFO - Extracting Amazon product details section...
2026-03-13 06:12:08,942 - tools.amazon_playwright_extractor - INFO - Extracting sales rank information...
2026-03-13 06:12:09,403 - tools.amazon_playwright_extractor - INFO - Extracting ratings and reviews...
2026-03-13 06:12:09,497 - tools.amazon_playwright_extractor - INFO - Rating: 3.4 via #acrPopover[title*='out of 5 stars']
2026-03-13 06:12:09,525 - tools.amazon_playwright_extractor - INFO - Review count: 80 via #acrCustomerReviewText
2026-03-13 06:12:09,525 - tools.amazon_playwright_extractor - INFO - Extracting stock information...
2026-03-13 06:12:09,550 - tools.amazon_playwright_extractor - INFO - Availability text: 'In stock' via #availability span.a-size-medium.a-color-success
2026-03-13 06:12:09,550 - tools.amazon_playwright_extractor - INFO - Extracting features/bullets...
2026-03-13 06:12:10,328 - tools.amazon_playwright_extractor - INFO - Found 5 features.
2026-03-13 06:12:10,328 - tools.amazon_playwright_extractor - INFO - Extracting product description...
2026-03-13 06:12:10,385 - tools.amazon_playwright_extractor - INFO - Description found using selector: #aplus_feature_div
2026-03-13 06:12:10,385 - tools.amazon_playwright_extractor - INFO - Extracting product specifications table...
2026-03-13 06:12:11,880 - tools.amazon_playwright_extractor - INFO - Specifications table parsed using selector: table.a-keyvalue.prodDetTable
2026-03-13 06:12:11,881 - tools.amazon_playwright_extractor - INFO - Extracting SellerAmp data (if present)...
2026-03-13 06:12:11,881 - tools.amazon_playwright_extractor - INFO - SellerAmp data extraction is currently disabled as per requirements (Fix 2.3).
2026-03-13 06:12:11,881 - tools.amazon_playwright_extractor - INFO - Extracting Keepa data (if present)...
2026-03-13 06:12:11,881 - tools.amazon_playwright_extractor - INFO - Attempting to extract Keepa data...
2026-03-13 06:12:18,082 - tools.amazon_playwright_extractor - INFO - Keepa iframe found: iframe[id*='keepa']
2026-03-13 06:12:18,275 - tools.amazon_playwright_extractor - INFO - Keepa Sales Rank Details Table parsed.
2026-03-13 06:12:18,275 - tools.amazon_playwright_extractor - INFO - Keepa Graph AI Analysis is currently disabled as per requirements (Fix 2.4).
2026-03-13 06:12:18,316 - tools.amazon_playwright_extractor - INFO - Keepa Data tab found. Currently active: False
2026-03-13 06:12:18,316 - tools.amazon_playwright_extractor - INFO - Clicking Keepa 'Data' tab...
2026-03-13 06:12:20,862 - tools.amazon_playwright_extractor - INFO - Attempt 1/2: Waiting 12000ms for Product-Details wrapper...
2026-03-13 06:12:28,005 - tools.amazon_playwright_extractor - INFO - ? Product-Details wrapper appeared on attempt 1
2026-03-13 06:12:28,312 - tools.amazon_playwright_extractor - INFO - Parsing Keepa AG Grid for Product Details from: div#MoreTab1 div#grid-product-detail
2026-03-13 06:12:28,372 - tools.amazon_playwright_extractor - INFO - Primary attempt: Waiting 12 seconds for AG Grid rows to load...
2026-03-13 06:12:29,422 - tools.amazon_playwright_extractor - INFO - ? Primary attempt successful: 163 rows found
2026-03-13 06:12:29,443 - tools.amazon_playwright_extractor - INFO - Processing 163 rows in Keepa Product Details AG Grid.
2026-03-13 06:12:31,938 - tools.amazon_playwright_extractor - INFO - Found potential fee key 'FBA Pick&Pack Fee' with raw value: 'Ł 3.15' in Keepa AG Grid.
2026-03-13 06:12:32,118 - tools.amazon_playwright_extractor - INFO - Found potential fee key 'Referral Fee based on current Buy Box price' with raw value: 'Ł 1.43' in Keepa AG Grid.
2026-03-13 06:12:37,547 - tools.amazon_playwright_extractor - INFO - ? Successfully parsed 48 items from Keepa Product Details AG Grid.
2026-03-13 06:12:37,547 - tools.amazon_playwright_extractor - INFO - ASIN B08S38K23F: Attempting to extract EANs from Keepa product_details_tab_data.
2026-03-13 06:12:37,548 - tools.amazon_playwright_extractor - INFO - ASIN B08S38K23F: EAN '5060577572282' found in Keepa details via key 'Product Codes - EAN'.
2026-03-13 06:12:37,548 - tools.amazon_playwright_extractor - INFO - ASIN B08S38K23F: BSR not found or invalid from page. Attempting fallback from Keepa.
2026-03-13 06:12:37,548 - tools.amazon_playwright_extractor - INFO - ASIN B08S38K23F: BSR 10658 in 'Lighting 9' from Keepa SalesRankDetailsTable.
2026-03-13 06:12:37,548 - tools.amazon_playwright_extractor - INFO - \u2705 Recorded search method 'EAN' for ASIN B08S38K23F
2026-03-13 06:12:37,548 - tools.amazon_playwright_extractor - INFO - Successfully extracted data for ASIN B08S38K23F (EAN on page: 5060577572282)
2026-03-13 06:12:37,555 [INFO] WindowsSaveGuardian: ? ATOMIC SAVE: amazon_B08S38K23F_5060577572282.json (31 entries) saved successfully
2026-03-13 06:12:37,555 - windows_save_guardian - INFO - ? ATOMIC SAVE: amazon_B08S38K23F_5060577572282.json (31 entries) saved successfully
2026-03-13 06:12:37,561 [INFO] WindowsSaveGuardian: ? ATOMIC SAVE: linking_map.json (4 entries) saved successfully
2026-03-13 06:12:37,561 - windows_save_guardian - INFO - ? ATOMIC SAVE: linking_map.json (4 entries) saved successfully
2026-03-13 06:12:37,561 - __main__ - INFO - Linking map periodic flush: 4 entries
2026-03-13 06:12:37,566 [INFO] WindowsSaveGuardian: ? ATOMIC SAVE: efghousewares_co_uk__sandbox__6cc9188c_processing_state.json (27 entries) saved successfully
2026-03-13 06:12:37,566 - windows_save_guardian - INFO - ? ATOMIC SAVE: efghousewares_co_uk__sandbox__6cc9188c_processing_state.json (27 entries) saved successfully
2026-03-13 06:12:37,567 - utils.fixed_enhanced_state_manager - INFO -  ATOMIC SAVE
2026-03-13 06:12:37,576 [INFO] WindowsSaveGuardian: ? ATOMIC SAVE: efghousewares_co_uk__sandbox__6cc9188c_processing_state.json (27 entries) saved successfully
2026-03-13 06:12:37,576 - windows_save_guardian - INFO - ? ATOMIC SAVE: efghousewares_co_uk__sandbox__6cc9188c_processing_state.json (27 entries) saved successfully
2026-03-13 06:12:37,577 - utils.fixed_enhanced_state_manager - INFO -  ATOMIC SAVE
2026-03-13 06:12:37,591 - tools.amazon_playwright_extractor - INFO - Searching Amazon by EAN: 5012133014545 for supplier product: 'MASON CASH  PUDDING BASIN SIZE 54 (2023)' (FixedAmazonExtractor)
2026-03-13 06:12:37,591 - tools.amazon_playwright_extractor - INFO - Navigating to Amazon UK to search for EAN: 5012133014545
2026-03-13 06:12:46,198 - tools.amazon_playwright_extractor - INFO - Waiting for search results page to load for EAN 5012133014545...
2026-03-13 06:12:46,403 - tools.amazon_playwright_extractor - INFO - Found search results container with selector: div.s-search-results
2026-03-13 06:12:47,139 - tools.amazon_playwright_extractor - INFO - Found 12 search result elements using selector: div[data-component-type='s-search-result']
2026-03-13 06:12:47,139 - tools.amazon_playwright_extractor - INFO - Processing 12 search result elements for EAN 5012133014545
2026-03-13 06:12:47,599 - tools.amazon_playwright_extractor - INFO - \U0001f4ca SPONSORED FILTERING RESULTS: 0 organic products, 12 sponsored products filtered out
2026-03-13 06:12:47,600 - tools.amazon_playwright_extractor - WARNING - EAN 5012133014545 returned no organic results - skipping
2026-03-13 06:12:47,600 - tools.amazon_playwright_extractor - WARNING - No Amazon results or error for EAN '5012133014545'. Details: no_organic_results
2026-03-13 06:12:47,600 - tools.amazon_playwright_extractor - INFO - Falling back to title search for supplier product: 'MASON CASH  PUDDING BASIN SIZE 54 (2023)'
2026-03-13 06:12:47,600 - tools.amazon_playwright_extractor - INFO - Searching Amazon by title using search bar: 'MASON CASH  PUDDING BASIN SIZE 54 (2023)'
2026-03-13 06:12:47,600 - tools.amazon_playwright_extractor - INFO - Navigating to Amazon UK to search for title: MASON CASH  PUDDING BASIN SIZE 54 (2023)
2026-03-13 06:13:01,564 - tools.amazon_playwright_extractor - INFO - Title search found 63 elements using selector: div.s-search-results > div[data-asin]
2026-03-13 06:13:02,220 - tools.amazon_playwright_extractor - WARNING - ASIN extraction failed: All 4 fallbacks exhausted
2026-03-13 06:13:02,994 - tools.amazon_playwright_extractor - INFO - \u2705 Title search: Selected first visible organic product - ASIN B0000BVFTF
2026-03-13 06:13:02,994 - tools.amazon_playwright_extractor - INFO - \U0001f3af ASIN EXTRACTION SUCCESS: Found 1 ASINs for title search: 'MASON CASH  PUDDING BASIN SIZE 54 (2023)'
2026-03-13 06:13:02,994 - tools.amazon_playwright_extractor - INFO - Title search successful for 'MASON CASH  PUDDING BASIN SIZE 54 (2023)' after EAN '5012133014545' failed
2026-03-13 06:13:02,994 - tools.amazon_playwright_extractor - INFO - Extracting complete data for fallback ASIN B0000BVFTF from title search
2026-03-13 06:13:02,995 - tools.amazon_playwright_extractor - WARNING - No page object provided to extract_data for ASIN B0000BVFTF. Getting a new one from BrowserManager.
2026-03-13 06:13:02,995 - tools.amazon_playwright_extractor - INFO - Reusing existing page: https://www.amazon.co.uk/s?k=MASON+CASH+PUDDING+BASIN+SIZE+54+%282023%29&crid=3IAT0AXJ1S21V&sprefix=mason+cash+pudding+basin+size+54+2023+%2Caps%2C536&ref=nb_sb_noss
2026-03-13 06:13:11,254 - tools.amazon_playwright_extractor - INFO - Checking for cookie consent pop-up...
2026-03-13 06:13:20,732 - tools.amazon_playwright_extractor - INFO - Finished checking for cookie consent pop-ups. If one was present and not handled, it might interfere.
2026-03-13 06:13:21,747 - tools.amazon_playwright_extractor - INFO - Checking for CAPTCHA...
2026-03-13 06:13:24,758 - tools.amazon_playwright_extractor - INFO - No CAPTCHA page detected by form selector.
2026-03-13 06:13:24,758 - tools.amazon_playwright_extractor - INFO - Checking for cookie consent pop-up...
2026-03-13 06:13:25,010 - tools.amazon_playwright_extractor - INFO - Finished checking for cookie consent pop-ups. If one was present and not handled, it might interfere.
2026-03-13 06:13:25,010 - tools.amazon_playwright_extractor - INFO - Page should be ready. Waiting 5s for stabilization...
2026-03-13 06:13:30,012 - tools.amazon_playwright_extractor - INFO - Waiting an additional 7s for extensions (Keepa, SellerAmp)...
2026-03-13 06:13:37,015 - tools.amazon_playwright_extractor - INFO - Extracting all product data for ASIN: B0000BVFTF
2026-03-13 06:13:37,015 - tools.amazon_playwright_extractor - INFO - Extracting basic product information (Title, Price, Images, Amazon Details)...
2026-03-13 06:13:37,077 - tools.amazon_playwright_extractor - INFO - Title found: 'Mason Cash Original White Earthenware All-Purpose Pudding Basin, 20 cm' via #productTitle
2026-03-13 06:13:37,077 - tools.amazon_playwright_extractor - INFO - Extracting price details...
2026-03-13 06:13:37,115 - tools.amazon_playwright_extractor - INFO - Current price: 12.86 via #corePrice_feature_div .a-offscreen
2026-03-13 06:13:37,321 - tools.amazon_playwright_extractor - INFO - Original price: 16.0 via span.a-price.a-text-price[data-a-strike='true'] span.a-offscreen
2026-03-13 06:13:37,425 - tools.amazon_playwright_extractor - INFO - Extracting image URLs...
2026-03-13 06:13:37,490 - tools.amazon_playwright_extractor - INFO - Main image: https://m.media-amazon.com/images/I/71r73pyq0sL._AC_SL1500_.jpg via #landingImage
2026-03-13 06:13:37,747 - tools.amazon_playwright_extractor - INFO - Found 7 thumbnails.
2026-03-13 06:13:37,755 - tools.amazon_playwright_extractor - INFO - Extracting Amazon product details section...
2026-03-13 06:13:38,027 - tools.amazon_playwright_extractor - INFO - Extracting sales rank information...
2026-03-13 06:13:38,487 - tools.amazon_playwright_extractor - INFO - Extracting ratings and reviews...
2026-03-13 06:13:38,628 - tools.amazon_playwright_extractor - INFO - Rating: 4.6 via #acrPopover[title*='out of 5 stars']
2026-03-13 06:13:38,799 - tools.amazon_playwright_extractor - INFO - Review count: 1834 via #acrCustomerReviewText
2026-03-13 06:13:38,799 - tools.amazon_playwright_extractor - INFO - Extracting stock information...
2026-03-13 06:13:38,866 - tools.amazon_playwright_extractor - INFO - Availability text: 'Only 7 left in stock.' via #availability span.a-color-price
2026-03-13 06:13:38,866 - tools.amazon_playwright_extractor - INFO - Extracting features/bullets...
2026-03-13 06:13:39,545 - tools.amazon_playwright_extractor - INFO - Found 5 features.
2026-03-13 06:13:39,545 - tools.amazon_playwright_extractor - INFO - Extracting product description...
2026-03-13 06:13:39,623 - tools.amazon_playwright_extractor - INFO - Description found using selector: #aplus_feature_div
2026-03-13 06:13:39,623 - tools.amazon_playwright_extractor - INFO - Extracting product specifications table...
2026-03-13 06:13:41,104 - tools.amazon_playwright_extractor - INFO - Specifications table parsed using selector: table.a-keyvalue.prodDetTable
2026-03-13 06:13:41,104 - tools.amazon_playwright_extractor - INFO - Extracting SellerAmp data (if present)...
2026-03-13 06:13:41,104 - tools.amazon_playwright_extractor - INFO - SellerAmp data extraction is currently disabled as per requirements (Fix 2.3).
2026-03-13 06:13:41,104 - tools.amazon_playwright_extractor - INFO - Extracting Keepa data (if present)...
2026-03-13 06:13:41,105 - tools.amazon_playwright_extractor - INFO - Attempting to extract Keepa data...
2026-03-13 06:13:47,326 - tools.amazon_playwright_extractor - INFO - Keepa iframe found: iframe[id*='keepa']
2026-03-13 06:13:47,537 - tools.amazon_playwright_extractor - INFO - Keepa Sales Rank Details Table parsed.
2026-03-13 06:13:47,537 - tools.amazon_playwright_extractor - INFO - Keepa Graph AI Analysis is currently disabled as per requirements (Fix 2.4).
2026-03-13 06:13:47,601 - tools.amazon_playwright_extractor - INFO - Keepa Data tab found. Currently active: False
2026-03-13 06:13:47,601 - tools.amazon_playwright_extractor - INFO - Clicking Keepa 'Data' tab...
2026-03-13 06:13:50,245 - tools.amazon_playwright_extractor - INFO - Attempt 1/2: Waiting 12000ms for Product-Details wrapper...
2026-03-13 06:13:55,827 - tools.amazon_playwright_extractor - INFO - ? Product-Details wrapper appeared on attempt 1
2026-03-13 06:13:56,119 - tools.amazon_playwright_extractor - INFO - Parsing Keepa AG Grid for Product Details from: div#MoreTab1 div#grid-product-detail
2026-03-13 06:13:56,196 - tools.amazon_playwright_extractor - INFO - Primary attempt: Waiting 12 seconds for AG Grid rows to load...
2026-03-13 06:13:57,306 - tools.amazon_playwright_extractor - INFO - ? Primary attempt successful: 172 rows found
2026-03-13 06:13:57,347 - tools.amazon_playwright_extractor - INFO - Processing 172 rows in Keepa Product Details AG Grid.
2026-03-13 06:14:01,273 - tools.amazon_playwright_extractor - INFO - Found potential fee key 'FBA Pick&Pack Fee' with raw value: 'Ł 3.48' in Keepa AG Grid.
2026-03-13 06:14:01,462 - tools.amazon_playwright_extractor - INFO - Found potential fee key 'Referral Fee based on current Buy Box price' with raw value: 'Ł 1.99' in Keepa AG Grid.
2026-03-13 06:14:08,847 - tools.amazon_playwright_extractor - INFO - ? Successfully parsed 52 items from Keepa Product Details AG Grid.
2026-03-13 06:14:08,847 - tools.amazon_playwright_extractor - INFO - ASIN B0000BVFTF: Attempting to extract EANs from Keepa product_details_tab_data.
2026-03-13 06:14:08,847 - tools.amazon_playwright_extractor - WARNING - ASIN B0000BVFTF: Could not find EAN in Keepa product_details_tab_data.
2026-03-13 06:14:08,847 - tools.amazon_playwright_extractor - INFO - ASIN B0000BVFTF: BSR not found or invalid from page. Attempting fallback from Keepa.
2026-03-13 06:14:08,848 - tools.amazon_playwright_extractor - INFO - ASIN B0000BVFTF: BSR 22721 in 'Home & Kitchen 27' from Keepa SalesRankDetailsTable.
2026-03-13 06:14:08,859 [INFO] WindowsSaveGuardian: ? ATOMIC SAVE: amazon_B0000BVFTF_5012133014545.json (28 entries) saved successfully
2026-03-13 06:14:08,859 - windows_save_guardian - INFO - ? ATOMIC SAVE: amazon_B0000BVFTF_5012133014545.json (28 entries) saved successfully
2026-03-13 06:14:08,868 [INFO] WindowsSaveGuardian: ? ATOMIC SAVE: linking_map.json (5 entries) saved successfully
2026-03-13 06:14:08,868 - windows_save_guardian - INFO - ? ATOMIC SAVE: linking_map.json (5 entries) saved successfully
2026-03-13 06:14:08,869 - __main__ - INFO - Linking map periodic flush: 5 entries
2026-03-13 06:14:08,875 [INFO] WindowsSaveGuardian: ? ATOMIC SAVE: efghousewares_co_uk__sandbox__6cc9188c_processing_state.json (27 entries) saved successfully
2026-03-13 06:14:08,875 - windows_save_guardian - INFO - ? ATOMIC SAVE: efghousewares_co_uk__sandbox__6cc9188c_processing_state.json (27 entries) saved successfully
2026-03-13 06:14:08,876 - utils.fixed_enhanced_state_manager - INFO -  ATOMIC SAVE
2026-03-13 06:14:08,882 [INFO] WindowsSaveGuardian: ? ATOMIC SAVE: efghousewares_co_uk__sandbox__6cc9188c_processing_state.json (27 entries) saved successfully
2026-03-13 06:14:08,882 - windows_save_guardian - INFO - ? ATOMIC SAVE: efghousewares_co_uk__sandbox__6cc9188c_processing_state.json (27 entries) saved successfully
2026-03-13 06:14:08,883 - utils.fixed_enhanced_state_manager - INFO -  ATOMIC SAVE
2026-03-13 06:14:08,888 [INFO] WindowsSaveGuardian: ? ATOMIC SAVE: efghousewares_co_uk__sandbox__6cc9188c_processing_state.json (27 entries) saved successfully
2026-03-13 06:14:08,888 - windows_save_guardian - INFO - ? ATOMIC SAVE: efghousewares_co_uk__sandbox__6cc9188c_processing_state.json (27 entries) saved successfully
2026-03-13 06:14:08,889 - utils.fixed_enhanced_state_manager - INFO -  ATOMIC SAVE
2026-03-13 06:14:08,897 [INFO] WindowsSaveGuardian: ? ATOMIC SAVE: linking_map.json (5 entries) saved successfully
2026-03-13 06:14:08,897 - windows_save_guardian - INFO - ? ATOMIC SAVE: linking_map.json (5 entries) saved successfully
2026-03-13 06:14:08,898 - __main__ - INFO - Product list refresh complete: 5/5 matched
2026-03-13 06:14:08,898 - utils.browser_manager - WARNING - Error during global cleanup: no running event loop
Exception ignored in: <function BaseSubprocessTransport.__del__ at 0x0000025118068C20>
Traceback (most recent call last):
  File "C:\Python313\Lib\asyncio\base_subprocess.py", line 130, in __del__
  File "C:\Python313\Lib\asyncio\base_subprocess.py", line 107, in close
  File "C:\Python313\Lib\asyncio\proactor_events.py", line 109, in close
  File "C:\Python313\Lib\asyncio\base_events.py", line 827, in call_soon
  File "C:\Python313\Lib\asyncio\base_events.py", line 550, in _check_closed
RuntimeError: Event loop is closed
