2026-02-25 10:55:11,775 - tools.amazon_playwright_extractor - WARNING - ?? BrowserCircuitBreaker not available - health management disabled
2026-02-25 10:55:11,775 - tools.amazon_playwright_extractor - INFO - AI features disabled in amazon_playwright_extractor - using only traditional selectors.
2026-02-25 10:55:11,776 - tools.amazon_playwright_extractor - INFO - Output directory set to: C:\Users\chris\Desktop\Amazon-FBA-Agent-System-v32 - latest good - Copy (8) - Copy - Copy - POSTLONGRUNPREKIRO2 beforecompletion-\OUTPUTS\CACHE\amazon_data
2026-02-25 10:55:11,776 - tools.amazon_playwright_extractor - WARNING - ?? BrowserManager not available, using legacy browser connection
2026-02-25 10:55:11,778 - tools.amazon_playwright_extractor - INFO - \U0001f527 FixedAmazonExtractor connecting via BrowserManager singleton
2026-02-25 10:55:11,778 - utils.browser_circuit_breaker - INFO - BrowserCircuitBreaker initialized: threshold=3, timeout=300s
2026-02-25 10:55:11,778 - utils.browser_manager - INFO - ?? BrowserManager singleton initialized with health management
2026-02-25 10:55:25,645 - utils.browser_manager - INFO - ?? Connecting to existing Chrome debug instance on port 9222
2026-02-25 10:55:25,645 - utils.browser_manager - INFO - ?? Per troubleshooting docs: Using existing Chrome debug only
2026-02-25 10:55:28,239 - utils.browser_manager - INFO - ? Chrome debug accessible on IPv4: Chrome/145.0.7632.110
2026-02-25 10:55:28,240 - utils.browser_manager - INFO - ?? Connecting to existing Chrome debug instance...
2026-02-25 10:55:30,287 - utils.browser_manager - INFO - ?? Using endpoint: http://localhost:9222
2026-02-25 10:55:30,508 - utils.browser_manager - INFO - ? Successfully connected to existing Chrome debug instance
2026-02-25 10:55:30,508 - utils.browser_manager - INFO - ?? Using existing context with 1 pages
2026-02-25 10:55:30,508 - utils.browser_manager - INFO - ?? Connected to existing Chrome: 145.0.7632.110
2026-02-25 10:55:30,508 - tools.amazon_playwright_extractor - INFO - \u2705 FixedAmazonExtractor connected via BrowserManager singleton
2026-02-25 10:55:30,508 - utils.browser_manager - INFO - ?? Reusing existing Chrome connection (port 9222)
2026-02-25 10:55:30,508 - utils.browser_manager - INFO - ?? Reusing existing page in persistent context.
2026-02-25 10:55:30,517 [INFO] WindowsSaveGuardian: ? ATOMIC SAVE: clearance-king_co_uk__sandbox__739d483d_processing_state.json (27 entries) saved successfully
2026-02-25 10:55:30,517 - windows_save_guardian - INFO - ? ATOMIC SAVE: clearance-king_co_uk__sandbox__739d483d_processing_state.json (27 entries) saved successfully
2026-02-25 10:55:30,517 - utils.fixed_enhanced_state_manager - INFO -  ATOMIC SAVE
2026-02-25 10:55:30,532 [INFO] WindowsSaveGuardian: ? ATOMIC SAVE: clearance-king_co_uk__sandbox__739d483d_processing_state.json (27 entries) saved successfully
2026-02-25 10:55:30,532 - windows_save_guardian - INFO - ? ATOMIC SAVE: clearance-king_co_uk__sandbox__739d483d_processing_state.json (27 entries) saved successfully
2026-02-25 10:55:30,532 - utils.fixed_enhanced_state_manager - INFO -  ATOMIC SAVE
2026-02-25 10:55:30,546 [INFO] WindowsSaveGuardian: ? ATOMIC SAVE: clearance-king_co_uk__sandbox__739d483d_processing_state.json (27 entries) saved successfully
2026-02-25 10:55:30,546 - windows_save_guardian - INFO - ? ATOMIC SAVE: clearance-king_co_uk__sandbox__739d483d_processing_state.json (27 entries) saved successfully
2026-02-25 10:55:30,547 - utils.fixed_enhanced_state_manager - INFO -  ATOMIC SAVE
2026-02-25 10:55:30,555 [INFO] WindowsSaveGuardian: ? ATOMIC SAVE: linking_map.json (0 entries) saved successfully
2026-02-25 10:55:30,555 - windows_save_guardian - INFO - ? ATOMIC SAVE: linking_map.json (0 entries) saved successfully
2026-02-25 10:55:30,555 - __main__ - INFO - Product list refresh complete: 0/0 matched
2026-02-25 10:55:30,555 - utils.browser_manager - WARNING - Error during global cleanup: no running event loop
Exception ignored in: <function BaseSubprocessTransport.__del__ at 0x00000242DCD78C20>
Traceback (most recent call last):
  File "C:\Python313\Lib\asyncio\base_subprocess.py", line 130, in __del__
  File "C:\Python313\Lib\asyncio\base_subprocess.py", line 107, in close
  File "C:\Python313\Lib\asyncio\proactor_events.py", line 109, in close
  File "C:\Python313\Lib\asyncio\base_events.py", line 827, in call_soon
  File "C:\Python313\Lib\asyncio\base_events.py", line 550, in _check_closed
RuntimeError: Event loop is closed
