2026-02-16 22:25:27,649 - __main__ - WARNING - Ignoring supplier identity from products file; job sandbox is authoritative. job=angelwholesale.co.uk__sandbox__8ad711da file=angelwholesale.co.uk
2026-02-16 22:25:27,649 - tools.amazon_playwright_extractor - WARNING - ?? BrowserCircuitBreaker not available - health management disabled
2026-02-16 22:25:27,650 - tools.amazon_playwright_extractor - INFO - AI features disabled in amazon_playwright_extractor - using only traditional selectors.
2026-02-16 22:25:27,650 - tools.amazon_playwright_extractor - INFO - Output directory set to: C:\Users\chris\Desktop\Amazon-FBA-Agent-System-v32 - latest good - Copy (8) - Copy - Copy - POSTLONGRUNPREKIRO2 beforecompletion-\OUTPUTS\CACHE\amazon_data
2026-02-16 22:25:27,650 - tools.amazon_playwright_extractor - WARNING - ?? BrowserManager not available, using legacy browser connection
2026-02-16 22:25:27,651 - tools.amazon_playwright_extractor - INFO - \U0001f527 FixedAmazonExtractor connecting via BrowserManager singleton
2026-02-16 22:25:27,651 - utils.browser_circuit_breaker - INFO - BrowserCircuitBreaker initialized: threshold=3, timeout=300s
2026-02-16 22:25:27,651 - utils.browser_manager - INFO - ?? BrowserManager singleton initialized with health management
2026-02-16 22:25:28,197 - utils.browser_manager - INFO - ?? Connecting to existing Chrome debug instance on port 9222
2026-02-16 22:25:28,197 - utils.browser_manager - INFO - ?? Per troubleshooting docs: Using existing Chrome debug only
2026-02-16 22:25:30,378 - utils.browser_manager - INFO - ? Chrome debug accessible on IPv4: Chrome/145.0.7632.76
2026-02-16 22:25:30,378 - utils.browser_manager - INFO - ?? Connecting to existing Chrome debug instance...
2026-02-16 22:25:32,414 - utils.browser_manager - INFO - ?? Using endpoint: http://localhost:9222
2026-02-16 22:25:32,586 - utils.browser_manager - INFO - ? Successfully connected to existing Chrome debug instance
2026-02-16 22:25:32,587 - utils.browser_manager - INFO - ?? Using existing context with 1 pages
2026-02-16 22:25:32,587 - utils.browser_manager - INFO - ?? Connected to existing Chrome: 145.0.7632.76
2026-02-16 22:25:32,587 - tools.amazon_playwright_extractor - INFO - \u2705 FixedAmazonExtractor connected via BrowserManager singleton
2026-02-16 22:25:32,587 - utils.browser_manager - INFO - ?? Reusing existing Chrome connection (port 9222)
2026-02-16 22:25:32,587 - utils.browser_manager - INFO - ?? Reusing existing page in persistent context.
2026-02-16 22:25:32,594 [INFO] WindowsSaveGuardian: ? ATOMIC SAVE: angelwholesale_co_uk__sandbox__8ad711da_processing_state.json (27 entries) saved successfully
2026-02-16 22:25:32,594 - windows_save_guardian - INFO - ? ATOMIC SAVE: angelwholesale_co_uk__sandbox__8ad711da_processing_state.json (27 entries) saved successfully
2026-02-16 22:25:32,595 - utils.fixed_enhanced_state_manager - INFO -  ATOMIC SAVE
2026-02-16 22:25:32,597 [INFO] WindowsSaveGuardian: ? ATOMIC SAVE: angelwholesale_co_uk__sandbox__8ad711da_processing_state.json (27 entries) saved successfully
2026-02-16 22:25:32,597 - windows_save_guardian - INFO - ? ATOMIC SAVE: angelwholesale_co_uk__sandbox__8ad711da_processing_state.json (27 entries) saved successfully
2026-02-16 22:25:32,598 - utils.fixed_enhanced_state_manager - INFO -  ATOMIC SAVE
2026-02-16 22:25:32,598 - tools.amazon_playwright_extractor - INFO - Searching Amazon by EAN: 5012866069058 for supplier product: '3pcs Mosaic Vehicles  by AtoZ Toys' (FixedAmazonExtractor)
2026-02-16 22:25:32,598 - tools.amazon_playwright_extractor - INFO - Navigating to Amazon UK to search for EAN: 5012866069058
2026-02-16 22:25:36,949 - tools.amazon_playwright_extractor - INFO - Waiting for search results page to load for EAN 5012866069058...
2026-02-16 22:25:37,027 - tools.amazon_playwright_extractor - INFO - Found search results container with selector: div.s-search-results
2026-02-16 22:25:37,674 - tools.amazon_playwright_extractor - INFO - Found 9 search result elements using selector: div[data-component-type='s-search-result']
2026-02-16 22:25:37,674 - tools.amazon_playwright_extractor - INFO - Processing 9 search result elements for EAN 5012866069058
2026-02-16 22:25:37,908 - tools.amazon_playwright_extractor - INFO - \U0001f4ca SPONSORED FILTERING RESULTS: 0 organic products, 9 sponsored products filtered out
2026-02-16 22:25:37,908 - tools.amazon_playwright_extractor - WARNING - EAN 5012866069058 returned no organic results - skipping
2026-02-16 22:25:37,908 - tools.amazon_playwright_extractor - WARNING - No Amazon results or error for EAN '5012866069058'. Details: no_organic_results
2026-02-16 22:25:37,909 - tools.amazon_playwright_extractor - INFO - Falling back to title search for supplier product: '3pcs Mosaic Vehicles  by AtoZ Toys'
2026-02-16 22:25:37,909 - tools.amazon_playwright_extractor - INFO - Searching Amazon by title using search bar: '3pcs Mosaic Vehicles  by AtoZ Toys'
2026-02-16 22:25:37,909 - tools.amazon_playwright_extractor - INFO - Navigating to Amazon UK to search for title: 3pcs Mosaic Vehicles  by AtoZ Toys
2026-02-16 22:25:42,158 - tools.amazon_playwright_extractor - INFO - Title search found 55 elements using selector: div.s-search-results > div[data-asin]
2026-02-16 22:25:42,326 - tools.amazon_playwright_extractor - WARNING - ASIN extraction failed: All 4 fallbacks exhausted
2026-02-16 22:25:42,528 - tools.amazon_playwright_extractor - INFO - \u2705 Title search: Selected first visible organic product - ASIN B0FDF3G22H
2026-02-16 22:25:42,528 - tools.amazon_playwright_extractor - INFO - \U0001f3af ASIN EXTRACTION SUCCESS: Found 1 ASINs for title search: '3pcs Mosaic Vehicles  by AtoZ Toys'
2026-02-16 22:25:42,528 - tools.amazon_playwright_extractor - INFO - Title search successful for '3pcs Mosaic Vehicles  by AtoZ Toys' after EAN '5012866069058' failed
2026-02-16 22:25:42,528 - tools.amazon_playwright_extractor - INFO - Extracting complete data for fallback ASIN B0FDF3G22H from title search
2026-02-16 22:25:42,529 - tools.amazon_playwright_extractor - WARNING - No page object provided to extract_data for ASIN B0FDF3G22H. Getting a new one from BrowserManager.
2026-02-16 22:25:42,529 - tools.amazon_playwright_extractor - INFO - Reusing existing page: https://www.amazon.co.uk/s?k=3pcs+Mosaic+Vehicles+by+AtoZ+Toys&ref=nb_sb_noss
2026-02-16 22:26:36,281 - tools.amazon_playwright_extractor - INFO - Checking for cookie consent pop-up...
2026-02-16 22:26:36,897 - tools.amazon_playwright_extractor - INFO - Finished checking for cookie consent pop-ups. If one was present and not handled, it might interfere.
2026-02-16 22:26:37,910 - tools.amazon_playwright_extractor - INFO - Checking for CAPTCHA...
2026-02-16 22:26:40,922 - tools.amazon_playwright_extractor - INFO - No CAPTCHA page detected by form selector.
2026-02-16 22:26:40,922 - tools.amazon_playwright_extractor - INFO - Checking for cookie consent pop-up...
2026-02-16 22:26:41,015 - tools.amazon_playwright_extractor - INFO - Finished checking for cookie consent pop-ups. If one was present and not handled, it might interfere.
2026-02-16 22:26:41,015 - tools.amazon_playwright_extractor - INFO - Page should be ready. Waiting 5s for stabilization...
2026-02-16 22:26:46,030 - tools.amazon_playwright_extractor - INFO - Waiting an additional 7s for extensions (Keepa, SellerAmp)...
2026-02-16 22:26:53,039 - tools.amazon_playwright_extractor - INFO - Extracting all product data for ASIN: B0FDF3G22H
2026-02-16 22:26:53,039 - tools.amazon_playwright_extractor - INFO - Extracting basic product information (Title, Price, Images, Amazon Details)...
2026-02-16 22:26:53,065 - tools.amazon_playwright_extractor - INFO - Title found: '8 Pcs 3D Mosaic Stickers Set Toy for Kids Adults,Fun DIY 3D Vehicles Theme Stickers with Tweezers,Sticky Crafts Activities Travel Toy for Aged 3 Years+ (Vehicles)' via #productTitle
2026-02-16 22:26:53,065 - tools.amazon_playwright_extractor - INFO - Extracting price details...
2026-02-16 22:26:53,083 - tools.amazon_playwright_extractor - INFO - Current price: 9.99 via #corePrice_feature_div .a-offscreen
2026-02-16 22:26:53,133 - tools.amazon_playwright_extractor - INFO - Original price: 14.99 via span.a-price.a-text-price[data-a-strike='true'] span.a-offscreen
2026-02-16 22:26:53,186 - tools.amazon_playwright_extractor - INFO - Extracting image URLs...
2026-02-16 22:26:53,224 - tools.amazon_playwright_extractor - INFO - Main image: https://m.media-amazon.com/images/I/61YfVUfUpiL._AC_SX679_.jpg via #landingImage
2026-02-16 22:26:53,298 - tools.amazon_playwright_extractor - INFO - Found 7 thumbnails.
2026-02-16 22:26:53,303 - tools.amazon_playwright_extractor - INFO - Extracting Amazon product details section...
2026-02-16 22:26:53,547 - tools.amazon_playwright_extractor - INFO - Extracting sales rank information...
2026-02-16 22:26:53,663 - tools.amazon_playwright_extractor - INFO - Extracting ratings and reviews...
2026-02-16 22:26:53,685 - tools.amazon_playwright_extractor - INFO - Rating: 4.6 via i[class*='a-icon-star'] span.a-icon-alt
2026-02-16 22:26:53,707 - tools.amazon_playwright_extractor - INFO - Extracting stock information...
2026-02-16 22:26:53,722 - tools.amazon_playwright_extractor - INFO - Availability text: 'In stock' via #availability span.a-size-medium.a-color-success
2026-02-16 22:26:53,722 - tools.amazon_playwright_extractor - INFO - Extracting features/bullets...
2026-02-16 22:26:53,926 - tools.amazon_playwright_extractor - INFO - Found 5 features.
2026-02-16 22:26:53,926 - tools.amazon_playwright_extractor - INFO - Extracting product description...
2026-02-16 22:26:54,019 - tools.amazon_playwright_extractor - INFO - Extracting product specifications table...
2026-02-16 22:26:54,258 - tools.amazon_playwright_extractor - INFO - Specifications table parsed using selector: table.a-keyvalue.prodDetTable
2026-02-16 22:26:54,258 - tools.amazon_playwright_extractor - INFO - Extracting SellerAmp data (if present)...
2026-02-16 22:26:54,258 - tools.amazon_playwright_extractor - INFO - SellerAmp data extraction is currently disabled as per requirements (Fix 2.3).
2026-02-16 22:26:54,258 - tools.amazon_playwright_extractor - INFO - Extracting Keepa data (if present)...
2026-02-16 22:26:54,259 - tools.amazon_playwright_extractor - INFO - Attempting to extract Keepa data...
2026-02-16 22:27:00,356 - tools.amazon_playwright_extractor - INFO - Keepa iframe found: iframe[id*='keepa']
2026-02-16 22:27:00,450 - tools.amazon_playwright_extractor - INFO - Keepa Sales Rank Details Table parsed.
2026-02-16 22:27:00,450 - tools.amazon_playwright_extractor - INFO - Keepa Graph AI Analysis is currently disabled as per requirements (Fix 2.4).
2026-02-16 22:27:00,474 - tools.amazon_playwright_extractor - INFO - Keepa Data tab found. Currently active: False
2026-02-16 22:27:00,474 - tools.amazon_playwright_extractor - INFO - Clicking Keepa 'Data' tab...
2026-02-16 22:27:02,720 - tools.amazon_playwright_extractor - INFO - Attempt 1/2: Waiting 12000ms for Product-Details wrapper...
2026-02-16 22:27:02,735 - tools.amazon_playwright_extractor - INFO - ? Product-Details wrapper appeared on attempt 1
2026-02-16 22:27:02,762 - tools.amazon_playwright_extractor - INFO - Parsing Keepa AG Grid for Product Details from: div#MoreTab1 div#grid-product-detail
2026-02-16 22:27:02,786 - tools.amazon_playwright_extractor - INFO - Primary attempt: Waiting 12 seconds for AG Grid rows to load...
2026-02-16 22:27:03,826 - tools.amazon_playwright_extractor - INFO - ? Primary attempt successful: 142 rows found
2026-02-16 22:27:03,837 - tools.amazon_playwright_extractor - INFO - Processing 142 rows in Keepa Product Details AG Grid.
2026-02-16 22:27:04,837 - tools.amazon_playwright_extractor - INFO - Found potential fee key 'FBA Pick&Pack Fee' with raw value: 'Ł 1.70' in Keepa AG Grid.
2026-02-16 22:27:04,928 - tools.amazon_playwright_extractor - INFO - Found potential fee key 'Referral Fee based on current Buy Box price' with raw value: 'Ł 0.80' in Keepa AG Grid.
2026-02-16 22:27:07,076 - tools.amazon_playwright_extractor - INFO - ? Successfully parsed 40 items from Keepa Product Details AG Grid.
2026-02-16 22:27:07,076 - tools.amazon_playwright_extractor - INFO - ASIN B0FDF3G22H: Attempting to extract EANs from Keepa product_details_tab_data.
2026-02-16 22:27:07,076 - tools.amazon_playwright_extractor - INFO - ASIN B0FDF3G22H: EAN '8901606314022' found in Keepa details via key 'Product Codes - EAN'.
2026-02-16 22:27:07,077 - tools.amazon_playwright_extractor - INFO - ASIN B0FDF3G22H: BSR not found or invalid from page. Attempting fallback from Keepa.
2026-02-16 22:27:07,077 - tools.amazon_playwright_extractor - INFO - ASIN B0FDF3G22H: BSR 312224 in 'Toys & Games 1.0' from Keepa SalesRankDetailsTable.
2026-02-16 22:27:07,080 [INFO] WindowsSaveGuardian: ? ATOMIC SAVE: amazon_B0FDF3G22H_5012866069058.json (29 entries) saved successfully
2026-02-16 22:27:07,080 - windows_save_guardian - INFO - ? ATOMIC SAVE: amazon_B0FDF3G22H_5012866069058.json (29 entries) saved successfully
2026-02-16 22:27:07,081 [INFO] WindowsSaveGuardian: ? ATOMIC SAVE: linking_map.json (1 entries) saved successfully
2026-02-16 22:27:07,081 - windows_save_guardian - INFO - ? ATOMIC SAVE: linking_map.json (1 entries) saved successfully
2026-02-16 22:27:07,082 - __main__ - INFO - Linking map periodic flush: 1 entries
2026-02-16 22:27:07,084 [INFO] WindowsSaveGuardian: ? ATOMIC SAVE: angelwholesale_co_uk__sandbox__8ad711da_processing_state.json (27 entries) saved successfully
2026-02-16 22:27:07,084 - windows_save_guardian - INFO - ? ATOMIC SAVE: angelwholesale_co_uk__sandbox__8ad711da_processing_state.json (27 entries) saved successfully
2026-02-16 22:27:07,084 - utils.fixed_enhanced_state_manager - INFO -  ATOMIC SAVE
2026-02-16 22:27:07,084 - tools.amazon_playwright_extractor - INFO - Searching Amazon by EAN: 5012866625032 for supplier product: 'Abc Train Set Med  by AtoZ Toys' (FixedAmazonExtractor)
2026-02-16 22:27:07,084 - tools.amazon_playwright_extractor - INFO - Navigating to Amazon UK to search for EAN: 5012866625032
2026-02-16 22:27:10,490 - tools.amazon_playwright_extractor - INFO - Waiting for search results page to load for EAN 5012866625032...
2026-02-16 22:27:10,554 - tools.amazon_playwright_extractor - INFO - Found search results container with selector: div.s-search-results
2026-02-16 22:27:11,199 - tools.amazon_playwright_extractor - INFO - Found 6 search result elements using selector: div[data-component-type='s-search-result']
2026-02-16 22:27:11,199 - tools.amazon_playwright_extractor - INFO - Processing 6 search result elements for EAN 5012866625032
2026-02-16 22:27:11,292 - tools.amazon_playwright_extractor - INFO - \U0001f4ca SPONSORED FILTERING RESULTS: 0 organic products, 6 sponsored products filtered out
2026-02-16 22:27:11,292 - tools.amazon_playwright_extractor - WARNING - EAN 5012866625032 returned no organic results - skipping
2026-02-16 22:27:11,292 - tools.amazon_playwright_extractor - WARNING - No Amazon results or error for EAN '5012866625032'. Details: no_organic_results
2026-02-16 22:27:11,292 - tools.amazon_playwright_extractor - INFO - Falling back to title search for supplier product: 'Abc Train Set Med  by AtoZ Toys'
2026-02-16 22:27:11,292 - tools.amazon_playwright_extractor - INFO - Searching Amazon by title using search bar: 'Abc Train Set Med  by AtoZ Toys'
2026-02-16 22:27:11,292 - tools.amazon_playwright_extractor - INFO - Navigating to Amazon UK to search for title: Abc Train Set Med  by AtoZ Toys
2026-02-16 22:27:14,918 - tools.amazon_playwright_extractor - INFO - Title search found 72 elements using selector: div.s-search-results > div[data-asin]
2026-02-16 22:27:14,980 - tools.amazon_playwright_extractor - WARNING - ASIN extraction failed: All 4 fallbacks exhausted
2026-02-16 22:27:15,133 - tools.amazon_playwright_extractor - INFO - \u2705 Title search: Selected first visible organic product - ASIN B01IWX5EVQ
2026-02-16 22:27:15,133 - tools.amazon_playwright_extractor - INFO - \U0001f3af ASIN EXTRACTION SUCCESS: Found 1 ASINs for title search: 'Abc Train Set Med  by AtoZ Toys'
2026-02-16 22:27:15,133 - tools.amazon_playwright_extractor - INFO - Title search successful for 'Abc Train Set Med  by AtoZ Toys' after EAN '5012866625032' failed
2026-02-16 22:27:15,133 - tools.amazon_playwright_extractor - INFO - Extracting complete data for fallback ASIN B01IWX5EVQ from title search
2026-02-16 22:27:15,133 - tools.amazon_playwright_extractor - WARNING - No page object provided to extract_data for ASIN B01IWX5EVQ. Getting a new one from BrowserManager.
2026-02-16 22:27:15,133 - tools.amazon_playwright_extractor - INFO - Reusing existing page: https://www.amazon.co.uk/s?k=Abc+Train+Set+Med+by+AtoZ+Toys&ref=nb_sb_noss
2026-02-16 22:27:17,420 - tools.amazon_playwright_extractor - INFO - Checking for cookie consent pop-up...
2026-02-16 22:27:17,686 - tools.amazon_playwright_extractor - INFO - Finished checking for cookie consent pop-ups. If one was present and not handled, it might interfere.
2026-02-16 22:27:18,693 - tools.amazon_playwright_extractor - INFO - Checking for CAPTCHA...
2026-02-16 22:27:21,709 - tools.amazon_playwright_extractor - INFO - No CAPTCHA page detected by form selector.
2026-02-16 22:27:21,709 - tools.amazon_playwright_extractor - INFO - Checking for cookie consent pop-up...
2026-02-16 22:27:21,762 - tools.amazon_playwright_extractor - INFO - Finished checking for cookie consent pop-ups. If one was present and not handled, it might interfere.
2026-02-16 22:27:21,762 - tools.amazon_playwright_extractor - INFO - Page should be ready. Waiting 5s for stabilization...
2026-02-16 22:27:26,770 - tools.amazon_playwright_extractor - INFO - Waiting an additional 7s for extensions (Keepa, SellerAmp)...
2026-02-16 22:27:33,785 - tools.amazon_playwright_extractor - INFO - Extracting all product data for ASIN: B01IWX5EVQ
2026-02-16 22:27:33,785 - tools.amazon_playwright_extractor - INFO - Extracting basic product information (Title, Price, Images, Amazon Details)...
2026-02-16 22:27:33,817 - tools.amazon_playwright_extractor - INFO - Title found: 'MEGA BLOKS First Builders Toddler Building Blocks Toy Set, ABC Learning Train with 60 Pieces, Ages 1+ Years, DXH35' via #productTitle
2026-02-16 22:27:33,817 - tools.amazon_playwright_extractor - INFO - Extracting price details...
2026-02-16 22:27:33,837 - tools.amazon_playwright_extractor - INFO - Current price: 7.99 via #corePrice_feature_div .a-offscreen
2026-02-16 22:27:33,888 - tools.amazon_playwright_extractor - INFO - Original price: 15.95 via span.a-price.a-text-price[data-a-strike='true'] span.a-offscreen
2026-02-16 22:27:33,936 - tools.amazon_playwright_extractor - INFO - Extracting image URLs...
2026-02-16 22:27:33,963 - tools.amazon_playwright_extractor - INFO - Main image: https://m.media-amazon.com/images/I/81C8zMI0isL._AC_SL1500_.jpg via #landingImage
2026-02-16 22:27:34,011 - tools.amazon_playwright_extractor - INFO - Found 7 thumbnails.
2026-02-16 22:27:34,013 - tools.amazon_playwright_extractor - INFO - Extracting Amazon product details section...
2026-02-16 22:27:34,147 - tools.amazon_playwright_extractor - INFO - Extracting sales rank information...
2026-02-16 22:27:34,328 - tools.amazon_playwright_extractor - INFO - Extracting ratings and reviews...
2026-02-16 22:27:34,342 - tools.amazon_playwright_extractor - INFO - Rating: 4.7 via #acrPopover[title*='out of 5 stars']
2026-02-16 22:27:34,356 - tools.amazon_playwright_extractor - INFO - Review count: 5930 via #acrCustomerReviewText
2026-02-16 22:27:34,356 - tools.amazon_playwright_extractor - INFO - Extracting stock information...
2026-02-16 22:27:34,410 - tools.amazon_playwright_extractor - INFO - Availability text: 'Only 2 left in stock.' via #availability span.a-color-price
2026-02-16 22:27:34,410 - tools.amazon_playwright_extractor - INFO - Extracting features/bullets...
2026-02-16 22:27:34,599 - tools.amazon_playwright_extractor - INFO - Found 5 features.
2026-02-16 22:27:34,599 - tools.amazon_playwright_extractor - INFO - Extracting product description...
2026-02-16 22:27:34,629 - tools.amazon_playwright_extractor - INFO - Description found using selector: #aplus_feature_div
2026-02-16 22:27:34,629 - tools.amazon_playwright_extractor - INFO - Extracting product specifications table...
2026-02-16 22:27:35,270 - tools.amazon_playwright_extractor - INFO - Specifications table parsed using selector: table.a-keyvalue.prodDetTable
2026-02-16 22:27:35,271 - tools.amazon_playwright_extractor - INFO - Extracting SellerAmp data (if present)...
2026-02-16 22:27:35,271 - tools.amazon_playwright_extractor - INFO - SellerAmp data extraction is currently disabled as per requirements (Fix 2.3).
2026-02-16 22:27:35,271 - tools.amazon_playwright_extractor - INFO - Extracting Keepa data (if present)...
2026-02-16 22:27:35,271 - tools.amazon_playwright_extractor - INFO - Attempting to extract Keepa data...
2026-02-16 22:27:41,375 - tools.amazon_playwright_extractor - INFO - Keepa iframe found: iframe[id*='keepa']
2026-02-16 22:27:41,490 - tools.amazon_playwright_extractor - INFO - Keepa Sales Rank Details Table parsed.
2026-02-16 22:27:41,491 - tools.amazon_playwright_extractor - INFO - Keepa Graph AI Analysis is currently disabled as per requirements (Fix 2.4).
2026-02-16 22:27:41,528 - tools.amazon_playwright_extractor - INFO - Keepa Data tab found. Currently active: False
2026-02-16 22:27:41,528 - tools.amazon_playwright_extractor - INFO - Clicking Keepa 'Data' tab...
2026-02-16 22:27:43,968 - tools.amazon_playwright_extractor - INFO - Attempt 1/2: Waiting 12000ms for Product-Details wrapper...
2026-02-16 22:27:44,011 - tools.amazon_playwright_extractor - INFO - ? Product-Details wrapper appeared on attempt 1
2026-02-16 22:27:44,103 - tools.amazon_playwright_extractor - INFO - Parsing Keepa AG Grid for Product Details from: div#MoreTab1 div#grid-product-detail
2026-02-16 22:27:44,210 - tools.amazon_playwright_extractor - INFO - Primary attempt: Waiting 12 seconds for AG Grid rows to load...
2026-02-16 22:27:45,261 - tools.amazon_playwright_extractor - INFO - ? Primary attempt successful: 187 rows found
2026-02-16 22:27:45,282 - tools.amazon_playwright_extractor - INFO - Processing 187 rows in Keepa Product Details AG Grid.
2026-02-16 22:27:47,969 - tools.amazon_playwright_extractor - INFO - Found potential fee key 'FBA Pick&Pack Fee' with raw value: 'Ł 3.49' in Keepa AG Grid.
2026-02-16 22:27:48,198 - tools.amazon_playwright_extractor - INFO - Found potential fee key 'Referral Fee based on current Buy Box price' with raw value: 'Ł 1.20' in Keepa AG Grid.
2026-02-16 22:27:54,615 - tools.amazon_playwright_extractor - INFO - ? Successfully parsed 56 items from Keepa Product Details AG Grid.
2026-02-16 22:27:54,615 - tools.amazon_playwright_extractor - INFO - ASIN B01IWX5EVQ: Attempting to extract EANs from Keepa product_details_tab_data.
2026-02-16 22:27:54,615 - tools.amazon_playwright_extractor - INFO - ASIN B01IWX5EVQ: EAN '0887961397123' found in Keepa details via key 'Product Codes - EAN'.
2026-02-16 22:27:54,616 - tools.amazon_playwright_extractor - INFO - ASIN B01IWX5EVQ: BSR not found or invalid from page. Attempting fallback from Keepa.
2026-02-16 22:27:54,616 - tools.amazon_playwright_extractor - INFO - ASIN B01IWX5EVQ: BSR 203 in 'Toys & Games 35' from Keepa SalesRankDetailsTable.
2026-02-16 22:27:54,619 [INFO] WindowsSaveGuardian: ? ATOMIC SAVE: amazon_B01IWX5EVQ_5012866625032.json (29 entries) saved successfully
2026-02-16 22:27:54,619 - windows_save_guardian - INFO - ? ATOMIC SAVE: amazon_B01IWX5EVQ_5012866625032.json (29 entries) saved successfully
2026-02-16 22:27:54,620 [INFO] WindowsSaveGuardian: ? ATOMIC SAVE: linking_map.json (2 entries) saved successfully
2026-02-16 22:27:54,620 - windows_save_guardian - INFO - ? ATOMIC SAVE: linking_map.json (2 entries) saved successfully
2026-02-16 22:27:54,621 - __main__ - INFO - Linking map periodic flush: 2 entries
2026-02-16 22:27:54,623 [INFO] WindowsSaveGuardian: ? ATOMIC SAVE: angelwholesale_co_uk__sandbox__8ad711da_processing_state.json (27 entries) saved successfully
2026-02-16 22:27:54,623 - windows_save_guardian - INFO - ? ATOMIC SAVE: angelwholesale_co_uk__sandbox__8ad711da_processing_state.json (27 entries) saved successfully
2026-02-16 22:27:54,623 - utils.fixed_enhanced_state_manager - INFO -  ATOMIC SAVE
2026-02-16 22:27:54,625 [INFO] WindowsSaveGuardian: ? ATOMIC SAVE: angelwholesale_co_uk__sandbox__8ad711da_processing_state.json (27 entries) saved successfully
2026-02-16 22:27:54,625 - windows_save_guardian - INFO - ? ATOMIC SAVE: angelwholesale_co_uk__sandbox__8ad711da_processing_state.json (27 entries) saved successfully
2026-02-16 22:27:54,625 - utils.fixed_enhanced_state_manager - INFO -  ATOMIC SAVE
2026-02-16 22:27:54,625 - tools.amazon_playwright_extractor - INFO - Searching Amazon by EAN: 5055499001200 for supplier product: 'Muslinz 6pk Green Quality Muslin Squares 100% Cotton' (FixedAmazonExtractor)
2026-02-16 22:27:54,625 - tools.amazon_playwright_extractor - INFO - Navigating to Amazon UK to search for EAN: 5055499001200
2026-02-16 22:27:58,966 - tools.amazon_playwright_extractor - INFO - Waiting for search results page to load for EAN 5055499001200...
2026-02-16 22:27:59,157 - tools.amazon_playwright_extractor - INFO - Found search results container with selector: div.s-search-results
2026-02-16 22:28:00,013 - tools.amazon_playwright_extractor - INFO - Found 7 search result elements using selector: div[data-component-type='s-search-result']
2026-02-16 22:28:00,013 - tools.amazon_playwright_extractor - INFO - Processing 7 search result elements for EAN 5055499001200
2026-02-16 22:28:00,554 - tools.amazon_playwright_extractor - INFO - Found organic result: ASIN B00DIB9O2I - MuslinZ Muslin Cloths for Baby - Baby Burp Cloths - 6 Pack M...
2026-02-16 22:28:00,624 - tools.amazon_playwright_extractor - INFO - \U0001f4ca SPONSORED FILTERING RESULTS: 1 organic products, 6 sponsored products filtered out
2026-02-16 22:28:00,624 - tools.amazon_playwright_extractor - INFO - \u2705 EAN SEARCH: Selected first organic result - ASIN B00DIB9O2I
2026-02-16 22:28:00,625 - tools.amazon_playwright_extractor - INFO -    Trusting Amazon's search relevance for EAN 5055499001200
2026-02-16 22:28:00,625 - tools.amazon_playwright_extractor - INFO -    EAN will be extracted by Keepa during full product data extraction
2026-02-16 22:28:00,625 - tools.amazon_playwright_extractor - INFO - Single ASIN B00DIB9O2I found for EAN 5055499001200.
2026-02-16 22:28:00,625 - tools.amazon_playwright_extractor - INFO - Proceeding with ASIN: B00DIB9O2I for EAN: 5055499001200
2026-02-16 22:28:00,625 - tools.amazon_playwright_extractor - WARNING - No page object provided to extract_data for ASIN B00DIB9O2I. Getting a new one from BrowserManager.
2026-02-16 22:28:00,625 - tools.amazon_playwright_extractor - INFO - Reusing existing page: https://www.amazon.co.uk/s?k=5055499001200&ref=nb_sb_noss
2026-02-16 22:28:03,567 - tools.amazon_playwright_extractor - INFO - Checking for cookie consent pop-up...
2026-02-16 22:28:05,908 - tools.amazon_playwright_extractor - INFO - Finished checking for cookie consent pop-ups. If one was present and not handled, it might interfere.
2026-02-16 22:28:06,921 - tools.amazon_playwright_extractor - INFO - Checking for CAPTCHA...
2026-02-16 22:28:09,951 - tools.amazon_playwright_extractor - INFO - No CAPTCHA page detected by form selector.
2026-02-16 22:28:09,951 - tools.amazon_playwright_extractor - INFO - Checking for cookie consent pop-up...
2026-02-16 22:28:10,033 - tools.amazon_playwright_extractor - INFO - Finished checking for cookie consent pop-ups. If one was present and not handled, it might interfere.
2026-02-16 22:28:10,033 - tools.amazon_playwright_extractor - INFO - Page should be ready. Waiting 5s for stabilization...
2026-02-16 22:28:15,035 - tools.amazon_playwright_extractor - INFO - Waiting an additional 7s for extensions (Keepa, SellerAmp)...
2026-02-16 22:28:22,042 - tools.amazon_playwright_extractor - INFO - Extracting all product data for ASIN: B00DIB9O2I
2026-02-16 22:28:22,042 - tools.amazon_playwright_extractor - INFO - Extracting basic product information (Title, Price, Images, Amazon Details)...
2026-02-16 22:28:22,102 - tools.amazon_playwright_extractor - INFO - Title found: 'MuslinZ Muslin Cloths for Baby - Baby Burp Cloths - 6 Pack Muslin Squares - Large 70x70cm - Pure Cotton - Soft, Absorbent & Breathable - Multi Use Newborn Cloths - UK Brand (Blue)' via #productTitle
2026-02-16 22:28:22,102 - tools.amazon_playwright_extractor - INFO - Extracting price details...
2026-02-16 22:28:22,315 - tools.amazon_playwright_extractor - INFO - Current price: 13.99 via #corePrice_feature_div .a-offscreen
2026-02-16 22:28:22,381 - tools.amazon_playwright_extractor - INFO - Original price: 15.99 via .basisPrice span.a-text-price span.a-offscreen
2026-02-16 22:28:22,473 - tools.amazon_playwright_extractor - INFO - Extracting image URLs...
2026-02-16 22:28:22,540 - tools.amazon_playwright_extractor - INFO - Main image: https://m.media-amazon.com/images/I/81aVgxLwwOL._AC_SL1500_.jpg via #landingImage
2026-02-16 22:28:22,803 - tools.amazon_playwright_extractor - INFO - Found 7 thumbnails.
2026-02-16 22:28:22,810 - tools.amazon_playwright_extractor - INFO - Extracting Amazon product details section...
2026-02-16 22:28:23,105 - tools.amazon_playwright_extractor - INFO - Extracting sales rank information...
2026-02-16 22:28:23,515 - tools.amazon_playwright_extractor - INFO - Extracting ratings and reviews...
2026-02-16 22:28:23,549 - tools.amazon_playwright_extractor - INFO - Rating: 4.8 via #acrPopover[title*='out of 5 stars']
2026-02-16 22:28:23,577 - tools.amazon_playwright_extractor - INFO - Review count: 2392 via #acrCustomerReviewText
2026-02-16 22:28:23,577 - tools.amazon_playwright_extractor - INFO - Extracting stock information...
2026-02-16 22:28:23,604 - tools.amazon_playwright_extractor - INFO - Availability text: 'In stock' via #availability span.a-size-medium.a-color-success
2026-02-16 22:28:23,604 - tools.amazon_playwright_extractor - INFO - Extracting features/bullets...
2026-02-16 22:28:24,127 - tools.amazon_playwright_extractor - INFO - Found 5 features.
2026-02-16 22:28:24,127 - tools.amazon_playwright_extractor - INFO - Extracting product description...
2026-02-16 22:28:24,192 - tools.amazon_playwright_extractor - INFO - Description found using selector: #aplus_feature_div
2026-02-16 22:28:24,192 - tools.amazon_playwright_extractor - INFO - Extracting product specifications table...
2026-02-16 22:28:25,009 - tools.amazon_playwright_extractor - INFO - Specifications table parsed using selector: table.a-keyvalue.prodDetTable
2026-02-16 22:28:25,009 - tools.amazon_playwright_extractor - INFO - Extracting SellerAmp data (if present)...
2026-02-16 22:28:25,009 - tools.amazon_playwright_extractor - INFO - SellerAmp data extraction is currently disabled as per requirements (Fix 2.3).
2026-02-16 22:28:25,009 - tools.amazon_playwright_extractor - INFO - Extracting Keepa data (if present)...
2026-02-16 22:28:25,009 - tools.amazon_playwright_extractor - INFO - Attempting to extract Keepa data...
2026-02-16 22:28:31,147 - tools.amazon_playwright_extractor - INFO - Keepa iframe found: iframe[id*='keepa']
2026-02-16 22:28:31,392 - tools.amazon_playwright_extractor - INFO - Keepa Sales Rank Details Table parsed.
2026-02-16 22:28:31,392 - tools.amazon_playwright_extractor - INFO - Keepa Graph AI Analysis is currently disabled as per requirements (Fix 2.4).
2026-02-16 22:28:31,434 - tools.amazon_playwright_extractor - INFO - Keepa Data tab found. Currently active: False
2026-02-16 22:28:31,434 - tools.amazon_playwright_extractor - INFO - Clicking Keepa 'Data' tab...
2026-02-16 22:28:33,945 - tools.amazon_playwright_extractor - INFO - Attempt 1/2: Waiting 12000ms for Product-Details wrapper...
2026-02-16 22:28:37,208 - tools.amazon_playwright_extractor - INFO - ? Product-Details wrapper appeared on attempt 1
2026-02-16 22:28:37,233 - tools.amazon_playwright_extractor - WARNING - Product-Details tab visible, but inner grid still not ready – extending wait with retry logic.
2026-02-16 22:28:37,233 - tools.amazon_playwright_extractor - INFO - Grid attempt 1/3: Waiting 15000ms for grid container...
2026-02-16 22:28:37,898 - tools.amazon_playwright_extractor - INFO - ? Grid became visible after attempt 1 – continuing.
2026-02-16 22:28:37,962 - tools.amazon_playwright_extractor - INFO - Parsing Keepa AG Grid for Product Details from: div#MoreTab1 div#grid-product-detail
2026-02-16 22:28:38,038 - tools.amazon_playwright_extractor - INFO - Primary attempt: Waiting 12 seconds for AG Grid rows to load...
2026-02-16 22:28:39,114 - tools.amazon_playwright_extractor - INFO - ? Primary attempt successful: 175 rows found
2026-02-16 22:28:39,143 - tools.amazon_playwright_extractor - INFO - Processing 175 rows in Keepa Product Details AG Grid.
2026-02-16 22:28:41,791 - tools.amazon_playwright_extractor - INFO - Found potential fee key 'FBA Pick&Pack Fee' with raw value: 'Ł 2.61' in Keepa AG Grid.
2026-02-16 22:28:41,953 - tools.amazon_playwright_extractor - INFO - Found potential fee key 'Referral Fee based on current Buy Box price' with raw value: 'Ł 2.10' in Keepa AG Grid.
2026-02-16 22:28:46,207 - tools.amazon_playwright_extractor - INFO - ? Successfully parsed 53 items from Keepa Product Details AG Grid.
2026-02-16 22:28:46,207 - tools.amazon_playwright_extractor - INFO - ASIN B00DIB9O2I: Attempting to extract EANs from Keepa product_details_tab_data.
2026-02-16 22:28:46,207 - tools.amazon_playwright_extractor - INFO - ASIN B00DIB9O2I: EAN '5055499001200' found in Keepa details via key 'Product Codes - EAN'.
2026-02-16 22:28:46,207 - tools.amazon_playwright_extractor - INFO - ASIN B00DIB9O2I: BSR not found or invalid from page. Attempting fallback from Keepa.
2026-02-16 22:28:46,207 - tools.amazon_playwright_extractor - INFO - ASIN B00DIB9O2I: BSR 2289 in 'Baby Products 6' from Keepa SalesRankDetailsTable.
2026-02-16 22:28:46,207 - tools.amazon_playwright_extractor - INFO - \u2705 Recorded search method 'EAN' for ASIN B00DIB9O2I
2026-02-16 22:28:46,208 - tools.amazon_playwright_extractor - INFO - Successfully extracted data for ASIN B00DIB9O2I (EAN on page: 5055499001200)
2026-02-16 22:28:46,211 [INFO] WindowsSaveGuardian: ? ATOMIC SAVE: amazon_B00DIB9O2I_5055499001200.json (31 entries) saved successfully
2026-02-16 22:28:46,211 - windows_save_guardian - INFO - ? ATOMIC SAVE: amazon_B00DIB9O2I_5055499001200.json (31 entries) saved successfully
2026-02-16 22:28:46,214 [INFO] WindowsSaveGuardian: ? ATOMIC SAVE: linking_map.json (3 entries) saved successfully
2026-02-16 22:28:46,214 - windows_save_guardian - INFO - ? ATOMIC SAVE: linking_map.json (3 entries) saved successfully
2026-02-16 22:28:46,214 - __main__ - INFO - Linking map periodic flush: 3 entries
2026-02-16 22:28:46,217 [INFO] WindowsSaveGuardian: ? ATOMIC SAVE: angelwholesale_co_uk__sandbox__8ad711da_processing_state.json (27 entries) saved successfully
2026-02-16 22:28:46,217 - windows_save_guardian - INFO - ? ATOMIC SAVE: angelwholesale_co_uk__sandbox__8ad711da_processing_state.json (27 entries) saved successfully
2026-02-16 22:28:46,217 - utils.fixed_enhanced_state_manager - INFO -  ATOMIC SAVE
2026-02-16 22:28:46,217 - tools.amazon_playwright_extractor - INFO - Searching Amazon by EAN: 5015302105747 for supplier product: 'Silicone Teats Medium Flow 2 Pack by First Steps' (FixedAmazonExtractor)
2026-02-16 22:28:46,217 - tools.amazon_playwright_extractor - INFO - Navigating to Amazon UK to search for EAN: 5015302105747
2026-02-16 22:28:49,926 - tools.amazon_playwright_extractor - INFO - Waiting for search results page to load for EAN 5015302105747...
2026-02-16 22:28:49,958 - tools.amazon_playwright_extractor - INFO - Found search results container with selector: div.s-search-results
2026-02-16 22:28:50,597 - tools.amazon_playwright_extractor - INFO - Found 8 search result elements using selector: div[data-component-type='s-search-result']
2026-02-16 22:28:50,597 - tools.amazon_playwright_extractor - INFO - Processing 8 search result elements for EAN 5015302105747
2026-02-16 22:28:50,748 - tools.amazon_playwright_extractor - INFO - Found organic result: ASIN B094JVKC6G - RSW 2 in 1 Baby Bottle and Teat Brush, 2 Brushes in 1, Ideal...
2026-02-16 22:28:50,881 - tools.amazon_playwright_extractor - INFO - \U0001f4ca SPONSORED FILTERING RESULTS: 1 organic products, 7 sponsored products filtered out
2026-02-16 22:28:50,881 - tools.amazon_playwright_extractor - INFO - \u2705 EAN SEARCH: Selected first organic result - ASIN B094JVKC6G
2026-02-16 22:28:50,881 - tools.amazon_playwright_extractor - INFO -    Trusting Amazon's search relevance for EAN 5015302105747
2026-02-16 22:28:50,881 - tools.amazon_playwright_extractor - INFO -    EAN will be extracted by Keepa during full product data extraction
2026-02-16 22:28:50,882 - tools.amazon_playwright_extractor - INFO - Single ASIN B094JVKC6G found for EAN 5015302105747.
2026-02-16 22:28:50,882 - tools.amazon_playwright_extractor - INFO - Proceeding with ASIN: B094JVKC6G for EAN: 5015302105747
2026-02-16 22:28:50,882 - tools.amazon_playwright_extractor - WARNING - No page object provided to extract_data for ASIN B094JVKC6G. Getting a new one from BrowserManager.
2026-02-16 22:28:50,882 - tools.amazon_playwright_extractor - INFO - Reusing existing page: https://www.amazon.co.uk/s?k=5015302105747&ref=nb_sb_noss
2026-02-16 22:28:53,695 - tools.amazon_playwright_extractor - INFO - Checking for cookie consent pop-up...
2026-02-16 22:28:53,852 - tools.amazon_playwright_extractor - INFO - Finished checking for cookie consent pop-ups. If one was present and not handled, it might interfere.
2026-02-16 22:28:54,854 - tools.amazon_playwright_extractor - INFO - Checking for CAPTCHA...
2026-02-16 22:28:57,871 - tools.amazon_playwright_extractor - INFO - No CAPTCHA page detected by form selector.
2026-02-16 22:28:57,871 - tools.amazon_playwright_extractor - INFO - Checking for cookie consent pop-up...
2026-02-16 22:28:57,923 - tools.amazon_playwright_extractor - INFO - Finished checking for cookie consent pop-ups. If one was present and not handled, it might interfere.
2026-02-16 22:28:57,923 - tools.amazon_playwright_extractor - INFO - Page should be ready. Waiting 5s for stabilization...
2026-02-16 22:29:02,929 - tools.amazon_playwright_extractor - INFO - Waiting an additional 7s for extensions (Keepa, SellerAmp)...
2026-02-16 22:29:09,942 - tools.amazon_playwright_extractor - INFO - Extracting all product data for ASIN: B094JVKC6G
2026-02-16 22:29:09,942 - tools.amazon_playwright_extractor - INFO - Extracting basic product information (Title, Price, Images, Amazon Details)...
2026-02-16 22:29:09,970 - tools.amazon_playwright_extractor - INFO - Title found: 'RSW 2 in 1 Baby Bottle and Teat Brush, 2 Brushes in 1, Ideal for Cleaning Training Cups, Wide Neck Bottles, Lids, Valves' via #productTitle
2026-02-16 22:29:09,970 - tools.amazon_playwright_extractor - INFO - Extracting price details...
2026-02-16 22:29:09,986 - tools.amazon_playwright_extractor - INFO - Current price: 4.04 via #corePrice_feature_div .a-offscreen
2026-02-16 22:29:10,013 - tools.amazon_playwright_extractor - INFO - Original price: 4.74 via .basisPrice span.a-text-price span.a-offscreen
2026-02-16 22:29:10,036 - tools.amazon_playwright_extractor - INFO - Amazon sales badge found: 100 in container div#socialProofingAsinFaceout_feature_div
2026-02-16 22:29:10,036 - tools.amazon_playwright_extractor - INFO - Extracting image URLs...
2026-02-16 22:29:10,068 - tools.amazon_playwright_extractor - INFO - Main image: https://m.media-amazon.com/images/I/51IhZ6nfG-L._AC_SL1082_.jpg via #landingImage
2026-02-16 22:29:10,091 - tools.amazon_playwright_extractor - INFO - Found 1 thumbnails.
2026-02-16 22:29:10,096 - tools.amazon_playwright_extractor - INFO - Extracting Amazon product details section...
2026-02-16 22:29:10,219 - tools.amazon_playwright_extractor - INFO - Extracting sales rank information...
2026-02-16 22:29:10,346 - tools.amazon_playwright_extractor - INFO - Extracting ratings and reviews...
2026-02-16 22:29:10,362 - tools.amazon_playwright_extractor - INFO - Rating: 3.7 via #acrPopover[title*='out of 5 stars']
2026-02-16 22:29:10,379 - tools.amazon_playwright_extractor - INFO - Review count: 84 via #acrCustomerReviewText
2026-02-16 22:29:10,379 - tools.amazon_playwright_extractor - INFO - Extracting stock information...
2026-02-16 22:29:10,395 - tools.amazon_playwright_extractor - INFO - Availability text: 'In stock' via #availability span.a-size-medium.a-color-success
2026-02-16 22:29:10,395 - tools.amazon_playwright_extractor - INFO - Extracting features/bullets...
2026-02-16 22:29:10,441 - tools.amazon_playwright_extractor - INFO - Found 1 features.
2026-02-16 22:29:10,441 - tools.amazon_playwright_extractor - INFO - Extracting product description...
2026-02-16 22:29:10,513 - tools.amazon_playwright_extractor - INFO - Extracting product specifications table...
2026-02-16 22:29:10,844 - tools.amazon_playwright_extractor - INFO - Specifications table parsed using selector: table.a-keyvalue.prodDetTable
2026-02-16 22:29:10,844 - tools.amazon_playwright_extractor - INFO - Extracting SellerAmp data (if present)...
2026-02-16 22:29:10,844 - tools.amazon_playwright_extractor - INFO - SellerAmp data extraction is currently disabled as per requirements (Fix 2.3).
2026-02-16 22:29:10,844 - tools.amazon_playwright_extractor - INFO - Extracting Keepa data (if present)...
2026-02-16 22:29:10,844 - tools.amazon_playwright_extractor - INFO - Attempting to extract Keepa data...
2026-02-16 22:29:16,914 - tools.amazon_playwright_extractor - INFO - Keepa iframe found: iframe[id*='keepa']
2026-02-16 22:29:16,996 - tools.amazon_playwright_extractor - INFO - Keepa Sales Rank Details Table parsed.
2026-02-16 22:29:16,996 - tools.amazon_playwright_extractor - INFO - Keepa Graph AI Analysis is currently disabled as per requirements (Fix 2.4).
2026-02-16 22:29:17,019 - tools.amazon_playwright_extractor - INFO - Keepa Data tab found. Currently active: False
2026-02-16 22:29:17,019 - tools.amazon_playwright_extractor - INFO - Clicking Keepa 'Data' tab...
2026-02-16 22:29:19,303 - tools.amazon_playwright_extractor - INFO - Attempt 1/2: Waiting 12000ms for Product-Details wrapper...
2026-02-16 22:29:27,387 - tools.amazon_playwright_extractor - INFO - ? Product-Details wrapper appeared on attempt 1
2026-02-16 22:29:27,408 - tools.amazon_playwright_extractor - WARNING - Product-Details tab visible, but inner grid still not ready – extending wait with retry logic.
2026-02-16 22:29:27,408 - tools.amazon_playwright_extractor - INFO - Grid attempt 1/3: Waiting 15000ms for grid container...
2026-02-16 22:29:27,659 - tools.amazon_playwright_extractor - INFO - ? Grid became visible after attempt 1 – continuing.
2026-02-16 22:29:27,682 - tools.amazon_playwright_extractor - INFO - Parsing Keepa AG Grid for Product Details from: div#MoreTab1 div#grid-product-detail
2026-02-16 22:29:27,714 - tools.amazon_playwright_extractor - INFO - Primary attempt: Waiting 12 seconds for AG Grid rows to load...
2026-02-16 22:29:28,750 - tools.amazon_playwright_extractor - INFO - ? Primary attempt successful: 136 rows found
2026-02-16 22:29:28,762 - tools.amazon_playwright_extractor - INFO - Processing 136 rows in Keepa Product Details AG Grid.
2026-02-16 22:29:29,990 - tools.amazon_playwright_extractor - INFO - Found potential fee key 'FBA Pick&Pack Fee' with raw value: 'Ł 2.67' in Keepa AG Grid.
2026-02-16 22:29:30,112 - tools.amazon_playwright_extractor - INFO - Found potential fee key 'Referral Fee based on current Buy Box price' with raw value: 'Ł 0.32' in Keepa AG Grid.
2026-02-16 22:29:32,455 - tools.amazon_playwright_extractor - INFO - ? Successfully parsed 41 items from Keepa Product Details AG Grid.
2026-02-16 22:29:32,455 - tools.amazon_playwright_extractor - INFO - ASIN B094JVKC6G: Attempting to extract EANs from Keepa product_details_tab_data.
2026-02-16 22:29:32,455 - tools.amazon_playwright_extractor - INFO - ASIN B094JVKC6G: EAN '5015302105747' found in Keepa details via key 'Product Codes - EAN'.
2026-02-16 22:29:32,455 - tools.amazon_playwright_extractor - INFO - ASIN B094JVKC6G: BSR not found or invalid from page. Attempting fallback from Keepa.
2026-02-16 22:29:32,455 - tools.amazon_playwright_extractor - INFO - ASIN B094JVKC6G: BSR 2173 in 'Baby Products 43' from Keepa SalesRankDetailsTable.
2026-02-16 22:29:32,456 - tools.amazon_playwright_extractor - INFO - \u2705 Recorded search method 'EAN' for ASIN B094JVKC6G
2026-02-16 22:29:32,456 - tools.amazon_playwright_extractor - INFO - Successfully extracted data for ASIN B094JVKC6G (EAN on page: 5015302105747)
2026-02-16 22:29:32,462 [INFO] WindowsSaveGuardian: ? ATOMIC SAVE: amazon_B094JVKC6G_5015302105747.json (31 entries) saved successfully
2026-02-16 22:29:32,462 - windows_save_guardian - INFO - ? ATOMIC SAVE: amazon_B094JVKC6G_5015302105747.json (31 entries) saved successfully
2026-02-16 22:29:32,467 [INFO] WindowsSaveGuardian: ? ATOMIC SAVE: linking_map.json (4 entries) saved successfully
2026-02-16 22:29:32,467 - windows_save_guardian - INFO - ? ATOMIC SAVE: linking_map.json (4 entries) saved successfully
2026-02-16 22:29:32,468 - __main__ - INFO - Linking map periodic flush: 4 entries
2026-02-16 22:29:32,475 [INFO] WindowsSaveGuardian: ? ATOMIC SAVE: angelwholesale_co_uk__sandbox__8ad711da_processing_state.json (27 entries) saved successfully
2026-02-16 22:29:32,475 - windows_save_guardian - INFO - ? ATOMIC SAVE: angelwholesale_co_uk__sandbox__8ad711da_processing_state.json (27 entries) saved successfully
2026-02-16 22:29:32,476 - utils.fixed_enhanced_state_manager - INFO -  ATOMIC SAVE
2026-02-16 22:29:32,482 [INFO] WindowsSaveGuardian: ? ATOMIC SAVE: angelwholesale_co_uk__sandbox__8ad711da_processing_state.json (27 entries) saved successfully
2026-02-16 22:29:32,482 - windows_save_guardian - INFO - ? ATOMIC SAVE: angelwholesale_co_uk__sandbox__8ad711da_processing_state.json (27 entries) saved successfully
2026-02-16 22:29:32,483 - utils.fixed_enhanced_state_manager - INFO -  ATOMIC SAVE
2026-02-16 22:29:32,484 - tools.amazon_playwright_extractor - INFO - Searching Amazon by EAN: 5010792620831 for supplier product: 'Retro Zoo Pull Along Truck' (FixedAmazonExtractor)
2026-02-16 22:29:32,484 - tools.amazon_playwright_extractor - INFO - Navigating to Amazon UK to search for EAN: 5010792620831
2026-02-16 22:29:36,980 - tools.amazon_playwright_extractor - INFO - Waiting for search results page to load for EAN 5010792620831...
2026-02-16 22:29:37,119 - tools.amazon_playwright_extractor - INFO - Found search results container with selector: div.s-search-results
2026-02-16 22:29:37,775 - tools.amazon_playwright_extractor - INFO - Found 5 search result elements using selector: div[data-component-type='s-search-result']
2026-02-16 22:29:37,775 - tools.amazon_playwright_extractor - INFO - Processing 5 search result elements for EAN 5010792620831
2026-02-16 22:29:37,866 - tools.amazon_playwright_extractor - INFO - Found organic result: ASIN B0DVGGYHGB - Lesser & Pavey Retro Farm Pull Along Truck Games & Toys For ...
2026-02-16 22:29:37,917 - tools.amazon_playwright_extractor - INFO - \U0001f4ca SPONSORED FILTERING RESULTS: 1 organic products, 4 sponsored products filtered out
2026-02-16 22:29:37,917 - tools.amazon_playwright_extractor - INFO - \u2705 EAN SEARCH: Selected first organic result - ASIN B0DVGGYHGB
2026-02-16 22:29:37,917 - tools.amazon_playwright_extractor - INFO -    Trusting Amazon's search relevance for EAN 5010792620831
2026-02-16 22:29:37,917 - tools.amazon_playwright_extractor - INFO -    EAN will be extracted by Keepa during full product data extraction
2026-02-16 22:29:37,917 - tools.amazon_playwright_extractor - INFO - Single ASIN B0DVGGYHGB found for EAN 5010792620831.
2026-02-16 22:29:37,917 - tools.amazon_playwright_extractor - INFO - Proceeding with ASIN: B0DVGGYHGB for EAN: 5010792620831
2026-02-16 22:29:37,917 - tools.amazon_playwright_extractor - WARNING - No page object provided to extract_data for ASIN B0DVGGYHGB. Getting a new one from BrowserManager.
2026-02-16 22:29:37,917 - tools.amazon_playwright_extractor - INFO - Reusing existing page: https://www.amazon.co.uk/s?k=5010792620831&crid=2C74Y0CT532CI&sprefix=5010792620831%2Caps%2C310&ref=nb_sb_noss
2026-02-16 22:29:40,061 - tools.amazon_playwright_extractor - INFO - Checking for cookie consent pop-up...
2026-02-16 22:29:41,179 - tools.amazon_playwright_extractor - INFO - Finished checking for cookie consent pop-ups. If one was present and not handled, it might interfere.
2026-02-16 22:29:42,184 - tools.amazon_playwright_extractor - INFO - Checking for CAPTCHA...
2026-02-16 22:29:45,199 - tools.amazon_playwright_extractor - INFO - No CAPTCHA page detected by form selector.
2026-02-16 22:29:45,199 - tools.amazon_playwright_extractor - INFO - Checking for cookie consent pop-up...
2026-02-16 22:29:45,257 - tools.amazon_playwright_extractor - INFO - Finished checking for cookie consent pop-ups. If one was present and not handled, it might interfere.
2026-02-16 22:29:45,257 - tools.amazon_playwright_extractor - INFO - Page should be ready. Waiting 5s for stabilization...
2026-02-16 22:29:50,271 - tools.amazon_playwright_extractor - INFO - Waiting an additional 7s for extensions (Keepa, SellerAmp)...
2026-02-16 22:29:57,283 - tools.amazon_playwright_extractor - INFO - Extracting all product data for ASIN: B0DVGGYHGB
2026-02-16 22:29:57,283 - tools.amazon_playwright_extractor - INFO - Extracting basic product information (Title, Price, Images, Amazon Details)...
2026-02-16 22:29:57,326 - tools.amazon_playwright_extractor - INFO - Title found: 'Lesser & Pavey Retro Farm Pull Along Truck Games & Toys For Children | Learning Puzzle Board For Kids Games | Lovely Playing Games Set For Kids & Adults | Ideal Toys & Games Gifts For Any Occasions' via #productTitle
2026-02-16 22:29:57,326 - tools.amazon_playwright_extractor - INFO - Extracting price details...
2026-02-16 22:29:57,346 - tools.amazon_playwright_extractor - INFO - Current price: 9.99 via #corePrice_feature_div .a-offscreen
2026-02-16 22:29:57,443 - tools.amazon_playwright_extractor - INFO - Extracting image URLs...
2026-02-16 22:29:57,476 - tools.amazon_playwright_extractor - INFO - Main image: https://m.media-amazon.com/images/I/714WOaMazgL._AC_SL1500_.jpg via #landingImage
2026-02-16 22:29:57,505 - tools.amazon_playwright_extractor - INFO - Found 1 thumbnails.
2026-02-16 22:29:57,510 - tools.amazon_playwright_extractor - INFO - Extracting Amazon product details section...
2026-02-16 22:29:57,646 - tools.amazon_playwright_extractor - INFO - Extracting sales rank information...
2026-02-16 22:29:57,863 - tools.amazon_playwright_extractor - INFO - Extracting ratings and reviews...
2026-02-16 22:29:57,883 - tools.amazon_playwright_extractor - INFO - Rating: 4.1 via #acrPopover[title*='out of 5 stars']
2026-02-16 22:29:57,898 - tools.amazon_playwright_extractor - INFO - Review count: 8 via #acrCustomerReviewText
2026-02-16 22:29:57,898 - tools.amazon_playwright_extractor - INFO - Extracting stock information...
2026-02-16 22:29:57,921 - tools.amazon_playwright_extractor - INFO - Availability text: 'Only 9 left in stock.' via #availability span.a-color-price
2026-02-16 22:29:57,921 - tools.amazon_playwright_extractor - INFO - Extracting features/bullets...
2026-02-16 22:29:58,098 - tools.amazon_playwright_extractor - INFO - Found 5 features.
2026-02-16 22:29:58,099 - tools.amazon_playwright_extractor - INFO - Extracting product description...
2026-02-16 22:29:58,118 - tools.amazon_playwright_extractor - INFO - Description found using selector: #productDescription
2026-02-16 22:29:58,118 - tools.amazon_playwright_extractor - INFO - Extracting product specifications table...
2026-02-16 22:29:58,556 - tools.amazon_playwright_extractor - INFO - Specifications table parsed using selector: table.a-keyvalue.prodDetTable
2026-02-16 22:29:58,557 - tools.amazon_playwright_extractor - INFO - Extracting SellerAmp data (if present)...
2026-02-16 22:29:58,557 - tools.amazon_playwright_extractor - INFO - SellerAmp data extraction is currently disabled as per requirements (Fix 2.3).
2026-02-16 22:29:58,557 - tools.amazon_playwright_extractor - INFO - Extracting Keepa data (if present)...
2026-02-16 22:29:58,557 - tools.amazon_playwright_extractor - INFO - Attempting to extract Keepa data...
2026-02-16 22:30:04,665 - tools.amazon_playwright_extractor - INFO - Keepa iframe found: iframe[id*='keepa']
2026-02-16 22:30:04,742 - tools.amazon_playwright_extractor - INFO - Keepa Sales Rank Details Table parsed.
2026-02-16 22:30:04,742 - tools.amazon_playwright_extractor - INFO - Keepa Graph AI Analysis is currently disabled as per requirements (Fix 2.4).
2026-02-16 22:30:04,781 - tools.amazon_playwright_extractor - INFO - Keepa Data tab found. Currently active: False
2026-02-16 22:30:04,781 - tools.amazon_playwright_extractor - INFO - Clicking Keepa 'Data' tab...
2026-02-16 22:30:07,159 - tools.amazon_playwright_extractor - INFO - Attempt 1/2: Waiting 12000ms for Product-Details wrapper...
2026-02-16 22:30:08,588 - tools.amazon_playwright_extractor - INFO - ? Product-Details wrapper appeared on attempt 1
2026-02-16 22:30:08,640 - tools.amazon_playwright_extractor - WARNING - Product-Details tab visible, but inner grid still not ready – extending wait with retry logic.
2026-02-16 22:30:08,640 - tools.amazon_playwright_extractor - INFO - Grid attempt 1/3: Waiting 15000ms for grid container...
2026-02-16 22:30:08,896 - tools.amazon_playwright_extractor - INFO - ? Grid became visible after attempt 1 – continuing.
2026-02-16 22:30:08,927 - tools.amazon_playwright_extractor - INFO - Parsing Keepa AG Grid for Product Details from: div#MoreTab1 div#grid-product-detail
2026-02-16 22:30:08,959 - tools.amazon_playwright_extractor - INFO - Primary attempt: Waiting 12 seconds for AG Grid rows to load...
2026-02-16 22:30:10,001 - tools.amazon_playwright_extractor - INFO - ? Primary attempt successful: 133 rows found
2026-02-16 22:30:10,012 - tools.amazon_playwright_extractor - INFO - Processing 133 rows in Keepa Product Details AG Grid.
2026-02-16 22:30:11,266 - tools.amazon_playwright_extractor - INFO - Found potential fee key 'FBA Pick&Pack Fee' with raw value: 'Ł 2.70' in Keepa AG Grid.
2026-02-16 22:30:11,408 - tools.amazon_playwright_extractor - INFO - Found potential fee key 'Referral Fee based on current Buy Box price' with raw value: 'Ł 1.50' in Keepa AG Grid.
2026-02-16 22:30:14,444 - tools.amazon_playwright_extractor - INFO - ? Successfully parsed 40 items from Keepa Product Details AG Grid.
2026-02-16 22:30:14,444 - tools.amazon_playwright_extractor - INFO - ASIN B0DVGGYHGB: Attempting to extract EANs from Keepa product_details_tab_data.
2026-02-16 22:30:14,444 - tools.amazon_playwright_extractor - INFO - ASIN B0DVGGYHGB: EAN '5010792620831' found in Keepa details via key 'Product Codes - EAN'.
2026-02-16 22:30:14,444 - tools.amazon_playwright_extractor - INFO - ASIN B0DVGGYHGB: BSR not found or invalid from page. Attempting fallback from Keepa.
2026-02-16 22:30:14,444 - tools.amazon_playwright_extractor - INFO - ASIN B0DVGGYHGB: BSR 314747 in 'Toys & Games 0.3' from Keepa SalesRankDetailsTable.
2026-02-16 22:30:14,444 - tools.amazon_playwright_extractor - INFO - \u2705 Recorded search method 'EAN' for ASIN B0DVGGYHGB
2026-02-16 22:30:14,444 - tools.amazon_playwright_extractor - INFO - Successfully extracted data for ASIN B0DVGGYHGB (EAN on page: 5010792620831)
2026-02-16 22:30:14,451 [INFO] WindowsSaveGuardian: ? ATOMIC SAVE: amazon_B0DVGGYHGB_5010792620831.json (30 entries) saved successfully
2026-02-16 22:30:14,451 - windows_save_guardian - INFO - ? ATOMIC SAVE: amazon_B0DVGGYHGB_5010792620831.json (30 entries) saved successfully
2026-02-16 22:30:14,453 [INFO] WindowsSaveGuardian: ? ATOMIC SAVE: linking_map.json (5 entries) saved successfully
2026-02-16 22:30:14,453 - windows_save_guardian - INFO - ? ATOMIC SAVE: linking_map.json (5 entries) saved successfully
2026-02-16 22:30:14,454 - __main__ - INFO - Linking map periodic flush: 5 entries
2026-02-16 22:30:14,457 [INFO] WindowsSaveGuardian: ? ATOMIC SAVE: angelwholesale_co_uk__sandbox__8ad711da_processing_state.json (27 entries) saved successfully
2026-02-16 22:30:14,457 - windows_save_guardian - INFO - ? ATOMIC SAVE: angelwholesale_co_uk__sandbox__8ad711da_processing_state.json (27 entries) saved successfully
2026-02-16 22:30:14,457 - utils.fixed_enhanced_state_manager - INFO -  ATOMIC SAVE
2026-02-16 22:30:14,457 - tools.amazon_playwright_extractor - INFO - Searching Amazon by EAN: 5010792620527 for supplier product: 'Assorted Retro Model Vehicles' (FixedAmazonExtractor)
2026-02-16 22:30:14,457 - tools.amazon_playwright_extractor - INFO - Navigating to Amazon UK to search for EAN: 5010792620527
2026-02-16 22:30:19,245 - tools.amazon_playwright_extractor - INFO - Waiting for search results page to load for EAN 5010792620527...
2026-02-16 22:30:19,385 - tools.amazon_playwright_extractor - INFO - Found search results container with selector: div.s-search-results
2026-02-16 22:30:20,052 - tools.amazon_playwright_extractor - INFO - Found 3 search result elements using selector: div[data-component-type='s-search-result']
2026-02-16 22:30:20,052 - tools.amazon_playwright_extractor - INFO - Processing 3 search result elements for EAN 5010792620527
2026-02-16 22:30:20,444 - tools.amazon_playwright_extractor - INFO - Found organic result: ASIN B0CZG247ML - Lesser & Pavey Retro Emergency Vehicle 2 Ass Games For Kids ...
2026-02-16 22:30:20,575 - tools.amazon_playwright_extractor - INFO - \U0001f4ca SPONSORED FILTERING RESULTS: 1 organic products, 2 sponsored products filtered out
2026-02-16 22:30:20,575 - tools.amazon_playwright_extractor - INFO - \u2705 EAN SEARCH: Selected first organic result - ASIN B0CZG247ML
2026-02-16 22:30:20,575 - tools.amazon_playwright_extractor - INFO -    Trusting Amazon's search relevance for EAN 5010792620527
2026-02-16 22:30:20,575 - tools.amazon_playwright_extractor - INFO -    EAN will be extracted by Keepa during full product data extraction
2026-02-16 22:30:20,575 - tools.amazon_playwright_extractor - INFO - Single ASIN B0CZG247ML found for EAN 5010792620527.
2026-02-16 22:30:20,576 - tools.amazon_playwright_extractor - INFO - Proceeding with ASIN: B0CZG247ML for EAN: 5010792620527
2026-02-16 22:30:20,576 - tools.amazon_playwright_extractor - WARNING - No page object provided to extract_data for ASIN B0CZG247ML. Getting a new one from BrowserManager.
2026-02-16 22:30:20,576 - tools.amazon_playwright_extractor - INFO - Reusing existing page: https://www.amazon.co.uk/s?k=5010792620527&ref=nb_sb_noss
2026-02-16 22:30:22,599 - tools.amazon_playwright_extractor - INFO - Checking for cookie consent pop-up...
2026-02-16 22:30:23,298 - tools.amazon_playwright_extractor - INFO - Finished checking for cookie consent pop-ups. If one was present and not handled, it might interfere.
2026-02-16 22:30:24,304 - tools.amazon_playwright_extractor - INFO - Checking for CAPTCHA...
2026-02-16 22:30:27,321 - tools.amazon_playwright_extractor - INFO - No CAPTCHA page detected by form selector.
2026-02-16 22:30:27,321 - tools.amazon_playwright_extractor - INFO - Checking for cookie consent pop-up...
2026-02-16 22:30:27,393 - tools.amazon_playwright_extractor - INFO - Finished checking for cookie consent pop-ups. If one was present and not handled, it might interfere.
2026-02-16 22:30:27,393 - tools.amazon_playwright_extractor - INFO - Page should be ready. Waiting 5s for stabilization...
2026-02-16 22:30:32,394 - tools.amazon_playwright_extractor - INFO - Waiting an additional 7s for extensions (Keepa, SellerAmp)...
2026-02-16 22:30:39,407 - tools.amazon_playwright_extractor - INFO - Extracting all product data for ASIN: B0CZG247ML
2026-02-16 22:30:39,408 - tools.amazon_playwright_extractor - INFO - Extracting basic product information (Title, Price, Images, Amazon Details)...
2026-02-16 22:30:39,445 - tools.amazon_playwright_extractor - INFO - Title found: 'Lesser & Pavey Retro Emergency Vehicle 2 Ass Games For Kids & Adults | Classic Retro Game & Toys Gift For Birthdays and Special Occasions | Surprise Your Loved Ones With Retro Games' via #productTitle
2026-02-16 22:30:39,445 - tools.amazon_playwright_extractor - INFO - Extracting price details...
2026-02-16 22:30:39,468 - tools.amazon_playwright_extractor - INFO - Current price: 7.99 via #corePrice_feature_div .a-offscreen
2026-02-16 22:30:39,563 - tools.amazon_playwright_extractor - INFO - Extracting image URLs...
2026-02-16 22:30:39,601 - tools.amazon_playwright_extractor - INFO - Main image: https://m.media-amazon.com/images/I/81++HvuGeFL._AC_SL1500_.jpg via #landingImage
2026-02-16 22:30:39,626 - tools.amazon_playwright_extractor - INFO - Found 1 thumbnails.
2026-02-16 22:30:39,630 - tools.amazon_playwright_extractor - INFO - Extracting Amazon product details section...
2026-02-16 22:30:39,758 - tools.amazon_playwright_extractor - INFO - Extracting sales rank information...
2026-02-16 22:30:39,929 - tools.amazon_playwright_extractor - INFO - Extracting ratings and reviews...
2026-02-16 22:30:39,949 - tools.amazon_playwright_extractor - INFO - Rating: 4.1 via #acrPopover[title*='out of 5 stars']
2026-02-16 22:30:39,973 - tools.amazon_playwright_extractor - INFO - Review count: 8 via #acrCustomerReviewText
2026-02-16 22:30:39,973 - tools.amazon_playwright_extractor - INFO - Extracting stock information...
2026-02-16 22:30:40,004 - tools.amazon_playwright_extractor - INFO - Availability text: 'Only 1 left in stock.' via #availability span.a-color-price
2026-02-16 22:30:40,004 - tools.amazon_playwright_extractor - INFO - Extracting features/bullets...
2026-02-16 22:30:40,207 - tools.amazon_playwright_extractor - INFO - Found 5 features.
2026-02-16 22:30:40,207 - tools.amazon_playwright_extractor - INFO - Extracting product description...
2026-02-16 22:30:40,252 - tools.amazon_playwright_extractor - INFO - Description found using selector: #productDescription
2026-02-16 22:30:40,252 - tools.amazon_playwright_extractor - INFO - Extracting product specifications table...
2026-02-16 22:30:40,797 - tools.amazon_playwright_extractor - INFO - Specifications table parsed using selector: table.a-keyvalue.prodDetTable
2026-02-16 22:30:40,798 - tools.amazon_playwright_extractor - INFO - Extracting SellerAmp data (if present)...
2026-02-16 22:30:40,798 - tools.amazon_playwright_extractor - INFO - SellerAmp data extraction is currently disabled as per requirements (Fix 2.3).
2026-02-16 22:30:40,798 - tools.amazon_playwright_extractor - INFO - Extracting Keepa data (if present)...
2026-02-16 22:30:40,798 - tools.amazon_playwright_extractor - INFO - Attempting to extract Keepa data...
2026-02-16 22:30:46,899 - tools.amazon_playwright_extractor - INFO - Keepa iframe found: iframe[id*='keepa']
2026-02-16 22:30:46,980 - tools.amazon_playwright_extractor - INFO - Keepa Sales Rank Details Table parsed.
2026-02-16 22:30:46,981 - tools.amazon_playwright_extractor - INFO - Keepa Graph AI Analysis is currently disabled as per requirements (Fix 2.4).
2026-02-16 22:30:47,004 - tools.amazon_playwright_extractor - INFO - Keepa Data tab found. Currently active: False
2026-02-16 22:30:47,004 - tools.amazon_playwright_extractor - INFO - Clicking Keepa 'Data' tab...
2026-02-16 22:30:49,360 - tools.amazon_playwright_extractor - INFO - Attempt 1/2: Waiting 12000ms for Product-Details wrapper...
2026-02-16 22:30:49,426 - tools.amazon_playwright_extractor - INFO - ? Product-Details wrapper appeared on attempt 1
2026-02-16 22:30:49,488 - tools.amazon_playwright_extractor - INFO - Parsing Keepa AG Grid for Product Details from: div#MoreTab1 div#grid-product-detail
2026-02-16 22:30:49,545 - tools.amazon_playwright_extractor - INFO - Primary attempt: Waiting 12 seconds for AG Grid rows to load...
2026-02-16 22:30:50,618 - tools.amazon_playwright_extractor - INFO - ? Primary attempt successful: 130 rows found
2026-02-16 22:30:50,638 - tools.amazon_playwright_extractor - INFO - Processing 130 rows in Keepa Product Details AG Grid.
2026-02-16 22:30:51,858 - tools.amazon_playwright_extractor - INFO - Found potential fee key 'FBA Pick&Pack Fee' with raw value: 'Ł 2.70' in Keepa AG Grid.
2026-02-16 22:30:51,966 - tools.amazon_playwright_extractor - INFO - Found potential fee key 'Referral Fee based on current Buy Box price' with raw value: 'Ł 1.80' in Keepa AG Grid.
2026-02-16 22:30:54,761 - tools.amazon_playwright_extractor - INFO - ? Successfully parsed 39 items from Keepa Product Details AG Grid.
2026-02-16 22:30:54,761 - tools.amazon_playwright_extractor - INFO - ASIN B0CZG247ML: Attempting to extract EANs from Keepa product_details_tab_data.
2026-02-16 22:30:54,762 - tools.amazon_playwright_extractor - INFO - ASIN B0CZG247ML: EAN '5010792620527' found in Keepa details via key 'Product Codes - EAN'.
2026-02-16 22:30:54,762 - tools.amazon_playwright_extractor - INFO - ASIN B0CZG247ML: BSR not found or invalid from page. Attempting fallback from Keepa.
2026-02-16 22:30:54,763 - tools.amazon_playwright_extractor - INFO - ASIN B0CZG247ML: BSR 314747 in 'Toys & Games 0.3' from Keepa SalesRankDetailsTable.
2026-02-16 22:30:54,763 - tools.amazon_playwright_extractor - INFO - \u2705 Recorded search method 'EAN' for ASIN B0CZG247ML
2026-02-16 22:30:54,763 - tools.amazon_playwright_extractor - INFO - Successfully extracted data for ASIN B0CZG247ML (EAN on page: 5010792620527)
2026-02-16 22:30:54,774 [INFO] WindowsSaveGuardian: ? ATOMIC SAVE: amazon_B0CZG247ML_5010792620527.json (30 entries) saved successfully
2026-02-16 22:30:54,774 - windows_save_guardian - INFO - ? ATOMIC SAVE: amazon_B0CZG247ML_5010792620527.json (30 entries) saved successfully
2026-02-16 22:30:54,785 [INFO] WindowsSaveGuardian: ? ATOMIC SAVE: linking_map.json (6 entries) saved successfully
2026-02-16 22:30:54,785 - windows_save_guardian - INFO - ? ATOMIC SAVE: linking_map.json (6 entries) saved successfully
2026-02-16 22:30:54,786 - __main__ - INFO - Linking map periodic flush: 6 entries
2026-02-16 22:30:54,791 [INFO] WindowsSaveGuardian: ? ATOMIC SAVE: angelwholesale_co_uk__sandbox__8ad711da_processing_state.json (27 entries) saved successfully
2026-02-16 22:30:54,791 - windows_save_guardian - INFO - ? ATOMIC SAVE: angelwholesale_co_uk__sandbox__8ad711da_processing_state.json (27 entries) saved successfully
2026-02-16 22:30:54,791 - utils.fixed_enhanced_state_manager - INFO -  ATOMIC SAVE
2026-02-16 22:30:54,794 [INFO] WindowsSaveGuardian: ? ATOMIC SAVE: angelwholesale_co_uk__sandbox__8ad711da_processing_state.json (27 entries) saved successfully
2026-02-16 22:30:54,794 - windows_save_guardian - INFO - ? ATOMIC SAVE: angelwholesale_co_uk__sandbox__8ad711da_processing_state.json (27 entries) saved successfully
2026-02-16 22:30:54,795 - utils.fixed_enhanced_state_manager - INFO -  ATOMIC SAVE
2026-02-16 22:30:54,799 [INFO] WindowsSaveGuardian: ? ATOMIC SAVE: linking_map.json (6 entries) saved successfully
2026-02-16 22:30:54,799 - windows_save_guardian - INFO - ? ATOMIC SAVE: linking_map.json (6 entries) saved successfully
2026-02-16 22:30:54,800 - __main__ - INFO - Product list refresh complete: 6/6 matched
2026-02-16 22:30:54,800 - utils.browser_manager - WARNING - Error during global cleanup: no running event loop
Exception ignored in: <function BaseSubprocessTransport.__del__ at 0x000001FDAEFB4C20>
Traceback (most recent call last):
  File "C:\Python313\Lib\asyncio\base_subprocess.py", line 130, in __del__
  File "C:\Python313\Lib\asyncio\base_subprocess.py", line 107, in close
  File "C:\Python313\Lib\asyncio\proactor_events.py", line 109, in close
  File "C:\Python313\Lib\asyncio\base_events.py", line 827, in call_soon
  File "C:\Python313\Lib\asyncio\base_events.py", line 550, in _check_closed
RuntimeError: Event loop is closed
