2026-02-27 13:58:39,642 - tools.amazon_playwright_extractor - WARNING - ?? BrowserCircuitBreaker not available - health management disabled
2026-02-27 13:58:39,642 - tools.amazon_playwright_extractor - INFO - AI features disabled in amazon_playwright_extractor - using only traditional selectors.
2026-02-27 13:58:39,642 - tools.amazon_playwright_extractor - INFO - Output directory set to: C:\Users\chris\Desktop\Amazon-FBA-Agent-System-v32 - latest good - Copy (8) - Copy - Copy - POSTLONGRUNPREKIRO2 beforecompletion-\OUTPUTS\CACHE\amazon_data
2026-02-27 13:58:39,642 - tools.amazon_playwright_extractor - WARNING - ?? BrowserManager not available, using legacy browser connection
2026-02-27 13:58:39,644 - tools.amazon_playwright_extractor - INFO - \U0001f527 FixedAmazonExtractor connecting via BrowserManager singleton
2026-02-27 13:58:39,645 - utils.browser_circuit_breaker - INFO - BrowserCircuitBreaker initialized: threshold=3, timeout=300s
2026-02-27 13:58:39,645 - utils.browser_manager - INFO - ?? BrowserManager singleton initialized with health management
2026-02-27 13:58:40,191 - utils.browser_manager - INFO - ?? Connecting to existing Chrome debug instance on port 9222
2026-02-27 13:58:40,191 - utils.browser_manager - INFO - ?? Per troubleshooting docs: Using existing Chrome debug only
2026-02-27 13:58:42,438 - utils.browser_manager - INFO - ? Chrome debug accessible on IPv4: Chrome/145.0.7632.117
2026-02-27 13:58:42,438 - utils.browser_manager - INFO - ?? Connecting to existing Chrome debug instance...
2026-02-27 13:58:44,476 - utils.browser_manager - INFO - ?? Using endpoint: http://localhost:9222
2026-02-27 13:58:45,076 - utils.browser_manager - INFO - ? Successfully connected to existing Chrome debug instance
2026-02-27 13:58:45,076 - utils.browser_manager - INFO - ?? Using existing context with 12 pages
2026-02-27 13:58:45,076 - utils.browser_manager - INFO - ?? Connected to existing Chrome: 145.0.7632.117
2026-02-27 13:58:45,076 - tools.amazon_playwright_extractor - INFO - \u2705 FixedAmazonExtractor connected via BrowserManager singleton
2026-02-27 13:58:45,076 - utils.browser_manager - INFO - ?? Reusing existing Chrome connection (port 9222)
2026-02-27 13:58:45,076 - utils.browser_manager - INFO - ?? Reusing existing page in persistent context.
2026-02-27 13:58:45,083 [INFO] WindowsSaveGuardian: ? ATOMIC SAVE: clearance-king_co_uk__sandbox__91de80a8_processing_state.json (27 entries) saved successfully
2026-02-27 13:58:45,083 - windows_save_guardian - INFO - ? ATOMIC SAVE: clearance-king_co_uk__sandbox__91de80a8_processing_state.json (27 entries) saved successfully
2026-02-27 13:58:45,084 - utils.fixed_enhanced_state_manager - INFO -  ATOMIC SAVE
2026-02-27 13:58:45,096 [INFO] WindowsSaveGuardian: ? ATOMIC SAVE: clearance-king_co_uk__sandbox__91de80a8_processing_state.json (27 entries) saved successfully
2026-02-27 13:58:45,096 - windows_save_guardian - INFO - ? ATOMIC SAVE: clearance-king_co_uk__sandbox__91de80a8_processing_state.json (27 entries) saved successfully
2026-02-27 13:58:45,097 - utils.fixed_enhanced_state_manager - INFO -  ATOMIC SAVE
2026-02-27 13:58:45,097 - tools.amazon_playwright_extractor - INFO - Searching Amazon by EAN: 5010993836714 for supplier product: '' (FixedAmazonExtractor)
2026-02-27 13:58:45,097 - tools.amazon_playwright_extractor - INFO - Navigating to Amazon UK to search for EAN: 5010993836714
2026-02-27 13:58:55,152 - tools.amazon_playwright_extractor - INFO - Waiting for search results page to load for EAN 5010993836714...
2026-02-27 13:58:57,433 - tools.amazon_playwright_extractor - INFO - Found search results container with selector: div.s-search-results
2026-02-27 13:58:59,960 - tools.amazon_playwright_extractor - INFO - Found 12 search result elements using selector: div[data-component-type='s-search-result']
2026-02-27 13:58:59,960 - tools.amazon_playwright_extractor - INFO - Processing 12 search result elements for EAN 5010993836714
2026-02-27 13:59:01,293 - tools.amazon_playwright_extractor - INFO - \U0001f4ca SPONSORED FILTERING RESULTS: 0 organic products, 12 sponsored products filtered out
2026-02-27 13:59:01,293 - tools.amazon_playwright_extractor - WARNING - EAN 5010993836714 returned no organic results - skipping
2026-02-27 13:59:01,293 - tools.amazon_playwright_extractor - WARNING - No Amazon results or error for EAN '5010993836714'. Details: no_organic_results
2026-02-27 13:59:01,293 - tools.amazon_playwright_extractor - INFO - Falling back to title search for supplier product: ''
2026-02-27 13:59:01,293 - tools.amazon_playwright_extractor - INFO - Searching Amazon by title using search bar: ''
2026-02-27 13:59:01,293 - tools.amazon_playwright_extractor - INFO - Navigating to Amazon UK to search for title: 
2026-02-27 13:59:27,995 - tools.amazon_playwright_extractor - ERROR - Error during title search for '': Page.wait_for_selector: Timeout 15000ms exceeded.
Call log:
  - waiting for locator("div.s-search-results") to be visible

2026-02-27 13:59:27,995 - tools.amazon_playwright_extractor - WARNING - Both EAN '5010993836714' and title '' searches failed
2026-02-27 13:59:27,998 [INFO] WindowsSaveGuardian: ? ATOMIC SAVE: linking_map.json (1 entries) saved successfully
2026-02-27 13:59:27,998 - windows_save_guardian - INFO - ? ATOMIC SAVE: linking_map.json (1 entries) saved successfully
2026-02-27 13:59:27,998 - __main__ - INFO - Linking map periodic flush: 1 entries
2026-02-27 13:59:28,001 [INFO] WindowsSaveGuardian: ? ATOMIC SAVE: clearance-king_co_uk__sandbox__91de80a8_processing_state.json (27 entries) saved successfully
2026-02-27 13:59:28,001 - windows_save_guardian - INFO - ? ATOMIC SAVE: clearance-king_co_uk__sandbox__91de80a8_processing_state.json (27 entries) saved successfully
2026-02-27 13:59:28,001 - utils.fixed_enhanced_state_manager - INFO -  ATOMIC SAVE
2026-02-27 13:59:28,001 - tools.amazon_playwright_extractor - INFO - Searching Amazon by EAN: 5055579165464 for supplier product: '' (FixedAmazonExtractor)
2026-02-27 13:59:28,001 - tools.amazon_playwright_extractor - INFO - Navigating to Amazon UK to search for EAN: 5055579165464
2026-02-27 13:59:36,528 - tools.amazon_playwright_extractor - ERROR - Error during EAN search for 5055579165464: Page.fill: Timeout 5000ms exceeded.
Call log:
  - waiting for locator("input#twotabsearchtextbox")
    - locator resolved to <input value="" dir="auto" type="text" tabindex="0" role="searchbox" autocomplete="off" spellcheck="false" aria-haspopup="grid" name="field-keywords" aria-expanded="false" id="twotabsearchtextbox" aria-autocomplete="list" aria-label="Search Amazon.co.uk" placeholder="Search Amazon.co.uk" class="nav-input nav-progressive-attribute" aria-controls="sac-autocomplete-results-container"/>
    - fill("5055579165464")
  - attempting fill action
    - waiting for element to be visible, enabled and editable

2026-02-27 13:59:36,528 - tools.amazon_playwright_extractor - WARNING - No Amazon results or error for EAN '5055579165464'. Details: Search error for EAN 5055579165464: Page.fill: Timeout 5000ms exceeded.
Call log:
  - waiting for locator("input#twotabsearchtextbox")
    - locator resolved to <input value="" dir="auto" type="text" tabindex="0" role="searchbox" autocomplete="off" spellcheck="false" aria-haspopup="grid" name="field-keywords" aria-expanded="false" id="twotabsearchtextbox" aria-autocomplete="list" aria-label="Search Amazon.co.uk" placeholder="Search Amazon.co.uk" class="nav-input nav-progressive-attribute" aria-controls="sac-autocomplete-results-container"/>
    - fill("5055579165464")
  - attempting fill action
    - waiting for element to be visible, enabled and editable

2026-02-27 13:59:36,528 - tools.amazon_playwright_extractor - INFO - Falling back to title search for supplier product: ''
2026-02-27 13:59:36,529 - tools.amazon_playwright_extractor - INFO - Searching Amazon by title using search bar: ''
2026-02-27 13:59:36,529 - tools.amazon_playwright_extractor - INFO - Navigating to Amazon UK to search for title: 
2026-02-27 14:00:00,443 - tools.amazon_playwright_extractor - ERROR - Error during title search for '': Page.wait_for_selector: Timeout 15000ms exceeded.
Call log:
  - waiting for locator("div.s-search-results") to be visible

2026-02-27 14:00:00,443 - tools.amazon_playwright_extractor - WARNING - Both EAN '5055579165464' and title '' searches failed
2026-02-27 14:00:00,449 [INFO] WindowsSaveGuardian: ? ATOMIC SAVE: linking_map.json (2 entries) saved successfully
2026-02-27 14:00:00,449 - windows_save_guardian - INFO - ? ATOMIC SAVE: linking_map.json (2 entries) saved successfully
2026-02-27 14:00:00,450 - __main__ - INFO - Linking map periodic flush: 2 entries
2026-02-27 14:00:00,456 [INFO] WindowsSaveGuardian: ? ATOMIC SAVE: clearance-king_co_uk__sandbox__91de80a8_processing_state.json (27 entries) saved successfully
2026-02-27 14:00:00,456 - windows_save_guardian - INFO - ? ATOMIC SAVE: clearance-king_co_uk__sandbox__91de80a8_processing_state.json (27 entries) saved successfully
2026-02-27 14:00:00,457 - utils.fixed_enhanced_state_manager - INFO -  ATOMIC SAVE
2026-02-27 14:00:00,480 [INFO] WindowsSaveGuardian: ? ATOMIC SAVE: clearance-king_co_uk__sandbox__91de80a8_processing_state.json (27 entries) saved successfully
2026-02-27 14:00:00,480 - windows_save_guardian - INFO - ? ATOMIC SAVE: clearance-king_co_uk__sandbox__91de80a8_processing_state.json (27 entries) saved successfully
2026-02-27 14:00:00,482 - utils.fixed_enhanced_state_manager - INFO -  ATOMIC SAVE
2026-02-27 14:00:00,504 [INFO] WindowsSaveGuardian: ? ATOMIC SAVE: clearance-king_co_uk__sandbox__91de80a8_processing_state.json (27 entries) saved successfully
2026-02-27 14:00:00,504 - windows_save_guardian - INFO - ? ATOMIC SAVE: clearance-king_co_uk__sandbox__91de80a8_processing_state.json (27 entries) saved successfully
2026-02-27 14:00:00,504 - utils.fixed_enhanced_state_manager - INFO -  ATOMIC SAVE
2026-02-27 14:00:00,520 [INFO] WindowsSaveGuardian: ? ATOMIC SAVE: linking_map.json (2 entries) saved successfully
2026-02-27 14:00:00,520 - windows_save_guardian - INFO - ? ATOMIC SAVE: linking_map.json (2 entries) saved successfully
2026-02-27 14:00:00,520 - __main__ - INFO - Product list refresh complete: 0/2 matched
2026-02-27 14:00:00,520 - utils.browser_manager - WARNING - Error during global cleanup: no running event loop
Exception ignored in: <function BaseSubprocessTransport.__del__ at 0x00000228D3B38C20>
Traceback (most recent call last):
  File "C:\Python313\Lib\asyncio\base_subprocess.py", line 130, in __del__
  File "C:\Python313\Lib\asyncio\base_subprocess.py", line 107, in close
  File "C:\Python313\Lib\asyncio\proactor_events.py", line 109, in close
  File "C:\Python313\Lib\asyncio\base_events.py", line 827, in call_soon
  File "C:\Python313\Lib\asyncio\base_events.py", line 550, in _check_closed
RuntimeError: Event loop is closed
