2026-03-08 12:55:31,893 - __main__ - WARNING - Ignoring supplier identity from products file; job sandbox is authoritative. job=angelwholesale.co.uk__sandbox__9424fbaa file=angelwholesale.co.uk
2026-03-08 12:55:31,893 - tools.amazon_playwright_extractor - WARNING - ?? BrowserCircuitBreaker not available - health management disabled
2026-03-08 12:55:31,893 - tools.amazon_playwright_extractor - INFO - AI features disabled in amazon_playwright_extractor - using only traditional selectors.
2026-03-08 12:55:31,893 - tools.amazon_playwright_extractor - INFO - Output directory set to: C:\Users\chris\Desktop\Amazon-FBA-Agent-System-v32 - latest good - Copy (8) - Copy - Copy - POSTLONGRUNPREKIRO2 beforecompletion-\OUTPUTS\CACHE\amazon_data
2026-03-08 12:55:31,897 - tools.amazon_playwright_extractor - WARNING - ?? BrowserManager not available, using legacy browser connection
2026-03-08 12:55:31,898 - tools.amazon_playwright_extractor - INFO - \U0001f527 FixedAmazonExtractor connecting via BrowserManager singleton
2026-03-08 12:55:31,898 - utils.browser_circuit_breaker - INFO - BrowserCircuitBreaker initialized: threshold=3, timeout=300s
2026-03-08 12:55:31,898 - utils.browser_manager - INFO - ?? BrowserManager singleton initialized with health management
2026-03-08 12:55:32,480 - utils.browser_manager - INFO - ?? Connecting to existing Chrome debug instance on port 9222
2026-03-08 12:55:32,480 - utils.browser_manager - INFO - ?? Per troubleshooting docs: Using existing Chrome debug only
2026-03-08 12:55:34,775 - utils.browser_manager - INFO - ? Chrome debug accessible on IPv4: Chrome/145.0.7632.160
2026-03-08 12:55:34,775 - utils.browser_manager - INFO - ?? Connecting to existing Chrome debug instance...
2026-03-08 12:55:36,801 - utils.browser_manager - INFO - ?? Using endpoint: http://localhost:9222
2026-03-08 12:55:37,056 - utils.browser_manager - INFO - ? Successfully connected to existing Chrome debug instance
2026-03-08 12:55:37,056 - utils.browser_manager - INFO - ?? Using existing context with 1 pages
2026-03-08 12:55:37,056 - utils.browser_manager - INFO - ?? Connected to existing Chrome: 145.0.7632.160
2026-03-08 12:55:37,056 - tools.amazon_playwright_extractor - INFO - \u2705 FixedAmazonExtractor connected via BrowserManager singleton
2026-03-08 12:55:37,056 - utils.browser_manager - INFO - ?? Reusing existing Chrome connection (port 9222)
2026-03-08 12:55:37,056 - utils.browser_manager - INFO - ?? Reusing existing page in persistent context.
2026-03-08 12:55:37,062 [INFO] WindowsSaveGuardian: ? ATOMIC SAVE: angelwholesale_co_uk__sandbox__9424fbaa_processing_state.json (27 entries) saved successfully
2026-03-08 12:55:37,062 - windows_save_guardian - INFO - ? ATOMIC SAVE: angelwholesale_co_uk__sandbox__9424fbaa_processing_state.json (27 entries) saved successfully
2026-03-08 12:55:37,063 - utils.fixed_enhanced_state_manager - INFO -  ATOMIC SAVE
2026-03-08 12:55:37,066 [INFO] WindowsSaveGuardian: ? ATOMIC SAVE: angelwholesale_co_uk__sandbox__9424fbaa_processing_state.json (27 entries) saved successfully
2026-03-08 12:55:37,066 - windows_save_guardian - INFO - ? ATOMIC SAVE: angelwholesale_co_uk__sandbox__9424fbaa_processing_state.json (27 entries) saved successfully
2026-03-08 12:55:37,066 - utils.fixed_enhanced_state_manager - INFO -  ATOMIC SAVE
2026-03-08 12:55:37,066 - tools.amazon_playwright_extractor - INFO - Searching Amazon by EAN: 5022896700777 for supplier product: 'Striped Grey I Love Mummy/Daddy Hat' (FixedAmazonExtractor)
2026-03-08 12:55:37,066 - tools.amazon_playwright_extractor - INFO - Navigating to Amazon UK to search for EAN: 5022896700777
2026-03-08 12:55:41,316 - tools.amazon_playwright_extractor - INFO - Waiting for search results page to load for EAN 5022896700777...
2026-03-08 12:55:41,401 - tools.amazon_playwright_extractor - INFO - Found search results container with selector: div.s-search-results
2026-03-08 12:55:42,082 - tools.amazon_playwright_extractor - INFO - Found 6 search result elements using selector: div[data-component-type='s-search-result']
2026-03-08 12:55:42,082 - tools.amazon_playwright_extractor - INFO - Processing 6 search result elements for EAN 5022896700777
2026-03-08 12:55:42,239 - tools.amazon_playwright_extractor - INFO - \U0001f4ca SPONSORED FILTERING RESULTS: 0 organic products, 6 sponsored products filtered out
2026-03-08 12:55:42,239 - tools.amazon_playwright_extractor - WARNING - EAN 5022896700777 returned no organic results - skipping
2026-03-08 12:55:42,239 - tools.amazon_playwright_extractor - WARNING - No Amazon results or error for EAN '5022896700777'. Details: no_organic_results
2026-03-08 12:55:42,239 - tools.amazon_playwright_extractor - INFO - Falling back to title search for supplier product: 'Striped Grey I Love Mummy/Daddy Hat'
2026-03-08 12:55:42,239 - tools.amazon_playwright_extractor - INFO - Searching Amazon by title using search bar: 'Striped Grey I Love Mummy/Daddy Hat'
2026-03-08 12:55:42,240 - tools.amazon_playwright_extractor - INFO - Navigating to Amazon UK to search for title: Striped Grey I Love Mummy/Daddy Hat
2026-03-08 12:55:46,755 - tools.amazon_playwright_extractor - INFO - Title search found 69 elements using selector: div.s-search-results > div[data-asin]
2026-03-08 12:55:46,810 - tools.amazon_playwright_extractor - WARNING - ASIN extraction failed: All 4 fallbacks exhausted
2026-03-08 12:55:46,957 - tools.amazon_playwright_extractor - INFO - \u2705 Title search: Selected first visible organic product - ASIN B0CNDXSR3X
2026-03-08 12:55:46,957 - tools.amazon_playwright_extractor - INFO - \U0001f3af ASIN EXTRACTION SUCCESS: Found 1 ASINs for title search: 'Striped Grey I Love Mummy/Daddy Hat'
2026-03-08 12:55:46,958 - tools.amazon_playwright_extractor - INFO - Title search successful for 'Striped Grey I Love Mummy/Daddy Hat' after EAN '5022896700777' failed
2026-03-08 12:55:46,958 - tools.amazon_playwright_extractor - INFO - Extracting complete data for fallback ASIN B0CNDXSR3X from title search
2026-03-08 12:55:46,958 - tools.amazon_playwright_extractor - WARNING - No page object provided to extract_data for ASIN B0CNDXSR3X. Getting a new one from BrowserManager.
2026-03-08 12:55:46,958 - tools.amazon_playwright_extractor - INFO - Reusing existing page: https://www.amazon.co.uk/s?k=Striped+Grey+I+Love+Mummy%2FDaddy+Hat&ref=nb_sb_noss
2026-03-08 12:55:49,707 - tools.amazon_playwright_extractor - INFO - Checking for cookie consent pop-up...
2026-03-08 12:55:50,034 - tools.amazon_playwright_extractor - INFO - Finished checking for cookie consent pop-ups. If one was present and not handled, it might interfere.
2026-03-08 12:55:51,035 - tools.amazon_playwright_extractor - INFO - Checking for CAPTCHA...
2026-03-08 12:55:54,041 - tools.amazon_playwright_extractor - INFO - No CAPTCHA page detected by form selector.
2026-03-08 12:55:54,042 - tools.amazon_playwright_extractor - INFO - Checking for cookie consent pop-up...
2026-03-08 12:55:54,104 - tools.amazon_playwright_extractor - INFO - Finished checking for cookie consent pop-ups. If one was present and not handled, it might interfere.
2026-03-08 12:55:54,104 - tools.amazon_playwright_extractor - INFO - Page should be ready. Waiting 5s for stabilization...
2026-03-08 12:55:59,106 - tools.amazon_playwright_extractor - INFO - Waiting an additional 7s for extensions (Keepa, SellerAmp)...
2026-03-08 12:56:06,109 - tools.amazon_playwright_extractor - INFO - Extracting all product data for ASIN: B0CNDXSR3X
2026-03-08 12:56:06,109 - tools.amazon_playwright_extractor - INFO - Extracting basic product information (Title, Price, Images, Amazon Details)...
2026-03-08 12:56:06,140 - tools.amazon_playwright_extractor - INFO - Title found: 'Knitted Pom Pom Hat - Baby Boys & Girls Winter Hat, Single Pom, Warm Double Bubble, 0-12 Months, Ri682' via #productTitle
2026-03-08 12:56:06,141 - tools.amazon_playwright_extractor - INFO - Extracting price details...
2026-03-08 12:56:06,158 - tools.amazon_playwright_extractor - INFO - Current price: 6.49 via #corePrice_feature_div .a-offscreen
2026-03-08 12:56:06,237 - tools.amazon_playwright_extractor - INFO - Extracting image URLs...
2026-03-08 12:56:06,269 - tools.amazon_playwright_extractor - INFO - Main image: https://m.media-amazon.com/images/I/717VNsBJa-L._AC_SL1500_.jpg via #landingImage
2026-03-08 12:56:06,304 - tools.amazon_playwright_extractor - INFO - Found 1 thumbnails.
2026-03-08 12:56:06,308 - tools.amazon_playwright_extractor - INFO - Extracting Amazon product details section...
2026-03-08 12:56:06,708 - tools.amazon_playwright_extractor - INFO - Extracting sales rank information...
2026-03-08 12:56:06,925 - tools.amazon_playwright_extractor - INFO - Extracting ratings and reviews...
2026-03-08 12:56:06,940 - tools.amazon_playwright_extractor - INFO - Rating: 4.2 via #acrPopover[title*='out of 5 stars']
2026-03-08 12:56:06,957 - tools.amazon_playwright_extractor - INFO - Review count: 36 via #acrCustomerReviewText
2026-03-08 12:56:06,958 - tools.amazon_playwright_extractor - INFO - Extracting stock information...
2026-03-08 12:56:06,975 - tools.amazon_playwright_extractor - INFO - Availability text: 'In stock' via #availability span.a-size-medium.a-color-success
2026-03-08 12:56:06,975 - tools.amazon_playwright_extractor - INFO - Extracting features/bullets...
2026-03-08 12:56:06,988 - tools.amazon_playwright_extractor - INFO - Extracting product description...
2026-03-08 12:56:07,008 - tools.amazon_playwright_extractor - INFO - Description found using selector: #productDescription
2026-03-08 12:56:07,008 - tools.amazon_playwright_extractor - INFO - Extracting product specifications table...
2026-03-08 12:56:07,447 - tools.amazon_playwright_extractor - INFO - Specifications table parsed using selector: table.a-keyvalue.prodDetTable
2026-03-08 12:56:07,447 - tools.amazon_playwright_extractor - INFO - Extracting SellerAmp data (if present)...
2026-03-08 12:56:07,447 - tools.amazon_playwright_extractor - INFO - SellerAmp data extraction is currently disabled as per requirements (Fix 2.3).
2026-03-08 12:56:07,447 - tools.amazon_playwright_extractor - INFO - Extracting Keepa data (if present)...
2026-03-08 12:56:07,447 - tools.amazon_playwright_extractor - INFO - Attempting to extract Keepa data...
2026-03-08 12:56:13,521 - tools.amazon_playwright_extractor - INFO - Keepa iframe found: iframe[id*='keepa']
2026-03-08 12:56:13,620 - tools.amazon_playwright_extractor - INFO - Keepa Sales Rank Details Table parsed.
2026-03-08 12:56:13,620 - tools.amazon_playwright_extractor - INFO - Keepa Graph AI Analysis is currently disabled as per requirements (Fix 2.4).
2026-03-08 12:56:13,643 - tools.amazon_playwright_extractor - INFO - Keepa Data tab found. Currently active: False
2026-03-08 12:56:13,643 - tools.amazon_playwright_extractor - INFO - Clicking Keepa 'Data' tab...
2026-03-08 12:56:15,945 - tools.amazon_playwright_extractor - INFO - Attempt 1/2: Waiting 12000ms for Product-Details wrapper...
2026-03-08 12:56:16,844 - tools.amazon_playwright_extractor - INFO - ? Product-Details wrapper appeared on attempt 1
2026-03-08 12:56:16,858 - tools.amazon_playwright_extractor - WARNING - Product-Details tab visible, but inner grid still not ready – extending wait with retry logic.
2026-03-08 12:56:16,858 - tools.amazon_playwright_extractor - INFO - Grid attempt 1/3: Waiting 15000ms for grid container...
2026-03-08 12:56:17,200 - tools.amazon_playwright_extractor - INFO - ? Grid became visible after attempt 1 – continuing.
2026-03-08 12:56:17,227 - tools.amazon_playwright_extractor - INFO - Parsing Keepa AG Grid for Product Details from: div#MoreTab1 div#grid-product-detail
2026-03-08 12:56:17,267 - tools.amazon_playwright_extractor - INFO - Primary attempt: Waiting 12 seconds for AG Grid rows to load...
2026-03-08 12:56:18,306 - tools.amazon_playwright_extractor - INFO - ? Primary attempt successful: 136 rows found
2026-03-08 12:56:18,319 - tools.amazon_playwright_extractor - INFO - Processing 136 rows in Keepa Product Details AG Grid.
2026-03-08 12:56:19,631 - tools.amazon_playwright_extractor - INFO - Found potential fee key 'FBA Pick&Pack Fee' with raw value: 'Ł 1.69' in Keepa AG Grid.
2026-03-08 12:56:19,745 - tools.amazon_playwright_extractor - INFO - Found potential fee key 'Referral Fee based on current Buy Box price' with raw value: 'Ł 0.32' in Keepa AG Grid.
2026-03-08 12:56:22,120 - tools.amazon_playwright_extractor - INFO - ? Successfully parsed 40 items from Keepa Product Details AG Grid.
2026-03-08 12:56:22,120 - tools.amazon_playwright_extractor - INFO - ASIN B0CNDXSR3X: Attempting to extract EANs from Keepa product_details_tab_data.
2026-03-08 12:56:22,120 - tools.amazon_playwright_extractor - WARNING - ASIN B0CNDXSR3X: Could not find EAN in Keepa product_details_tab_data.
2026-03-08 12:56:22,120 - tools.amazon_playwright_extractor - INFO - ASIN B0CNDXSR3X: BSR not found or invalid from page. Attempting fallback from Keepa.
2026-03-08 12:56:22,120 - tools.amazon_playwright_extractor - INFO - ASIN B0CNDXSR3X: BSR 64985 in 'Fashion 1.0' from Keepa SalesRankDetailsTable.
2026-03-08 12:56:22,124 [INFO] WindowsSaveGuardian: ? ATOMIC SAVE: amazon_B0CNDXSR3X_5022896700777.json (30 entries) saved successfully
2026-03-08 12:56:22,124 - windows_save_guardian - INFO - ? ATOMIC SAVE: amazon_B0CNDXSR3X_5022896700777.json (30 entries) saved successfully
2026-03-08 12:56:22,127 [INFO] WindowsSaveGuardian: ? ATOMIC SAVE: linking_map.json (1 entries) saved successfully
2026-03-08 12:56:22,127 - windows_save_guardian - INFO - ? ATOMIC SAVE: linking_map.json (1 entries) saved successfully
2026-03-08 12:56:22,127 - __main__ - INFO - Linking map periodic flush: 1 entries
2026-03-08 12:56:22,130 [INFO] WindowsSaveGuardian: ? ATOMIC SAVE: angelwholesale_co_uk__sandbox__9424fbaa_processing_state.json (27 entries) saved successfully
2026-03-08 12:56:22,130 - windows_save_guardian - INFO - ? ATOMIC SAVE: angelwholesale_co_uk__sandbox__9424fbaa_processing_state.json (27 entries) saved successfully
2026-03-08 12:56:22,130 - utils.fixed_enhanced_state_manager - INFO -  ATOMIC SAVE
2026-03-08 12:56:22,130 - tools.amazon_playwright_extractor - INFO - Searching Amazon by EAN:  for supplier product: 'White Unbranded 0-3m Plain Baby Beanie Hat' (FixedAmazonExtractor)
2026-03-08 12:56:22,130 - tools.amazon_playwright_extractor - INFO - Navigating to Amazon UK to search for EAN: 
2026-03-08 12:56:26,158 - tools.amazon_playwright_extractor - INFO - Waiting for search results page to load for EAN ...
