2026-03-11 02:42:14,025 - __main__ - WARNING - Ignoring supplier identity from products file; job sandbox is authoritative. job=poundwholesale.co.uk__sandbox__a7ce7aa2 file=poundwholesale.co.uk
2026-03-11 02:42:14,026 - tools.amazon_playwright_extractor - WARNING - ?? BrowserCircuitBreaker not available - health management disabled
2026-03-11 02:42:14,026 - tools.amazon_playwright_extractor - INFO - AI features disabled in amazon_playwright_extractor - using only traditional selectors.
2026-03-11 02:42:14,026 - tools.amazon_playwright_extractor - INFO - Output directory set to: C:\Users\chris\Desktop\Amazon-FBA-Agent-System-v32 - latest good - Copy (8) - Copy - Copy - POSTLONGRUNPREKIRO2 beforecompletion-\OUTPUTS\CACHE\amazon_data
2026-03-11 02:42:14,026 - tools.amazon_playwright_extractor - WARNING - ?? BrowserManager not available, using legacy browser connection
2026-03-11 02:42:14,027 - tools.amazon_playwright_extractor - INFO - \U0001f527 FixedAmazonExtractor connecting via BrowserManager singleton
2026-03-11 02:42:14,028 - utils.browser_circuit_breaker - INFO - BrowserCircuitBreaker initialized: threshold=3, timeout=300s
2026-03-11 02:42:14,028 - utils.browser_manager - INFO - ?? BrowserManager singleton initialized with health management
2026-03-11 02:42:14,573 - utils.browser_manager - INFO - ?? Connecting to existing Chrome debug instance on port 9222
2026-03-11 02:42:14,574 - utils.browser_manager - INFO - ?? Per troubleshooting docs: Using existing Chrome debug only
2026-03-11 02:42:16,833 - utils.browser_manager - INFO - ? Chrome debug accessible on IPv4: Chrome/145.0.7632.160
2026-03-11 02:42:16,834 - utils.browser_manager - INFO - ?? Connecting to existing Chrome debug instance...
2026-03-11 02:42:18,855 - utils.browser_manager - INFO - ?? Using endpoint: http://localhost:9222
2026-03-11 02:42:19,224 - utils.browser_manager - INFO - ? Successfully connected to existing Chrome debug instance
2026-03-11 02:42:19,224 - utils.browser_manager - INFO - ?? Using existing context with 1 pages
2026-03-11 02:42:19,224 - utils.browser_manager - INFO - ?? Connected to existing Chrome: 145.0.7632.160
2026-03-11 02:42:19,225 - tools.amazon_playwright_extractor - INFO - \u2705 FixedAmazonExtractor connected via BrowserManager singleton
2026-03-11 02:42:19,225 - utils.browser_manager - INFO - ?? Reusing existing Chrome connection (port 9222)
2026-03-11 02:42:19,225 - utils.browser_manager - INFO - ?? Reusing existing page in persistent context.
2026-03-11 02:42:19,232 [INFO] WindowsSaveGuardian: ? ATOMIC SAVE: poundwholesale_co_uk__sandbox__a7ce7aa2_processing_state.json (27 entries) saved successfully
2026-03-11 02:42:19,232 - windows_save_guardian - INFO - ? ATOMIC SAVE: poundwholesale_co_uk__sandbox__a7ce7aa2_processing_state.json (27 entries) saved successfully
2026-03-11 02:42:19,232 - utils.fixed_enhanced_state_manager - INFO -  ATOMIC SAVE
2026-03-11 02:42:19,236 [INFO] WindowsSaveGuardian: ? ATOMIC SAVE: poundwholesale_co_uk__sandbox__a7ce7aa2_processing_state.json (27 entries) saved successfully
2026-03-11 02:42:19,236 - windows_save_guardian - INFO - ? ATOMIC SAVE: poundwholesale_co_uk__sandbox__a7ce7aa2_processing_state.json (27 entries) saved successfully
2026-03-11 02:42:19,236 - utils.fixed_enhanced_state_manager - INFO -  ATOMIC SAVE
2026-03-11 02:42:19,237 - tools.amazon_playwright_extractor - INFO - Searching Amazon by EAN: 5053249247328 for supplier product: 'Duzzit Assorted Colour Dish Brushes 3 Pack' (FixedAmazonExtractor)
2026-03-11 02:42:19,237 - tools.amazon_playwright_extractor - INFO - Navigating to Amazon UK to search for EAN: 5053249247328
2026-03-11 02:42:48,252 - tools.amazon_playwright_extractor - INFO - Waiting for search results page to load for EAN 5053249247328...
2026-03-11 02:42:48,374 - tools.amazon_playwright_extractor - INFO - Found search results container with selector: div.s-search-results
2026-03-11 02:42:49,321 - tools.amazon_playwright_extractor - INFO - Found 5 search result elements using selector: div[data-component-type='s-search-result']
2026-03-11 02:42:49,321 - tools.amazon_playwright_extractor - INFO - Processing 5 search result elements for EAN 5053249247328
2026-03-11 02:42:49,629 - tools.amazon_playwright_extractor - INFO - Found organic result: ASIN B0B5FBYBJF - Pack Of 3 Washing Up Dish Brushes Pot & Pan Cleaning Brush N...
2026-03-11 02:42:49,716 - tools.amazon_playwright_extractor - INFO - \U0001f4ca SPONSORED FILTERING RESULTS: 1 organic products, 4 sponsored products filtered out
2026-03-11 02:42:49,716 - tools.amazon_playwright_extractor - INFO - \u2705 EAN SEARCH: Selected first organic result - ASIN B0B5FBYBJF
2026-03-11 02:42:49,716 - tools.amazon_playwright_extractor - INFO -    Trusting Amazon's search relevance for EAN 5053249247328
2026-03-11 02:42:49,716 - tools.amazon_playwright_extractor - INFO -    EAN will be extracted by Keepa during full product data extraction
2026-03-11 02:42:49,716 - tools.amazon_playwright_extractor - INFO - Single ASIN B0B5FBYBJF found for EAN 5053249247328.
2026-03-11 02:42:49,716 - tools.amazon_playwright_extractor - INFO - Proceeding with ASIN: B0B5FBYBJF for EAN: 5053249247328
2026-03-11 02:42:49,716 - tools.amazon_playwright_extractor - WARNING - No page object provided to extract_data for ASIN B0B5FBYBJF. Getting a new one from BrowserManager.
2026-03-11 02:42:49,716 - tools.amazon_playwright_extractor - INFO - Reusing existing page: https://www.amazon.co.uk/s?k=5053249247328&i=diy&ref=nb_sb_noss
2026-03-11 02:42:52,372 - tools.amazon_playwright_extractor - INFO - Checking for cookie consent pop-up...
2026-03-11 02:42:52,504 - tools.amazon_playwright_extractor - INFO - Finished checking for cookie consent pop-ups. If one was present and not handled, it might interfere.
2026-03-11 02:42:53,510 - tools.amazon_playwright_extractor - INFO - Checking for CAPTCHA...
2026-03-11 02:42:56,518 - tools.amazon_playwright_extractor - INFO - No CAPTCHA page detected by form selector.
2026-03-11 02:42:56,518 - tools.amazon_playwright_extractor - INFO - Checking for cookie consent pop-up...
2026-03-11 02:42:56,591 - tools.amazon_playwright_extractor - INFO - Finished checking for cookie consent pop-ups. If one was present and not handled, it might interfere.
2026-03-11 02:42:56,591 - tools.amazon_playwright_extractor - INFO - Page should be ready. Waiting 5s for stabilization...
2026-03-11 02:43:01,601 - tools.amazon_playwright_extractor - INFO - Waiting an additional 7s for extensions (Keepa, SellerAmp)...
2026-03-11 02:43:08,615 - tools.amazon_playwright_extractor - INFO - Extracting all product data for ASIN: B0B5FBYBJF
2026-03-11 02:43:08,615 - tools.amazon_playwright_extractor - INFO - Extracting basic product information (Title, Price, Images, Amazon Details)...
2026-03-11 02:43:08,649 - tools.amazon_playwright_extractor - INFO - Title found: 'Pack Of 3 Washing Up Dish Brushes Pot & Pan Cleaning Brush Nylon Strong Bristle Scrubbing Brush' via #productTitle
2026-03-11 02:43:08,649 - tools.amazon_playwright_extractor - INFO - Extracting price details...
2026-03-11 02:43:08,669 - tools.amazon_playwright_extractor - INFO - Current price: 5.1 via #corePrice_feature_div .a-offscreen
2026-03-11 02:43:08,727 - tools.amazon_playwright_extractor - INFO - Original price: 9.99 via span.a-price.a-text-price[data-a-strike='true'] span.a-offscreen
2026-03-11 02:43:08,815 - tools.amazon_playwright_extractor - INFO - Extracting image URLs...
2026-03-11 02:43:08,879 - tools.amazon_playwright_extractor - INFO - Main image: https://m.media-amazon.com/images/I/61GoX+oQivL._AC_SL1500_.jpg via #landingImage
2026-03-11 02:43:08,968 - tools.amazon_playwright_extractor - INFO - Found 5 thumbnails.
2026-03-11 02:43:08,975 - tools.amazon_playwright_extractor - INFO - Extracting Amazon product details section...
2026-03-11 02:43:09,352 - tools.amazon_playwright_extractor - INFO - Extracting sales rank information...
2026-03-11 02:43:09,508 - tools.amazon_playwright_extractor - INFO - Extracting ratings and reviews...
2026-03-11 02:43:09,534 - tools.amazon_playwright_extractor - INFO - Rating: 3.0 via #acrPopover[title*='out of 5 stars']
2026-03-11 02:43:09,562 - tools.amazon_playwright_extractor - INFO - Review count: 1 via #acrCustomerReviewText
2026-03-11 02:43:09,562 - tools.amazon_playwright_extractor - INFO - Extracting stock information...
2026-03-11 02:43:09,590 - tools.amazon_playwright_extractor - INFO - Availability text: 'In stock' via #availability span.a-size-medium.a-color-success
2026-03-11 02:43:09,590 - tools.amazon_playwright_extractor - INFO - Extracting features/bullets...
2026-03-11 02:43:09,673 - tools.amazon_playwright_extractor - INFO - Found 1 features.
2026-03-11 02:43:09,674 - tools.amazon_playwright_extractor - INFO - Extracting product description...
2026-03-11 02:43:09,694 - tools.amazon_playwright_extractor - INFO - Description found using selector: #productDescription
2026-03-11 02:43:09,695 - tools.amazon_playwright_extractor - INFO - Extracting product specifications table...
2026-03-11 02:43:10,361 - tools.amazon_playwright_extractor - INFO - Specifications table parsed using selector: table.a-keyvalue.prodDetTable
2026-03-11 02:43:10,361 - tools.amazon_playwright_extractor - INFO - Extracting SellerAmp data (if present)...
2026-03-11 02:43:10,361 - tools.amazon_playwright_extractor - INFO - SellerAmp data extraction is currently disabled as per requirements (Fix 2.3).
2026-03-11 02:43:10,361 - tools.amazon_playwright_extractor - INFO - Extracting Keepa data (if present)...
2026-03-11 02:43:10,361 - tools.amazon_playwright_extractor - INFO - Attempting to extract Keepa data...
2026-03-11 02:43:16,449 - tools.amazon_playwright_extractor - INFO - Keepa iframe found: iframe[id*='keepa']
2026-03-11 02:43:16,563 - tools.amazon_playwright_extractor - INFO - Keepa Sales Rank Details Table parsed.
2026-03-11 02:43:16,563 - tools.amazon_playwright_extractor - INFO - Keepa Graph AI Analysis is currently disabled as per requirements (Fix 2.4).
2026-03-11 02:43:16,600 - tools.amazon_playwright_extractor - INFO - Keepa Data tab found. Currently active: False
2026-03-11 02:43:16,600 - tools.amazon_playwright_extractor - INFO - Clicking Keepa 'Data' tab...
2026-03-11 02:43:18,871 - tools.amazon_playwright_extractor - INFO - Attempt 1/2: Waiting 12000ms for Product-Details wrapper...
2026-03-11 02:43:24,143 - tools.amazon_playwright_extractor - INFO - ? Product-Details wrapper appeared on attempt 1
2026-03-11 02:43:24,198 - tools.amazon_playwright_extractor - INFO - Parsing Keepa AG Grid for Product Details from: div#MoreTab1 div#grid-product-detail
2026-03-11 02:43:24,245 - tools.amazon_playwright_extractor - INFO - Primary attempt: Waiting 12 seconds for AG Grid rows to load...
2026-03-11 02:43:25,295 - tools.amazon_playwright_extractor - INFO - ? Primary attempt successful: 136 rows found
2026-03-11 02:43:25,309 - tools.amazon_playwright_extractor - INFO - Processing 136 rows in Keepa Product Details AG Grid.
2026-03-11 02:43:26,871 - tools.amazon_playwright_extractor - INFO - Found potential fee key 'FBA Pick&Pack Fee' with raw value: 'Ł 2.65' in Keepa AG Grid.
2026-03-11 02:43:27,012 - tools.amazon_playwright_extractor - INFO - Found potential fee key 'Referral Fee based on current Buy Box price' with raw value: 'Ł 0.66' in Keepa AG Grid.
2026-03-11 02:43:30,038 - tools.amazon_playwright_extractor - INFO - ? Successfully parsed 41 items from Keepa Product Details AG Grid.
2026-03-11 02:43:30,038 - tools.amazon_playwright_extractor - INFO - ASIN B0B5FBYBJF: Attempting to extract EANs from Keepa product_details_tab_data.
2026-03-11 02:43:30,038 - tools.amazon_playwright_extractor - INFO - ASIN B0B5FBYBJF: EAN '5053249247328' found in Keepa details via key 'Product Codes - EAN'.
2026-03-11 02:43:30,038 - tools.amazon_playwright_extractor - INFO - ASIN B0B5FBYBJF: BSR not found or invalid from page. Attempting fallback from Keepa.
2026-03-11 02:43:30,038 - tools.amazon_playwright_extractor - INFO - ASIN B0B5FBYBJF: BSR 91987 in 'Grocery 1.3' from Keepa SalesRankDetailsTable.
2026-03-11 02:43:30,038 - tools.amazon_playwright_extractor - INFO - \u2705 Recorded search method 'EAN' for ASIN B0B5FBYBJF
2026-03-11 02:43:30,038 - tools.amazon_playwright_extractor - INFO - Successfully extracted data for ASIN B0B5FBYBJF (EAN on page: 5053249247328)
2026-03-11 02:43:30,041 [INFO] WindowsSaveGuardian: ? ATOMIC SAVE: amazon_B0B5FBYBJF_5053249247328.json (33 entries) saved successfully
2026-03-11 02:43:30,041 - windows_save_guardian - INFO - ? ATOMIC SAVE: amazon_B0B5FBYBJF_5053249247328.json (33 entries) saved successfully
2026-03-11 02:43:30,044 [INFO] WindowsSaveGuardian: ? ATOMIC SAVE: linking_map.json (1 entries) saved successfully
2026-03-11 02:43:30,044 - windows_save_guardian - INFO - ? ATOMIC SAVE: linking_map.json (1 entries) saved successfully
2026-03-11 02:43:30,044 - __main__ - INFO - Linking map periodic flush: 1 entries
2026-03-11 02:43:30,049 [INFO] WindowsSaveGuardian: ? ATOMIC SAVE: poundwholesale_co_uk__sandbox__a7ce7aa2_processing_state.json (27 entries) saved successfully
2026-03-11 02:43:30,049 - windows_save_guardian - INFO - ? ATOMIC SAVE: poundwholesale_co_uk__sandbox__a7ce7aa2_processing_state.json (27 entries) saved successfully
2026-03-11 02:43:30,050 - utils.fixed_enhanced_state_manager - INFO -  ATOMIC SAVE
2026-03-11 02:43:30,050 - tools.amazon_playwright_extractor - INFO - Searching Amazon by EAN: 5052578615501 for supplier product: 'Bettina Dispensing Refillable Dish Sponge Scourer' (FixedAmazonExtractor)
2026-03-11 02:43:30,050 - tools.amazon_playwright_extractor - INFO - Navigating to Amazon UK to search for EAN: 5052578615501
