2026-02-14 09:34:56,296 - __main__ - WARNING - Ignoring supplier identity from products file; job sandbox is authoritative. job=angelwholesale.co.uk__sandbox__a8fa34a9 file=angelwholesale.co.uk
2026-02-14 09:34:56,296 - tools.amazon_playwright_extractor - WARNING - ?? BrowserCircuitBreaker not available - health management disabled
2026-02-14 09:34:56,296 - tools.amazon_playwright_extractor - INFO - AI features disabled in amazon_playwright_extractor - using only traditional selectors.
2026-02-14 09:34:56,296 - tools.amazon_playwright_extractor - INFO - Output directory set to: C:\Users\chris\Desktop\Amazon-FBA-Agent-System-v32 - latest good - Copy (8) - Copy - Copy - POSTLONGRUNPREKIRO2 beforecompletion-\OUTPUTS\CACHE\amazon_data
2026-02-14 09:34:56,297 - tools.amazon_playwright_extractor - WARNING - ?? BrowserManager not available, using legacy browser connection
2026-02-14 09:34:56,312 - tools.amazon_playwright_extractor - INFO - \U0001f527 FixedAmazonExtractor connecting via BrowserManager singleton
2026-02-14 09:34:56,314 - utils.browser_circuit_breaker - INFO - BrowserCircuitBreaker initialized: threshold=3, timeout=300s
2026-02-14 09:34:56,314 - utils.browser_manager - INFO - ?? BrowserManager singleton initialized with health management
2026-02-14 09:34:57,144 - utils.browser_manager - INFO - ?? Connecting to existing Chrome debug instance on port 9222
2026-02-14 09:34:57,144 - utils.browser_manager - INFO - ?? Per troubleshooting docs: Using existing Chrome debug only
2026-02-14 09:34:59,350 - utils.browser_manager - INFO - ? Chrome debug accessible on IPv4: Chrome/144.0.7559.133
2026-02-14 09:34:59,350 - utils.browser_manager - INFO - ?? Connecting to existing Chrome debug instance...
2026-02-14 09:35:01,370 - utils.browser_manager - INFO - ?? Using endpoint: http://localhost:9222
2026-02-14 09:35:01,481 - utils.browser_manager - INFO - ? Successfully connected to existing Chrome debug instance
2026-02-14 09:35:01,481 - utils.browser_manager - INFO - ?? Using existing context with 1 pages
2026-02-14 09:35:01,481 - utils.browser_manager - INFO - ?? Connected to existing Chrome: 144.0.7559.133
2026-02-14 09:35:01,481 - tools.amazon_playwright_extractor - INFO - \u2705 FixedAmazonExtractor connected via BrowserManager singleton
2026-02-14 09:35:01,481 - utils.browser_manager - INFO - ?? Reusing existing Chrome connection (port 9222)
2026-02-14 09:35:01,481 - utils.browser_manager - INFO - ?? Reusing existing page in persistent context.
2026-02-14 09:35:01,486 - utils.fixed_enhanced_state_manager - WARNING -  SAVE BLOCKED: Attempted to save state before startup completion
2026-02-14 09:35:01,486 - utils.fixed_enhanced_state_manager - INFO -  ATOMIC SAVE
2026-02-14 09:35:01,486 - utils.fixed_enhanced_state_manager - WARNING -  SAVE BLOCKED: Attempted to save state before startup completion
2026-02-14 09:35:01,486 - utils.fixed_enhanced_state_manager - INFO -  ATOMIC SAVE
2026-02-14 09:35:01,486 - tools.amazon_playwright_extractor - INFO - Searching Amazon by EAN: 5012866069058 for supplier product: '3pcs Mosaic Vehicles  by AtoZ Toys' (FixedAmazonExtractor)
2026-02-14 09:35:01,486 - tools.amazon_playwright_extractor - INFO - Navigating to Amazon UK to search for EAN: 5012866069058
2026-02-14 09:35:06,598 - tools.amazon_playwright_extractor - INFO - Waiting for search results page to load for EAN 5012866069058...
2026-02-14 09:35:06,650 - tools.amazon_playwright_extractor - INFO - Found search results container with selector: div.s-search-results
2026-02-14 09:35:07,320 - tools.amazon_playwright_extractor - INFO - Found 12 search result elements using selector: div[data-component-type='s-search-result']
2026-02-14 09:35:07,320 - tools.amazon_playwright_extractor - INFO - Processing 12 search result elements for EAN 5012866069058
2026-02-14 09:35:07,561 - tools.amazon_playwright_extractor - INFO - \U0001f4ca SPONSORED FILTERING RESULTS: 0 organic products, 12 sponsored products filtered out
2026-02-14 09:35:07,561 - tools.amazon_playwright_extractor - WARNING - EAN 5012866069058 returned no organic results - skipping
2026-02-14 09:35:07,562 - tools.amazon_playwright_extractor - WARNING - No Amazon results or error for EAN '5012866069058'. Details: no_organic_results
2026-02-14 09:35:07,562 - tools.amazon_playwright_extractor - INFO - Falling back to title search for supplier product: '3pcs Mosaic Vehicles  by AtoZ Toys'
2026-02-14 09:35:07,562 - tools.amazon_playwright_extractor - INFO - Searching Amazon by title using search bar: '3pcs Mosaic Vehicles  by AtoZ Toys'
2026-02-14 09:35:07,562 - tools.amazon_playwright_extractor - INFO - Navigating to Amazon UK to search for title: 3pcs Mosaic Vehicles  by AtoZ Toys
2026-02-14 09:35:12,754 - tools.amazon_playwright_extractor - INFO - Title search found 55 elements using selector: div.s-search-results > div[data-asin]
2026-02-14 09:35:12,833 - tools.amazon_playwright_extractor - WARNING - ASIN extraction failed: All 4 fallbacks exhausted
2026-02-14 09:35:13,077 - tools.amazon_playwright_extractor - INFO - \u2705 Title search: Selected first visible organic product - ASIN B0FDF3G22H
2026-02-14 09:35:13,077 - tools.amazon_playwright_extractor - INFO - \U0001f3af ASIN EXTRACTION SUCCESS: Found 1 ASINs for title search: '3pcs Mosaic Vehicles  by AtoZ Toys'
2026-02-14 09:35:13,077 - tools.amazon_playwright_extractor - INFO - Title search successful for '3pcs Mosaic Vehicles  by AtoZ Toys' after EAN '5012866069058' failed
2026-02-14 09:35:13,077 - tools.amazon_playwright_extractor - INFO - Extracting complete data for fallback ASIN B0FDF3G22H from title search
2026-02-14 09:35:13,077 - tools.amazon_playwright_extractor - WARNING - No page object provided to extract_data for ASIN B0FDF3G22H. Getting a new one from BrowserManager.
2026-02-14 09:35:13,077 - tools.amazon_playwright_extractor - INFO - Reusing existing page: https://www.amazon.co.uk/s?k=3pcs+Mosaic+Vehicles+by+AtoZ+Toys&ref=nb_sb_noss
2026-02-14 09:35:15,998 - tools.amazon_playwright_extractor - INFO - Checking for cookie consent pop-up...
2026-02-14 09:35:16,372 - tools.amazon_playwright_extractor - INFO - Finished checking for cookie consent pop-ups. If one was present and not handled, it might interfere.
2026-02-14 09:35:17,379 - tools.amazon_playwright_extractor - INFO - Checking for CAPTCHA...
2026-02-14 09:35:20,385 - tools.amazon_playwright_extractor - INFO - No CAPTCHA page detected by form selector.
2026-02-14 09:35:20,385 - tools.amazon_playwright_extractor - INFO - Checking for cookie consent pop-up...
2026-02-14 09:35:20,453 - tools.amazon_playwright_extractor - INFO - Finished checking for cookie consent pop-ups. If one was present and not handled, it might interfere.
2026-02-14 09:35:20,453 - tools.amazon_playwright_extractor - INFO - Page should be ready. Waiting 5s for stabilization...
2026-02-14 09:35:25,453 - tools.amazon_playwright_extractor - INFO - Waiting an additional 7s for extensions (Keepa, SellerAmp)...
2026-02-14 09:35:32,460 - tools.amazon_playwright_extractor - INFO - Extracting all product data for ASIN: B0FDF3G22H
2026-02-14 09:35:32,460 - tools.amazon_playwright_extractor - INFO - Extracting basic product information (Title, Price, Images, Amazon Details)...
2026-02-14 09:35:32,493 - tools.amazon_playwright_extractor - INFO - Title found: '8 Pcs 3D Mosaic Stickers Set Toy for Kids Adults,Fun DIY 3D Vehicles Theme Stickers with Tweezers,Sticky Crafts Activities Travel Toy for Aged 3 Years+ (Vehicles)' via #productTitle
2026-02-14 09:35:32,493 - tools.amazon_playwright_extractor - INFO - Extracting price details...
2026-02-14 09:35:32,514 - tools.amazon_playwright_extractor - INFO - Current price: 9.99 via #corePrice_feature_div .a-offscreen
2026-02-14 09:35:32,665 - tools.amazon_playwright_extractor - INFO - Original price: 14.99 via span.a-price.a-text-price[data-a-strike='true'] span.a-offscreen
2026-02-14 09:35:32,749 - tools.amazon_playwright_extractor - INFO - Extracting image URLs...
2026-02-14 09:35:32,796 - tools.amazon_playwright_extractor - INFO - Main image: https://m.media-amazon.com/images/I/61YfVUfUpiL._AC_SX679_.jpg via #landingImage
2026-02-14 09:35:32,911 - tools.amazon_playwright_extractor - INFO - Found 7 thumbnails.
2026-02-14 09:35:32,917 - tools.amazon_playwright_extractor - INFO - Extracting Amazon product details section...
2026-02-14 09:35:33,038 - tools.amazon_playwright_extractor - INFO - Extracting sales rank information...
2026-02-14 09:35:33,239 - tools.amazon_playwright_extractor - INFO - Extracting ratings and reviews...
2026-02-14 09:35:33,320 - tools.amazon_playwright_extractor - INFO - Rating: 4.6 via i[class*='a-icon-star'] span.a-icon-alt
2026-02-14 09:35:33,358 - tools.amazon_playwright_extractor - INFO - Extracting stock information...
2026-02-14 09:35:33,378 - tools.amazon_playwright_extractor - INFO - Availability text: 'In stock' via #availability span.a-size-medium.a-color-success
2026-02-14 09:35:33,378 - tools.amazon_playwright_extractor - INFO - Extracting features/bullets...
2026-02-14 09:35:33,626 - tools.amazon_playwright_extractor - INFO - Found 5 features.
2026-02-14 09:35:33,626 - tools.amazon_playwright_extractor - INFO - Extracting product description...
2026-02-14 09:35:33,723 - tools.amazon_playwright_extractor - INFO - Extracting product specifications table...
2026-02-14 09:35:34,014 - tools.amazon_playwright_extractor - INFO - Specifications table parsed using selector: table.a-keyvalue.prodDetTable
2026-02-14 09:35:34,014 - tools.amazon_playwright_extractor - INFO - Extracting SellerAmp data (if present)...
2026-02-14 09:35:34,014 - tools.amazon_playwright_extractor - INFO - SellerAmp data extraction is currently disabled as per requirements (Fix 2.3).
2026-02-14 09:35:34,014 - tools.amazon_playwright_extractor - INFO - Extracting Keepa data (if present)...
2026-02-14 09:35:34,014 - tools.amazon_playwright_extractor - INFO - Attempting to extract Keepa data...
2026-02-14 09:35:40,089 - tools.amazon_playwright_extractor - INFO - Keepa iframe found: iframe[id*='keepa']
2026-02-14 09:35:40,186 - tools.amazon_playwright_extractor - INFO - Keepa Sales Rank Details Table parsed.
2026-02-14 09:35:40,186 - tools.amazon_playwright_extractor - INFO - Keepa Graph AI Analysis is currently disabled as per requirements (Fix 2.4).
2026-02-14 09:35:40,215 - tools.amazon_playwright_extractor - INFO - Keepa Data tab found. Currently active: False
2026-02-14 09:35:40,215 - tools.amazon_playwright_extractor - INFO - Clicking Keepa 'Data' tab...
2026-02-14 09:35:42,656 - tools.amazon_playwright_extractor - INFO - Attempt 1/2: Waiting 12000ms for Product-Details wrapper...
2026-02-14 09:35:42,682 - tools.amazon_playwright_extractor - INFO - ? Product-Details wrapper appeared on attempt 1
2026-02-14 09:35:42,739 - tools.amazon_playwright_extractor - INFO - Parsing Keepa AG Grid for Product Details from: div#MoreTab1 div#grid-product-detail
2026-02-14 09:35:42,784 - tools.amazon_playwright_extractor - INFO - Primary attempt: Waiting 12 seconds for AG Grid rows to load...
2026-02-14 09:35:43,824 - tools.amazon_playwright_extractor - INFO - ? Primary attempt successful: 142 rows found
2026-02-14 09:35:43,837 - tools.amazon_playwright_extractor - INFO - Processing 142 rows in Keepa Product Details AG Grid.
2026-02-14 09:35:45,320 - tools.amazon_playwright_extractor - INFO - Found potential fee key 'FBA Pick&Pack Fee' with raw value: 'Ł 1.70' in Keepa AG Grid.
2026-02-14 09:35:45,447 - tools.amazon_playwright_extractor - INFO - Found potential fee key 'Referral Fee based on current Buy Box price' with raw value: 'Ł 0.80' in Keepa AG Grid.
2026-02-14 09:35:48,353 - tools.amazon_playwright_extractor - INFO - ? Successfully parsed 40 items from Keepa Product Details AG Grid.
2026-02-14 09:35:48,353 - tools.amazon_playwright_extractor - INFO - ASIN B0FDF3G22H: Attempting to extract EANs from Keepa product_details_tab_data.
2026-02-14 09:35:48,354 - tools.amazon_playwright_extractor - INFO - ASIN B0FDF3G22H: EAN '8901606314022' found in Keepa details via key 'Product Codes - EAN'.
2026-02-14 09:35:48,354 - tools.amazon_playwright_extractor - INFO - ASIN B0FDF3G22H: BSR not found or invalid from page. Attempting fallback from Keepa.
2026-02-14 09:35:48,354 - tools.amazon_playwright_extractor - INFO - ASIN B0FDF3G22H: BSR 309290 in 'Toys & Games 1.0' from Keepa SalesRankDetailsTable.
2026-02-14 09:35:48,359 [INFO] WindowsSaveGuardian: ? ATOMIC SAVE: amazon_B0FDF3G22H_5012866069058.json (29 entries) saved successfully
2026-02-14 09:35:48,359 - windows_save_guardian - INFO - ? ATOMIC SAVE: amazon_B0FDF3G22H_5012866069058.json (29 entries) saved successfully
2026-02-14 09:35:48,367 [INFO] WindowsSaveGuardian: ? ATOMIC SAVE: linking_map.json (1 entries) saved successfully
2026-02-14 09:35:48,367 - windows_save_guardian - INFO - ? ATOMIC SAVE: linking_map.json (1 entries) saved successfully
2026-02-14 09:35:48,367 - __main__ - INFO - Linking map periodic flush: 1 entries
2026-02-14 09:35:48,367 - utils.fixed_enhanced_state_manager - WARNING -  SAVE BLOCKED: Attempted to save state before startup completion
2026-02-14 09:35:48,367 - utils.fixed_enhanced_state_manager - INFO -  ATOMIC SAVE
2026-02-14 09:35:48,367 - tools.amazon_playwright_extractor - INFO - Searching Amazon by EAN: 5012866625032 for supplier product: 'Abc Train Set Med  by AtoZ Toys' (FixedAmazonExtractor)
2026-02-14 09:35:48,367 - tools.amazon_playwright_extractor - INFO - Navigating to Amazon UK to search for EAN: 5012866625032
2026-02-14 09:35:52,026 - tools.amazon_playwright_extractor - INFO - Waiting for search results page to load for EAN 5012866625032...
2026-02-14 09:35:52,088 - tools.amazon_playwright_extractor - INFO - Found search results container with selector: div.s-search-results
2026-02-14 09:35:52,722 - tools.amazon_playwright_extractor - INFO - Found 6 search result elements using selector: div[data-component-type='s-search-result']
2026-02-14 09:35:52,722 - tools.amazon_playwright_extractor - INFO - Processing 6 search result elements for EAN 5012866625032
2026-02-14 09:35:52,853 - tools.amazon_playwright_extractor - INFO - \U0001f4ca SPONSORED FILTERING RESULTS: 0 organic products, 6 sponsored products filtered out
2026-02-14 09:35:52,853 - tools.amazon_playwright_extractor - WARNING - EAN 5012866625032 returned no organic results - skipping
2026-02-14 09:35:52,853 - tools.amazon_playwright_extractor - WARNING - No Amazon results or error for EAN '5012866625032'. Details: no_organic_results
2026-02-14 09:35:52,853 - tools.amazon_playwright_extractor - INFO - Falling back to title search for supplier product: 'Abc Train Set Med  by AtoZ Toys'
2026-02-14 09:35:52,853 - tools.amazon_playwright_extractor - INFO - Searching Amazon by title using search bar: 'Abc Train Set Med  by AtoZ Toys'
2026-02-14 09:35:52,853 - tools.amazon_playwright_extractor - INFO - Navigating to Amazon UK to search for title: Abc Train Set Med  by AtoZ Toys
2026-02-14 09:35:57,613 - tools.amazon_playwright_extractor - INFO - Title search found 71 elements using selector: div.s-search-results > div[data-asin]
2026-02-14 09:35:57,846 - tools.amazon_playwright_extractor - WARNING - ASIN extraction failed: All 4 fallbacks exhausted
2026-02-14 09:35:58,212 - tools.amazon_playwright_extractor - INFO - \u2705 Title search: Selected first visible organic product - ASIN B01IWX5EVQ
2026-02-14 09:35:58,212 - tools.amazon_playwright_extractor - INFO - \U0001f3af ASIN EXTRACTION SUCCESS: Found 1 ASINs for title search: 'Abc Train Set Med  by AtoZ Toys'
2026-02-14 09:35:58,212 - tools.amazon_playwright_extractor - INFO - Title search successful for 'Abc Train Set Med  by AtoZ Toys' after EAN '5012866625032' failed
2026-02-14 09:35:58,212 - tools.amazon_playwright_extractor - INFO - Extracting complete data for fallback ASIN B01IWX5EVQ from title search
2026-02-14 09:35:58,212 - tools.amazon_playwright_extractor - WARNING - No page object provided to extract_data for ASIN B01IWX5EVQ. Getting a new one from BrowserManager.
2026-02-14 09:35:58,212 - tools.amazon_playwright_extractor - INFO - Reusing existing page: https://www.amazon.co.uk/s?k=Abc+Train+Set+Med+by+AtoZ+Toys&ref=nb_sb_noss
2026-02-14 09:36:00,737 - tools.amazon_playwright_extractor - INFO - Checking for cookie consent pop-up...
2026-02-14 09:36:01,076 - tools.amazon_playwright_extractor - INFO - Finished checking for cookie consent pop-ups. If one was present and not handled, it might interfere.
2026-02-14 09:36:02,080 - tools.amazon_playwright_extractor - INFO - Checking for CAPTCHA...
2026-02-14 09:36:05,095 - tools.amazon_playwright_extractor - INFO - No CAPTCHA page detected by form selector.
2026-02-14 09:36:05,095 - tools.amazon_playwright_extractor - INFO - Checking for cookie consent pop-up...
2026-02-14 09:36:05,154 - tools.amazon_playwright_extractor - INFO - Finished checking for cookie consent pop-ups. If one was present and not handled, it might interfere.
2026-02-14 09:36:05,154 - tools.amazon_playwright_extractor - INFO - Page should be ready. Waiting 5s for stabilization...
2026-02-14 09:36:10,166 - tools.amazon_playwright_extractor - INFO - Waiting an additional 7s for extensions (Keepa, SellerAmp)...
2026-02-14 09:36:17,172 - tools.amazon_playwright_extractor - INFO - Extracting all product data for ASIN: B01IWX5EVQ
2026-02-14 09:36:17,172 - tools.amazon_playwright_extractor - INFO - Extracting basic product information (Title, Price, Images, Amazon Details)...
2026-02-14 09:36:17,199 - tools.amazon_playwright_extractor - INFO - Title found: 'MEGA BLOKS First Builders Toddler Building Blocks Toy Set, ABC Learning Train with 60 Pieces, Ages 1+ Years, DXH35' via #productTitle
2026-02-14 09:36:17,199 - tools.amazon_playwright_extractor - INFO - Extracting price details...
2026-02-14 09:36:17,219 - tools.amazon_playwright_extractor - INFO - Current price: 7.99 via #corePrice_feature_div .a-offscreen
2026-02-14 09:36:17,277 - tools.amazon_playwright_extractor - INFO - Original price: 17.99 via span.a-price.a-text-price[data-a-strike='true'] span.a-offscreen
2026-02-14 09:36:17,322 - tools.amazon_playwright_extractor - INFO - Extracting image URLs...
2026-02-14 09:36:17,363 - tools.amazon_playwright_extractor - INFO - Main image: https://m.media-amazon.com/images/I/81C8zMI0isL._AC_SL1500_.jpg via #landingImage
2026-02-14 09:36:17,449 - tools.amazon_playwright_extractor - INFO - Found 7 thumbnails.
2026-02-14 09:36:17,454 - tools.amazon_playwright_extractor - INFO - Extracting Amazon product details section...
2026-02-14 09:36:17,548 - tools.amazon_playwright_extractor - INFO - Extracting sales rank information...
2026-02-14 09:36:17,712 - tools.amazon_playwright_extractor - INFO - Extracting ratings and reviews...
2026-02-14 09:36:17,747 - tools.amazon_playwright_extractor - INFO - Rating: 4.7 via #acrPopover[title*='out of 5 stars']
2026-02-14 09:36:17,771 - tools.amazon_playwright_extractor - INFO - Review count: 5926 via #acrCustomerReviewText
2026-02-14 09:36:17,772 - tools.amazon_playwright_extractor - INFO - Extracting stock information...
2026-02-14 09:36:17,797 - tools.amazon_playwright_extractor - INFO - Availability text: 'In stock' via #availability span.a-size-medium.a-color-success
2026-02-14 09:36:17,797 - tools.amazon_playwright_extractor - INFO - Extracting features/bullets...
2026-02-14 09:36:18,141 - tools.amazon_playwright_extractor - INFO - Found 5 features.
2026-02-14 09:36:18,141 - tools.amazon_playwright_extractor - INFO - Extracting product description...
2026-02-14 09:36:18,227 - tools.amazon_playwright_extractor - INFO - Description found using selector: #aplus_feature_div
2026-02-14 09:36:18,228 - tools.amazon_playwright_extractor - INFO - Extracting product specifications table...
2026-02-14 09:36:19,376 - tools.amazon_playwright_extractor - INFO - Specifications table parsed using selector: table.a-keyvalue.prodDetTable
2026-02-14 09:36:19,376 - tools.amazon_playwright_extractor - INFO - Extracting SellerAmp data (if present)...
2026-02-14 09:36:19,376 - tools.amazon_playwright_extractor - INFO - SellerAmp data extraction is currently disabled as per requirements (Fix 2.3).
2026-02-14 09:36:19,376 - tools.amazon_playwright_extractor - INFO - Extracting Keepa data (if present)...
2026-02-14 09:36:19,376 - tools.amazon_playwright_extractor - INFO - Attempting to extract Keepa data...
2026-02-14 09:36:25,471 - tools.amazon_playwright_extractor - INFO - Keepa iframe found: iframe[id*='keepa']
2026-02-14 09:36:25,584 - tools.amazon_playwright_extractor - INFO - Keepa Sales Rank Details Table parsed.
2026-02-14 09:36:25,584 - tools.amazon_playwright_extractor - INFO - Keepa Graph AI Analysis is currently disabled as per requirements (Fix 2.4).
2026-02-14 09:36:25,617 - tools.amazon_playwright_extractor - INFO - Keepa Data tab found. Currently active: False
2026-02-14 09:36:25,617 - tools.amazon_playwright_extractor - INFO - Clicking Keepa 'Data' tab...
2026-02-14 09:36:27,965 - tools.amazon_playwright_extractor - INFO - Attempt 1/2: Waiting 12000ms for Product-Details wrapper...
2026-02-14 09:36:36,151 - tools.amazon_playwright_extractor - INFO - ? Product-Details wrapper appeared on attempt 1
2026-02-14 09:36:36,169 - tools.amazon_playwright_extractor - WARNING - Product-Details tab visible, but inner grid still not ready – extending wait with retry logic.
2026-02-14 09:36:36,169 - tools.amazon_playwright_extractor - INFO - Grid attempt 1/3: Waiting 15000ms for grid container...
2026-02-14 09:36:36,425 - tools.amazon_playwright_extractor - INFO - ? Grid became visible after attempt 1 – continuing.
2026-02-14 09:36:36,466 - tools.amazon_playwright_extractor - INFO - Parsing Keepa AG Grid for Product Details from: div#MoreTab1 div#grid-product-detail
2026-02-14 09:36:36,512 - tools.amazon_playwright_extractor - INFO - Primary attempt: Waiting 12 seconds for AG Grid rows to load...
2026-02-14 09:36:37,565 - tools.amazon_playwright_extractor - INFO - ? Primary attempt successful: 184 rows found
2026-02-14 09:36:37,582 - tools.amazon_playwright_extractor - INFO - Processing 184 rows in Keepa Product Details AG Grid.
2026-02-14 09:36:39,441 - tools.amazon_playwright_extractor - INFO - Found potential fee key 'FBA Pick&Pack Fee' with raw value: 'Ł 3.49' in Keepa AG Grid.
2026-02-14 09:36:39,572 - tools.amazon_playwright_extractor - INFO - Found potential fee key 'Referral Fee based on current Buy Box price' with raw value: 'Ł 1.20' in Keepa AG Grid.
2026-02-14 09:36:43,513 - tools.amazon_playwright_extractor - INFO - ? Successfully parsed 55 items from Keepa Product Details AG Grid.
2026-02-14 09:36:43,513 - tools.amazon_playwright_extractor - INFO - ASIN B01IWX5EVQ: Attempting to extract EANs from Keepa product_details_tab_data.
2026-02-14 09:36:43,513 - tools.amazon_playwright_extractor - INFO - ASIN B01IWX5EVQ: EAN '0887961397123' found in Keepa details via key 'Product Codes - EAN'.
2026-02-14 09:36:43,513 - tools.amazon_playwright_extractor - INFO - ASIN B01IWX5EVQ: BSR not found or invalid from page. Attempting fallback from Keepa.
2026-02-14 09:36:43,513 - tools.amazon_playwright_extractor - INFO - ASIN B01IWX5EVQ: BSR 331 in 'Toys & Games 34' from Keepa SalesRankDetailsTable.
2026-02-14 09:36:43,517 [INFO] WindowsSaveGuardian: ? ATOMIC SAVE: amazon_B01IWX5EVQ_5012866625032.json (29 entries) saved successfully
2026-02-14 09:36:43,517 - windows_save_guardian - INFO - ? ATOMIC SAVE: amazon_B01IWX5EVQ_5012866625032.json (29 entries) saved successfully
2026-02-14 09:36:43,520 [INFO] WindowsSaveGuardian: ? ATOMIC SAVE: linking_map.json (2 entries) saved successfully
2026-02-14 09:36:43,520 - windows_save_guardian - INFO - ? ATOMIC SAVE: linking_map.json (2 entries) saved successfully
2026-02-14 09:36:43,520 - __main__ - INFO - Linking map periodic flush: 2 entries
2026-02-14 09:36:43,520 - utils.fixed_enhanced_state_manager - WARNING -  SAVE BLOCKED: Attempted to save state before startup completion
2026-02-14 09:36:43,520 - utils.fixed_enhanced_state_manager - INFO -  ATOMIC SAVE
2026-02-14 09:36:43,520 - utils.fixed_enhanced_state_manager - WARNING -  SAVE BLOCKED: Attempted to save state before startup completion
2026-02-14 09:36:43,520 - utils.fixed_enhanced_state_manager - INFO -  ATOMIC SAVE
2026-02-14 09:36:43,521 - tools.amazon_playwright_extractor - INFO - Searching Amazon by EAN: 5055499001200 for supplier product: 'Muslinz 6pk Green Quality Muslin Squares 100% Cotton' (FixedAmazonExtractor)
2026-02-14 09:36:43,521 - tools.amazon_playwright_extractor - INFO - Navigating to Amazon UK to search for EAN: 5055499001200
2026-02-14 09:36:47,414 - tools.amazon_playwright_extractor - INFO - Waiting for search results page to load for EAN 5055499001200...
2026-02-14 09:36:47,457 - tools.amazon_playwright_extractor - INFO - Found search results container with selector: div.s-search-results
2026-02-14 09:36:48,099 - tools.amazon_playwright_extractor - INFO - Found 7 search result elements using selector: div[data-component-type='s-search-result']
2026-02-14 09:36:48,099 - tools.amazon_playwright_extractor - INFO - Processing 7 search result elements for EAN 5055499001200
2026-02-14 09:36:48,288 - tools.amazon_playwright_extractor - INFO - Found organic result: ASIN B00DIB9O2I - MuslinZ Muslin Cloths for Baby - Baby Burp Cloths - 6 Pack M...
2026-02-14 09:36:48,343 - tools.amazon_playwright_extractor - INFO - \U0001f4ca SPONSORED FILTERING RESULTS: 1 organic products, 6 sponsored products filtered out
2026-02-14 09:36:48,344 - tools.amazon_playwright_extractor - INFO - \u2705 EAN SEARCH: Selected first organic result - ASIN B00DIB9O2I
2026-02-14 09:36:48,344 - tools.amazon_playwright_extractor - INFO -    Trusting Amazon's search relevance for EAN 5055499001200
2026-02-14 09:36:48,344 - tools.amazon_playwright_extractor - INFO -    EAN will be extracted by Keepa during full product data extraction
2026-02-14 09:36:48,344 - tools.amazon_playwright_extractor - INFO - Single ASIN B00DIB9O2I found for EAN 5055499001200.
2026-02-14 09:36:48,344 - tools.amazon_playwright_extractor - INFO - Proceeding with ASIN: B00DIB9O2I for EAN: 5055499001200
2026-02-14 09:36:48,344 - tools.amazon_playwright_extractor - WARNING - No page object provided to extract_data for ASIN B00DIB9O2I. Getting a new one from BrowserManager.
2026-02-14 09:36:48,344 - tools.amazon_playwright_extractor - INFO - Reusing existing page: https://www.amazon.co.uk/s?k=5055499001200&ref=nb_sb_noss
2026-02-14 09:36:51,053 - tools.amazon_playwright_extractor - INFO - Checking for cookie consent pop-up...
2026-02-14 09:36:51,529 - tools.amazon_playwright_extractor - INFO - Finished checking for cookie consent pop-ups. If one was present and not handled, it might interfere.
2026-02-14 09:36:52,530 - tools.amazon_playwright_extractor - INFO - Checking for CAPTCHA...
2026-02-14 09:36:55,537 - tools.amazon_playwright_extractor - INFO - No CAPTCHA page detected by form selector.
2026-02-14 09:36:55,537 - tools.amazon_playwright_extractor - INFO - Checking for cookie consent pop-up...
2026-02-14 09:36:55,617 - tools.amazon_playwright_extractor - INFO - Finished checking for cookie consent pop-ups. If one was present and not handled, it might interfere.
2026-02-14 09:36:55,617 - tools.amazon_playwright_extractor - INFO - Page should be ready. Waiting 5s for stabilization...
2026-02-14 09:37:00,619 - tools.amazon_playwright_extractor - INFO - Waiting an additional 7s for extensions (Keepa, SellerAmp)...
2026-02-14 09:37:07,628 - tools.amazon_playwright_extractor - INFO - Extracting all product data for ASIN: B00DIB9O2I
2026-02-14 09:37:07,629 - tools.amazon_playwright_extractor - INFO - Extracting basic product information (Title, Price, Images, Amazon Details)...
2026-02-14 09:37:07,672 - tools.amazon_playwright_extractor - INFO - Title found: 'MuslinZ Muslin Cloths for Baby - Baby Burp Cloths - 6 Pack Muslin Squares - Large 70x70cm - Pure Cotton - Soft, Absorbent & Breathable - Multi Use Newborn Cloths - UK Brand (Blue)' via #productTitle
2026-02-14 09:37:07,672 - tools.amazon_playwright_extractor - INFO - Extracting price details...
2026-02-14 09:37:07,697 - tools.amazon_playwright_extractor - INFO - Current price: 13.99 via #corePrice_feature_div .a-offscreen
2026-02-14 09:37:07,746 - tools.amazon_playwright_extractor - INFO - Original price: 15.99 via .basisPrice span.a-text-price span.a-offscreen
2026-02-14 09:37:07,812 - tools.amazon_playwright_extractor - INFO - Extracting image URLs...
2026-02-14 09:37:07,855 - tools.amazon_playwright_extractor - INFO - Main image: https://m.media-amazon.com/images/I/81aVgxLwwOL._AC_SL1500_.jpg via #landingImage
2026-02-14 09:37:07,966 - tools.amazon_playwright_extractor - INFO - Found 7 thumbnails.
2026-02-14 09:37:07,974 - tools.amazon_playwright_extractor - INFO - Extracting Amazon product details section...
2026-02-14 09:37:08,180 - tools.amazon_playwright_extractor - INFO - Extracting sales rank information...
2026-02-14 09:37:08,478 - tools.amazon_playwright_extractor - INFO - Extracting ratings and reviews...
2026-02-14 09:37:08,504 - tools.amazon_playwright_extractor - INFO - Rating: 4.8 via #acrPopover[title*='out of 5 stars']
2026-02-14 09:37:08,531 - tools.amazon_playwright_extractor - INFO - Review count: 2391 via #acrCustomerReviewText
2026-02-14 09:37:08,532 - tools.amazon_playwright_extractor - INFO - Extracting stock information...
2026-02-14 09:37:08,558 - tools.amazon_playwright_extractor - INFO - Availability text: 'In stock' via #availability span.a-size-medium.a-color-success
2026-02-14 09:37:08,558 - tools.amazon_playwright_extractor - INFO - Extracting features/bullets...
2026-02-14 09:37:08,833 - tools.amazon_playwright_extractor - INFO - Found 5 features.
2026-02-14 09:37:08,834 - tools.amazon_playwright_extractor - INFO - Extracting product description...
2026-02-14 09:37:08,889 - tools.amazon_playwright_extractor - INFO - Description found using selector: #aplus_feature_div
2026-02-14 09:37:08,889 - tools.amazon_playwright_extractor - INFO - Extracting product specifications table...
2026-02-14 09:37:09,466 - tools.amazon_playwright_extractor - INFO - Specifications table parsed using selector: table.a-keyvalue.prodDetTable
2026-02-14 09:37:09,466 - tools.amazon_playwright_extractor - INFO - Extracting SellerAmp data (if present)...
2026-02-14 09:37:09,466 - tools.amazon_playwright_extractor - INFO - SellerAmp data extraction is currently disabled as per requirements (Fix 2.3).
2026-02-14 09:37:09,466 - tools.amazon_playwright_extractor - INFO - Extracting Keepa data (if present)...
2026-02-14 09:37:09,466 - tools.amazon_playwright_extractor - INFO - Attempting to extract Keepa data...
2026-02-14 09:37:15,562 - tools.amazon_playwright_extractor - INFO - Keepa iframe found: iframe[id*='keepa']
2026-02-14 09:37:15,675 - tools.amazon_playwright_extractor - INFO - Keepa Sales Rank Details Table parsed.
2026-02-14 09:37:15,675 - tools.amazon_playwright_extractor - INFO - Keepa Graph AI Analysis is currently disabled as per requirements (Fix 2.4).
2026-02-14 09:37:15,711 - tools.amazon_playwright_extractor - INFO - Keepa Data tab found. Currently active: False
2026-02-14 09:37:15,711 - tools.amazon_playwright_extractor - INFO - Clicking Keepa 'Data' tab...
2026-02-14 09:37:18,163 - tools.amazon_playwright_extractor - INFO - Attempt 1/2: Waiting 12000ms for Product-Details wrapper...
2026-02-14 09:37:18,184 - tools.amazon_playwright_extractor - INFO - ? Product-Details wrapper appeared on attempt 1
2026-02-14 09:37:18,232 - tools.amazon_playwright_extractor - INFO - Parsing Keepa AG Grid for Product Details from: div#MoreTab1 div#grid-product-detail
2026-02-14 09:37:18,280 - tools.amazon_playwright_extractor - INFO - Primary attempt: Waiting 12 seconds for AG Grid rows to load...
2026-02-14 09:37:19,330 - tools.amazon_playwright_extractor - INFO - ? Primary attempt successful: 175 rows found
2026-02-14 09:37:19,348 - tools.amazon_playwright_extractor - INFO - Processing 175 rows in Keepa Product Details AG Grid.
2026-02-14 09:37:21,092 - tools.amazon_playwright_extractor - INFO - Found potential fee key 'FBA Pick&Pack Fee' with raw value: 'Ł 2.61' in Keepa AG Grid.
2026-02-14 09:37:21,257 - tools.amazon_playwright_extractor - INFO - Found potential fee key 'Referral Fee based on current Buy Box price' with raw value: 'Ł 2.10' in Keepa AG Grid.
2026-02-14 09:37:25,107 - tools.amazon_playwright_extractor - INFO - ? Successfully parsed 53 items from Keepa Product Details AG Grid.
2026-02-14 09:37:25,107 - tools.amazon_playwright_extractor - INFO - ASIN B00DIB9O2I: Attempting to extract EANs from Keepa product_details_tab_data.
2026-02-14 09:37:25,107 - tools.amazon_playwright_extractor - INFO - ASIN B00DIB9O2I: EAN '5055499001200' found in Keepa details via key 'Product Codes - EAN'.
2026-02-14 09:37:25,107 - tools.amazon_playwright_extractor - INFO - ASIN B00DIB9O2I: BSR not found or invalid from page. Attempting fallback from Keepa.
2026-02-14 09:37:25,108 - tools.amazon_playwright_extractor - INFO - ASIN B00DIB9O2I: BSR 2641 in 'Baby Products 6' from Keepa SalesRankDetailsTable.
2026-02-14 09:37:25,108 - tools.amazon_playwright_extractor - INFO - \u2705 Recorded search method 'EAN' for ASIN B00DIB9O2I
2026-02-14 09:37:25,108 - tools.amazon_playwright_extractor - INFO - Successfully extracted data for ASIN B00DIB9O2I (EAN on page: 5055499001200)
2026-02-14 09:37:25,115 [INFO] WindowsSaveGuardian: ? ATOMIC SAVE: amazon_B00DIB9O2I_5055499001200.json (31 entries) saved successfully
2026-02-14 09:37:25,115 - windows_save_guardian - INFO - ? ATOMIC SAVE: amazon_B00DIB9O2I_5055499001200.json (31 entries) saved successfully
2026-02-14 09:37:25,119 [INFO] WindowsSaveGuardian: ? ATOMIC SAVE: linking_map.json (3 entries) saved successfully
2026-02-14 09:37:25,119 - windows_save_guardian - INFO - ? ATOMIC SAVE: linking_map.json (3 entries) saved successfully
2026-02-14 09:37:25,119 - __main__ - INFO - Linking map periodic flush: 3 entries
2026-02-14 09:37:25,120 - utils.fixed_enhanced_state_manager - WARNING -  SAVE BLOCKED: Attempted to save state before startup completion
2026-02-14 09:37:25,120 - utils.fixed_enhanced_state_manager - INFO -  ATOMIC SAVE
2026-02-14 09:37:25,120 - tools.amazon_playwright_extractor - INFO - Searching Amazon by EAN: 5015302105747 for supplier product: 'Silicone Teats Medium Flow 2 Pack by First Steps' (FixedAmazonExtractor)
2026-02-14 09:37:25,120 - tools.amazon_playwright_extractor - INFO - Navigating to Amazon UK to search for EAN: 5015302105747
2026-02-14 09:37:29,049 - tools.amazon_playwright_extractor - INFO - Waiting for search results page to load for EAN 5015302105747...
2026-02-14 09:37:29,109 - tools.amazon_playwright_extractor - INFO - Found search results container with selector: div.s-search-results
2026-02-14 09:37:29,742 - tools.amazon_playwright_extractor - INFO - Found 5 search result elements using selector: div[data-component-type='s-search-result']
2026-02-14 09:37:29,742 - tools.amazon_playwright_extractor - INFO - Processing 5 search result elements for EAN 5015302105747
2026-02-14 09:37:29,831 - tools.amazon_playwright_extractor - INFO - Found organic result: ASIN B094JVKC6G - RSW 2 in 1 Baby Bottle and Teat Brush, 2 Brushes in 1, Ideal...
2026-02-14 09:37:29,917 - tools.amazon_playwright_extractor - INFO - \U0001f4ca SPONSORED FILTERING RESULTS: 1 organic products, 4 sponsored products filtered out
2026-02-14 09:37:29,917 - tools.amazon_playwright_extractor - INFO - \u2705 EAN SEARCH: Selected first organic result - ASIN B094JVKC6G
2026-02-14 09:37:29,917 - tools.amazon_playwright_extractor - INFO -    Trusting Amazon's search relevance for EAN 5015302105747
2026-02-14 09:37:29,917 - tools.amazon_playwright_extractor - INFO -    EAN will be extracted by Keepa during full product data extraction
2026-02-14 09:37:29,917 - tools.amazon_playwright_extractor - INFO - Single ASIN B094JVKC6G found for EAN 5015302105747.
2026-02-14 09:37:29,917 - tools.amazon_playwright_extractor - INFO - Proceeding with ASIN: B094JVKC6G for EAN: 5015302105747
2026-02-14 09:37:29,917 - tools.amazon_playwright_extractor - WARNING - No page object provided to extract_data for ASIN B094JVKC6G. Getting a new one from BrowserManager.
2026-02-14 09:37:29,917 - tools.amazon_playwright_extractor - INFO - Reusing existing page: https://www.amazon.co.uk/s?k=5015302105747&ref=nb_sb_noss
2026-02-14 09:37:32,480 - tools.amazon_playwright_extractor - INFO - Checking for cookie consent pop-up...
2026-02-14 09:37:32,709 - tools.amazon_playwright_extractor - INFO - Finished checking for cookie consent pop-ups. If one was present and not handled, it might interfere.
2026-02-14 09:37:33,723 - tools.amazon_playwright_extractor - INFO - Checking for CAPTCHA...
2026-02-14 09:37:36,731 - tools.amazon_playwright_extractor - INFO - No CAPTCHA page detected by form selector.
2026-02-14 09:37:36,731 - tools.amazon_playwright_extractor - INFO - Checking for cookie consent pop-up...
2026-02-14 09:37:36,799 - tools.amazon_playwright_extractor - INFO - Finished checking for cookie consent pop-ups. If one was present and not handled, it might interfere.
2026-02-14 09:37:36,799 - tools.amazon_playwright_extractor - INFO - Page should be ready. Waiting 5s for stabilization...
2026-02-14 09:37:41,814 - tools.amazon_playwright_extractor - INFO - Waiting an additional 7s for extensions (Keepa, SellerAmp)...
2026-02-14 09:37:48,815 - tools.amazon_playwright_extractor - INFO - Extracting all product data for ASIN: B094JVKC6G
2026-02-14 09:37:48,815 - tools.amazon_playwright_extractor - INFO - Extracting basic product information (Title, Price, Images, Amazon Details)...
2026-02-14 09:37:48,846 - tools.amazon_playwright_extractor - INFO - Title found: 'RSW 2 in 1 Baby Bottle and Teat Brush, 2 Brushes in 1, Ideal for Cleaning Training Cups, Wide Neck Bottles, Lids, Valves' via #productTitle
2026-02-14 09:37:48,847 - tools.amazon_playwright_extractor - INFO - Extracting price details...
2026-02-14 09:37:48,871 - tools.amazon_playwright_extractor - INFO - Current price: 4.04 via #corePrice_feature_div .a-offscreen
2026-02-14 09:37:48,910 - tools.amazon_playwright_extractor - INFO - Original price: 4.74 via .basisPrice span.a-text-price span.a-offscreen
2026-02-14 09:37:48,936 - tools.amazon_playwright_extractor - INFO - Amazon sales badge found: 100 in container div#socialProofingAsinFaceout_feature_div
2026-02-14 09:37:48,937 - tools.amazon_playwright_extractor - INFO - Extracting image URLs...
2026-02-14 09:37:48,979 - tools.amazon_playwright_extractor - INFO - Main image: https://m.media-amazon.com/images/I/51IhZ6nfG-L._AC_SL1082_.jpg via #landingImage
2026-02-14 09:37:49,016 - tools.amazon_playwright_extractor - INFO - Found 1 thumbnails.
2026-02-14 09:37:49,024 - tools.amazon_playwright_extractor - INFO - Extracting Amazon product details section...
2026-02-14 09:37:49,174 - tools.amazon_playwright_extractor - INFO - Extracting sales rank information...
2026-02-14 09:37:49,340 - tools.amazon_playwright_extractor - INFO - Extracting ratings and reviews...
2026-02-14 09:37:49,362 - tools.amazon_playwright_extractor - INFO - Rating: 3.7 via #acrPopover[title*='out of 5 stars']
2026-02-14 09:37:49,383 - tools.amazon_playwright_extractor - INFO - Review count: 83 via #acrCustomerReviewText
2026-02-14 09:37:49,383 - tools.amazon_playwright_extractor - INFO - Extracting stock information...
2026-02-14 09:37:49,402 - tools.amazon_playwright_extractor - INFO - Availability text: 'In stock' via #availability span.a-size-medium.a-color-success
2026-02-14 09:37:49,402 - tools.amazon_playwright_extractor - INFO - Extracting features/bullets...
2026-02-14 09:37:49,461 - tools.amazon_playwright_extractor - INFO - Found 1 features.
2026-02-14 09:37:49,461 - tools.amazon_playwright_extractor - INFO - Extracting product description...
2026-02-14 09:37:49,622 - tools.amazon_playwright_extractor - INFO - Extracting product specifications table...
2026-02-14 09:37:50,072 - tools.amazon_playwright_extractor - INFO - Specifications table parsed using selector: table.a-keyvalue.prodDetTable
2026-02-14 09:37:50,073 - tools.amazon_playwright_extractor - INFO - Extracting SellerAmp data (if present)...
2026-02-14 09:37:50,073 - tools.amazon_playwright_extractor - INFO - SellerAmp data extraction is currently disabled as per requirements (Fix 2.3).
2026-02-14 09:37:50,073 - tools.amazon_playwright_extractor - INFO - Extracting Keepa data (if present)...
2026-02-14 09:37:50,073 - tools.amazon_playwright_extractor - INFO - Attempting to extract Keepa data...
2026-02-14 09:37:56,144 - tools.amazon_playwright_extractor - INFO - Keepa iframe found: iframe[id*='keepa']
2026-02-14 09:37:56,273 - tools.amazon_playwright_extractor - INFO - Keepa Sales Rank Details Table parsed.
2026-02-14 09:37:56,273 - tools.amazon_playwright_extractor - INFO - Keepa Graph AI Analysis is currently disabled as per requirements (Fix 2.4).
2026-02-14 09:37:56,299 - tools.amazon_playwright_extractor - INFO - Keepa Data tab found. Currently active: False
2026-02-14 09:37:56,299 - tools.amazon_playwright_extractor - INFO - Clicking Keepa 'Data' tab...
2026-02-14 09:37:58,567 - tools.amazon_playwright_extractor - INFO - Attempt 1/2: Waiting 12000ms for Product-Details wrapper...
2026-02-14 09:38:07,753 - tools.amazon_playwright_extractor - INFO - ? Product-Details wrapper appeared on attempt 1
2026-02-14 09:38:07,800 - tools.amazon_playwright_extractor - INFO - Parsing Keepa AG Grid for Product Details from: div#MoreTab1 div#grid-product-detail
2026-02-14 09:38:07,842 - tools.amazon_playwright_extractor - INFO - Primary attempt: Waiting 12 seconds for AG Grid rows to load...
2026-02-14 09:38:08,878 - tools.amazon_playwright_extractor - INFO - ? Primary attempt successful: 136 rows found
2026-02-14 09:38:08,892 - tools.amazon_playwright_extractor - INFO - Processing 136 rows in Keepa Product Details AG Grid.
2026-02-14 09:38:10,290 - tools.amazon_playwright_extractor - INFO - Found potential fee key 'FBA Pick&Pack Fee' with raw value: 'Ł 2.67' in Keepa AG Grid.
2026-02-14 09:38:10,387 - tools.amazon_playwright_extractor - INFO - Found potential fee key 'Referral Fee based on current Buy Box price' with raw value: 'Ł 0.32' in Keepa AG Grid.
2026-02-14 09:38:12,577 - tools.amazon_playwright_extractor - INFO - ? Successfully parsed 41 items from Keepa Product Details AG Grid.
2026-02-14 09:38:12,577 - tools.amazon_playwright_extractor - INFO - ASIN B094JVKC6G: Attempting to extract EANs from Keepa product_details_tab_data.
2026-02-14 09:38:12,577 - tools.amazon_playwright_extractor - INFO - ASIN B094JVKC6G: EAN '5015302105747' found in Keepa details via key 'Product Codes - EAN'.
2026-02-14 09:38:12,577 - tools.amazon_playwright_extractor - INFO - ASIN B094JVKC6G: BSR not found or invalid from page. Attempting fallback from Keepa.
2026-02-14 09:38:12,577 - tools.amazon_playwright_extractor - INFO - ASIN B094JVKC6G: BSR 2370 in 'Baby Products 43' from Keepa SalesRankDetailsTable.
2026-02-14 09:38:12,578 - tools.amazon_playwright_extractor - INFO - \u2705 Recorded search method 'EAN' for ASIN B094JVKC6G
2026-02-14 09:38:12,578 - tools.amazon_playwright_extractor - INFO - Successfully extracted data for ASIN B094JVKC6G (EAN on page: 5015302105747)
2026-02-14 09:38:12,581 [INFO] WindowsSaveGuardian: ? ATOMIC SAVE: amazon_B094JVKC6G_5015302105747.json (31 entries) saved successfully
2026-02-14 09:38:12,581 - windows_save_guardian - INFO - ? ATOMIC SAVE: amazon_B094JVKC6G_5015302105747.json (31 entries) saved successfully
2026-02-14 09:38:12,584 [INFO] WindowsSaveGuardian: ? ATOMIC SAVE: linking_map.json (4 entries) saved successfully
2026-02-14 09:38:12,584 - windows_save_guardian - INFO - ? ATOMIC SAVE: linking_map.json (4 entries) saved successfully
2026-02-14 09:38:12,584 - __main__ - INFO - Linking map periodic flush: 4 entries
2026-02-14 09:38:12,584 - utils.fixed_enhanced_state_manager - WARNING -  SAVE BLOCKED: Attempted to save state before startup completion
2026-02-14 09:38:12,585 - utils.fixed_enhanced_state_manager - INFO -  ATOMIC SAVE
2026-02-14 09:38:12,585 - utils.fixed_enhanced_state_manager - WARNING -  SAVE BLOCKED: Attempted to save state before startup completion
2026-02-14 09:38:12,585 - utils.fixed_enhanced_state_manager - INFO -  ATOMIC SAVE
2026-02-14 09:38:12,590 [INFO] WindowsSaveGuardian: ? ATOMIC SAVE: linking_map.json (4 entries) saved successfully
2026-02-14 09:38:12,590 - windows_save_guardian - INFO - ? ATOMIC SAVE: linking_map.json (4 entries) saved successfully
2026-02-14 09:38:12,590 - __main__ - INFO - Product list refresh complete: 4/4 matched
2026-02-14 09:38:12,591 - utils.browser_manager - WARNING - Error during global cleanup: no running event loop
Exception ignored in: <function BaseSubprocessTransport.__del__ at 0x0000019BE57B4C20>
Traceback (most recent call last):
  File "C:\Python313\Lib\asyncio\base_subprocess.py", line 130, in __del__
  File "C:\Python313\Lib\asyncio\base_subprocess.py", line 107, in close
  File "C:\Python313\Lib\asyncio\proactor_events.py", line 109, in close
  File "C:\Python313\Lib\asyncio\base_events.py", line 827, in call_soon
  File "C:\Python313\Lib\asyncio\base_events.py", line 550, in _check_closed
RuntimeError: Event loop is closed
