2026-03-02 13:29:43,882 - __main__ - WARNING - Ignoring supplier identity from products file; job sandbox is authoritative. job=angelwholesale.co.uk__sandbox__af03729b file=angelwholesale.co.uk
2026-03-02 13:29:43,883 - tools.amazon_playwright_extractor - WARNING - ?? BrowserCircuitBreaker not available - health management disabled
2026-03-02 13:29:43,883 - tools.amazon_playwright_extractor - INFO - AI features disabled in amazon_playwright_extractor - using only traditional selectors.
2026-03-02 13:29:43,884 - tools.amazon_playwright_extractor - INFO - Output directory set to: C:\Users\chris\Desktop\Amazon-FBA-Agent-System-v32 - latest good - Copy (8) - Copy - Copy - POSTLONGRUNPREKIRO2 beforecompletion-\OUTPUTS\CACHE\amazon_data
2026-03-02 13:29:43,884 - tools.amazon_playwright_extractor - WARNING - ?? BrowserManager not available, using legacy browser connection
2026-03-02 13:29:43,886 - tools.amazon_playwright_extractor - INFO - \U0001f527 FixedAmazonExtractor connecting via BrowserManager singleton
2026-03-02 13:29:43,887 - utils.browser_circuit_breaker - INFO - BrowserCircuitBreaker initialized: threshold=3, timeout=300s
2026-03-02 13:29:43,887 - utils.browser_manager - INFO - ?? BrowserManager singleton initialized with health management
2026-03-02 13:29:58,339 - utils.browser_manager - INFO - ?? Connecting to existing Chrome debug instance on port 9222
2026-03-02 13:29:58,339 - utils.browser_manager - INFO - ?? Per troubleshooting docs: Using existing Chrome debug only
2026-03-02 13:30:00,901 - utils.browser_manager - INFO - ? Chrome debug accessible on IPv4: Chrome/145.0.7632.117
2026-03-02 13:30:00,901 - utils.browser_manager - INFO - ?? Connecting to existing Chrome debug instance...
2026-03-02 13:30:02,948 - utils.browser_manager - INFO - ?? Using endpoint: http://localhost:9222
2026-03-02 13:30:03,339 - utils.browser_manager - INFO - ? Successfully connected to existing Chrome debug instance
2026-03-02 13:30:03,339 - utils.browser_manager - INFO - ?? Using existing context with 3 pages
2026-03-02 13:30:03,339 - utils.browser_manager - INFO - ?? Connected to existing Chrome: 145.0.7632.117
2026-03-02 13:30:03,339 - tools.amazon_playwright_extractor - INFO - \u2705 FixedAmazonExtractor connected via BrowserManager singleton
2026-03-02 13:30:03,339 - utils.browser_manager - INFO - ?? Reusing existing Chrome connection (port 9222)
2026-03-02 13:30:03,339 - utils.browser_manager - INFO - ?? Reusing existing page in persistent context.
2026-03-02 13:30:03,349 [INFO] WindowsSaveGuardian: ? ATOMIC SAVE: angelwholesale_co_uk__sandbox__af03729b_processing_state.json (27 entries) saved successfully
2026-03-02 13:30:03,349 - windows_save_guardian - INFO - ? ATOMIC SAVE: angelwholesale_co_uk__sandbox__af03729b_processing_state.json (27 entries) saved successfully
2026-03-02 13:30:03,349 - utils.fixed_enhanced_state_manager - INFO -  ATOMIC SAVE
2026-03-02 13:30:03,372 [INFO] WindowsSaveGuardian: ? ATOMIC SAVE: angelwholesale_co_uk__sandbox__af03729b_processing_state.json (27 entries) saved successfully
2026-03-02 13:30:03,372 - windows_save_guardian - INFO - ? ATOMIC SAVE: angelwholesale_co_uk__sandbox__af03729b_processing_state.json (27 entries) saved successfully
2026-03-02 13:30:03,372 - utils.fixed_enhanced_state_manager - INFO -  ATOMIC SAVE
2026-03-02 13:30:03,372 - tools.amazon_playwright_extractor - INFO - Searching Amazon by EAN: 5012866069058 for supplier product: '3pcs Mosaic Vehicles  by AtoZ Toys' (FixedAmazonExtractor)
2026-03-02 13:30:03,372 - tools.amazon_playwright_extractor - INFO - Navigating to Amazon UK to search for EAN: 5012866069058
2026-03-02 13:30:09,507 - tools.amazon_playwright_extractor - INFO - Waiting for search results page to load for EAN 5012866069058...
2026-03-02 13:30:09,911 - tools.amazon_playwright_extractor - INFO - Found search results container with selector: div.s-search-results
2026-03-02 13:30:10,918 - tools.amazon_playwright_extractor - INFO - Found 6 search result elements using selector: div[data-component-type='s-search-result']
2026-03-02 13:30:10,918 - tools.amazon_playwright_extractor - INFO - Processing 6 search result elements for EAN 5012866069058
2026-03-02 13:30:14,287 - tools.amazon_playwright_extractor - INFO - \U0001f4ca SPONSORED FILTERING RESULTS: 0 organic products, 6 sponsored products filtered out
2026-03-02 13:30:14,288 - tools.amazon_playwright_extractor - WARNING - EAN 5012866069058 returned no organic results - skipping
2026-03-02 13:30:14,288 - tools.amazon_playwright_extractor - WARNING - No Amazon results or error for EAN '5012866069058'. Details: no_organic_results
2026-03-02 13:30:14,288 - tools.amazon_playwright_extractor - INFO - Falling back to title search for supplier product: '3pcs Mosaic Vehicles  by AtoZ Toys'
2026-03-02 13:30:14,288 - tools.amazon_playwright_extractor - INFO - Searching Amazon by title using search bar: '3pcs Mosaic Vehicles  by AtoZ Toys'
2026-03-02 13:30:14,288 - tools.amazon_playwright_extractor - INFO - Navigating to Amazon UK to search for title: 3pcs Mosaic Vehicles  by AtoZ Toys
2026-03-02 13:30:22,169 - tools.amazon_playwright_extractor - INFO - Title search found 57 elements using selector: div.s-search-results > div[data-asin]
2026-03-02 13:30:23,082 - tools.amazon_playwright_extractor - WARNING - ASIN extraction failed: All 4 fallbacks exhausted
2026-03-02 13:30:23,687 - tools.amazon_playwright_extractor - INFO - \u2705 Title search: Selected first visible organic product - ASIN B0FDF3G22H
2026-03-02 13:30:23,687 - tools.amazon_playwright_extractor - INFO - \U0001f3af ASIN EXTRACTION SUCCESS: Found 1 ASINs for title search: '3pcs Mosaic Vehicles  by AtoZ Toys'
2026-03-02 13:30:23,687 - tools.amazon_playwright_extractor - INFO - Title search successful for '3pcs Mosaic Vehicles  by AtoZ Toys' after EAN '5012866069058' failed
2026-03-02 13:30:23,687 - tools.amazon_playwright_extractor - INFO - Extracting complete data for fallback ASIN B0FDF3G22H from title search
2026-03-02 13:30:23,688 - tools.amazon_playwright_extractor - WARNING - No page object provided to extract_data for ASIN B0FDF3G22H. Getting a new one from BrowserManager.
2026-03-02 13:30:23,688 - tools.amazon_playwright_extractor - INFO - Reusing existing page: https://www.amazon.co.uk/s?k=3pcs+Mosaic+Vehicles+by+AtoZ+Toys&ref=nb_sb_noss
2026-03-02 13:30:26,471 - tools.amazon_playwright_extractor - INFO - Checking for cookie consent pop-up...
2026-03-02 13:30:29,962 - tools.amazon_playwright_extractor - INFO - Finished checking for cookie consent pop-ups. If one was present and not handled, it might interfere.
2026-03-02 13:30:30,969 - tools.amazon_playwright_extractor - INFO - Checking for CAPTCHA...
2026-03-02 13:30:33,977 - tools.amazon_playwright_extractor - INFO - No CAPTCHA page detected by form selector.
2026-03-02 13:30:33,978 - tools.amazon_playwright_extractor - INFO - Checking for cookie consent pop-up...
2026-03-02 13:30:34,359 - tools.amazon_playwright_extractor - INFO - Finished checking for cookie consent pop-ups. If one was present and not handled, it might interfere.
2026-03-02 13:30:34,360 - tools.amazon_playwright_extractor - INFO - Page should be ready. Waiting 5s for stabilization...
2026-03-02 13:30:39,361 - tools.amazon_playwright_extractor - INFO - Waiting an additional 7s for extensions (Keepa, SellerAmp)...
2026-03-02 13:30:46,368 - tools.amazon_playwright_extractor - INFO - Extracting all product data for ASIN: B0FDF3G22H
2026-03-02 13:30:46,368 - tools.amazon_playwright_extractor - INFO - Extracting basic product information (Title, Price, Images, Amazon Details)...
2026-03-02 13:30:46,894 - tools.amazon_playwright_extractor - INFO - Title found: '8 Pcs 3D Mosaic Stickers Set Toy for Kids Adults,Fun DIY 3D Vehicles Theme Stickers with Tweezers,Sticky Crafts Activities Travel Toy for Aged 3 Years+ (Vehicles)' via #productTitle
2026-03-02 13:30:46,894 - tools.amazon_playwright_extractor - INFO - Extracting price details...
2026-03-02 13:30:47,015 - tools.amazon_playwright_extractor - INFO - Current price: 9.99 via #corePrice_feature_div .a-offscreen
2026-03-02 13:30:47,253 - tools.amazon_playwright_extractor - INFO - Original price: 14.99 via span.a-price.a-text-price[data-a-strike='true'] span.a-offscreen
2026-03-02 13:30:47,545 - tools.amazon_playwright_extractor - INFO - Extracting image URLs...
2026-03-02 13:30:47,621 - tools.amazon_playwright_extractor - INFO - Main image: https://m.media-amazon.com/images/I/61YfVUfUpiL._AC_SX679_.jpg via #landingImage
2026-03-02 13:30:47,755 - tools.amazon_playwright_extractor - INFO - Found 7 thumbnails.
2026-03-02 13:30:47,763 - tools.amazon_playwright_extractor - INFO - Extracting Amazon product details section...
2026-03-02 13:30:48,042 - tools.amazon_playwright_extractor - INFO - Extracting sales rank information...
2026-03-02 13:30:48,548 - tools.amazon_playwright_extractor - INFO - Extracting ratings and reviews...
2026-03-02 13:30:48,612 - tools.amazon_playwright_extractor - INFO - Rating: 4.6 via i[class*='a-icon-star'] span.a-icon-alt
2026-03-02 13:30:48,676 - tools.amazon_playwright_extractor - INFO - Extracting stock information...
2026-03-02 13:30:48,707 - tools.amazon_playwright_extractor - INFO - Availability text: 'In stock' via #availability span.a-size-medium.a-color-success
2026-03-02 13:30:48,707 - tools.amazon_playwright_extractor - INFO - Extracting features/bullets...
2026-03-02 13:30:49,056 - tools.amazon_playwright_extractor - INFO - Found 5 features.
2026-03-02 13:30:49,056 - tools.amazon_playwright_extractor - INFO - Extracting product description...
2026-03-02 13:30:49,206 - tools.amazon_playwright_extractor - INFO - Extracting product specifications table...
2026-03-02 13:30:49,710 - tools.amazon_playwright_extractor - INFO - Specifications table parsed using selector: table.a-keyvalue.prodDetTable
2026-03-02 13:30:49,710 - tools.amazon_playwright_extractor - INFO - Extracting SellerAmp data (if present)...
2026-03-02 13:30:49,710 - tools.amazon_playwright_extractor - INFO - SellerAmp data extraction is currently disabled as per requirements (Fix 2.3).
2026-03-02 13:30:49,710 - tools.amazon_playwright_extractor - INFO - Extracting Keepa data (if present)...
2026-03-02 13:30:49,711 - tools.amazon_playwright_extractor - INFO - Attempting to extract Keepa data...
2026-03-02 13:30:57,051 - tools.amazon_playwright_extractor - INFO - Keepa iframe found: iframe[id*='keepa']
2026-03-02 13:30:57,298 - tools.amazon_playwright_extractor - INFO - Keepa Sales Rank Details Table parsed.
2026-03-02 13:30:57,298 - tools.amazon_playwright_extractor - INFO - Keepa Graph AI Analysis is currently disabled as per requirements (Fix 2.4).
2026-03-02 13:30:57,375 - tools.amazon_playwright_extractor - INFO - Keepa Data tab found. Currently active: False
2026-03-02 13:30:57,375 - tools.amazon_playwright_extractor - INFO - Clicking Keepa 'Data' tab...
2026-03-02 13:31:00,545 - tools.amazon_playwright_extractor - ERROR - Timeout error processing Keepa 'Product Details' tab: Locator.click: Timeout 3000ms exceeded.
Call log:
  - waiting for locator("iframe[id*='keepa']").first.content_frame.locator("li#tabMore")
    - locator resolved to <li rel="more" id="tabMore" class="tabItemI">Data</li>
  - attempting click action
    - waiting for element to be visible, enabled and stable

2026-03-02 13:31:00,546 - tools.amazon_playwright_extractor - INFO - ASIN B0FDF3G22H: BSR not found or invalid from page. Attempting fallback from Keepa.
2026-03-02 13:31:00,546 - tools.amazon_playwright_extractor - INFO - ASIN B0FDF3G22H: BSR 329622 in 'Toys & Games 0.7' from Keepa SalesRankDetailsTable.
2026-03-02 13:31:00,551 [INFO] WindowsSaveGuardian: ? ATOMIC SAVE: amazon_B0FDF3G22H_5012866069058.json (26 entries) saved successfully
2026-03-02 13:31:00,551 - windows_save_guardian - INFO - ? ATOMIC SAVE: amazon_B0FDF3G22H_5012866069058.json (26 entries) saved successfully
2026-03-02 13:31:00,557 [INFO] WindowsSaveGuardian: ? ATOMIC SAVE: linking_map.json (1 entries) saved successfully
2026-03-02 13:31:00,557 - windows_save_guardian - INFO - ? ATOMIC SAVE: linking_map.json (1 entries) saved successfully
2026-03-02 13:31:00,558 - __main__ - INFO - Linking map periodic flush: 1 entries
2026-03-02 13:31:00,563 [INFO] WindowsSaveGuardian: ? ATOMIC SAVE: angelwholesale_co_uk__sandbox__af03729b_processing_state.json (27 entries) saved successfully
2026-03-02 13:31:00,563 - windows_save_guardian - INFO - ? ATOMIC SAVE: angelwholesale_co_uk__sandbox__af03729b_processing_state.json (27 entries) saved successfully
2026-03-02 13:31:00,564 - utils.fixed_enhanced_state_manager - INFO -  ATOMIC SAVE
2026-03-02 13:31:00,564 - tools.amazon_playwright_extractor - INFO - Searching Amazon by EAN: 5012866625032 for supplier product: 'Abc Train Set Med  by AtoZ Toys' (FixedAmazonExtractor)
2026-03-02 13:31:00,564 - tools.amazon_playwright_extractor - INFO - Navigating to Amazon UK to search for EAN: 5012866625032
2026-03-02 13:31:06,198 - tools.amazon_playwright_extractor - INFO - Waiting for search results page to load for EAN 5012866625032...
2026-03-02 13:31:06,649 - tools.amazon_playwright_extractor - INFO - Found search results container with selector: div.s-search-results
2026-03-02 13:31:07,304 - tools.amazon_playwright_extractor - INFO - Found 3 search result elements using selector: div[data-component-type='s-search-result']
2026-03-02 13:31:07,304 - tools.amazon_playwright_extractor - INFO - Processing 3 search result elements for EAN 5012866625032
2026-03-02 13:31:07,375 - tools.amazon_playwright_extractor - INFO - \U0001f4ca SPONSORED FILTERING RESULTS: 0 organic products, 3 sponsored products filtered out
2026-03-02 13:31:07,376 - tools.amazon_playwright_extractor - WARNING - EAN 5012866625032 returned no organic results - skipping
2026-03-02 13:31:07,376 - tools.amazon_playwright_extractor - WARNING - No Amazon results or error for EAN '5012866625032'. Details: no_organic_results
2026-03-02 13:31:07,376 - tools.amazon_playwright_extractor - INFO - Falling back to title search for supplier product: 'Abc Train Set Med  by AtoZ Toys'
2026-03-02 13:31:07,376 - tools.amazon_playwright_extractor - INFO - Searching Amazon by title using search bar: 'Abc Train Set Med  by AtoZ Toys'
2026-03-02 13:31:07,376 - tools.amazon_playwright_extractor - INFO - Navigating to Amazon UK to search for title: Abc Train Set Med  by AtoZ Toys
2026-03-02 13:31:24,570 - tools.amazon_playwright_extractor - INFO - Title search found 71 elements using selector: div.s-search-results > div[data-asin]
2026-03-02 13:31:25,093 - tools.amazon_playwright_extractor - WARNING - ASIN extraction failed: All 4 fallbacks exhausted
2026-03-02 13:31:27,295 - tools.amazon_playwright_extractor - INFO - \u2705 Title search: Selected first visible organic product - ASIN B079KKTVSW
2026-03-02 13:31:27,296 - tools.amazon_playwright_extractor - INFO - \U0001f3af ASIN EXTRACTION SUCCESS: Found 1 ASINs for title search: 'Abc Train Set Med  by AtoZ Toys'
2026-03-02 13:31:27,296 - tools.amazon_playwright_extractor - INFO - Title search successful for 'Abc Train Set Med  by AtoZ Toys' after EAN '5012866625032' failed
2026-03-02 13:31:27,296 - tools.amazon_playwright_extractor - INFO - Extracting complete data for fallback ASIN B079KKTVSW from title search
2026-03-02 13:31:27,296 - tools.amazon_playwright_extractor - WARNING - No page object provided to extract_data for ASIN B079KKTVSW. Getting a new one from BrowserManager.
2026-03-02 13:31:27,296 - tools.amazon_playwright_extractor - INFO - Reusing existing page: https://www.amazon.co.uk/s?k=Abc+Train+Set+Med+by+AtoZ+Toys&ref=nb_sb_noss
2026-03-02 13:31:30,064 - tools.amazon_playwright_extractor - INFO - Checking for cookie consent pop-up...
2026-03-02 13:31:43,085 - tools.amazon_playwright_extractor - INFO - Finished checking for cookie consent pop-ups. If one was present and not handled, it might interfere.
2026-03-02 13:31:44,087 - tools.amazon_playwright_extractor - INFO - Checking for CAPTCHA...
2026-03-02 13:31:47,102 - tools.amazon_playwright_extractor - INFO - No CAPTCHA page detected by form selector.
2026-03-02 13:31:47,102 - tools.amazon_playwright_extractor - INFO - Checking for cookie consent pop-up...
2026-03-02 13:31:47,341 - tools.amazon_playwright_extractor - INFO - Finished checking for cookie consent pop-ups. If one was present and not handled, it might interfere.
2026-03-02 13:31:47,341 - tools.amazon_playwright_extractor - INFO - Page should be ready. Waiting 5s for stabilization...
2026-03-02 13:31:52,354 - tools.amazon_playwright_extractor - INFO - Waiting an additional 7s for extensions (Keepa, SellerAmp)...
2026-03-02 13:31:59,366 - tools.amazon_playwright_extractor - INFO - Extracting all product data for ASIN: B079KKTVSW
2026-03-02 13:31:59,366 - tools.amazon_playwright_extractor - INFO - Extracting basic product information (Title, Price, Images, Amazon Details)...
2026-03-02 13:31:59,429 - tools.amazon_playwright_extractor - INFO - Title found: 'MEGA BLOKS Building Toy ABC Blocks Train Set with Sounds and Music, ABC Musical Train Learning Toy for Toddlers 1-3 - FWK22' via #productTitle
2026-03-02 13:31:59,429 - tools.amazon_playwright_extractor - INFO - Extracting price details...
2026-03-02 13:31:59,489 - tools.amazon_playwright_extractor - INFO - Current price: 22.98 via #corePrice_feature_div .a-offscreen
2026-03-02 13:31:59,682 - tools.amazon_playwright_extractor - INFO - Original price: 44.99 via span.a-price.a-text-price[data-a-strike='true'] span.a-offscreen
2026-03-02 13:31:59,731 - tools.amazon_playwright_extractor - INFO - Amazon sales badge found: 30 in container div#socialProofingAsinFaceout_feature_div
2026-03-02 13:31:59,731 - tools.amazon_playwright_extractor - INFO - Extracting image URLs...
2026-03-02 13:31:59,798 - tools.amazon_playwright_extractor - INFO - Main image: https://m.media-amazon.com/images/I/81HMnwnDtgL._AC_SL1500_.jpg via #landingImage
2026-03-02 13:31:59,936 - tools.amazon_playwright_extractor - INFO - Found 7 thumbnails.
2026-03-02 13:31:59,943 - tools.amazon_playwright_extractor - INFO - Extracting Amazon product details section...
2026-03-02 13:32:00,304 - tools.amazon_playwright_extractor - INFO - Extracting sales rank information...
2026-03-02 13:32:01,332 - tools.amazon_playwright_extractor - INFO - Extracting ratings and reviews...
2026-03-02 13:32:01,372 - tools.amazon_playwright_extractor - INFO - Rating: 4.7 via #acrPopover[title*='out of 5 stars']
2026-03-02 13:32:01,405 - tools.amazon_playwright_extractor - INFO - Review count: 10904 via #acrCustomerReviewText
2026-03-02 13:32:01,406 - tools.amazon_playwright_extractor - INFO - Extracting stock information...
2026-03-02 13:32:01,437 - tools.amazon_playwright_extractor - INFO - Availability text: 'In stock' via #availability span.a-size-medium.a-color-success
2026-03-02 13:32:01,437 - tools.amazon_playwright_extractor - INFO - Extracting features/bullets...
2026-03-02 13:32:01,877 - tools.amazon_playwright_extractor - INFO - Found 5 features.
2026-03-02 13:32:01,878 - tools.amazon_playwright_extractor - INFO - Extracting product description...
2026-03-02 13:32:01,940 - tools.amazon_playwright_extractor - INFO - Description found using selector: #aplus_feature_div
2026-03-02 13:32:01,940 - tools.amazon_playwright_extractor - INFO - Extracting product specifications table...
2026-03-02 13:32:03,377 - tools.amazon_playwright_extractor - INFO - Specifications table parsed using selector: table.a-keyvalue.prodDetTable
2026-03-02 13:32:03,378 - tools.amazon_playwright_extractor - INFO - Extracting SellerAmp data (if present)...
2026-03-02 13:32:03,378 - tools.amazon_playwright_extractor - INFO - SellerAmp data extraction is currently disabled as per requirements (Fix 2.3).
2026-03-02 13:32:03,378 - tools.amazon_playwright_extractor - INFO - Extracting Keepa data (if present)...
2026-03-02 13:32:03,378 - tools.amazon_playwright_extractor - INFO - Attempting to extract Keepa data...
2026-03-02 13:32:09,663 - tools.amazon_playwright_extractor - INFO - Keepa iframe found: iframe[id*='keepa']
2026-03-02 13:32:09,881 - tools.amazon_playwright_extractor - INFO - Keepa Sales Rank Details Table parsed.
2026-03-02 13:32:09,881 - tools.amazon_playwright_extractor - INFO - Keepa Graph AI Analysis is currently disabled as per requirements (Fix 2.4).
2026-03-02 13:32:09,991 - tools.amazon_playwright_extractor - INFO - Keepa Data tab found. Currently active: False
2026-03-02 13:32:09,992 - tools.amazon_playwright_extractor - INFO - Clicking Keepa 'Data' tab...
2026-03-02 13:32:14,401 - tools.amazon_playwright_extractor - INFO - Attempt 1/2: Waiting 12000ms for Product-Details wrapper...
2026-03-02 13:32:21,894 - tools.amazon_playwright_extractor - INFO - ? Product-Details wrapper appeared on attempt 1
2026-03-02 13:32:21,974 - tools.amazon_playwright_extractor - INFO - Parsing Keepa AG Grid for Product Details from: div#MoreTab1 div#grid-product-detail
2026-03-02 13:32:22,050 - tools.amazon_playwright_extractor - INFO - Primary attempt: Waiting 12 seconds for AG Grid rows to load...
2026-03-02 13:32:23,131 - tools.amazon_playwright_extractor - INFO - ? Primary attempt successful: 190 rows found
2026-03-02 13:32:23,164 - tools.amazon_playwright_extractor - INFO - Processing 190 rows in Keepa Product Details AG Grid.
2026-03-02 13:32:27,099 - tools.amazon_playwright_extractor - INFO - Found potential fee key 'FBA Pick&Pack Fee' with raw value: '｣ 3.59' in Keepa AG Grid.
2026-03-02 13:32:27,390 - tools.amazon_playwright_extractor - INFO - Found potential fee key 'Referral Fee based on current Buy Box price' with raw value: '｣ 3.45' in Keepa AG Grid.
