2026-02-02 19:06:28,282 [INFO] WindowsSaveGuardian: ? ATOMIC SAVE: angelwholesale-co-uk__sandbox__angelwho_products_cache.json (6 entries) saved successfully
2026-02-02 19:06:28,282 - windows_save_guardian - INFO - ? ATOMIC SAVE: angelwholesale-co-uk__sandbox__angelwho_products_cache.json (6 entries) saved successfully
2026-02-02 19:06:28,283 - tools.amazon_playwright_extractor - WARNING - ?? BrowserCircuitBreaker not available - health management disabled
2026-02-02 19:06:28,283 - tools.amazon_playwright_extractor - INFO - AI features disabled in amazon_playwright_extractor - using only traditional selectors.
2026-02-02 19:06:28,283 - tools.amazon_playwright_extractor - INFO - Output directory set to: C:\Users\chris\Desktop\Amazon-FBA-Agent-System-v32 - latest good - Copy (8) - Copy - Copy - POSTLONGRUNPREKIRO2 beforecompletion-\OUTPUTS\CACHE\amazon_data
2026-02-02 19:06:28,283 - tools.amazon_playwright_extractor - WARNING - ?? BrowserManager not available, using legacy browser connection
2026-02-02 19:06:28,284 - tools.amazon_playwright_extractor - INFO - \U0001f527 FixedAmazonExtractor connecting via BrowserManager singleton
2026-02-02 19:06:28,288 - utils.browser_circuit_breaker - INFO - BrowserCircuitBreaker initialized: threshold=3, timeout=300s
2026-02-02 19:06:28,288 - utils.browser_manager - INFO - ?? BrowserManager singleton initialized with health management
2026-02-02 19:06:28,812 - utils.browser_manager - INFO - ?? Connecting to existing Chrome debug instance on port 9222
2026-02-02 19:06:28,813 - utils.browser_manager - INFO - ?? Per troubleshooting docs: Using existing Chrome debug only
2026-02-02 19:06:31,041 - utils.browser_manager - INFO - ? Chrome debug accessible on IPv4: Chrome/144.0.7559.110
2026-02-02 19:06:31,042 - utils.browser_manager - INFO - ?? Connecting to existing Chrome debug instance...
2026-02-02 19:06:33,074 - utils.browser_manager - INFO - ?? Using endpoint: http://localhost:9222
2026-02-02 19:06:33,187 - utils.browser_manager - INFO - ? Successfully connected to existing Chrome debug instance
2026-02-02 19:06:33,187 - utils.browser_manager - INFO - ?? Using existing context with 1 pages
2026-02-02 19:06:33,187 - utils.browser_manager - INFO - ?? Connected to existing Chrome: 144.0.7559.110
2026-02-02 19:06:33,187 - tools.amazon_playwright_extractor - INFO - \u2705 FixedAmazonExtractor connected via BrowserManager singleton
2026-02-02 19:06:33,187 - utils.browser_manager - INFO - ?? Reusing existing Chrome connection (port 9222)
2026-02-02 19:06:33,187 - utils.browser_manager - INFO - ?? Reusing existing page in persistent context.
2026-02-02 19:06:33,187 - tools.amazon_playwright_extractor - INFO - Searching Amazon by EAN: 5012866069058 for supplier product: '3pcs Mosaic Vehicles  by AtoZ Toys' (FixedAmazonExtractor)
2026-02-02 19:06:33,187 - tools.amazon_playwright_extractor - INFO - Navigating to Amazon UK to search for EAN: 5012866069058
2026-02-02 19:06:40,044 - tools.amazon_playwright_extractor - INFO - Waiting for search results page to load for EAN 5012866069058...
2026-02-02 19:06:40,368 - tools.amazon_playwright_extractor - INFO - Found search results container with selector: div.s-search-results
2026-02-02 19:06:41,057 - tools.amazon_playwright_extractor - INFO - Found 9 search result elements using selector: div[data-component-type='s-search-result']
2026-02-02 19:06:41,058 - tools.amazon_playwright_extractor - INFO - Processing 9 search result elements for EAN 5012866069058
2026-02-02 19:06:41,487 - tools.amazon_playwright_extractor - INFO - Found organic result: ASIN B07DRP89BF - SPORTSPET Mini Bounce Dog Balls - Premium Rubber Dog Balls f...
2026-02-02 19:06:41,637 - tools.amazon_playwright_extractor - INFO - Found organic result: ASIN B000WISQAQ - Initiative 2 Hole Punch - Compact 12 Sheet Capacity Lock Dow...
2026-02-02 19:06:41,846 - tools.amazon_playwright_extractor - INFO - Found organic result: ASIN B08LH77LVN - Shower Head High Pressure by StoneStream® Original Filter Sh...
2026-02-02 19:06:42,128 - tools.amazon_playwright_extractor - INFO - Found organic result: ASIN B0F341K2XM - Eco Solid Rubber Ball 4pk - Dog Balls Long Lasting Dog Chew ...
2026-02-02 19:06:42,256 - tools.amazon_playwright_extractor - INFO - Found organic result: ASIN B07CRML64T - Triton Zante 4 Electric Shower - 8.5kW (Zante 3, Marbella, T...
2026-02-02 19:06:42,257 - tools.amazon_playwright_extractor - INFO - Found 5 organic results, stopping search to improve performance.
2026-02-02 19:06:42,257 - tools.amazon_playwright_extractor - INFO - \U0001f4ca SPONSORED FILTERING RESULTS: 5 organic products, 4 sponsored products filtered out
2026-02-02 19:06:42,257 - tools.amazon_playwright_extractor - INFO - \u2705 EAN SEARCH: Selected first organic result - ASIN B07DRP89BF
2026-02-02 19:06:42,257 - tools.amazon_playwright_extractor - INFO -    Trusting Amazon's search relevance for EAN 5012866069058
2026-02-02 19:06:42,257 - tools.amazon_playwright_extractor - INFO -    EAN will be extracted by Keepa during full product data extraction
2026-02-02 19:06:42,257 - tools.amazon_playwright_extractor - INFO - Single ASIN B07DRP89BF found for EAN 5012866069058.
2026-02-02 19:06:42,257 - tools.amazon_playwright_extractor - INFO - Proceeding with ASIN: B07DRP89BF for EAN: 5012866069058
2026-02-02 19:06:42,257 - tools.amazon_playwright_extractor - WARNING - No page object provided to extract_data for ASIN B07DRP89BF. Getting a new one from BrowserManager.
2026-02-02 19:06:42,257 - tools.amazon_playwright_extractor - INFO - Reusing existing page: https://www.amazon.co.uk/s?k=5012866069058&crid=1AS3FYUBCTADR&sprefix=5012866069058%2Caps%2C222&ref=nb_sb_noss
2026-02-02 19:06:45,583 - tools.amazon_playwright_extractor - INFO - Checking for cookie consent pop-up...
2026-02-02 19:06:52,050 - tools.amazon_playwright_extractor - INFO - Finished checking for cookie consent pop-ups. If one was present and not handled, it might interfere.
2026-02-02 19:06:53,062 - tools.amazon_playwright_extractor - INFO - Checking for CAPTCHA...
2026-02-02 19:06:56,071 - tools.amazon_playwright_extractor - INFO - No CAPTCHA page detected by form selector.
2026-02-02 19:06:56,071 - tools.amazon_playwright_extractor - INFO - Checking for cookie consent pop-up...
2026-02-02 19:06:56,689 - tools.amazon_playwright_extractor - INFO - Finished checking for cookie consent pop-ups. If one was present and not handled, it might interfere.
2026-02-02 19:06:56,690 - tools.amazon_playwright_extractor - INFO - Page should be ready. Waiting 5s for stabilization...
2026-02-02 19:07:01,704 - tools.amazon_playwright_extractor - INFO - Waiting an additional 7s for extensions (Keepa, SellerAmp)...
2026-02-02 19:07:08,718 - tools.amazon_playwright_extractor - INFO - Extracting all product data for ASIN: B07DRP89BF
2026-02-02 19:07:08,718 - tools.amazon_playwright_extractor - INFO - Extracting basic product information (Title, Price, Images, Amazon Details)...
2026-02-02 19:07:08,798 - tools.amazon_playwright_extractor - INFO - Title found: 'SPORTSPET Mini Bounce Dog Balls - Premium Rubber Dog Balls for Puppy Dogs Standard Pack of 4 (45mm)' via #productTitle
2026-02-02 19:07:08,798 - tools.amazon_playwright_extractor - INFO - Extracting price details...
2026-02-02 19:07:08,867 - tools.amazon_playwright_extractor - INFO - Current price: 10.75 via #corePrice_feature_div .a-offscreen
2026-02-02 19:07:09,023 - tools.amazon_playwright_extractor - INFO - Original price: 11.83 via .basisPrice span.a-text-price span.a-offscreen
2026-02-02 19:07:09,097 - tools.amazon_playwright_extractor - INFO - Amazon sales badge found: 200 in container div#socialProofingAsinFaceout_feature_div
2026-02-02 19:07:09,097 - tools.amazon_playwright_extractor - INFO - Extracting image URLs...
2026-02-02 19:07:09,242 - tools.amazon_playwright_extractor - INFO - Main image: https://m.media-amazon.com/images/I/71GIe9phNjL._AC_SL1500_.jpg via #landingImage
2026-02-02 19:07:09,621 - tools.amazon_playwright_extractor - INFO - Found 7 thumbnails.
2026-02-02 19:07:09,634 - tools.amazon_playwright_extractor - INFO - Extracting Amazon product details section...
2026-02-02 19:07:10,069 - tools.amazon_playwright_extractor - INFO - Extracting sales rank information...
2026-02-02 19:07:10,632 - tools.amazon_playwright_extractor - INFO - Extracting ratings and reviews...
2026-02-02 19:07:10,770 - tools.amazon_playwright_extractor - INFO - Rating: 4.6 via #acrPopover[title*='out of 5 stars']
2026-02-02 19:07:10,968 - tools.amazon_playwright_extractor - INFO - Review count: 1034 via #acrCustomerReviewText
2026-02-02 19:07:10,968 - tools.amazon_playwright_extractor - INFO - Extracting stock information...
2026-02-02 19:07:11,263 - tools.amazon_playwright_extractor - INFO - Availability text: 'In stock' via #availability span.a-size-medium.a-color-success
2026-02-02 19:07:11,263 - tools.amazon_playwright_extractor - INFO - Extracting features/bullets...
2026-02-02 19:07:12,860 - tools.amazon_playwright_extractor - INFO - Found 6 features.
2026-02-02 19:07:12,861 - tools.amazon_playwright_extractor - INFO - Extracting product description...
2026-02-02 19:07:12,963 - tools.amazon_playwright_extractor - INFO - Description found using selector: #aplus_feature_div
2026-02-02 19:07:12,963 - tools.amazon_playwright_extractor - INFO - Extracting product specifications table...
2026-02-02 19:07:14,857 - tools.amazon_playwright_extractor - INFO - Specifications table parsed using selector: table.a-keyvalue.prodDetTable
2026-02-02 19:07:14,857 - tools.amazon_playwright_extractor - INFO - Extracting SellerAmp data (if present)...
2026-02-02 19:07:14,857 - tools.amazon_playwright_extractor - INFO - SellerAmp data extraction is currently disabled as per requirements (Fix 2.3).
2026-02-02 19:07:14,857 - tools.amazon_playwright_extractor - INFO - Extracting Keepa data (if present)...
2026-02-02 19:07:14,857 - tools.amazon_playwright_extractor - INFO - Attempting to extract Keepa data...
2026-02-02 19:07:20,960 - tools.amazon_playwright_extractor - INFO - Keepa iframe found: iframe[id*='keepa']
2026-02-02 19:07:21,101 - tools.amazon_playwright_extractor - INFO - Keepa Sales Rank Details Table parsed.
2026-02-02 19:07:21,101 - tools.amazon_playwright_extractor - INFO - Keepa Graph AI Analysis is currently disabled as per requirements (Fix 2.4).
2026-02-02 19:07:21,146 - tools.amazon_playwright_extractor - INFO - Keepa Data tab found. Currently active: False
2026-02-02 19:07:21,146 - tools.amazon_playwright_extractor - INFO - Clicking Keepa 'Data' tab...
2026-02-02 19:07:23,520 - tools.amazon_playwright_extractor - INFO - Attempt 1/2: Waiting 12000ms for Product-Details wrapper...
2026-02-02 19:07:23,555 - tools.amazon_playwright_extractor - INFO - ? Product-Details wrapper appeared on attempt 1
2026-02-02 19:07:23,616 - tools.amazon_playwright_extractor - INFO - Parsing Keepa AG Grid for Product Details from: div#MoreTab1 div#grid-product-detail
2026-02-02 19:07:23,678 - tools.amazon_playwright_extractor - INFO - Primary attempt: Waiting 12 seconds for AG Grid rows to load...
2026-02-02 19:07:24,730 - tools.amazon_playwright_extractor - INFO - ? Primary attempt successful: 178 rows found
2026-02-02 19:07:24,751 - tools.amazon_playwright_extractor - INFO - Processing 178 rows in Keepa Product Details AG Grid.
2026-02-02 19:07:26,981 - tools.amazon_playwright_extractor - INFO - Found potential fee key 'FBA Pick&Pack Fee' with raw value: 'Ł 2.65' in Keepa AG Grid.
2026-02-02 19:07:27,121 - tools.amazon_playwright_extractor - INFO - Found potential fee key 'Referral Fee based on current Buy Box price' with raw value: 'Ł 1.61' in Keepa AG Grid.
2026-02-02 19:07:31,925 - tools.amazon_playwright_extractor - INFO - ? Successfully parsed 52 items from Keepa Product Details AG Grid.
2026-02-02 19:07:31,925 - tools.amazon_playwright_extractor - INFO - ASIN B07DRP89BF: Attempting to extract EANs from Keepa product_details_tab_data.
2026-02-02 19:07:31,926 - tools.amazon_playwright_extractor - INFO - ASIN B07DRP89BF: EAN '5038483198780' found in Keepa details via key 'Product Codes - EAN'.
2026-02-02 19:07:31,926 - tools.amazon_playwright_extractor - INFO - ASIN B07DRP89BF: BSR not found or invalid from page. Attempting fallback from Keepa.
2026-02-02 19:07:31,926 - tools.amazon_playwright_extractor - INFO - ASIN B07DRP89BF: BSR 4624 in 'Pet Supplies 28' from Keepa SalesRankDetailsTable.
2026-02-02 19:07:31,926 - tools.amazon_playwright_extractor - INFO - \u2705 Recorded search method 'EAN' for ASIN B07DRP89BF
2026-02-02 19:07:31,926 - tools.amazon_playwright_extractor - INFO - Successfully extracted data for ASIN B07DRP89BF (EAN on page: 5038483198780)
2026-02-02 19:07:31,930 [INFO] WindowsSaveGuardian: ? ATOMIC SAVE: amazon_B07DRP89BF_5012866069058.json (32 entries) saved successfully
2026-02-02 19:07:31,930 - windows_save_guardian - INFO - ? ATOMIC SAVE: amazon_B07DRP89BF_5012866069058.json (32 entries) saved successfully
2026-02-02 19:07:31,931 - tools.amazon_playwright_extractor - INFO - Searching Amazon by EAN: 5012866625032 for supplier product: 'Abc Train Set Med  by AtoZ Toys' (FixedAmazonExtractor)
2026-02-02 19:07:31,931 - tools.amazon_playwright_extractor - INFO - Navigating to Amazon UK to search for EAN: 5012866625032
2026-02-02 19:07:36,264 - tools.amazon_playwright_extractor - INFO - Waiting for search results page to load for EAN 5012866625032...
2026-02-02 19:07:36,308 - tools.amazon_playwright_extractor - INFO - Found search results container with selector: div.s-search-results
2026-02-02 19:07:36,950 - tools.amazon_playwright_extractor - INFO - Found 6 search result elements using selector: div[data-component-type='s-search-result']
2026-02-02 19:07:36,950 - tools.amazon_playwright_extractor - INFO - Processing 6 search result elements for EAN 5012866625032
2026-02-02 19:07:37,052 - tools.amazon_playwright_extractor - INFO - Found organic result: ASIN B07DRP89BF - SPORTSPET Mini Bounce Dog Balls - Premium Rubber Dog Balls f...
2026-02-02 19:07:37,170 - tools.amazon_playwright_extractor - INFO - Found organic result: ASIN B08LH77LVN - Shower Head High Pressure by StoneStream® Original Filter Sh...
2026-02-02 19:07:37,270 - tools.amazon_playwright_extractor - INFO - Found organic result: ASIN B0F341K2XM - Eco Solid Rubber Ball 4pk - Dog Balls Long Lasting Dog Chew ...
2026-02-02 19:07:37,395 - tools.amazon_playwright_extractor - INFO - Found organic result: ASIN B0DFW3PP68 - Pressure Relief Valve for Triton 6Pcs, Mellbree PRD Disc Sea...
2026-02-02 19:07:37,516 - tools.amazon_playwright_extractor - INFO - Found organic result: ASIN B07N1MSMC3 - Spare Multibloc Inlet Control Valve TS201...
2026-02-02 19:07:37,517 - tools.amazon_playwright_extractor - INFO - Found 5 organic results, stopping search to improve performance.
2026-02-02 19:07:37,517 - tools.amazon_playwright_extractor - INFO - \U0001f4ca SPONSORED FILTERING RESULTS: 5 organic products, 1 sponsored products filtered out
2026-02-02 19:07:37,517 - tools.amazon_playwright_extractor - INFO - \u2705 EAN SEARCH: Selected first organic result - ASIN B07DRP89BF
2026-02-02 19:07:37,517 - tools.amazon_playwright_extractor - INFO -    Trusting Amazon's search relevance for EAN 5012866625032
2026-02-02 19:07:37,517 - tools.amazon_playwright_extractor - INFO -    EAN will be extracted by Keepa during full product data extraction
2026-02-02 19:07:37,517 - tools.amazon_playwright_extractor - INFO - Single ASIN B07DRP89BF found for EAN 5012866625032.
2026-02-02 19:07:37,517 - tools.amazon_playwright_extractor - INFO - Proceeding with ASIN: B07DRP89BF for EAN: 5012866625032
2026-02-02 19:07:37,517 - tools.amazon_playwright_extractor - WARNING - No page object provided to extract_data for ASIN B07DRP89BF. Getting a new one from BrowserManager.
2026-02-02 19:07:37,517 - tools.amazon_playwright_extractor - INFO - Reusing existing page: https://www.amazon.co.uk/s?k=5012866625032&ref=nb_sb_noss
2026-02-02 19:07:40,282 - tools.amazon_playwright_extractor - INFO - Checking for cookie consent pop-up...
2026-02-02 19:07:40,573 - tools.amazon_playwright_extractor - INFO - Finished checking for cookie consent pop-ups. If one was present and not handled, it might interfere.
2026-02-02 19:07:41,574 - tools.amazon_playwright_extractor - INFO - Checking for CAPTCHA...
2026-02-02 19:07:44,585 - tools.amazon_playwright_extractor - INFO - No CAPTCHA page detected by form selector.
2026-02-02 19:07:44,585 - tools.amazon_playwright_extractor - INFO - Checking for cookie consent pop-up...
2026-02-02 19:07:44,660 - tools.amazon_playwright_extractor - INFO - Finished checking for cookie consent pop-ups. If one was present and not handled, it might interfere.
2026-02-02 19:07:44,660 - tools.amazon_playwright_extractor - INFO - Page should be ready. Waiting 5s for stabilization...
2026-02-02 19:07:49,663 - tools.amazon_playwright_extractor - INFO - Waiting an additional 7s for extensions (Keepa, SellerAmp)...
2026-02-02 19:07:56,667 - tools.amazon_playwright_extractor - INFO - Extracting all product data for ASIN: B07DRP89BF
2026-02-02 19:07:56,667 - tools.amazon_playwright_extractor - INFO - Extracting basic product information (Title, Price, Images, Amazon Details)...
2026-02-02 19:07:56,771 - tools.amazon_playwright_extractor - INFO - Title found: 'SPORTSPET Mini Bounce Dog Balls - Premium Rubber Dog Balls for Puppy Dogs Standard Pack of 4 (45mm)' via #productTitle
2026-02-02 19:07:56,772 - tools.amazon_playwright_extractor - INFO - Extracting price details...
2026-02-02 19:07:56,854 - tools.amazon_playwright_extractor - INFO - Current price: 10.75 via #corePrice_feature_div .a-offscreen
2026-02-02 19:07:56,983 - tools.amazon_playwright_extractor - INFO - Original price: 11.83 via .basisPrice span.a-text-price span.a-offscreen
2026-02-02 19:07:57,231 - tools.amazon_playwright_extractor - INFO - Amazon sales badge found: 200 in container div#socialProofingAsinFaceout_feature_div
2026-02-02 19:07:57,231 - tools.amazon_playwright_extractor - INFO - Extracting image URLs...
2026-02-02 19:07:57,719 - tools.amazon_playwright_extractor - INFO - Main image: https://m.media-amazon.com/images/I/71GIe9phNjL._AC_SL1500_.jpg via #landingImage
2026-02-02 19:07:58,213 - tools.amazon_playwright_extractor - INFO - Found 7 thumbnails.
2026-02-02 19:07:58,230 - tools.amazon_playwright_extractor - INFO - Extracting Amazon product details section...
2026-02-02 19:07:58,907 - tools.amazon_playwright_extractor - INFO - Extracting sales rank information...
2026-02-02 19:07:59,435 - tools.amazon_playwright_extractor - INFO - Extracting ratings and reviews...
2026-02-02 19:07:59,503 - tools.amazon_playwright_extractor - INFO - Rating: 4.6 via #acrPopover[title*='out of 5 stars']
2026-02-02 19:07:59,576 - tools.amazon_playwright_extractor - INFO - Review count: 1034 via #acrCustomerReviewText
2026-02-02 19:07:59,576 - tools.amazon_playwright_extractor - INFO - Extracting stock information...
2026-02-02 19:07:59,630 - tools.amazon_playwright_extractor - INFO - Availability text: 'In stock' via #availability span.a-size-medium.a-color-success
2026-02-02 19:07:59,630 - tools.amazon_playwright_extractor - INFO - Extracting features/bullets...
2026-02-02 19:08:00,736 - tools.amazon_playwright_extractor - INFO - Found 6 features.
2026-02-02 19:08:00,736 - tools.amazon_playwright_extractor - INFO - Extracting product description...
2026-02-02 19:08:00,948 - tools.amazon_playwright_extractor - INFO - Description found using selector: #aplus_feature_div
2026-02-02 19:08:00,948 - tools.amazon_playwright_extractor - INFO - Extracting product specifications table...
2026-02-02 19:08:03,212 - tools.amazon_playwright_extractor - INFO - Specifications table parsed using selector: table.a-keyvalue.prodDetTable
2026-02-02 19:08:03,212 - tools.amazon_playwright_extractor - INFO - Extracting SellerAmp data (if present)...
2026-02-02 19:08:03,212 - tools.amazon_playwright_extractor - INFO - SellerAmp data extraction is currently disabled as per requirements (Fix 2.3).
2026-02-02 19:08:03,212 - tools.amazon_playwright_extractor - INFO - Extracting Keepa data (if present)...
2026-02-02 19:08:03,212 - tools.amazon_playwright_extractor - INFO - Attempting to extract Keepa data...
2026-02-02 19:08:09,528 - tools.amazon_playwright_extractor - INFO - Keepa iframe found: iframe[id*='keepa']
2026-02-02 19:08:09,942 - tools.amazon_playwright_extractor - INFO - Keepa Sales Rank Details Table parsed.
2026-02-02 19:08:09,942 - tools.amazon_playwright_extractor - INFO - Keepa Graph AI Analysis is currently disabled as per requirements (Fix 2.4).
2026-02-02 19:08:10,025 - tools.amazon_playwright_extractor - INFO - Keepa Data tab found. Currently active: False
2026-02-02 19:08:10,025 - tools.amazon_playwright_extractor - INFO - Clicking Keepa 'Data' tab...
2026-02-02 19:08:12,880 - tools.amazon_playwright_extractor - INFO - Attempt 1/2: Waiting 12000ms for Product-Details wrapper...
2026-02-02 19:08:12,948 - tools.amazon_playwright_extractor - INFO - ? Product-Details wrapper appeared on attempt 1
2026-02-02 19:08:13,053 - tools.amazon_playwright_extractor - INFO - Parsing Keepa AG Grid for Product Details from: div#MoreTab1 div#grid-product-detail
2026-02-02 19:08:13,157 - tools.amazon_playwright_extractor - INFO - Primary attempt: Waiting 12 seconds for AG Grid rows to load...
2026-02-02 19:08:14,237 - tools.amazon_playwright_extractor - INFO - ? Primary attempt successful: 178 rows found
2026-02-02 19:08:14,271 - tools.amazon_playwright_extractor - INFO - Processing 178 rows in Keepa Product Details AG Grid.
2026-02-02 19:08:20,136 - tools.amazon_playwright_extractor - INFO - Found potential fee key 'FBA Pick&Pack Fee' with raw value: 'Ł 2.65' in Keepa AG Grid.
2026-02-02 19:08:20,574 - tools.amazon_playwright_extractor - INFO - Found potential fee key 'Referral Fee based on current Buy Box price' with raw value: 'Ł 1.61' in Keepa AG Grid.
2026-02-02 19:08:30,881 - tools.amazon_playwright_extractor - INFO - ? Successfully parsed 52 items from Keepa Product Details AG Grid.
2026-02-02 19:08:30,881 - tools.amazon_playwright_extractor - INFO - ASIN B07DRP89BF: Attempting to extract EANs from Keepa product_details_tab_data.
2026-02-02 19:08:30,881 - tools.amazon_playwright_extractor - INFO - ASIN B07DRP89BF: EAN '5038483198780' found in Keepa details via key 'Product Codes - EAN'.
2026-02-02 19:08:30,881 - tools.amazon_playwright_extractor - INFO - ASIN B07DRP89BF: BSR not found or invalid from page. Attempting fallback from Keepa.
2026-02-02 19:08:30,881 - tools.amazon_playwright_extractor - INFO - ASIN B07DRP89BF: BSR 4624 in 'Pet Supplies 28' from Keepa SalesRankDetailsTable.
2026-02-02 19:08:30,881 - tools.amazon_playwright_extractor - INFO - \u2705 Recorded search method 'EAN' for ASIN B07DRP89BF
2026-02-02 19:08:30,881 - tools.amazon_playwright_extractor - INFO - Successfully extracted data for ASIN B07DRP89BF (EAN on page: 5038483198780)
2026-02-02 19:08:30,884 [INFO] WindowsSaveGuardian: ? ATOMIC SAVE: amazon_B07DRP89BF_5012866625032.json (32 entries) saved successfully
2026-02-02 19:08:30,884 - windows_save_guardian - INFO - ? ATOMIC SAVE: amazon_B07DRP89BF_5012866625032.json (32 entries) saved successfully
2026-02-02 19:08:30,885 - tools.amazon_playwright_extractor - INFO - Searching Amazon by EAN: 5055499001200 for supplier product: 'Muslinz 6pk Green Quality Muslin Squares 100% Cotton' (FixedAmazonExtractor)
2026-02-02 19:08:30,885 - tools.amazon_playwright_extractor - INFO - Navigating to Amazon UK to search for EAN: 5055499001200
2026-02-02 19:08:34,969 - tools.amazon_playwright_extractor - INFO - Waiting for search results page to load for EAN 5055499001200...
2026-02-02 19:08:35,005 - tools.amazon_playwright_extractor - INFO - Found search results container with selector: div.s-search-results
2026-02-02 19:08:35,654 - tools.amazon_playwright_extractor - INFO - Found 7 search result elements using selector: div[data-component-type='s-search-result']
2026-02-02 19:08:35,654 - tools.amazon_playwright_extractor - INFO - Processing 7 search result elements for EAN 5055499001200
2026-02-02 19:08:35,772 - tools.amazon_playwright_extractor - INFO - Found organic result: ASIN B0D7QCYXSH - Organic Next To Me Crib Sheets – Gots Certified Thickest & S...
2026-02-02 19:08:35,918 - tools.amazon_playwright_extractor - INFO - Found organic result: ASIN B00DIB9O2I - MuslinZ Muslin Cloths for Baby - Baby Burp Cloths - 6 Pack M...
2026-02-02 19:08:36,039 - tools.amazon_playwright_extractor - INFO - Found organic result: ASIN B0F6M1QPCY - Baby Muslin Cloths 6 Pack 70x70cm | Bamboo Cotton Baby Musli...
2026-02-02 19:08:36,134 - tools.amazon_playwright_extractor - INFO - Found organic result: ASIN B0FDS34N2S - Soft Touch Newborn Essentials 100% Cotton Baby Muslin Cloths...
2026-02-02 19:08:36,230 - tools.amazon_playwright_extractor - INFO - Found organic result: ASIN B0FGZB7T1B - Soft Touch Baby Blanket for Newborn, Supersoft Waffle Blanke...
2026-02-02 19:08:36,230 - tools.amazon_playwright_extractor - INFO - Found 5 organic results, stopping search to improve performance.
2026-02-02 19:08:36,230 - tools.amazon_playwright_extractor - INFO - \U0001f4ca SPONSORED FILTERING RESULTS: 5 organic products, 2 sponsored products filtered out
2026-02-02 19:08:36,230 - tools.amazon_playwright_extractor - INFO - \u2705 EAN SEARCH: Selected first organic result - ASIN B0D7QCYXSH
2026-02-02 19:08:36,230 - tools.amazon_playwright_extractor - INFO -    Trusting Amazon's search relevance for EAN 5055499001200
2026-02-02 19:08:36,230 - tools.amazon_playwright_extractor - INFO -    EAN will be extracted by Keepa during full product data extraction
2026-02-02 19:08:36,230 - tools.amazon_playwright_extractor - INFO - Single ASIN B0D7QCYXSH found for EAN 5055499001200.
2026-02-02 19:08:36,230 - tools.amazon_playwright_extractor - INFO - Proceeding with ASIN: B0D7QCYXSH for EAN: 5055499001200
2026-02-02 19:08:36,231 - tools.amazon_playwright_extractor - WARNING - No page object provided to extract_data for ASIN B0D7QCYXSH. Getting a new one from BrowserManager.
2026-02-02 19:08:36,231 - tools.amazon_playwright_extractor - INFO - Reusing existing page: https://www.amazon.co.uk/s?k=5055499001200&ref=nb_sb_noss
2026-02-02 19:08:39,251 - tools.amazon_playwright_extractor - INFO - Checking for cookie consent pop-up...
2026-02-02 19:08:40,047 - tools.amazon_playwright_extractor - INFO - Finished checking for cookie consent pop-ups. If one was present and not handled, it might interfere.
2026-02-02 19:08:41,050 - tools.amazon_playwright_extractor - INFO - Checking for CAPTCHA...
2026-02-02 19:08:44,053 - tools.amazon_playwright_extractor - INFO - No CAPTCHA page detected by form selector.
2026-02-02 19:08:44,053 - tools.amazon_playwright_extractor - INFO - Checking for cookie consent pop-up...
2026-02-02 19:08:44,171 - tools.amazon_playwright_extractor - INFO - Finished checking for cookie consent pop-ups. If one was present and not handled, it might interfere.
2026-02-02 19:08:44,171 - tools.amazon_playwright_extractor - INFO - Page should be ready. Waiting 5s for stabilization...
2026-02-02 19:08:49,183 - tools.amazon_playwright_extractor - INFO - Waiting an additional 7s for extensions (Keepa, SellerAmp)...
2026-02-02 19:08:56,190 - tools.amazon_playwright_extractor - INFO - Extracting all product data for ASIN: B0D7QCYXSH
2026-02-02 19:08:56,191 - tools.amazon_playwright_extractor - INFO - Extracting basic product information (Title, Price, Images, Amazon Details)...
2026-02-02 19:08:56,378 - tools.amazon_playwright_extractor - INFO - Title found: 'Organic Next To Me Crib Sheets – Gots Certified Thickest & Softest GOTS Organic Cotton 200GSM – Bedside Sleeper Sheet 51x85 / 50x90 Next2me Cozee Bedside Crib Fitted Mattress Sheets' via #productTitle
2026-02-02 19:08:56,379 - tools.amazon_playwright_extractor - INFO - Extracting price details...
2026-02-02 19:08:56,437 - tools.amazon_playwright_extractor - INFO - Current price: 22.99 via #corePrice_feature_div .a-offscreen
2026-02-02 19:08:56,791 - tools.amazon_playwright_extractor - INFO - Amazon sales badge found: 200 in container div#socialProofingAsinFaceout_feature_div
2026-02-02 19:08:56,791 - tools.amazon_playwright_extractor - INFO - Extracting image URLs...
2026-02-02 19:08:56,899 - tools.amazon_playwright_extractor - INFO - Main image: https://m.media-amazon.com/images/I/51KOgN-mqKL._AC_SL1024_.jpg via #landingImage
2026-02-02 19:08:57,349 - tools.amazon_playwright_extractor - INFO - Found 7 thumbnails.
2026-02-02 19:08:57,359 - tools.amazon_playwright_extractor - INFO - Extracting Amazon product details section...
2026-02-02 19:08:57,876 - tools.amazon_playwright_extractor - INFO - Extracting sales rank information...
2026-02-02 19:08:58,722 - tools.amazon_playwright_extractor - INFO - Extracting ratings and reviews...
2026-02-02 19:08:58,777 - tools.amazon_playwright_extractor - INFO - Rating: 4.8 via #acrPopover[title*='out of 5 stars']
2026-02-02 19:08:58,865 - tools.amazon_playwright_extractor - INFO - Review count: 620 via #acrCustomerReviewText
2026-02-02 19:08:58,866 - tools.amazon_playwright_extractor - INFO - Extracting stock information...
2026-02-02 19:08:58,935 - tools.amazon_playwright_extractor - INFO - Availability text: 'In stock' via #availability span.a-size-medium.a-color-success
2026-02-02 19:08:58,935 - tools.amazon_playwright_extractor - INFO - Extracting features/bullets...
2026-02-02 19:09:00,057 - tools.amazon_playwright_extractor - INFO - Found 7 features.
2026-02-02 19:09:00,057 - tools.amazon_playwright_extractor - INFO - Extracting product description...
2026-02-02 19:09:00,190 - tools.amazon_playwright_extractor - INFO - Description found using selector: #aplus_feature_div
2026-02-02 19:09:00,190 - tools.amazon_playwright_extractor - INFO - Extracting product specifications table...
2026-02-02 19:09:01,054 - tools.amazon_playwright_extractor - INFO - Specifications table parsed using selector: table.a-keyvalue.prodDetTable
2026-02-02 19:09:01,054 - tools.amazon_playwright_extractor - INFO - Extracting SellerAmp data (if present)...
2026-02-02 19:09:01,054 - tools.amazon_playwright_extractor - INFO - SellerAmp data extraction is currently disabled as per requirements (Fix 2.3).
2026-02-02 19:09:01,054 - tools.amazon_playwright_extractor - INFO - Extracting Keepa data (if present)...
2026-02-02 19:09:01,054 - tools.amazon_playwright_extractor - INFO - Attempting to extract Keepa data...
2026-02-02 19:09:07,212 - tools.amazon_playwright_extractor - INFO - Keepa iframe found: iframe[id*='keepa']
2026-02-02 19:09:07,407 - tools.amazon_playwright_extractor - INFO - Keepa Sales Rank Details Table parsed.
2026-02-02 19:09:07,407 - tools.amazon_playwright_extractor - INFO - Keepa Graph AI Analysis is currently disabled as per requirements (Fix 2.4).
2026-02-02 19:09:07,477 - tools.amazon_playwright_extractor - INFO - Keepa Data tab found. Currently active: False
2026-02-02 19:09:07,477 - tools.amazon_playwright_extractor - INFO - Clicking Keepa 'Data' tab...
2026-02-02 19:09:10,355 - tools.amazon_playwright_extractor - INFO - Attempt 1/2: Waiting 12000ms for Product-Details wrapper...
2026-02-02 19:09:10,399 - tools.amazon_playwright_extractor - INFO - ? Product-Details wrapper appeared on attempt 1
2026-02-02 19:09:10,496 - tools.amazon_playwright_extractor - INFO - Parsing Keepa AG Grid for Product Details from: div#MoreTab1 div#grid-product-detail
2026-02-02 19:09:10,589 - tools.amazon_playwright_extractor - INFO - Primary attempt: Waiting 12 seconds for AG Grid rows to load...
2026-02-02 19:09:11,673 - tools.amazon_playwright_extractor - INFO - ? Primary attempt successful: 175 rows found
2026-02-02 19:09:11,710 - tools.amazon_playwright_extractor - INFO - Processing 175 rows in Keepa Product Details AG Grid.
2026-02-02 19:09:15,761 - tools.amazon_playwright_extractor - INFO - Found potential fee key 'FBA Pick&Pack Fee' with raw value: 'Ł 2.89' in Keepa AG Grid.
2026-02-02 19:09:16,017 - tools.amazon_playwright_extractor - INFO - Found potential fee key 'Referral Fee based on current Buy Box price' with raw value: 'Ł 3.45' in Keepa AG Grid.
2026-02-02 19:09:24,807 - tools.amazon_playwright_extractor - INFO - ? Successfully parsed 50 items from Keepa Product Details AG Grid.
2026-02-02 19:09:24,807 - tools.amazon_playwright_extractor - INFO - ASIN B0D7QCYXSH: Attempting to extract EANs from Keepa product_details_tab_data.
2026-02-02 19:09:24,807 - tools.amazon_playwright_extractor - INFO - ASIN B0D7QCYXSH: EAN '5061022310824' found in Keepa details via key 'Product Codes - EAN'.
2026-02-02 19:09:24,807 - tools.amazon_playwright_extractor - INFO - ASIN B0D7QCYXSH: BSR not found or invalid from page. Attempting fallback from Keepa.
2026-02-02 19:09:24,807 - tools.amazon_playwright_extractor - INFO - ASIN B0D7QCYXSH: BSR 375 in 'Baby Products 27' from Keepa SalesRankDetailsTable.
2026-02-02 19:09:24,807 - tools.amazon_playwright_extractor - INFO - \u2705 Recorded search method 'EAN' for ASIN B0D7QCYXSH
2026-02-02 19:09:24,807 - tools.amazon_playwright_extractor - INFO - Successfully extracted data for ASIN B0D7QCYXSH (EAN on page: 5061022310824)
2026-02-02 19:09:24,810 [INFO] WindowsSaveGuardian: ? ATOMIC SAVE: amazon_B0D7QCYXSH_5055499001200.json (31 entries) saved successfully
2026-02-02 19:09:24,810 - windows_save_guardian - INFO - ? ATOMIC SAVE: amazon_B0D7QCYXSH_5055499001200.json (31 entries) saved successfully
2026-02-02 19:09:24,811 - tools.amazon_playwright_extractor - INFO - Searching Amazon by EAN: 5015302105747 for supplier product: 'Silicone Teats Medium Flow 2 Pack by First Steps' (FixedAmazonExtractor)
2026-02-02 19:09:24,811 - tools.amazon_playwright_extractor - INFO - Navigating to Amazon UK to search for EAN: 5015302105747
2026-02-02 19:09:29,518 - tools.amazon_playwright_extractor - INFO - Waiting for search results page to load for EAN 5015302105747...
2026-02-02 19:09:30,016 - tools.amazon_playwright_extractor - INFO - Found search results container with selector: div.s-search-results
2026-02-02 19:09:30,778 - tools.amazon_playwright_extractor - INFO - Found 13 search result elements using selector: div[data-component-type='s-search-result']
2026-02-02 19:09:30,778 - tools.amazon_playwright_extractor - INFO - Processing 13 search result elements for EAN 5015302105747
2026-02-02 19:09:31,036 - tools.amazon_playwright_extractor - INFO - Found organic result: ASIN B0DMK2TN43 - 4pcs Duckbill Valves and 2pcs Silicone Diaphragm Compatible ...
2026-02-02 19:09:31,352 - tools.amazon_playwright_extractor - INFO - Found organic result: ASIN B0D7QCYXSH - Organic Next To Me Crib Sheets – Gots Certified Thickest & S...
2026-02-02 19:09:31,531 - tools.amazon_playwright_extractor - INFO - Found organic result: ASIN B0D1QV594Y - 6Pcs Duckbill Valves and 2Pcs Diaphragm Compatible with Momc...
2026-02-02 19:09:31,675 - tools.amazon_playwright_extractor - INFO - Found organic result: ASIN B094JVKC6G - RSW 2 in 1 Baby Bottle and Teat Brush, 2 Brushes in 1, Ideal...
2026-02-02 19:09:31,844 - tools.amazon_playwright_extractor - INFO - Found organic result: ASIN B0DDNQHHL5 - 12 Pcs Straw Brushes, Straw Cleaning Brush, Small Cleaning B...
2026-02-02 19:09:31,844 - tools.amazon_playwright_extractor - INFO - Found 5 organic results, stopping search to improve performance.
2026-02-02 19:09:31,844 - tools.amazon_playwright_extractor - INFO - \U0001f4ca SPONSORED FILTERING RESULTS: 5 organic products, 8 sponsored products filtered out
2026-02-02 19:09:31,844 - tools.amazon_playwright_extractor - INFO - \u2705 EAN SEARCH: Selected first organic result - ASIN B0DMK2TN43
2026-02-02 19:09:31,844 - tools.amazon_playwright_extractor - INFO -    Trusting Amazon's search relevance for EAN 5015302105747
2026-02-02 19:09:31,844 - tools.amazon_playwright_extractor - INFO -    EAN will be extracted by Keepa during full product data extraction
2026-02-02 19:09:31,844 - tools.amazon_playwright_extractor - INFO - Single ASIN B0DMK2TN43 found for EAN 5015302105747.
2026-02-02 19:09:31,844 - tools.amazon_playwright_extractor - INFO - Proceeding with ASIN: B0DMK2TN43 for EAN: 5015302105747
2026-02-02 19:09:31,844 - tools.amazon_playwright_extractor - WARNING - No page object provided to extract_data for ASIN B0DMK2TN43. Getting a new one from BrowserManager.
2026-02-02 19:09:31,844 - tools.amazon_playwright_extractor - INFO - Reusing existing page: https://www.amazon.co.uk/s?k=5015302105747&ref=nb_sb_noss
2026-02-02 19:09:34,906 - tools.amazon_playwright_extractor - INFO - Checking for cookie consent pop-up...
2026-02-02 19:09:35,855 - tools.amazon_playwright_extractor - INFO - Finished checking for cookie consent pop-ups. If one was present and not handled, it might interfere.
2026-02-02 19:09:36,859 - tools.amazon_playwright_extractor - INFO - Checking for CAPTCHA...
2026-02-02 19:09:39,869 - tools.amazon_playwright_extractor - INFO - No CAPTCHA page detected by form selector.
2026-02-02 19:09:39,869 - tools.amazon_playwright_extractor - INFO - Checking for cookie consent pop-up...
2026-02-02 19:09:39,966 - tools.amazon_playwright_extractor - INFO - Finished checking for cookie consent pop-ups. If one was present and not handled, it might interfere.
2026-02-02 19:09:39,966 - tools.amazon_playwright_extractor - INFO - Page should be ready. Waiting 5s for stabilization...
2026-02-02 19:09:44,973 - tools.amazon_playwright_extractor - INFO - Waiting an additional 7s for extensions (Keepa, SellerAmp)...
2026-02-02 19:09:51,974 - tools.amazon_playwright_extractor - INFO - Extracting all product data for ASIN: B0DMK2TN43
2026-02-02 19:09:51,974 - tools.amazon_playwright_extractor - INFO - Extracting basic product information (Title, Price, Images, Amazon Details)...
2026-02-02 19:09:52,029 - tools.amazon_playwright_extractor - INFO - Title found: '4pcs Duckbill Valves and 2pcs Silicone Diaphragm Compatible with Momcozy S12 Pro/S9 Pro/TSRETE S12/Kmaier S12 Wearable Breast Pumps Accessories,Breast Pump Replacement Parts' via #productTitle
2026-02-02 19:09:52,029 - tools.amazon_playwright_extractor - INFO - Extracting price details...
2026-02-02 19:09:52,067 - tools.amazon_playwright_extractor - INFO - Current price: 9.99 via #corePrice_feature_div .a-offscreen
2026-02-02 19:09:52,164 - tools.amazon_playwright_extractor - INFO - Original price: 24.99 via span.a-price.a-text-price[data-a-strike='true'] span.a-offscreen
2026-02-02 19:09:52,242 - tools.amazon_playwright_extractor - INFO - Extracting image URLs...
2026-02-02 19:09:52,309 - tools.amazon_playwright_extractor - INFO - Main image: https://m.media-amazon.com/images/I/51Ndsv2j1fL._AC_SL1000_.jpg via #landingImage
2026-02-02 19:09:52,576 - tools.amazon_playwright_extractor - INFO - Found 7 thumbnails.
2026-02-02 19:09:52,583 - tools.amazon_playwright_extractor - INFO - Extracting Amazon product details section...
2026-02-02 19:09:53,373 - tools.amazon_playwright_extractor - INFO - Extracting sales rank information...
2026-02-02 19:09:53,636 - tools.amazon_playwright_extractor - INFO - Extracting ratings and reviews...
2026-02-02 19:09:53,666 - tools.amazon_playwright_extractor - INFO - Rating: 4.4 via #acrPopover[title*='out of 5 stars']
2026-02-02 19:09:53,697 - tools.amazon_playwright_extractor - INFO - Review count: 169 via #acrCustomerReviewText
2026-02-02 19:09:53,697 - tools.amazon_playwright_extractor - INFO - Extracting stock information...
2026-02-02 19:09:53,728 - tools.amazon_playwright_extractor - INFO - Availability text: 'Temporarily out of stock.' via #availability span.a-size-medium.a-color-success
2026-02-02 19:09:53,728 - tools.amazon_playwright_extractor - INFO - Extracting features/bullets...
2026-02-02 19:09:54,116 - tools.amazon_playwright_extractor - INFO - Found 5 features.
2026-02-02 19:09:54,116 - tools.amazon_playwright_extractor - INFO - Extracting product description...
2026-02-02 19:09:54,285 - tools.amazon_playwright_extractor - INFO - Extracting product specifications table...
2026-02-02 19:09:54,879 - tools.amazon_playwright_extractor - INFO - Specifications table parsed using selector: table.a-keyvalue.prodDetTable
2026-02-02 19:09:54,879 - tools.amazon_playwright_extractor - INFO - Extracting SellerAmp data (if present)...
2026-02-02 19:09:54,879 - tools.amazon_playwright_extractor - INFO - SellerAmp data extraction is currently disabled as per requirements (Fix 2.3).
2026-02-02 19:09:54,879 - tools.amazon_playwright_extractor - INFO - Extracting Keepa data (if present)...
2026-02-02 19:09:54,879 - tools.amazon_playwright_extractor - INFO - Attempting to extract Keepa data...
2026-02-02 19:10:01,028 - tools.amazon_playwright_extractor - INFO - Keepa iframe found: iframe[id*='keepa']
2026-02-02 19:10:01,191 - tools.amazon_playwright_extractor - INFO - Keepa Graph AI Analysis is currently disabled as per requirements (Fix 2.4).
2026-02-02 19:10:01,269 - tools.amazon_playwright_extractor - INFO - Keepa Data tab found. Currently active: False
2026-02-02 19:10:01,269 - tools.amazon_playwright_extractor - INFO - Clicking Keepa 'Data' tab...
2026-02-02 19:10:03,870 - tools.amazon_playwright_extractor - INFO - Attempt 1/2: Waiting 12000ms for Product-Details wrapper...
2026-02-02 19:10:03,908 - tools.amazon_playwright_extractor - INFO - ? Product-Details wrapper appeared on attempt 1
2026-02-02 19:10:04,007 - tools.amazon_playwright_extractor - INFO - Parsing Keepa AG Grid for Product Details from: div#MoreTab1 div#grid-product-detail
2026-02-02 19:10:04,067 - tools.amazon_playwright_extractor - INFO - Primary attempt: Waiting 12 seconds for AG Grid rows to load...
2026-02-02 19:10:05,134 - tools.amazon_playwright_extractor - INFO - ? Primary attempt successful: 124 rows found
2026-02-02 19:10:05,158 - tools.amazon_playwright_extractor - INFO - Processing 124 rows in Keepa Product Details AG Grid.
2026-02-02 19:10:07,378 - tools.amazon_playwright_extractor - INFO - Found potential fee key 'FBA Pick&Pack Fee' with raw value: 'Ł 2.67' in Keepa AG Grid.
2026-02-02 19:10:07,556 - tools.amazon_playwright_extractor - INFO - Found potential fee key 'Referral Fee based on current Buy Box price' with raw value: 'Ł 0.80' in Keepa AG Grid.
2026-02-02 19:10:11,342 - tools.amazon_playwright_extractor - INFO - ? Successfully parsed 36 items from Keepa Product Details AG Grid.
2026-02-02 19:10:11,342 - tools.amazon_playwright_extractor - INFO - ASIN B0DMK2TN43: Attempting to extract EANs from Keepa product_details_tab_data.
2026-02-02 19:10:11,342 - tools.amazon_playwright_extractor - WARNING - ASIN B0DMK2TN43: Could not find EAN in Keepa product_details_tab_data.
2026-02-02 19:10:11,342 - tools.amazon_playwright_extractor - INFO - ASIN B0DMK2TN43: BSR not found or invalid from page. Attempting fallback from Keepa.
2026-02-02 19:10:11,343 - tools.amazon_playwright_extractor - WARNING - ASIN B0DMK2TN43: Could not find BSR in any Keepa data source.
2026-02-02 19:10:11,343 - tools.amazon_playwright_extractor - INFO - \u2705 Recorded search method 'EAN' for ASIN B0DMK2TN43
2026-02-02 19:10:11,343 - tools.amazon_playwright_extractor - INFO - Successfully extracted data for ASIN B0DMK2TN43 (EAN on page: N/A)
2026-02-02 19:10:11,349 [INFO] WindowsSaveGuardian: ? ATOMIC SAVE: amazon_B0DMK2TN43_5015302105747.json (25 entries) saved successfully
2026-02-02 19:10:11,349 - windows_save_guardian - INFO - ? ATOMIC SAVE: amazon_B0DMK2TN43_5015302105747.json (25 entries) saved successfully
2026-02-02 19:10:11,349 - tools.amazon_playwright_extractor - INFO - Searching Amazon by EAN: 5027148041455 for supplier product: '15cm London Guardsman Bear Soft Plush By Keel Toys - Souvenir' (FixedAmazonExtractor)
2026-02-02 19:10:11,349 - tools.amazon_playwright_extractor - INFO - Navigating to Amazon UK to search for EAN: 5027148041455
2026-02-02 19:10:15,641 - tools.amazon_playwright_extractor - INFO - Waiting for search results page to load for EAN 5027148041455...
2026-02-02 19:10:15,793 - tools.amazon_playwright_extractor - INFO - Found search results container with selector: div.s-search-results
2026-02-02 19:10:16,512 - tools.amazon_playwright_extractor - INFO - Found 13 search result elements using selector: div[data-component-type='s-search-result']
2026-02-02 19:10:16,512 - tools.amazon_playwright_extractor - INFO - Processing 13 search result elements for EAN 5027148041455
2026-02-02 19:10:16,683 - tools.amazon_playwright_extractor - INFO - Found organic result: ASIN B007IS4HYC - Keel Toys 25cm London Guardsman Bear...
2026-02-02 19:10:16,793 - tools.amazon_playwright_extractor - INFO - Found organic result: ASIN B07F9Z85H7 - Rainbow Designs Classic Paddington Bear with Boots and Suitc...
2026-02-02 19:10:17,055 - tools.amazon_playwright_extractor - INFO - Found organic result: ASIN B0DFTT1C5M - HUGZ Teddy Bear Plush toy, Stuffed Teddy Bear Animal, Cuddly...
2026-02-02 19:10:17,214 - tools.amazon_playwright_extractor - INFO - Found organic result: ASIN B0G6S793V3 - Replacement FM2-5533-000 Waste Toner Container Compatible fo...
2026-02-02 19:10:17,367 - tools.amazon_playwright_extractor - INFO - Found organic result: ASIN B09FYCQ1FQ - Care Bears | Dream Bright Bear 35cm Medium Plush | Collectab...
2026-02-02 19:10:17,368 - tools.amazon_playwright_extractor - INFO - Found 5 organic results, stopping search to improve performance.
2026-02-02 19:10:17,368 - tools.amazon_playwright_extractor - INFO - \U0001f4ca SPONSORED FILTERING RESULTS: 5 organic products, 8 sponsored products filtered out
2026-02-02 19:10:17,368 - tools.amazon_playwright_extractor - INFO - \u2705 EAN SEARCH: Selected first organic result - ASIN B007IS4HYC
2026-02-02 19:10:17,368 - tools.amazon_playwright_extractor - INFO -    Trusting Amazon's search relevance for EAN 5027148041455
2026-02-02 19:10:17,368 - tools.amazon_playwright_extractor - INFO -    EAN will be extracted by Keepa during full product data extraction
2026-02-02 19:10:17,368 - tools.amazon_playwright_extractor - INFO - Single ASIN B007IS4HYC found for EAN 5027148041455.
2026-02-02 19:10:17,368 - tools.amazon_playwright_extractor - INFO - Proceeding with ASIN: B007IS4HYC for EAN: 5027148041455
2026-02-02 19:10:17,368 - tools.amazon_playwright_extractor - WARNING - No page object provided to extract_data for ASIN B007IS4HYC. Getting a new one from BrowserManager.
2026-02-02 19:10:17,369 - tools.amazon_playwright_extractor - INFO - Reusing existing page: https://www.amazon.co.uk/s?k=5027148041455&ref=nb_sb_noss
2026-02-02 19:10:20,237 - tools.amazon_playwright_extractor - INFO - Checking for cookie consent pop-up...
2026-02-02 19:10:20,797 - tools.amazon_playwright_extractor - INFO - Finished checking for cookie consent pop-ups. If one was present and not handled, it might interfere.
2026-02-02 19:10:21,809 - tools.amazon_playwright_extractor - INFO - Checking for CAPTCHA...
2026-02-02 19:10:24,822 - tools.amazon_playwright_extractor - INFO - No CAPTCHA page detected by form selector.
2026-02-02 19:10:24,822 - tools.amazon_playwright_extractor - INFO - Checking for cookie consent pop-up...
2026-02-02 19:10:24,952 - tools.amazon_playwright_extractor - INFO - Finished checking for cookie consent pop-ups. If one was present and not handled, it might interfere.
2026-02-02 19:10:24,953 - tools.amazon_playwright_extractor - INFO - Page should be ready. Waiting 5s for stabilization...
2026-02-02 19:10:29,963 - tools.amazon_playwright_extractor - INFO - Waiting an additional 7s for extensions (Keepa, SellerAmp)...
2026-02-02 19:10:36,975 - tools.amazon_playwright_extractor - INFO - Extracting all product data for ASIN: B007IS4HYC
2026-02-02 19:10:36,975 - tools.amazon_playwright_extractor - INFO - Extracting basic product information (Title, Price, Images, Amazon Details)...
2026-02-02 19:10:37,033 - tools.amazon_playwright_extractor - INFO - Title found: 'Keel Toys 25cm London Guardsman Bear' via #productTitle
2026-02-02 19:10:37,033 - tools.amazon_playwright_extractor - INFO - Extracting price details...
2026-02-02 19:10:37,069 - tools.amazon_playwright_extractor - INFO - Current price: 16.92 via #corePrice_feature_div .a-offscreen
2026-02-02 19:10:37,170 - tools.amazon_playwright_extractor - INFO - Original price: 52.99 via span.a-price.a-text-price[data-a-strike='true'] span.a-offscreen
2026-02-02 19:10:37,282 - tools.amazon_playwright_extractor - INFO - Extracting image URLs...
2026-02-02 19:10:37,330 - tools.amazon_playwright_extractor - INFO - Main image: https://m.media-amazon.com/images/I/51nj-XR5FhL._AC_SL1000_.jpg via #landingImage
2026-02-02 19:10:37,378 - tools.amazon_playwright_extractor - INFO - Found 1 thumbnails.
2026-02-02 19:10:37,385 - tools.amazon_playwright_extractor - INFO - Extracting Amazon product details section...
2026-02-02 19:10:38,114 - tools.amazon_playwright_extractor - INFO - Extracting sales rank information...
2026-02-02 19:10:38,398 - tools.amazon_playwright_extractor - INFO - Extracting ratings and reviews...
2026-02-02 19:10:38,431 - tools.amazon_playwright_extractor - INFO - Rating: 5.0 via #acrPopover[title*='out of 5 stars']
2026-02-02 19:10:38,471 - tools.amazon_playwright_extractor - INFO - Review count: 4 via #acrCustomerReviewText
2026-02-02 19:10:38,471 - tools.amazon_playwright_extractor - INFO - Extracting stock information...
2026-02-02 19:10:38,517 - tools.amazon_playwright_extractor - INFO - Availability text: 'Only 8 left in stock.' via #availability span.a-color-price
2026-02-02 19:10:38,517 - tools.amazon_playwright_extractor - INFO - Extracting features/bullets...
2026-02-02 19:10:38,891 - tools.amazon_playwright_extractor - INFO - Found 5 features.
2026-02-02 19:10:38,891 - tools.amazon_playwright_extractor - INFO - Extracting product description...
2026-02-02 19:10:39,038 - tools.amazon_playwright_extractor - INFO - Extracting product specifications table...
2026-02-02 19:10:39,950 - tools.amazon_playwright_extractor - INFO - Specifications table parsed using selector: table.a-keyvalue.prodDetTable
2026-02-02 19:10:39,950 - tools.amazon_playwright_extractor - INFO - Extracting SellerAmp data (if present)...
2026-02-02 19:10:39,950 - tools.amazon_playwright_extractor - INFO - SellerAmp data extraction is currently disabled as per requirements (Fix 2.3).
2026-02-02 19:10:39,950 - tools.amazon_playwright_extractor - INFO - Extracting Keepa data (if present)...
2026-02-02 19:10:39,950 - tools.amazon_playwright_extractor - INFO - Attempting to extract Keepa data...
2026-02-02 19:10:46,097 - tools.amazon_playwright_extractor - INFO - Keepa iframe found: iframe[id*='keepa']
2026-02-02 19:10:46,254 - tools.amazon_playwright_extractor - INFO - Keepa Sales Rank Details Table parsed.
2026-02-02 19:10:46,254 - tools.amazon_playwright_extractor - INFO - Keepa Graph AI Analysis is currently disabled as per requirements (Fix 2.4).
2026-02-02 19:10:46,306 - tools.amazon_playwright_extractor - INFO - Keepa Data tab found. Currently active: False
2026-02-02 19:10:46,306 - tools.amazon_playwright_extractor - INFO - Clicking Keepa 'Data' tab...
2026-02-02 19:10:48,636 - tools.amazon_playwright_extractor - INFO - Attempt 1/2: Waiting 12000ms for Product-Details wrapper...
2026-02-02 19:10:49,233 - tools.amazon_playwright_extractor - INFO - ? Product-Details wrapper appeared on attempt 1
2026-02-02 19:10:49,301 - tools.amazon_playwright_extractor - INFO - Parsing Keepa AG Grid for Product Details from: div#MoreTab1 div#grid-product-detail
2026-02-02 19:10:49,361 - tools.amazon_playwright_extractor - INFO - Primary attempt: Waiting 12 seconds for AG Grid rows to load...
2026-02-02 19:10:50,412 - tools.amazon_playwright_extractor - INFO - ? Primary attempt successful: 136 rows found
2026-02-02 19:10:50,425 - tools.amazon_playwright_extractor - INFO - Processing 136 rows in Keepa Product Details AG Grid.
2026-02-02 19:10:51,721 - tools.amazon_playwright_extractor - INFO - Found potential fee key 'FBA Pick&Pack Fee' with raw value: 'Ł 3.48' in Keepa AG Grid.
2026-02-02 19:10:51,862 - tools.amazon_playwright_extractor - INFO - Found potential fee key 'Referral Fee based on current Buy Box price' with raw value: 'Ł 2.54' in Keepa AG Grid.
2026-02-02 19:10:54,715 - tools.amazon_playwright_extractor - INFO - ? Successfully parsed 41 items from Keepa Product Details AG Grid.
2026-02-02 19:10:54,715 - tools.amazon_playwright_extractor - INFO - ASIN B007IS4HYC: Attempting to extract EANs from Keepa product_details_tab_data.
2026-02-02 19:10:54,715 - tools.amazon_playwright_extractor - INFO - ASIN B007IS4HYC: EAN '5027148041455' found in Keepa details via key 'Product Codes - EAN'.
2026-02-02 19:10:54,715 - tools.amazon_playwright_extractor - INFO - ASIN B007IS4HYC: BSR not found or invalid from page. Attempting fallback from Keepa.
2026-02-02 19:10:54,715 - tools.amazon_playwright_extractor - INFO - ASIN B007IS4HYC: BSR 174996 in 'Toys & Games 2.7' from Keepa SalesRankDetailsTable.
2026-02-02 19:10:54,715 - tools.amazon_playwright_extractor - INFO - \u2705 Recorded search method 'EAN' for ASIN B007IS4HYC
2026-02-02 19:10:54,715 - tools.amazon_playwright_extractor - INFO - Successfully extracted data for ASIN B007IS4HYC (EAN on page: 5027148041455)
2026-02-02 19:10:54,723 [INFO] WindowsSaveGuardian: ? ATOMIC SAVE: amazon_B007IS4HYC_5027148041455.json (30 entries) saved successfully
2026-02-02 19:10:54,723 - windows_save_guardian - INFO - ? ATOMIC SAVE: amazon_B007IS4HYC_5027148041455.json (30 entries) saved successfully
2026-02-02 19:10:54,724 - tools.amazon_playwright_extractor - INFO - Searching Amazon by EAN: 5035320257174 for supplier product: 'Blue Star Baby Cot Blanket by Nursery Time 100x150cm' (FixedAmazonExtractor)
2026-02-02 19:10:54,724 - tools.amazon_playwright_extractor - INFO - Navigating to Amazon UK to search for EAN: 5035320257174
2026-02-02 19:10:59,346 - tools.amazon_playwright_extractor - INFO - Waiting for search results page to load for EAN 5035320257174...
2026-02-02 19:10:59,399 - tools.amazon_playwright_extractor - INFO - Found search results container with selector: div.s-search-results
2026-02-02 19:11:00,044 - tools.amazon_playwright_extractor - INFO - Found 6 search result elements using selector: div[data-component-type='s-search-result']
2026-02-02 19:11:00,044 - tools.amazon_playwright_extractor - INFO - Processing 6 search result elements for EAN 5035320257174
2026-02-02 19:11:00,151 - tools.amazon_playwright_extractor - INFO - Found organic result: ASIN B01MSZQ37V - LEGO Classic Creative Build-and-Play Box - Colourful Bricks ...
2026-02-02 19:11:00,262 - tools.amazon_playwright_extractor - INFO - Found organic result: ASIN B0CXTCTJ8R - 1500 Pieces Building Bricks, Classic Bulk Small Blocks, Clas...
2026-02-02 19:11:00,388 - tools.amazon_playwright_extractor - INFO - Found organic result: ASIN B0CTHQ8ZVC - 300 Pcs Classic Building Bricks, Light Grey Bulk Bricks, Com...
2026-02-02 19:11:00,494 - tools.amazon_playwright_extractor - INFO - Found organic result: ASIN B08Z7GXZX9 - WYSWYG Classic Big Building Block Set, Large 240 Pieces Buil...
2026-02-02 19:11:00,583 - tools.amazon_playwright_extractor - INFO - Found organic result: ASIN B09MQJWH3G - W10189190 Refrigerator Starter 2319792 TSD2 Compressor Relay...
2026-02-02 19:11:00,583 - tools.amazon_playwright_extractor - INFO - Found 5 organic results, stopping search to improve performance.
2026-02-02 19:11:00,583 - tools.amazon_playwright_extractor - INFO - \U0001f4ca SPONSORED FILTERING RESULTS: 5 organic products, 1 sponsored products filtered out
2026-02-02 19:11:00,583 - tools.amazon_playwright_extractor - INFO - \u2705 EAN SEARCH: Selected first organic result - ASIN B01MSZQ37V
2026-02-02 19:11:00,583 - tools.amazon_playwright_extractor - INFO -    Trusting Amazon's search relevance for EAN 5035320257174
2026-02-02 19:11:00,583 - tools.amazon_playwright_extractor - INFO -    EAN will be extracted by Keepa during full product data extraction
2026-02-02 19:11:00,583 - tools.amazon_playwright_extractor - INFO - Single ASIN B01MSZQ37V found for EAN 5035320257174.
2026-02-02 19:11:00,583 - tools.amazon_playwright_extractor - INFO - Proceeding with ASIN: B01MSZQ37V for EAN: 5035320257174
2026-02-02 19:11:00,584 - tools.amazon_playwright_extractor - WARNING - No page object provided to extract_data for ASIN B01MSZQ37V. Getting a new one from BrowserManager.
2026-02-02 19:11:00,584 - tools.amazon_playwright_extractor - INFO - Reusing existing page: https://www.amazon.co.uk/s?k=5035320257174&ref=nb_sb_noss
2026-02-02 19:11:03,581 - tools.amazon_playwright_extractor - INFO - Checking for cookie consent pop-up...
2026-02-02 19:11:04,244 - tools.amazon_playwright_extractor - INFO - Finished checking for cookie consent pop-ups. If one was present and not handled, it might interfere.
2026-02-02 19:11:05,249 - tools.amazon_playwright_extractor - INFO - Checking for CAPTCHA...
2026-02-02 19:11:08,258 - tools.amazon_playwright_extractor - INFO - No CAPTCHA page detected by form selector.
2026-02-02 19:11:08,259 - tools.amazon_playwright_extractor - INFO - Checking for cookie consent pop-up...
2026-02-02 19:11:08,356 - tools.amazon_playwright_extractor - INFO - Finished checking for cookie consent pop-ups. If one was present and not handled, it might interfere.
2026-02-02 19:11:08,356 - tools.amazon_playwright_extractor - INFO - Page should be ready. Waiting 5s for stabilization...
2026-02-02 19:11:13,359 - tools.amazon_playwright_extractor - INFO - Waiting an additional 7s for extensions (Keepa, SellerAmp)...
2026-02-02 19:11:20,369 - tools.amazon_playwright_extractor - INFO - Extracting all product data for ASIN: B01MSZQ37V
2026-02-02 19:11:20,369 - tools.amazon_playwright_extractor - INFO - Extracting basic product information (Title, Price, Images, Amazon Details)...
2026-02-02 19:11:20,400 - tools.amazon_playwright_extractor - INFO - Title found: 'LEGO Classic Creative Build-and-Play Box - Colourful Bricks Set - Build a House, Dog, Fire Engine Toy, Piano Keyboard, Clouds & Rainbow - Arts and Crafts Kit for 5+ Year Old Boys & Girls - 11044' via #productTitle
2026-02-02 19:11:20,400 - tools.amazon_playwright_extractor - INFO - Extracting price details...
2026-02-02 19:11:20,423 - tools.amazon_playwright_extractor - INFO - Current price: 44.99 via #corePrice_feature_div .a-offscreen
2026-02-02 19:11:20,503 - tools.amazon_playwright_extractor - INFO - Amazon sales badge found: 50 in container div#socialProofingAsinFaceout_feature_div
2026-02-02 19:11:20,503 - tools.amazon_playwright_extractor - INFO - Extracting image URLs...
2026-02-02 19:11:20,539 - tools.amazon_playwright_extractor - INFO - Main image: https://m.media-amazon.com/images/I/81OWz7DHCgL._AC_SL1500_.jpg via #landingImage
2026-02-02 19:11:20,618 - tools.amazon_playwright_extractor - INFO - Found 7 thumbnails.
2026-02-02 19:11:20,624 - tools.amazon_playwright_extractor - INFO - Extracting Amazon product details section...
2026-02-02 19:11:20,756 - tools.amazon_playwright_extractor - INFO - Extracting sales rank information...
2026-02-02 19:11:21,026 - tools.amazon_playwright_extractor - INFO - Extracting ratings and reviews...
2026-02-02 19:11:21,047 - tools.amazon_playwright_extractor - INFO - Rating: 4.6 via #acrPopover[title*='out of 5 stars']
2026-02-02 19:11:21,068 - tools.amazon_playwright_extractor - INFO - Review count: 452 via #acrCustomerReviewText
2026-02-02 19:11:21,068 - tools.amazon_playwright_extractor - INFO - Extracting stock information...
2026-02-02 19:11:21,090 - tools.amazon_playwright_extractor - INFO - Availability text: 'In stock' via #availability span.a-size-medium.a-color-success
2026-02-02 19:11:21,090 - tools.amazon_playwright_extractor - INFO - Extracting features/bullets...
2026-02-02 19:11:21,367 - tools.amazon_playwright_extractor - INFO - Found 7 features.
2026-02-02 19:11:21,367 - tools.amazon_playwright_extractor - INFO - Extracting product description...
2026-02-02 19:11:21,406 - tools.amazon_playwright_extractor - INFO - Description found using selector: #aplus_feature_div
2026-02-02 19:11:21,406 - tools.amazon_playwright_extractor - INFO - Extracting product specifications table...
2026-02-02 19:11:22,067 - tools.amazon_playwright_extractor - INFO - Specifications table parsed using selector: table.a-keyvalue.prodDetTable
2026-02-02 19:11:22,067 - tools.amazon_playwright_extractor - INFO - Extracting SellerAmp data (if present)...
2026-02-02 19:11:22,067 - tools.amazon_playwright_extractor - INFO - SellerAmp data extraction is currently disabled as per requirements (Fix 2.3).
2026-02-02 19:11:22,067 - tools.amazon_playwright_extractor - INFO - Extracting Keepa data (if present)...
2026-02-02 19:11:22,067 - tools.amazon_playwright_extractor - INFO - Attempting to extract Keepa data...
2026-02-02 19:11:28,135 - tools.amazon_playwright_extractor - INFO - Keepa iframe found: iframe[id*='keepa']
2026-02-02 19:11:28,230 - tools.amazon_playwright_extractor - INFO - Keepa Sales Rank Details Table parsed.
2026-02-02 19:11:28,231 - tools.amazon_playwright_extractor - INFO - Keepa Graph AI Analysis is currently disabled as per requirements (Fix 2.4).
2026-02-02 19:11:28,259 - tools.amazon_playwright_extractor - INFO - Keepa Data tab found. Currently active: False
2026-02-02 19:11:28,259 - tools.amazon_playwright_extractor - INFO - Clicking Keepa 'Data' tab...
2026-02-02 19:11:30,592 - tools.amazon_playwright_extractor - INFO - Attempt 1/2: Waiting 12000ms for Product-Details wrapper...
2026-02-02 19:11:32,656 - tools.amazon_playwright_extractor - INFO - ? Product-Details wrapper appeared on attempt 1
2026-02-02 19:11:32,717 - tools.amazon_playwright_extractor - INFO - Parsing Keepa AG Grid for Product Details from: div#MoreTab1 div#grid-product-detail
2026-02-02 19:11:32,772 - tools.amazon_playwright_extractor - INFO - Primary attempt: Waiting 12 seconds for AG Grid rows to load...
2026-02-02 19:11:33,828 - tools.amazon_playwright_extractor - INFO - ? Primary attempt successful: 163 rows found
2026-02-02 19:11:33,847 - tools.amazon_playwright_extractor - INFO - Processing 163 rows in Keepa Product Details AG Grid.
2026-02-02 19:11:35,675 - tools.amazon_playwright_extractor - INFO - Found potential fee key 'FBA Pick&Pack Fee' with raw value: 'Ł 3.49' in Keepa AG Grid.
2026-02-02 19:11:35,805 - tools.amazon_playwright_extractor - INFO - Found potential fee key 'Referral Fee based on current Buy Box price' with raw value: 'Ł 6.75' in Keepa AG Grid.
2026-02-02 19:11:39,594 - tools.amazon_playwright_extractor - INFO - ? Successfully parsed 48 items from Keepa Product Details AG Grid.
2026-02-02 19:11:39,594 - tools.amazon_playwright_extractor - INFO - ASIN B01MSZQ37V: Attempting to extract EANs from Keepa product_details_tab_data.
2026-02-02 19:11:39,594 - tools.amazon_playwright_extractor - INFO - ASIN B01MSZQ37V: EAN '5702017824864' found in Keepa details via key 'Product Codes - EAN'.
2026-02-02 19:11:39,594 - tools.amazon_playwright_extractor - INFO - ASIN B01MSZQ37V: BSR not found or invalid from page. Attempting fallback from Keepa.
2026-02-02 19:11:39,594 - tools.amazon_playwright_extractor - INFO - ASIN B01MSZQ37V: BSR 8046 in 'Toys & Games 37' from Keepa SalesRankDetailsTable.
2026-02-02 19:11:39,594 - tools.amazon_playwright_extractor - INFO - \u2705 Recorded search method 'EAN' for ASIN B01MSZQ37V
2026-02-02 19:11:39,594 - tools.amazon_playwright_extractor - INFO - Successfully extracted data for ASIN B01MSZQ37V (EAN on page: 5702017824864)
2026-02-02 19:11:39,597 [INFO] WindowsSaveGuardian: ? ATOMIC SAVE: amazon_B01MSZQ37V_5035320257174.json (29 entries) saved successfully
2026-02-02 19:11:39,597 - windows_save_guardian - INFO - ? ATOMIC SAVE: amazon_B01MSZQ37V_5035320257174.json (29 entries) saved successfully
2026-02-02 19:11:39,602 [INFO] WindowsSaveGuardian: ? ATOMIC SAVE: linking_map.json (6 entries) saved successfully
2026-02-02 19:11:39,602 - windows_save_guardian - INFO - ? ATOMIC SAVE: linking_map.json (6 entries) saved successfully
2026-02-02 19:11:40,102 - tools.FBA_Financial_calculator - INFO - FBA_Financial_calculator: amazon_dir confirmed to exist and is a directory: C:\Users\chris\Desktop\Amazon-FBA-Agent-System-v32 - latest good - Copy (8) - Copy - Copy - POSTLONGRUNPREKIRO2 beforecompletion-\OUTPUTS\FBA_ANALYSIS\amazon_cache
2026-02-02 19:11:40,103 - tools.FBA_Financial_calculator - INFO - ? PRICE FOUND: EAN=5012866069058, ASIN=None, Price=Ł10.75 (from current_price)
2026-02-02 19:11:40,103 - tools.FBA_Financial_calculator - INFO - ? PRICE FOUND: EAN=5012866625032, ASIN=None, Price=Ł10.75 (from current_price)
2026-02-02 19:11:40,103 - tools.FBA_Financial_calculator - INFO - ? PRICE FOUND: EAN=5055499001200, ASIN=None, Price=Ł22.99 (from current_price)
2026-02-02 19:11:40,104 - tools.FBA_Financial_calculator - INFO - ? PRICE FOUND: EAN=5015302105747, ASIN=None, Price=Ł9.99 (from current_price)
2026-02-02 19:11:40,104 - tools.FBA_Financial_calculator - INFO - ? PRICE FOUND: EAN=5027148041455, ASIN=None, Price=Ł16.92 (from current_price)
2026-02-02 19:11:40,104 - tools.FBA_Financial_calculator - INFO - ? PRICE FOUND: EAN=5035320257174, ASIN=None, Price=Ł44.99 (from current_price)
2026-02-02 19:11:40,120 - __main__ - INFO - \u2705 Financial calculations completed for 6 matched products
2026-02-02 19:11:40,120 - utils.browser_manager - WARNING - Error during global cleanup: no running event loop
Loading supplier products from: C:\Users\chris\Desktop\Amazon-FBA-Agent-System-v32 - latest good - Copy (8) - Copy - Copy - POSTLONGRUNPREKIRO2 beforecompletion-\OUTPUTS\cached_products\angelwholesale-co-uk__sandbox__angelwho_products_cache.json
Using Amazon data from: C:\Users\chris\Desktop\Amazon-FBA-Agent-System-v32 - latest good - Copy (8) - Copy - Copy - POSTLONGRUNPREKIRO2 beforecompletion-\OUTPUTS\FBA_ANALYSIS\amazon_cache
Output will be saved to: C:\Users\chris\Desktop\Amazon-FBA-Agent-System-v32 - latest good - Copy (8) - Copy - Copy - POSTLONGRUNPREKIRO2 beforecompletion-\OUTPUTS\FBA_ANALYSIS\financial_reports\angelwholesale-co-uk__sandbox__angelwho
Processing 6 supplier products...
Loaded supplier-specific linking map with 6 entries
Found Amazon data via linking map (EAN): 5012866069058 -> B07DRP89BF
Found Amazon data via linking map (EAN): 5012866625032 -> B07DRP89BF
Found Amazon data via linking map (EAN): 5055499001200 -> B0D7QCYXSH
Found Amazon data via linking map (EAN): 5015302105747 -> B0DMK2TN43
Found Amazon data via linking map (EAN): 5027148041455 -> B007IS4HYC
Found Amazon data via linking map (EAN): 5035320257174 -> B01MSZQ37V
Exception ignored in: <function BaseSubprocessTransport.__del__ at 0x000001E0B8F34C20>
Traceback (most recent call last):
  File "C:\Python313\Lib\asyncio\base_subprocess.py", line 130, in __del__
  File "C:\Python313\Lib\asyncio\base_subprocess.py", line 107, in close
  File "C:\Python313\Lib\asyncio\proactor_events.py", line 109, in close
  File "C:\Python313\Lib\asyncio\base_events.py", line 827, in call_soon
  File "C:\Python313\Lib\asyncio\base_events.py", line 550, in _check_closed
RuntimeError: Event loop is closed
