2026-02-14 09:43:06,158 - __main__ - WARNING - Ignoring supplier identity from products file; job sandbox is authoritative. job=angelwholesale.co.uk__sandbox__b3fb1b8e file=angelwholesale.co.uk
2026-02-14 09:43:06,158 - tools.amazon_playwright_extractor - WARNING - ?? BrowserCircuitBreaker not available - health management disabled
2026-02-14 09:43:06,158 - tools.amazon_playwright_extractor - INFO - AI features disabled in amazon_playwright_extractor - using only traditional selectors.
2026-02-14 09:43:06,159 - tools.amazon_playwright_extractor - INFO - Output directory set to: C:\Users\chris\Desktop\Amazon-FBA-Agent-System-v32 - latest good - Copy (8) - Copy - Copy - POSTLONGRUNPREKIRO2 beforecompletion-\OUTPUTS\CACHE\amazon_data
2026-02-14 09:43:06,163 - tools.amazon_playwright_extractor - WARNING - ?? BrowserManager not available, using legacy browser connection
2026-02-14 09:43:06,163 - tools.amazon_playwright_extractor - INFO - \U0001f527 FixedAmazonExtractor connecting via BrowserManager singleton
2026-02-14 09:43:06,164 - utils.browser_circuit_breaker - INFO - BrowserCircuitBreaker initialized: threshold=3, timeout=300s
2026-02-14 09:43:06,164 - utils.browser_manager - INFO - ?? BrowserManager singleton initialized with health management
2026-02-14 09:43:06,611 - utils.browser_manager - INFO - ?? Connecting to existing Chrome debug instance on port 9222
2026-02-14 09:43:06,611 - utils.browser_manager - INFO - ?? Per troubleshooting docs: Using existing Chrome debug only
2026-02-14 09:43:08,787 - utils.browser_manager - INFO - ? Chrome debug accessible on IPv4: Chrome/144.0.7559.133
2026-02-14 09:43:08,787 - utils.browser_manager - INFO - ?? Connecting to existing Chrome debug instance...
2026-02-14 09:43:10,819 - utils.browser_manager - INFO - ?? Using endpoint: http://localhost:9222
2026-02-14 09:43:10,963 - utils.browser_manager - INFO - ? Successfully connected to existing Chrome debug instance
2026-02-14 09:43:10,963 - utils.browser_manager - INFO - ?? Using existing context with 1 pages
2026-02-14 09:43:10,963 - utils.browser_manager - INFO - ?? Connected to existing Chrome: 144.0.7559.133
2026-02-14 09:43:10,963 - tools.amazon_playwright_extractor - INFO - \u2705 FixedAmazonExtractor connected via BrowserManager singleton
2026-02-14 09:43:10,963 - utils.browser_manager - INFO - ?? Reusing existing Chrome connection (port 9222)
2026-02-14 09:43:10,963 - utils.browser_manager - INFO - ?? Reusing existing page in persistent context.
2026-02-14 09:43:10,967 [INFO] WindowsSaveGuardian: ? ATOMIC SAVE: angelwholesale_co_uk__sandbox__b3fb1b8e_processing_state.json (27 entries) saved successfully
2026-02-14 09:43:10,967 - windows_save_guardian - INFO - ? ATOMIC SAVE: angelwholesale_co_uk__sandbox__b3fb1b8e_processing_state.json (27 entries) saved successfully
2026-02-14 09:43:10,968 - utils.fixed_enhanced_state_manager - INFO -  ATOMIC SAVE
2026-02-14 09:43:10,969 [INFO] WindowsSaveGuardian: ? ATOMIC SAVE: angelwholesale_co_uk__sandbox__b3fb1b8e_processing_state.json (27 entries) saved successfully
2026-02-14 09:43:10,969 - windows_save_guardian - INFO - ? ATOMIC SAVE: angelwholesale_co_uk__sandbox__b3fb1b8e_processing_state.json (27 entries) saved successfully
2026-02-14 09:43:10,969 - utils.fixed_enhanced_state_manager - INFO -  ATOMIC SAVE
2026-02-14 09:43:10,970 - tools.amazon_playwright_extractor - INFO - Searching Amazon by EAN: 5012866069058 for supplier product: '3pcs Mosaic Vehicles  by AtoZ Toys' (FixedAmazonExtractor)
2026-02-14 09:43:10,970 - tools.amazon_playwright_extractor - INFO - Navigating to Amazon UK to search for EAN: 5012866069058
2026-02-14 09:43:15,049 - tools.amazon_playwright_extractor - INFO - Waiting for search results page to load for EAN 5012866069058...
2026-02-14 09:43:15,086 - tools.amazon_playwright_extractor - INFO - Found search results container with selector: div.s-search-results
2026-02-14 09:43:15,742 - tools.amazon_playwright_extractor - INFO - Found 12 search result elements using selector: div[data-component-type='s-search-result']
2026-02-14 09:43:15,742 - tools.amazon_playwright_extractor - INFO - Processing 12 search result elements for EAN 5012866069058
2026-02-14 09:43:15,953 - tools.amazon_playwright_extractor - INFO - \U0001f4ca SPONSORED FILTERING RESULTS: 0 organic products, 12 sponsored products filtered out
2026-02-14 09:43:15,953 - tools.amazon_playwright_extractor - WARNING - EAN 5012866069058 returned no organic results - skipping
2026-02-14 09:43:15,953 - tools.amazon_playwright_extractor - WARNING - No Amazon results or error for EAN '5012866069058'. Details: no_organic_results
2026-02-14 09:43:15,954 - tools.amazon_playwright_extractor - INFO - Falling back to title search for supplier product: '3pcs Mosaic Vehicles  by AtoZ Toys'
2026-02-14 09:43:15,954 - tools.amazon_playwright_extractor - INFO - Searching Amazon by title using search bar: '3pcs Mosaic Vehicles  by AtoZ Toys'
2026-02-14 09:43:15,954 - tools.amazon_playwright_extractor - INFO - Navigating to Amazon UK to search for title: 3pcs Mosaic Vehicles  by AtoZ Toys
2026-02-14 09:43:19,863 - tools.amazon_playwright_extractor - INFO - Title search found 55 elements using selector: div.s-search-results > div[data-asin]
2026-02-14 09:43:19,974 - tools.amazon_playwright_extractor - WARNING - ASIN extraction failed: All 4 fallbacks exhausted
2026-02-14 09:43:20,130 - tools.amazon_playwright_extractor - INFO - \u2705 Title search: Selected first visible organic product - ASIN B0FDF3G22H
2026-02-14 09:43:20,130 - tools.amazon_playwright_extractor - INFO - \U0001f3af ASIN EXTRACTION SUCCESS: Found 1 ASINs for title search: '3pcs Mosaic Vehicles  by AtoZ Toys'
2026-02-14 09:43:20,130 - tools.amazon_playwright_extractor - INFO - Title search successful for '3pcs Mosaic Vehicles  by AtoZ Toys' after EAN '5012866069058' failed
2026-02-14 09:43:20,130 - tools.amazon_playwright_extractor - INFO - Extracting complete data for fallback ASIN B0FDF3G22H from title search
2026-02-14 09:43:20,130 - tools.amazon_playwright_extractor - WARNING - No page object provided to extract_data for ASIN B0FDF3G22H. Getting a new one from BrowserManager.
2026-02-14 09:43:20,130 - tools.amazon_playwright_extractor - INFO - Reusing existing page: https://www.amazon.co.uk/s?k=3pcs+Mosaic+Vehicles+by+AtoZ+Toys&ref=nb_sb_noss
2026-02-14 09:43:22,178 - tools.amazon_playwright_extractor - INFO - Checking for cookie consent pop-up...
2026-02-14 09:43:22,453 - tools.amazon_playwright_extractor - INFO - Finished checking for cookie consent pop-ups. If one was present and not handled, it might interfere.
2026-02-14 09:43:23,467 - tools.amazon_playwright_extractor - INFO - Checking for CAPTCHA...
2026-02-14 09:43:26,483 - tools.amazon_playwright_extractor - INFO - No CAPTCHA page detected by form selector.
2026-02-14 09:43:26,483 - tools.amazon_playwright_extractor - INFO - Checking for cookie consent pop-up...
2026-02-14 09:43:26,567 - tools.amazon_playwright_extractor - INFO - Finished checking for cookie consent pop-ups. If one was present and not handled, it might interfere.
2026-02-14 09:43:26,567 - tools.amazon_playwright_extractor - INFO - Page should be ready. Waiting 5s for stabilization...
2026-02-14 09:43:31,567 - tools.amazon_playwright_extractor - INFO - Waiting an additional 7s for extensions (Keepa, SellerAmp)...
2026-02-14 09:43:38,581 - tools.amazon_playwright_extractor - INFO - Extracting all product data for ASIN: B0FDF3G22H
2026-02-14 09:43:38,581 - tools.amazon_playwright_extractor - INFO - Extracting basic product information (Title, Price, Images, Amazon Details)...
2026-02-14 09:43:38,613 - tools.amazon_playwright_extractor - INFO - Title found: '8 Pcs 3D Mosaic Stickers Set Toy for Kids Adults,Fun DIY 3D Vehicles Theme Stickers with Tweezers,Sticky Crafts Activities Travel Toy for Aged 3 Years+ (Vehicles)' via #productTitle
2026-02-14 09:43:38,614 - tools.amazon_playwright_extractor - INFO - Extracting price details...
2026-02-14 09:43:38,636 - tools.amazon_playwright_extractor - INFO - Current price: 9.99 via #corePrice_feature_div .a-offscreen
2026-02-14 09:43:38,678 - tools.amazon_playwright_extractor - INFO - Original price: 14.99 via span.a-price.a-text-price[data-a-strike='true'] span.a-offscreen
2026-02-14 09:43:38,714 - tools.amazon_playwright_extractor - INFO - Extracting image URLs...
2026-02-14 09:43:38,737 - tools.amazon_playwright_extractor - INFO - Main image: https://m.media-amazon.com/images/I/61YfVUfUpiL._AC_SX679_.jpg via #landingImage
2026-02-14 09:43:38,806 - tools.amazon_playwright_extractor - INFO - Found 7 thumbnails.
2026-02-14 09:43:38,811 - tools.amazon_playwright_extractor - INFO - Extracting Amazon product details section...
2026-02-14 09:43:38,905 - tools.amazon_playwright_extractor - INFO - Extracting sales rank information...
2026-02-14 09:43:39,080 - tools.amazon_playwright_extractor - INFO - Extracting ratings and reviews...
2026-02-14 09:43:39,120 - tools.amazon_playwright_extractor - INFO - Rating: 4.6 via i[class*='a-icon-star'] span.a-icon-alt
2026-02-14 09:43:39,145 - tools.amazon_playwright_extractor - INFO - Extracting stock information...
2026-02-14 09:43:39,159 - tools.amazon_playwright_extractor - INFO - Availability text: 'In stock' via #availability span.a-size-medium.a-color-success
2026-02-14 09:43:39,159 - tools.amazon_playwright_extractor - INFO - Extracting features/bullets...
2026-02-14 09:43:39,371 - tools.amazon_playwright_extractor - INFO - Found 5 features.
2026-02-14 09:43:39,372 - tools.amazon_playwright_extractor - INFO - Extracting product description...
2026-02-14 09:43:39,479 - tools.amazon_playwright_extractor - INFO - Extracting product specifications table...
2026-02-14 09:43:39,809 - tools.amazon_playwright_extractor - INFO - Specifications table parsed using selector: table.a-keyvalue.prodDetTable
2026-02-14 09:43:39,809 - tools.amazon_playwright_extractor - INFO - Extracting SellerAmp data (if present)...
2026-02-14 09:43:39,809 - tools.amazon_playwright_extractor - INFO - SellerAmp data extraction is currently disabled as per requirements (Fix 2.3).
2026-02-14 09:43:39,809 - tools.amazon_playwright_extractor - INFO - Extracting Keepa data (if present)...
2026-02-14 09:43:39,809 - tools.amazon_playwright_extractor - INFO - Attempting to extract Keepa data...
2026-02-14 09:43:45,885 - tools.amazon_playwright_extractor - INFO - Keepa iframe found: iframe[id*='keepa']
2026-02-14 09:43:45,952 - tools.amazon_playwright_extractor - INFO - Keepa Sales Rank Details Table parsed.
2026-02-14 09:43:45,952 - tools.amazon_playwright_extractor - INFO - Keepa Graph AI Analysis is currently disabled as per requirements (Fix 2.4).
2026-02-14 09:43:45,977 - tools.amazon_playwright_extractor - INFO - Keepa Data tab found. Currently active: False
2026-02-14 09:43:45,977 - tools.amazon_playwright_extractor - INFO - Clicking Keepa 'Data' tab...
2026-02-14 09:43:48,314 - tools.amazon_playwright_extractor - INFO - Attempt 1/2: Waiting 12000ms for Product-Details wrapper...
2026-02-14 09:43:48,330 - tools.amazon_playwright_extractor - INFO - ? Product-Details wrapper appeared on attempt 1
2026-02-14 09:43:48,364 - tools.amazon_playwright_extractor - INFO - Parsing Keepa AG Grid for Product Details from: div#MoreTab1 div#grid-product-detail
2026-02-14 09:43:48,398 - tools.amazon_playwright_extractor - INFO - Primary attempt: Waiting 12 seconds for AG Grid rows to load...
2026-02-14 09:43:49,442 - tools.amazon_playwright_extractor - INFO - ? Primary attempt successful: 142 rows found
2026-02-14 09:43:49,459 - tools.amazon_playwright_extractor - INFO - Processing 142 rows in Keepa Product Details AG Grid.
2026-02-14 09:43:50,755 - tools.amazon_playwright_extractor - INFO - Found potential fee key 'FBA Pick&Pack Fee' with raw value: 'Ł 1.70' in Keepa AG Grid.
2026-02-14 09:43:50,851 - tools.amazon_playwright_extractor - INFO - Found potential fee key 'Referral Fee based on current Buy Box price' with raw value: 'Ł 0.80' in Keepa AG Grid.
2026-02-14 09:43:53,206 - tools.amazon_playwright_extractor - INFO - ? Successfully parsed 40 items from Keepa Product Details AG Grid.
2026-02-14 09:43:53,206 - tools.amazon_playwright_extractor - INFO - ASIN B0FDF3G22H: Attempting to extract EANs from Keepa product_details_tab_data.
2026-02-14 09:43:53,206 - tools.amazon_playwright_extractor - INFO - ASIN B0FDF3G22H: EAN '8901606314022' found in Keepa details via key 'Product Codes - EAN'.
2026-02-14 09:43:53,206 - tools.amazon_playwright_extractor - INFO - ASIN B0FDF3G22H: BSR not found or invalid from page. Attempting fallback from Keepa.
2026-02-14 09:43:53,206 - tools.amazon_playwright_extractor - INFO - ASIN B0FDF3G22H: BSR 309290 in 'Toys & Games 1.0' from Keepa SalesRankDetailsTable.
2026-02-14 09:43:53,209 [INFO] WindowsSaveGuardian: ? ATOMIC SAVE: amazon_B0FDF3G22H_5012866069058.json (29 entries) saved successfully
2026-02-14 09:43:53,209 - windows_save_guardian - INFO - ? ATOMIC SAVE: amazon_B0FDF3G22H_5012866069058.json (29 entries) saved successfully
2026-02-14 09:43:53,214 [INFO] WindowsSaveGuardian: ? ATOMIC SAVE: linking_map.json (1 entries) saved successfully
2026-02-14 09:43:53,214 - windows_save_guardian - INFO - ? ATOMIC SAVE: linking_map.json (1 entries) saved successfully
2026-02-14 09:43:53,215 - __main__ - INFO - Linking map periodic flush: 1 entries
2026-02-14 09:43:53,216 [INFO] WindowsSaveGuardian: ? ATOMIC SAVE: angelwholesale_co_uk__sandbox__b3fb1b8e_processing_state.json (27 entries) saved successfully
2026-02-14 09:43:53,216 - windows_save_guardian - INFO - ? ATOMIC SAVE: angelwholesale_co_uk__sandbox__b3fb1b8e_processing_state.json (27 entries) saved successfully
2026-02-14 09:43:53,216 - utils.fixed_enhanced_state_manager - INFO -  ATOMIC SAVE
2026-02-14 09:43:53,217 - tools.amazon_playwright_extractor - INFO - Searching Amazon by EAN: 5012866625032 for supplier product: 'Abc Train Set Med  by AtoZ Toys' (FixedAmazonExtractor)
2026-02-14 09:43:53,217 - tools.amazon_playwright_extractor - INFO - Navigating to Amazon UK to search for EAN: 5012866625032
2026-02-14 09:43:56,660 - tools.amazon_playwright_extractor - INFO - Waiting for search results page to load for EAN 5012866625032...
2026-02-14 09:43:56,684 - tools.amazon_playwright_extractor - INFO - Found search results container with selector: div.s-search-results
2026-02-14 09:43:57,319 - tools.amazon_playwright_extractor - INFO - Found 6 search result elements using selector: div[data-component-type='s-search-result']
2026-02-14 09:43:57,319 - tools.amazon_playwright_extractor - INFO - Processing 6 search result elements for EAN 5012866625032
2026-02-14 09:43:57,408 - tools.amazon_playwright_extractor - INFO - \U0001f4ca SPONSORED FILTERING RESULTS: 0 organic products, 6 sponsored products filtered out
2026-02-14 09:43:57,408 - tools.amazon_playwright_extractor - WARNING - EAN 5012866625032 returned no organic results - skipping
2026-02-14 09:43:57,408 - tools.amazon_playwright_extractor - WARNING - No Amazon results or error for EAN '5012866625032'. Details: no_organic_results
2026-02-14 09:43:57,408 - tools.amazon_playwright_extractor - INFO - Falling back to title search for supplier product: 'Abc Train Set Med  by AtoZ Toys'
2026-02-14 09:43:57,408 - tools.amazon_playwright_extractor - INFO - Searching Amazon by title using search bar: 'Abc Train Set Med  by AtoZ Toys'
2026-02-14 09:43:57,408 - tools.amazon_playwright_extractor - INFO - Navigating to Amazon UK to search for title: Abc Train Set Med  by AtoZ Toys
2026-02-14 09:44:01,627 - tools.amazon_playwright_extractor - INFO - Title search found 71 elements using selector: div.s-search-results > div[data-asin]
2026-02-14 09:44:01,701 - tools.amazon_playwright_extractor - WARNING - ASIN extraction failed: All 4 fallbacks exhausted
2026-02-14 09:44:01,949 - tools.amazon_playwright_extractor - INFO - \u2705 Title search: Selected first visible organic product - ASIN B01IWX5EVQ
2026-02-14 09:44:01,949 - tools.amazon_playwright_extractor - INFO - \U0001f3af ASIN EXTRACTION SUCCESS: Found 1 ASINs for title search: 'Abc Train Set Med  by AtoZ Toys'
2026-02-14 09:44:01,949 - tools.amazon_playwright_extractor - INFO - Title search successful for 'Abc Train Set Med  by AtoZ Toys' after EAN '5012866625032' failed
2026-02-14 09:44:01,949 - tools.amazon_playwright_extractor - INFO - Extracting complete data for fallback ASIN B01IWX5EVQ from title search
2026-02-14 09:44:01,949 - tools.amazon_playwright_extractor - WARNING - No page object provided to extract_data for ASIN B01IWX5EVQ. Getting a new one from BrowserManager.
2026-02-14 09:44:01,949 - tools.amazon_playwright_extractor - INFO - Reusing existing page: https://www.amazon.co.uk/s?k=Abc+Train+Set+Med+by+AtoZ+Toys&ref=nb_sb_noss
2026-02-14 09:44:04,357 - tools.amazon_playwright_extractor - INFO - Checking for cookie consent pop-up...
2026-02-14 09:44:04,548 - tools.amazon_playwright_extractor - INFO - Finished checking for cookie consent pop-ups. If one was present and not handled, it might interfere.
2026-02-14 09:44:05,552 - tools.amazon_playwright_extractor - INFO - Checking for CAPTCHA...
2026-02-14 09:44:08,558 - tools.amazon_playwright_extractor - INFO - No CAPTCHA page detected by form selector.
2026-02-14 09:44:08,558 - tools.amazon_playwright_extractor - INFO - Checking for cookie consent pop-up...
2026-02-14 09:44:08,621 - tools.amazon_playwright_extractor - INFO - Finished checking for cookie consent pop-ups. If one was present and not handled, it might interfere.
2026-02-14 09:44:08,621 - tools.amazon_playwright_extractor - INFO - Page should be ready. Waiting 5s for stabilization...
2026-02-14 09:44:13,627 - tools.amazon_playwright_extractor - INFO - Waiting an additional 7s for extensions (Keepa, SellerAmp)...
2026-02-14 09:44:20,635 - tools.amazon_playwright_extractor - INFO - Extracting all product data for ASIN: B01IWX5EVQ
2026-02-14 09:44:20,636 - tools.amazon_playwright_extractor - INFO - Extracting basic product information (Title, Price, Images, Amazon Details)...
2026-02-14 09:44:20,676 - tools.amazon_playwright_extractor - INFO - Title found: 'MEGA BLOKS First Builders Toddler Building Blocks Toy Set, ABC Learning Train with 60 Pieces, Ages 1+ Years, DXH35' via #productTitle
2026-02-14 09:44:20,676 - tools.amazon_playwright_extractor - INFO - Extracting price details...
2026-02-14 09:44:20,695 - tools.amazon_playwright_extractor - INFO - Current price: 7.99 via #corePrice_feature_div .a-offscreen
2026-02-14 09:44:20,739 - tools.amazon_playwright_extractor - INFO - Original price: 17.99 via span.a-price.a-text-price[data-a-strike='true'] span.a-offscreen
2026-02-14 09:44:20,774 - tools.amazon_playwright_extractor - INFO - Extracting image URLs...
2026-02-14 09:44:20,813 - tools.amazon_playwright_extractor - INFO - Main image: https://m.media-amazon.com/images/I/81C8zMI0isL._AC_SL1500_.jpg via #landingImage
2026-02-14 09:44:20,882 - tools.amazon_playwright_extractor - INFO - Found 7 thumbnails.
2026-02-14 09:44:20,885 - tools.amazon_playwright_extractor - INFO - Extracting Amazon product details section...
2026-02-14 09:44:21,014 - tools.amazon_playwright_extractor - INFO - Extracting sales rank information...
2026-02-14 09:44:21,186 - tools.amazon_playwright_extractor - INFO - Extracting ratings and reviews...
2026-02-14 09:44:21,199 - tools.amazon_playwright_extractor - INFO - Rating: 4.7 via #acrPopover[title*='out of 5 stars']
2026-02-14 09:44:21,217 - tools.amazon_playwright_extractor - INFO - Review count: 5926 via #acrCustomerReviewText
2026-02-14 09:44:21,217 - tools.amazon_playwright_extractor - INFO - Extracting stock information...
2026-02-14 09:44:21,235 - tools.amazon_playwright_extractor - INFO - Availability text: 'In stock' via #availability span.a-size-medium.a-color-success
2026-02-14 09:44:21,235 - tools.amazon_playwright_extractor - INFO - Extracting features/bullets...
2026-02-14 09:44:21,451 - tools.amazon_playwright_extractor - INFO - Found 5 features.
2026-02-14 09:44:21,451 - tools.amazon_playwright_extractor - INFO - Extracting product description...
2026-02-14 09:44:21,479 - tools.amazon_playwright_extractor - INFO - Description found using selector: #aplus_feature_div
2026-02-14 09:44:21,479 - tools.amazon_playwright_extractor - INFO - Extracting product specifications table...
2026-02-14 09:44:22,013 - tools.amazon_playwright_extractor - INFO - Specifications table parsed using selector: table.a-keyvalue.prodDetTable
2026-02-14 09:44:22,013 - tools.amazon_playwright_extractor - INFO - Extracting SellerAmp data (if present)...
2026-02-14 09:44:22,013 - tools.amazon_playwright_extractor - INFO - SellerAmp data extraction is currently disabled as per requirements (Fix 2.3).
2026-02-14 09:44:22,013 - tools.amazon_playwright_extractor - INFO - Extracting Keepa data (if present)...
2026-02-14 09:44:22,013 - tools.amazon_playwright_extractor - INFO - Attempting to extract Keepa data...
2026-02-14 09:44:28,078 - tools.amazon_playwright_extractor - INFO - Keepa iframe found: iframe[id*='keepa']
2026-02-14 09:44:28,164 - tools.amazon_playwright_extractor - INFO - Keepa Sales Rank Details Table parsed.
2026-02-14 09:44:28,164 - tools.amazon_playwright_extractor - INFO - Keepa Graph AI Analysis is currently disabled as per requirements (Fix 2.4).
2026-02-14 09:44:28,190 - tools.amazon_playwright_extractor - INFO - Keepa Data tab found. Currently active: False
2026-02-14 09:44:28,190 - tools.amazon_playwright_extractor - INFO - Clicking Keepa 'Data' tab...
2026-02-14 09:44:30,511 - tools.amazon_playwright_extractor - INFO - Attempt 1/2: Waiting 12000ms for Product-Details wrapper...
2026-02-14 09:44:34,137 - tools.amazon_playwright_extractor - INFO - ? Product-Details wrapper appeared on attempt 1
2026-02-14 09:44:34,181 - tools.amazon_playwright_extractor - INFO - Parsing Keepa AG Grid for Product Details from: div#MoreTab1 div#grid-product-detail
2026-02-14 09:44:34,217 - tools.amazon_playwright_extractor - INFO - Primary attempt: Waiting 12 seconds for AG Grid rows to load...
2026-02-14 09:44:35,258 - tools.amazon_playwright_extractor - INFO - ? Primary attempt successful: 181 rows found
2026-02-14 09:44:35,273 - tools.amazon_playwright_extractor - INFO - Processing 181 rows in Keepa Product Details AG Grid.
2026-02-14 09:44:37,197 - tools.amazon_playwright_extractor - INFO - Found potential fee key 'FBA Pick&Pack Fee' with raw value: 'Ł 3.49' in Keepa AG Grid.
2026-02-14 09:44:40,310 - tools.amazon_playwright_extractor - INFO - ? Successfully parsed 54 items from Keepa Product Details AG Grid.
2026-02-14 09:44:40,310 - tools.amazon_playwright_extractor - INFO - ASIN B01IWX5EVQ: Attempting to extract EANs from Keepa product_details_tab_data.
2026-02-14 09:44:40,310 - tools.amazon_playwright_extractor - INFO - ASIN B01IWX5EVQ: EAN '0887961397123' found in Keepa details via key 'Product Codes - EAN'.
2026-02-14 09:44:40,310 - tools.amazon_playwright_extractor - INFO - ASIN B01IWX5EVQ: BSR not found or invalid from page. Attempting fallback from Keepa.
2026-02-14 09:44:40,310 - tools.amazon_playwright_extractor - INFO - ASIN B01IWX5EVQ: BSR 331 in 'Toys & Games 34' from Keepa SalesRankDetailsTable.
2026-02-14 09:44:40,312 [INFO] WindowsSaveGuardian: ? ATOMIC SAVE: amazon_B01IWX5EVQ_5012866625032.json (29 entries) saved successfully
2026-02-14 09:44:40,312 - windows_save_guardian - INFO - ? ATOMIC SAVE: amazon_B01IWX5EVQ_5012866625032.json (29 entries) saved successfully
2026-02-14 09:44:40,314 [INFO] WindowsSaveGuardian: ? ATOMIC SAVE: linking_map.json (2 entries) saved successfully
2026-02-14 09:44:40,314 - windows_save_guardian - INFO - ? ATOMIC SAVE: linking_map.json (2 entries) saved successfully
2026-02-14 09:44:40,314 - __main__ - INFO - Linking map periodic flush: 2 entries
2026-02-14 09:44:40,316 [INFO] WindowsSaveGuardian: ? ATOMIC SAVE: angelwholesale_co_uk__sandbox__b3fb1b8e_processing_state.json (27 entries) saved successfully
2026-02-14 09:44:40,316 - windows_save_guardian - INFO - ? ATOMIC SAVE: angelwholesale_co_uk__sandbox__b3fb1b8e_processing_state.json (27 entries) saved successfully
2026-02-14 09:44:40,317 - utils.fixed_enhanced_state_manager - INFO -  ATOMIC SAVE
2026-02-14 09:44:40,319 [INFO] WindowsSaveGuardian: ? ATOMIC SAVE: angelwholesale_co_uk__sandbox__b3fb1b8e_processing_state.json (27 entries) saved successfully
2026-02-14 09:44:40,319 - windows_save_guardian - INFO - ? ATOMIC SAVE: angelwholesale_co_uk__sandbox__b3fb1b8e_processing_state.json (27 entries) saved successfully
2026-02-14 09:44:40,320 - utils.fixed_enhanced_state_manager - INFO -  ATOMIC SAVE
2026-02-14 09:44:40,320 - tools.amazon_playwright_extractor - INFO - Searching Amazon by EAN: 5055499001200 for supplier product: 'Muslinz 6pk Green Quality Muslin Squares 100% Cotton' (FixedAmazonExtractor)
2026-02-14 09:44:40,320 - tools.amazon_playwright_extractor - INFO - Navigating to Amazon UK to search for EAN: 5055499001200
2026-02-14 09:44:43,812 - tools.amazon_playwright_extractor - INFO - Waiting for search results page to load for EAN 5055499001200...
2026-02-14 09:44:43,873 - tools.amazon_playwright_extractor - INFO - Found search results container with selector: div.s-search-results
2026-02-14 09:44:44,528 - tools.amazon_playwright_extractor - INFO - Found 7 search result elements using selector: div[data-component-type='s-search-result']
2026-02-14 09:44:44,528 - tools.amazon_playwright_extractor - INFO - Processing 7 search result elements for EAN 5055499001200
2026-02-14 09:44:44,663 - tools.amazon_playwright_extractor - INFO - Found organic result: ASIN B00DIB9O2I - MuslinZ Muslin Cloths for Baby - Baby Burp Cloths - 6 Pack M...
2026-02-14 09:44:44,704 - tools.amazon_playwright_extractor - INFO - \U0001f4ca SPONSORED FILTERING RESULTS: 1 organic products, 6 sponsored products filtered out
2026-02-14 09:44:44,704 - tools.amazon_playwright_extractor - INFO - \u2705 EAN SEARCH: Selected first organic result - ASIN B00DIB9O2I
2026-02-14 09:44:44,704 - tools.amazon_playwright_extractor - INFO -    Trusting Amazon's search relevance for EAN 5055499001200
2026-02-14 09:44:44,704 - tools.amazon_playwright_extractor - INFO -    EAN will be extracted by Keepa during full product data extraction
2026-02-14 09:44:44,704 - tools.amazon_playwright_extractor - INFO - Single ASIN B00DIB9O2I found for EAN 5055499001200.
2026-02-14 09:44:44,704 - tools.amazon_playwright_extractor - INFO - Proceeding with ASIN: B00DIB9O2I for EAN: 5055499001200
2026-02-14 09:44:44,704 - tools.amazon_playwright_extractor - WARNING - No page object provided to extract_data for ASIN B00DIB9O2I. Getting a new one from BrowserManager.
2026-02-14 09:44:44,704 - tools.amazon_playwright_extractor - INFO - Reusing existing page: https://www.amazon.co.uk/s?k=5055499001200&ref=nb_sb_noss
2026-02-14 09:44:47,354 - tools.amazon_playwright_extractor - INFO - Checking for cookie consent pop-up...
2026-02-14 09:44:47,534 - tools.amazon_playwright_extractor - INFO - Finished checking for cookie consent pop-ups. If one was present and not handled, it might interfere.
2026-02-14 09:44:48,545 - tools.amazon_playwright_extractor - INFO - Checking for CAPTCHA...
2026-02-14 09:44:51,553 - tools.amazon_playwright_extractor - INFO - No CAPTCHA page detected by form selector.
2026-02-14 09:44:51,553 - tools.amazon_playwright_extractor - INFO - Checking for cookie consent pop-up...
2026-02-14 09:44:51,621 - tools.amazon_playwright_extractor - INFO - Finished checking for cookie consent pop-ups. If one was present and not handled, it might interfere.
2026-02-14 09:44:51,622 - tools.amazon_playwright_extractor - INFO - Page should be ready. Waiting 5s for stabilization...
2026-02-14 09:44:56,625 - tools.amazon_playwright_extractor - INFO - Waiting an additional 7s for extensions (Keepa, SellerAmp)...
2026-02-14 09:45:03,630 - tools.amazon_playwright_extractor - INFO - Extracting all product data for ASIN: B00DIB9O2I
2026-02-14 09:45:03,630 - tools.amazon_playwright_extractor - INFO - Extracting basic product information (Title, Price, Images, Amazon Details)...
2026-02-14 09:45:03,656 - tools.amazon_playwright_extractor - INFO - Title found: 'MuslinZ Muslin Cloths for Baby - Baby Burp Cloths - 6 Pack Muslin Squares - Large 70x70cm - Pure Cotton - Soft, Absorbent & Breathable - Multi Use Newborn Cloths - UK Brand (Blue)' via #productTitle
2026-02-14 09:45:03,656 - tools.amazon_playwright_extractor - INFO - Extracting price details...
2026-02-14 09:45:03,674 - tools.amazon_playwright_extractor - INFO - Current price: 13.99 via #corePrice_feature_div .a-offscreen
2026-02-14 09:45:03,703 - tools.amazon_playwright_extractor - INFO - Original price: 15.99 via .basisPrice span.a-text-price span.a-offscreen
2026-02-14 09:45:03,742 - tools.amazon_playwright_extractor - INFO - Extracting image URLs...
2026-02-14 09:45:03,770 - tools.amazon_playwright_extractor - INFO - Main image: https://m.media-amazon.com/images/I/81aVgxLwwOL._AC_SL1500_.jpg via #landingImage
2026-02-14 09:45:03,838 - tools.amazon_playwright_extractor - INFO - Found 7 thumbnails.
2026-02-14 09:45:03,842 - tools.amazon_playwright_extractor - INFO - Extracting Amazon product details section...
2026-02-14 09:45:03,964 - tools.amazon_playwright_extractor - INFO - Extracting sales rank information...
2026-02-14 09:45:04,088 - tools.amazon_playwright_extractor - INFO - Extracting ratings and reviews...
2026-02-14 09:45:04,105 - tools.amazon_playwright_extractor - INFO - Rating: 4.8 via #acrPopover[title*='out of 5 stars']
2026-02-14 09:45:04,124 - tools.amazon_playwright_extractor - INFO - Review count: 2391 via #acrCustomerReviewText
2026-02-14 09:45:04,124 - tools.amazon_playwright_extractor - INFO - Extracting stock information...
2026-02-14 09:45:04,139 - tools.amazon_playwright_extractor - INFO - Availability text: 'In stock' via #availability span.a-size-medium.a-color-success
2026-02-14 09:45:04,139 - tools.amazon_playwright_extractor - INFO - Extracting features/bullets...
2026-02-14 09:45:04,310 - tools.amazon_playwright_extractor - INFO - Found 5 features.
2026-02-14 09:45:04,310 - tools.amazon_playwright_extractor - INFO - Extracting product description...
2026-02-14 09:45:04,342 - tools.amazon_playwright_extractor - INFO - Description found using selector: #aplus_feature_div
2026-02-14 09:45:04,342 - tools.amazon_playwright_extractor - INFO - Extracting product specifications table...
2026-02-14 09:45:04,727 - tools.amazon_playwright_extractor - INFO - Specifications table parsed using selector: table.a-keyvalue.prodDetTable
2026-02-14 09:45:04,727 - tools.amazon_playwright_extractor - INFO - Extracting SellerAmp data (if present)...
2026-02-14 09:45:04,727 - tools.amazon_playwright_extractor - INFO - SellerAmp data extraction is currently disabled as per requirements (Fix 2.3).
2026-02-14 09:45:04,727 - tools.amazon_playwright_extractor - INFO - Extracting Keepa data (if present)...
2026-02-14 09:45:04,727 - tools.amazon_playwright_extractor - INFO - Attempting to extract Keepa data...
2026-02-14 09:45:10,875 - tools.amazon_playwright_extractor - INFO - Keepa iframe found: iframe[id*='keepa']
2026-02-14 09:45:11,037 - tools.amazon_playwright_extractor - INFO - Keepa Sales Rank Details Table parsed.
2026-02-14 09:45:11,037 - tools.amazon_playwright_extractor - INFO - Keepa Graph AI Analysis is currently disabled as per requirements (Fix 2.4).
2026-02-14 09:45:11,069 - tools.amazon_playwright_extractor - INFO - Keepa Data tab found. Currently active: False
2026-02-14 09:45:11,069 - tools.amazon_playwright_extractor - INFO - Clicking Keepa 'Data' tab...
2026-02-14 09:45:13,410 - tools.amazon_playwright_extractor - INFO - Attempt 1/2: Waiting 12000ms for Product-Details wrapper...
2026-02-14 09:45:13,435 - tools.amazon_playwright_extractor - INFO - ? Product-Details wrapper appeared on attempt 1
2026-02-14 09:45:13,484 - tools.amazon_playwright_extractor - INFO - Parsing Keepa AG Grid for Product Details from: div#MoreTab1 div#grid-product-detail
2026-02-14 09:45:13,534 - tools.amazon_playwright_extractor - INFO - Primary attempt: Waiting 12 seconds for AG Grid rows to load...
2026-02-14 09:45:14,577 - tools.amazon_playwright_extractor - INFO - ? Primary attempt successful: 175 rows found
2026-02-14 09:45:14,596 - tools.amazon_playwright_extractor - INFO - Processing 175 rows in Keepa Product Details AG Grid.
2026-02-14 09:45:16,022 - tools.amazon_playwright_extractor - INFO - Found potential fee key 'FBA Pick&Pack Fee' with raw value: 'Ł 2.61' in Keepa AG Grid.
2026-02-14 09:45:16,120 - tools.amazon_playwright_extractor - INFO - Found potential fee key 'Referral Fee based on current Buy Box price' with raw value: 'Ł 2.10' in Keepa AG Grid.
2026-02-14 09:45:19,063 - tools.amazon_playwright_extractor - INFO - ? Successfully parsed 53 items from Keepa Product Details AG Grid.
2026-02-14 09:45:19,063 - tools.amazon_playwright_extractor - INFO - ASIN B00DIB9O2I: Attempting to extract EANs from Keepa product_details_tab_data.
2026-02-14 09:45:19,063 - tools.amazon_playwright_extractor - INFO - ASIN B00DIB9O2I: EAN '5055499001200' found in Keepa details via key 'Product Codes - EAN'.
2026-02-14 09:45:19,063 - tools.amazon_playwright_extractor - INFO - ASIN B00DIB9O2I: BSR not found or invalid from page. Attempting fallback from Keepa.
2026-02-14 09:45:19,063 - tools.amazon_playwright_extractor - INFO - ASIN B00DIB9O2I: BSR 2641 in 'Baby Products 6' from Keepa SalesRankDetailsTable.
2026-02-14 09:45:19,063 - tools.amazon_playwright_extractor - INFO - \u2705 Recorded search method 'EAN' for ASIN B00DIB9O2I
2026-02-14 09:45:19,063 - tools.amazon_playwright_extractor - INFO - Successfully extracted data for ASIN B00DIB9O2I (EAN on page: 5055499001200)
2026-02-14 09:45:19,066 [INFO] WindowsSaveGuardian: ? ATOMIC SAVE: amazon_B00DIB9O2I_5055499001200.json (31 entries) saved successfully
2026-02-14 09:45:19,066 - windows_save_guardian - INFO - ? ATOMIC SAVE: amazon_B00DIB9O2I_5055499001200.json (31 entries) saved successfully
2026-02-14 09:45:19,068 [INFO] WindowsSaveGuardian: ? ATOMIC SAVE: linking_map.json (3 entries) saved successfully
2026-02-14 09:45:19,068 - windows_save_guardian - INFO - ? ATOMIC SAVE: linking_map.json (3 entries) saved successfully
2026-02-14 09:45:19,068 - __main__ - INFO - Linking map periodic flush: 3 entries
2026-02-14 09:45:19,070 [INFO] WindowsSaveGuardian: ? ATOMIC SAVE: angelwholesale_co_uk__sandbox__b3fb1b8e_processing_state.json (27 entries) saved successfully
2026-02-14 09:45:19,070 - windows_save_guardian - INFO - ? ATOMIC SAVE: angelwholesale_co_uk__sandbox__b3fb1b8e_processing_state.json (27 entries) saved successfully
2026-02-14 09:45:19,070 - utils.fixed_enhanced_state_manager - INFO -  ATOMIC SAVE
2026-02-14 09:45:19,070 - tools.amazon_playwright_extractor - INFO - Searching Amazon by EAN: 5015302105747 for supplier product: 'Silicone Teats Medium Flow 2 Pack by First Steps' (FixedAmazonExtractor)
2026-02-14 09:45:19,070 - tools.amazon_playwright_extractor - INFO - Navigating to Amazon UK to search for EAN: 5015302105747
2026-02-14 09:45:22,544 - tools.amazon_playwright_extractor - INFO - Waiting for search results page to load for EAN 5015302105747...
2026-02-14 09:45:22,571 - tools.amazon_playwright_extractor - INFO - Found search results container with selector: div.s-search-results
2026-02-14 09:45:23,205 - tools.amazon_playwright_extractor - INFO - Found 8 search result elements using selector: div[data-component-type='s-search-result']
2026-02-14 09:45:23,206 - tools.amazon_playwright_extractor - INFO - Processing 8 search result elements for EAN 5015302105747
2026-02-14 09:45:23,287 - tools.amazon_playwright_extractor - INFO - Found organic result: ASIN B094JVKC6G - RSW 2 in 1 Baby Bottle and Teat Brush, 2 Brushes in 1, Ideal...
2026-02-14 09:45:23,357 - tools.amazon_playwright_extractor - INFO - \U0001f4ca SPONSORED FILTERING RESULTS: 1 organic products, 7 sponsored products filtered out
2026-02-14 09:45:23,357 - tools.amazon_playwright_extractor - INFO - \u2705 EAN SEARCH: Selected first organic result - ASIN B094JVKC6G
2026-02-14 09:45:23,357 - tools.amazon_playwright_extractor - INFO -    Trusting Amazon's search relevance for EAN 5015302105747
2026-02-14 09:45:23,357 - tools.amazon_playwright_extractor - INFO -    EAN will be extracted by Keepa during full product data extraction
2026-02-14 09:45:23,357 - tools.amazon_playwright_extractor - INFO - Single ASIN B094JVKC6G found for EAN 5015302105747.
2026-02-14 09:45:23,357 - tools.amazon_playwright_extractor - INFO - Proceeding with ASIN: B094JVKC6G for EAN: 5015302105747
2026-02-14 09:45:23,357 - tools.amazon_playwright_extractor - WARNING - No page object provided to extract_data for ASIN B094JVKC6G. Getting a new one from BrowserManager.
2026-02-14 09:45:23,357 - tools.amazon_playwright_extractor - INFO - Reusing existing page: https://www.amazon.co.uk/s?k=5015302105747&ref=nb_sb_noss
2026-02-14 09:45:25,733 - tools.amazon_playwright_extractor - INFO - Checking for cookie consent pop-up...
2026-02-14 09:45:25,924 - tools.amazon_playwright_extractor - INFO - Finished checking for cookie consent pop-ups. If one was present and not handled, it might interfere.
2026-02-14 09:45:26,933 - tools.amazon_playwright_extractor - INFO - Checking for CAPTCHA...
2026-02-14 09:45:29,941 - tools.amazon_playwright_extractor - INFO - No CAPTCHA page detected by form selector.
2026-02-14 09:45:29,942 - tools.amazon_playwright_extractor - INFO - Checking for cookie consent pop-up...
2026-02-14 09:45:29,994 - tools.amazon_playwright_extractor - INFO - Finished checking for cookie consent pop-ups. If one was present and not handled, it might interfere.
2026-02-14 09:45:29,994 - tools.amazon_playwright_extractor - INFO - Page should be ready. Waiting 5s for stabilization...
2026-02-14 09:45:35,002 - tools.amazon_playwright_extractor - INFO - Waiting an additional 7s for extensions (Keepa, SellerAmp)...
2026-02-14 09:45:42,016 - tools.amazon_playwright_extractor - INFO - Extracting all product data for ASIN: B094JVKC6G
2026-02-14 09:45:42,016 - tools.amazon_playwright_extractor - INFO - Extracting basic product information (Title, Price, Images, Amazon Details)...
2026-02-14 09:45:42,039 - tools.amazon_playwright_extractor - INFO - Title found: 'RSW 2 in 1 Baby Bottle and Teat Brush, 2 Brushes in 1, Ideal for Cleaning Training Cups, Wide Neck Bottles, Lids, Valves' via #productTitle
2026-02-14 09:45:42,039 - tools.amazon_playwright_extractor - INFO - Extracting price details...
2026-02-14 09:45:42,052 - tools.amazon_playwright_extractor - INFO - Current price: 4.04 via #corePrice_feature_div .a-offscreen
2026-02-14 09:45:42,074 - tools.amazon_playwright_extractor - INFO - Original price: 4.74 via .basisPrice span.a-text-price span.a-offscreen
2026-02-14 09:45:42,091 - tools.amazon_playwright_extractor - INFO - Amazon sales badge found: 100 in container div#socialProofingAsinFaceout_feature_div
2026-02-14 09:45:42,091 - tools.amazon_playwright_extractor - INFO - Extracting image URLs...
2026-02-14 09:45:42,111 - tools.amazon_playwright_extractor - INFO - Main image: https://m.media-amazon.com/images/I/51IhZ6nfG-L._AC_SL1082_.jpg via #landingImage
2026-02-14 09:45:42,134 - tools.amazon_playwright_extractor - INFO - Found 1 thumbnails.
2026-02-14 09:45:42,138 - tools.amazon_playwright_extractor - INFO - Extracting Amazon product details section...
2026-02-14 09:45:42,256 - tools.amazon_playwright_extractor - INFO - Extracting sales rank information...
2026-02-14 09:45:42,368 - tools.amazon_playwright_extractor - INFO - Extracting ratings and reviews...
2026-02-14 09:45:42,378 - tools.amazon_playwright_extractor - INFO - Rating: 3.7 via #acrPopover[title*='out of 5 stars']
2026-02-14 09:45:42,388 - tools.amazon_playwright_extractor - INFO - Review count: 83 via #acrCustomerReviewText
2026-02-14 09:45:42,388 - tools.amazon_playwright_extractor - INFO - Extracting stock information...
2026-02-14 09:45:42,402 - tools.amazon_playwright_extractor - INFO - Availability text: 'In stock' via #availability span.a-size-medium.a-color-success
2026-02-14 09:45:42,402 - tools.amazon_playwright_extractor - INFO - Extracting features/bullets...
2026-02-14 09:45:42,444 - tools.amazon_playwright_extractor - INFO - Found 1 features.
2026-02-14 09:45:42,444 - tools.amazon_playwright_extractor - INFO - Extracting product description...
2026-02-14 09:45:42,505 - tools.amazon_playwright_extractor - INFO - Extracting product specifications table...
2026-02-14 09:45:42,819 - tools.amazon_playwright_extractor - INFO - Specifications table parsed using selector: table.a-keyvalue.prodDetTable
2026-02-14 09:45:42,819 - tools.amazon_playwright_extractor - INFO - Extracting SellerAmp data (if present)...
2026-02-14 09:45:42,819 - tools.amazon_playwright_extractor - INFO - SellerAmp data extraction is currently disabled as per requirements (Fix 2.3).
2026-02-14 09:45:42,819 - tools.amazon_playwright_extractor - INFO - Extracting Keepa data (if present)...
2026-02-14 09:45:42,819 - tools.amazon_playwright_extractor - INFO - Attempting to extract Keepa data...
2026-02-14 09:45:48,885 - tools.amazon_playwright_extractor - INFO - Keepa iframe found: iframe[id*='keepa']
2026-02-14 09:45:48,960 - tools.amazon_playwright_extractor - INFO - Keepa Sales Rank Details Table parsed.
2026-02-14 09:45:48,960 - tools.amazon_playwright_extractor - INFO - Keepa Graph AI Analysis is currently disabled as per requirements (Fix 2.4).
2026-02-14 09:45:48,984 - tools.amazon_playwright_extractor - INFO - Keepa Data tab found. Currently active: False
2026-02-14 09:45:48,984 - tools.amazon_playwright_extractor - INFO - Clicking Keepa 'Data' tab...
2026-02-14 09:45:51,203 - tools.amazon_playwright_extractor - INFO - Attempt 1/2: Waiting 12000ms for Product-Details wrapper...
2026-02-14 09:45:51,220 - tools.amazon_playwright_extractor - INFO - ? Product-Details wrapper appeared on attempt 1
2026-02-14 09:45:51,251 - tools.amazon_playwright_extractor - INFO - Parsing Keepa AG Grid for Product Details from: div#MoreTab1 div#grid-product-detail
2026-02-14 09:45:51,277 - tools.amazon_playwright_extractor - INFO - Primary attempt: Waiting 12 seconds for AG Grid rows to load...
2026-02-14 09:45:52,319 - tools.amazon_playwright_extractor - INFO - ? Primary attempt successful: 136 rows found
2026-02-14 09:45:52,329 - tools.amazon_playwright_extractor - INFO - Processing 136 rows in Keepa Product Details AG Grid.
2026-02-14 09:45:53,564 - tools.amazon_playwright_extractor - INFO - Found potential fee key 'FBA Pick&Pack Fee' with raw value: 'Ł 2.67' in Keepa AG Grid.
2026-02-14 09:45:53,655 - tools.amazon_playwright_extractor - INFO - Found potential fee key 'Referral Fee based on current Buy Box price' with raw value: 'Ł 0.32' in Keepa AG Grid.
2026-02-14 09:45:55,276 - tools.amazon_playwright_extractor - INFO - ? Successfully parsed 41 items from Keepa Product Details AG Grid.
2026-02-14 09:45:55,276 - tools.amazon_playwright_extractor - INFO - ASIN B094JVKC6G: Attempting to extract EANs from Keepa product_details_tab_data.
2026-02-14 09:45:55,276 - tools.amazon_playwright_extractor - INFO - ASIN B094JVKC6G: EAN '5015302105747' found in Keepa details via key 'Product Codes - EAN'.
2026-02-14 09:45:55,276 - tools.amazon_playwright_extractor - INFO - ASIN B094JVKC6G: BSR not found or invalid from page. Attempting fallback from Keepa.
2026-02-14 09:45:55,276 - tools.amazon_playwright_extractor - INFO - ASIN B094JVKC6G: BSR 2370 in 'Baby Products 43' from Keepa SalesRankDetailsTable.
2026-02-14 09:45:55,276 - tools.amazon_playwright_extractor - INFO - \u2705 Recorded search method 'EAN' for ASIN B094JVKC6G
2026-02-14 09:45:55,276 - tools.amazon_playwright_extractor - INFO - Successfully extracted data for ASIN B094JVKC6G (EAN on page: 5015302105747)
2026-02-14 09:45:55,280 [INFO] WindowsSaveGuardian: ? ATOMIC SAVE: amazon_B094JVKC6G_5015302105747.json (31 entries) saved successfully
2026-02-14 09:45:55,280 - windows_save_guardian - INFO - ? ATOMIC SAVE: amazon_B094JVKC6G_5015302105747.json (31 entries) saved successfully
2026-02-14 09:45:55,283 [INFO] WindowsSaveGuardian: ? ATOMIC SAVE: linking_map.json (4 entries) saved successfully
2026-02-14 09:45:55,283 - windows_save_guardian - INFO - ? ATOMIC SAVE: linking_map.json (4 entries) saved successfully
2026-02-14 09:45:55,283 - __main__ - INFO - Linking map periodic flush: 4 entries
2026-02-14 09:45:55,284 [INFO] WindowsSaveGuardian: ? ATOMIC SAVE: angelwholesale_co_uk__sandbox__b3fb1b8e_processing_state.json (27 entries) saved successfully
2026-02-14 09:45:55,284 - windows_save_guardian - INFO - ? ATOMIC SAVE: angelwholesale_co_uk__sandbox__b3fb1b8e_processing_state.json (27 entries) saved successfully
2026-02-14 09:45:55,285 - utils.fixed_enhanced_state_manager - INFO -  ATOMIC SAVE
2026-02-14 09:45:55,286 [INFO] WindowsSaveGuardian: ? ATOMIC SAVE: angelwholesale_co_uk__sandbox__b3fb1b8e_processing_state.json (27 entries) saved successfully
2026-02-14 09:45:55,286 - windows_save_guardian - INFO - ? ATOMIC SAVE: angelwholesale_co_uk__sandbox__b3fb1b8e_processing_state.json (27 entries) saved successfully
2026-02-14 09:45:55,286 - utils.fixed_enhanced_state_manager - INFO -  ATOMIC SAVE
2026-02-14 09:45:55,289 [INFO] WindowsSaveGuardian: ? ATOMIC SAVE: linking_map.json (4 entries) saved successfully
2026-02-14 09:45:55,289 - windows_save_guardian - INFO - ? ATOMIC SAVE: linking_map.json (4 entries) saved successfully
2026-02-14 09:45:55,289 - __main__ - INFO - Product list refresh complete: 4/4 matched
2026-02-14 09:45:55,289 - utils.browser_manager - WARNING - Error during global cleanup: no running event loop
Exception ignored in: <function BaseSubprocessTransport.__del__ at 0x000001E4D7E14C20>
Traceback (most recent call last):
  File "C:\Python313\Lib\asyncio\base_subprocess.py", line 130, in __del__
  File "C:\Python313\Lib\asyncio\base_subprocess.py", line 107, in close
  File "C:\Python313\Lib\asyncio\proactor_events.py", line 109, in close
  File "C:\Python313\Lib\asyncio\base_events.py", line 827, in call_soon
  File "C:\Python313\Lib\asyncio\base_events.py", line 550, in _check_closed
RuntimeError: Event loop is closed
