2026-03-12 16:35:33,843 - __main__ - WARNING - Ignoring supplier identity from products file; job sandbox is authoritative. job=angelwholesale.co.uk__sandbox__bfaa487c file=angelwholesale.co.uk
2026-03-12 16:35:33,843 - tools.amazon_playwright_extractor - WARNING - ?? BrowserCircuitBreaker not available - health management disabled
2026-03-12 16:35:33,843 - tools.amazon_playwright_extractor - INFO - AI features disabled in amazon_playwright_extractor - using only traditional selectors.
2026-03-12 16:35:33,844 - tools.amazon_playwright_extractor - INFO - Output directory set to: C:\Users\chris\Desktop\Amazon-FBA-Agent-System-v32 - latest good - Copy (8) - Copy - Copy - POSTLONGRUNPREKIRO2 beforecompletion-\OUTPUTS\CACHE\amazon_data
2026-03-12 16:35:33,844 - tools.amazon_playwright_extractor - WARNING - ?? BrowserManager not available, using legacy browser connection
2026-03-12 16:35:33,845 - tools.amazon_playwright_extractor - INFO - \U0001f527 FixedAmazonExtractor connecting via BrowserManager singleton
2026-03-12 16:35:33,846 - utils.browser_circuit_breaker - INFO - BrowserCircuitBreaker initialized: threshold=3, timeout=300s
2026-03-12 16:35:33,846 - utils.browser_manager - INFO - ?? BrowserManager singleton initialized with health management
2026-03-12 16:35:34,479 - utils.browser_manager - INFO - ?? Connecting to existing Chrome debug instance on port 9222
2026-03-12 16:35:34,479 - utils.browser_manager - INFO - ?? Per troubleshooting docs: Using existing Chrome debug only
2026-03-12 16:35:36,761 - utils.browser_manager - INFO - ? Chrome debug accessible on IPv4: Chrome/145.0.7632.160
2026-03-12 16:35:36,762 - utils.browser_manager - INFO - ?? Connecting to existing Chrome debug instance...
2026-03-12 16:35:38,820 - utils.browser_manager - INFO - ?? Using endpoint: http://localhost:9222
2026-03-12 16:35:39,048 - utils.browser_manager - INFO - ? Successfully connected to existing Chrome debug instance
2026-03-12 16:35:39,048 - utils.browser_manager - INFO - ?? Using existing context with 1 pages
2026-03-12 16:35:39,048 - utils.browser_manager - INFO - ?? Connected to existing Chrome: 145.0.7632.160
2026-03-12 16:35:39,048 - tools.amazon_playwright_extractor - INFO - \u2705 FixedAmazonExtractor connected via BrowserManager singleton
2026-03-12 16:35:39,048 - utils.browser_manager - INFO - ?? Reusing existing Chrome connection (port 9222)
2026-03-12 16:35:39,049 - utils.browser_manager - INFO - ?? Reusing existing page in persistent context.
2026-03-12 16:35:39,057 [INFO] WindowsSaveGuardian: ? ATOMIC SAVE: angelwholesale_co_uk__sandbox__bfaa487c_processing_state.json (27 entries) saved successfully
2026-03-12 16:35:39,057 - windows_save_guardian - INFO - ? ATOMIC SAVE: angelwholesale_co_uk__sandbox__bfaa487c_processing_state.json (27 entries) saved successfully
2026-03-12 16:35:39,057 - utils.fixed_enhanced_state_manager - INFO -  ATOMIC SAVE
2026-03-12 16:35:39,060 [INFO] WindowsSaveGuardian: ? ATOMIC SAVE: angelwholesale_co_uk__sandbox__bfaa487c_processing_state.json (27 entries) saved successfully
2026-03-12 16:35:39,060 - windows_save_guardian - INFO - ? ATOMIC SAVE: angelwholesale_co_uk__sandbox__bfaa487c_processing_state.json (27 entries) saved successfully
2026-03-12 16:35:39,061 - utils.fixed_enhanced_state_manager - INFO -  ATOMIC SAVE
2026-03-12 16:35:39,061 - tools.amazon_playwright_extractor - INFO - Searching Amazon by EAN: 5017224864016 for supplier product: 'Beer Glass & Coaster Set - Todays Good Mood' (FixedAmazonExtractor)
2026-03-12 16:35:39,061 - tools.amazon_playwright_extractor - INFO - Navigating to Amazon UK to search for EAN: 5017224864016
2026-03-12 16:35:45,197 - tools.amazon_playwright_extractor - INFO - Waiting for search results page to load for EAN 5017224864016...
2026-03-12 16:35:45,272 - tools.amazon_playwright_extractor - INFO - Found search results container with selector: div.s-search-results
2026-03-12 16:35:45,923 - tools.amazon_playwright_extractor - INFO - Found 7 search result elements using selector: div[data-component-type='s-search-result']
2026-03-12 16:35:45,923 - tools.amazon_playwright_extractor - INFO - Processing 7 search result elements for EAN 5017224864016
2026-03-12 16:35:46,060 - tools.amazon_playwright_extractor - INFO - Found organic result: ASIN B086Q1851K - Now or Never Glass Coaster - Tea with You...
2026-03-12 16:35:46,238 - tools.amazon_playwright_extractor - INFO - \U0001f4ca SPONSORED FILTERING RESULTS: 1 organic products, 6 sponsored products filtered out
2026-03-12 16:35:46,239 - tools.amazon_playwright_extractor - INFO - \u2705 EAN SEARCH: Selected first organic result - ASIN B086Q1851K
2026-03-12 16:35:46,239 - tools.amazon_playwright_extractor - INFO -    Trusting Amazon's search relevance for EAN 5017224864016
2026-03-12 16:35:46,239 - tools.amazon_playwright_extractor - INFO -    EAN will be extracted by Keepa during full product data extraction
2026-03-12 16:35:46,239 - tools.amazon_playwright_extractor - INFO - Single ASIN B086Q1851K found for EAN 5017224864016.
2026-03-12 16:35:46,239 - tools.amazon_playwright_extractor - INFO - Proceeding with ASIN: B086Q1851K for EAN: 5017224864016
2026-03-12 16:35:46,239 - tools.amazon_playwright_extractor - WARNING - No page object provided to extract_data for ASIN B086Q1851K. Getting a new one from BrowserManager.
2026-03-12 16:35:46,239 - tools.amazon_playwright_extractor - INFO - Reusing existing page: https://www.amazon.co.uk/s?k=5017224864016&ref=nb_sb_noss
2026-03-12 16:35:48,285 - tools.amazon_playwright_extractor - INFO - Checking for cookie consent pop-up...
2026-03-12 16:35:48,872 - tools.amazon_playwright_extractor - INFO - Finished checking for cookie consent pop-ups. If one was present and not handled, it might interfere.
2026-03-12 16:35:49,886 - tools.amazon_playwright_extractor - INFO - Checking for CAPTCHA...
2026-03-12 16:35:52,891 - tools.amazon_playwright_extractor - INFO - No CAPTCHA page detected by form selector.
2026-03-12 16:35:52,891 - tools.amazon_playwright_extractor - INFO - Checking for cookie consent pop-up...
2026-03-12 16:35:52,976 - tools.amazon_playwright_extractor - INFO - Finished checking for cookie consent pop-ups. If one was present and not handled, it might interfere.
2026-03-12 16:35:52,976 - tools.amazon_playwright_extractor - INFO - Page should be ready. Waiting 5s for stabilization...
2026-03-12 16:35:57,989 - tools.amazon_playwright_extractor - INFO - Waiting an additional 7s for extensions (Keepa, SellerAmp)...
2026-03-12 16:36:04,991 - tools.amazon_playwright_extractor - INFO - Extracting all product data for ASIN: B086Q1851K
2026-03-12 16:36:04,991 - tools.amazon_playwright_extractor - INFO - Extracting basic product information (Title, Price, Images, Amazon Details)...
2026-03-12 16:36:05,047 - tools.amazon_playwright_extractor - INFO - Title found: 'Now or Never Glass Coaster - Tea with You' via #productTitle
2026-03-12 16:36:05,047 - tools.amazon_playwright_extractor - INFO - Extracting price details...
2026-03-12 16:36:05,070 - tools.amazon_playwright_extractor - INFO - Current price: 6.94 via #corePrice_feature_div .a-offscreen
2026-03-12 16:36:05,185 - tools.amazon_playwright_extractor - INFO - Extracting image URLs...
2026-03-12 16:36:05,228 - tools.amazon_playwright_extractor - INFO - Main image: https://m.media-amazon.com/images/I/61QtzoPUejL._AC_SL1500_.jpg via #landingImage
2026-03-12 16:36:05,270 - tools.amazon_playwright_extractor - INFO - Found 1 thumbnails.
2026-03-12 16:36:05,276 - tools.amazon_playwright_extractor - INFO - Extracting Amazon product details section...
2026-03-12 16:36:05,535 - tools.amazon_playwright_extractor - INFO - Extracting sales rank information...
2026-03-12 16:36:05,755 - tools.amazon_playwright_extractor - INFO - Extracting ratings and reviews...
2026-03-12 16:36:05,837 - tools.amazon_playwright_extractor - INFO - Rating: 5.0 via i[class*='a-icon-star'] span.a-icon-alt
2026-03-12 16:36:05,875 - tools.amazon_playwright_extractor - INFO - Extracting stock information...
2026-03-12 16:36:05,910 - tools.amazon_playwright_extractor - INFO - Availability text: 'Only 3 left in stock.' via #availability span.a-color-price
2026-03-12 16:36:05,910 - tools.amazon_playwright_extractor - INFO - Extracting features/bullets...
2026-03-12 16:36:06,263 - tools.amazon_playwright_extractor - INFO - Found 5 features.
2026-03-12 16:36:06,263 - tools.amazon_playwright_extractor - INFO - Extracting product description...
2026-03-12 16:36:06,285 - tools.amazon_playwright_extractor - INFO - Description found using selector: #productDescription
2026-03-12 16:36:06,285 - tools.amazon_playwright_extractor - INFO - Extracting product specifications table...
2026-03-12 16:36:06,529 - tools.amazon_playwright_extractor - INFO - Specifications table parsed using selector: table.a-keyvalue.prodDetTable
2026-03-12 16:36:06,529 - tools.amazon_playwright_extractor - INFO - Extracting SellerAmp data (if present)...
2026-03-12 16:36:06,529 - tools.amazon_playwright_extractor - INFO - SellerAmp data extraction is currently disabled as per requirements (Fix 2.3).
2026-03-12 16:36:06,529 - tools.amazon_playwright_extractor - INFO - Extracting Keepa data (if present)...
2026-03-12 16:36:06,529 - tools.amazon_playwright_extractor - INFO - Attempting to extract Keepa data...
2026-03-12 16:36:12,636 - tools.amazon_playwright_extractor - INFO - Keepa iframe found: iframe[id*='keepa']
2026-03-12 16:36:12,673 - tools.amazon_playwright_extractor - INFO - Keepa Graph AI Analysis is currently disabled as per requirements (Fix 2.4).
2026-03-12 16:36:12,710 - tools.amazon_playwright_extractor - INFO - Keepa Data tab found. Currently active: False
2026-03-12 16:36:12,710 - tools.amazon_playwright_extractor - INFO - Clicking Keepa 'Data' tab...
2026-03-12 16:36:16,707 - tools.amazon_playwright_extractor - INFO - Attempt 1/2: Waiting 12000ms for Product-Details wrapper...
2026-03-12 16:36:21,049 - tools.amazon_playwright_extractor - INFO - ? Product-Details wrapper appeared on attempt 1
2026-03-12 16:36:21,115 - tools.amazon_playwright_extractor - INFO - Parsing Keepa AG Grid for Product Details from: div#MoreTab1 div#grid-product-detail
2026-03-12 16:36:21,163 - tools.amazon_playwright_extractor - INFO - Primary attempt: Waiting 12 seconds for AG Grid rows to load...
2026-03-12 16:36:22,222 - tools.amazon_playwright_extractor - INFO - ? Primary attempt successful: 85 rows found
2026-03-12 16:36:22,237 - tools.amazon_playwright_extractor - INFO - Processing 85 rows in Keepa Product Details AG Grid.
2026-03-12 16:36:24,685 - tools.amazon_playwright_extractor - INFO - ? Successfully parsed 24 items from Keepa Product Details AG Grid.
2026-03-12 16:36:24,685 - tools.amazon_playwright_extractor - INFO - ASIN B086Q1851K: Attempting to extract EANs from Keepa product_details_tab_data.
2026-03-12 16:36:24,686 - tools.amazon_playwright_extractor - INFO - ASIN B086Q1851K: EAN '5017224864016' found in Keepa details via key 'Product Codes - EAN'.
2026-03-12 16:36:24,686 - tools.amazon_playwright_extractor - INFO - ASIN B086Q1851K: BSR not found or invalid from page. Attempting fallback from Keepa.
2026-03-12 16:36:24,686 - tools.amazon_playwright_extractor - WARNING - ASIN B086Q1851K: Could not find BSR in any Keepa data source.
2026-03-12 16:36:24,686 - tools.amazon_playwright_extractor - INFO - \u2705 Recorded search method 'EAN' for ASIN B086Q1851K
2026-03-12 16:36:24,686 - tools.amazon_playwright_extractor - INFO - Successfully extracted data for ASIN B086Q1851K (EAN on page: 5017224864016)
2026-03-12 16:36:24,690 [INFO] WindowsSaveGuardian: ? ATOMIC SAVE: amazon_B086Q1851K_5017224864016.json (25 entries) saved successfully
2026-03-12 16:36:24,690 - windows_save_guardian - INFO - ? ATOMIC SAVE: amazon_B086Q1851K_5017224864016.json (25 entries) saved successfully
2026-03-12 16:36:24,693 [INFO] WindowsSaveGuardian: ? ATOMIC SAVE: linking_map.json (1 entries) saved successfully
2026-03-12 16:36:24,693 - windows_save_guardian - INFO - ? ATOMIC SAVE: linking_map.json (1 entries) saved successfully
2026-03-12 16:36:24,694 - __main__ - INFO - Linking map periodic flush: 1 entries
2026-03-12 16:36:24,697 [INFO] WindowsSaveGuardian: ? ATOMIC SAVE: angelwholesale_co_uk__sandbox__bfaa487c_processing_state.json (27 entries) saved successfully
2026-03-12 16:36:24,697 - windows_save_guardian - INFO - ? ATOMIC SAVE: angelwholesale_co_uk__sandbox__bfaa487c_processing_state.json (27 entries) saved successfully
2026-03-12 16:36:24,697 - utils.fixed_enhanced_state_manager - INFO -  ATOMIC SAVE
2026-03-12 16:36:24,697 - tools.amazon_playwright_extractor - INFO - Searching Amazon by EAN:  for supplier product: 'Booja-Booja Almond Salted Caramel Chocolate Truffles (92g)' (FixedAmazonExtractor)
2026-03-12 16:36:24,697 - tools.amazon_playwright_extractor - INFO - Navigating to Amazon UK to search for EAN: 
2026-03-12 16:36:29,011 - tools.amazon_playwright_extractor - INFO - Waiting for search results page to load for EAN ...
2026-03-12 16:37:49,084 - tools.amazon_playwright_extractor - WARNING - No search results containers found for EAN 
2026-03-12 16:37:49,088 [INFO] WindowsSaveGuardian: ? ATOMIC SAVE: linking_map.json (2 entries) saved successfully
2026-03-12 16:37:49,088 - windows_save_guardian - INFO - ? ATOMIC SAVE: linking_map.json (2 entries) saved successfully
2026-03-12 16:37:49,088 - __main__ - INFO - Linking map periodic flush: 2 entries
2026-03-12 16:37:49,091 [INFO] WindowsSaveGuardian: ? ATOMIC SAVE: angelwholesale_co_uk__sandbox__bfaa487c_processing_state.json (27 entries) saved successfully
2026-03-12 16:37:49,091 - windows_save_guardian - INFO - ? ATOMIC SAVE: angelwholesale_co_uk__sandbox__bfaa487c_processing_state.json (27 entries) saved successfully
2026-03-12 16:37:49,091 - utils.fixed_enhanced_state_manager - INFO -  ATOMIC SAVE
2026-03-12 16:37:49,091 - tools.amazon_playwright_extractor - INFO - Searching Amazon by EAN: 681070104265 for supplier product: 'Blue Holographic Happy 40th Birthday Balloon (18 inch)' (FixedAmazonExtractor)
2026-03-12 16:37:49,091 - tools.amazon_playwright_extractor - INFO - Navigating to Amazon UK to search for EAN: 681070104265
2026-03-12 16:37:53,461 - tools.amazon_playwright_extractor - INFO - Waiting for search results page to load for EAN 681070104265...
2026-03-12 16:37:53,497 - tools.amazon_playwright_extractor - INFO - Found search results container with selector: div.s-search-results
2026-03-12 16:37:54,150 - tools.amazon_playwright_extractor - INFO - Found 5 search result elements using selector: div[data-component-type='s-search-result']
2026-03-12 16:37:54,151 - tools.amazon_playwright_extractor - INFO - Processing 5 search result elements for EAN 681070104265
2026-03-12 16:37:54,258 - tools.amazon_playwright_extractor - INFO - \U0001f4ca SPONSORED FILTERING RESULTS: 0 organic products, 5 sponsored products filtered out
2026-03-12 16:37:54,258 - tools.amazon_playwright_extractor - WARNING - EAN 681070104265 returned no organic results - skipping
2026-03-12 16:37:54,258 - tools.amazon_playwright_extractor - WARNING - No Amazon results or error for EAN '681070104265'. Details: no_organic_results
2026-03-12 16:37:54,258 - tools.amazon_playwright_extractor - INFO - Falling back to title search for supplier product: 'Blue Holographic Happy 40th Birthday Balloon (18 inch)'
2026-03-12 16:37:54,258 - tools.amazon_playwright_extractor - INFO - Searching Amazon by title using search bar: 'Blue Holographic Happy 40th Birthday Balloon (18 inch)'
2026-03-12 16:37:54,258 - tools.amazon_playwright_extractor - INFO - Navigating to Amazon UK to search for title: Blue Holographic Happy 40th Birthday Balloon (18 inch)
2026-03-12 16:37:59,450 - tools.amazon_playwright_extractor - INFO - Title search found 70 elements using selector: div.s-search-results > div[data-asin]
2026-03-12 16:37:59,532 - tools.amazon_playwright_extractor - WARNING - ASIN extraction failed: All 4 fallbacks exhausted
2026-03-12 16:37:59,895 - tools.amazon_playwright_extractor - INFO - \u2705 Title search: Selected first visible organic product - ASIN B00BM2GFF4
2026-03-12 16:37:59,895 - tools.amazon_playwright_extractor - INFO - \U0001f3af ASIN EXTRACTION SUCCESS: Found 1 ASINs for title search: 'Blue Holographic Happy 40th Birthday Balloon (18 inch)'
2026-03-12 16:37:59,895 - tools.amazon_playwright_extractor - INFO - Title search successful for 'Blue Holographic Happy 40th Birthday Balloon (18 inch)' after EAN '681070104265' failed
2026-03-12 16:37:59,895 - tools.amazon_playwright_extractor - INFO - Extracting complete data for fallback ASIN B00BM2GFF4 from title search
2026-03-12 16:37:59,895 - tools.amazon_playwright_extractor - WARNING - No page object provided to extract_data for ASIN B00BM2GFF4. Getting a new one from BrowserManager.
2026-03-12 16:37:59,895 - tools.amazon_playwright_extractor - INFO - Reusing existing page: https://www.amazon.co.uk/s?k=Blue+Holographic+Happy+40th+Birthday+Balloon+%2818+inch%29&ref=nb_sb_noss
2026-03-12 16:38:02,530 - tools.amazon_playwright_extractor - INFO - Checking for cookie consent pop-up...
2026-03-12 16:38:02,761 - tools.amazon_playwright_extractor - INFO - Finished checking for cookie consent pop-ups. If one was present and not handled, it might interfere.
2026-03-12 16:38:03,771 - tools.amazon_playwright_extractor - INFO - Checking for CAPTCHA...
2026-03-12 16:38:06,778 - tools.amazon_playwright_extractor - INFO - No CAPTCHA page detected by form selector.
2026-03-12 16:38:06,779 - tools.amazon_playwright_extractor - INFO - Checking for cookie consent pop-up...
2026-03-12 16:38:06,855 - tools.amazon_playwright_extractor - INFO - Finished checking for cookie consent pop-ups. If one was present and not handled, it might interfere.
2026-03-12 16:38:06,855 - tools.amazon_playwright_extractor - INFO - Page should be ready. Waiting 5s for stabilization...
2026-03-12 16:38:11,866 - tools.amazon_playwright_extractor - INFO - Waiting an additional 7s for extensions (Keepa, SellerAmp)...
2026-03-12 16:38:18,869 - tools.amazon_playwright_extractor - INFO - Extracting all product data for ASIN: B00BM2GFF4
2026-03-12 16:38:18,870 - tools.amazon_playwright_extractor - INFO - Extracting basic product information (Title, Price, Images, Amazon Details)...
2026-03-12 16:38:18,911 - tools.amazon_playwright_extractor - INFO - Title found: 'Oaktree 18" Happy 18th Birthday Blue Holographic Balloon' via #productTitle
2026-03-12 16:38:18,911 - tools.amazon_playwright_extractor - INFO - Extracting price details...
2026-03-12 16:38:18,941 - tools.amazon_playwright_extractor - INFO - Current price: 2.49 via #corePrice_feature_div .a-offscreen
2026-03-12 16:38:19,004 - tools.amazon_playwright_extractor - INFO - Original price: 5.49 via span.a-price.a-text-price[data-a-strike='true'] span.a-offscreen
2026-03-12 16:38:19,070 - tools.amazon_playwright_extractor - INFO - Extracting image URLs...
2026-03-12 16:38:19,135 - tools.amazon_playwright_extractor - INFO - Main image: https://m.media-amazon.com/images/I/81yhcFm2sDL._AC_SL1500_.jpg via #landingImage
2026-03-12 16:38:19,173 - tools.amazon_playwright_extractor - INFO - Found 1 thumbnails.
2026-03-12 16:38:19,178 - tools.amazon_playwright_extractor - INFO - Extracting Amazon product details section...
2026-03-12 16:38:19,274 - tools.amazon_playwright_extractor - INFO - Extracting sales rank information...
2026-03-12 16:38:19,421 - tools.amazon_playwright_extractor - INFO - Extracting ratings and reviews...
2026-03-12 16:38:19,449 - tools.amazon_playwright_extractor - INFO - Rating: 4.2 via #acrPopover[title*='out of 5 stars']
2026-03-12 16:38:19,476 - tools.amazon_playwright_extractor - INFO - Review count: 7 via #acrCustomerReviewText
2026-03-12 16:38:19,476 - tools.amazon_playwright_extractor - INFO - Extracting stock information...
2026-03-12 16:38:19,516 - tools.amazon_playwright_extractor - INFO - Availability text: 'Only 4 left in stock.' via #availability span.a-color-price
2026-03-12 16:38:19,516 - tools.amazon_playwright_extractor - INFO - Extracting features/bullets...
2026-03-12 16:38:19,679 - tools.amazon_playwright_extractor - INFO - Found 3 features.
2026-03-12 16:38:19,679 - tools.amazon_playwright_extractor - INFO - Extracting product description...
2026-03-12 16:38:19,695 - tools.amazon_playwright_extractor - INFO - Description found using selector: #productDescription
2026-03-12 16:38:19,695 - tools.amazon_playwright_extractor - INFO - Extracting product specifications table...
2026-03-12 16:38:20,225 - tools.amazon_playwright_extractor - INFO - Specifications table parsed using selector: table.a-keyvalue.prodDetTable
2026-03-12 16:38:20,225 - tools.amazon_playwright_extractor - INFO - Extracting SellerAmp data (if present)...
2026-03-12 16:38:20,225 - tools.amazon_playwright_extractor - INFO - SellerAmp data extraction is currently disabled as per requirements (Fix 2.3).
2026-03-12 16:38:20,225 - tools.amazon_playwright_extractor - INFO - Extracting Keepa data (if present)...
2026-03-12 16:38:20,225 - tools.amazon_playwright_extractor - INFO - Attempting to extract Keepa data...
2026-03-12 16:38:26,302 - tools.amazon_playwright_extractor - INFO - Keepa iframe found: iframe[id*='keepa']
2026-03-12 16:38:26,418 - tools.amazon_playwright_extractor - INFO - Keepa Sales Rank Details Table parsed.
2026-03-12 16:38:26,419 - tools.amazon_playwright_extractor - INFO - Keepa Graph AI Analysis is currently disabled as per requirements (Fix 2.4).
2026-03-12 16:38:26,447 - tools.amazon_playwright_extractor - INFO - Keepa Data tab found. Currently active: False
2026-03-12 16:38:26,447 - tools.amazon_playwright_extractor - INFO - Clicking Keepa 'Data' tab...
2026-03-12 16:38:28,765 - tools.amazon_playwright_extractor - INFO - Attempt 1/2: Waiting 12000ms for Product-Details wrapper...
2026-03-12 16:38:30,768 - tools.amazon_playwright_extractor - INFO - ? Product-Details wrapper appeared on attempt 1
2026-03-12 16:38:30,784 - tools.amazon_playwright_extractor - WARNING - Product-Details tab visible, but inner grid still not ready – extending wait with retry logic.
2026-03-12 16:38:30,784 - tools.amazon_playwright_extractor - INFO - Grid attempt 1/3: Waiting 15000ms for grid container...
2026-03-12 16:38:30,937 - tools.amazon_playwright_extractor - INFO - ? Grid became visible after attempt 1 – continuing.
2026-03-12 16:38:30,977 - tools.amazon_playwright_extractor - INFO - Parsing Keepa AG Grid for Product Details from: div#MoreTab1 div#grid-product-detail
2026-03-12 16:38:31,029 - tools.amazon_playwright_extractor - INFO - Primary attempt: Waiting 12 seconds for AG Grid rows to load...
2026-03-12 16:38:32,080 - tools.amazon_playwright_extractor - INFO - ? Primary attempt successful: 148 rows found
2026-03-12 16:38:32,095 - tools.amazon_playwright_extractor - INFO - Processing 148 rows in Keepa Product Details AG Grid.
2026-03-12 16:38:33,483 - tools.amazon_playwright_extractor - INFO - Found potential fee key 'FBA Pick&Pack Fee' with raw value: 'Ł 1.46' in Keepa AG Grid.
2026-03-12 16:38:33,617 - tools.amazon_playwright_extractor - INFO - Found potential fee key 'Referral Fee based on current Buy Box price' with raw value: 'Ł 0.25' in Keepa AG Grid.
2026-03-12 16:38:36,644 - tools.amazon_playwright_extractor - INFO - ? Successfully parsed 45 items from Keepa Product Details AG Grid.
2026-03-12 16:38:36,644 - tools.amazon_playwright_extractor - INFO - ASIN B00BM2GFF4: Attempting to extract EANs from Keepa product_details_tab_data.
2026-03-12 16:38:36,644 - tools.amazon_playwright_extractor - WARNING - ASIN B00BM2GFF4: Could not find EAN in Keepa product_details_tab_data.
2026-03-12 16:38:36,644 - tools.amazon_playwright_extractor - INFO - ASIN B00BM2GFF4: BSR not found or invalid from page. Attempting fallback from Keepa.
2026-03-12 16:38:36,644 - tools.amazon_playwright_extractor - INFO - ASIN B00BM2GFF4: BSR 174934 in 'Toys & Games 4.0' from Keepa SalesRankDetailsTable.
2026-03-12 16:38:36,648 [INFO] WindowsSaveGuardian: ? ATOMIC SAVE: amazon_B00BM2GFF4_681070104265.json (26 entries) saved successfully
2026-03-12 16:38:36,648 - windows_save_guardian - INFO - ? ATOMIC SAVE: amazon_B00BM2GFF4_681070104265.json (26 entries) saved successfully
2026-03-12 16:38:36,651 [INFO] WindowsSaveGuardian: ? ATOMIC SAVE: linking_map.json (3 entries) saved successfully
2026-03-12 16:38:36,651 - windows_save_guardian - INFO - ? ATOMIC SAVE: linking_map.json (3 entries) saved successfully
2026-03-12 16:38:36,651 - __main__ - INFO - Linking map periodic flush: 3 entries
2026-03-12 16:38:36,654 [INFO] WindowsSaveGuardian: ? ATOMIC SAVE: angelwholesale_co_uk__sandbox__bfaa487c_processing_state.json (27 entries) saved successfully
2026-03-12 16:38:36,654 - windows_save_guardian - INFO - ? ATOMIC SAVE: angelwholesale_co_uk__sandbox__bfaa487c_processing_state.json (27 entries) saved successfully
2026-03-12 16:38:36,654 - utils.fixed_enhanced_state_manager - INFO -  ATOMIC SAVE
2026-03-12 16:38:36,654 - tools.amazon_playwright_extractor - INFO - Searching Amazon by EAN:  for supplier product: 'Valentines Gift Bundle - Love Struck (5 Items)' (FixedAmazonExtractor)
2026-03-12 16:38:36,654 - tools.amazon_playwright_extractor - INFO - Navigating to Amazon UK to search for EAN: 
2026-03-12 16:38:40,802 - tools.amazon_playwright_extractor - INFO - Waiting for search results page to load for EAN ...
2026-03-12 16:40:00,881 - tools.amazon_playwright_extractor - WARNING - No search results containers found for EAN 
2026-03-12 16:40:00,886 [INFO] WindowsSaveGuardian: ? ATOMIC SAVE: linking_map.json (4 entries) saved successfully
2026-03-12 16:40:00,886 - windows_save_guardian - INFO - ? ATOMIC SAVE: linking_map.json (4 entries) saved successfully
2026-03-12 16:40:00,887 - __main__ - INFO - Linking map periodic flush: 4 entries
2026-03-12 16:40:00,890 [INFO] WindowsSaveGuardian: ? ATOMIC SAVE: angelwholesale_co_uk__sandbox__bfaa487c_processing_state.json (27 entries) saved successfully
2026-03-12 16:40:00,890 - windows_save_guardian - INFO - ? ATOMIC SAVE: angelwholesale_co_uk__sandbox__bfaa487c_processing_state.json (27 entries) saved successfully
2026-03-12 16:40:00,891 - utils.fixed_enhanced_state_manager - INFO -  ATOMIC SAVE
2026-03-12 16:40:00,891 - tools.amazon_playwright_extractor - INFO - Searching Amazon by EAN: 5010792754635 for supplier product: 'Velvet Rose Hand Care Set' (FixedAmazonExtractor)
2026-03-12 16:40:00,891 - tools.amazon_playwright_extractor - INFO - Navigating to Amazon UK to search for EAN: 5010792754635
2026-03-12 16:40:06,387 - tools.amazon_playwright_extractor - INFO - Waiting for search results page to load for EAN 5010792754635...
2026-03-12 16:40:06,774 - tools.amazon_playwright_extractor - INFO - Found search results container with selector: div.s-search-results
2026-03-12 16:40:07,435 - tools.amazon_playwright_extractor - INFO - Found 7 search result elements using selector: div[data-component-type='s-search-result']
2026-03-12 16:40:07,436 - tools.amazon_playwright_extractor - INFO - Processing 7 search result elements for EAN 5010792754635
2026-03-12 16:40:07,696 - tools.amazon_playwright_extractor - INFO - Found organic result: ASIN B0FJY9R8QB - Lesser & Pavey Madelaine by Hearts Design Madelaine Hand & L...
2026-03-12 16:40:07,884 - tools.amazon_playwright_extractor - INFO - \U0001f4ca SPONSORED FILTERING RESULTS: 1 organic products, 6 sponsored products filtered out
2026-03-12 16:40:07,884 - tools.amazon_playwright_extractor - INFO - \u2705 EAN SEARCH: Selected first organic result - ASIN B0FJY9R8QB
2026-03-12 16:40:07,884 - tools.amazon_playwright_extractor - INFO -    Trusting Amazon's search relevance for EAN 5010792754635
2026-03-12 16:40:07,884 - tools.amazon_playwright_extractor - INFO -    EAN will be extracted by Keepa during full product data extraction
2026-03-12 16:40:07,884 - tools.amazon_playwright_extractor - INFO - Single ASIN B0FJY9R8QB found for EAN 5010792754635.
2026-03-12 16:40:07,884 - tools.amazon_playwright_extractor - INFO - Proceeding with ASIN: B0FJY9R8QB for EAN: 5010792754635
2026-03-12 16:40:07,884 - tools.amazon_playwright_extractor - WARNING - No page object provided to extract_data for ASIN B0FJY9R8QB. Getting a new one from BrowserManager.
2026-03-12 16:40:07,884 - tools.amazon_playwright_extractor - INFO - Reusing existing page: https://www.amazon.co.uk/s?k=5010792754635&ref=nb_sb_noss
2026-03-12 16:40:09,989 - tools.amazon_playwright_extractor - INFO - Checking for cookie consent pop-up...
2026-03-12 16:40:10,406 - tools.amazon_playwright_extractor - INFO - Finished checking for cookie consent pop-ups. If one was present and not handled, it might interfere.
2026-03-12 16:40:11,413 - tools.amazon_playwright_extractor - INFO - Checking for CAPTCHA...
2026-03-12 16:40:14,430 - tools.amazon_playwright_extractor - INFO - No CAPTCHA page detected by form selector.
2026-03-12 16:40:14,430 - tools.amazon_playwright_extractor - INFO - Checking for cookie consent pop-up...
2026-03-12 16:40:14,510 - tools.amazon_playwright_extractor - INFO - Finished checking for cookie consent pop-ups. If one was present and not handled, it might interfere.
2026-03-12 16:40:14,510 - tools.amazon_playwright_extractor - INFO - Page should be ready. Waiting 5s for stabilization...
2026-03-12 16:40:19,519 - tools.amazon_playwright_extractor - INFO - Waiting an additional 7s for extensions (Keepa, SellerAmp)...
2026-03-12 16:40:26,532 - tools.amazon_playwright_extractor - INFO - Extracting all product data for ASIN: B0FJY9R8QB
2026-03-12 16:40:26,533 - tools.amazon_playwright_extractor - INFO - Extracting basic product information (Title, Price, Images, Amazon Details)...
2026-03-12 16:40:26,585 - tools.amazon_playwright_extractor - INFO - Title found: 'Lesser & Pavey Madelaine by Hearts Design Madelaine Hand & Lip Care For All Type Skin | Hydrating Hand Cream & Lip Balm Moisturiser For Everyday Use | Vegan Friendly Beauty Essentials For Women & Men' via #productTitle
2026-03-12 16:40:26,585 - tools.amazon_playwright_extractor - INFO - Extracting price details...
2026-03-12 16:40:26,612 - tools.amazon_playwright_extractor - INFO - Current price: 4.33 via #corePrice_feature_div .a-offscreen
2026-03-12 16:40:26,746 - tools.amazon_playwright_extractor - INFO - Extracting image URLs...
2026-03-12 16:40:26,798 - tools.amazon_playwright_extractor - INFO - Main image: https://m.media-amazon.com/images/I/511FX8ncWFL._AC_SL1000_.jpg via #landingImage
2026-03-12 16:40:26,842 - tools.amazon_playwright_extractor - INFO - Found 1 thumbnails.
2026-03-12 16:40:26,851 - tools.amazon_playwright_extractor - INFO - Extracting Amazon product details section...
2026-03-12 16:40:27,126 - tools.amazon_playwright_extractor - INFO - Extracting sales rank information...
2026-03-12 16:40:27,316 - tools.amazon_playwright_extractor - INFO - Extracting ratings and reviews...
2026-03-12 16:40:27,458 - tools.amazon_playwright_extractor - INFO - Rating: 5.0 via i[class*='a-icon-star'] span.a-icon-alt
2026-03-12 16:40:27,506 - tools.amazon_playwright_extractor - INFO - Extracting stock information...
2026-03-12 16:40:27,530 - tools.amazon_playwright_extractor - INFO - Availability text: 'In stock' via #availability span.a-size-medium.a-color-success
2026-03-12 16:40:27,530 - tools.amazon_playwright_extractor - INFO - Extracting features/bullets...
2026-03-12 16:40:27,872 - tools.amazon_playwright_extractor - INFO - Found 5 features.
2026-03-12 16:40:27,873 - tools.amazon_playwright_extractor - INFO - Extracting product description...
2026-03-12 16:40:28,043 - tools.amazon_playwright_extractor - INFO - Extracting product specifications table...
2026-03-12 16:40:28,299 - tools.amazon_playwright_extractor - INFO - Specifications table parsed using selector: table.a-keyvalue.prodDetTable
2026-03-12 16:40:28,299 - tools.amazon_playwright_extractor - INFO - Extracting SellerAmp data (if present)...
2026-03-12 16:40:28,299 - tools.amazon_playwright_extractor - INFO - SellerAmp data extraction is currently disabled as per requirements (Fix 2.3).
2026-03-12 16:40:28,299 - tools.amazon_playwright_extractor - INFO - Extracting Keepa data (if present)...
2026-03-12 16:40:28,299 - tools.amazon_playwright_extractor - INFO - Attempting to extract Keepa data...
2026-03-12 16:40:34,409 - tools.amazon_playwright_extractor - INFO - Keepa iframe found: iframe[id*='keepa']
2026-03-12 16:40:34,676 - tools.amazon_playwright_extractor - INFO - Keepa Graph AI Analysis is currently disabled as per requirements (Fix 2.4).
2026-03-12 16:40:34,822 - tools.amazon_playwright_extractor - INFO - Keepa Data tab found. Currently active: False
2026-03-12 16:40:34,822 - tools.amazon_playwright_extractor - INFO - Clicking Keepa 'Data' tab...
2026-03-12 16:40:38,176 - tools.amazon_playwright_extractor - INFO - Attempt 1/2: Waiting 12000ms for Product-Details wrapper...
2026-03-12 16:40:42,388 - tools.amazon_playwright_extractor - INFO - ? Product-Details wrapper appeared on attempt 1
2026-03-12 16:40:42,457 - tools.amazon_playwright_extractor - INFO - Parsing Keepa AG Grid for Product Details from: div#MoreTab1 div#grid-product-detail
2026-03-12 16:40:42,509 - tools.amazon_playwright_extractor - INFO - Primary attempt: Waiting 12 seconds for AG Grid rows to load...
2026-03-12 16:40:43,570 - tools.amazon_playwright_extractor - INFO - ? Primary attempt successful: 73 rows found
2026-03-12 16:40:43,591 - tools.amazon_playwright_extractor - INFO - Processing 73 rows in Keepa Product Details AG Grid.
2026-03-12 16:40:46,893 - tools.amazon_playwright_extractor - INFO - ? Successfully parsed 20 items from Keepa Product Details AG Grid.
2026-03-12 16:40:46,893 - tools.amazon_playwright_extractor - INFO - ASIN B0FJY9R8QB: Attempting to extract EANs from Keepa product_details_tab_data.
2026-03-12 16:40:46,893 - tools.amazon_playwright_extractor - INFO - ASIN B0FJY9R8QB: EAN '5010792754635' found in Keepa details via key 'Product Codes - EAN'.
2026-03-12 16:40:46,893 - tools.amazon_playwright_extractor - INFO - ASIN B0FJY9R8QB: BSR not found or invalid from page. Attempting fallback from Keepa.
2026-03-12 16:40:46,893 - tools.amazon_playwright_extractor - WARNING - ASIN B0FJY9R8QB: Could not find BSR in any Keepa data source.
2026-03-12 16:40:46,894 - tools.amazon_playwright_extractor - INFO - \u2705 Recorded search method 'EAN' for ASIN B0FJY9R8QB
2026-03-12 16:40:46,894 - tools.amazon_playwright_extractor - INFO - Successfully extracted data for ASIN B0FJY9R8QB (EAN on page: 5010792754635)
2026-03-12 16:40:46,899 [INFO] WindowsSaveGuardian: ? ATOMIC SAVE: amazon_B0FJY9R8QB_5010792754635.json (25 entries) saved successfully
2026-03-12 16:40:46,899 - windows_save_guardian - INFO - ? ATOMIC SAVE: amazon_B0FJY9R8QB_5010792754635.json (25 entries) saved successfully
2026-03-12 16:40:46,904 [INFO] WindowsSaveGuardian: ? ATOMIC SAVE: linking_map.json (5 entries) saved successfully
2026-03-12 16:40:46,904 - windows_save_guardian - INFO - ? ATOMIC SAVE: linking_map.json (5 entries) saved successfully
2026-03-12 16:40:46,905 - __main__ - INFO - Linking map periodic flush: 5 entries
2026-03-12 16:40:46,910 [INFO] WindowsSaveGuardian: ? ATOMIC SAVE: angelwholesale_co_uk__sandbox__bfaa487c_processing_state.json (27 entries) saved successfully
2026-03-12 16:40:46,910 - windows_save_guardian - INFO - ? ATOMIC SAVE: angelwholesale_co_uk__sandbox__bfaa487c_processing_state.json (27 entries) saved successfully
2026-03-12 16:40:46,911 - utils.fixed_enhanced_state_manager - INFO -  ATOMIC SAVE
2026-03-12 16:40:46,911 - tools.amazon_playwright_extractor - INFO - Searching Amazon by EAN:  for supplier product: 'Valentines Gift Bundle - Love Struck (5 Items)' (FixedAmazonExtractor)
2026-03-12 16:40:46,911 - tools.amazon_playwright_extractor - INFO - Navigating to Amazon UK to search for EAN: 
2026-03-12 16:40:52,195 - tools.amazon_playwright_extractor - INFO - Waiting for search results page to load for EAN ...
2026-03-12 16:42:12,302 - tools.amazon_playwright_extractor - WARNING - No search results containers found for EAN 
2026-03-12 16:42:12,306 [INFO] WindowsSaveGuardian: ? ATOMIC SAVE: linking_map.json (6 entries) saved successfully
2026-03-12 16:42:12,306 - windows_save_guardian - INFO - ? ATOMIC SAVE: linking_map.json (6 entries) saved successfully
2026-03-12 16:42:12,307 - __main__ - INFO - Linking map periodic flush: 6 entries
2026-03-12 16:42:12,316 [INFO] WindowsSaveGuardian: ? ATOMIC SAVE: angelwholesale_co_uk__sandbox__bfaa487c_processing_state.json (27 entries) saved successfully
2026-03-12 16:42:12,316 - windows_save_guardian - INFO - ? ATOMIC SAVE: angelwholesale_co_uk__sandbox__bfaa487c_processing_state.json (27 entries) saved successfully
2026-03-12 16:42:12,317 - utils.fixed_enhanced_state_manager - INFO -  ATOMIC SAVE
2026-03-12 16:42:12,318 - tools.amazon_playwright_extractor - INFO - Searching Amazon by EAN: 5060002043691 for supplier product: 'Booja-Booja Chocolate Orange Chocolate Truffles (92g)' (FixedAmazonExtractor)
2026-03-12 16:42:12,318 - tools.amazon_playwright_extractor - INFO - Navigating to Amazon UK to search for EAN: 5060002043691
2026-03-12 16:42:19,147 - tools.amazon_playwright_extractor - INFO - Waiting for search results page to load for EAN 5060002043691...
2026-03-12 16:42:20,734 - tools.amazon_playwright_extractor - INFO - Found search results container with selector: div.s-search-results
2026-03-12 16:42:21,414 - tools.amazon_playwright_extractor - INFO - Found 7 search result elements using selector: div[data-component-type='s-search-result']
2026-03-12 16:42:21,414 - tools.amazon_playwright_extractor - INFO - Processing 7 search result elements for EAN 5060002043691
2026-03-12 16:42:22,003 - tools.amazon_playwright_extractor - INFO - Found organic result: ASIN B08X7F92GF - Booja - Booja, Deeply Chocolate Vegan Chocolate Truffles 92g...
2026-03-12 16:42:22,179 - tools.amazon_playwright_extractor - INFO - \U0001f4ca SPONSORED FILTERING RESULTS: 1 organic products, 6 sponsored products filtered out
2026-03-12 16:42:22,179 - tools.amazon_playwright_extractor - INFO - \u2705 EAN SEARCH: Selected first organic result - ASIN B08X7F92GF
2026-03-12 16:42:22,179 - tools.amazon_playwright_extractor - INFO -    Trusting Amazon's search relevance for EAN 5060002043691
2026-03-12 16:42:22,179 - tools.amazon_playwright_extractor - INFO -    EAN will be extracted by Keepa during full product data extraction
2026-03-12 16:42:22,179 - tools.amazon_playwright_extractor - INFO - Single ASIN B08X7F92GF found for EAN 5060002043691.
2026-03-12 16:42:22,179 - tools.amazon_playwright_extractor - INFO - Proceeding with ASIN: B08X7F92GF for EAN: 5060002043691
2026-03-12 16:42:22,179 - tools.amazon_playwright_extractor - WARNING - No page object provided to extract_data for ASIN B08X7F92GF. Getting a new one from BrowserManager.
2026-03-12 16:42:22,179 - tools.amazon_playwright_extractor - INFO - Reusing existing page: https://www.amazon.co.uk/s?k=5060002043691&crid=37HVOSOV6NC82&sprefix=%2Caps%2C416&ref=nb_sb_noss_2
2026-03-12 16:42:25,584 - tools.amazon_playwright_extractor - INFO - Checking for cookie consent pop-up...
2026-03-12 16:42:28,337 - tools.amazon_playwright_extractor - INFO - Finished checking for cookie consent pop-ups. If one was present and not handled, it might interfere.
2026-03-12 16:42:29,345 - tools.amazon_playwright_extractor - INFO - Checking for CAPTCHA...
2026-03-12 16:42:32,361 - tools.amazon_playwright_extractor - INFO - No CAPTCHA page detected by form selector.
2026-03-12 16:42:32,361 - tools.amazon_playwright_extractor - INFO - Checking for cookie consent pop-up...
2026-03-12 16:42:32,510 - tools.amazon_playwright_extractor - INFO - Finished checking for cookie consent pop-ups. If one was present and not handled, it might interfere.
2026-03-12 16:42:32,510 - tools.amazon_playwright_extractor - INFO - Page should be ready. Waiting 5s for stabilization...
2026-03-12 16:42:37,517 - tools.amazon_playwright_extractor - INFO - Waiting an additional 7s for extensions (Keepa, SellerAmp)...
2026-03-12 16:42:44,532 - tools.amazon_playwright_extractor - INFO - Extracting all product data for ASIN: B08X7F92GF
2026-03-12 16:42:44,532 - tools.amazon_playwright_extractor - INFO - Extracting basic product information (Title, Price, Images, Amazon Details)...
2026-03-12 16:42:44,768 - tools.amazon_playwright_extractor - INFO - Title found: 'Booja - Booja, Deeply Chocolate Vegan Chocolate Truffles 92g' via #productTitle
2026-03-12 16:42:44,768 - tools.amazon_playwright_extractor - INFO - Extracting price details...
2026-03-12 16:42:44,798 - tools.amazon_playwright_extractor - INFO - Current price: 7.99 via #corePrice_feature_div .a-offscreen
2026-03-12 16:42:44,951 - tools.amazon_playwright_extractor - INFO - Amazon sales badge found: 300 in container div#socialProofingAsinFaceout_feature_div
2026-03-12 16:42:44,951 - tools.amazon_playwright_extractor - INFO - Extracting image URLs...
2026-03-12 16:42:45,004 - tools.amazon_playwright_extractor - INFO - Main image: https://m.media-amazon.com/images/I/71nnUIaJJjL._AC_SL1500_.jpg via #landingImage
2026-03-12 16:42:45,082 - tools.amazon_playwright_extractor - INFO - Found 3 thumbnails.
2026-03-12 16:42:45,090 - tools.amazon_playwright_extractor - INFO - Extracting Amazon product details section...
2026-03-12 16:42:45,804 - tools.amazon_playwright_extractor - INFO - Extracting sales rank information...
2026-03-12 16:42:46,182 - tools.amazon_playwright_extractor - INFO - Extracting ratings and reviews...
2026-03-12 16:42:46,233 - tools.amazon_playwright_extractor - INFO - Rating: 4.4 via #acrPopover[title*='out of 5 stars']
2026-03-12 16:42:46,264 - tools.amazon_playwright_extractor - INFO - Review count: 1563 via #acrCustomerReviewText
2026-03-12 16:42:46,264 - tools.amazon_playwright_extractor - INFO - Extracting stock information...
2026-03-12 16:42:46,292 - tools.amazon_playwright_extractor - INFO - Availability text: 'In stock' via #availability span.a-size-medium.a-color-success
2026-03-12 16:42:46,293 - tools.amazon_playwright_extractor - INFO - Extracting features/bullets...
2026-03-12 16:42:46,944 - tools.amazon_playwright_extractor - INFO - Found 5 features.
2026-03-12 16:42:46,944 - tools.amazon_playwright_extractor - INFO - Extracting product description...
2026-03-12 16:42:47,002 - tools.amazon_playwright_extractor - INFO - Description found using selector: #aplus_feature_div
2026-03-12 16:42:47,002 - tools.amazon_playwright_extractor - INFO - Extracting product specifications table...
2026-03-12 16:42:47,102 - tools.amazon_playwright_extractor - INFO - Extracting SellerAmp data (if present)...
2026-03-12 16:42:47,102 - tools.amazon_playwright_extractor - INFO - SellerAmp data extraction is currently disabled as per requirements (Fix 2.3).
2026-03-12 16:42:47,102 - tools.amazon_playwright_extractor - INFO - Extracting Keepa data (if present)...
2026-03-12 16:42:47,103 - tools.amazon_playwright_extractor - INFO - Attempting to extract Keepa data...
2026-03-12 16:42:53,237 - tools.amazon_playwright_extractor - INFO - Keepa iframe found: iframe[id*='keepa']
2026-03-12 16:42:53,402 - tools.amazon_playwright_extractor - INFO - Keepa Sales Rank Details Table parsed.
2026-03-12 16:42:53,402 - tools.amazon_playwright_extractor - INFO - Keepa Graph AI Analysis is currently disabled as per requirements (Fix 2.4).
2026-03-12 16:42:53,441 - tools.amazon_playwright_extractor - INFO - Keepa Data tab found. Currently active: False
2026-03-12 16:42:53,442 - tools.amazon_playwright_extractor - INFO - Clicking Keepa 'Data' tab...
2026-03-12 16:42:57,902 - tools.amazon_playwright_extractor - INFO - Attempt 1/2: Waiting 12000ms for Product-Details wrapper...
2026-03-12 16:43:04,498 - tools.amazon_playwright_extractor - INFO - ? Product-Details wrapper appeared on attempt 1
2026-03-12 16:43:04,564 - tools.amazon_playwright_extractor - INFO - Parsing Keepa AG Grid for Product Details from: div#MoreTab1 div#grid-product-detail
2026-03-12 16:43:04,639 - tools.amazon_playwright_extractor - INFO - Primary attempt: Waiting 12 seconds for AG Grid rows to load...
2026-03-12 16:43:05,813 - tools.amazon_playwright_extractor - INFO - ? Primary attempt successful: 169 rows found
2026-03-12 16:43:05,833 - tools.amazon_playwright_extractor - INFO - Processing 169 rows in Keepa Product Details AG Grid.
2026-03-12 16:43:09,012 - tools.amazon_playwright_extractor - INFO - Found potential fee key 'FBA Pick&Pack Fee' with raw value: 'Ł 2.42' in Keepa AG Grid.
2026-03-12 16:43:09,386 - tools.amazon_playwright_extractor - INFO - Found potential fee key 'Referral Fee based on current Buy Box price' with raw value: 'Ł 0.40' in Keepa AG Grid.
2026-03-12 16:43:15,306 - tools.amazon_playwright_extractor - INFO - ? Successfully parsed 49 items from Keepa Product Details AG Grid.
2026-03-12 16:43:15,306 - tools.amazon_playwright_extractor - INFO - ASIN B08X7F92GF: Attempting to extract EANs from Keepa product_details_tab_data.
2026-03-12 16:43:15,306 - tools.amazon_playwright_extractor - INFO - ASIN B08X7F92GF: EAN '5060002043691' found in Keepa details via key 'Product Codes - EAN'.
2026-03-12 16:43:15,307 - tools.amazon_playwright_extractor - INFO - ASIN B08X7F92GF: BSR not found or invalid from page. Attempting fallback from Keepa.
2026-03-12 16:43:15,307 - tools.amazon_playwright_extractor - INFO - ASIN B08X7F92GF: BSR 1675 in 'Grocery 27' from Keepa SalesRankDetailsTable.
2026-03-12 16:43:15,307 - tools.amazon_playwright_extractor - INFO - \u2705 Recorded search method 'EAN' for ASIN B08X7F92GF
2026-03-12 16:43:15,307 - tools.amazon_playwright_extractor - INFO - Successfully extracted data for ASIN B08X7F92GF (EAN on page: 5060002043691)
2026-03-12 16:43:15,312 [INFO] WindowsSaveGuardian: ? ATOMIC SAVE: amazon_B08X7F92GF_5060002043691.json (32 entries) saved successfully
2026-03-12 16:43:15,312 - windows_save_guardian - INFO - ? ATOMIC SAVE: amazon_B08X7F92GF_5060002043691.json (32 entries) saved successfully
2026-03-12 16:43:15,317 [INFO] WindowsSaveGuardian: ? ATOMIC SAVE: linking_map.json (7 entries) saved successfully
2026-03-12 16:43:15,317 - windows_save_guardian - INFO - ? ATOMIC SAVE: linking_map.json (7 entries) saved successfully
2026-03-12 16:43:15,318 - __main__ - INFO - Linking map periodic flush: 7 entries
2026-03-12 16:43:15,323 [INFO] WindowsSaveGuardian: ? ATOMIC SAVE: angelwholesale_co_uk__sandbox__bfaa487c_processing_state.json (27 entries) saved successfully
2026-03-12 16:43:15,323 - windows_save_guardian - INFO - ? ATOMIC SAVE: angelwholesale_co_uk__sandbox__bfaa487c_processing_state.json (27 entries) saved successfully
2026-03-12 16:43:15,324 - utils.fixed_enhanced_state_manager - INFO -  ATOMIC SAVE
2026-03-12 16:43:15,328 [INFO] WindowsSaveGuardian: ? ATOMIC SAVE: angelwholesale_co_uk__sandbox__bfaa487c_processing_state.json (27 entries) saved successfully
2026-03-12 16:43:15,328 - windows_save_guardian - INFO - ? ATOMIC SAVE: angelwholesale_co_uk__sandbox__bfaa487c_processing_state.json (27 entries) saved successfully
2026-03-12 16:43:15,329 - utils.fixed_enhanced_state_manager - INFO -  ATOMIC SAVE
2026-03-12 16:43:15,329 - tools.amazon_playwright_extractor - INFO - Searching Amazon by EAN: 5056519214808 for supplier product: 'Lilac Shredded Tissue (100g)' (FixedAmazonExtractor)
2026-03-12 16:43:15,329 - tools.amazon_playwright_extractor - INFO - Navigating to Amazon UK to search for EAN: 5056519214808
2026-03-12 16:43:21,436 - tools.amazon_playwright_extractor - INFO - Waiting for search results page to load for EAN 5056519214808...
2026-03-12 16:43:21,701 - tools.amazon_playwright_extractor - INFO - Found search results container with selector: div.s-search-results
2026-03-12 16:43:22,515 - tools.amazon_playwright_extractor - INFO - Found 4 search result elements using selector: div[data-component-type='s-search-result']
2026-03-12 16:43:22,515 - tools.amazon_playwright_extractor - INFO - Processing 4 search result elements for EAN 5056519214808
2026-03-12 16:43:22,762 - tools.amazon_playwright_extractor - INFO - \U0001f4ca SPONSORED FILTERING RESULTS: 0 organic products, 4 sponsored products filtered out
2026-03-12 16:43:22,762 - tools.amazon_playwright_extractor - WARNING - EAN 5056519214808 returned no organic results - skipping
2026-03-12 16:43:22,762 - tools.amazon_playwright_extractor - WARNING - No Amazon results or error for EAN '5056519214808'. Details: no_organic_results
2026-03-12 16:43:22,762 - tools.amazon_playwright_extractor - INFO - Falling back to title search for supplier product: 'Lilac Shredded Tissue (100g)'
2026-03-12 16:43:22,762 - tools.amazon_playwright_extractor - INFO - Searching Amazon by title using search bar: 'Lilac Shredded Tissue (100g)'
2026-03-12 16:43:22,762 - tools.amazon_playwright_extractor - INFO - Navigating to Amazon UK to search for title: Lilac Shredded Tissue (100g)
2026-03-12 16:43:29,952 - tools.amazon_playwright_extractor - INFO - Title search found 69 elements using selector: div.s-search-results > div[data-asin]
2026-03-12 16:43:30,693 - tools.amazon_playwright_extractor - WARNING - ASIN extraction failed: All 4 fallbacks exhausted
2026-03-12 16:43:31,088 - tools.amazon_playwright_extractor - INFO - \u2705 Title search: Selected first visible organic product - ASIN B0DGXTYGWK
2026-03-12 16:43:31,088 - tools.amazon_playwright_extractor - INFO - \U0001f3af ASIN EXTRACTION SUCCESS: Found 1 ASINs for title search: 'Lilac Shredded Tissue (100g)'
2026-03-12 16:43:31,088 - tools.amazon_playwright_extractor - INFO - Title search successful for 'Lilac Shredded Tissue (100g)' after EAN '5056519214808' failed
2026-03-12 16:43:31,088 - tools.amazon_playwright_extractor - INFO - Extracting complete data for fallback ASIN B0DGXTYGWK from title search
2026-03-12 16:43:31,088 - tools.amazon_playwright_extractor - WARNING - No page object provided to extract_data for ASIN B0DGXTYGWK. Getting a new one from BrowserManager.
2026-03-12 16:43:31,088 - tools.amazon_playwright_extractor - INFO - Reusing existing page: https://www.amazon.co.uk/s?k=Lilac+Shredded+Tissue+%28100g%29&ref=nb_sb_noss
2026-03-12 16:43:34,173 - tools.amazon_playwright_extractor - INFO - Checking for cookie consent pop-up...
2026-03-12 16:43:59,219 - tools.amazon_playwright_extractor - INFO - Finished checking for cookie consent pop-ups. If one was present and not handled, it might interfere.
2026-03-12 16:44:00,227 - tools.amazon_playwright_extractor - INFO - Checking for CAPTCHA...
2026-03-12 16:44:03,239 - tools.amazon_playwright_extractor - INFO - No CAPTCHA page detected by form selector.
2026-03-12 16:44:03,240 - tools.amazon_playwright_extractor - INFO - Checking for cookie consent pop-up...
2026-03-12 16:44:03,344 - tools.amazon_playwright_extractor - INFO - Finished checking for cookie consent pop-ups. If one was present and not handled, it might interfere.
2026-03-12 16:44:03,344 - tools.amazon_playwright_extractor - INFO - Page should be ready. Waiting 5s for stabilization...
2026-03-12 16:44:08,348 - tools.amazon_playwright_extractor - INFO - Waiting an additional 7s for extensions (Keepa, SellerAmp)...
2026-03-12 16:44:15,360 - tools.amazon_playwright_extractor - INFO - Extracting all product data for ASIN: B0DGXTYGWK
2026-03-12 16:44:15,360 - tools.amazon_playwright_extractor - INFO - Extracting basic product information (Title, Price, Images, Amazon Details)...
2026-03-12 16:44:15,417 - tools.amazon_playwright_extractor - INFO - Title found: 'Trimming Shop 100gm Lilac Purple Shredded Tissue Paper, Decorative Gift Packaging Hamper Filler, Soft Dust free Paper Shreds for Hampers, Baskets & Boxes Stuffing, Weddings, Birthday & Christmas' via #productTitle
2026-03-12 16:44:15,417 - tools.amazon_playwright_extractor - INFO - Extracting price details...
2026-03-12 16:44:15,451 - tools.amazon_playwright_extractor - INFO - Current price: 4.89 via #corePrice_feature_div .a-offscreen
2026-03-12 16:44:15,527 - tools.amazon_playwright_extractor - INFO - Original price: 4.99 via span.a-price.a-text-price[data-a-strike='true'] span.a-offscreen
2026-03-12 16:44:15,688 - tools.amazon_playwright_extractor - INFO - Extracting image URLs...
2026-03-12 16:44:15,852 - tools.amazon_playwright_extractor - INFO - Main image: https://m.media-amazon.com/images/I/812Iu6yv9KL._AC_SL1500_.jpg via #landingImage
2026-03-12 16:44:15,994 - tools.amazon_playwright_extractor - INFO - Found 7 thumbnails.
2026-03-12 16:44:16,002 - tools.amazon_playwright_extractor - INFO - Extracting Amazon product details section...
2026-03-12 16:44:16,257 - tools.amazon_playwright_extractor - INFO - Extracting sales rank information...
2026-03-12 16:44:16,484 - tools.amazon_playwright_extractor - INFO - Extracting ratings and reviews...
2026-03-12 16:44:16,513 - tools.amazon_playwright_extractor - INFO - Rating: 4.1 via #acrPopover[title*='out of 5 stars']
2026-03-12 16:44:16,541 - tools.amazon_playwright_extractor - INFO - Review count: 72 via #acrCustomerReviewText
2026-03-12 16:44:16,541 - tools.amazon_playwright_extractor - INFO - Extracting stock information...
2026-03-12 16:44:16,572 - tools.amazon_playwright_extractor - INFO - Availability text: 'In stock' via #availability span.a-size-medium.a-color-success
2026-03-12 16:44:16,572 - tools.amazon_playwright_extractor - INFO - Extracting features/bullets...
2026-03-12 16:44:16,974 - tools.amazon_playwright_extractor - INFO - Found 5 features.
2026-03-12 16:44:16,974 - tools.amazon_playwright_extractor - INFO - Extracting product description...
2026-03-12 16:44:17,040 - tools.amazon_playwright_extractor - INFO - Description found using selector: #aplus_feature_div
2026-03-12 16:44:17,040 - tools.amazon_playwright_extractor - INFO - Extracting product specifications table...
2026-03-12 16:44:17,570 - tools.amazon_playwright_extractor - INFO - Specifications table parsed using selector: table.a-keyvalue.prodDetTable
2026-03-12 16:44:17,571 - tools.amazon_playwright_extractor - INFO - Extracting SellerAmp data (if present)...
2026-03-12 16:44:17,571 - tools.amazon_playwright_extractor - INFO - SellerAmp data extraction is currently disabled as per requirements (Fix 2.3).
2026-03-12 16:44:17,571 - tools.amazon_playwright_extractor - INFO - Extracting Keepa data (if present)...
2026-03-12 16:44:17,571 - tools.amazon_playwright_extractor - INFO - Attempting to extract Keepa data...
2026-03-12 16:44:23,694 - tools.amazon_playwright_extractor - INFO - Keepa iframe found: iframe[id*='keepa']
2026-03-12 16:44:23,995 - tools.amazon_playwright_extractor - INFO - Keepa Sales Rank Details Table parsed.
2026-03-12 16:44:23,995 - tools.amazon_playwright_extractor - INFO - Keepa Graph AI Analysis is currently disabled as per requirements (Fix 2.4).
2026-03-12 16:44:24,051 - tools.amazon_playwright_extractor - INFO - Keepa Data tab found. Currently active: False
2026-03-12 16:44:24,051 - tools.amazon_playwright_extractor - INFO - Clicking Keepa 'Data' tab...
2026-03-12 16:44:28,827 - tools.amazon_playwright_extractor - INFO - Attempt 1/2: Waiting 12000ms for Product-Details wrapper...
2026-03-12 16:44:31,971 - tools.amazon_playwright_extractor - INFO - ? Product-Details wrapper appeared on attempt 1
2026-03-12 16:44:32,053 - tools.amazon_playwright_extractor - INFO - Parsing Keepa AG Grid for Product Details from: div#MoreTab1 div#grid-product-detail
2026-03-12 16:44:32,145 - tools.amazon_playwright_extractor - INFO - Primary attempt: Waiting 12 seconds for AG Grid rows to load...
2026-03-12 16:44:33,254 - tools.amazon_playwright_extractor - INFO - ? Primary attempt successful: 124 rows found
2026-03-12 16:44:33,291 - tools.amazon_playwright_extractor - INFO - Processing 124 rows in Keepa Product Details AG Grid.
2026-03-12 16:44:35,750 - tools.amazon_playwright_extractor - INFO - Found potential fee key 'FBA Pick&Pack Fee' with raw value: 'Ł 1.73' in Keepa AG Grid.
2026-03-12 16:44:35,929 - tools.amazon_playwright_extractor - INFO - Found potential fee key 'Referral Fee based on current Buy Box price' with raw value: 'Ł 0.39' in Keepa AG Grid.
2026-03-12 16:44:40,136 - tools.amazon_playwright_extractor - INFO - ? Successfully parsed 36 items from Keepa Product Details AG Grid.
2026-03-12 16:44:40,137 - tools.amazon_playwright_extractor - INFO - ASIN B0DGXTYGWK: Attempting to extract EANs from Keepa product_details_tab_data.
2026-03-12 16:44:40,137 - tools.amazon_playwright_extractor - WARNING - ASIN B0DGXTYGWK: Could not find EAN in Keepa product_details_tab_data.
2026-03-12 16:44:40,137 - tools.amazon_playwright_extractor - INFO - ASIN B0DGXTYGWK: BSR not found or invalid from page. Attempting fallback from Keepa.
2026-03-12 16:44:40,137 - tools.amazon_playwright_extractor - INFO - ASIN B0DGXTYGWK: BSR 3067 in 'Stationery & Office Supplies 6' from Keepa SalesRankDetailsTable.
2026-03-12 16:44:40,146 [INFO] WindowsSaveGuardian: ? ATOMIC SAVE: amazon_B0DGXTYGWK_5056519214808.json (28 entries) saved successfully
2026-03-12 16:44:40,146 - windows_save_guardian - INFO - ? ATOMIC SAVE: amazon_B0DGXTYGWK_5056519214808.json (28 entries) saved successfully
2026-03-12 16:44:40,151 [INFO] WindowsSaveGuardian: ? ATOMIC SAVE: linking_map.json (8 entries) saved successfully
2026-03-12 16:44:40,151 - windows_save_guardian - INFO - ? ATOMIC SAVE: linking_map.json (8 entries) saved successfully
2026-03-12 16:44:40,152 - __main__ - INFO - Linking map periodic flush: 8 entries
2026-03-12 16:44:40,157 [INFO] WindowsSaveGuardian: ? ATOMIC SAVE: angelwholesale_co_uk__sandbox__bfaa487c_processing_state.json (27 entries) saved successfully
2026-03-12 16:44:40,157 - windows_save_guardian - INFO - ? ATOMIC SAVE: angelwholesale_co_uk__sandbox__bfaa487c_processing_state.json (27 entries) saved successfully
2026-03-12 16:44:40,157 - utils.fixed_enhanced_state_manager - INFO -  ATOMIC SAVE
2026-03-12 16:44:40,158 - tools.amazon_playwright_extractor - INFO - Searching Amazon by EAN: 5056519214730 for supplier product: 'Yellow Shredded Tissue (100g)' (FixedAmazonExtractor)
2026-03-12 16:44:40,158 - tools.amazon_playwright_extractor - INFO - Navigating to Amazon UK to search for EAN: 5056519214730
2026-03-12 16:44:45,546 - tools.amazon_playwright_extractor - INFO - Waiting for search results page to load for EAN 5056519214730...
2026-03-12 16:44:45,861 - tools.amazon_playwright_extractor - INFO - Found search results container with selector: div.s-search-results
2026-03-12 16:44:46,618 - tools.amazon_playwright_extractor - INFO - Found 5 search result elements using selector: div[data-component-type='s-search-result']
2026-03-12 16:44:46,618 - tools.amazon_playwright_extractor - INFO - Processing 5 search result elements for EAN 5056519214730
2026-03-12 16:44:46,879 - tools.amazon_playwright_extractor - INFO - \U0001f4ca SPONSORED FILTERING RESULTS: 0 organic products, 5 sponsored products filtered out
2026-03-12 16:44:46,879 - tools.amazon_playwright_extractor - WARNING - EAN 5056519214730 returned no organic results - skipping
2026-03-12 16:44:46,879 - tools.amazon_playwright_extractor - WARNING - No Amazon results or error for EAN '5056519214730'. Details: no_organic_results
2026-03-12 16:44:46,879 - tools.amazon_playwright_extractor - INFO - Falling back to title search for supplier product: 'Yellow Shredded Tissue (100g)'
2026-03-12 16:44:46,880 - tools.amazon_playwright_extractor - INFO - Searching Amazon by title using search bar: 'Yellow Shredded Tissue (100g)'
2026-03-12 16:44:46,880 - tools.amazon_playwright_extractor - INFO - Navigating to Amazon UK to search for title: Yellow Shredded Tissue (100g)
2026-03-12 16:44:54,255 - tools.amazon_playwright_extractor - INFO - Title search found 69 elements using selector: div.s-search-results > div[data-asin]
2026-03-12 16:44:55,250 - tools.amazon_playwright_extractor - WARNING - ASIN extraction failed: All 4 fallbacks exhausted
2026-03-12 16:44:55,437 - tools.amazon_playwright_extractor - INFO - \u2705 Title search: Selected first visible organic product - ASIN B0BVZQBSJY
2026-03-12 16:44:55,437 - tools.amazon_playwright_extractor - INFO - \U0001f3af ASIN EXTRACTION SUCCESS: Found 1 ASINs for title search: 'Yellow Shredded Tissue (100g)'
2026-03-12 16:44:55,437 - tools.amazon_playwright_extractor - INFO - Title search successful for 'Yellow Shredded Tissue (100g)' after EAN '5056519214730' failed
2026-03-12 16:44:55,437 - tools.amazon_playwright_extractor - INFO - Extracting complete data for fallback ASIN B0BVZQBSJY from title search
2026-03-12 16:44:55,437 - tools.amazon_playwright_extractor - WARNING - No page object provided to extract_data for ASIN B0BVZQBSJY. Getting a new one from BrowserManager.
2026-03-12 16:44:55,437 - tools.amazon_playwright_extractor - INFO - Reusing existing page: https://www.amazon.co.uk/s?k=Yellow+Shredded+Tissue+%28100g%29&ref=nb_sb_noss
2026-03-12 16:44:58,153 - tools.amazon_playwright_extractor - INFO - Checking for cookie consent pop-up...
2026-03-12 16:45:01,237 - tools.amazon_playwright_extractor - INFO - Finished checking for cookie consent pop-ups. If one was present and not handled, it might interfere.
2026-03-12 16:45:02,250 - tools.amazon_playwright_extractor - INFO - Checking for CAPTCHA...
2026-03-12 16:45:05,261 - tools.amazon_playwright_extractor - INFO - No CAPTCHA page detected by form selector.
2026-03-12 16:45:05,261 - tools.amazon_playwright_extractor - INFO - Checking for cookie consent pop-up...
2026-03-12 16:45:05,381 - tools.amazon_playwright_extractor - INFO - Finished checking for cookie consent pop-ups. If one was present and not handled, it might interfere.
2026-03-12 16:45:05,382 - tools.amazon_playwright_extractor - INFO - Page should be ready. Waiting 5s for stabilization...
2026-03-12 16:45:10,396 - tools.amazon_playwright_extractor - INFO - Waiting an additional 7s for extensions (Keepa, SellerAmp)...
2026-03-12 16:45:17,399 - tools.amazon_playwright_extractor - INFO - Extracting all product data for ASIN: B0BVZQBSJY
2026-03-12 16:45:17,400 - tools.amazon_playwright_extractor - INFO - Extracting basic product information (Title, Price, Images, Amazon Details)...
2026-03-12 16:45:17,477 - tools.amazon_playwright_extractor - INFO - Title found: 'Shredded Tissue Paper - Vaktop Yellow Shredded Paper, 100g Raffia Gift Filler Paper for Easter Gift Box Filling, Basket Filler, Hampers Packaging Decorations, Party Supplies Box Stuffing' via #productTitle
2026-03-12 16:45:17,477 - tools.amazon_playwright_extractor - INFO - Extracting price details...
2026-03-12 16:45:17,524 - tools.amazon_playwright_extractor - INFO - Current price: 4.99 via #corePrice_feature_div .a-offscreen
2026-03-12 16:45:17,831 - tools.amazon_playwright_extractor - INFO - Original price: 6.99 via span.a-price.a-text-price[data-a-strike='true'] span.a-offscreen
2026-03-12 16:45:17,876 - tools.amazon_playwright_extractor - INFO - Amazon sales badge found: 50 in container div#socialProofingAsinFaceout_feature_div
2026-03-12 16:45:17,876 - tools.amazon_playwright_extractor - INFO - Extracting image URLs...
2026-03-12 16:45:17,953 - tools.amazon_playwright_extractor - INFO - Main image: https://m.media-amazon.com/images/I/81nsAlVaUDL._AC_SL1500_.jpg via #landingImage
2026-03-12 16:45:18,119 - tools.amazon_playwright_extractor - INFO - Found 7 thumbnails.
2026-03-12 16:45:18,126 - tools.amazon_playwright_extractor - INFO - Extracting Amazon product details section...
2026-03-12 16:45:18,430 - tools.amazon_playwright_extractor - INFO - Extracting sales rank information...
2026-03-12 16:45:18,741 - tools.amazon_playwright_extractor - INFO - Extracting ratings and reviews...
2026-03-12 16:45:18,775 - tools.amazon_playwright_extractor - INFO - Rating: 4.5 via #acrPopover[title*='out of 5 stars']
2026-03-12 16:45:18,810 - tools.amazon_playwright_extractor - INFO - Review count: 151 via #acrCustomerReviewText
2026-03-12 16:45:18,811 - tools.amazon_playwright_extractor - INFO - Extracting stock information...
2026-03-12 16:45:18,838 - tools.amazon_playwright_extractor - INFO - Availability text: 'In stock' via #availability span.a-size-medium.a-color-success
2026-03-12 16:45:18,838 - tools.amazon_playwright_extractor - INFO - Extracting features/bullets...
2026-03-12 16:45:19,208 - tools.amazon_playwright_extractor - INFO - Found 5 features.
2026-03-12 16:45:19,208 - tools.amazon_playwright_extractor - INFO - Extracting product description...
2026-03-12 16:45:19,285 - tools.amazon_playwright_extractor - INFO - Description found using selector: #aplus_feature_div
2026-03-12 16:45:19,285 - tools.amazon_playwright_extractor - INFO - Extracting product specifications table...
2026-03-12 16:45:20,069 - tools.amazon_playwright_extractor - INFO - Specifications table parsed using selector: table.a-keyvalue.prodDetTable
2026-03-12 16:45:20,070 - tools.amazon_playwright_extractor - INFO - Extracting SellerAmp data (if present)...
2026-03-12 16:45:20,070 - tools.amazon_playwright_extractor - INFO - SellerAmp data extraction is currently disabled as per requirements (Fix 2.3).
2026-03-12 16:45:20,070 - tools.amazon_playwright_extractor - INFO - Extracting Keepa data (if present)...
2026-03-12 16:45:20,070 - tools.amazon_playwright_extractor - INFO - Attempting to extract Keepa data...
2026-03-12 16:45:26,193 - tools.amazon_playwright_extractor - INFO - Keepa iframe found: iframe[id*='keepa']
2026-03-12 16:45:26,393 - tools.amazon_playwright_extractor - INFO - Keepa Sales Rank Details Table parsed.
2026-03-12 16:45:26,393 - tools.amazon_playwright_extractor - INFO - Keepa Graph AI Analysis is currently disabled as per requirements (Fix 2.4).
2026-03-12 16:45:26,427 - tools.amazon_playwright_extractor - INFO - Keepa Data tab found. Currently active: False
2026-03-12 16:45:26,427 - tools.amazon_playwright_extractor - INFO - Clicking Keepa 'Data' tab...
2026-03-12 16:45:31,007 - tools.amazon_playwright_extractor - INFO - Attempt 1/2: Waiting 12000ms for Product-Details wrapper...
2026-03-12 16:45:35,436 - tools.amazon_playwright_extractor - INFO - ? Product-Details wrapper appeared on attempt 1
2026-03-12 16:45:35,664 - tools.amazon_playwright_extractor - INFO - Parsing Keepa AG Grid for Product Details from: div#MoreTab1 div#grid-product-detail
2026-03-12 16:45:35,830 - tools.amazon_playwright_extractor - INFO - Primary attempt: Waiting 12 seconds for AG Grid rows to load...
2026-03-12 16:45:36,901 - tools.amazon_playwright_extractor - INFO - ? Primary attempt successful: 124 rows found
2026-03-12 16:45:36,922 - tools.amazon_playwright_extractor - INFO - Processing 124 rows in Keepa Product Details AG Grid.
2026-03-12 16:45:39,964 - tools.amazon_playwright_extractor - INFO - Found potential fee key 'FBA Pick&Pack Fee' with raw value: 'Ł 1.72' in Keepa AG Grid.
2026-03-12 16:45:40,142 - tools.amazon_playwright_extractor - INFO - Found potential fee key 'Referral Fee based on current Buy Box price' with raw value: 'Ł 0.40' in Keepa AG Grid.
2026-03-12 16:45:43,969 - tools.amazon_playwright_extractor - INFO - ? Successfully parsed 35 items from Keepa Product Details AG Grid.
2026-03-12 16:45:43,970 - tools.amazon_playwright_extractor - INFO - ASIN B0BVZQBSJY: Attempting to extract EANs from Keepa product_details_tab_data.
2026-03-12 16:45:43,970 - tools.amazon_playwright_extractor - WARNING - ASIN B0BVZQBSJY: Could not find EAN in Keepa product_details_tab_data.
2026-03-12 16:45:43,970 - tools.amazon_playwright_extractor - INFO - ASIN B0BVZQBSJY: BSR not found or invalid from page. Attempting fallback from Keepa.
2026-03-12 16:45:43,970 - tools.amazon_playwright_extractor - INFO - ASIN B0BVZQBSJY: BSR 6385 in 'Stationery & Office Supplies 5' from Keepa SalesRankDetailsTable.
2026-03-12 16:45:43,975 [INFO] WindowsSaveGuardian: ? ATOMIC SAVE: amazon_B0BVZQBSJY_5056519214730.json (29 entries) saved successfully
2026-03-12 16:45:43,975 - windows_save_guardian - INFO - ? ATOMIC SAVE: amazon_B0BVZQBSJY_5056519214730.json (29 entries) saved successfully
2026-03-12 16:45:43,981 [INFO] WindowsSaveGuardian: ? ATOMIC SAVE: linking_map.json (9 entries) saved successfully
2026-03-12 16:45:43,981 - windows_save_guardian - INFO - ? ATOMIC SAVE: linking_map.json (9 entries) saved successfully
2026-03-12 16:45:43,983 - __main__ - INFO - Linking map periodic flush: 9 entries
2026-03-12 16:45:43,989 [INFO] WindowsSaveGuardian: ? ATOMIC SAVE: angelwholesale_co_uk__sandbox__bfaa487c_processing_state.json (27 entries) saved successfully
2026-03-12 16:45:43,989 - windows_save_guardian - INFO - ? ATOMIC SAVE: angelwholesale_co_uk__sandbox__bfaa487c_processing_state.json (27 entries) saved successfully
2026-03-12 16:45:43,990 - utils.fixed_enhanced_state_manager - INFO -  ATOMIC SAVE
2026-03-12 16:45:43,990 - tools.amazon_playwright_extractor - INFO - Searching Amazon by EAN: 5056519214747 for supplier product: 'White Shredded Tissue (100g)' (FixedAmazonExtractor)
2026-03-12 16:45:43,990 - tools.amazon_playwright_extractor - INFO - Navigating to Amazon UK to search for EAN: 5056519214747
2026-03-12 16:45:49,924 - tools.amazon_playwright_extractor - INFO - Waiting for search results page to load for EAN 5056519214747...
2026-03-12 16:45:50,237 - tools.amazon_playwright_extractor - INFO - Found search results container with selector: div.s-search-results
2026-03-12 16:45:51,078 - tools.amazon_playwright_extractor - INFO - Found 9 search result elements using selector: div[data-component-type='s-search-result']
2026-03-12 16:45:51,078 - tools.amazon_playwright_extractor - INFO - Processing 9 search result elements for EAN 5056519214747
2026-03-12 16:45:51,490 - tools.amazon_playwright_extractor - INFO - \U0001f4ca SPONSORED FILTERING RESULTS: 0 organic products, 9 sponsored products filtered out
2026-03-12 16:45:51,490 - tools.amazon_playwright_extractor - WARNING - EAN 5056519214747 returned no organic results - skipping
2026-03-12 16:45:51,490 - tools.amazon_playwright_extractor - WARNING - No Amazon results or error for EAN '5056519214747'. Details: no_organic_results
2026-03-12 16:45:51,490 - tools.amazon_playwright_extractor - INFO - Falling back to title search for supplier product: 'White Shredded Tissue (100g)'
2026-03-12 16:45:51,490 - tools.amazon_playwright_extractor - INFO - Searching Amazon by title using search bar: 'White Shredded Tissue (100g)'
2026-03-12 16:45:51,490 - tools.amazon_playwright_extractor - INFO - Navigating to Amazon UK to search for title: White Shredded Tissue (100g)
2026-03-12 16:45:58,926 - tools.amazon_playwright_extractor - INFO - Title search found 69 elements using selector: div.s-search-results > div[data-asin]
2026-03-12 16:46:00,657 - tools.amazon_playwright_extractor - WARNING - ASIN extraction failed: All 4 fallbacks exhausted
2026-03-12 16:46:00,923 - tools.amazon_playwright_extractor - INFO - \u2705 Title search: Selected first visible organic product - ASIN B0BMXGC14J
2026-03-12 16:46:00,923 - tools.amazon_playwright_extractor - INFO - \U0001f3af ASIN EXTRACTION SUCCESS: Found 1 ASINs for title search: 'White Shredded Tissue (100g)'
2026-03-12 16:46:00,923 - tools.amazon_playwright_extractor - INFO - Title search successful for 'White Shredded Tissue (100g)' after EAN '5056519214747' failed
2026-03-12 16:46:00,923 - tools.amazon_playwright_extractor - INFO - Extracting complete data for fallback ASIN B0BMXGC14J from title search
2026-03-12 16:46:00,923 - tools.amazon_playwright_extractor - WARNING - No page object provided to extract_data for ASIN B0BMXGC14J. Getting a new one from BrowserManager.
2026-03-12 16:46:00,923 - tools.amazon_playwright_extractor - INFO - Reusing existing page: https://www.amazon.co.uk/s?k=White+Shredded+Tissue+%28100g%29&ref=nb_sb_noss
2026-03-12 16:46:03,543 - tools.amazon_playwright_extractor - INFO - Checking for cookie consent pop-up...
2026-03-12 16:46:04,701 - tools.amazon_playwright_extractor - INFO - Finished checking for cookie consent pop-ups. If one was present and not handled, it might interfere.
2026-03-12 16:46:05,705 - tools.amazon_playwright_extractor - INFO - Checking for CAPTCHA...
2026-03-12 16:46:08,712 - tools.amazon_playwright_extractor - INFO - No CAPTCHA page detected by form selector.
2026-03-12 16:46:08,712 - tools.amazon_playwright_extractor - INFO - Checking for cookie consent pop-up...
2026-03-12 16:46:08,868 - tools.amazon_playwright_extractor - INFO - Finished checking for cookie consent pop-ups. If one was present and not handled, it might interfere.
2026-03-12 16:46:08,868 - tools.amazon_playwright_extractor - INFO - Page should be ready. Waiting 5s for stabilization...
2026-03-12 16:46:13,872 - tools.amazon_playwright_extractor - INFO - Waiting an additional 7s for extensions (Keepa, SellerAmp)...
2026-03-12 16:46:20,878 - tools.amazon_playwright_extractor - INFO - Extracting all product data for ASIN: B0BMXGC14J
2026-03-12 16:46:20,878 - tools.amazon_playwright_extractor - INFO - Extracting basic product information (Title, Price, Images, Amazon Details)...
2026-03-12 16:46:20,930 - tools.amazon_playwright_extractor - INFO - Title found: '100g White Shredded Tissue Paper for Gift Boxes Decoration, Empty Gift Box Filling Paper, Filler Paper for Valentine's Day, Christmas, Birthday Gift Decorations, DIY Gift Packaging' via #productTitle
2026-03-12 16:46:20,930 - tools.amazon_playwright_extractor - INFO - Extracting price details...
2026-03-12 16:46:20,978 - tools.amazon_playwright_extractor - INFO - Current price: 4.99 via #corePrice_feature_div .a-offscreen
2026-03-12 16:46:21,070 - tools.amazon_playwright_extractor - INFO - Original price: 7.99 via span.a-price.a-text-price[data-a-strike='true'] span.a-offscreen
2026-03-12 16:46:21,119 - tools.amazon_playwright_extractor - INFO - Amazon sales badge found: 50 in container div#socialProofingAsinFaceout_feature_div
2026-03-12 16:46:21,119 - tools.amazon_playwright_extractor - INFO - Extracting image URLs...
2026-03-12 16:46:21,169 - tools.amazon_playwright_extractor - INFO - Main image: https://m.media-amazon.com/images/I/61B+VL+KkmL._AC_SL1500_.jpg via #landingImage
2026-03-12 16:46:21,315 - tools.amazon_playwright_extractor - INFO - Found 7 thumbnails.
2026-03-12 16:46:21,326 - tools.amazon_playwright_extractor - INFO - Extracting Amazon product details section...
2026-03-12 16:46:21,945 - tools.amazon_playwright_extractor - INFO - Extracting sales rank information...
2026-03-12 16:46:22,307 - tools.amazon_playwright_extractor - INFO - Extracting ratings and reviews...
2026-03-12 16:46:22,335 - tools.amazon_playwright_extractor - INFO - Rating: 4.5 via #acrPopover[title*='out of 5 stars']
2026-03-12 16:46:22,372 - tools.amazon_playwright_extractor - INFO - Review count: 299 via #acrCustomerReviewText
2026-03-12 16:46:22,372 - tools.amazon_playwright_extractor - INFO - Extracting stock information...
2026-03-12 16:46:22,398 - tools.amazon_playwright_extractor - INFO - Availability text: 'In stock' via #availability span.a-size-medium.a-color-success
2026-03-12 16:46:22,398 - tools.amazon_playwright_extractor - INFO - Extracting features/bullets...
2026-03-12 16:46:22,714 - tools.amazon_playwright_extractor - INFO - Found 5 features.
2026-03-12 16:46:22,714 - tools.amazon_playwright_extractor - INFO - Extracting product description...
2026-03-12 16:46:22,756 - tools.amazon_playwright_extractor - INFO - Description found using selector: #productDescription
2026-03-12 16:46:22,756 - tools.amazon_playwright_extractor - INFO - Extracting product specifications table...
2026-03-12 16:46:23,094 - tools.amazon_playwright_extractor - INFO - Specifications table parsed using selector: table.a-keyvalue.prodDetTable
2026-03-12 16:46:23,094 - tools.amazon_playwright_extractor - INFO - Extracting SellerAmp data (if present)...
2026-03-12 16:46:23,094 - tools.amazon_playwright_extractor - INFO - SellerAmp data extraction is currently disabled as per requirements (Fix 2.3).
2026-03-12 16:46:23,094 - tools.amazon_playwright_extractor - INFO - Extracting Keepa data (if present)...
2026-03-12 16:46:23,094 - tools.amazon_playwright_extractor - INFO - Attempting to extract Keepa data...
2026-03-12 16:46:29,202 - tools.amazon_playwright_extractor - INFO - Keepa iframe found: iframe[id*='keepa']
2026-03-12 16:46:29,371 - tools.amazon_playwright_extractor - INFO - Keepa Sales Rank Details Table parsed.
2026-03-12 16:46:29,371 - tools.amazon_playwright_extractor - INFO - Keepa Graph AI Analysis is currently disabled as per requirements (Fix 2.4).
2026-03-12 16:46:29,408 - tools.amazon_playwright_extractor - INFO - Keepa Data tab found. Currently active: False
2026-03-12 16:46:29,409 - tools.amazon_playwright_extractor - INFO - Clicking Keepa 'Data' tab...
2026-03-12 16:46:34,479 - tools.amazon_playwright_extractor - INFO - Attempt 1/2: Waiting 12000ms for Product-Details wrapper...
2026-03-12 16:46:36,709 - tools.amazon_playwright_extractor - INFO - ? Product-Details wrapper appeared on attempt 1
2026-03-12 16:46:36,832 - tools.amazon_playwright_extractor - INFO - Parsing Keepa AG Grid for Product Details from: div#MoreTab1 div#grid-product-detail
2026-03-12 16:46:36,885 - tools.amazon_playwright_extractor - INFO - Primary attempt: Waiting 12 seconds for AG Grid rows to load...
2026-03-12 16:46:37,955 - tools.amazon_playwright_extractor - INFO - ? Primary attempt successful: 130 rows found
2026-03-12 16:46:37,979 - tools.amazon_playwright_extractor - INFO - Processing 130 rows in Keepa Product Details AG Grid.
2026-03-12 16:46:40,681 - tools.amazon_playwright_extractor - INFO - Found potential fee key 'FBA Pick&Pack Fee' with raw value: 'Ł 1.73' in Keepa AG Grid.
2026-03-12 16:46:40,852 - tools.amazon_playwright_extractor - INFO - Found potential fee key 'Referral Fee based on current Buy Box price' with raw value: 'Ł 0.40' in Keepa AG Grid.
2026-03-12 16:46:44,761 - tools.amazon_playwright_extractor - INFO - ? Successfully parsed 38 items from Keepa Product Details AG Grid.
2026-03-12 16:46:44,761 - tools.amazon_playwright_extractor - INFO - ASIN B0BMXGC14J: Attempting to extract EANs from Keepa product_details_tab_data.
2026-03-12 16:46:44,761 - tools.amazon_playwright_extractor - WARNING - ASIN B0BMXGC14J: Could not find EAN in Keepa product_details_tab_data.
2026-03-12 16:46:44,761 - tools.amazon_playwright_extractor - INFO - ASIN B0BMXGC14J: BSR not found or invalid from page. Attempting fallback from Keepa.
2026-03-12 16:46:44,761 - tools.amazon_playwright_extractor - INFO - ASIN B0BMXGC14J: BSR 5794 in 'Home & Kitchen 19' from Keepa SalesRankDetailsTable.
2026-03-12 16:46:44,767 [INFO] WindowsSaveGuardian: ? ATOMIC SAVE: amazon_B0BMXGC14J_5056519214747.json (29 entries) saved successfully
2026-03-12 16:46:44,767 - windows_save_guardian - INFO - ? ATOMIC SAVE: amazon_B0BMXGC14J_5056519214747.json (29 entries) saved successfully
2026-03-12 16:46:44,772 [INFO] WindowsSaveGuardian: ? ATOMIC SAVE: linking_map.json (10 entries) saved successfully
2026-03-12 16:46:44,772 - windows_save_guardian - INFO - ? ATOMIC SAVE: linking_map.json (10 entries) saved successfully
2026-03-12 16:46:44,774 - __main__ - INFO - Linking map periodic flush: 10 entries
2026-03-12 16:46:44,779 [INFO] WindowsSaveGuardian: ? ATOMIC SAVE: angelwholesale_co_uk__sandbox__bfaa487c_processing_state.json (27 entries) saved successfully
2026-03-12 16:46:44,779 - windows_save_guardian - INFO - ? ATOMIC SAVE: angelwholesale_co_uk__sandbox__bfaa487c_processing_state.json (27 entries) saved successfully
2026-03-12 16:46:44,780 - utils.fixed_enhanced_state_manager - INFO -  ATOMIC SAVE
2026-03-12 16:46:44,785 [INFO] WindowsSaveGuardian: ? ATOMIC SAVE: angelwholesale_co_uk__sandbox__bfaa487c_processing_state.json (27 entries) saved successfully
2026-03-12 16:46:44,785 - windows_save_guardian - INFO - ? ATOMIC SAVE: angelwholesale_co_uk__sandbox__bfaa487c_processing_state.json (27 entries) saved successfully
2026-03-12 16:46:44,785 - utils.fixed_enhanced_state_manager - INFO -  ATOMIC SAVE
2026-03-12 16:46:44,790 [INFO] WindowsSaveGuardian: ? ATOMIC SAVE: angelwholesale_co_uk__sandbox__bfaa487c_processing_state.json (27 entries) saved successfully
2026-03-12 16:46:44,790 - windows_save_guardian - INFO - ? ATOMIC SAVE: angelwholesale_co_uk__sandbox__bfaa487c_processing_state.json (27 entries) saved successfully
2026-03-12 16:46:44,791 - utils.fixed_enhanced_state_manager - INFO -  ATOMIC SAVE
2026-03-12 16:46:44,800 [INFO] WindowsSaveGuardian: ? ATOMIC SAVE: linking_map.json (10 entries) saved successfully
2026-03-12 16:46:44,800 - windows_save_guardian - INFO - ? ATOMIC SAVE: linking_map.json (10 entries) saved successfully
2026-03-12 16:46:44,801 - __main__ - INFO - Product list refresh complete: 7/10 matched
2026-03-12 16:46:44,801 - utils.browser_manager - WARNING - Error during global cleanup: no running event loop
Exception ignored in: <function BaseSubprocessTransport.__del__ at 0x000001BEEB2F8C20>
Traceback (most recent call last):
  File "C:\Python313\Lib\asyncio\base_subprocess.py", line 130, in __del__
  File "C:\Python313\Lib\asyncio\base_subprocess.py", line 107, in close
  File "C:\Python313\Lib\asyncio\proactor_events.py", line 109, in close
  File "C:\Python313\Lib\asyncio\base_events.py", line 827, in call_soon
  File "C:\Python313\Lib\asyncio\base_events.py", line 550, in _check_closed
RuntimeError: Event loop is closed
