2026-03-07 03:51:57,736 - __main__ - WARNING - Ignoring supplier identity from products file; job sandbox is authoritative. job=angelwholesale.co.uk__sandbox__c1be8169 file=angelwholesale.co.uk
2026-03-07 03:51:57,736 - tools.amazon_playwright_extractor - WARNING - ?? BrowserCircuitBreaker not available - health management disabled
2026-03-07 03:51:57,736 - tools.amazon_playwright_extractor - INFO - AI features disabled in amazon_playwright_extractor - using only traditional selectors.
2026-03-07 03:51:57,737 - tools.amazon_playwright_extractor - INFO - Output directory set to: C:\Users\chris\Desktop\Amazon-FBA-Agent-System-v32 - latest good - Copy (8) - Copy - Copy - POSTLONGRUNPREKIRO2 beforecompletion-\OUTPUTS\CACHE\amazon_data
2026-03-07 03:51:57,738 - tools.amazon_playwright_extractor - WARNING - ?? BrowserManager not available, using legacy browser connection
2026-03-07 03:51:57,740 - tools.amazon_playwright_extractor - INFO - \U0001f527 FixedAmazonExtractor connecting via BrowserManager singleton
2026-03-07 03:51:57,740 - utils.browser_circuit_breaker - INFO - BrowserCircuitBreaker initialized: threshold=3, timeout=300s
2026-03-07 03:51:57,740 - utils.browser_manager - INFO - ?? BrowserManager singleton initialized with health management
2026-03-07 03:51:58,279 - utils.browser_manager - INFO - ?? Connecting to existing Chrome debug instance on port 9222
2026-03-07 03:51:58,279 - utils.browser_manager - INFO - ?? Per troubleshooting docs: Using existing Chrome debug only
2026-03-07 03:51:58,597 - utils.browser_manager - INFO - ? Chrome debug accessible on IPv6: Chrome/145.0.7632.159
2026-03-07 03:51:58,597 - utils.browser_manager - INFO - ?? Connecting to existing Chrome debug instance...
2026-03-07 03:51:58,599 - utils.browser_manager - INFO - ?? Using endpoint: http://[::1]:9222
2026-03-07 03:51:58,812 - utils.browser_manager - INFO - ? Successfully connected to existing Chrome debug instance
2026-03-07 03:51:58,812 - utils.browser_manager - INFO - ?? Using existing context with 2 pages
2026-03-07 03:51:58,812 - utils.browser_manager - INFO - ?? Connected to existing Chrome: 145.0.7632.159
2026-03-07 03:51:58,812 - tools.amazon_playwright_extractor - INFO - \u2705 FixedAmazonExtractor connected via BrowserManager singleton
2026-03-07 03:51:58,812 - utils.browser_manager - INFO - ?? Reusing existing Chrome connection (port 9222)
2026-03-07 03:51:58,812 - utils.browser_manager - INFO - ?? Reusing existing page in persistent context.
2026-03-07 03:51:58,819 [INFO] WindowsSaveGuardian: ? ATOMIC SAVE: angelwholesale_co_uk__sandbox__c1be8169_processing_state.json (27 entries) saved successfully
2026-03-07 03:51:58,819 - windows_save_guardian - INFO - ? ATOMIC SAVE: angelwholesale_co_uk__sandbox__c1be8169_processing_state.json (27 entries) saved successfully
2026-03-07 03:51:58,819 - utils.fixed_enhanced_state_manager - INFO -  ATOMIC SAVE
2026-03-07 03:51:58,822 [INFO] WindowsSaveGuardian: ? ATOMIC SAVE: angelwholesale_co_uk__sandbox__c1be8169_processing_state.json (27 entries) saved successfully
2026-03-07 03:51:58,822 - windows_save_guardian - INFO - ? ATOMIC SAVE: angelwholesale_co_uk__sandbox__c1be8169_processing_state.json (27 entries) saved successfully
2026-03-07 03:51:58,822 - utils.fixed_enhanced_state_manager - INFO -  ATOMIC SAVE
2026-03-07 03:51:58,822 - tools.amazon_playwright_extractor - INFO - Searching Amazon by EAN: 5012866069058 for supplier product: '3pcs Mosaic Vehicles  by AtoZ Toys' (FixedAmazonExtractor)
2026-03-07 03:51:58,822 - tools.amazon_playwright_extractor - INFO - Navigating to Amazon UK to search for EAN: 5012866069058
2026-03-07 03:52:04,679 - tools.amazon_playwright_extractor - INFO - Waiting for search results page to load for EAN 5012866069058...
2026-03-07 03:52:04,966 - tools.amazon_playwright_extractor - INFO - Found search results container with selector: div.s-search-results
2026-03-07 03:52:05,652 - tools.amazon_playwright_extractor - INFO - Found 4 search result elements using selector: div.s-result-item
2026-03-07 03:52:05,652 - tools.amazon_playwright_extractor - INFO - Processing 4 search result elements for EAN 5012866069058
2026-03-07 03:52:05,706 - tools.amazon_playwright_extractor - WARNING - ASIN extraction failed: All 4 fallbacks exhausted
2026-03-07 03:52:05,753 - tools.amazon_playwright_extractor - WARNING - ASIN extraction failed: All 4 fallbacks exhausted
2026-03-07 03:52:05,803 - tools.amazon_playwright_extractor - WARNING - ASIN extraction failed: All 4 fallbacks exhausted
2026-03-07 03:52:05,852 - tools.amazon_playwright_extractor - WARNING - ASIN extraction failed: All 4 fallbacks exhausted
2026-03-07 03:52:05,852 - tools.amazon_playwright_extractor - INFO - \U0001f4ca SPONSORED FILTERING RESULTS: 0 organic products, 4 sponsored products filtered out
2026-03-07 03:52:05,853 - tools.amazon_playwright_extractor - WARNING - EAN 5012866069058 returned no organic results - skipping
2026-03-07 03:52:05,853 - tools.amazon_playwright_extractor - WARNING - No Amazon results or error for EAN '5012866069058'. Details: no_organic_results
2026-03-07 03:52:05,853 - tools.amazon_playwright_extractor - INFO - Falling back to title search for supplier product: '3pcs Mosaic Vehicles  by AtoZ Toys'
2026-03-07 03:52:05,853 - tools.amazon_playwright_extractor - INFO - Searching Amazon by title using search bar: '3pcs Mosaic Vehicles  by AtoZ Toys'
2026-03-07 03:52:05,853 - tools.amazon_playwright_extractor - INFO - Navigating to Amazon UK to search for title: 3pcs Mosaic Vehicles  by AtoZ Toys
2026-03-07 03:52:11,353 - tools.amazon_playwright_extractor - INFO - Title search found 37 elements using selector: div.s-search-results > div[data-asin]
2026-03-07 03:52:11,429 - tools.amazon_playwright_extractor - WARNING - ASIN extraction failed: All 4 fallbacks exhausted
2026-03-07 03:52:11,584 - tools.amazon_playwright_extractor - INFO - \u2705 Title search: Selected first visible organic product - ASIN B09PNDS14V
2026-03-07 03:52:11,584 - tools.amazon_playwright_extractor - INFO - \U0001f3af ASIN EXTRACTION SUCCESS: Found 1 ASINs for title search: '3pcs Mosaic Vehicles  by AtoZ Toys'
2026-03-07 03:52:11,584 - tools.amazon_playwright_extractor - INFO - Title search successful for '3pcs Mosaic Vehicles  by AtoZ Toys' after EAN '5012866069058' failed
2026-03-07 03:52:11,584 - tools.amazon_playwright_extractor - INFO - Extracting complete data for fallback ASIN B09PNDS14V from title search
2026-03-07 03:52:11,584 - tools.amazon_playwright_extractor - WARNING - No page object provided to extract_data for ASIN B09PNDS14V. Getting a new one from BrowserManager.
2026-03-07 03:52:11,584 - tools.amazon_playwright_extractor - INFO - Reusing existing page: https://www.amazon.co.uk/s?k=3pcs+Mosaic+Vehicles+by+AtoZ+Toys&ref=nb_sb_noss
2026-03-07 03:52:13,921 - tools.amazon_playwright_extractor - INFO - Checking for cookie consent pop-up...
2026-03-07 03:52:14,333 - tools.amazon_playwright_extractor - INFO - Finished checking for cookie consent pop-ups. If one was present and not handled, it might interfere.
2026-03-07 03:52:15,349 - tools.amazon_playwright_extractor - INFO - Checking for CAPTCHA...
2026-03-07 03:52:18,369 - tools.amazon_playwright_extractor - INFO - No CAPTCHA page detected by form selector.
2026-03-07 03:52:18,369 - tools.amazon_playwright_extractor - INFO - Checking for cookie consent pop-up...
2026-03-07 03:52:18,473 - tools.amazon_playwright_extractor - INFO - Finished checking for cookie consent pop-ups. If one was present and not handled, it might interfere.
2026-03-07 03:52:18,473 - tools.amazon_playwright_extractor - INFO - Page should be ready. Waiting 5s for stabilization...
2026-03-07 03:52:23,476 - tools.amazon_playwright_extractor - INFO - Waiting an additional 7s for extensions (Keepa, SellerAmp)...
2026-03-07 03:52:30,491 - tools.amazon_playwright_extractor - INFO - Extracting all product data for ASIN: B09PNDS14V
2026-03-07 03:52:30,491 - tools.amazon_playwright_extractor - INFO - Extracting basic product information (Title, Price, Images, Amazon Details)...
2026-03-07 03:52:30,548 - tools.amazon_playwright_extractor - INFO - Extracting price details...
2026-03-07 03:52:30,843 - tools.amazon_playwright_extractor - INFO - Extracting image URLs...
2026-03-07 03:52:30,894 - tools.amazon_playwright_extractor - INFO - Extracting Amazon product details section...
2026-03-07 03:52:30,947 - tools.amazon_playwright_extractor - INFO - Extracting sales rank information...
2026-03-07 03:52:31,040 - tools.amazon_playwright_extractor - INFO - Extracting ratings and reviews...
2026-03-07 03:52:31,100 - tools.amazon_playwright_extractor - INFO - Extracting stock information...
2026-03-07 03:52:31,155 - tools.amazon_playwright_extractor - INFO - Extracting features/bullets...
2026-03-07 03:52:31,164 - tools.amazon_playwright_extractor - INFO - Extracting product description...
2026-03-07 03:52:31,227 - tools.amazon_playwright_extractor - INFO - Extracting product specifications table...
2026-03-07 03:52:31,273 - tools.amazon_playwright_extractor - INFO - Extracting SellerAmp data (if present)...
2026-03-07 03:52:31,273 - tools.amazon_playwright_extractor - INFO - SellerAmp data extraction is currently disabled as per requirements (Fix 2.3).
2026-03-07 03:52:31,273 - tools.amazon_playwright_extractor - INFO - Extracting Keepa data (if present)...
2026-03-07 03:52:31,273 - tools.amazon_playwright_extractor - INFO - Attempting to extract Keepa data...
2026-03-07 03:52:43,316 - tools.amazon_playwright_extractor - WARNING - Responsive Keepa iframe not located after checking all selectors.
2026-03-07 03:52:43,316 - tools.amazon_playwright_extractor - INFO - ASIN B09PNDS14V: BSR not found or invalid from page. Attempting fallback from Keepa.
2026-03-07 03:52:43,317 - tools.amazon_playwright_extractor - WARNING - ASIN B09PNDS14V: Could not find BSR in any Keepa data source.
2026-03-07 03:52:43,321 [INFO] WindowsSaveGuardian: ? ATOMIC SAVE: amazon_B09PNDS14V_5012866069058.json (12 entries) saved successfully
2026-03-07 03:52:43,321 - windows_save_guardian - INFO - ? ATOMIC SAVE: amazon_B09PNDS14V_5012866069058.json (12 entries) saved successfully
2026-03-07 03:52:43,327 [INFO] WindowsSaveGuardian: ? ATOMIC SAVE: linking_map.json (1 entries) saved successfully
2026-03-07 03:52:43,327 - windows_save_guardian - INFO - ? ATOMIC SAVE: linking_map.json (1 entries) saved successfully
2026-03-07 03:52:43,327 - __main__ - INFO - Linking map periodic flush: 1 entries
2026-03-07 03:52:43,332 [INFO] WindowsSaveGuardian: ? ATOMIC SAVE: angelwholesale_co_uk__sandbox__c1be8169_processing_state.json (27 entries) saved successfully
2026-03-07 03:52:43,332 - windows_save_guardian - INFO - ? ATOMIC SAVE: angelwholesale_co_uk__sandbox__c1be8169_processing_state.json (27 entries) saved successfully
2026-03-07 03:52:43,333 - utils.fixed_enhanced_state_manager - INFO -  ATOMIC SAVE
2026-03-07 03:52:43,333 - tools.amazon_playwright_extractor - INFO - Searching Amazon by EAN: 5012866625032 for supplier product: 'Abc Train Set Med  by AtoZ Toys' (FixedAmazonExtractor)
2026-03-07 03:52:43,333 - tools.amazon_playwright_extractor - INFO - Navigating to Amazon UK to search for EAN: 5012866625032
2026-03-07 03:52:47,840 - tools.amazon_playwright_extractor - INFO - Waiting for search results page to load for EAN 5012866625032...
2026-03-07 03:52:47,882 - tools.amazon_playwright_extractor - INFO - Found search results container with selector: div.s-search-results
2026-03-07 03:52:48,531 - tools.amazon_playwright_extractor - INFO - Found 4 search result elements using selector: div.s-result-item
2026-03-07 03:52:48,531 - tools.amazon_playwright_extractor - INFO - Processing 4 search result elements for EAN 5012866625032
2026-03-07 03:52:48,584 - tools.amazon_playwright_extractor - WARNING - ASIN extraction failed: All 4 fallbacks exhausted
2026-03-07 03:52:48,646 - tools.amazon_playwright_extractor - WARNING - ASIN extraction failed: All 4 fallbacks exhausted
2026-03-07 03:52:48,708 - tools.amazon_playwright_extractor - WARNING - ASIN extraction failed: All 4 fallbacks exhausted
2026-03-07 03:52:48,772 - tools.amazon_playwright_extractor - WARNING - ASIN extraction failed: All 4 fallbacks exhausted
2026-03-07 03:52:48,772 - tools.amazon_playwright_extractor - INFO - \U0001f4ca SPONSORED FILTERING RESULTS: 0 organic products, 4 sponsored products filtered out
2026-03-07 03:52:48,772 - tools.amazon_playwright_extractor - WARNING - EAN 5012866625032 returned no organic results - skipping
2026-03-07 03:52:48,772 - tools.amazon_playwright_extractor - WARNING - No Amazon results or error for EAN '5012866625032'. Details: no_organic_results
2026-03-07 03:52:48,772 - tools.amazon_playwright_extractor - INFO - Falling back to title search for supplier product: 'Abc Train Set Med  by AtoZ Toys'
2026-03-07 03:52:48,772 - tools.amazon_playwright_extractor - INFO - Searching Amazon by title using search bar: 'Abc Train Set Med  by AtoZ Toys'
2026-03-07 03:52:48,773 - tools.amazon_playwright_extractor - INFO - Navigating to Amazon UK to search for title: Abc Train Set Med  by AtoZ Toys
2026-03-07 03:52:54,616 - tools.amazon_playwright_extractor - INFO - Title search found 64 elements using selector: div.s-search-results > div[data-asin]
2026-03-07 03:52:55,037 - tools.amazon_playwright_extractor - INFO - \u2705 Title search: Selected first visible organic product - ASIN B08LNLC2KC
2026-03-07 03:52:55,037 - tools.amazon_playwright_extractor - INFO - \U0001f3af ASIN EXTRACTION SUCCESS: Found 1 ASINs for title search: 'Abc Train Set Med  by AtoZ Toys'
2026-03-07 03:52:55,037 - tools.amazon_playwright_extractor - INFO - Title search successful for 'Abc Train Set Med  by AtoZ Toys' after EAN '5012866625032' failed
2026-03-07 03:52:55,037 - tools.amazon_playwright_extractor - INFO - Extracting complete data for fallback ASIN B08LNLC2KC from title search
2026-03-07 03:52:55,037 - tools.amazon_playwright_extractor - WARNING - No page object provided to extract_data for ASIN B08LNLC2KC. Getting a new one from BrowserManager.
2026-03-07 03:52:55,037 - tools.amazon_playwright_extractor - INFO - Reusing existing page: https://www.amazon.co.uk/s?k=Abc+Train+Set+Med+by+AtoZ+Toys&ref=nb_sb_noss
2026-03-07 03:52:57,704 - tools.amazon_playwright_extractor - INFO - Checking for cookie consent pop-up...
2026-03-07 03:52:59,739 - tools.amazon_playwright_extractor - INFO - Finished checking for cookie consent pop-ups. If one was present and not handled, it might interfere.
2026-03-07 03:53:00,750 - tools.amazon_playwright_extractor - INFO - Checking for CAPTCHA...
2026-03-07 03:53:03,769 - tools.amazon_playwright_extractor - INFO - No CAPTCHA page detected by form selector.
2026-03-07 03:53:03,769 - tools.amazon_playwright_extractor - INFO - Checking for cookie consent pop-up...
2026-03-07 03:53:03,910 - tools.amazon_playwright_extractor - INFO - Finished checking for cookie consent pop-ups. If one was present and not handled, it might interfere.
2026-03-07 03:53:03,910 - tools.amazon_playwright_extractor - INFO - Page should be ready. Waiting 5s for stabilization...
2026-03-07 03:53:08,913 - tools.amazon_playwright_extractor - INFO - Waiting an additional 7s for extensions (Keepa, SellerAmp)...
2026-03-07 03:53:16,273 - tools.amazon_playwright_extractor - INFO - Extracting all product data for ASIN: B08LNLC2KC
2026-03-07 03:53:16,274 - tools.amazon_playwright_extractor - INFO - Extracting basic product information (Title, Price, Images, Amazon Details)...
2026-03-07 03:53:16,359 - tools.amazon_playwright_extractor - INFO - Title found: 'BRIO World 33884 Battery Powered Steam Locomotive Toy Train Engine with Refillable Water Tank, Cool-Touch Realistic Steam & Headlights, Fits BRIO Wooden Railway Track, Ages 3+' via #productTitle
2026-03-07 03:53:16,359 - tools.amazon_playwright_extractor - INFO - Extracting price details...
2026-03-07 03:53:16,394 - tools.amazon_playwright_extractor - INFO - Current price: 186.39 via #corePrice_feature_div .a-offscreen
2026-03-07 03:53:16,465 - tools.amazon_playwright_extractor - INFO - Original price: 196.2 via .basisPrice span.a-text-price span.a-offscreen
2026-03-07 03:53:16,531 - tools.amazon_playwright_extractor - INFO - Amazon sales badge found: 100 in container div#socialProofingAsinFaceout_feature_div
2026-03-07 03:53:16,531 - tools.amazon_playwright_extractor - INFO - Extracting image URLs...
2026-03-07 03:53:16,585 - tools.amazon_playwright_extractor - INFO - Main image: https://m.media-amazon.com/images/I/6134+-TyGHL._AC_SL1200_.jpg via #landingImage
2026-03-07 03:53:16,878 - tools.amazon_playwright_extractor - INFO - Found 7 thumbnails.
2026-03-07 03:53:16,897 - tools.amazon_playwright_extractor - INFO - Extracting Amazon product details section...
2026-03-07 03:53:17,382 - tools.amazon_playwright_extractor - INFO - Extracting sales rank information...
2026-03-07 03:53:17,877 - tools.amazon_playwright_extractor - INFO - Extracting ratings and reviews...
2026-03-07 03:53:17,916 - tools.amazon_playwright_extractor - INFO - Rating: 4.3 via #acrPopover[title*='out of 5 stars']
2026-03-07 03:53:17,946 - tools.amazon_playwright_extractor - INFO - Review count: 3836 via #acrCustomerReviewText
2026-03-07 03:53:17,946 - tools.amazon_playwright_extractor - INFO - Extracting stock information...
2026-03-07 03:53:17,980 - tools.amazon_playwright_extractor - INFO - Availability text: 'In stock' via #availability span.a-size-medium.a-color-success
2026-03-07 03:53:17,980 - tools.amazon_playwright_extractor - INFO - Extracting features/bullets...
2026-03-07 03:53:22,931 - tools.amazon_playwright_extractor - INFO - Found 5 features.
2026-03-07 03:53:25,667 - tools.amazon_playwright_extractor - INFO - Extracting product description...
2026-03-07 03:53:25,737 - tools.amazon_playwright_extractor - INFO - Description found using selector: #aplus_feature_div
2026-03-07 03:53:25,738 - tools.amazon_playwright_extractor - INFO - Extracting product specifications table...
2026-03-07 03:53:38,584 - tools.amazon_playwright_extractor - INFO - Specifications table parsed using selector: #productDetails_techSpec_section_1
2026-03-07 03:53:38,584 - tools.amazon_playwright_extractor - INFO - Extracting SellerAmp data (if present)...
2026-03-07 03:53:38,584 - tools.amazon_playwright_extractor - INFO - SellerAmp data extraction is currently disabled as per requirements (Fix 2.3).
2026-03-07 03:53:38,584 - tools.amazon_playwright_extractor - INFO - Extracting Keepa data (if present)...
2026-03-07 03:53:38,584 - tools.amazon_playwright_extractor - INFO - Attempting to extract Keepa data...
2026-03-07 03:53:44,872 - tools.amazon_playwright_extractor - INFO - Keepa iframe found: iframe[id*='keepa']
2026-03-07 03:53:44,914 - tools.amazon_playwright_extractor - INFO - Keepa Graph AI Analysis is currently disabled as per requirements (Fix 2.4).
2026-03-07 03:53:44,938 - tools.amazon_playwright_extractor - WARNING - Keepa main 'Data' tab not found or not visible.
2026-03-07 03:53:44,938 - tools.amazon_playwright_extractor - INFO - ASIN B08LNLC2KC: BSR not found or invalid from page. Attempting fallback from Keepa.
2026-03-07 03:53:44,939 - tools.amazon_playwright_extractor - WARNING - ASIN B08LNLC2KC: Could not find BSR in any Keepa data source.
2026-03-07 03:53:44,944 [INFO] WindowsSaveGuardian: ? ATOMIC SAVE: amazon_B08LNLC2KC_5012866625032.json (25 entries) saved successfully
2026-03-07 03:53:44,944 - windows_save_guardian - INFO - ? ATOMIC SAVE: amazon_B08LNLC2KC_5012866625032.json (25 entries) saved successfully
2026-03-07 03:53:44,950 [INFO] WindowsSaveGuardian: ? ATOMIC SAVE: linking_map.json (2 entries) saved successfully
2026-03-07 03:53:44,950 - windows_save_guardian - INFO - ? ATOMIC SAVE: linking_map.json (2 entries) saved successfully
2026-03-07 03:53:44,951 - __main__ - INFO - Linking map periodic flush: 2 entries
2026-03-07 03:53:44,957 [INFO] WindowsSaveGuardian: ? ATOMIC SAVE: angelwholesale_co_uk__sandbox__c1be8169_processing_state.json (27 entries) saved successfully
2026-03-07 03:53:44,957 - windows_save_guardian - INFO - ? ATOMIC SAVE: angelwholesale_co_uk__sandbox__c1be8169_processing_state.json (27 entries) saved successfully
2026-03-07 03:53:44,958 - utils.fixed_enhanced_state_manager - INFO -  ATOMIC SAVE
2026-03-07 03:53:44,963 [INFO] WindowsSaveGuardian: ? ATOMIC SAVE: angelwholesale_co_uk__sandbox__c1be8169_processing_state.json (27 entries) saved successfully
2026-03-07 03:53:44,963 - windows_save_guardian - INFO - ? ATOMIC SAVE: angelwholesale_co_uk__sandbox__c1be8169_processing_state.json (27 entries) saved successfully
2026-03-07 03:53:44,964 - utils.fixed_enhanced_state_manager - INFO -  ATOMIC SAVE
2026-03-07 03:53:44,964 - tools.amazon_playwright_extractor - INFO - Searching Amazon by EAN: 5055499001200 for supplier product: 'Muslinz 6pk Green Quality Muslin Squares 100% Cotton' (FixedAmazonExtractor)
2026-03-07 03:53:44,964 - tools.amazon_playwright_extractor - INFO - Navigating to Amazon UK to search for EAN: 5055499001200
2026-03-07 03:53:48,775 - tools.amazon_playwright_extractor - INFO - Waiting for search results page to load for EAN 5055499001200...
2026-03-07 03:53:49,075 - tools.amazon_playwright_extractor - INFO - Found search results container with selector: div.s-search-results
2026-03-07 03:53:49,783 - tools.amazon_playwright_extractor - INFO - Found 1 search result elements using selector: div[data-component-type='s-search-result']
2026-03-07 03:53:49,783 - tools.amazon_playwright_extractor - INFO - Processing 1 search result elements for EAN 5055499001200
2026-03-07 03:53:49,957 - tools.amazon_playwright_extractor - INFO - Found organic result: ASIN B00DIB9O2I - MuslinZ Muslin Cloths for Baby - Baby Burp Cloths - 6 Pack M...
2026-03-07 03:53:49,957 - tools.amazon_playwright_extractor - INFO - \U0001f4ca SPONSORED FILTERING RESULTS: 1 organic products, 0 sponsored products filtered out
2026-03-07 03:53:49,957 - tools.amazon_playwright_extractor - INFO - \u2705 EAN SEARCH: Selected first organic result - ASIN B00DIB9O2I
2026-03-07 03:53:49,957 - tools.amazon_playwright_extractor - INFO -    Trusting Amazon's search relevance for EAN 5055499001200
2026-03-07 03:53:49,957 - tools.amazon_playwright_extractor - INFO -    EAN will be extracted by Keepa during full product data extraction
2026-03-07 03:53:49,957 - tools.amazon_playwright_extractor - INFO - Single ASIN B00DIB9O2I found for EAN 5055499001200.
2026-03-07 03:53:49,957 - tools.amazon_playwright_extractor - INFO - Proceeding with ASIN: B00DIB9O2I for EAN: 5055499001200
2026-03-07 03:53:49,957 - tools.amazon_playwright_extractor - WARNING - No page object provided to extract_data for ASIN B00DIB9O2I. Getting a new one from BrowserManager.
2026-03-07 03:53:49,957 - tools.amazon_playwright_extractor - INFO - Reusing existing page: https://www.amazon.co.uk/s?k=5055499001200&ref=nb_sb_noss
2026-03-07 03:53:52,361 - tools.amazon_playwright_extractor - INFO - Checking for cookie consent pop-up...
2026-03-07 03:53:54,390 - tools.amazon_playwright_extractor - INFO - Finished checking for cookie consent pop-ups. If one was present and not handled, it might interfere.
2026-03-07 03:53:55,396 - tools.amazon_playwright_extractor - INFO - Checking for CAPTCHA...
2026-03-07 03:53:58,410 - tools.amazon_playwright_extractor - INFO - No CAPTCHA page detected by form selector.
2026-03-07 03:53:58,410 - tools.amazon_playwright_extractor - INFO - Checking for cookie consent pop-up...
2026-03-07 03:54:02,432 - tools.amazon_playwright_extractor - INFO - Finished checking for cookie consent pop-ups. If one was present and not handled, it might interfere.
2026-03-07 03:54:02,432 - tools.amazon_playwright_extractor - INFO - Page should be ready. Waiting 5s for stabilization...
2026-03-07 03:54:07,443 - tools.amazon_playwright_extractor - INFO - Waiting an additional 7s for extensions (Keepa, SellerAmp)...
2026-03-07 03:54:14,450 - tools.amazon_playwright_extractor - INFO - Extracting all product data for ASIN: B00DIB9O2I
2026-03-07 03:54:14,450 - tools.amazon_playwright_extractor - INFO - Extracting basic product information (Title, Price, Images, Amazon Details)...
2026-03-07 03:54:14,513 - tools.amazon_playwright_extractor - INFO - Title found: 'MuslinZ Muslin Cloths for Baby - Baby Burp Cloths - 6 Pack Muslin Squares - Large 70x70cm - Pure Cotton - Soft, Absorbent & Breathable - Multi Use Newborn Cloths - UK Brand (Blue)' via #productTitle
2026-03-07 03:54:14,514 - tools.amazon_playwright_extractor - INFO - Extracting price details...
2026-03-07 03:54:14,554 - tools.amazon_playwright_extractor - INFO - Current price: 68.64 via #corePrice_feature_div .a-offscreen
2026-03-07 03:54:14,624 - tools.amazon_playwright_extractor - INFO - Original price: 78.45 via .basisPrice span.a-text-price span.a-offscreen
2026-03-07 03:54:14,688 - tools.amazon_playwright_extractor - INFO - Extracting image URLs...
2026-03-07 03:54:14,755 - tools.amazon_playwright_extractor - INFO - Main image: https://m.media-amazon.com/images/I/81aVgxLwwOL._AC_SL1500_.jpg via #landingImage
2026-03-07 03:54:14,931 - tools.amazon_playwright_extractor - INFO - Found 7 thumbnails.
2026-03-07 03:54:14,940 - tools.amazon_playwright_extractor - INFO - Extracting Amazon product details section...
2026-03-07 03:54:15,725 - tools.amazon_playwright_extractor - INFO - Extracting sales rank information...
2026-03-07 03:54:16,152 - tools.amazon_playwright_extractor - INFO - Extracting ratings and reviews...
2026-03-07 03:54:16,189 - tools.amazon_playwright_extractor - INFO - Rating: 4.8 via #acrPopover[title*='out of 5 stars']
2026-03-07 03:54:16,251 - tools.amazon_playwright_extractor - INFO - Review count: 2399 via #acrCustomerReviewText
2026-03-07 03:54:16,251 - tools.amazon_playwright_extractor - INFO - Extracting stock information...
2026-03-07 03:54:16,295 - tools.amazon_playwright_extractor - INFO - Availability text: 'In stock' via #availability span.a-size-medium.a-color-success
2026-03-07 03:54:16,295 - tools.amazon_playwright_extractor - INFO - Extracting features/bullets...
2026-03-07 03:54:16,651 - tools.amazon_playwright_extractor - INFO - Found 5 features.
2026-03-07 03:54:16,651 - tools.amazon_playwright_extractor - INFO - Extracting product description...
2026-03-07 03:54:16,729 - tools.amazon_playwright_extractor - INFO - Description found using selector: #aplus_feature_div
2026-03-07 03:54:16,730 - tools.amazon_playwright_extractor - INFO - Extracting product specifications table...
2026-03-07 03:54:17,556 - tools.amazon_playwright_extractor - INFO - Specifications table parsed using selector: #productDetails_techSpec_section_1
2026-03-07 03:54:17,556 - tools.amazon_playwright_extractor - INFO - Extracting SellerAmp data (if present)...
2026-03-07 03:54:17,556 - tools.amazon_playwright_extractor - INFO - SellerAmp data extraction is currently disabled as per requirements (Fix 2.3).
2026-03-07 03:54:17,556 - tools.amazon_playwright_extractor - INFO - Extracting Keepa data (if present)...
2026-03-07 03:54:17,557 - tools.amazon_playwright_extractor - INFO - Attempting to extract Keepa data...
2026-03-07 03:54:27,678 - tools.amazon_playwright_extractor - INFO - Keepa iframe found: iframe[src*='keepa.com']
2026-03-07 03:54:27,741 - tools.amazon_playwright_extractor - INFO - Keepa Graph AI Analysis is currently disabled as per requirements (Fix 2.4).
2026-03-07 03:54:27,760 - tools.amazon_playwright_extractor - WARNING - Keepa main 'Data' tab not found or not visible.
2026-03-07 03:54:27,760 - tools.amazon_playwright_extractor - INFO - ASIN B00DIB9O2I: BSR not found or invalid from page. Attempting fallback from Keepa.
2026-03-07 03:54:27,760 - tools.amazon_playwright_extractor - WARNING - ASIN B00DIB9O2I: Could not find BSR in any Keepa data source.
2026-03-07 03:54:27,760 - tools.amazon_playwright_extractor - INFO - \u2705 Recorded search method 'EAN' for ASIN B00DIB9O2I
2026-03-07 03:54:27,760 - tools.amazon_playwright_extractor - INFO - Successfully extracted data for ASIN B00DIB9O2I (EAN on page: N/A)
2026-03-07 03:54:27,765 [INFO] WindowsSaveGuardian: ? ATOMIC SAVE: amazon_B00DIB9O2I_5055499001200.json (26 entries) saved successfully
2026-03-07 03:54:27,765 - windows_save_guardian - INFO - ? ATOMIC SAVE: amazon_B00DIB9O2I_5055499001200.json (26 entries) saved successfully
2026-03-07 03:54:27,771 [INFO] WindowsSaveGuardian: ? ATOMIC SAVE: linking_map.json (3 entries) saved successfully
2026-03-07 03:54:27,771 - windows_save_guardian - INFO - ? ATOMIC SAVE: linking_map.json (3 entries) saved successfully
2026-03-07 03:54:27,771 - __main__ - INFO - Linking map periodic flush: 3 entries
2026-03-07 03:54:27,776 [INFO] WindowsSaveGuardian: ? ATOMIC SAVE: angelwholesale_co_uk__sandbox__c1be8169_processing_state.json (27 entries) saved successfully
2026-03-07 03:54:27,776 - windows_save_guardian - INFO - ? ATOMIC SAVE: angelwholesale_co_uk__sandbox__c1be8169_processing_state.json (27 entries) saved successfully
2026-03-07 03:54:27,777 - utils.fixed_enhanced_state_manager - INFO -  ATOMIC SAVE
2026-03-07 03:54:27,777 - tools.amazon_playwright_extractor - INFO - Searching Amazon by EAN: 5015302105747 for supplier product: 'Silicone Teats Medium Flow 2 Pack by First Steps' (FixedAmazonExtractor)
2026-03-07 03:54:27,777 - tools.amazon_playwright_extractor - INFO - Navigating to Amazon UK to search for EAN: 5015302105747
2026-03-07 03:54:32,220 - tools.amazon_playwright_extractor - INFO - Waiting for search results page to load for EAN 5015302105747...
2026-03-07 03:54:32,458 - tools.amazon_playwright_extractor - INFO - Found search results container with selector: div.s-search-results
2026-03-07 03:54:33,190 - tools.amazon_playwright_extractor - INFO - Found 1 search result elements using selector: div[data-component-type='s-search-result']
2026-03-07 03:54:33,190 - tools.amazon_playwright_extractor - INFO - Processing 1 search result elements for EAN 5015302105747
2026-03-07 03:54:33,511 - tools.amazon_playwright_extractor - INFO - Found organic result: ASIN B094JVKC6G - RSW 1 Bottle and Teat Brush, 2 Brushes in 1, Ideal for Clean...
2026-03-07 03:54:33,512 - tools.amazon_playwright_extractor - INFO - \U0001f4ca SPONSORED FILTERING RESULTS: 1 organic products, 0 sponsored products filtered out
2026-03-07 03:54:33,512 - tools.amazon_playwright_extractor - INFO - \u2705 EAN SEARCH: Selected first organic result - ASIN B094JVKC6G
2026-03-07 03:54:33,512 - tools.amazon_playwright_extractor - INFO -    Trusting Amazon's search relevance for EAN 5015302105747
2026-03-07 03:54:33,512 - tools.amazon_playwright_extractor - INFO -    EAN will be extracted by Keepa during full product data extraction
2026-03-07 03:54:33,512 - tools.amazon_playwright_extractor - INFO - Single ASIN B094JVKC6G found for EAN 5015302105747.
2026-03-07 03:54:33,512 - tools.amazon_playwright_extractor - INFO - Proceeding with ASIN: B094JVKC6G for EAN: 5015302105747
2026-03-07 03:54:33,513 - tools.amazon_playwright_extractor - WARNING - No page object provided to extract_data for ASIN B094JVKC6G. Getting a new one from BrowserManager.
2026-03-07 03:54:33,513 - tools.amazon_playwright_extractor - INFO - Reusing existing page: https://www.amazon.co.uk/s?k=5015302105747&ref=nb_sb_noss
2026-03-07 03:54:35,941 - tools.amazon_playwright_extractor - INFO - Checking for cookie consent pop-up...
2026-03-07 03:54:36,359 - tools.amazon_playwright_extractor - INFO - Finished checking for cookie consent pop-ups. If one was present and not handled, it might interfere.
2026-03-07 03:54:37,364 - tools.amazon_playwright_extractor - INFO - Checking for CAPTCHA...
2026-03-07 03:54:40,378 - tools.amazon_playwright_extractor - INFO - No CAPTCHA page detected by form selector.
2026-03-07 03:54:40,379 - tools.amazon_playwright_extractor - INFO - Checking for cookie consent pop-up...
2026-03-07 03:54:44,382 - tools.amazon_playwright_extractor - INFO - Finished checking for cookie consent pop-ups. If one was present and not handled, it might interfere.
2026-03-07 03:54:44,382 - tools.amazon_playwright_extractor - INFO - Page should be ready. Waiting 5s for stabilization...
2026-03-07 03:54:49,383 - tools.amazon_playwright_extractor - INFO - Waiting an additional 7s for extensions (Keepa, SellerAmp)...
2026-03-07 03:54:56,390 - tools.amazon_playwright_extractor - INFO - Extracting all product data for ASIN: B094JVKC6G
2026-03-07 03:54:56,391 - tools.amazon_playwright_extractor - INFO - Extracting basic product information (Title, Price, Images, Amazon Details)...
2026-03-07 03:54:56,469 - tools.amazon_playwright_extractor - INFO - Title found: 'RSW 1 Bottle and Teat Brush, 2 Brushes in 1, Ideal for Cleaning Training Cups, Wide Neck Bottles, Lids, Valves, Baby, 2 in' via #productTitle
2026-03-07 03:54:56,469 - tools.amazon_playwright_extractor - INFO - Extracting price details...
2026-03-07 03:54:56,511 - tools.amazon_playwright_extractor - INFO - Current price: 19.82 via #corePrice_feature_div .a-offscreen
2026-03-07 03:54:56,939 - tools.amazon_playwright_extractor - INFO - Original price: 24.53 via .basisPrice span.a-text-price span.a-offscreen
2026-03-07 03:54:57,007 - tools.amazon_playwright_extractor - INFO - Amazon sales badge found: 200 in container div#socialProofingAsinFaceout_feature_div
2026-03-07 03:54:57,007 - tools.amazon_playwright_extractor - INFO - Extracting image URLs...
2026-03-07 03:54:57,061 - tools.amazon_playwright_extractor - INFO - Main image: https://m.media-amazon.com/images/I/51IhZ6nfG-L._AC_SL1082_.jpg via #landingImage
2026-03-07 03:54:57,100 - tools.amazon_playwright_extractor - INFO - Found 1 thumbnails.
2026-03-07 03:54:57,109 - tools.amazon_playwright_extractor - INFO - Extracting Amazon product details section...
2026-03-07 03:54:57,535 - tools.amazon_playwright_extractor - INFO - Extracting sales rank information...
2026-03-07 03:54:57,891 - tools.amazon_playwright_extractor - INFO - Extracting ratings and reviews...
2026-03-07 03:54:57,979 - tools.amazon_playwright_extractor - INFO - Rating: 3.7 via #acrPopover[title*='out of 5 stars']
2026-03-07 03:54:58,099 - tools.amazon_playwright_extractor - INFO - Review count: 88 via #acrCustomerReviewText
2026-03-07 03:54:58,099 - tools.amazon_playwright_extractor - INFO - Extracting stock information...
2026-03-07 03:54:58,156 - tools.amazon_playwright_extractor - INFO - Availability text: 'In stock' via #availability span.a-size-medium.a-color-success
2026-03-07 03:54:58,156 - tools.amazon_playwright_extractor - INFO - Extracting features/bullets...
2026-03-07 03:54:58,393 - tools.amazon_playwright_extractor - INFO - Found 3 features.
2026-03-07 03:54:58,393 - tools.amazon_playwright_extractor - INFO - Extracting product description...
2026-03-07 03:54:58,561 - tools.amazon_playwright_extractor - INFO - Extracting product specifications table...
2026-03-07 03:54:58,983 - tools.amazon_playwright_extractor - INFO - Specifications table parsed using selector: #productDetails_techSpec_section_1
2026-03-07 03:54:58,983 - tools.amazon_playwright_extractor - INFO - Extracting SellerAmp data (if present)...
2026-03-07 03:54:58,983 - tools.amazon_playwright_extractor - INFO - SellerAmp data extraction is currently disabled as per requirements (Fix 2.3).
2026-03-07 03:54:58,984 - tools.amazon_playwright_extractor - INFO - Extracting Keepa data (if present)...
2026-03-07 03:54:58,984 - tools.amazon_playwright_extractor - INFO - Attempting to extract Keepa data...
2026-03-07 03:55:05,117 - tools.amazon_playwright_extractor - INFO - Keepa iframe found: iframe[id*='keepa']
2026-03-07 03:55:05,154 - tools.amazon_playwright_extractor - INFO - Keepa Graph AI Analysis is currently disabled as per requirements (Fix 2.4).
2026-03-07 03:55:05,174 - tools.amazon_playwright_extractor - WARNING - Keepa main 'Data' tab not found or not visible.
2026-03-07 03:55:05,174 - tools.amazon_playwright_extractor - INFO - ASIN B094JVKC6G: BSR not found or invalid from page. Attempting fallback from Keepa.
2026-03-07 03:55:05,174 - tools.amazon_playwright_extractor - WARNING - ASIN B094JVKC6G: Could not find BSR in any Keepa data source.
2026-03-07 03:55:05,175 - tools.amazon_playwright_extractor - INFO - \u2705 Recorded search method 'EAN' for ASIN B094JVKC6G
2026-03-07 03:55:05,175 - tools.amazon_playwright_extractor - INFO - Successfully extracted data for ASIN B094JVKC6G (EAN on page: N/A)
2026-03-07 03:55:05,180 [INFO] WindowsSaveGuardian: ? ATOMIC SAVE: amazon_B094JVKC6G_5015302105747.json (26 entries) saved successfully
2026-03-07 03:55:05,180 - windows_save_guardian - INFO - ? ATOMIC SAVE: amazon_B094JVKC6G_5015302105747.json (26 entries) saved successfully
2026-03-07 03:55:05,185 [INFO] WindowsSaveGuardian: ? ATOMIC SAVE: linking_map.json (4 entries) saved successfully
2026-03-07 03:55:05,185 - windows_save_guardian - INFO - ? ATOMIC SAVE: linking_map.json (4 entries) saved successfully
2026-03-07 03:55:05,185 - __main__ - INFO - Linking map periodic flush: 4 entries
2026-03-07 03:55:05,190 [INFO] WindowsSaveGuardian: ? ATOMIC SAVE: angelwholesale_co_uk__sandbox__c1be8169_processing_state.json (27 entries) saved successfully
2026-03-07 03:55:05,190 - windows_save_guardian - INFO - ? ATOMIC SAVE: angelwholesale_co_uk__sandbox__c1be8169_processing_state.json (27 entries) saved successfully
2026-03-07 03:55:05,190 - utils.fixed_enhanced_state_manager - INFO -  ATOMIC SAVE
2026-03-07 03:55:05,195 [INFO] WindowsSaveGuardian: ? ATOMIC SAVE: angelwholesale_co_uk__sandbox__c1be8169_processing_state.json (27 entries) saved successfully
2026-03-07 03:55:05,195 - windows_save_guardian - INFO - ? ATOMIC SAVE: angelwholesale_co_uk__sandbox__c1be8169_processing_state.json (27 entries) saved successfully
2026-03-07 03:55:05,196 - utils.fixed_enhanced_state_manager - INFO -  ATOMIC SAVE
2026-03-07 03:55:05,196 - tools.amazon_playwright_extractor - INFO - Searching Amazon by EAN: 5010792620831 for supplier product: 'Retro Zoo Pull Along Truck' (FixedAmazonExtractor)
2026-03-07 03:55:05,196 - tools.amazon_playwright_extractor - INFO - Navigating to Amazon UK to search for EAN: 5010792620831
2026-03-07 03:55:08,941 - tools.amazon_playwright_extractor - INFO - Waiting for search results page to load for EAN 5010792620831...
2026-03-07 03:55:08,988 - tools.amazon_playwright_extractor - INFO - Found search results container with selector: div.s-search-results
2026-03-07 03:55:09,645 - tools.amazon_playwright_extractor - INFO - Found 1 search result elements using selector: div[data-component-type='s-search-result']
2026-03-07 03:55:09,645 - tools.amazon_playwright_extractor - INFO - Processing 1 search result elements for EAN 5010792620831
2026-03-07 03:55:09,791 - tools.amazon_playwright_extractor - INFO - Found organic result: ASIN B0DVGGYHGB - Lesser & Pavey Retro Farm Pull Along Truck Games & Toys For ...
2026-03-07 03:55:09,792 - tools.amazon_playwright_extractor - INFO - \U0001f4ca SPONSORED FILTERING RESULTS: 1 organic products, 0 sponsored products filtered out
2026-03-07 03:55:09,792 - tools.amazon_playwright_extractor - INFO - \u2705 EAN SEARCH: Selected first organic result - ASIN B0DVGGYHGB
2026-03-07 03:55:09,792 - tools.amazon_playwright_extractor - INFO -    Trusting Amazon's search relevance for EAN 5010792620831
2026-03-07 03:55:09,792 - tools.amazon_playwright_extractor - INFO -    EAN will be extracted by Keepa during full product data extraction
2026-03-07 03:55:09,792 - tools.amazon_playwright_extractor - INFO - Single ASIN B0DVGGYHGB found for EAN 5010792620831.
2026-03-07 03:55:09,792 - tools.amazon_playwright_extractor - INFO - Proceeding with ASIN: B0DVGGYHGB for EAN: 5010792620831
2026-03-07 03:55:09,792 - tools.amazon_playwright_extractor - WARNING - No page object provided to extract_data for ASIN B0DVGGYHGB. Getting a new one from BrowserManager.
2026-03-07 03:55:09,792 - tools.amazon_playwright_extractor - INFO - Reusing existing page: https://www.amazon.co.uk/s?k=5010792620831&ref=nb_sb_noss
2026-03-07 03:55:11,980 - tools.amazon_playwright_extractor - INFO - Checking for cookie consent pop-up...
2026-03-07 03:55:12,307 - tools.amazon_playwright_extractor - INFO - Finished checking for cookie consent pop-ups. If one was present and not handled, it might interfere.
2026-03-07 03:55:13,322 - tools.amazon_playwright_extractor - INFO - Checking for CAPTCHA...
2026-03-07 03:55:16,337 - tools.amazon_playwright_extractor - INFO - No CAPTCHA page detected by form selector.
2026-03-07 03:55:16,337 - tools.amazon_playwright_extractor - INFO - Checking for cookie consent pop-up...
2026-03-07 03:55:16,459 - tools.amazon_playwright_extractor - INFO - Finished checking for cookie consent pop-ups. If one was present and not handled, it might interfere.
2026-03-07 03:55:16,459 - tools.amazon_playwright_extractor - INFO - Page should be ready. Waiting 5s for stabilization...
2026-03-07 03:55:21,475 - tools.amazon_playwright_extractor - INFO - Waiting an additional 7s for extensions (Keepa, SellerAmp)...
2026-03-07 03:55:28,487 - tools.amazon_playwright_extractor - INFO - Extracting all product data for ASIN: B0DVGGYHGB
2026-03-07 03:55:28,487 - tools.amazon_playwright_extractor - INFO - Extracting basic product information (Title, Price, Images, Amazon Details)...
2026-03-07 03:55:28,530 - tools.amazon_playwright_extractor - INFO - Title found: 'Lesser & Pavey Retro Farm Pull Along Truck Games & Toys For Children | Learning Puzzle Board For Kids Games | Lovely Playing Games Set For Kids & Adults | Ideal Toys & Games Gifts For Any Occasions' via #productTitle
2026-03-07 03:55:28,530 - tools.amazon_playwright_extractor - INFO - Extracting price details...
2026-03-07 03:55:28,556 - tools.amazon_playwright_extractor - INFO - Current price: 58.83 via #corePrice_feature_div .a-offscreen
2026-03-07 03:55:28,619 - tools.amazon_playwright_extractor - INFO - Original price: 117.7 via span.a-price.a-text-price[data-a-strike='true'] span.a-offscreen
2026-03-07 03:55:28,738 - tools.amazon_playwright_extractor - INFO - Extracting image URLs...
2026-03-07 03:55:28,796 - tools.amazon_playwright_extractor - INFO - Main image: https://m.media-amazon.com/images/I/714WOaMazgL._AC_SL1500_.jpg via #landingImage
2026-03-07 03:55:28,861 - tools.amazon_playwright_extractor - INFO - Found 1 thumbnails.
2026-03-07 03:55:28,868 - tools.amazon_playwright_extractor - INFO - Extracting Amazon product details section...
2026-03-07 03:55:29,433 - tools.amazon_playwright_extractor - INFO - Extracting sales rank information...
2026-03-07 03:55:29,767 - tools.amazon_playwright_extractor - INFO - Extracting ratings and reviews...
2026-03-07 03:55:29,800 - tools.amazon_playwright_extractor - INFO - Rating: 4.1 via #acrPopover[title*='out of 5 stars']
2026-03-07 03:55:29,844 - tools.amazon_playwright_extractor - INFO - Review count: 8 via #acrCustomerReviewText
2026-03-07 03:55:29,844 - tools.amazon_playwright_extractor - INFO - Extracting stock information...
2026-03-07 03:55:29,946 - tools.amazon_playwright_extractor - INFO - Availability text: 'Only 9 left in stock.' via #availability span.a-color-price
2026-03-07 03:55:29,946 - tools.amazon_playwright_extractor - INFO - Extracting features/bullets...
2026-03-07 03:55:30,321 - tools.amazon_playwright_extractor - INFO - Found 5 features.
2026-03-07 03:55:30,321 - tools.amazon_playwright_extractor - INFO - Extracting product description...
2026-03-07 03:55:30,348 - tools.amazon_playwright_extractor - INFO - Description found using selector: #productDescription
2026-03-07 03:55:30,348 - tools.amazon_playwright_extractor - INFO - Extracting product specifications table...
2026-03-07 03:55:31,008 - tools.amazon_playwright_extractor - INFO - Specifications table parsed using selector: #productDetails_techSpec_section_1
2026-03-07 03:55:31,008 - tools.amazon_playwright_extractor - INFO - Extracting SellerAmp data (if present)...
2026-03-07 03:55:31,009 - tools.amazon_playwright_extractor - INFO - SellerAmp data extraction is currently disabled as per requirements (Fix 2.3).
2026-03-07 03:55:31,009 - tools.amazon_playwright_extractor - INFO - Extracting Keepa data (if present)...
2026-03-07 03:55:31,009 - tools.amazon_playwright_extractor - INFO - Attempting to extract Keepa data...
2026-03-07 03:55:37,173 - tools.amazon_playwright_extractor - INFO - Keepa iframe found: iframe[id*='keepa']
2026-03-07 03:55:37,211 - tools.amazon_playwright_extractor - INFO - Keepa Graph AI Analysis is currently disabled as per requirements (Fix 2.4).
2026-03-07 03:55:37,235 - tools.amazon_playwright_extractor - WARNING - Keepa main 'Data' tab not found or not visible.
2026-03-07 03:55:37,235 - tools.amazon_playwright_extractor - INFO - ASIN B0DVGGYHGB: BSR not found or invalid from page. Attempting fallback from Keepa.
2026-03-07 03:55:37,235 - tools.amazon_playwright_extractor - WARNING - ASIN B0DVGGYHGB: Could not find BSR in any Keepa data source.
2026-03-07 03:55:37,236 - tools.amazon_playwright_extractor - INFO - \u2705 Recorded search method 'EAN' for ASIN B0DVGGYHGB
2026-03-07 03:55:37,236 - tools.amazon_playwright_extractor - INFO - Successfully extracted data for ASIN B0DVGGYHGB (EAN on page: N/A)
2026-03-07 03:55:37,243 [INFO] WindowsSaveGuardian: ? ATOMIC SAVE: amazon_B0DVGGYHGB_5010792620831.json (26 entries) saved successfully
2026-03-07 03:55:37,243 - windows_save_guardian - INFO - ? ATOMIC SAVE: amazon_B0DVGGYHGB_5010792620831.json (26 entries) saved successfully
2026-03-07 03:55:37,248 [INFO] WindowsSaveGuardian: ? ATOMIC SAVE: linking_map.json (5 entries) saved successfully
2026-03-07 03:55:37,248 - windows_save_guardian - INFO - ? ATOMIC SAVE: linking_map.json (5 entries) saved successfully
2026-03-07 03:55:37,249 - __main__ - INFO - Linking map periodic flush: 5 entries
2026-03-07 03:55:37,254 [INFO] WindowsSaveGuardian: ? ATOMIC SAVE: angelwholesale_co_uk__sandbox__c1be8169_processing_state.json (27 entries) saved successfully
2026-03-07 03:55:37,254 - windows_save_guardian - INFO - ? ATOMIC SAVE: angelwholesale_co_uk__sandbox__c1be8169_processing_state.json (27 entries) saved successfully
2026-03-07 03:55:37,255 - utils.fixed_enhanced_state_manager - INFO -  ATOMIC SAVE
2026-03-07 03:55:37,255 - tools.amazon_playwright_extractor - INFO - Searching Amazon by EAN: 5010792620527 for supplier product: 'Assorted Retro Model Vehicles' (FixedAmazonExtractor)
2026-03-07 03:55:37,255 - tools.amazon_playwright_extractor - INFO - Navigating to Amazon UK to search for EAN: 5010792620527
2026-03-07 03:55:41,194 - tools.amazon_playwright_extractor - INFO - Waiting for search results page to load for EAN 5010792620527...
2026-03-07 03:55:41,308 - tools.amazon_playwright_extractor - INFO - Found search results container with selector: div.s-search-results
2026-03-07 03:55:41,959 - tools.amazon_playwright_extractor - INFO - Found 2 search result elements using selector: div[data-component-type='s-search-result']
2026-03-07 03:55:41,959 - tools.amazon_playwright_extractor - INFO - Processing 2 search result elements for EAN 5010792620527
2026-03-07 03:55:42,202 - tools.amazon_playwright_extractor - INFO - Found organic result: ASIN B0CZG247ML - Lesser & Pavey Retro Emergency Vehicle 2 Ass Games For Kids ...
2026-03-07 03:55:42,369 - tools.amazon_playwright_extractor - INFO - Found organic result: ASIN B0FWCM8PZF - Gabby's Curl Cream 250ml, Lightweight Curl Defining Cream fo...
2026-03-07 03:55:42,369 - tools.amazon_playwright_extractor - INFO - \U0001f4ca SPONSORED FILTERING RESULTS: 2 organic products, 0 sponsored products filtered out
2026-03-07 03:55:42,369 - tools.amazon_playwright_extractor - INFO - \u2705 EAN SEARCH: Selected first organic result - ASIN B0CZG247ML
2026-03-07 03:55:42,370 - tools.amazon_playwright_extractor - INFO -    Trusting Amazon's search relevance for EAN 5010792620527
2026-03-07 03:55:42,370 - tools.amazon_playwright_extractor - INFO -    EAN will be extracted by Keepa during full product data extraction
2026-03-07 03:55:42,370 - tools.amazon_playwright_extractor - INFO - Single ASIN B0CZG247ML found for EAN 5010792620527.
2026-03-07 03:55:42,370 - tools.amazon_playwright_extractor - INFO - Proceeding with ASIN: B0CZG247ML for EAN: 5010792620527
2026-03-07 03:55:42,370 - tools.amazon_playwright_extractor - WARNING - No page object provided to extract_data for ASIN B0CZG247ML. Getting a new one from BrowserManager.
2026-03-07 03:55:42,370 - tools.amazon_playwright_extractor - INFO - Reusing existing page: https://www.amazon.co.uk/s?k=5010792620527&ref=nb_sb_noss
2026-03-07 03:55:44,521 - tools.amazon_playwright_extractor - INFO - Checking for cookie consent pop-up...
2026-03-07 03:55:45,108 - tools.amazon_playwright_extractor - INFO - Finished checking for cookie consent pop-ups. If one was present and not handled, it might interfere.
2026-03-07 03:55:46,118 - tools.amazon_playwright_extractor - INFO - Checking for CAPTCHA...
2026-03-07 03:55:49,126 - tools.amazon_playwright_extractor - INFO - No CAPTCHA page detected by form selector.
2026-03-07 03:55:49,126 - tools.amazon_playwright_extractor - INFO - Checking for cookie consent pop-up...
2026-03-07 03:55:49,255 - tools.amazon_playwright_extractor - INFO - Finished checking for cookie consent pop-ups. If one was present and not handled, it might interfere.
2026-03-07 03:55:49,255 - tools.amazon_playwright_extractor - INFO - Page should be ready. Waiting 5s for stabilization...
2026-03-07 03:55:54,271 - tools.amazon_playwright_extractor - INFO - Waiting an additional 7s for extensions (Keepa, SellerAmp)...
2026-03-07 03:56:01,278 - tools.amazon_playwright_extractor - INFO - Extracting all product data for ASIN: B0CZG247ML
2026-03-07 03:56:01,278 - tools.amazon_playwright_extractor - INFO - Extracting basic product information (Title, Price, Images, Amazon Details)...
2026-03-07 03:56:01,339 - tools.amazon_playwright_extractor - INFO - Title found: 'Lesser & Pavey Retro Emergency Vehicle 2 Ass Games For Kids & Adults | Classic Retro Game & Toys Gift For Birthdays and Special Occasions | Surprise Your Loved Ones With Retro Games' via #productTitle
2026-03-07 03:56:01,339 - tools.amazon_playwright_extractor - INFO - Extracting price details...
2026-03-07 03:56:01,369 - tools.amazon_playwright_extractor - INFO - Current price: 39.2 via #corePrice_feature_div .a-offscreen
2026-03-07 03:56:01,512 - tools.amazon_playwright_extractor - INFO - Original price: 49.01 via span.a-price.a-text-price[data-a-strike='true'] span.a-offscreen
2026-03-07 03:56:01,587 - tools.amazon_playwright_extractor - INFO - Extracting image URLs...
2026-03-07 03:56:01,722 - tools.amazon_playwright_extractor - INFO - Main image: https://m.media-amazon.com/images/I/81++HvuGeFL._AC_SL1500_.jpg via #landingImage
2026-03-07 03:56:01,781 - tools.amazon_playwright_extractor - INFO - Found 1 thumbnails.
2026-03-07 03:56:01,790 - tools.amazon_playwright_extractor - INFO - Extracting Amazon product details section...
2026-03-07 03:56:02,258 - tools.amazon_playwright_extractor - INFO - Extracting sales rank information...
2026-03-07 03:56:02,714 - tools.amazon_playwright_extractor - INFO - Extracting ratings and reviews...
2026-03-07 03:56:02,776 - tools.amazon_playwright_extractor - INFO - Rating: 4.1 via #acrPopover[title*='out of 5 stars']
2026-03-07 03:56:02,813 - tools.amazon_playwright_extractor - INFO - Review count: 8 via #acrCustomerReviewText
2026-03-07 03:56:02,814 - tools.amazon_playwright_extractor - INFO - Extracting stock information...
2026-03-07 03:56:02,859 - tools.amazon_playwright_extractor - INFO - Availability text: 'Only 1 left in stock.' via #availability span.a-color-price
2026-03-07 03:56:02,860 - tools.amazon_playwright_extractor - INFO - Extracting features/bullets...
2026-03-07 03:56:03,203 - tools.amazon_playwright_extractor - INFO - Found 5 features.
2026-03-07 03:56:03,203 - tools.amazon_playwright_extractor - INFO - Extracting product description...
2026-03-07 03:56:03,243 - tools.amazon_playwright_extractor - INFO - Description found using selector: #productDescription
2026-03-07 03:56:03,243 - tools.amazon_playwright_extractor - INFO - Extracting product specifications table...
2026-03-07 03:56:03,875 - tools.amazon_playwright_extractor - INFO - Specifications table parsed using selector: #productDetails_techSpec_section_1
2026-03-07 03:56:03,876 - tools.amazon_playwright_extractor - INFO - Extracting SellerAmp data (if present)...
2026-03-07 03:56:03,876 - tools.amazon_playwright_extractor - INFO - SellerAmp data extraction is currently disabled as per requirements (Fix 2.3).
2026-03-07 03:56:03,876 - tools.amazon_playwright_extractor - INFO - Extracting Keepa data (if present)...
2026-03-07 03:56:03,876 - tools.amazon_playwright_extractor - INFO - Attempting to extract Keepa data...
2026-03-07 03:56:09,972 - tools.amazon_playwright_extractor - INFO - Keepa iframe found: iframe[id*='keepa']
2026-03-07 03:56:10,002 - tools.amazon_playwright_extractor - INFO - Keepa Graph AI Analysis is currently disabled as per requirements (Fix 2.4).
2026-03-07 03:56:10,017 - tools.amazon_playwright_extractor - WARNING - Keepa main 'Data' tab not found or not visible.
2026-03-07 03:56:10,018 - tools.amazon_playwright_extractor - INFO - ASIN B0CZG247ML: BSR not found or invalid from page. Attempting fallback from Keepa.
2026-03-07 03:56:10,018 - tools.amazon_playwright_extractor - WARNING - ASIN B0CZG247ML: Could not find BSR in any Keepa data source.
2026-03-07 03:56:10,018 - tools.amazon_playwright_extractor - INFO - \u2705 Recorded search method 'EAN' for ASIN B0CZG247ML
2026-03-07 03:56:10,018 - tools.amazon_playwright_extractor - INFO - Successfully extracted data for ASIN B0CZG247ML (EAN on page: N/A)
2026-03-07 03:56:10,023 [INFO] WindowsSaveGuardian: ? ATOMIC SAVE: amazon_B0CZG247ML_5010792620527.json (26 entries) saved successfully
2026-03-07 03:56:10,023 - windows_save_guardian - INFO - ? ATOMIC SAVE: amazon_B0CZG247ML_5010792620527.json (26 entries) saved successfully
2026-03-07 03:56:10,029 [INFO] WindowsSaveGuardian: ? ATOMIC SAVE: linking_map.json (6 entries) saved successfully
2026-03-07 03:56:10,029 - windows_save_guardian - INFO - ? ATOMIC SAVE: linking_map.json (6 entries) saved successfully
2026-03-07 03:56:10,030 - __main__ - INFO - Linking map periodic flush: 6 entries
2026-03-07 03:56:10,036 [INFO] WindowsSaveGuardian: ? ATOMIC SAVE: angelwholesale_co_uk__sandbox__c1be8169_processing_state.json (27 entries) saved successfully
2026-03-07 03:56:10,036 - windows_save_guardian - INFO - ? ATOMIC SAVE: angelwholesale_co_uk__sandbox__c1be8169_processing_state.json (27 entries) saved successfully
2026-03-07 03:56:10,037 - utils.fixed_enhanced_state_manager - INFO -  ATOMIC SAVE
2026-03-07 03:56:10,042 [INFO] WindowsSaveGuardian: ? ATOMIC SAVE: angelwholesale_co_uk__sandbox__c1be8169_processing_state.json (27 entries) saved successfully
2026-03-07 03:56:10,042 - windows_save_guardian - INFO - ? ATOMIC SAVE: angelwholesale_co_uk__sandbox__c1be8169_processing_state.json (27 entries) saved successfully
2026-03-07 03:56:10,044 - utils.fixed_enhanced_state_manager - INFO -  ATOMIC SAVE
2026-03-07 03:56:10,044 - tools.amazon_playwright_extractor - INFO - Searching Amazon by EAN: 5034566317130 for supplier product: 'Mini Flopsie - Molly Cat (8 Inch)' (FixedAmazonExtractor)
2026-03-07 03:56:10,044 - tools.amazon_playwright_extractor - INFO - Navigating to Amazon UK to search for EAN: 5034566317130
2026-03-07 03:56:14,172 - tools.amazon_playwright_extractor - INFO - Waiting for search results page to load for EAN 5034566317130...
2026-03-07 03:56:14,697 - tools.amazon_playwright_extractor - INFO - Found search results container with selector: div.s-search-results
2026-03-07 03:56:15,667 - tools.amazon_playwright_extractor - INFO - Found 5 search result elements using selector: div[data-component-type='s-search-result']
2026-03-07 03:56:15,667 - tools.amazon_playwright_extractor - INFO - Processing 5 search result elements for EAN 5034566317130
2026-03-07 03:56:16,230 - tools.amazon_playwright_extractor - INFO - Found organic result: ASIN B01ARMVOFK - Aurora, 31713, Mini Flopsies Lily The Grey Tabby, 8In, Soft ...
2026-03-07 03:56:16,335 - tools.amazon_playwright_extractor - INFO - Found organic result: ASIN B0CLB78993 - The MODU Explorer Set |Sand Grey & Honey Yellow| Premium Lif...
2026-03-07 03:56:16,444 - tools.amazon_playwright_extractor - INFO - Found organic result: ASIN B0GC56YMST - Red Rose Bouquet Building Blocks, 12 Roses Artificial Flower...
2026-03-07 03:56:16,586 - tools.amazon_playwright_extractor - INFO - Found organic result: ASIN B0FBRH59S9 - Sillbird Technic Robot Building Set Toys, 3-IN-1 Robot Build...
2026-03-07 03:56:16,694 - tools.amazon_playwright_extractor - INFO - Found organic result: ASIN B0BWXM16CT - Risou Miniature Storage Sturdy Carrying Figure Case -108 Slo...
2026-03-07 03:56:16,695 - tools.amazon_playwright_extractor - INFO - Found 5 organic results, stopping search to improve performance.
2026-03-07 03:56:16,695 - tools.amazon_playwright_extractor - INFO - \U0001f4ca SPONSORED FILTERING RESULTS: 5 organic products, 0 sponsored products filtered out
2026-03-07 03:56:16,695 - tools.amazon_playwright_extractor - INFO - \u2705 EAN SEARCH: Selected first organic result - ASIN B01ARMVOFK
2026-03-07 03:56:16,695 - tools.amazon_playwright_extractor - INFO -    Trusting Amazon's search relevance for EAN 5034566317130
2026-03-07 03:56:16,695 - tools.amazon_playwright_extractor - INFO -    EAN will be extracted by Keepa during full product data extraction
2026-03-07 03:56:16,695 - tools.amazon_playwright_extractor - INFO - Single ASIN B01ARMVOFK found for EAN 5034566317130.
2026-03-07 03:56:16,695 - tools.amazon_playwright_extractor - INFO - Proceeding with ASIN: B01ARMVOFK for EAN: 5034566317130
2026-03-07 03:56:16,695 - tools.amazon_playwright_extractor - WARNING - No page object provided to extract_data for ASIN B01ARMVOFK. Getting a new one from BrowserManager.
2026-03-07 03:56:16,695 - tools.amazon_playwright_extractor - INFO - Reusing existing page: https://www.amazon.co.uk/s?k=5034566317130&ref=nb_sb_noss
2026-03-07 03:56:19,723 - tools.amazon_playwright_extractor - INFO - Checking for cookie consent pop-up...
2026-03-07 03:56:22,191 - tools.amazon_playwright_extractor - INFO - Finished checking for cookie consent pop-ups. If one was present and not handled, it might interfere.
2026-03-07 03:56:23,198 - tools.amazon_playwright_extractor - INFO - Checking for CAPTCHA...
2026-03-07 03:56:26,210 - tools.amazon_playwright_extractor - INFO - No CAPTCHA page detected by form selector.
2026-03-07 03:56:26,210 - tools.amazon_playwright_extractor - INFO - Checking for cookie consent pop-up...
2026-03-07 03:56:26,476 - tools.amazon_playwright_extractor - INFO - Finished checking for cookie consent pop-ups. If one was present and not handled, it might interfere.
2026-03-07 03:56:26,476 - tools.amazon_playwright_extractor - INFO - Page should be ready. Waiting 5s for stabilization...
