2026-03-08 10:53:16,272 - __main__ - WARNING - Ignoring supplier identity from products file; job sandbox is authoritative. job=angelwholesale.co.uk__sandbox__c276b2a4 file=angelwholesale.co.uk
2026-03-08 10:53:16,272 - tools.amazon_playwright_extractor - WARNING - ?? BrowserCircuitBreaker not available - health management disabled
2026-03-08 10:53:16,272 - tools.amazon_playwright_extractor - INFO - AI features disabled in amazon_playwright_extractor - using only traditional selectors.
2026-03-08 10:53:16,273 - tools.amazon_playwright_extractor - INFO - Output directory set to: C:\Users\chris\Desktop\Amazon-FBA-Agent-System-v32 - latest good - Copy (8) - Copy - Copy - POSTLONGRUNPREKIRO2 beforecompletion-\OUTPUTS\CACHE\amazon_data
2026-03-08 10:53:16,273 - tools.amazon_playwright_extractor - WARNING - ?? BrowserManager not available, using legacy browser connection
2026-03-08 10:53:16,275 - tools.amazon_playwright_extractor - INFO - \U0001f527 FixedAmazonExtractor connecting via BrowserManager singleton
2026-03-08 10:53:16,275 - utils.browser_circuit_breaker - INFO - BrowserCircuitBreaker initialized: threshold=3, timeout=300s
2026-03-08 10:53:16,275 - utils.browser_manager - INFO - ?? BrowserManager singleton initialized with health management
2026-03-08 10:53:17,153 - utils.browser_manager - INFO - ?? Connecting to existing Chrome debug instance on port 9222
2026-03-08 10:53:17,153 - utils.browser_manager - INFO - ?? Per troubleshooting docs: Using existing Chrome debug only
2026-03-08 10:53:17,421 - utils.browser_manager - INFO - ? Chrome debug accessible on IPv6: Chrome/145.0.7632.159
2026-03-08 10:53:17,421 - utils.browser_manager - INFO - ?? Connecting to existing Chrome debug instance...
2026-03-08 10:53:17,423 - utils.browser_manager - INFO - ?? Using endpoint: http://[::1]:9222
2026-03-08 10:53:18,361 - utils.browser_manager - INFO - ? Successfully connected to existing Chrome debug instance
2026-03-08 10:53:18,361 - utils.browser_manager - INFO - ?? Using existing context with 5 pages
2026-03-08 10:53:18,361 - utils.browser_manager - INFO - ?? Connected to existing Chrome: 145.0.7632.159
2026-03-08 10:53:18,361 - tools.amazon_playwright_extractor - INFO - \u2705 FixedAmazonExtractor connected via BrowserManager singleton
2026-03-08 10:53:18,361 - utils.browser_manager - INFO - ?? Reusing existing Chrome connection (port 9222)
2026-03-08 10:53:18,361 - utils.browser_manager - INFO - ?? Reusing existing page in persistent context.
2026-03-08 10:53:18,368 [INFO] WindowsSaveGuardian: ? ATOMIC SAVE: angelwholesale_co_uk__sandbox__c276b2a4_processing_state.json (27 entries) saved successfully
2026-03-08 10:53:18,368 - windows_save_guardian - INFO - ? ATOMIC SAVE: angelwholesale_co_uk__sandbox__c276b2a4_processing_state.json (27 entries) saved successfully
2026-03-08 10:53:18,369 - utils.fixed_enhanced_state_manager - INFO -  ATOMIC SAVE
2026-03-08 10:53:18,372 [INFO] WindowsSaveGuardian: ? ATOMIC SAVE: angelwholesale_co_uk__sandbox__c276b2a4_processing_state.json (27 entries) saved successfully
2026-03-08 10:53:18,372 - windows_save_guardian - INFO - ? ATOMIC SAVE: angelwholesale_co_uk__sandbox__c276b2a4_processing_state.json (27 entries) saved successfully
2026-03-08 10:53:18,372 - utils.fixed_enhanced_state_manager - INFO -  ATOMIC SAVE
2026-03-08 10:53:18,372 - tools.amazon_playwright_extractor - INFO - Searching Amazon by EAN: 5012866069058 for supplier product: '3pcs Mosaic Vehicles  by AtoZ Toys' (FixedAmazonExtractor)
2026-03-08 10:53:18,372 - tools.amazon_playwright_extractor - INFO - Navigating to Amazon UK to search for EAN: 5012866069058
2026-03-08 10:53:33,472 - tools.amazon_playwright_extractor - INFO - Waiting for search results page to load for EAN 5012866069058...
2026-03-08 10:53:33,870 - tools.amazon_playwright_extractor - INFO - Found search results container with selector: div.s-search-results
2026-03-08 10:53:36,420 - tools.amazon_playwright_extractor - INFO - Found 8 search result elements using selector: div[data-component-type='s-search-result']
2026-03-08 10:53:36,420 - tools.amazon_playwright_extractor - INFO - Processing 8 search result elements for EAN 5012866069058
2026-03-08 10:53:37,679 - tools.amazon_playwright_extractor - INFO - Found organic result: ASIN B07DRP89BF - SPORTSPET Mini Bounce Dog Balls - Premium Rubber Dog Balls f...
2026-03-08 10:53:37,811 - tools.amazon_playwright_extractor - INFO - Found organic result: ASIN B0FK9JRLVV - Squeaky Dog Toys, Interactive Latex Puppies Toy with Quack W...
2026-03-08 10:53:37,995 - tools.amazon_playwright_extractor - INFO - Found organic result: ASIN B0DM59JSMR - Masonry Drill Bit Set for Metal Steel Porcelain Ceramic Tile...
2026-03-08 10:53:38,116 - tools.amazon_playwright_extractor - INFO - Found organic result: ASIN B004R1V0XO - AQUALONA® Aquaspray Handheld Shower Head - 2 Faces Supplied ...
2026-03-08 10:53:38,268 - tools.amazon_playwright_extractor - INFO - Found organic result: ASIN B00TU52DXI - Electric Shower - Triton T80si 8.5kW (T70SI, Perluso, Aquant...
2026-03-08 10:53:38,268 - tools.amazon_playwright_extractor - INFO - Found 5 organic results, stopping search to improve performance.
2026-03-08 10:53:38,268 - tools.amazon_playwright_extractor - INFO - \U0001f4ca SPONSORED FILTERING RESULTS: 5 organic products, 3 sponsored products filtered out
2026-03-08 10:53:38,268 - tools.amazon_playwright_extractor - INFO - \u2705 EAN SEARCH: Selected first organic result - ASIN B07DRP89BF
2026-03-08 10:53:38,268 - tools.amazon_playwright_extractor - INFO -    Trusting Amazon's search relevance for EAN 5012866069058
2026-03-08 10:53:38,268 - tools.amazon_playwright_extractor - INFO -    EAN will be extracted by Keepa during full product data extraction
2026-03-08 10:53:38,268 - tools.amazon_playwright_extractor - INFO - Single ASIN B07DRP89BF found for EAN 5012866069058.
2026-03-08 10:53:38,268 - tools.amazon_playwright_extractor - INFO - Proceeding with ASIN: B07DRP89BF for EAN: 5012866069058
2026-03-08 10:53:38,269 - tools.amazon_playwright_extractor - WARNING - No page object provided to extract_data for ASIN B07DRP89BF. Getting a new one from BrowserManager.
2026-03-08 10:53:38,269 - tools.amazon_playwright_extractor - INFO - Reusing existing page: https://www.amazon.co.uk/s?k=5012866069058&crid=2DYHVVUI9FIG9&sprefix=%2Caps%2C1293&ref=nb_sb_noss_2
2026-03-08 10:53:41,312 - tools.amazon_playwright_extractor - INFO - Checking for cookie consent pop-up...
2026-03-08 10:53:44,073 - tools.amazon_playwright_extractor - INFO - Finished checking for cookie consent pop-ups. If one was present and not handled, it might interfere.
2026-03-08 10:53:45,074 - tools.amazon_playwright_extractor - INFO - Checking for CAPTCHA...
2026-03-08 10:53:48,087 - tools.amazon_playwright_extractor - INFO - No CAPTCHA page detected by form selector.
2026-03-08 10:53:48,087 - tools.amazon_playwright_extractor - INFO - Checking for cookie consent pop-up...
2026-03-08 10:53:48,182 - tools.amazon_playwright_extractor - INFO - Finished checking for cookie consent pop-ups. If one was present and not handled, it might interfere.
2026-03-08 10:53:48,182 - tools.amazon_playwright_extractor - INFO - Page should be ready. Waiting 5s for stabilization...
2026-03-08 10:53:53,185 - tools.amazon_playwright_extractor - INFO - Waiting an additional 7s for extensions (Keepa, SellerAmp)...
2026-03-08 10:54:00,194 - tools.amazon_playwright_extractor - INFO - Extracting all product data for ASIN: B07DRP89BF
2026-03-08 10:54:00,194 - tools.amazon_playwright_extractor - INFO - Extracting basic product information (Title, Price, Images, Amazon Details)...
2026-03-08 10:54:00,235 - tools.amazon_playwright_extractor - INFO - Title found: 'SPORTSPET Mini Bounce Dog Balls - Premium Rubber Dog Balls for Puppy Dogs Standard Pack of 4 (45mm)' via #productTitle
2026-03-08 10:54:00,235 - tools.amazon_playwright_extractor - INFO - Extracting price details...
2026-03-08 10:54:00,265 - tools.amazon_playwright_extractor - INFO - Current price: 10.99 via #corePrice_feature_div .a-offscreen
2026-03-08 10:54:00,341 - tools.amazon_playwright_extractor - INFO - Original price: 11.83 via .basisPrice span.a-text-price span.a-offscreen
2026-03-08 10:54:00,392 - tools.amazon_playwright_extractor - INFO - Amazon sales badge found: 300 in container div#socialProofingAsinFaceout_feature_div
2026-03-08 10:54:00,392 - tools.amazon_playwright_extractor - INFO - Extracting image URLs...
2026-03-08 10:54:00,442 - tools.amazon_playwright_extractor - INFO - Main image: https://m.media-amazon.com/images/I/71GIe9phNjL._AC_SL1500_.jpg via #landingImage
2026-03-08 10:54:00,567 - tools.amazon_playwright_extractor - INFO - Found 7 thumbnails.
2026-03-08 10:54:00,573 - tools.amazon_playwright_extractor - INFO - Extracting Amazon product details section...
2026-03-08 10:54:00,947 - tools.amazon_playwright_extractor - INFO - Extracting sales rank information...
2026-03-08 10:54:01,318 - tools.amazon_playwright_extractor - INFO - Extracting ratings and reviews...
2026-03-08 10:54:01,345 - tools.amazon_playwright_extractor - INFO - Rating: 4.6 via #acrPopover[title*='out of 5 stars']
2026-03-08 10:54:01,368 - tools.amazon_playwright_extractor - INFO - Review count: 1049 via #acrCustomerReviewText
2026-03-08 10:54:01,369 - tools.amazon_playwright_extractor - INFO - Extracting stock information...
2026-03-08 10:54:01,711 - tools.amazon_playwright_extractor - INFO - Extracting features/bullets...
2026-03-08 10:54:02,665 - tools.amazon_playwright_extractor - INFO - Found 5 features.
2026-03-08 10:54:02,665 - tools.amazon_playwright_extractor - INFO - Extracting product description...
2026-03-08 10:54:02,923 - tools.amazon_playwright_extractor - INFO - Description found using selector: #aplus_feature_div
2026-03-08 10:54:02,923 - tools.amazon_playwright_extractor - INFO - Extracting product specifications table...
2026-03-08 10:54:03,470 - tools.amazon_playwright_extractor - INFO - Specifications table parsed using selector: table.a-keyvalue.prodDetTable
2026-03-08 10:54:03,470 - tools.amazon_playwright_extractor - INFO - Extracting SellerAmp data (if present)...
2026-03-08 10:54:03,470 - tools.amazon_playwright_extractor - INFO - SellerAmp data extraction is currently disabled as per requirements (Fix 2.3).
2026-03-08 10:54:03,470 - tools.amazon_playwright_extractor - INFO - Extracting Keepa data (if present)...
2026-03-08 10:54:03,470 - tools.amazon_playwright_extractor - INFO - Attempting to extract Keepa data...
2026-03-08 10:54:09,587 - tools.amazon_playwright_extractor - INFO - Keepa iframe found: iframe[id*='keepa']
2026-03-08 10:54:09,629 - tools.amazon_playwright_extractor - INFO - Keepa Graph AI Analysis is currently disabled as per requirements (Fix 2.4).
2026-03-08 10:54:09,649 - tools.amazon_playwright_extractor - WARNING - Keepa main 'Data' tab not found or not visible.
2026-03-08 10:54:09,650 - tools.amazon_playwright_extractor - INFO - ASIN B07DRP89BF: BSR not found or invalid from page. Attempting fallback from Keepa.
2026-03-08 10:54:09,650 - tools.amazon_playwright_extractor - WARNING - ASIN B07DRP89BF: Could not find BSR in any Keepa data source.
2026-03-08 10:54:09,650 - tools.amazon_playwright_extractor - INFO - \u2705 Recorded search method 'EAN' for ASIN B07DRP89BF
2026-03-08 10:54:09,650 - tools.amazon_playwright_extractor - INFO - Successfully extracted data for ASIN B07DRP89BF (EAN on page: N/A)
2026-03-08 10:54:09,653 [INFO] WindowsSaveGuardian: ? ATOMIC SAVE: amazon_B07DRP89BF_5012866069058.json (23 entries) saved successfully
2026-03-08 10:54:09,653 - windows_save_guardian - INFO - ? ATOMIC SAVE: amazon_B07DRP89BF_5012866069058.json (23 entries) saved successfully
2026-03-08 10:54:09,655 [INFO] WindowsSaveGuardian: ? ATOMIC SAVE: linking_map.json (1 entries) saved successfully
2026-03-08 10:54:09,655 - windows_save_guardian - INFO - ? ATOMIC SAVE: linking_map.json (1 entries) saved successfully
2026-03-08 10:54:09,655 - __main__ - INFO - Linking map periodic flush: 1 entries
2026-03-08 10:54:09,658 [INFO] WindowsSaveGuardian: ? ATOMIC SAVE: angelwholesale_co_uk__sandbox__c276b2a4_processing_state.json (27 entries) saved successfully
2026-03-08 10:54:09,658 - windows_save_guardian - INFO - ? ATOMIC SAVE: angelwholesale_co_uk__sandbox__c276b2a4_processing_state.json (27 entries) saved successfully
2026-03-08 10:54:09,659 - utils.fixed_enhanced_state_manager - INFO -  ATOMIC SAVE
2026-03-08 10:54:09,659 - tools.amazon_playwright_extractor - INFO - Searching Amazon by EAN: 5012866625032 for supplier product: 'Abc Train Set Med  by AtoZ Toys' (FixedAmazonExtractor)
2026-03-08 10:54:09,659 - tools.amazon_playwright_extractor - INFO - Navigating to Amazon UK to search for EAN: 5012866625032
2026-03-08 10:54:14,898 - tools.amazon_playwright_extractor - INFO - Waiting for search results page to load for EAN 5012866625032...
2026-03-08 10:54:15,114 - tools.amazon_playwright_extractor - INFO - Found search results container with selector: div.s-search-results
2026-03-08 10:54:15,788 - tools.amazon_playwright_extractor - INFO - Found 6 search result elements using selector: div[data-component-type='s-search-result']
2026-03-08 10:54:15,788 - tools.amazon_playwright_extractor - INFO - Processing 6 search result elements for EAN 5012866625032
2026-03-08 10:54:15,978 - tools.amazon_playwright_extractor - INFO - Found organic result: ASIN B09KS2XTTQ - Triton Zante 5 Electric Shower - 8.5kW (Zante, Jade, Marbell...
2026-03-08 10:54:16,127 - tools.amazon_playwright_extractor - INFO - Found organic result: ASIN B09G38VPF2 - Triton Jade 3 Electric Shower 8.5kW (Opal 3, Aquasurge, Rosa...
2026-03-08 10:54:16,276 - tools.amazon_playwright_extractor - INFO - Found organic result: ASIN B07CRML64T - Triton Zante 4 Electric Shower - 8.5kW (Zante 3, Marbella, T...
2026-03-08 10:54:16,410 - tools.amazon_playwright_extractor - INFO - Found organic result: ASIN B004R1V0XO - AQUALONA® Aquaspray Handheld Shower Head - 2 Faces Supplied ...
2026-03-08 10:54:16,533 - tools.amazon_playwright_extractor - INFO - Found organic result: ASIN B00I5FUS9K - Triton Perea Electric Shower 8.5kW (Opal 3, Aquasurge, Rosat...
2026-03-08 10:54:16,533 - tools.amazon_playwright_extractor - INFO - Found 5 organic results, stopping search to improve performance.
2026-03-08 10:54:16,533 - tools.amazon_playwright_extractor - INFO - \U0001f4ca SPONSORED FILTERING RESULTS: 5 organic products, 1 sponsored products filtered out
2026-03-08 10:54:16,534 - tools.amazon_playwright_extractor - INFO - \u2705 EAN SEARCH: Selected first organic result - ASIN B09KS2XTTQ
2026-03-08 10:54:16,534 - tools.amazon_playwright_extractor - INFO -    Trusting Amazon's search relevance for EAN 5012866625032
2026-03-08 10:54:16,534 - tools.amazon_playwright_extractor - INFO -    EAN will be extracted by Keepa during full product data extraction
2026-03-08 10:54:16,534 - tools.amazon_playwright_extractor - INFO - Single ASIN B09KS2XTTQ found for EAN 5012866625032.
2026-03-08 10:54:16,534 - tools.amazon_playwright_extractor - INFO - Proceeding with ASIN: B09KS2XTTQ for EAN: 5012866625032
2026-03-08 10:54:16,534 - tools.amazon_playwright_extractor - WARNING - No page object provided to extract_data for ASIN B09KS2XTTQ. Getting a new one from BrowserManager.
2026-03-08 10:54:16,534 - tools.amazon_playwright_extractor - INFO - Reusing existing page: https://www.amazon.co.uk/s?k=5012866625032&ref=nb_sb_noss
2026-03-08 10:54:18,543 - tools.amazon_playwright_extractor - INFO - Checking for cookie consent pop-up...
2026-03-08 10:54:19,582 - tools.amazon_playwright_extractor - INFO - Finished checking for cookie consent pop-ups. If one was present and not handled, it might interfere.
2026-03-08 10:54:20,591 - tools.amazon_playwright_extractor - INFO - Checking for CAPTCHA...
2026-03-08 10:54:23,595 - tools.amazon_playwright_extractor - INFO - No CAPTCHA page detected by form selector.
2026-03-08 10:54:23,596 - tools.amazon_playwright_extractor - INFO - Checking for cookie consent pop-up...
2026-03-08 10:54:23,696 - tools.amazon_playwright_extractor - INFO - Finished checking for cookie consent pop-ups. If one was present and not handled, it might interfere.
2026-03-08 10:54:23,696 - tools.amazon_playwright_extractor - INFO - Page should be ready. Waiting 5s for stabilization...
2026-03-08 10:54:28,701 - tools.amazon_playwright_extractor - INFO - Waiting an additional 7s for extensions (Keepa, SellerAmp)...
2026-03-08 10:54:35,711 - tools.amazon_playwright_extractor - INFO - Extracting all product data for ASIN: B09KS2XTTQ
2026-03-08 10:54:35,711 - tools.amazon_playwright_extractor - INFO - Extracting basic product information (Title, Price, Images, Amazon Details)...
2026-03-08 10:54:35,744 - tools.amazon_playwright_extractor - INFO - Title found: 'Triton Zante 5 Electric Shower - 8.5kW (Zante, Jade, Marbella, Trance 2, Excite)' via #productTitle
2026-03-08 10:54:35,744 - tools.amazon_playwright_extractor - INFO - Extracting price details...
2026-03-08 10:54:35,768 - tools.amazon_playwright_extractor - INFO - Current price: 126.99 via #corePrice_feature_div .a-offscreen
2026-03-08 10:54:35,880 - tools.amazon_playwright_extractor - INFO - Extracting image URLs...
2026-03-08 10:54:35,922 - tools.amazon_playwright_extractor - INFO - Main image: https://m.media-amazon.com/images/I/515d1G47isL._AC_SL1440_.jpg via #landingImage
2026-03-08 10:54:36,041 - tools.amazon_playwright_extractor - INFO - Found 7 thumbnails.
2026-03-08 10:54:36,047 - tools.amazon_playwright_extractor - INFO - Extracting Amazon product details section...
2026-03-08 10:54:36,154 - tools.amazon_playwright_extractor - INFO - Extracting sales rank information...
2026-03-08 10:54:36,292 - tools.amazon_playwright_extractor - INFO - Extracting ratings and reviews...
2026-03-08 10:54:36,311 - tools.amazon_playwright_extractor - INFO - Rating: 4.3 via #acrPopover[title*='out of 5 stars']
2026-03-08 10:54:36,334 - tools.amazon_playwright_extractor - INFO - Review count: 20 via #acrCustomerReviewText
2026-03-08 10:54:36,335 - tools.amazon_playwright_extractor - INFO - Extracting stock information...
2026-03-08 10:54:36,358 - tools.amazon_playwright_extractor - INFO - Availability text: 'In stock' via #availability span.a-size-medium.a-color-success
2026-03-08 10:54:36,358 - tools.amazon_playwright_extractor - INFO - Extracting features/bullets...
2026-03-08 10:54:36,602 - tools.amazon_playwright_extractor - INFO - Found 5 features.
2026-03-08 10:54:36,602 - tools.amazon_playwright_extractor - INFO - Extracting product description...
2026-03-08 10:54:36,621 - tools.amazon_playwright_extractor - INFO - Description found using selector: #productDescription
2026-03-08 10:54:36,621 - tools.amazon_playwright_extractor - INFO - Extracting product specifications table...
2026-03-08 10:54:37,090 - tools.amazon_playwright_extractor - INFO - Specifications table parsed using selector: table.a-keyvalue.prodDetTable
2026-03-08 10:54:37,090 - tools.amazon_playwright_extractor - INFO - Extracting SellerAmp data (if present)...
2026-03-08 10:54:37,090 - tools.amazon_playwright_extractor - INFO - SellerAmp data extraction is currently disabled as per requirements (Fix 2.3).
2026-03-08 10:54:37,090 - tools.amazon_playwright_extractor - INFO - Extracting Keepa data (if present)...
2026-03-08 10:54:37,090 - tools.amazon_playwright_extractor - INFO - Attempting to extract Keepa data...
2026-03-08 10:54:43,168 - tools.amazon_playwright_extractor - INFO - Keepa iframe found: iframe[id*='keepa']
2026-03-08 10:54:43,198 - tools.amazon_playwright_extractor - INFO - Keepa Graph AI Analysis is currently disabled as per requirements (Fix 2.4).
2026-03-08 10:54:43,212 - tools.amazon_playwright_extractor - WARNING - Keepa main 'Data' tab not found or not visible.
2026-03-08 10:54:43,212 - tools.amazon_playwright_extractor - INFO - ASIN B09KS2XTTQ: BSR not found or invalid from page. Attempting fallback from Keepa.
2026-03-08 10:54:43,212 - tools.amazon_playwright_extractor - WARNING - ASIN B09KS2XTTQ: Could not find BSR in any Keepa data source.
2026-03-08 10:54:43,212 - tools.amazon_playwright_extractor - INFO - \u2705 Recorded search method 'EAN' for ASIN B09KS2XTTQ
2026-03-08 10:54:43,212 - tools.amazon_playwright_extractor - INFO - Successfully extracted data for ASIN B09KS2XTTQ (EAN on page: N/A)
2026-03-08 10:54:43,217 [INFO] WindowsSaveGuardian: ? ATOMIC SAVE: amazon_B09KS2XTTQ_5012866625032.json (23 entries) saved successfully
2026-03-08 10:54:43,217 - windows_save_guardian - INFO - ? ATOMIC SAVE: amazon_B09KS2XTTQ_5012866625032.json (23 entries) saved successfully
2026-03-08 10:54:43,223 [INFO] WindowsSaveGuardian: ? ATOMIC SAVE: linking_map.json (2 entries) saved successfully
2026-03-08 10:54:43,223 - windows_save_guardian - INFO - ? ATOMIC SAVE: linking_map.json (2 entries) saved successfully
2026-03-08 10:54:43,224 - __main__ - INFO - Linking map periodic flush: 2 entries
2026-03-08 10:54:43,228 [INFO] WindowsSaveGuardian: ? ATOMIC SAVE: angelwholesale_co_uk__sandbox__c276b2a4_processing_state.json (27 entries) saved successfully
2026-03-08 10:54:43,228 - windows_save_guardian - INFO - ? ATOMIC SAVE: angelwholesale_co_uk__sandbox__c276b2a4_processing_state.json (27 entries) saved successfully
2026-03-08 10:54:43,229 - utils.fixed_enhanced_state_manager - INFO -  ATOMIC SAVE
2026-03-08 10:54:43,238 [INFO] WindowsSaveGuardian: ? ATOMIC SAVE: angelwholesale_co_uk__sandbox__c276b2a4_processing_state.json (27 entries) saved successfully
2026-03-08 10:54:43,238 - windows_save_guardian - INFO - ? ATOMIC SAVE: angelwholesale_co_uk__sandbox__c276b2a4_processing_state.json (27 entries) saved successfully
2026-03-08 10:54:43,239 - utils.fixed_enhanced_state_manager - INFO -  ATOMIC SAVE
2026-03-08 10:54:43,239 - tools.amazon_playwright_extractor - INFO - Searching Amazon by EAN: 5055499001200 for supplier product: 'Muslinz 6pk Green Quality Muslin Squares 100% Cotton' (FixedAmazonExtractor)
2026-03-08 10:54:43,239 - tools.amazon_playwright_extractor - INFO - Navigating to Amazon UK to search for EAN: 5055499001200
2026-03-08 10:54:48,254 - tools.amazon_playwright_extractor - INFO - Waiting for search results page to load for EAN 5055499001200...
2026-03-08 10:54:48,325 - tools.amazon_playwright_extractor - INFO - Found search results container with selector: div.s-search-results
2026-03-08 10:54:48,968 - tools.amazon_playwright_extractor - INFO - Found 7 search result elements using selector: div[data-component-type='s-search-result']
2026-03-08 10:54:48,968 - tools.amazon_playwright_extractor - INFO - Processing 7 search result elements for EAN 5055499001200
2026-03-08 10:54:49,083 - tools.amazon_playwright_extractor - INFO - Found organic result: ASIN B0D7QCYXSH - Organic Next To Me Crib Sheets – Gots Certified Thickest & S...
2026-03-08 10:54:49,216 - tools.amazon_playwright_extractor - INFO - Found organic result: ASIN B0G1MYXQQK - Pack of 3 Organic Baby Muslin Cloths - Award-Winning Soft Mu...
2026-03-08 10:54:49,318 - tools.amazon_playwright_extractor - INFO - Found organic result: ASIN B0CF26W6XL - Infinno Wrist Rattle Socks and Foot Finder - Baby Educationa...
2026-03-08 10:54:49,418 - tools.amazon_playwright_extractor - INFO - Found organic result: ASIN B00DIB9O2I - MuslinZ Muslin Cloths for Baby - Baby Burp Cloths - 6 Pack M...
2026-03-08 10:54:49,513 - tools.amazon_playwright_extractor - INFO - Found organic result: ASIN B0F6M1QPCY - Baby Muslin Cloths 6 Pack 70x70cm | Bamboo Cotton Baby Musli...
2026-03-08 10:54:49,514 - tools.amazon_playwright_extractor - INFO - Found 5 organic results, stopping search to improve performance.
2026-03-08 10:54:49,514 - tools.amazon_playwright_extractor - INFO - \U0001f4ca SPONSORED FILTERING RESULTS: 5 organic products, 2 sponsored products filtered out
2026-03-08 10:54:49,514 - tools.amazon_playwright_extractor - INFO - \u2705 EAN SEARCH: Selected first organic result - ASIN B0D7QCYXSH
2026-03-08 10:54:49,514 - tools.amazon_playwright_extractor - INFO -    Trusting Amazon's search relevance for EAN 5055499001200
2026-03-08 10:54:49,514 - tools.amazon_playwright_extractor - INFO -    EAN will be extracted by Keepa during full product data extraction
2026-03-08 10:54:49,514 - tools.amazon_playwright_extractor - INFO - Single ASIN B0D7QCYXSH found for EAN 5055499001200.
2026-03-08 10:54:49,514 - tools.amazon_playwright_extractor - INFO - Proceeding with ASIN: B0D7QCYXSH for EAN: 5055499001200
2026-03-08 10:54:49,514 - tools.amazon_playwright_extractor - WARNING - No page object provided to extract_data for ASIN B0D7QCYXSH. Getting a new one from BrowserManager.
2026-03-08 10:54:49,514 - tools.amazon_playwright_extractor - INFO - Reusing existing page: https://www.amazon.co.uk/s?k=5055499001200&ref=nb_sb_noss
2026-03-08 10:54:52,233 - tools.amazon_playwright_extractor - INFO - Checking for cookie consent pop-up...
2026-03-08 10:54:52,733 - tools.amazon_playwright_extractor - INFO - Finished checking for cookie consent pop-ups. If one was present and not handled, it might interfere.
2026-03-08 10:54:53,746 - tools.amazon_playwright_extractor - INFO - Checking for CAPTCHA...
2026-03-08 10:54:56,754 - tools.amazon_playwright_extractor - INFO - No CAPTCHA page detected by form selector.
2026-03-08 10:54:56,755 - tools.amazon_playwright_extractor - INFO - Checking for cookie consent pop-up...
2026-03-08 10:54:56,836 - tools.amazon_playwright_extractor - INFO - Finished checking for cookie consent pop-ups. If one was present and not handled, it might interfere.
2026-03-08 10:54:56,836 - tools.amazon_playwright_extractor - INFO - Page should be ready. Waiting 5s for stabilization...
2026-03-08 10:55:01,848 - tools.amazon_playwright_extractor - INFO - Waiting an additional 7s for extensions (Keepa, SellerAmp)...
2026-03-08 10:55:08,859 - tools.amazon_playwright_extractor - INFO - Extracting all product data for ASIN: B0D7QCYXSH
2026-03-08 10:55:08,859 - tools.amazon_playwright_extractor - INFO - Extracting basic product information (Title, Price, Images, Amazon Details)...
2026-03-08 10:55:08,909 - tools.amazon_playwright_extractor - INFO - Title found: 'Organic Next To Me Crib Sheets – Gots Certified Thickest & Softest GOTS Organic Cotton 200GSM – Bedside Sleeper Sheet 51x85 / 50x90 Next2me Cozee Bedside Crib Fitted Mattress Sheets' via #productTitle
2026-03-08 10:55:08,909 - tools.amazon_playwright_extractor - INFO - Extracting price details...
2026-03-08 10:55:08,938 - tools.amazon_playwright_extractor - INFO - Current price: 22.99 via #corePrice_feature_div .a-offscreen
2026-03-08 10:55:09,017 - tools.amazon_playwright_extractor - INFO - Original price: 25.97 via span.a-price.a-text-price[data-a-strike='true'] span.a-offscreen
2026-03-08 10:55:09,053 - tools.amazon_playwright_extractor - INFO - Amazon sales badge found: 100 in container div#socialProofingAsinFaceout_feature_div
2026-03-08 10:55:09,053 - tools.amazon_playwright_extractor - INFO - Extracting image URLs...
2026-03-08 10:55:09,095 - tools.amazon_playwright_extractor - INFO - Main image: https://m.media-amazon.com/images/I/51KOgN-mqKL._AC_SL1024_.jpg via #landingImage
2026-03-08 10:55:09,235 - tools.amazon_playwright_extractor - INFO - Found 7 thumbnails.
2026-03-08 10:55:09,242 - tools.amazon_playwright_extractor - INFO - Extracting Amazon product details section...
2026-03-08 10:55:09,417 - tools.amazon_playwright_extractor - INFO - Extracting sales rank information...
2026-03-08 10:55:09,679 - tools.amazon_playwright_extractor - INFO - Extracting ratings and reviews...
2026-03-08 10:55:09,721 - tools.amazon_playwright_extractor - INFO - Rating: 4.8 via #acrPopover[title*='out of 5 stars']
2026-03-08 10:55:09,760 - tools.amazon_playwright_extractor - INFO - Review count: 672 via #acrCustomerReviewText
2026-03-08 10:55:09,760 - tools.amazon_playwright_extractor - INFO - Extracting stock information...
2026-03-08 10:55:09,787 - tools.amazon_playwright_extractor - INFO - Availability text: 'In stock' via #availability span.a-size-medium.a-color-success
2026-03-08 10:55:09,787 - tools.amazon_playwright_extractor - INFO - Extracting features/bullets...
2026-03-08 10:55:10,197 - tools.amazon_playwright_extractor - INFO - Found 7 features.
2026-03-08 10:55:10,197 - tools.amazon_playwright_extractor - INFO - Extracting product description...
2026-03-08 10:55:10,272 - tools.amazon_playwright_extractor - INFO - Description found using selector: #aplus_feature_div
2026-03-08 10:55:10,272 - tools.amazon_playwright_extractor - INFO - Extracting product specifications table...
2026-03-08 10:55:10,595 - tools.amazon_playwright_extractor - INFO - Specifications table parsed using selector: table.a-keyvalue.prodDetTable
2026-03-08 10:55:10,595 - tools.amazon_playwright_extractor - INFO - Extracting SellerAmp data (if present)...
2026-03-08 10:55:10,595 - tools.amazon_playwright_extractor - INFO - SellerAmp data extraction is currently disabled as per requirements (Fix 2.3).
2026-03-08 10:55:10,595 - tools.amazon_playwright_extractor - INFO - Extracting Keepa data (if present)...
2026-03-08 10:55:10,596 - tools.amazon_playwright_extractor - INFO - Attempting to extract Keepa data...
2026-03-08 10:55:16,681 - tools.amazon_playwright_extractor - INFO - Keepa iframe found: iframe[id*='keepa']
2026-03-08 10:55:16,710 - tools.amazon_playwright_extractor - INFO - Keepa Graph AI Analysis is currently disabled as per requirements (Fix 2.4).
2026-03-08 10:55:16,728 - tools.amazon_playwright_extractor - WARNING - Keepa main 'Data' tab not found or not visible.
2026-03-08 10:55:16,728 - tools.amazon_playwright_extractor - INFO - ASIN B0D7QCYXSH: BSR not found or invalid from page. Attempting fallback from Keepa.
2026-03-08 10:55:16,728 - tools.amazon_playwright_extractor - WARNING - ASIN B0D7QCYXSH: Could not find BSR in any Keepa data source.
2026-03-08 10:55:16,728 - tools.amazon_playwright_extractor - INFO - \u2705 Recorded search method 'EAN' for ASIN B0D7QCYXSH
2026-03-08 10:55:16,728 - tools.amazon_playwright_extractor - INFO - Successfully extracted data for ASIN B0D7QCYXSH (EAN on page: N/A)
2026-03-08 10:55:16,733 [INFO] WindowsSaveGuardian: ? ATOMIC SAVE: amazon_B0D7QCYXSH_5055499001200.json (25 entries) saved successfully
2026-03-08 10:55:16,733 - windows_save_guardian - INFO - ? ATOMIC SAVE: amazon_B0D7QCYXSH_5055499001200.json (25 entries) saved successfully
2026-03-08 10:55:16,736 [INFO] WindowsSaveGuardian: ? ATOMIC SAVE: linking_map.json (3 entries) saved successfully
2026-03-08 10:55:16,736 - windows_save_guardian - INFO - ? ATOMIC SAVE: linking_map.json (3 entries) saved successfully
2026-03-08 10:55:16,737 - __main__ - INFO - Linking map periodic flush: 3 entries
2026-03-08 10:55:16,741 [INFO] WindowsSaveGuardian: ? ATOMIC SAVE: angelwholesale_co_uk__sandbox__c276b2a4_processing_state.json (27 entries) saved successfully
2026-03-08 10:55:16,741 - windows_save_guardian - INFO - ? ATOMIC SAVE: angelwholesale_co_uk__sandbox__c276b2a4_processing_state.json (27 entries) saved successfully
2026-03-08 10:55:16,742 - utils.fixed_enhanced_state_manager - INFO -  ATOMIC SAVE
2026-03-08 10:55:16,742 - tools.amazon_playwright_extractor - INFO - Searching Amazon by EAN: 5015302105747 for supplier product: 'Silicone Teats Medium Flow 2 Pack by First Steps' (FixedAmazonExtractor)
2026-03-08 10:55:16,742 - tools.amazon_playwright_extractor - INFO - Navigating to Amazon UK to search for EAN: 5015302105747
2026-03-08 10:55:21,730 - tools.amazon_playwright_extractor - INFO - Waiting for search results page to load for EAN 5015302105747...
2026-03-08 10:55:21,807 - tools.amazon_playwright_extractor - INFO - Found search results container with selector: div.s-search-results
2026-03-08 10:55:22,456 - tools.amazon_playwright_extractor - INFO - Found 9 search result elements using selector: div[data-component-type='s-search-result']
2026-03-08 10:55:22,456 - tools.amazon_playwright_extractor - INFO - Processing 9 search result elements for EAN 5015302105747
2026-03-08 10:55:22,612 - tools.amazon_playwright_extractor - INFO - Found organic result: ASIN B094JVKC6G - RSW 1 Bottle and Teat Brush, 2 Brushes in 1, Ideal for Clean...
2026-03-08 10:55:22,726 - tools.amazon_playwright_extractor - INFO - Found organic result: ASIN B0D5TWHJ6T - SpaceAid Baby Bottle Drying Rack with 20 Hooks, Space Saving...
2026-03-08 10:55:22,831 - tools.amazon_playwright_extractor - INFO - Found organic result: ASIN B0CQHG7FCN - Baby Nasal Aspirator, Mucus Sucker with 24 Hygiene Filters -...
2026-03-08 10:55:22,943 - tools.amazon_playwright_extractor - INFO - Found organic result: ASIN B09LV8RCXV - Bebamour Stand Baby Bottle Brushes for Cleaning 3 in 1 Soft ...
2026-03-08 10:55:23,061 - tools.amazon_playwright_extractor - INFO - Found organic result: ASIN B0CSJTDDNL - 7 in 1 Baby Bottle Brush Set, Travel Portable Bottle Cleanin...
2026-03-08 10:55:23,061 - tools.amazon_playwright_extractor - INFO - Found 5 organic results, stopping search to improve performance.
2026-03-08 10:55:23,061 - tools.amazon_playwright_extractor - INFO - \U0001f4ca SPONSORED FILTERING RESULTS: 5 organic products, 4 sponsored products filtered out
2026-03-08 10:55:23,061 - tools.amazon_playwright_extractor - INFO - \u2705 EAN SEARCH: Selected first organic result - ASIN B094JVKC6G
2026-03-08 10:55:23,061 - tools.amazon_playwright_extractor - INFO -    Trusting Amazon's search relevance for EAN 5015302105747
2026-03-08 10:55:23,061 - tools.amazon_playwright_extractor - INFO -    EAN will be extracted by Keepa during full product data extraction
2026-03-08 10:55:23,061 - tools.amazon_playwright_extractor - INFO - Single ASIN B094JVKC6G found for EAN 5015302105747.
2026-03-08 10:55:23,061 - tools.amazon_playwright_extractor - INFO - Proceeding with ASIN: B094JVKC6G for EAN: 5015302105747
2026-03-08 10:55:23,061 - tools.amazon_playwright_extractor - WARNING - No page object provided to extract_data for ASIN B094JVKC6G. Getting a new one from BrowserManager.
2026-03-08 10:55:23,061 - tools.amazon_playwright_extractor - INFO - Reusing existing page: https://www.amazon.co.uk/s?k=5015302105747&ref=nb_sb_noss
2026-03-08 10:55:25,506 - tools.amazon_playwright_extractor - INFO - Checking for cookie consent pop-up...
2026-03-08 10:55:25,888 - tools.amazon_playwright_extractor - INFO - Finished checking for cookie consent pop-ups. If one was present and not handled, it might interfere.
2026-03-08 10:55:26,897 - tools.amazon_playwright_extractor - INFO - Checking for CAPTCHA...
2026-03-08 10:55:29,902 - tools.amazon_playwright_extractor - INFO - No CAPTCHA page detected by form selector.
2026-03-08 10:55:29,902 - tools.amazon_playwright_extractor - INFO - Checking for cookie consent pop-up...
2026-03-08 10:55:29,971 - tools.amazon_playwright_extractor - INFO - Finished checking for cookie consent pop-ups. If one was present and not handled, it might interfere.
2026-03-08 10:55:29,971 - tools.amazon_playwright_extractor - INFO - Page should be ready. Waiting 5s for stabilization...
