2026-03-08 12:51:09,949 - __main__ - WARNING - Ignoring supplier identity from products file; job sandbox is authoritative. job=angelwholesale.co.uk__sandbox__c9db1f9a file=angelwholesale.co.uk
2026-03-08 12:51:09,950 - tools.amazon_playwright_extractor - WARNING - ?? BrowserCircuitBreaker not available - health management disabled
2026-03-08 12:51:09,950 - tools.amazon_playwright_extractor - INFO - AI features disabled in amazon_playwright_extractor - using only traditional selectors.
2026-03-08 12:51:09,950 - tools.amazon_playwright_extractor - INFO - Output directory set to: C:\Users\chris\Desktop\Amazon-FBA-Agent-System-v32 - latest good - Copy (8) - Copy - Copy - POSTLONGRUNPREKIRO2 beforecompletion-\OUTPUTS\CACHE\amazon_data
2026-03-08 12:51:09,950 - tools.amazon_playwright_extractor - WARNING - ?? BrowserManager not available, using legacy browser connection
2026-03-08 12:51:09,951 - tools.amazon_playwright_extractor - INFO - \U0001f527 FixedAmazonExtractor connecting via BrowserManager singleton
2026-03-08 12:51:09,951 - utils.browser_circuit_breaker - INFO - BrowserCircuitBreaker initialized: threshold=3, timeout=300s
2026-03-08 12:51:09,951 - utils.browser_manager - INFO - ?? BrowserManager singleton initialized with health management
2026-03-08 12:51:10,484 - utils.browser_manager - INFO - ?? Connecting to existing Chrome debug instance on port 9222
2026-03-08 12:51:10,484 - utils.browser_manager - INFO - ?? Per troubleshooting docs: Using existing Chrome debug only
2026-03-08 12:51:12,732 - utils.browser_manager - INFO - ? Chrome debug accessible on IPv4: Chrome/145.0.7632.160
2026-03-08 12:51:12,732 - utils.browser_manager - INFO - ?? Connecting to existing Chrome debug instance...
2026-03-08 12:51:14,753 - utils.browser_manager - INFO - ?? Using endpoint: http://localhost:9222
2026-03-08 12:51:14,978 - utils.browser_manager - INFO - ? Successfully connected to existing Chrome debug instance
2026-03-08 12:51:14,978 - utils.browser_manager - INFO - ?? Using existing context with 1 pages
2026-03-08 12:51:14,978 - utils.browser_manager - INFO - ?? Connected to existing Chrome: 145.0.7632.160
2026-03-08 12:51:14,978 - tools.amazon_playwright_extractor - INFO - \u2705 FixedAmazonExtractor connected via BrowserManager singleton
2026-03-08 12:51:14,978 - utils.browser_manager - INFO - ?? Reusing existing Chrome connection (port 9222)
2026-03-08 12:51:14,978 - utils.browser_manager - INFO - ?? Reusing existing page in persistent context.
2026-03-08 12:51:14,983 [INFO] WindowsSaveGuardian: ? ATOMIC SAVE: angelwholesale_co_uk__sandbox__c9db1f9a_processing_state.json (27 entries) saved successfully
2026-03-08 12:51:14,983 - windows_save_guardian - INFO - ? ATOMIC SAVE: angelwholesale_co_uk__sandbox__c9db1f9a_processing_state.json (27 entries) saved successfully
2026-03-08 12:51:14,984 - utils.fixed_enhanced_state_manager - INFO -  ATOMIC SAVE
2026-03-08 12:51:14,986 [INFO] WindowsSaveGuardian: ? ATOMIC SAVE: angelwholesale_co_uk__sandbox__c9db1f9a_processing_state.json (27 entries) saved successfully
2026-03-08 12:51:14,986 - windows_save_guardian - INFO - ? ATOMIC SAVE: angelwholesale_co_uk__sandbox__c9db1f9a_processing_state.json (27 entries) saved successfully
2026-03-08 12:51:14,986 - utils.fixed_enhanced_state_manager - INFO -  ATOMIC SAVE
2026-03-08 12:51:14,989 [INFO] WindowsSaveGuardian: ? ATOMIC SAVE: angelwholesale_co_uk__sandbox__c9db1f9a_processing_state.json (27 entries) saved successfully
2026-03-08 12:51:14,989 - windows_save_guardian - INFO - ? ATOMIC SAVE: angelwholesale_co_uk__sandbox__c9db1f9a_processing_state.json (27 entries) saved successfully
2026-03-08 12:51:14,989 - utils.fixed_enhanced_state_manager - INFO -  ATOMIC SAVE
2026-03-08 12:51:14,991 [INFO] WindowsSaveGuardian: ? ATOMIC SAVE: angelwholesale_co_uk__sandbox__c9db1f9a_processing_state.json (27 entries) saved successfully
2026-03-08 12:51:14,991 - windows_save_guardian - INFO - ? ATOMIC SAVE: angelwholesale_co_uk__sandbox__c9db1f9a_processing_state.json (27 entries) saved successfully
2026-03-08 12:51:14,991 - utils.fixed_enhanced_state_manager - INFO -  ATOMIC SAVE
2026-03-08 12:51:14,994 [INFO] WindowsSaveGuardian: ? ATOMIC SAVE: angelwholesale_co_uk__sandbox__c9db1f9a_processing_state.json (27 entries) saved successfully
2026-03-08 12:51:14,994 - windows_save_guardian - INFO - ? ATOMIC SAVE: angelwholesale_co_uk__sandbox__c9db1f9a_processing_state.json (27 entries) saved successfully
2026-03-08 12:51:14,994 - utils.fixed_enhanced_state_manager - INFO -  ATOMIC SAVE
2026-03-08 12:51:14,997 [INFO] WindowsSaveGuardian: ? ATOMIC SAVE: angelwholesale_co_uk__sandbox__c9db1f9a_processing_state.json (27 entries) saved successfully
2026-03-08 12:51:14,997 - windows_save_guardian - INFO - ? ATOMIC SAVE: angelwholesale_co_uk__sandbox__c9db1f9a_processing_state.json (27 entries) saved successfully
2026-03-08 12:51:14,997 - utils.fixed_enhanced_state_manager - INFO -  ATOMIC SAVE
2026-03-08 12:51:15,002 [INFO] WindowsSaveGuardian: ? ATOMIC SAVE: linking_map.json (6 entries) saved successfully
2026-03-08 12:51:15,002 - windows_save_guardian - INFO - ? ATOMIC SAVE: linking_map.json (6 entries) saved successfully
2026-03-08 12:51:15,002 - __main__ - INFO - Product list refresh complete: 5/6 matched
2026-03-08 12:51:15,002 - utils.browser_manager - WARNING - Error during global cleanup: no running event loop
Exception ignored in: <function BaseSubprocessTransport.__del__ at 0x0000016B2A0F8C20>
Traceback (most recent call last):
  File "C:\Python313\Lib\asyncio\base_subprocess.py", line 130, in __del__
  File "C:\Python313\Lib\asyncio\base_subprocess.py", line 107, in close
  File "C:\Python313\Lib\asyncio\proactor_events.py", line 109, in close
  File "C:\Python313\Lib\asyncio\base_events.py", line 827, in call_soon
  File "C:\Python313\Lib\asyncio\base_events.py", line 550, in _check_closed
RuntimeError: Event loop is closed
