2026-03-02 15:50:12,664 - tools.amazon_playwright_extractor - WARNING - ?? BrowserCircuitBreaker not available - health management disabled
2026-03-02 15:50:12,664 - tools.amazon_playwright_extractor - INFO - AI features disabled in amazon_playwright_extractor - using only traditional selectors.
2026-03-02 15:50:12,664 - tools.amazon_playwright_extractor - INFO - Output directory set to: C:\Users\chris\Desktop\Amazon-FBA-Agent-System-v32 - latest good - Copy (8) - Copy - Copy - POSTLONGRUNPREKIRO2 beforecompletion-\OUTPUTS\CACHE\amazon_data
2026-03-02 15:50:12,664 - tools.amazon_playwright_extractor - WARNING - ?? BrowserManager not available, using legacy browser connection
2026-03-02 15:50:12,665 - tools.amazon_playwright_extractor - INFO - \U0001f527 FixedAmazonExtractor connecting via BrowserManager singleton
2026-03-02 15:50:12,665 - utils.browser_circuit_breaker - INFO - BrowserCircuitBreaker initialized: threshold=3, timeout=300s
2026-03-02 15:50:12,665 - utils.browser_manager - INFO - ?? BrowserManager singleton initialized with health management
2026-03-02 15:50:13,168 - utils.browser_manager - INFO - ?? Connecting to existing Chrome debug instance on port 9222
2026-03-02 15:50:13,169 - utils.browser_manager - INFO - ?? Per troubleshooting docs: Using existing Chrome debug only
2026-03-02 15:50:15,435 - utils.browser_manager - INFO - ? Chrome debug accessible on IPv4: Chrome/145.0.7632.117
2026-03-02 15:50:15,436 - utils.browser_manager - INFO - ?? Connecting to existing Chrome debug instance...
2026-03-02 15:50:17,484 - utils.browser_manager - INFO - ?? Using endpoint: http://localhost:9222
2026-03-02 15:50:17,677 - utils.browser_manager - INFO - ? Successfully connected to existing Chrome debug instance
2026-03-02 15:50:17,677 - utils.browser_manager - INFO - ?? Using existing context with 2 pages
2026-03-02 15:50:17,677 - utils.browser_manager - INFO - ?? Connected to existing Chrome: 145.0.7632.117
2026-03-02 15:50:17,677 - tools.amazon_playwright_extractor - INFO - \u2705 FixedAmazonExtractor connected via BrowserManager singleton
2026-03-02 15:50:17,677 - utils.browser_manager - INFO - ?? Reusing existing Chrome connection (port 9222)
2026-03-02 15:50:17,678 - utils.browser_manager - INFO - ?? Reusing existing page in persistent context.
2026-03-02 15:50:17,689 [INFO] WindowsSaveGuardian: ? ATOMIC SAVE: efghousewares_co_uk__sandbox__d8f5d679_processing_state.json (27 entries) saved successfully
2026-03-02 15:50:17,689 - windows_save_guardian - INFO - ? ATOMIC SAVE: efghousewares_co_uk__sandbox__d8f5d679_processing_state.json (27 entries) saved successfully
2026-03-02 15:50:17,690 - utils.fixed_enhanced_state_manager - INFO -  ATOMIC SAVE
2026-03-02 15:50:17,725 [INFO] WindowsSaveGuardian: ? ATOMIC SAVE: efghousewares_co_uk__sandbox__d8f5d679_processing_state.json (27 entries) saved successfully
2026-03-02 15:50:17,725 - windows_save_guardian - INFO - ? ATOMIC SAVE: efghousewares_co_uk__sandbox__d8f5d679_processing_state.json (27 entries) saved successfully
2026-03-02 15:50:17,726 - utils.fixed_enhanced_state_manager - INFO -  ATOMIC SAVE
2026-03-02 15:50:17,748 [INFO] WindowsSaveGuardian: ? ATOMIC SAVE: efghousewares_co_uk__sandbox__d8f5d679_processing_state.json (27 entries) saved successfully
2026-03-02 15:50:17,748 - windows_save_guardian - INFO - ? ATOMIC SAVE: efghousewares_co_uk__sandbox__d8f5d679_processing_state.json (27 entries) saved successfully
2026-03-02 15:50:17,749 - utils.fixed_enhanced_state_manager - INFO -  ATOMIC SAVE
2026-03-02 15:50:17,750 - tools.amazon_playwright_extractor - INFO - Searching Amazon by EAN: 5060386421948 for supplier product: 'BLUE CANYON HEXAGONAL PVC BATH MAT 69CM X 38CM ASSORTED COLOURS' (FixedAmazonExtractor)
2026-03-02 15:50:17,750 - tools.amazon_playwright_extractor - INFO - Navigating to Amazon UK to search for EAN: 5060386421948
2026-03-02 15:50:25,546 - tools.amazon_playwright_extractor - INFO - Waiting for search results page to load for EAN 5060386421948...
2026-03-02 15:50:25,844 - tools.amazon_playwright_extractor - INFO - Found search results container with selector: div.s-search-results
2026-03-02 15:50:27,474 - tools.amazon_playwright_extractor - INFO - Found 7 search result elements using selector: div[data-component-type='s-search-result']
2026-03-02 15:50:27,474 - tools.amazon_playwright_extractor - INFO - Processing 7 search result elements for EAN 5060386421948
2026-03-02 15:50:29,061 - tools.amazon_playwright_extractor - INFO - Found organic result: ASIN B0B74S9G4P - PVC Hexagonal Promo Mat 12pcs Asst Colours...
2026-03-02 15:50:29,274 - tools.amazon_playwright_extractor - INFO - \U0001f4ca SPONSORED FILTERING RESULTS: 1 organic products, 6 sponsored products filtered out
2026-03-02 15:50:29,274 - tools.amazon_playwright_extractor - INFO - \u2705 EAN SEARCH: Selected first organic result - ASIN B0B74S9G4P
2026-03-02 15:50:29,274 - tools.amazon_playwright_extractor - INFO -    Trusting Amazon's search relevance for EAN 5060386421948
2026-03-02 15:50:29,274 - tools.amazon_playwright_extractor - INFO -    EAN will be extracted by Keepa during full product data extraction
2026-03-02 15:50:29,274 - tools.amazon_playwright_extractor - INFO - Single ASIN B0B74S9G4P found for EAN 5060386421948.
2026-03-02 15:50:29,274 - tools.amazon_playwright_extractor - INFO - Proceeding with ASIN: B0B74S9G4P for EAN: 5060386421948
2026-03-02 15:50:29,274 - tools.amazon_playwright_extractor - WARNING - No page object provided to extract_data for ASIN B0B74S9G4P. Getting a new one from BrowserManager.
2026-03-02 15:50:29,275 - tools.amazon_playwright_extractor - INFO - Reusing existing page: https://www.amazon.co.uk/s?k=5060386421948&ref=nb_sb_noss
2026-03-02 15:50:31,874 - tools.amazon_playwright_extractor - INFO - Checking for cookie consent pop-up...
2026-03-02 15:50:33,250 - tools.amazon_playwright_extractor - INFO - Finished checking for cookie consent pop-ups. If one was present and not handled, it might interfere.
2026-03-02 15:50:34,262 - tools.amazon_playwright_extractor - INFO - Checking for CAPTCHA...
2026-03-02 15:50:37,275 - tools.amazon_playwright_extractor - INFO - No CAPTCHA page detected by form selector.
2026-03-02 15:50:37,275 - tools.amazon_playwright_extractor - INFO - Checking for cookie consent pop-up...
2026-03-02 15:50:37,401 - tools.amazon_playwright_extractor - INFO - Finished checking for cookie consent pop-ups. If one was present and not handled, it might interfere.
2026-03-02 15:50:37,402 - tools.amazon_playwright_extractor - INFO - Page should be ready. Waiting 5s for stabilization...
2026-03-02 15:50:42,415 - tools.amazon_playwright_extractor - INFO - Waiting an additional 7s for extensions (Keepa, SellerAmp)...
2026-03-02 15:50:49,430 - tools.amazon_playwright_extractor - INFO - Extracting all product data for ASIN: B0B74S9G4P
2026-03-02 15:50:49,430 - tools.amazon_playwright_extractor - INFO - Extracting basic product information (Title, Price, Images, Amazon Details)...
2026-03-02 15:50:49,501 - tools.amazon_playwright_extractor - INFO - Title found: 'PVC Hexagonal Promo Mat 12pcs Asst Colours' via #productTitle
2026-03-02 15:50:49,501 - tools.amazon_playwright_extractor - INFO - Extracting price details...
2026-03-02 15:50:49,582 - tools.amazon_playwright_extractor - INFO - Current price: 8.54 via #corePrice_feature_div .a-offscreen
2026-03-02 15:50:50,301 - tools.amazon_playwright_extractor - INFO - Extracting image URLs...
2026-03-02 15:50:50,433 - tools.amazon_playwright_extractor - INFO - Main image: https://m.media-amazon.com/images/I/61mV6TgZheL._AC_SL1500_.jpg via #landingImage
2026-03-02 15:50:50,544 - tools.amazon_playwright_extractor - INFO - Found 1 thumbnails.
2026-03-02 15:50:50,553 - tools.amazon_playwright_extractor - INFO - Extracting Amazon product details section...
2026-03-02 15:50:51,449 - tools.amazon_playwright_extractor - INFO - Extracting sales rank information...
2026-03-02 15:50:51,677 - tools.amazon_playwright_extractor - INFO - Extracting ratings and reviews...
2026-03-02 15:50:51,726 - tools.amazon_playwright_extractor - INFO - Rating: 3.8 via #acrPopover[title*='out of 5 stars']
2026-03-02 15:50:51,762 - tools.amazon_playwright_extractor - INFO - Review count: 13 via #acrCustomerReviewText
2026-03-02 15:50:51,762 - tools.amazon_playwright_extractor - INFO - Extracting stock information...
2026-03-02 15:50:51,796 - tools.amazon_playwright_extractor - INFO - Availability text: 'In stock' via #availability span.a-size-medium.a-color-success
2026-03-02 15:50:51,796 - tools.amazon_playwright_extractor - INFO - Extracting features/bullets...
2026-03-02 15:50:51,892 - tools.amazon_playwright_extractor - INFO - Found 1 features.
2026-03-02 15:50:51,892 - tools.amazon_playwright_extractor - INFO - Extracting product description...
2026-03-02 15:50:51,950 - tools.amazon_playwright_extractor - INFO - Description found using selector: #productDescription
2026-03-02 15:50:51,950 - tools.amazon_playwright_extractor - INFO - Extracting product specifications table...
2026-03-02 15:50:52,717 - tools.amazon_playwright_extractor - INFO - Specifications table parsed using selector: table.a-keyvalue.prodDetTable
2026-03-02 15:50:52,717 - tools.amazon_playwright_extractor - INFO - Extracting SellerAmp data (if present)...
2026-03-02 15:50:52,718 - tools.amazon_playwright_extractor - INFO - SellerAmp data extraction is currently disabled as per requirements (Fix 2.3).
2026-03-02 15:50:52,718 - tools.amazon_playwright_extractor - INFO - Extracting Keepa data (if present)...
2026-03-02 15:50:52,718 - tools.amazon_playwright_extractor - INFO - Attempting to extract Keepa data...
2026-03-02 15:50:58,863 - tools.amazon_playwright_extractor - INFO - Keepa iframe found: iframe[id*='keepa']
2026-03-02 15:50:59,020 - tools.amazon_playwright_extractor - INFO - Keepa Sales Rank Details Table parsed.
2026-03-02 15:50:59,020 - tools.amazon_playwright_extractor - INFO - Keepa Graph AI Analysis is currently disabled as per requirements (Fix 2.4).
2026-03-02 15:50:59,063 - tools.amazon_playwright_extractor - INFO - Keepa Data tab found. Currently active: False
2026-03-02 15:50:59,063 - tools.amazon_playwright_extractor - INFO - Clicking Keepa 'Data' tab...
2026-03-02 15:51:02,045 - tools.amazon_playwright_extractor - INFO - Attempt 1/2: Waiting 12000ms for Product-Details wrapper...
2026-03-02 15:51:06,054 - tools.amazon_playwright_extractor - INFO - ? Product-Details wrapper appeared on attempt 1
2026-03-02 15:51:06,164 - tools.amazon_playwright_extractor - INFO - Parsing Keepa AG Grid for Product Details from: div#MoreTab1 div#grid-product-detail
2026-03-02 15:51:06,276 - tools.amazon_playwright_extractor - INFO - Primary attempt: Waiting 12 seconds for AG Grid rows to load...
2026-03-02 15:51:07,351 - tools.amazon_playwright_extractor - INFO - ? Primary attempt successful: 148 rows found
2026-03-02 15:51:07,379 - tools.amazon_playwright_extractor - INFO - Processing 148 rows in Keepa Product Details AG Grid.
2026-03-02 15:51:10,844 - tools.amazon_playwright_extractor - INFO - Found potential fee key 'FBA Pick&Pack Fee' with raw value: 'Ł 4.50' in Keepa AG Grid.
2026-03-02 15:51:11,041 - tools.amazon_playwright_extractor - INFO - Found potential fee key 'Referral Fee based on current Buy Box price' with raw value: 'Ł 1.28' in Keepa AG Grid.
2026-03-02 15:51:16,594 - tools.amazon_playwright_extractor - INFO - ? Successfully parsed 46 items from Keepa Product Details AG Grid.
2026-03-02 15:51:16,594 - tools.amazon_playwright_extractor - INFO - ASIN B0B74S9G4P: Attempting to extract EANs from Keepa product_details_tab_data.
2026-03-02 15:51:16,595 - tools.amazon_playwright_extractor - INFO - ASIN B0B74S9G4P: EAN '5060386421948' found in Keepa details via key 'Product Codes - EAN'.
2026-03-02 15:51:16,595 - tools.amazon_playwright_extractor - INFO - ASIN B0B74S9G4P: BSR not found or invalid from page. Attempting fallback from Keepa.
2026-03-02 15:51:16,595 - tools.amazon_playwright_extractor - WARNING - ASIN B0B74S9G4P: Could not find BSR in any Keepa data source.
2026-03-02 15:51:16,595 - tools.amazon_playwright_extractor - INFO - \u2705 Recorded search method 'EAN' for ASIN B0B74S9G4P
2026-03-02 15:51:16,595 - tools.amazon_playwright_extractor - INFO - Successfully extracted data for ASIN B0B74S9G4P (EAN on page: 5060386421948)
2026-03-02 15:51:16,601 [INFO] WindowsSaveGuardian: ? ATOMIC SAVE: amazon_B0B74S9G4P_5060386421948.json (26 entries) saved successfully
2026-03-02 15:51:16,601 - windows_save_guardian - INFO - ? ATOMIC SAVE: amazon_B0B74S9G4P_5060386421948.json (26 entries) saved successfully
2026-03-02 15:51:16,608 [INFO] WindowsSaveGuardian: ? ATOMIC SAVE: linking_map.json (3 entries) saved successfully
2026-03-02 15:51:16,608 - windows_save_guardian - INFO - ? ATOMIC SAVE: linking_map.json (3 entries) saved successfully
2026-03-02 15:51:16,610 - __main__ - INFO - Linking map periodic flush: 3 entries
2026-03-02 15:51:16,615 [INFO] WindowsSaveGuardian: ? ATOMIC SAVE: efghousewares_co_uk__sandbox__d8f5d679_processing_state.json (27 entries) saved successfully
2026-03-02 15:51:16,615 - windows_save_guardian - INFO - ? ATOMIC SAVE: efghousewares_co_uk__sandbox__d8f5d679_processing_state.json (27 entries) saved successfully
2026-03-02 15:51:16,616 - utils.fixed_enhanced_state_manager - INFO -  ATOMIC SAVE
2026-03-02 15:51:16,616 - tools.amazon_playwright_extractor - INFO - Searching Amazon by EAN: 5060187170045 for supplier product: 'BLUE CANYON RUBBER BATH MAT GREEN' (FixedAmazonExtractor)
2026-03-02 15:51:16,617 - tools.amazon_playwright_extractor - INFO - Navigating to Amazon UK to search for EAN: 5060187170045
2026-03-02 15:51:21,086 - tools.amazon_playwright_extractor - INFO - Waiting for search results page to load for EAN 5060187170045...
2026-03-02 15:51:21,131 - tools.amazon_playwright_extractor - INFO - Found search results container with selector: div.s-search-results
2026-03-02 15:51:21,790 - tools.amazon_playwright_extractor - INFO - Found 6 search result elements using selector: div.s-result-item
2026-03-02 15:51:21,790 - tools.amazon_playwright_extractor - INFO - Processing 6 search result elements for EAN 5060187170045
2026-03-02 15:51:21,832 - tools.amazon_playwright_extractor - WARNING - ASIN extraction failed: All 4 fallbacks exhausted
2026-03-02 15:51:21,965 - tools.amazon_playwright_extractor - INFO - Found organic result: ASIN B07GZYMKBH - Silent Monsters Mouse Mat Small 10 x 8 inches / 25 x 20 cm, ...
2026-03-02 15:51:22,011 - tools.amazon_playwright_extractor - WARNING - ASIN extraction failed: All 4 fallbacks exhausted
2026-03-02 15:51:22,097 - tools.amazon_playwright_extractor - WARNING - ASIN extraction failed: All 4 fallbacks exhausted
2026-03-02 15:51:22,218 - tools.amazon_playwright_extractor - INFO - \U0001f4ca SPONSORED FILTERING RESULTS: 1 organic products, 5 sponsored products filtered out
2026-03-02 15:51:22,218 - tools.amazon_playwright_extractor - INFO - \u2705 EAN SEARCH: Selected first organic result - ASIN B07GZYMKBH
2026-03-02 15:51:22,218 - tools.amazon_playwright_extractor - INFO -    Trusting Amazon's search relevance for EAN 5060187170045
2026-03-02 15:51:22,218 - tools.amazon_playwright_extractor - INFO -    EAN will be extracted by Keepa during full product data extraction
2026-03-02 15:51:22,218 - tools.amazon_playwright_extractor - INFO - Single ASIN B07GZYMKBH found for EAN 5060187170045.
2026-03-02 15:51:22,218 - tools.amazon_playwright_extractor - INFO - Proceeding with ASIN: B07GZYMKBH for EAN: 5060187170045
2026-03-02 15:51:22,218 - tools.amazon_playwright_extractor - WARNING - No page object provided to extract_data for ASIN B07GZYMKBH. Getting a new one from BrowserManager.
2026-03-02 15:51:22,218 - tools.amazon_playwright_extractor - INFO - Reusing existing page: https://www.amazon.co.uk/s?k=5060187170045&ref=nb_sb_noss
2026-03-02 15:51:24,820 - tools.amazon_playwright_extractor - INFO - Checking for cookie consent pop-up...
2026-03-02 15:51:25,296 - tools.amazon_playwright_extractor - INFO - Finished checking for cookie consent pop-ups. If one was present and not handled, it might interfere.
2026-03-02 15:51:26,310 - tools.amazon_playwright_extractor - INFO - Checking for CAPTCHA...
2026-03-02 15:51:29,318 - tools.amazon_playwright_extractor - INFO - No CAPTCHA page detected by form selector.
2026-03-02 15:51:29,319 - tools.amazon_playwright_extractor - INFO - Checking for cookie consent pop-up...
2026-03-02 15:51:29,393 - tools.amazon_playwright_extractor - INFO - Finished checking for cookie consent pop-ups. If one was present and not handled, it might interfere.
2026-03-02 15:51:29,393 - tools.amazon_playwright_extractor - INFO - Page should be ready. Waiting 5s for stabilization...
2026-03-02 15:51:34,407 - tools.amazon_playwright_extractor - INFO - Waiting an additional 7s for extensions (Keepa, SellerAmp)...
2026-03-02 15:51:41,409 - tools.amazon_playwright_extractor - INFO - Extracting all product data for ASIN: B07GZYMKBH
2026-03-02 15:51:41,409 - tools.amazon_playwright_extractor - INFO - Extracting basic product information (Title, Price, Images, Amazon Details)...
2026-03-02 15:51:41,457 - tools.amazon_playwright_extractor - INFO - Title found: 'Silent Monsters Mouse Mat Small 10 x 8 inches / 25 x 20 cm, black Mouse Pad, Stitched Edges, washable & rollable Mouse Pad, Gaming Home Office Mousemat, Mousepad non-slip & quiet, Desk Mat' via #productTitle
2026-03-02 15:51:41,458 - tools.amazon_playwright_extractor - INFO - Extracting price details...
2026-03-02 15:51:41,494 - tools.amazon_playwright_extractor - INFO - Current price: 10.9 via #corePrice_feature_div .a-offscreen
2026-03-02 15:51:41,658 - tools.amazon_playwright_extractor - INFO - Extracting image URLs...
2026-03-02 15:51:41,717 - tools.amazon_playwright_extractor - INFO - Main image: https://m.media-amazon.com/images/I/71R+gSjfHEL._AC_SL1500_.jpg via #landingImage
2026-03-02 15:51:41,844 - tools.amazon_playwright_extractor - INFO - Found 7 thumbnails.
2026-03-02 15:51:41,852 - tools.amazon_playwright_extractor - INFO - Extracting Amazon product details section...
2026-03-02 15:51:42,073 - tools.amazon_playwright_extractor - INFO - Extracting sales rank information...
2026-03-02 15:51:42,282 - tools.amazon_playwright_extractor - INFO - Extracting ratings and reviews...
2026-03-02 15:51:42,310 - tools.amazon_playwright_extractor - INFO - Rating: 4.7 via #acrPopover[title*='out of 5 stars']
2026-03-02 15:51:42,336 - tools.amazon_playwright_extractor - INFO - Review count: 5550 via #acrCustomerReviewText
2026-03-02 15:51:42,336 - tools.amazon_playwright_extractor - INFO - Extracting stock information...
2026-03-02 15:51:42,366 - tools.amazon_playwright_extractor - INFO - Availability text: 'In stock' via #availability span.a-size-medium.a-color-success
2026-03-02 15:51:42,367 - tools.amazon_playwright_extractor - INFO - Extracting features/bullets...
2026-03-02 15:51:42,672 - tools.amazon_playwright_extractor - INFO - Found 5 features.
2026-03-02 15:51:42,672 - tools.amazon_playwright_extractor - INFO - Extracting product description...
2026-03-02 15:51:42,756 - tools.amazon_playwright_extractor - INFO - Description found using selector: #aplus_feature_div
2026-03-02 15:51:42,757 - tools.amazon_playwright_extractor - INFO - Extracting product specifications table...
2026-03-02 15:51:43,372 - tools.amazon_playwright_extractor - INFO - Specifications table parsed using selector: table.a-keyvalue.prodDetTable
2026-03-02 15:51:43,373 - tools.amazon_playwright_extractor - INFO - Extracting SellerAmp data (if present)...
2026-03-02 15:51:43,373 - tools.amazon_playwright_extractor - INFO - SellerAmp data extraction is currently disabled as per requirements (Fix 2.3).
2026-03-02 15:51:43,373 - tools.amazon_playwright_extractor - INFO - Extracting Keepa data (if present)...
2026-03-02 15:51:43,373 - tools.amazon_playwright_extractor - INFO - Attempting to extract Keepa data...
2026-03-02 15:51:49,523 - tools.amazon_playwright_extractor - INFO - Keepa iframe found: iframe[id*='keepa']
2026-03-02 15:51:49,739 - tools.amazon_playwright_extractor - INFO - Keepa Sales Rank Details Table parsed.
2026-03-02 15:51:49,739 - tools.amazon_playwright_extractor - INFO - Keepa Graph AI Analysis is currently disabled as per requirements (Fix 2.4).
2026-03-02 15:51:49,790 - tools.amazon_playwright_extractor - INFO - Keepa Data tab found. Currently active: False
2026-03-02 15:51:49,790 - tools.amazon_playwright_extractor - INFO - Clicking Keepa 'Data' tab...
2026-03-02 15:51:52,453 - tools.amazon_playwright_extractor - INFO - Attempt 1/2: Waiting 12000ms for Product-Details wrapper...
2026-03-02 15:52:04,471 - tools.amazon_playwright_extractor - WARNING - Product-Details wrapper timeout on attempt 1, retrying...
2026-03-02 15:52:09,481 - tools.amazon_playwright_extractor - INFO - Attempt 2/2: Waiting 12000ms for Product-Details wrapper...
2026-03-02 15:52:09,539 - tools.amazon_playwright_extractor - INFO - ? Product-Details wrapper appeared on attempt 2
2026-03-02 15:52:09,627 - tools.amazon_playwright_extractor - INFO - Parsing Keepa AG Grid for Product Details from: div#MoreTab1 div#grid-product-detail
2026-03-02 15:52:09,706 - tools.amazon_playwright_extractor - INFO - Primary attempt: Waiting 12 seconds for AG Grid rows to load...
2026-03-02 15:52:10,808 - tools.amazon_playwright_extractor - INFO - ? Primary attempt successful: 157 rows found
2026-03-02 15:52:10,838 - tools.amazon_playwright_extractor - INFO - Processing 157 rows in Keepa Product Details AG Grid.
2026-03-02 15:52:14,046 - tools.amazon_playwright_extractor - INFO - Found potential fee key 'FBA Pick&Pack Fee' with raw value: 'Ł 1.70' in Keepa AG Grid.
2026-03-02 15:52:14,274 - tools.amazon_playwright_extractor - INFO - Found potential fee key 'Referral Fee based on current Buy Box price' with raw value: 'Ł 1.63' in Keepa AG Grid.
2026-03-02 15:52:27,297 - tools.amazon_playwright_extractor - INFO - ? Successfully parsed 46 items from Keepa Product Details AG Grid.
2026-03-02 15:52:27,297 - tools.amazon_playwright_extractor - INFO - ASIN B07GZYMKBH: Attempting to extract EANs from Keepa product_details_tab_data.
2026-03-02 15:52:27,298 - tools.amazon_playwright_extractor - INFO - ASIN B07GZYMKBH: EAN '4051416054787' found in Keepa details via key 'Product Codes - EAN'.
2026-03-02 15:52:27,298 - tools.amazon_playwright_extractor - INFO - ASIN B07GZYMKBH: BSR not found or invalid from page. Attempting fallback from Keepa.
2026-03-02 15:52:27,298 - tools.amazon_playwright_extractor - INFO - ASIN B07GZYMKBH: BSR 6702 in 'Computers & Accessories 9' from Keepa SalesRankDetailsTable.
2026-03-02 15:52:27,298 - tools.amazon_playwright_extractor - INFO - \u2705 Recorded search method 'EAN' for ASIN B07GZYMKBH
2026-03-02 15:52:27,298 - tools.amazon_playwright_extractor - INFO - Successfully extracted data for ASIN B07GZYMKBH (EAN on page: 4051416054787)
2026-03-02 15:52:27,303 [INFO] WindowsSaveGuardian: ? ATOMIC SAVE: amazon_B07GZYMKBH_5060187170045.json (30 entries) saved successfully
2026-03-02 15:52:27,303 - windows_save_guardian - INFO - ? ATOMIC SAVE: amazon_B07GZYMKBH_5060187170045.json (30 entries) saved successfully
2026-03-02 15:52:27,309 [INFO] WindowsSaveGuardian: ? ATOMIC SAVE: linking_map.json (4 entries) saved successfully
2026-03-02 15:52:27,309 - windows_save_guardian - INFO - ? ATOMIC SAVE: linking_map.json (4 entries) saved successfully
2026-03-02 15:52:27,310 - __main__ - INFO - Linking map periodic flush: 4 entries
2026-03-02 15:52:27,315 [INFO] WindowsSaveGuardian: ? ATOMIC SAVE: efghousewares_co_uk__sandbox__d8f5d679_processing_state.json (27 entries) saved successfully
2026-03-02 15:52:27,315 - windows_save_guardian - INFO - ? ATOMIC SAVE: efghousewares_co_uk__sandbox__d8f5d679_processing_state.json (27 entries) saved successfully
2026-03-02 15:52:27,316 - utils.fixed_enhanced_state_manager - INFO -  ATOMIC SAVE
2026-03-02 15:52:27,316 - tools.amazon_playwright_extractor - INFO - Searching Amazon by EAN: 5060187170038 for supplier product: 'BLUE CANYON RUBBER BATH MAT BLUE' (FixedAmazonExtractor)
2026-03-02 15:52:27,316 - tools.amazon_playwright_extractor - INFO - Navigating to Amazon UK to search for EAN: 5060187170038
2026-03-02 15:52:32,761 - tools.amazon_playwright_extractor - INFO - Waiting for search results page to load for EAN 5060187170038...
2026-03-02 15:52:33,035 - tools.amazon_playwright_extractor - INFO - Found search results container with selector: div.s-search-results
2026-03-02 15:52:34,276 - tools.amazon_playwright_extractor - INFO - Found 1 search result elements using selector: div[data-component-type='s-search-result']
2026-03-02 15:52:34,276 - tools.amazon_playwright_extractor - INFO - Processing 1 search result elements for EAN 5060187170038
2026-03-02 15:52:34,491 - tools.amazon_playwright_extractor - INFO - Found organic result: ASIN B00NHTAW22 - Blue Canyon Nonslip Antibacterial Rubber Bath Mats, Quick Dr...
2026-03-02 15:52:34,491 - tools.amazon_playwright_extractor - INFO - \U0001f4ca SPONSORED FILTERING RESULTS: 1 organic products, 0 sponsored products filtered out
2026-03-02 15:52:34,491 - tools.amazon_playwright_extractor - INFO - \u2705 EAN SEARCH: Selected first organic result - ASIN B00NHTAW22
2026-03-02 15:52:34,491 - tools.amazon_playwright_extractor - INFO -    Trusting Amazon's search relevance for EAN 5060187170038
2026-03-02 15:52:34,491 - tools.amazon_playwright_extractor - INFO -    EAN will be extracted by Keepa during full product data extraction
2026-03-02 15:52:34,491 - tools.amazon_playwright_extractor - INFO - Single ASIN B00NHTAW22 found for EAN 5060187170038.
2026-03-02 15:52:34,491 - tools.amazon_playwright_extractor - INFO - Proceeding with ASIN: B00NHTAW22 for EAN: 5060187170038
2026-03-02 15:52:34,491 - tools.amazon_playwright_extractor - WARNING - No page object provided to extract_data for ASIN B00NHTAW22. Getting a new one from BrowserManager.
2026-03-02 15:52:34,492 - tools.amazon_playwright_extractor - INFO - Reusing existing page: https://www.amazon.co.uk/s?k=5060187170038&ref=nb_sb_noss
2026-03-02 15:52:37,382 - tools.amazon_playwright_extractor - INFO - Checking for cookie consent pop-up...
2026-03-02 15:52:41,192 - tools.amazon_playwright_extractor - INFO - Finished checking for cookie consent pop-ups. If one was present and not handled, it might interfere.
2026-03-02 15:52:42,194 - tools.amazon_playwright_extractor - INFO - Checking for CAPTCHA...
2026-03-02 15:52:45,201 - tools.amazon_playwright_extractor - INFO - No CAPTCHA page detected by form selector.
2026-03-02 15:52:45,201 - tools.amazon_playwright_extractor - INFO - Checking for cookie consent pop-up...
2026-03-02 15:52:45,374 - tools.amazon_playwright_extractor - INFO - Finished checking for cookie consent pop-ups. If one was present and not handled, it might interfere.
2026-03-02 15:52:45,374 - tools.amazon_playwright_extractor - INFO - Page should be ready. Waiting 5s for stabilization...
2026-03-02 15:52:50,386 - tools.amazon_playwright_extractor - INFO - Waiting an additional 7s for extensions (Keepa, SellerAmp)...
2026-03-02 15:52:57,397 - tools.amazon_playwright_extractor - INFO - Extracting all product data for ASIN: B00NHTAW22
2026-03-02 15:52:57,397 - tools.amazon_playwright_extractor - INFO - Extracting basic product information (Title, Price, Images, Amazon Details)...
2026-03-02 15:52:57,435 - tools.amazon_playwright_extractor - INFO - Title found: 'Blue Canyon Nonslip Antibacterial Rubber Bath Mats, Quick Dry Bath Rug with Suction Pads & Drain Holes, Mould Resistant Bathroom Accessory, Durable Bath Rug Runner 34 x 74 cm – Pink' via #productTitle
2026-03-02 15:52:57,435 - tools.amazon_playwright_extractor - INFO - Extracting price details...
2026-03-02 15:52:57,460 - tools.amazon_playwright_extractor - INFO - Current price: 9.99 via #corePrice_feature_div .a-offscreen
2026-03-02 15:52:57,504 - tools.amazon_playwright_extractor - INFO - Original price: 11.99 via .basisPrice span.a-text-price span.a-offscreen
2026-03-02 15:52:57,654 - tools.amazon_playwright_extractor - INFO - Extracting image URLs...
2026-03-02 15:52:57,706 - tools.amazon_playwright_extractor - INFO - Main image: https://m.media-amazon.com/images/I/61J81GEA4IL._AC_SL1500_.jpg via #landingImage
2026-03-02 15:52:57,746 - tools.amazon_playwright_extractor - INFO - Found 1 thumbnails.
2026-03-02 15:52:57,752 - tools.amazon_playwright_extractor - INFO - Extracting Amazon product details section...
2026-03-02 15:52:58,101 - tools.amazon_playwright_extractor - INFO - Extracting sales rank information...
2026-03-02 15:52:58,292 - tools.amazon_playwright_extractor - INFO - Extracting ratings and reviews...
2026-03-02 15:52:58,335 - tools.amazon_playwright_extractor - INFO - Rating: 4.4 via #acrPopover[title*='out of 5 stars']
2026-03-02 15:52:58,391 - tools.amazon_playwright_extractor - INFO - Review count: 93 via #acrCustomerReviewText
2026-03-02 15:52:58,391 - tools.amazon_playwright_extractor - INFO - Extracting stock information...
2026-03-02 15:52:58,448 - tools.amazon_playwright_extractor - INFO - Availability text: 'Only 5 left in stock.' via #availability span.a-color-price
2026-03-02 15:52:58,448 - tools.amazon_playwright_extractor - INFO - Extracting features/bullets...
2026-03-02 15:52:58,879 - tools.amazon_playwright_extractor - INFO - Found 5 features.
2026-03-02 15:52:58,879 - tools.amazon_playwright_extractor - INFO - Extracting product description...
2026-03-02 15:52:59,128 - tools.amazon_playwright_extractor - INFO - Description found using selector: div#aplus
2026-03-02 15:52:59,128 - tools.amazon_playwright_extractor - INFO - Extracting product specifications table...
2026-03-02 15:52:59,824 - tools.amazon_playwright_extractor - INFO - Specifications table parsed using selector: table.a-keyvalue.prodDetTable
2026-03-02 15:52:59,824 - tools.amazon_playwright_extractor - INFO - Extracting SellerAmp data (if present)...
2026-03-02 15:52:59,824 - tools.amazon_playwright_extractor - INFO - SellerAmp data extraction is currently disabled as per requirements (Fix 2.3).
2026-03-02 15:52:59,825 - tools.amazon_playwright_extractor - INFO - Extracting Keepa data (if present)...
2026-03-02 15:52:59,825 - tools.amazon_playwright_extractor - INFO - Attempting to extract Keepa data...
2026-03-02 15:53:06,094 - tools.amazon_playwright_extractor - INFO - Keepa iframe found: iframe[id*='keepa']
2026-03-02 15:53:06,382 - tools.amazon_playwright_extractor - INFO - Keepa Sales Rank Details Table parsed.
2026-03-02 15:53:06,382 - tools.amazon_playwright_extractor - INFO - Keepa Graph AI Analysis is currently disabled as per requirements (Fix 2.4).
2026-03-02 15:53:06,428 - tools.amazon_playwright_extractor - INFO - Keepa Data tab found. Currently active: False
2026-03-02 15:53:06,428 - tools.amazon_playwright_extractor - INFO - Clicking Keepa 'Data' tab...
2026-03-02 15:53:11,011 - tools.amazon_playwright_extractor - INFO - Attempt 1/2: Waiting 12000ms for Product-Details wrapper...
2026-03-02 15:53:12,497 - tools.amazon_playwright_extractor - INFO - ? Product-Details wrapper appeared on attempt 1
2026-03-02 15:53:12,565 - tools.amazon_playwright_extractor - INFO - Parsing Keepa AG Grid for Product Details from: div#MoreTab1 div#grid-product-detail
2026-03-02 15:53:12,616 - tools.amazon_playwright_extractor - INFO - Primary attempt: Waiting 12 seconds for AG Grid rows to load...
2026-03-02 15:53:13,683 - tools.amazon_playwright_extractor - INFO - ? Primary attempt successful: 154 rows found
2026-03-02 15:53:13,704 - tools.amazon_playwright_extractor - INFO - Processing 154 rows in Keepa Product Details AG Grid.
2026-03-02 15:53:15,736 - tools.amazon_playwright_extractor - INFO - Found potential fee key 'FBA Pick&Pack Fee' with raw value: 'Ł 3.52' in Keepa AG Grid.
2026-03-02 15:53:15,946 - tools.amazon_playwright_extractor - INFO - Found potential fee key 'Referral Fee based on current Buy Box price' with raw value: 'Ł 1.50' in Keepa AG Grid.
2026-03-02 15:53:21,240 - tools.amazon_playwright_extractor - INFO - ? Successfully parsed 47 items from Keepa Product Details AG Grid.
2026-03-02 15:53:21,240 - tools.amazon_playwright_extractor - INFO - ASIN B00NHTAW22: Attempting to extract EANs from Keepa product_details_tab_data.
2026-03-02 15:53:21,240 - tools.amazon_playwright_extractor - INFO - ASIN B00NHTAW22: EAN '5060187170038' found in Keepa details via key 'Product Codes - EAN'.
2026-03-02 15:53:21,240 - tools.amazon_playwright_extractor - INFO - ASIN B00NHTAW22: BSR not found or invalid from page. Attempting fallback from Keepa.
2026-03-02 15:53:21,240 - tools.amazon_playwright_extractor - INFO - ASIN B00NHTAW22: BSR 437254 in 'Home & Kitchen 4.0' from Keepa SalesRankDetailsTable.
2026-03-02 15:53:21,241 - tools.amazon_playwright_extractor - INFO - \u2705 Recorded search method 'EAN' for ASIN B00NHTAW22
2026-03-02 15:53:21,241 - tools.amazon_playwright_extractor - INFO - Successfully extracted data for ASIN B00NHTAW22 (EAN on page: 5060187170038)
2026-03-02 15:53:21,250 [INFO] WindowsSaveGuardian: ? ATOMIC SAVE: amazon_B00NHTAW22_5060187170038.json (29 entries) saved successfully
2026-03-02 15:53:21,250 - windows_save_guardian - INFO - ? ATOMIC SAVE: amazon_B00NHTAW22_5060187170038.json (29 entries) saved successfully
2026-03-02 15:53:21,256 [INFO] WindowsSaveGuardian: ? ATOMIC SAVE: linking_map.json (5 entries) saved successfully
2026-03-02 15:53:21,256 - windows_save_guardian - INFO - ? ATOMIC SAVE: linking_map.json (5 entries) saved successfully
2026-03-02 15:53:21,257 - __main__ - INFO - Linking map periodic flush: 5 entries
2026-03-02 15:53:21,261 [INFO] WindowsSaveGuardian: ? ATOMIC SAVE: efghousewares_co_uk__sandbox__d8f5d679_processing_state.json (27 entries) saved successfully
2026-03-02 15:53:21,261 - windows_save_guardian - INFO - ? ATOMIC SAVE: efghousewares_co_uk__sandbox__d8f5d679_processing_state.json (27 entries) saved successfully
2026-03-02 15:53:21,261 - utils.fixed_enhanced_state_manager - INFO -  ATOMIC SAVE
2026-03-02 15:53:21,286 [INFO] WindowsSaveGuardian: ? ATOMIC SAVE: efghousewares_co_uk__sandbox__d8f5d679_processing_state.json (27 entries) saved successfully
2026-03-02 15:53:21,286 - windows_save_guardian - INFO - ? ATOMIC SAVE: efghousewares_co_uk__sandbox__d8f5d679_processing_state.json (27 entries) saved successfully
2026-03-02 15:53:21,286 - utils.fixed_enhanced_state_manager - INFO -  ATOMIC SAVE
2026-03-02 15:53:21,286 - tools.amazon_playwright_extractor - INFO - Searching Amazon by EAN: 5011264042021 for supplier product: 'AQUALONA ROMAN RUBBER SHOWER MAT WHITE' (FixedAmazonExtractor)
2026-03-02 15:53:21,286 - tools.amazon_playwright_extractor - INFO - Navigating to Amazon UK to search for EAN: 5011264042021
2026-03-02 15:53:26,161 - tools.amazon_playwright_extractor - INFO - Waiting for search results page to load for EAN 5011264042021...
2026-03-02 15:53:27,683 - tools.amazon_playwright_extractor - INFO - Found search results container with selector: div.s-search-results
2026-03-02 15:53:28,480 - tools.amazon_playwright_extractor - INFO - Found 12 search result elements using selector: div[data-component-type='s-search-result']
2026-03-02 15:53:28,480 - tools.amazon_playwright_extractor - INFO - Processing 12 search result elements for EAN 5011264042021
2026-03-02 15:53:29,367 - tools.amazon_playwright_extractor - INFO - \U0001f4ca SPONSORED FILTERING RESULTS: 0 organic products, 12 sponsored products filtered out
2026-03-02 15:53:29,367 - tools.amazon_playwright_extractor - WARNING - EAN 5011264042021 returned no organic results - skipping
2026-03-02 15:53:29,367 - tools.amazon_playwright_extractor - WARNING - No Amazon results or error for EAN '5011264042021'. Details: no_organic_results
2026-03-02 15:53:29,367 - tools.amazon_playwright_extractor - INFO - Falling back to title search for supplier product: 'AQUALONA ROMAN RUBBER SHOWER MAT WHITE'
2026-03-02 15:53:29,367 - tools.amazon_playwright_extractor - INFO - Searching Amazon by title using search bar: 'AQUALONA ROMAN RUBBER SHOWER MAT WHITE'
2026-03-02 15:53:29,368 - tools.amazon_playwright_extractor - INFO - Navigating to Amazon UK to search for title: AQUALONA ROMAN RUBBER SHOWER MAT WHITE
2026-03-02 15:53:36,026 - tools.amazon_playwright_extractor - INFO - Title search found 70 elements using selector: div.s-search-results > div[data-asin]
2026-03-02 15:53:37,559 - tools.amazon_playwright_extractor - WARNING - ASIN extraction failed: All 4 fallbacks exhausted
2026-03-02 15:53:37,705 - tools.amazon_playwright_extractor - INFO - \u2705 Title search: Selected first visible organic product - ASIN B00R6HAO6K
2026-03-02 15:53:37,705 - tools.amazon_playwright_extractor - INFO - \U0001f3af ASIN EXTRACTION SUCCESS: Found 1 ASINs for title search: 'AQUALONA ROMAN RUBBER SHOWER MAT WHITE'
2026-03-02 15:53:37,706 - tools.amazon_playwright_extractor - INFO - Title search successful for 'AQUALONA ROMAN RUBBER SHOWER MAT WHITE' after EAN '5011264042021' failed
2026-03-02 15:53:37,706 - tools.amazon_playwright_extractor - INFO - Extracting complete data for fallback ASIN B00R6HAO6K from title search
2026-03-02 15:53:37,706 - tools.amazon_playwright_extractor - WARNING - No page object provided to extract_data for ASIN B00R6HAO6K. Getting a new one from BrowserManager.
2026-03-02 15:53:37,706 - tools.amazon_playwright_extractor - INFO - Reusing existing page: https://www.amazon.co.uk/s?k=AQUALONA+ROMAN+RUBBER+SHOWER+MAT+WHITE&ref=nb_sb_noss
2026-03-02 15:53:41,196 - tools.amazon_playwright_extractor - INFO - Checking for cookie consent pop-up...
2026-03-02 15:53:46,320 - tools.amazon_playwright_extractor - INFO - Finished checking for cookie consent pop-ups. If one was present and not handled, it might interfere.
2026-03-02 15:53:47,329 - tools.amazon_playwright_extractor - INFO - Checking for CAPTCHA...
2026-03-02 15:53:50,346 - tools.amazon_playwright_extractor - INFO - No CAPTCHA page detected by form selector.
2026-03-02 15:53:50,346 - tools.amazon_playwright_extractor - INFO - Checking for cookie consent pop-up...
2026-03-02 15:53:50,743 - tools.amazon_playwright_extractor - INFO - Finished checking for cookie consent pop-ups. If one was present and not handled, it might interfere.
2026-03-02 15:53:50,743 - tools.amazon_playwright_extractor - INFO - Page should be ready. Waiting 5s for stabilization...
2026-03-02 15:53:55,745 - tools.amazon_playwright_extractor - INFO - Waiting an additional 7s for extensions (Keepa, SellerAmp)...
2026-03-02 15:54:02,761 - tools.amazon_playwright_extractor - INFO - Extracting all product data for ASIN: B00R6HAO6K
2026-03-02 15:54:02,761 - tools.amazon_playwright_extractor - INFO - Extracting basic product information (Title, Price, Images, Amazon Details)...
2026-03-02 15:54:02,951 - tools.amazon_playwright_extractor - INFO - Title found: 'AQUALONA® Premium Large Bath Mat, Anti-Mould Non-Slip – Rubber, Machine Washable. BPA, Latex and Phthalate Free (Roman White)' via #productTitle
2026-03-02 15:54:02,951 - tools.amazon_playwright_extractor - INFO - Extracting price details...
2026-03-02 15:54:03,042 - tools.amazon_playwright_extractor - INFO - Current price: 11.79 via #corePrice_feature_div .a-offscreen
2026-03-02 15:54:03,167 - tools.amazon_playwright_extractor - INFO - Original price: 13.99 via .basisPrice span.a-text-price span.a-offscreen
2026-03-02 15:54:03,371 - tools.amazon_playwright_extractor - INFO - Extracting image URLs...
2026-03-02 15:54:03,579 - tools.amazon_playwright_extractor - INFO - Main image: https://m.media-amazon.com/images/I/51hON3J8+pL._AC_SL1000_.jpg via #landingImage
2026-03-02 15:54:03,981 - tools.amazon_playwright_extractor - INFO - Found 7 thumbnails.
2026-03-02 15:54:03,999 - tools.amazon_playwright_extractor - INFO - Extracting Amazon product details section...
2026-03-02 15:54:04,737 - tools.amazon_playwright_extractor - INFO - Extracting sales rank information...
2026-03-02 15:54:05,220 - tools.amazon_playwright_extractor - INFO - Extracting ratings and reviews...
2026-03-02 15:54:05,268 - tools.amazon_playwright_extractor - INFO - Rating: 4.4 via #acrPopover[title*='out of 5 stars']
2026-03-02 15:54:05,315 - tools.amazon_playwright_extractor - INFO - Review count: 3732 via #acrCustomerReviewText
2026-03-02 15:54:05,315 - tools.amazon_playwright_extractor - INFO - Extracting stock information...
2026-03-02 15:54:05,362 - tools.amazon_playwright_extractor - INFO - Availability text: 'In stock' via #availability span.a-size-medium.a-color-success
2026-03-02 15:54:05,362 - tools.amazon_playwright_extractor - INFO - Extracting features/bullets...
2026-03-02 15:54:05,887 - tools.amazon_playwright_extractor - INFO - Found 5 features.
2026-03-02 15:54:05,888 - tools.amazon_playwright_extractor - INFO - Extracting product description...
2026-03-02 15:54:06,098 - tools.amazon_playwright_extractor - INFO - Extracting product specifications table...
2026-03-02 15:54:07,235 - tools.amazon_playwright_extractor - INFO - Specifications table parsed using selector: table.a-keyvalue.prodDetTable
2026-03-02 15:54:07,235 - tools.amazon_playwright_extractor - INFO - Extracting SellerAmp data (if present)...
2026-03-02 15:54:07,235 - tools.amazon_playwright_extractor - INFO - SellerAmp data extraction is currently disabled as per requirements (Fix 2.3).
2026-03-02 15:54:07,235 - tools.amazon_playwright_extractor - INFO - Extracting Keepa data (if present)...
2026-03-02 15:54:07,235 - tools.amazon_playwright_extractor - INFO - Attempting to extract Keepa data...
2026-03-02 15:54:13,377 - tools.amazon_playwright_extractor - INFO - Keepa iframe found: iframe[id*='keepa']
2026-03-02 15:54:13,548 - tools.amazon_playwright_extractor - INFO - Keepa Sales Rank Details Table parsed.
2026-03-02 15:54:13,548 - tools.amazon_playwright_extractor - INFO - Keepa Graph AI Analysis is currently disabled as per requirements (Fix 2.4).
2026-03-02 15:54:13,601 - tools.amazon_playwright_extractor - INFO - Keepa Data tab found. Currently active: False
2026-03-02 15:54:13,602 - tools.amazon_playwright_extractor - INFO - Clicking Keepa 'Data' tab...
2026-03-02 15:54:16,223 - tools.amazon_playwright_extractor - INFO - Attempt 1/2: Waiting 12000ms for Product-Details wrapper...
2026-03-02 15:54:19,569 - tools.amazon_playwright_extractor - INFO - ? Product-Details wrapper appeared on attempt 1
2026-03-02 15:54:19,790 - tools.amazon_playwright_extractor - INFO - Parsing Keepa AG Grid for Product Details from: div#MoreTab1 div#grid-product-detail
2026-03-02 15:54:19,898 - tools.amazon_playwright_extractor - INFO - Primary attempt: Waiting 12 seconds for AG Grid rows to load...
2026-03-02 15:54:20,993 - tools.amazon_playwright_extractor - INFO - ? Primary attempt successful: 163 rows found
2026-03-02 15:54:21,028 - tools.amazon_playwright_extractor - INFO - Processing 163 rows in Keepa Product Details AG Grid.
2026-03-02 15:54:24,459 - tools.amazon_playwright_extractor - INFO - Found potential fee key 'FBA Pick&Pack Fee' with raw value: 'Ł 3.67' in Keepa AG Grid.
2026-03-02 15:54:24,705 - tools.amazon_playwright_extractor - INFO - Found potential fee key 'Referral Fee based on current Buy Box price' with raw value: 'Ł 1.77' in Keepa AG Grid.
2026-03-02 15:54:33,181 - tools.amazon_playwright_extractor - INFO - ? Successfully parsed 48 items from Keepa Product Details AG Grid.
2026-03-02 15:54:33,181 - tools.amazon_playwright_extractor - INFO - ASIN B00R6HAO6K: Attempting to extract EANs from Keepa product_details_tab_data.
2026-03-02 15:54:33,181 - tools.amazon_playwright_extractor - INFO - ASIN B00R6HAO6K: EAN '5011264042045' found in Keepa details via key 'Product Codes - EAN'.
2026-03-02 15:54:33,181 - tools.amazon_playwright_extractor - INFO - ASIN B00R6HAO6K: BSR not found or invalid from page. Attempting fallback from Keepa.
2026-03-02 15:54:33,181 - tools.amazon_playwright_extractor - INFO - ASIN B00R6HAO6K: BSR 5253 in 'Home & Kitchen 11' from Keepa SalesRankDetailsTable.
2026-03-02 15:54:33,188 [INFO] WindowsSaveGuardian: ? ATOMIC SAVE: amazon_B00R6HAO6K_5011264042021.json (30 entries) saved successfully
2026-03-02 15:54:33,188 - windows_save_guardian - INFO - ? ATOMIC SAVE: amazon_B00R6HAO6K_5011264042021.json (30 entries) saved successfully
2026-03-02 15:54:33,197 [INFO] WindowsSaveGuardian: ? ATOMIC SAVE: linking_map.json (6 entries) saved successfully
2026-03-02 15:54:33,197 - windows_save_guardian - INFO - ? ATOMIC SAVE: linking_map.json (6 entries) saved successfully
2026-03-02 15:54:33,198 - __main__ - INFO - Linking map periodic flush: 6 entries
2026-03-02 15:54:33,203 [INFO] WindowsSaveGuardian: ? ATOMIC SAVE: efghousewares_co_uk__sandbox__d8f5d679_processing_state.json (27 entries) saved successfully
2026-03-02 15:54:33,203 - windows_save_guardian - INFO - ? ATOMIC SAVE: efghousewares_co_uk__sandbox__d8f5d679_processing_state.json (27 entries) saved successfully
2026-03-02 15:54:33,204 - utils.fixed_enhanced_state_manager - INFO -  ATOMIC SAVE
2026-03-02 15:54:33,233 [INFO] WindowsSaveGuardian: ? ATOMIC SAVE: efghousewares_co_uk__sandbox__d8f5d679_processing_state.json (27 entries) saved successfully
2026-03-02 15:54:33,233 - windows_save_guardian - INFO - ? ATOMIC SAVE: efghousewares_co_uk__sandbox__d8f5d679_processing_state.json (27 entries) saved successfully
2026-03-02 15:54:33,234 - utils.fixed_enhanced_state_manager - INFO -  ATOMIC SAVE
2026-03-02 15:54:33,258 [INFO] WindowsSaveGuardian: ? ATOMIC SAVE: efghousewares_co_uk__sandbox__d8f5d679_processing_state.json (27 entries) saved successfully
2026-03-02 15:54:33,258 - windows_save_guardian - INFO - ? ATOMIC SAVE: efghousewares_co_uk__sandbox__d8f5d679_processing_state.json (27 entries) saved successfully
2026-03-02 15:54:33,259 - utils.fixed_enhanced_state_manager - INFO -  ATOMIC SAVE
2026-03-02 15:54:33,270 [INFO] WindowsSaveGuardian: ? ATOMIC SAVE: linking_map.json (6 entries) saved successfully
2026-03-02 15:54:33,270 - windows_save_guardian - INFO - ? ATOMIC SAVE: linking_map.json (6 entries) saved successfully
2026-03-02 15:54:33,271 - __main__ - INFO - Product list refresh complete: 6/6 matched
2026-03-02 15:54:33,271 - utils.browser_manager - WARNING - Error during global cleanup: no running event loop
Exception ignored in: <function BaseSubprocessTransport.__del__ at 0x0000023C39C48C20>
Traceback (most recent call last):
  File "C:\Python313\Lib\asyncio\base_subprocess.py", line 130, in __del__
  File "C:\Python313\Lib\asyncio\base_subprocess.py", line 107, in close
  File "C:\Python313\Lib\asyncio\proactor_events.py", line 109, in close
  File "C:\Python313\Lib\asyncio\base_events.py", line 827, in call_soon
  File "C:\Python313\Lib\asyncio\base_events.py", line 550, in _check_closed
RuntimeError: Event loop is closed
