2026-03-08 13:48:00,660 - __main__ - WARNING - Ignoring supplier identity from products file; job sandbox is authoritative. job=efghousewares.co.uk__sandbox__df5afad9 file=efghousewares.co.uk
2026-03-08 13:48:00,661 - tools.amazon_playwright_extractor - WARNING - ?? BrowserCircuitBreaker not available - health management disabled
2026-03-08 13:48:00,661 - tools.amazon_playwright_extractor - INFO - AI features disabled in amazon_playwright_extractor - using only traditional selectors.
2026-03-08 13:48:00,661 - tools.amazon_playwright_extractor - INFO - Output directory set to: C:\Users\chris\Desktop\Amazon-FBA-Agent-System-v32 - latest good - Copy (8) - Copy - Copy - POSTLONGRUNPREKIRO2 beforecompletion-\OUTPUTS\CACHE\amazon_data
2026-03-08 13:48:00,661 - tools.amazon_playwright_extractor - WARNING - ?? BrowserManager not available, using legacy browser connection
2026-03-08 13:48:00,663 - tools.amazon_playwright_extractor - INFO - \U0001f527 FixedAmazonExtractor connecting via BrowserManager singleton
2026-03-08 13:48:00,663 - utils.browser_circuit_breaker - INFO - BrowserCircuitBreaker initialized: threshold=3, timeout=300s
2026-03-08 13:48:00,663 - utils.browser_manager - INFO - ?? BrowserManager singleton initialized with health management
2026-03-08 13:48:01,247 - utils.browser_manager - INFO - ?? Connecting to existing Chrome debug instance on port 9222
2026-03-08 13:48:01,247 - utils.browser_manager - INFO - ?? Per troubleshooting docs: Using existing Chrome debug only
2026-03-08 13:48:03,487 - utils.browser_manager - INFO - ? Chrome debug accessible on IPv4: Chrome/145.0.7632.160
2026-03-08 13:48:03,488 - utils.browser_manager - INFO - ?? Connecting to existing Chrome debug instance...
2026-03-08 13:48:05,536 - utils.browser_manager - INFO - ?? Using endpoint: http://localhost:9222
2026-03-08 13:48:05,883 - utils.browser_manager - INFO - ? Successfully connected to existing Chrome debug instance
2026-03-08 13:48:05,883 - utils.browser_manager - INFO - ?? Using existing context with 1 pages
2026-03-08 13:48:05,883 - utils.browser_manager - INFO - ?? Connected to existing Chrome: 145.0.7632.160
2026-03-08 13:48:05,883 - tools.amazon_playwright_extractor - INFO - \u2705 FixedAmazonExtractor connected via BrowserManager singleton
2026-03-08 13:48:05,883 - utils.browser_manager - INFO - ?? Reusing existing Chrome connection (port 9222)
2026-03-08 13:48:05,883 - utils.browser_manager - INFO - ?? Reusing existing page in persistent context.
2026-03-08 13:48:05,892 [INFO] WindowsSaveGuardian: ? ATOMIC SAVE: efghousewares_co_uk__sandbox__df5afad9_processing_state.json (27 entries) saved successfully
2026-03-08 13:48:05,892 - windows_save_guardian - INFO - ? ATOMIC SAVE: efghousewares_co_uk__sandbox__df5afad9_processing_state.json (27 entries) saved successfully
2026-03-08 13:48:05,893 - utils.fixed_enhanced_state_manager - INFO -  ATOMIC SAVE
2026-03-08 13:48:05,897 [INFO] WindowsSaveGuardian: ? ATOMIC SAVE: efghousewares_co_uk__sandbox__df5afad9_processing_state.json (27 entries) saved successfully
2026-03-08 13:48:05,897 - windows_save_guardian - INFO - ? ATOMIC SAVE: efghousewares_co_uk__sandbox__df5afad9_processing_state.json (27 entries) saved successfully
2026-03-08 13:48:05,898 - utils.fixed_enhanced_state_manager - INFO -  ATOMIC SAVE
2026-03-08 13:48:05,898 - tools.amazon_playwright_extractor - INFO - Searching Amazon by EAN: 5011264042038 for supplier product: 'AQUALONA ROMAN RUBBER BATH MAT MEDIUM BLUE' (FixedAmazonExtractor)
2026-03-08 13:48:05,898 - tools.amazon_playwright_extractor - INFO - Navigating to Amazon UK to search for EAN: 5011264042038
2026-03-08 13:48:10,423 - tools.amazon_playwright_extractor - INFO - Waiting for search results page to load for EAN 5011264042038...
2026-03-08 13:48:10,479 - tools.amazon_playwright_extractor - INFO - Found search results container with selector: div.s-search-results
2026-03-08 13:48:11,168 - tools.amazon_playwright_extractor - INFO - Found 13 search result elements using selector: div[data-component-type='s-search-result']
2026-03-08 13:48:11,169 - tools.amazon_playwright_extractor - INFO - Processing 13 search result elements for EAN 5011264042038
2026-03-08 13:48:11,381 - tools.amazon_playwright_extractor - INFO - Found organic result: ASIN B00R6H9OF2 - AQUALONA® Premium Bath Mat, Anti-Mould Non-Slip – Rubber, Ma...
2026-03-08 13:48:11,633 - tools.amazon_playwright_extractor - INFO - \U0001f4ca SPONSORED FILTERING RESULTS: 1 organic products, 12 sponsored products filtered out
2026-03-08 13:48:11,633 - tools.amazon_playwright_extractor - INFO - \u2705 EAN SEARCH: Selected first organic result - ASIN B00R6H9OF2
2026-03-08 13:48:11,633 - tools.amazon_playwright_extractor - INFO -    Trusting Amazon's search relevance for EAN 5011264042038
2026-03-08 13:48:11,633 - tools.amazon_playwright_extractor - INFO -    EAN will be extracted by Keepa during full product data extraction
2026-03-08 13:48:11,633 - tools.amazon_playwright_extractor - INFO - Single ASIN B00R6H9OF2 found for EAN 5011264042038.
2026-03-08 13:48:11,633 - tools.amazon_playwright_extractor - INFO - Proceeding with ASIN: B00R6H9OF2 for EAN: 5011264042038
2026-03-08 13:48:11,634 - tools.amazon_playwright_extractor - WARNING - No page object provided to extract_data for ASIN B00R6H9OF2. Getting a new one from BrowserManager.
2026-03-08 13:48:11,634 - tools.amazon_playwright_extractor - INFO - Reusing existing page: https://www.amazon.co.uk/s?k=5011264042038&ref=nb_sb_noss
2026-03-08 13:48:14,551 - tools.amazon_playwright_extractor - INFO - Checking for cookie consent pop-up...
2026-03-08 13:48:14,819 - tools.amazon_playwright_extractor - INFO - Finished checking for cookie consent pop-ups. If one was present and not handled, it might interfere.
2026-03-08 13:48:15,832 - tools.amazon_playwright_extractor - INFO - Checking for CAPTCHA...
2026-03-08 13:48:18,838 - tools.amazon_playwright_extractor - INFO - No CAPTCHA page detected by form selector.
2026-03-08 13:48:18,838 - tools.amazon_playwright_extractor - INFO - Checking for cookie consent pop-up...
2026-03-08 13:48:18,940 - tools.amazon_playwright_extractor - INFO - Finished checking for cookie consent pop-ups. If one was present and not handled, it might interfere.
2026-03-08 13:48:18,941 - tools.amazon_playwright_extractor - INFO - Page should be ready. Waiting 5s for stabilization...
2026-03-08 13:48:23,943 - tools.amazon_playwright_extractor - INFO - Waiting an additional 7s for extensions (Keepa, SellerAmp)...
2026-03-08 13:48:30,946 - tools.amazon_playwright_extractor - INFO - Extracting all product data for ASIN: B00R6H9OF2
2026-03-08 13:48:30,946 - tools.amazon_playwright_extractor - INFO - Extracting basic product information (Title, Price, Images, Amazon Details)...
2026-03-08 13:48:30,992 - tools.amazon_playwright_extractor - INFO - Title found: 'AQUALONA® Premium Bath Mat, Anti-Mould Non-Slip – Rubber, Machine Washable – BPA, Latex and Phthalate Free (Roman Blue)' via #productTitle
2026-03-08 13:48:30,992 - tools.amazon_playwright_extractor - INFO - Extracting price details...
2026-03-08 13:48:31,019 - tools.amazon_playwright_extractor - INFO - Current price: 11.29 via #corePrice_feature_div .a-offscreen
2026-03-08 13:48:31,064 - tools.amazon_playwright_extractor - INFO - Original price: 13.99 via .basisPrice span.a-text-price span.a-offscreen
2026-03-08 13:48:31,126 - tools.amazon_playwright_extractor - INFO - Extracting image URLs...
2026-03-08 13:48:31,162 - tools.amazon_playwright_extractor - INFO - Main image: https://m.media-amazon.com/images/I/61ThgcNgpRL._AC_SL1000_.jpg via #landingImage
2026-03-08 13:48:31,258 - tools.amazon_playwright_extractor - INFO - Found 7 thumbnails.
2026-03-08 13:48:31,264 - tools.amazon_playwright_extractor - INFO - Extracting Amazon product details section...
2026-03-08 13:48:31,440 - tools.amazon_playwright_extractor - INFO - Extracting sales rank information...
2026-03-08 13:48:31,683 - tools.amazon_playwright_extractor - INFO - Extracting ratings and reviews...
2026-03-08 13:48:31,715 - tools.amazon_playwright_extractor - INFO - Rating: 4.4 via #acrPopover[title*='out of 5 stars']
2026-03-08 13:48:31,741 - tools.amazon_playwright_extractor - INFO - Review count: 3737 via #acrCustomerReviewText
2026-03-08 13:48:31,741 - tools.amazon_playwright_extractor - INFO - Extracting stock information...
2026-03-08 13:48:31,768 - tools.amazon_playwright_extractor - INFO - Availability text: 'In stock' via #availability span.a-size-medium.a-color-success
2026-03-08 13:48:31,768 - tools.amazon_playwright_extractor - INFO - Extracting features/bullets...
2026-03-08 13:48:32,072 - tools.amazon_playwright_extractor - INFO - Found 5 features.
2026-03-08 13:48:32,072 - tools.amazon_playwright_extractor - INFO - Extracting product description...
2026-03-08 13:48:32,166 - tools.amazon_playwright_extractor - INFO - Extracting product specifications table...
2026-03-08 13:48:32,855 - tools.amazon_playwright_extractor - INFO - Specifications table parsed using selector: table.a-keyvalue.prodDetTable
2026-03-08 13:48:32,855 - tools.amazon_playwright_extractor - INFO - Extracting SellerAmp data (if present)...
2026-03-08 13:48:32,855 - tools.amazon_playwright_extractor - INFO - SellerAmp data extraction is currently disabled as per requirements (Fix 2.3).
2026-03-08 13:48:32,855 - tools.amazon_playwright_extractor - INFO - Extracting Keepa data (if present)...
2026-03-08 13:48:32,856 - tools.amazon_playwright_extractor - INFO - Attempting to extract Keepa data...
2026-03-08 13:48:38,943 - tools.amazon_playwright_extractor - INFO - Keepa iframe found: iframe[id*='keepa']
2026-03-08 13:48:39,051 - tools.amazon_playwright_extractor - INFO - Keepa Sales Rank Details Table parsed.
2026-03-08 13:48:39,051 - tools.amazon_playwright_extractor - INFO - Keepa Graph AI Analysis is currently disabled as per requirements (Fix 2.4).
2026-03-08 13:48:39,084 - tools.amazon_playwright_extractor - INFO - Keepa Data tab found. Currently active: False
2026-03-08 13:48:39,084 - tools.amazon_playwright_extractor - INFO - Clicking Keepa 'Data' tab...
2026-03-08 13:48:41,495 - tools.amazon_playwright_extractor - INFO - Attempt 1/2: Waiting 12000ms for Product-Details wrapper...
2026-03-08 13:48:41,519 - tools.amazon_playwright_extractor - INFO - ? Product-Details wrapper appeared on attempt 1
2026-03-08 13:48:41,568 - tools.amazon_playwright_extractor - INFO - Parsing Keepa AG Grid for Product Details from: div#MoreTab1 div#grid-product-detail
2026-03-08 13:48:41,613 - tools.amazon_playwright_extractor - INFO - Primary attempt: Waiting 12 seconds for AG Grid rows to load...
2026-03-08 13:48:42,664 - tools.amazon_playwright_extractor - INFO - ? Primary attempt successful: 157 rows found
2026-03-08 13:48:42,687 - tools.amazon_playwright_extractor - INFO - Processing 157 rows in Keepa Product Details AG Grid.
2026-03-08 13:48:44,487 - tools.amazon_playwright_extractor - INFO - Found potential fee key 'FBA Pick&Pack Fee' with raw value: 'Ł 3.28' in Keepa AG Grid.
2026-03-08 13:48:44,599 - tools.amazon_playwright_extractor - INFO - Found potential fee key 'Referral Fee based on current Buy Box price' with raw value: 'Ł 1.69' in Keepa AG Grid.
2026-03-08 13:48:47,936 - tools.amazon_playwright_extractor - INFO - ? Successfully parsed 46 items from Keepa Product Details AG Grid.
2026-03-08 13:48:47,936 - tools.amazon_playwright_extractor - INFO - ASIN B00R6H9OF2: Attempting to extract EANs from Keepa product_details_tab_data.
2026-03-08 13:48:47,936 - tools.amazon_playwright_extractor - INFO - ASIN B00R6H9OF2: EAN '5011264042038' found in Keepa details via key 'Product Codes - EAN'.
2026-03-08 13:48:47,936 - tools.amazon_playwright_extractor - INFO - ASIN B00R6H9OF2: BSR not found or invalid from page. Attempting fallback from Keepa.
2026-03-08 13:48:47,936 - tools.amazon_playwright_extractor - INFO - ASIN B00R6H9OF2: BSR 4795 in 'Home & Kitchen 16' from Keepa SalesRankDetailsTable.
2026-03-08 13:48:47,937 - tools.amazon_playwright_extractor - INFO - \u2705 Recorded search method 'EAN' for ASIN B00R6H9OF2
2026-03-08 13:48:47,937 - tools.amazon_playwright_extractor - INFO - Successfully extracted data for ASIN B00R6H9OF2 (EAN on page: 5011264042038)
2026-03-08 13:48:47,940 [INFO] WindowsSaveGuardian: ? ATOMIC SAVE: amazon_B00R6H9OF2_5011264042038.json (30 entries) saved successfully
2026-03-08 13:48:47,940 - windows_save_guardian - INFO - ? ATOMIC SAVE: amazon_B00R6H9OF2_5011264042038.json (30 entries) saved successfully
2026-03-08 13:48:47,943 [INFO] WindowsSaveGuardian: ? ATOMIC SAVE: linking_map.json (3 entries) saved successfully
2026-03-08 13:48:47,943 - windows_save_guardian - INFO - ? ATOMIC SAVE: linking_map.json (3 entries) saved successfully
2026-03-08 13:48:47,943 - __main__ - INFO - Linking map periodic flush: 3 entries
2026-03-08 13:48:47,946 [INFO] WindowsSaveGuardian: ? ATOMIC SAVE: efghousewares_co_uk__sandbox__df5afad9_processing_state.json (27 entries) saved successfully
2026-03-08 13:48:47,946 - windows_save_guardian - INFO - ? ATOMIC SAVE: efghousewares_co_uk__sandbox__df5afad9_processing_state.json (27 entries) saved successfully
2026-03-08 13:48:47,946 - utils.fixed_enhanced_state_manager - INFO -  ATOMIC SAVE
2026-03-08 13:48:47,946 - tools.amazon_playwright_extractor - INFO - Searching Amazon by EAN: 6936318000555 for supplier product: 'MEMORY FOAM BATH MAT SET ASS' (FixedAmazonExtractor)
2026-03-08 13:48:47,946 - tools.amazon_playwright_extractor - INFO - Navigating to Amazon UK to search for EAN: 6936318000555
2026-03-08 13:48:51,574 - tools.amazon_playwright_extractor - INFO - Waiting for search results page to load for EAN 6936318000555...
2026-03-08 13:48:51,614 - tools.amazon_playwright_extractor - INFO - Found search results container with selector: div.s-search-results
2026-03-08 13:48:52,262 - tools.amazon_playwright_extractor - INFO - Found 6 search result elements using selector: div[data-component-type='s-search-result']
2026-03-08 13:48:52,262 - tools.amazon_playwright_extractor - INFO - Processing 6 search result elements for EAN 6936318000555
2026-03-08 13:48:52,506 - tools.amazon_playwright_extractor - INFO - \U0001f4ca SPONSORED FILTERING RESULTS: 0 organic products, 6 sponsored products filtered out
2026-03-08 13:48:52,506 - tools.amazon_playwright_extractor - WARNING - EAN 6936318000555 returned no organic results - skipping
2026-03-08 13:48:52,506 - tools.amazon_playwright_extractor - WARNING - No Amazon results or error for EAN '6936318000555'. Details: no_organic_results
2026-03-08 13:48:52,507 - tools.amazon_playwright_extractor - INFO - Falling back to title search for supplier product: 'MEMORY FOAM BATH MAT SET ASS'
2026-03-08 13:48:52,507 - tools.amazon_playwright_extractor - INFO - Searching Amazon by title using search bar: 'MEMORY FOAM BATH MAT SET ASS'
2026-03-08 13:48:52,507 - tools.amazon_playwright_extractor - INFO - Navigating to Amazon UK to search for title: MEMORY FOAM BATH MAT SET ASS
2026-03-08 13:48:56,753 - tools.amazon_playwright_extractor - INFO - Title search found 70 elements using selector: div.s-search-results > div[data-asin]
2026-03-08 13:48:57,089 - tools.amazon_playwright_extractor - WARNING - ASIN extraction failed: All 4 fallbacks exhausted
2026-03-08 13:48:57,343 - tools.amazon_playwright_extractor - INFO - \u2705 Title search: Selected first visible organic product - ASIN B0FQVG4122
2026-03-08 13:48:57,343 - tools.amazon_playwright_extractor - INFO - \U0001f3af ASIN EXTRACTION SUCCESS: Found 1 ASINs for title search: 'MEMORY FOAM BATH MAT SET ASS'
2026-03-08 13:48:57,343 - tools.amazon_playwright_extractor - INFO - Title search successful for 'MEMORY FOAM BATH MAT SET ASS' after EAN '6936318000555' failed
2026-03-08 13:48:57,343 - tools.amazon_playwright_extractor - INFO - Extracting complete data for fallback ASIN B0FQVG4122 from title search
2026-03-08 13:48:57,343 - tools.amazon_playwright_extractor - WARNING - No page object provided to extract_data for ASIN B0FQVG4122. Getting a new one from BrowserManager.
2026-03-08 13:48:57,343 - tools.amazon_playwright_extractor - INFO - Reusing existing page: https://www.amazon.co.uk/s?k=MEMORY+FOAM+BATH+MAT+SET+ASS&ref=nb_sb_noss
2026-03-08 13:49:00,179 - tools.amazon_playwright_extractor - INFO - Checking for cookie consent pop-up...
2026-03-08 13:49:00,495 - tools.amazon_playwright_extractor - INFO - Finished checking for cookie consent pop-ups. If one was present and not handled, it might interfere.
2026-03-08 13:49:01,499 - tools.amazon_playwright_extractor - INFO - Checking for CAPTCHA...
2026-03-08 13:49:04,513 - tools.amazon_playwright_extractor - INFO - No CAPTCHA page detected by form selector.
2026-03-08 13:49:04,513 - tools.amazon_playwright_extractor - INFO - Checking for cookie consent pop-up...
2026-03-08 13:49:04,596 - tools.amazon_playwright_extractor - INFO - Finished checking for cookie consent pop-ups. If one was present and not handled, it might interfere.
2026-03-08 13:49:04,596 - tools.amazon_playwright_extractor - INFO - Page should be ready. Waiting 5s for stabilization...
