2026-03-13 13:24:19,516 - __main__ - WARNING - Ignoring supplier identity from products file; job sandbox is authoritative. job=clearance-king.co.uk__sandbox__f2d5f0a2 file=clearance-king.co.uk
2026-03-13 13:24:19,516 - tools.amazon_playwright_extractor - WARNING - ?? BrowserCircuitBreaker not available - health management disabled
2026-03-13 13:24:19,516 - tools.amazon_playwright_extractor - INFO - AI features disabled in amazon_playwright_extractor - using only traditional selectors.
2026-03-13 13:24:19,517 - tools.amazon_playwright_extractor - INFO - Output directory set to: C:\Users\chris\Desktop\Amazon-FBA-Agent-System-v32 - latest good - Copy (8) - Copy - Copy - POSTLONGRUNPREKIRO2 beforecompletion-\OUTPUTS\CACHE\amazon_data
2026-03-13 13:24:19,520 - tools.amazon_playwright_extractor - WARNING - ?? BrowserManager not available, using legacy browser connection
2026-03-13 13:24:19,523 [INFO] WindowsSaveGuardian: ? ATOMIC SAVE: clearance-king-co-uk__sandbox__f2d5f0a2_products_cache.json (12 entries) saved successfully
2026-03-13 13:24:19,523 - windows_save_guardian - INFO - ? ATOMIC SAVE: clearance-king-co-uk__sandbox__f2d5f0a2_products_cache.json (12 entries) saved successfully
2026-03-13 13:24:19,524 - tools.amazon_playwright_extractor - INFO - \U0001f527 FixedAmazonExtractor connecting via BrowserManager singleton
2026-03-13 13:24:19,525 - utils.browser_circuit_breaker - INFO - BrowserCircuitBreaker initialized: threshold=3, timeout=300s
2026-03-13 13:24:19,525 - utils.browser_manager - INFO - ?? BrowserManager singleton initialized with health management
2026-03-13 13:24:19,995 - utils.browser_manager - INFO - ?? Connecting to existing Chrome debug instance on port 9222
2026-03-13 13:24:19,996 - utils.browser_manager - INFO - ?? Per troubleshooting docs: Using existing Chrome debug only
2026-03-13 13:24:22,212 - utils.browser_manager - INFO - ? Chrome debug accessible on IPv4: Chrome/145.0.7632.160
2026-03-13 13:24:22,212 - utils.browser_manager - INFO - ?? Connecting to existing Chrome debug instance...
2026-03-13 13:24:24,237 - utils.browser_manager - INFO - ?? Using endpoint: http://localhost:9222
2026-03-13 13:24:24,338 - utils.browser_manager - INFO - ? Successfully connected to existing Chrome debug instance
2026-03-13 13:24:24,338 - utils.browser_manager - INFO - ?? Using existing context with 1 pages
2026-03-13 13:24:24,338 - utils.browser_manager - INFO - ?? Connected to existing Chrome: 145.0.7632.160
2026-03-13 13:24:24,338 - tools.amazon_playwright_extractor - INFO - \u2705 FixedAmazonExtractor connected via BrowserManager singleton
2026-03-13 13:24:24,338 - utils.browser_manager - INFO - ?? Reusing existing Chrome connection (port 9222)
2026-03-13 13:24:24,339 - utils.browser_manager - INFO - ?? Reusing existing page in persistent context.
2026-03-13 13:24:24,346 [INFO] WindowsSaveGuardian: ? ATOMIC SAVE: clearance-king_co_uk__sandbox__f2d5f0a2_processing_state.json (27 entries) saved successfully
2026-03-13 13:24:24,346 - windows_save_guardian - INFO - ? ATOMIC SAVE: clearance-king_co_uk__sandbox__f2d5f0a2_processing_state.json (27 entries) saved successfully
2026-03-13 13:24:24,346 - utils.fixed_enhanced_state_manager - INFO -  ATOMIC SAVE
2026-03-13 13:24:24,350 [INFO] WindowsSaveGuardian: ? ATOMIC SAVE: clearance-king_co_uk__sandbox__f2d5f0a2_processing_state.json (27 entries) saved successfully
2026-03-13 13:24:24,350 - windows_save_guardian - INFO - ? ATOMIC SAVE: clearance-king_co_uk__sandbox__f2d5f0a2_processing_state.json (27 entries) saved successfully
2026-03-13 13:24:24,350 - utils.fixed_enhanced_state_manager - INFO -  ATOMIC SAVE
2026-03-13 13:24:24,351 - tools.amazon_playwright_extractor - INFO - Searching Amazon by EAN: 9325448071698 for supplier product: 'Smash Fantasy Feet Baby Feeding Bowl with Spoon - Assorted Designs' (FixedAmazonExtractor)
2026-03-13 13:24:24,351 - tools.amazon_playwright_extractor - INFO - Navigating to Amazon UK to search for EAN: 9325448071698
2026-03-13 13:24:28,950 - tools.amazon_playwright_extractor - INFO - Waiting for search results page to load for EAN 9325448071698...
2026-03-13 13:24:29,120 - tools.amazon_playwright_extractor - INFO - Found search results container with selector: div.s-search-results
2026-03-13 13:24:29,784 - tools.amazon_playwright_extractor - INFO - Found 5 search result elements using selector: div.s-result-item
2026-03-13 13:24:29,785 - tools.amazon_playwright_extractor - INFO - Processing 5 search result elements for EAN 9325448071698
2026-03-13 13:24:29,839 - tools.amazon_playwright_extractor - WARNING - ASIN extraction failed: All 4 fallbacks exhausted
2026-03-13 13:24:29,998 - tools.amazon_playwright_extractor - INFO - Found organic result: ASIN B0FXKYF3XQ - HDMI KVM Switch 1 Monitor 4 Computers EDID 4K60Hz 4 port KVM...
2026-03-13 13:24:30,048 - tools.amazon_playwright_extractor - WARNING - ASIN extraction failed: All 4 fallbacks exhausted
2026-03-13 13:24:30,094 - tools.amazon_playwright_extractor - WARNING - ASIN extraction failed: All 4 fallbacks exhausted
2026-03-13 13:24:30,159 - tools.amazon_playwright_extractor - INFO - \U0001f4ca SPONSORED FILTERING RESULTS: 1 organic products, 4 sponsored products filtered out
2026-03-13 13:24:30,159 - tools.amazon_playwright_extractor - INFO - \u2705 EAN SEARCH: Selected first organic result - ASIN B0FXKYF3XQ
2026-03-13 13:24:30,159 - tools.amazon_playwright_extractor - INFO -    Trusting Amazon's search relevance for EAN 9325448071698
2026-03-13 13:24:30,160 - tools.amazon_playwright_extractor - INFO -    EAN will be extracted by Keepa during full product data extraction
2026-03-13 13:24:30,160 - tools.amazon_playwright_extractor - INFO - Single ASIN B0FXKYF3XQ found for EAN 9325448071698.
2026-03-13 13:24:30,160 - tools.amazon_playwright_extractor - INFO - Proceeding with ASIN: B0FXKYF3XQ for EAN: 9325448071698
2026-03-13 13:24:30,160 - tools.amazon_playwright_extractor - WARNING - No page object provided to extract_data for ASIN B0FXKYF3XQ. Getting a new one from BrowserManager.
2026-03-13 13:24:30,160 - tools.amazon_playwright_extractor - INFO - Reusing existing page: https://www.amazon.co.uk/s?k=9325448071698&ref=nb_sb_noss
2026-03-13 13:24:32,929 - tools.amazon_playwright_extractor - INFO - Checking for cookie consent pop-up...
2026-03-13 13:24:33,347 - tools.amazon_playwright_extractor - INFO - Finished checking for cookie consent pop-ups. If one was present and not handled, it might interfere.
2026-03-13 13:24:34,361 - tools.amazon_playwright_extractor - INFO - Checking for CAPTCHA...
2026-03-13 13:24:37,379 - tools.amazon_playwright_extractor - INFO - No CAPTCHA page detected by form selector.
2026-03-13 13:24:37,379 - tools.amazon_playwright_extractor - INFO - Checking for cookie consent pop-up...
2026-03-13 13:24:37,432 - tools.amazon_playwright_extractor - INFO - Finished checking for cookie consent pop-ups. If one was present and not handled, it might interfere.
2026-03-13 13:24:37,433 - tools.amazon_playwright_extractor - INFO - Page should be ready. Waiting 5s for stabilization...
2026-03-13 13:24:42,438 - tools.amazon_playwright_extractor - INFO - Waiting an additional 7s for extensions (Keepa, SellerAmp)...
2026-03-13 13:24:49,454 - tools.amazon_playwright_extractor - INFO - Extracting all product data for ASIN: B0FXKYF3XQ
2026-03-13 13:24:49,455 - tools.amazon_playwright_extractor - INFO - Extracting basic product information (Title, Price, Images, Amazon Details)...
2026-03-13 13:24:49,498 - tools.amazon_playwright_extractor - INFO - Title found: 'HDMI KVM Switch 1 Monitor 4 Computers EDID 4K60Hz 4 port KVM for 4 PC Sharing 1 Monitor and 4 USB3.0 Devices with Remote Control' via #productTitle
2026-03-13 13:24:49,498 - tools.amazon_playwright_extractor - INFO - Extracting price details...
2026-03-13 13:24:49,520 - tools.amazon_playwright_extractor - INFO - Current price: 69.99 via #corePrice_feature_div .a-offscreen
2026-03-13 13:24:49,581 - tools.amazon_playwright_extractor - INFO - Original price: 89.99 via span.a-price.a-text-price[data-a-strike='true'] span.a-offscreen
2026-03-13 13:24:49,632 - tools.amazon_playwright_extractor - INFO - Extracting image URLs...
2026-03-13 13:24:49,669 - tools.amazon_playwright_extractor - INFO - Main image: https://m.media-amazon.com/images/I/615cY+yumAL._SL1500_.jpg via #landingImage
2026-03-13 13:24:49,754 - tools.amazon_playwright_extractor - INFO - Found 7 thumbnails.
2026-03-13 13:24:49,758 - tools.amazon_playwright_extractor - INFO - Extracting Amazon product details section...
2026-03-13 13:24:49,909 - tools.amazon_playwright_extractor - INFO - Extracting sales rank information...
2026-03-13 13:24:50,037 - tools.amazon_playwright_extractor - INFO - Extracting ratings and reviews...
2026-03-13 13:24:50,057 - tools.amazon_playwright_extractor - INFO - Rating: 4.8 via #acrPopover[title*='out of 5 stars']
2026-03-13 13:24:50,079 - tools.amazon_playwright_extractor - INFO - Review count: 5 via #acrCustomerReviewText
2026-03-13 13:24:50,080 - tools.amazon_playwright_extractor - INFO - Extracting stock information...
2026-03-13 13:24:50,108 - tools.amazon_playwright_extractor - INFO - Availability text: 'Only 10 left in stock.' via #availability span.a-color-price
2026-03-13 13:24:50,108 - tools.amazon_playwright_extractor - INFO - Extracting features/bullets...
2026-03-13 13:24:50,369 - tools.amazon_playwright_extractor - INFO - Found 5 features.
2026-03-13 13:24:50,369 - tools.amazon_playwright_extractor - INFO - Extracting product description...
2026-03-13 13:24:50,407 - tools.amazon_playwright_extractor - INFO - Description found using selector: #aplus_feature_div
2026-03-13 13:24:50,408 - tools.amazon_playwright_extractor - INFO - Extracting product specifications table...
2026-03-13 13:24:50,727 - tools.amazon_playwright_extractor - INFO - Specifications table parsed using selector: table.a-keyvalue.prodDetTable
2026-03-13 13:24:50,727 - tools.amazon_playwright_extractor - INFO - Extracting SellerAmp data (if present)...
2026-03-13 13:24:50,727 - tools.amazon_playwright_extractor - INFO - SellerAmp data extraction is currently disabled as per requirements (Fix 2.3).
2026-03-13 13:24:50,727 - tools.amazon_playwright_extractor - INFO - Extracting Keepa data (if present)...
2026-03-13 13:24:50,727 - tools.amazon_playwright_extractor - INFO - Attempting to extract Keepa data...
2026-03-13 13:24:56,792 - tools.amazon_playwright_extractor - INFO - Keepa iframe found: iframe[id*='keepa']
2026-03-13 13:24:56,869 - tools.amazon_playwright_extractor - INFO - Keepa Sales Rank Details Table parsed.
2026-03-13 13:24:56,869 - tools.amazon_playwright_extractor - INFO - Keepa Graph AI Analysis is currently disabled as per requirements (Fix 2.4).
2026-03-13 13:24:56,893 - tools.amazon_playwright_extractor - INFO - Keepa Data tab found. Currently active: False
2026-03-13 13:24:56,894 - tools.amazon_playwright_extractor - INFO - Clicking Keepa 'Data' tab...
2026-03-13 13:24:59,192 - tools.amazon_playwright_extractor - INFO - Attempt 1/2: Waiting 12000ms for Product-Details wrapper...
2026-03-13 13:25:03,794 - tools.amazon_playwright_extractor - INFO - ? Product-Details wrapper appeared on attempt 1
2026-03-13 13:25:03,808 - tools.amazon_playwright_extractor - WARNING - Product-Details tab visible, but inner grid still not ready – extending wait with retry logic.
2026-03-13 13:25:03,808 - tools.amazon_playwright_extractor - INFO - Grid attempt 1/3: Waiting 15000ms for grid container...
2026-03-13 13:25:04,198 - tools.amazon_playwright_extractor - INFO - ? Grid became visible after attempt 1 – continuing.
2026-03-13 13:25:04,223 - tools.amazon_playwright_extractor - INFO - Parsing Keepa AG Grid for Product Details from: div#MoreTab1 div#grid-product-detail
2026-03-13 13:25:04,257 - tools.amazon_playwright_extractor - INFO - Primary attempt: Waiting 12 seconds for AG Grid rows to load...
2026-03-13 13:25:05,301 - tools.amazon_playwright_extractor - INFO - ? Primary attempt successful: 127 rows found
2026-03-13 13:25:05,315 - tools.amazon_playwright_extractor - INFO - Processing 127 rows in Keepa Product Details AG Grid.
2026-03-13 13:25:06,595 - tools.amazon_playwright_extractor - INFO - Found potential fee key 'FBA Pick&Pack Fee' with raw value: 'Ł 3.04' in Keepa AG Grid.
2026-03-13 13:25:06,700 - tools.amazon_playwright_extractor - INFO - Found potential fee key 'Referral Fee based on current Buy Box price' with raw value: 'Ł 10.50' in Keepa AG Grid.
2026-03-13 13:25:08,697 - tools.amazon_playwright_extractor - INFO - ? Successfully parsed 36 items from Keepa Product Details AG Grid.
2026-03-13 13:25:08,697 - tools.amazon_playwright_extractor - INFO - ASIN B0FXKYF3XQ: Attempting to extract EANs from Keepa product_details_tab_data.
2026-03-13 13:25:08,697 - tools.amazon_playwright_extractor - WARNING - ASIN B0FXKYF3XQ: Could not find EAN in Keepa product_details_tab_data.
2026-03-13 13:25:08,697 - tools.amazon_playwright_extractor - INFO - ASIN B0FXKYF3XQ: BSR not found or invalid from page. Attempting fallback from Keepa.
2026-03-13 13:25:08,697 - tools.amazon_playwright_extractor - INFO - ASIN B0FXKYF3XQ: BSR 22457 in 'Computers & Accessories 9' from Keepa SalesRankDetailsTable.
2026-03-13 13:25:08,698 - tools.amazon_playwright_extractor - INFO - \u2705 Recorded search method 'EAN' for ASIN B0FXKYF3XQ
2026-03-13 13:25:08,698 - tools.amazon_playwright_extractor - INFO - Successfully extracted data for ASIN B0FXKYF3XQ (EAN on page: N/A)
2026-03-13 13:25:08,701 [INFO] WindowsSaveGuardian: ? ATOMIC SAVE: amazon_B0FXKYF3XQ_9325448071698.json (28 entries) saved successfully
2026-03-13 13:25:08,701 - windows_save_guardian - INFO - ? ATOMIC SAVE: amazon_B0FXKYF3XQ_9325448071698.json (28 entries) saved successfully
2026-03-13 13:25:08,705 [INFO] WindowsSaveGuardian: ? ATOMIC SAVE: amazon_B0FXKYF3XQ_9325448071698.json (28 entries) saved successfully
2026-03-13 13:25:08,705 - windows_save_guardian - INFO - ? ATOMIC SAVE: amazon_B0FXKYF3XQ_9325448071698.json (28 entries) saved successfully
2026-03-13 13:25:08,709 [INFO] WindowsSaveGuardian: ? ATOMIC SAVE: linking_map.json (4 entries) saved successfully
2026-03-13 13:25:08,709 - windows_save_guardian - INFO - ? ATOMIC SAVE: linking_map.json (4 entries) saved successfully
2026-03-13 13:25:08,709 - __main__ - INFO - Linking map periodic flush: 4 entries
2026-03-13 13:25:08,711 [INFO] WindowsSaveGuardian: ? ATOMIC SAVE: clearance-king_co_uk__sandbox__f2d5f0a2_processing_state.json (27 entries) saved successfully
2026-03-13 13:25:08,711 - windows_save_guardian - INFO - ? ATOMIC SAVE: clearance-king_co_uk__sandbox__f2d5f0a2_processing_state.json (27 entries) saved successfully
2026-03-13 13:25:08,712 - utils.fixed_enhanced_state_manager - INFO -  ATOMIC SAVE
2026-03-13 13:25:08,712 - tools.amazon_playwright_extractor - INFO - Searching Amazon by EAN: 5055257864764 for supplier product: 'Upsy Daisy BPA Free Standard Neck Feeding Bottle with Silicone Teat for Baby - 250ml' (FixedAmazonExtractor)
2026-03-13 13:25:08,712 - tools.amazon_playwright_extractor - INFO - Navigating to Amazon UK to search for EAN: 5055257864764
2026-03-13 13:25:13,371 - tools.amazon_playwright_extractor - INFO - Waiting for search results page to load for EAN 5055257864764...
2026-03-13 13:25:13,428 - tools.amazon_playwright_extractor - INFO - Found search results container with selector: div.s-search-results
2026-03-13 13:25:14,073 - tools.amazon_playwright_extractor - INFO - Found 1 search result elements using selector: div[data-component-type='s-search-result']
2026-03-13 13:25:14,073 - tools.amazon_playwright_extractor - INFO - Processing 1 search result elements for EAN 5055257864764
2026-03-13 13:25:14,098 - tools.amazon_playwright_extractor - INFO - \U0001f4ca SPONSORED FILTERING RESULTS: 0 organic products, 1 sponsored products filtered out
2026-03-13 13:25:14,098 - tools.amazon_playwright_extractor - WARNING - EAN 5055257864764 returned no organic results - skipping
2026-03-13 13:25:14,098 - tools.amazon_playwright_extractor - WARNING - No Amazon results or error for EAN '5055257864764'. Details: no_organic_results
2026-03-13 13:25:14,098 - tools.amazon_playwright_extractor - INFO - Falling back to title search for supplier product: 'Upsy Daisy BPA Free Standard Neck Feeding Bottle with Silicone Teat for Baby - 250ml'
2026-03-13 13:25:14,098 - tools.amazon_playwright_extractor - INFO - Searching Amazon by title using search bar: 'Upsy Daisy BPA Free Standard Neck Feeding Bottle with Silicone Teat for Baby - 250ml'
2026-03-13 13:25:14,098 - tools.amazon_playwright_extractor - INFO - Navigating to Amazon UK to search for title: Upsy Daisy BPA Free Standard Neck Feeding Bottle with Silicone Teat for Baby - 250ml
2026-03-13 13:25:19,931 - tools.amazon_playwright_extractor - INFO - Title search found 62 elements using selector: div.s-search-results > div[data-asin]
2026-03-13 13:25:20,382 - tools.amazon_playwright_extractor - WARNING - ASIN extraction failed: All 4 fallbacks exhausted
2026-03-13 13:25:20,543 - tools.amazon_playwright_extractor - INFO - \u2705 Title search: Selected first visible organic product - ASIN B0DVCCXPK3
2026-03-13 13:25:20,543 - tools.amazon_playwright_extractor - INFO - \U0001f3af ASIN EXTRACTION SUCCESS: Found 1 ASINs for title search: 'Upsy Daisy BPA Free Standard Neck Feeding Bottle with Silicone Teat for Baby - 250ml'
2026-03-13 13:25:20,543 - tools.amazon_playwright_extractor - INFO - Title search successful for 'Upsy Daisy BPA Free Standard Neck Feeding Bottle with Silicone Teat for Baby - 250ml' after EAN '5055257864764' failed
2026-03-13 13:25:20,543 - tools.amazon_playwright_extractor - INFO - Extracting complete data for fallback ASIN B0DVCCXPK3 from title search
2026-03-13 13:25:20,544 - tools.amazon_playwright_extractor - WARNING - No page object provided to extract_data for ASIN B0DVCCXPK3. Getting a new one from BrowserManager.
2026-03-13 13:25:20,544 - tools.amazon_playwright_extractor - INFO - Reusing existing page: https://www.amazon.co.uk/s?k=Upsy+Daisy+BPA+Free+Standard+Neck+Feeding+Bottle+with+Silicone+Teat+for+Baby+-+250ml&ref=nb_sb_noss
2026-03-13 13:25:23,242 - tools.amazon_playwright_extractor - INFO - Checking for cookie consent pop-up...
2026-03-13 13:25:23,489 - tools.amazon_playwright_extractor - INFO - Finished checking for cookie consent pop-ups. If one was present and not handled, it might interfere.
2026-03-13 13:25:24,493 - tools.amazon_playwright_extractor - INFO - Checking for CAPTCHA...
2026-03-13 13:25:27,510 - tools.amazon_playwright_extractor - INFO - No CAPTCHA page detected by form selector.
2026-03-13 13:25:27,511 - tools.amazon_playwright_extractor - INFO - Checking for cookie consent pop-up...
2026-03-13 13:25:27,564 - tools.amazon_playwright_extractor - INFO - Finished checking for cookie consent pop-ups. If one was present and not handled, it might interfere.
2026-03-13 13:25:27,564 - tools.amazon_playwright_extractor - INFO - Page should be ready. Waiting 5s for stabilization...
2026-03-13 13:25:32,566 - tools.amazon_playwright_extractor - INFO - Waiting an additional 7s for extensions (Keepa, SellerAmp)...
2026-03-13 13:25:39,569 - tools.amazon_playwright_extractor - INFO - Extracting all product data for ASIN: B0DVCCXPK3
2026-03-13 13:25:39,569 - tools.amazon_playwright_extractor - INFO - Extracting basic product information (Title, Price, Images, Amazon Details)...
2026-03-13 13:25:39,612 - tools.amazon_playwright_extractor - INFO - Title found: 'babynova Wide Neck Baby Bottle 300ml with Anti Colic Medium Flow Silicone Teat - Made in Germany - BPA-Free - Cherry Blossom' via #productTitle
2026-03-13 13:25:39,612 - tools.amazon_playwright_extractor - INFO - Extracting price details...
2026-03-13 13:25:39,630 - tools.amazon_playwright_extractor - INFO - Current price: 8.99 via #corePrice_feature_div .a-offscreen
2026-03-13 13:25:39,671 - tools.amazon_playwright_extractor - INFO - Original price: 9.49 via .basisPrice span.a-text-price span.a-offscreen
2026-03-13 13:25:39,716 - tools.amazon_playwright_extractor - INFO - Extracting image URLs...
2026-03-13 13:25:39,750 - tools.amazon_playwright_extractor - INFO - Main image: https://m.media-amazon.com/images/I/61PYMdozEUL._AC_SL1500_.jpg via #landingImage
2026-03-13 13:25:39,833 - tools.amazon_playwright_extractor - INFO - Found 7 thumbnails.
2026-03-13 13:25:39,838 - tools.amazon_playwright_extractor - INFO - Extracting Amazon product details section...
2026-03-13 13:25:39,979 - tools.amazon_playwright_extractor - INFO - Extracting sales rank information...
2026-03-13 13:25:40,134 - tools.amazon_playwright_extractor - INFO - Extracting ratings and reviews...
2026-03-13 13:25:40,154 - tools.amazon_playwright_extractor - INFO - Rating: 4.0 via #acrPopover[title*='out of 5 stars']
2026-03-13 13:25:40,175 - tools.amazon_playwright_extractor - INFO - Review count: 23 via #acrCustomerReviewText
2026-03-13 13:25:40,175 - tools.amazon_playwright_extractor - INFO - Extracting stock information...
2026-03-13 13:25:40,200 - tools.amazon_playwright_extractor - INFO - Availability text: 'Only 7 left in stock.' via #availability span.a-color-price
2026-03-13 13:25:40,201 - tools.amazon_playwright_extractor - INFO - Extracting features/bullets...
2026-03-13 13:25:40,434 - tools.amazon_playwright_extractor - INFO - Found 5 features.
2026-03-13 13:25:40,434 - tools.amazon_playwright_extractor - INFO - Extracting product description...
2026-03-13 13:25:40,468 - tools.amazon_playwright_extractor - INFO - Description found using selector: #aplus_feature_div
2026-03-13 13:25:40,468 - tools.amazon_playwright_extractor - INFO - Extracting product specifications table...
2026-03-13 13:25:40,738 - tools.amazon_playwright_extractor - INFO - Specifications table parsed using selector: table.a-keyvalue.prodDetTable
2026-03-13 13:25:40,738 - tools.amazon_playwright_extractor - INFO - Extracting SellerAmp data (if present)...
2026-03-13 13:25:40,738 - tools.amazon_playwright_extractor - INFO - SellerAmp data extraction is currently disabled as per requirements (Fix 2.3).
2026-03-13 13:25:40,738 - tools.amazon_playwright_extractor - INFO - Extracting Keepa data (if present)...
2026-03-13 13:25:40,738 - tools.amazon_playwright_extractor - INFO - Attempting to extract Keepa data...
2026-03-13 13:25:46,813 - tools.amazon_playwright_extractor - INFO - Keepa iframe found: iframe[id*='keepa']
2026-03-13 13:25:46,885 - tools.amazon_playwright_extractor - INFO - Keepa Sales Rank Details Table parsed.
2026-03-13 13:25:46,885 - tools.amazon_playwright_extractor - INFO - Keepa Graph AI Analysis is currently disabled as per requirements (Fix 2.4).
2026-03-13 13:25:46,908 - tools.amazon_playwright_extractor - INFO - Keepa Data tab found. Currently active: False
2026-03-13 13:25:46,908 - tools.amazon_playwright_extractor - INFO - Clicking Keepa 'Data' tab...
2026-03-13 13:25:49,188 - tools.amazon_playwright_extractor - INFO - Attempt 1/2: Waiting 12000ms for Product-Details wrapper...
2026-03-13 13:25:52,229 - tools.amazon_playwright_extractor - INFO - ? Product-Details wrapper appeared on attempt 1
2026-03-13 13:25:52,332 - tools.amazon_playwright_extractor - INFO - Parsing Keepa AG Grid for Product Details from: div#MoreTab1 div#grid-product-detail
2026-03-13 13:25:52,376 - tools.amazon_playwright_extractor - INFO - Primary attempt: Waiting 12 seconds for AG Grid rows to load...
2026-03-13 13:25:53,411 - tools.amazon_playwright_extractor - INFO - ? Primary attempt successful: 136 rows found
2026-03-13 13:25:53,424 - tools.amazon_playwright_extractor - INFO - Processing 136 rows in Keepa Product Details AG Grid.
2026-03-13 13:25:54,714 - tools.amazon_playwright_extractor - INFO - Found potential fee key 'FBA Pick&Pack Fee' with raw value: 'Ł 2.67' in Keepa AG Grid.
2026-03-13 13:25:54,804 - tools.amazon_playwright_extractor - INFO - Found potential fee key 'Referral Fee based on current Buy Box price' with raw value: 'Ł 0.72' in Keepa AG Grid.
2026-03-13 13:25:57,280 - tools.amazon_playwright_extractor - INFO - ? Successfully parsed 39 items from Keepa Product Details AG Grid.
2026-03-13 13:25:57,281 - tools.amazon_playwright_extractor - INFO - ASIN B0DVCCXPK3: Attempting to extract EANs from Keepa product_details_tab_data.
2026-03-13 13:25:57,281 - tools.amazon_playwright_extractor - WARNING - ASIN B0DVCCXPK3: Could not find EAN in Keepa product_details_tab_data.
2026-03-13 13:25:57,281 - tools.amazon_playwright_extractor - INFO - ASIN B0DVCCXPK3: BSR not found or invalid from page. Attempting fallback from Keepa.
2026-03-13 13:25:57,281 - tools.amazon_playwright_extractor - INFO - ASIN B0DVCCXPK3: BSR 5556 in 'Baby Products 16' from Keepa SalesRankDetailsTable.
2026-03-13 13:25:57,288 [INFO] WindowsSaveGuardian: ? ATOMIC SAVE: amazon_B0DVCCXPK3_5055257864764.json (28 entries) saved successfully
2026-03-13 13:25:57,288 - windows_save_guardian - INFO - ? ATOMIC SAVE: amazon_B0DVCCXPK3_5055257864764.json (28 entries) saved successfully
2026-03-13 13:25:57,292 [INFO] WindowsSaveGuardian: ? ATOMIC SAVE: amazon_B0DVCCXPK3_5055257864764.json (28 entries) saved successfully
2026-03-13 13:25:57,292 - windows_save_guardian - INFO - ? ATOMIC SAVE: amazon_B0DVCCXPK3_5055257864764.json (28 entries) saved successfully
2026-03-13 13:25:57,294 [INFO] WindowsSaveGuardian: ? ATOMIC SAVE: linking_map.json (5 entries) saved successfully
2026-03-13 13:25:57,294 - windows_save_guardian - INFO - ? ATOMIC SAVE: linking_map.json (5 entries) saved successfully
2026-03-13 13:25:57,294 - __main__ - INFO - Linking map periodic flush: 5 entries
2026-03-13 13:25:57,297 [INFO] WindowsSaveGuardian: ? ATOMIC SAVE: clearance-king_co_uk__sandbox__f2d5f0a2_processing_state.json (27 entries) saved successfully
2026-03-13 13:25:57,297 - windows_save_guardian - INFO - ? ATOMIC SAVE: clearance-king_co_uk__sandbox__f2d5f0a2_processing_state.json (27 entries) saved successfully
2026-03-13 13:25:57,298 - utils.fixed_enhanced_state_manager - INFO -  ATOMIC SAVE
2026-03-13 13:25:57,303 [INFO] WindowsSaveGuardian: ? ATOMIC SAVE: clearance-king_co_uk__sandbox__f2d5f0a2_processing_state.json (27 entries) saved successfully
2026-03-13 13:25:57,303 - windows_save_guardian - INFO - ? ATOMIC SAVE: clearance-king_co_uk__sandbox__f2d5f0a2_processing_state.json (27 entries) saved successfully
2026-03-13 13:25:57,303 - utils.fixed_enhanced_state_manager - INFO -  ATOMIC SAVE
2026-03-13 13:25:57,303 - tools.amazon_playwright_extractor - INFO - Searching Amazon by EAN: 5022545049721 for supplier product: 'Postman Pat Bathtime Sponge With String' (FixedAmazonExtractor)
2026-03-13 13:25:57,304 - tools.amazon_playwright_extractor - INFO - Navigating to Amazon UK to search for EAN: 5022545049721
2026-03-13 13:26:01,802 - tools.amazon_playwright_extractor - INFO - Waiting for search results page to load for EAN 5022545049721...
2026-03-13 13:26:02,034 - tools.amazon_playwright_extractor - INFO - Found search results container with selector: div.s-search-results
2026-03-13 13:26:02,686 - tools.amazon_playwright_extractor - INFO - Found 6 search result elements using selector: div[data-component-type='s-search-result']
2026-03-13 13:26:02,687 - tools.amazon_playwright_extractor - INFO - Processing 6 search result elements for EAN 5022545049721
2026-03-13 13:26:02,844 - tools.amazon_playwright_extractor - INFO - \U0001f4ca SPONSORED FILTERING RESULTS: 0 organic products, 6 sponsored products filtered out
2026-03-13 13:26:02,844 - tools.amazon_playwright_extractor - WARNING - EAN 5022545049721 returned no organic results - skipping
2026-03-13 13:26:02,844 - tools.amazon_playwright_extractor - WARNING - No Amazon results or error for EAN '5022545049721'. Details: no_organic_results
2026-03-13 13:26:02,845 - tools.amazon_playwright_extractor - INFO - Falling back to title search for supplier product: 'Postman Pat Bathtime Sponge With String'
2026-03-13 13:26:02,845 - tools.amazon_playwright_extractor - INFO - Searching Amazon by title using search bar: 'Postman Pat Bathtime Sponge With String'
2026-03-13 13:26:02,845 - tools.amazon_playwright_extractor - INFO - Navigating to Amazon UK to search for title: Postman Pat Bathtime Sponge With String
2026-03-13 13:26:08,472 - tools.amazon_playwright_extractor - INFO - Title search found 71 elements using selector: div.s-search-results > div[data-asin]
2026-03-13 13:26:08,642 - tools.amazon_playwright_extractor - WARNING - ASIN extraction failed: All 4 fallbacks exhausted
2026-03-13 13:26:08,912 - tools.amazon_playwright_extractor - INFO - \u2705 Title search: Selected first visible organic product - ASIN B07H354QY5
2026-03-13 13:26:08,912 - tools.amazon_playwright_extractor - INFO - \U0001f3af ASIN EXTRACTION SUCCESS: Found 1 ASINs for title search: 'Postman Pat Bathtime Sponge With String'
2026-03-13 13:26:08,912 - tools.amazon_playwright_extractor - INFO - Title search successful for 'Postman Pat Bathtime Sponge With String' after EAN '5022545049721' failed
2026-03-13 13:26:08,912 - tools.amazon_playwright_extractor - INFO - Extracting complete data for fallback ASIN B07H354QY5 from title search
2026-03-13 13:26:08,912 - tools.amazon_playwright_extractor - WARNING - No page object provided to extract_data for ASIN B07H354QY5. Getting a new one from BrowserManager.
2026-03-13 13:26:08,912 - tools.amazon_playwright_extractor - INFO - Reusing existing page: https://www.amazon.co.uk/s?k=Postman+Pat+Bathtime+Sponge+With+String&ref=nb_sb_noss
2026-03-13 13:26:12,153 - tools.amazon_playwright_extractor - INFO - Checking for cookie consent pop-up...
2026-03-13 13:26:12,575 - tools.amazon_playwright_extractor - INFO - Finished checking for cookie consent pop-ups. If one was present and not handled, it might interfere.
2026-03-13 13:26:13,577 - tools.amazon_playwright_extractor - INFO - Checking for CAPTCHA...
2026-03-13 13:26:16,588 - tools.amazon_playwright_extractor - INFO - No CAPTCHA page detected by form selector.
2026-03-13 13:26:16,589 - tools.amazon_playwright_extractor - INFO - Checking for cookie consent pop-up...
2026-03-13 13:26:16,659 - tools.amazon_playwright_extractor - INFO - Finished checking for cookie consent pop-ups. If one was present and not handled, it might interfere.
2026-03-13 13:26:16,659 - tools.amazon_playwright_extractor - INFO - Page should be ready. Waiting 5s for stabilization...
2026-03-13 13:26:21,671 - tools.amazon_playwright_extractor - INFO - Waiting an additional 7s for extensions (Keepa, SellerAmp)...
2026-03-13 13:26:28,682 - tools.amazon_playwright_extractor - INFO - Extracting all product data for ASIN: B07H354QY5
2026-03-13 13:26:28,683 - tools.amazon_playwright_extractor - INFO - Extracting basic product information (Title, Price, Images, Amazon Details)...
2026-03-13 13:26:28,758 - tools.amazon_playwright_extractor - INFO - Title found: 'Caress Luxury Bath Accessories 3 Pack Bath Sponges' via #productTitle
2026-03-13 13:26:28,758 - tools.amazon_playwright_extractor - INFO - Extracting price details...
2026-03-13 13:26:28,804 - tools.amazon_playwright_extractor - INFO - Current price: 3.99 via #corePrice_feature_div .a-offscreen
2026-03-13 13:26:29,007 - tools.amazon_playwright_extractor - INFO - Extracting image URLs...
2026-03-13 13:26:29,045 - tools.amazon_playwright_extractor - INFO - Main image: https://m.media-amazon.com/images/I/51kFbQTj5EL._AC_SL1500_.jpg via #landingImage
2026-03-13 13:26:29,123 - tools.amazon_playwright_extractor - INFO - Found 5 thumbnails.
2026-03-13 13:26:29,127 - tools.amazon_playwright_extractor - INFO - Extracting Amazon product details section...
2026-03-13 13:26:29,620 - tools.amazon_playwright_extractor - INFO - Extracting sales rank information...
2026-03-13 13:26:29,846 - tools.amazon_playwright_extractor - INFO - Extracting ratings and reviews...
2026-03-13 13:26:29,872 - tools.amazon_playwright_extractor - INFO - Rating: 4.6 via #acrPopover[title*='out of 5 stars']
2026-03-13 13:26:29,900 - tools.amazon_playwright_extractor - INFO - Review count: 1895 via #acrCustomerReviewText
2026-03-13 13:26:29,900 - tools.amazon_playwright_extractor - INFO - Extracting stock information...
2026-03-13 13:26:29,929 - tools.amazon_playwright_extractor - INFO - Availability text: 'In stock' via #availability span.a-size-medium.a-color-success
2026-03-13 13:26:29,929 - tools.amazon_playwright_extractor - INFO - Extracting features/bullets...
2026-03-13 13:26:30,127 - tools.amazon_playwright_extractor - INFO - Found 2 features.
2026-03-13 13:26:30,127 - tools.amazon_playwright_extractor - INFO - Extracting product description...
2026-03-13 13:26:30,167 - tools.amazon_playwright_extractor - INFO - Description found using selector: #productDescription
2026-03-13 13:26:30,167 - tools.amazon_playwright_extractor - INFO - Extracting product specifications table...
2026-03-13 13:26:30,774 - tools.amazon_playwright_extractor - INFO - Specifications table parsed using selector: table.a-keyvalue.prodDetTable
2026-03-13 13:26:30,774 - tools.amazon_playwright_extractor - INFO - Extracting SellerAmp data (if present)...
2026-03-13 13:26:30,774 - tools.amazon_playwright_extractor - INFO - SellerAmp data extraction is currently disabled as per requirements (Fix 2.3).
2026-03-13 13:26:30,774 - tools.amazon_playwright_extractor - INFO - Extracting Keepa data (if present)...
2026-03-13 13:26:30,774 - tools.amazon_playwright_extractor - INFO - Attempting to extract Keepa data...
2026-03-13 13:26:36,892 - tools.amazon_playwright_extractor - INFO - Keepa iframe found: iframe[id*='keepa']
2026-03-13 13:26:37,058 - tools.amazon_playwright_extractor - INFO - Keepa Sales Rank Details Table parsed.
2026-03-13 13:26:37,058 - tools.amazon_playwright_extractor - INFO - Keepa Graph AI Analysis is currently disabled as per requirements (Fix 2.4).
2026-03-13 13:26:37,104 - tools.amazon_playwright_extractor - INFO - Keepa Data tab found. Currently active: False
2026-03-13 13:26:37,104 - tools.amazon_playwright_extractor - INFO - Clicking Keepa 'Data' tab...
2026-03-13 13:26:39,385 - tools.amazon_playwright_extractor - INFO - Attempt 1/2: Waiting 12000ms for Product-Details wrapper...
2026-03-13 13:26:49,840 - tools.amazon_playwright_extractor - INFO - ? Product-Details wrapper appeared on attempt 1
2026-03-13 13:26:49,891 - tools.amazon_playwright_extractor - INFO - Parsing Keepa AG Grid for Product Details from: div#MoreTab1 div#grid-product-detail
2026-03-13 13:26:49,938 - tools.amazon_playwright_extractor - INFO - Primary attempt: Waiting 12 seconds for AG Grid rows to load...
2026-03-13 13:26:50,998 - tools.amazon_playwright_extractor - INFO - ? Primary attempt successful: 166 rows found
2026-03-13 13:26:51,012 - tools.amazon_playwright_extractor - INFO - Processing 166 rows in Keepa Product Details AG Grid.
2026-03-13 13:26:52,862 - tools.amazon_playwright_extractor - INFO - Found potential fee key 'FBA Pick&Pack Fee' with raw value: 'Ł 2.65' in Keepa AG Grid.
2026-03-13 13:26:53,002 - tools.amazon_playwright_extractor - INFO - Found potential fee key 'Referral Fee based on current Buy Box price' with raw value: 'Ł 0.32' in Keepa AG Grid.
2026-03-13 13:26:56,437 - tools.amazon_playwright_extractor - INFO - ? Successfully parsed 49 items from Keepa Product Details AG Grid.
2026-03-13 13:26:56,438 - tools.amazon_playwright_extractor - INFO - ASIN B07H354QY5: Attempting to extract EANs from Keepa product_details_tab_data.
2026-03-13 13:26:56,438 - tools.amazon_playwright_extractor - INFO - ASIN B07H354QY5: EAN '5011597092274' found in Keepa details via key 'Product Codes - EAN'.
2026-03-13 13:26:56,438 - tools.amazon_playwright_extractor - INFO - ASIN B07H354QY5: BSR not found or invalid from page. Attempting fallback from Keepa.
2026-03-13 13:26:56,438 - tools.amazon_playwright_extractor - INFO - ASIN B07H354QY5: BSR 1241 in 'Beauty 48' from Keepa SalesRankDetailsTable.
2026-03-13 13:26:56,440 [INFO] WindowsSaveGuardian: ? ATOMIC SAVE: amazon_B07H354QY5_5022545049721.json (30 entries) saved successfully
2026-03-13 13:26:56,440 - windows_save_guardian - INFO - ? ATOMIC SAVE: amazon_B07H354QY5_5022545049721.json (30 entries) saved successfully
2026-03-13 13:26:56,444 [INFO] WindowsSaveGuardian: ? ATOMIC SAVE: amazon_B07H354QY5_5022545049721.json (30 entries) saved successfully
2026-03-13 13:26:56,444 - windows_save_guardian - INFO - ? ATOMIC SAVE: amazon_B07H354QY5_5022545049721.json (30 entries) saved successfully
2026-03-13 13:26:56,447 [INFO] WindowsSaveGuardian: ? ATOMIC SAVE: linking_map.json (6 entries) saved successfully
2026-03-13 13:26:56,447 - windows_save_guardian - INFO - ? ATOMIC SAVE: linking_map.json (6 entries) saved successfully
2026-03-13 13:26:56,447 - __main__ - INFO - Linking map periodic flush: 6 entries
2026-03-13 13:26:56,450 [INFO] WindowsSaveGuardian: ? ATOMIC SAVE: clearance-king_co_uk__sandbox__f2d5f0a2_processing_state.json (27 entries) saved successfully
2026-03-13 13:26:56,450 - windows_save_guardian - INFO - ? ATOMIC SAVE: clearance-king_co_uk__sandbox__f2d5f0a2_processing_state.json (27 entries) saved successfully
2026-03-13 13:26:56,450 - utils.fixed_enhanced_state_manager - INFO -  ATOMIC SAVE
2026-03-13 13:26:56,450 - tools.amazon_playwright_extractor - INFO - Searching Amazon by EAN: 341014102961 for supplier product: 'PINK BUNNY KIDS HAIR BAND' (FixedAmazonExtractor)
2026-03-13 13:26:56,450 - tools.amazon_playwright_extractor - INFO - Navigating to Amazon UK to search for EAN: 341014102961
2026-03-13 13:27:01,242 - tools.amazon_playwright_extractor - INFO - Waiting for search results page to load for EAN 341014102961...
2026-03-13 13:27:01,312 - tools.amazon_playwright_extractor - INFO - Found search results container with selector: div.s-search-results
2026-03-13 13:27:01,986 - tools.amazon_playwright_extractor - INFO - Found 8 search result elements using selector: div[data-component-type='s-search-result']
2026-03-13 13:27:01,987 - tools.amazon_playwright_extractor - INFO - Processing 8 search result elements for EAN 341014102961
2026-03-13 13:27:02,315 - tools.amazon_playwright_extractor - INFO - \U0001f4ca SPONSORED FILTERING RESULTS: 0 organic products, 8 sponsored products filtered out
2026-03-13 13:27:02,315 - tools.amazon_playwright_extractor - WARNING - EAN 341014102961 returned no organic results - skipping
2026-03-13 13:27:02,315 - tools.amazon_playwright_extractor - WARNING - No Amazon results or error for EAN '341014102961'. Details: no_organic_results
2026-03-13 13:27:02,315 - tools.amazon_playwright_extractor - INFO - Falling back to title search for supplier product: 'PINK BUNNY KIDS HAIR BAND'
2026-03-13 13:27:02,316 - tools.amazon_playwright_extractor - INFO - Searching Amazon by title using search bar: 'PINK BUNNY KIDS HAIR BAND'
2026-03-13 13:27:02,316 - tools.amazon_playwright_extractor - INFO - Navigating to Amazon UK to search for title: PINK BUNNY KIDS HAIR BAND
2026-03-13 13:27:07,706 - tools.amazon_playwright_extractor - INFO - Title search found 69 elements using selector: div.s-search-results > div[data-asin]
2026-03-13 13:27:07,942 - tools.amazon_playwright_extractor - WARNING - ASIN extraction failed: All 4 fallbacks exhausted
2026-03-13 13:27:08,130 - tools.amazon_playwright_extractor - INFO - \u2705 Title search: Selected first visible organic product - ASIN B0G5WH8N35
2026-03-13 13:27:08,130 - tools.amazon_playwright_extractor - INFO - \U0001f3af ASIN EXTRACTION SUCCESS: Found 1 ASINs for title search: 'PINK BUNNY KIDS HAIR BAND'
2026-03-13 13:27:08,130 - tools.amazon_playwright_extractor - INFO - Title search successful for 'PINK BUNNY KIDS HAIR BAND' after EAN '341014102961' failed
2026-03-13 13:27:08,130 - tools.amazon_playwright_extractor - INFO - Extracting complete data for fallback ASIN B0G5WH8N35 from title search
2026-03-13 13:27:08,130 - tools.amazon_playwright_extractor - WARNING - No page object provided to extract_data for ASIN B0G5WH8N35. Getting a new one from BrowserManager.
2026-03-13 13:27:08,130 - tools.amazon_playwright_extractor - INFO - Reusing existing page: https://www.amazon.co.uk/s?k=PINK+BUNNY+KIDS+HAIR+BAND&ref=nb_sb_noss
2026-03-13 13:27:10,840 - tools.amazon_playwright_extractor - INFO - Checking for cookie consent pop-up...
2026-03-13 13:27:11,100 - tools.amazon_playwright_extractor - INFO - Finished checking for cookie consent pop-ups. If one was present and not handled, it might interfere.
2026-03-13 13:27:12,104 - tools.amazon_playwright_extractor - INFO - Checking for CAPTCHA...
2026-03-13 13:27:15,112 - tools.amazon_playwright_extractor - INFO - No CAPTCHA page detected by form selector.
2026-03-13 13:27:15,112 - tools.amazon_playwright_extractor - INFO - Checking for cookie consent pop-up...
2026-03-13 13:27:15,197 - tools.amazon_playwright_extractor - INFO - Finished checking for cookie consent pop-ups. If one was present and not handled, it might interfere.
2026-03-13 13:27:15,197 - tools.amazon_playwright_extractor - INFO - Page should be ready. Waiting 5s for stabilization...
2026-03-13 13:27:20,207 - tools.amazon_playwright_extractor - INFO - Waiting an additional 7s for extensions (Keepa, SellerAmp)...
2026-03-13 13:27:27,221 - tools.amazon_playwright_extractor - INFO - Extracting all product data for ASIN: B0G5WH8N35
2026-03-13 13:27:27,221 - tools.amazon_playwright_extractor - INFO - Extracting basic product information (Title, Price, Images, Amazon Details)...
2026-03-13 13:27:27,259 - tools.amazon_playwright_extractor - INFO - Title found: 'Pink Bunny Ears Headband with Glitter Hearts - Soft Plush Animal Ear Hair Band for Women Adults Girls Easter Party Cosplay Photography Festive Costume Themed Celebrations Cartoonish Design' via #productTitle
2026-03-13 13:27:27,259 - tools.amazon_playwright_extractor - INFO - Extracting price details...
2026-03-13 13:27:27,279 - tools.amazon_playwright_extractor - INFO - Current price: 4.79 via #corePrice_feature_div .a-offscreen
2026-03-13 13:27:27,333 - tools.amazon_playwright_extractor - INFO - Original price: 6.99 via span.a-price.a-text-price[data-a-strike='true'] span.a-offscreen
2026-03-13 13:27:27,373 - tools.amazon_playwright_extractor - INFO - Extracting image URLs...
2026-03-13 13:27:27,407 - tools.amazon_playwright_extractor - INFO - Main image: https://m.media-amazon.com/images/I/518U8QVsnZL._AC_SL1500_.jpg via #landingImage
2026-03-13 13:27:27,484 - tools.amazon_playwright_extractor - INFO - Found 7 thumbnails.
2026-03-13 13:27:27,489 - tools.amazon_playwright_extractor - INFO - Extracting Amazon product details section...
2026-03-13 13:27:27,854 - tools.amazon_playwright_extractor - INFO - Extracting sales rank information...
2026-03-13 13:27:27,969 - tools.amazon_playwright_extractor - INFO - Extracting ratings and reviews...
2026-03-13 13:27:28,009 - tools.amazon_playwright_extractor - INFO - Rating: 4.4 via i[class*='a-icon-star'] span.a-icon-alt
2026-03-13 13:27:28,037 - tools.amazon_playwright_extractor - INFO - Extracting stock information...
2026-03-13 13:27:28,061 - tools.amazon_playwright_extractor - INFO - Availability text: 'Only 1 left in stock.' via #availability span.a-color-price
2026-03-13 13:27:28,061 - tools.amazon_playwright_extractor - INFO - Extracting features/bullets...
2026-03-13 13:27:28,256 - tools.amazon_playwright_extractor - INFO - Found 5 features.
2026-03-13 13:27:28,256 - tools.amazon_playwright_extractor - INFO - Extracting product description...
2026-03-13 13:27:28,287 - tools.amazon_playwright_extractor - INFO - Description found using selector: #aplus_feature_div
2026-03-13 13:27:28,287 - tools.amazon_playwright_extractor - INFO - Extracting product specifications table...
2026-03-13 13:27:28,592 - tools.amazon_playwright_extractor - INFO - Specifications table parsed using selector: table.a-keyvalue.prodDetTable
2026-03-13 13:27:28,592 - tools.amazon_playwright_extractor - INFO - Extracting SellerAmp data (if present)...
2026-03-13 13:27:28,592 - tools.amazon_playwright_extractor - INFO - SellerAmp data extraction is currently disabled as per requirements (Fix 2.3).
2026-03-13 13:27:28,592 - tools.amazon_playwright_extractor - INFO - Extracting Keepa data (if present)...
2026-03-13 13:27:28,592 - tools.amazon_playwright_extractor - INFO - Attempting to extract Keepa data...
