2026-02-14 23:22:17,348 - __main__ - WARNING - Ignoring supplier identity from products file; job sandbox is authoritative. job=angelwholesale.co.uk__sandbox__f33d3fa5 file=angelwholesale.co.uk
2026-02-14 23:22:17,349 - tools.amazon_playwright_extractor - WARNING - ?? BrowserCircuitBreaker not available - health management disabled
2026-02-14 23:22:17,349 - tools.amazon_playwright_extractor - INFO - AI features disabled in amazon_playwright_extractor - using only traditional selectors.
2026-02-14 23:22:17,349 - tools.amazon_playwright_extractor - INFO - Output directory set to: C:\Users\chris\Desktop\Amazon-FBA-Agent-System-v32 - latest good - Copy (8) - Copy - Copy - POSTLONGRUNPREKIRO2 beforecompletion-\OUTPUTS\CACHE\amazon_data
2026-02-14 23:22:17,353 - tools.amazon_playwright_extractor - WARNING - ?? BrowserManager not available, using legacy browser connection
2026-02-14 23:22:17,354 - tools.amazon_playwright_extractor - INFO - \U0001f527 FixedAmazonExtractor connecting via BrowserManager singleton
2026-02-14 23:22:17,354 - utils.browser_circuit_breaker - INFO - BrowserCircuitBreaker initialized: threshold=3, timeout=300s
2026-02-14 23:22:17,354 - utils.browser_manager - INFO - ?? BrowserManager singleton initialized with health management
2026-02-14 23:22:17,897 - utils.browser_manager - INFO - ?? Connecting to existing Chrome debug instance on port 9222
2026-02-14 23:22:17,897 - utils.browser_manager - INFO - ?? Per troubleshooting docs: Using existing Chrome debug only
2026-02-14 23:22:20,120 - utils.browser_manager - INFO - ? Chrome debug accessible on IPv4: Chrome/144.0.7559.133
2026-02-14 23:22:20,120 - utils.browser_manager - INFO - ?? Connecting to existing Chrome debug instance...
2026-02-14 23:22:22,159 - utils.browser_manager - INFO - ?? Using endpoint: http://localhost:9222
2026-02-14 23:22:22,355 - utils.browser_manager - INFO - ? Successfully connected to existing Chrome debug instance
2026-02-14 23:22:22,355 - utils.browser_manager - INFO - ?? Using existing context with 1 pages
2026-02-14 23:22:22,355 - utils.browser_manager - INFO - ?? Connected to existing Chrome: 144.0.7559.133
2026-02-14 23:22:22,355 - tools.amazon_playwright_extractor - INFO - \u2705 FixedAmazonExtractor connected via BrowserManager singleton
2026-02-14 23:22:22,355 - utils.browser_manager - INFO - ?? Reusing existing Chrome connection (port 9222)
2026-02-14 23:22:22,355 - utils.browser_manager - INFO - ?? Reusing existing page in persistent context.
2026-02-14 23:22:22,366 [INFO] WindowsSaveGuardian: ? ATOMIC SAVE: angelwholesale_co_uk__sandbox__f33d3fa5_processing_state.json (27 entries) saved successfully
2026-02-14 23:22:22,366 - windows_save_guardian - INFO - ? ATOMIC SAVE: angelwholesale_co_uk__sandbox__f33d3fa5_processing_state.json (27 entries) saved successfully
2026-02-14 23:22:22,366 - utils.fixed_enhanced_state_manager - INFO -  ATOMIC SAVE
2026-02-14 23:22:22,371 [INFO] WindowsSaveGuardian: ? ATOMIC SAVE: angelwholesale_co_uk__sandbox__f33d3fa5_processing_state.json (27 entries) saved successfully
2026-02-14 23:22:22,371 - windows_save_guardian - INFO - ? ATOMIC SAVE: angelwholesale_co_uk__sandbox__f33d3fa5_processing_state.json (27 entries) saved successfully
2026-02-14 23:22:22,372 - utils.fixed_enhanced_state_manager - INFO -  ATOMIC SAVE
2026-02-14 23:22:22,372 - tools.amazon_playwright_extractor - INFO - Searching Amazon by EAN: 5012866069058 for supplier product: '3pcs Mosaic Vehicles  by AtoZ Toys' (FixedAmazonExtractor)
2026-02-14 23:22:22,372 - tools.amazon_playwright_extractor - INFO - Navigating to Amazon UK to search for EAN: 5012866069058
2026-02-14 23:22:26,261 - tools.amazon_playwright_extractor - INFO - Waiting for search results page to load for EAN 5012866069058...
2026-02-14 23:22:26,319 - tools.amazon_playwright_extractor - INFO - Found search results container with selector: div.s-search-results
2026-02-14 23:22:26,984 - tools.amazon_playwright_extractor - INFO - Found 12 search result elements using selector: div[data-component-type='s-search-result']
2026-02-14 23:22:26,984 - tools.amazon_playwright_extractor - INFO - Processing 12 search result elements for EAN 5012866069058
2026-02-14 23:22:27,374 - tools.amazon_playwright_extractor - INFO - \U0001f4ca SPONSORED FILTERING RESULTS: 0 organic products, 12 sponsored products filtered out
2026-02-14 23:22:27,374 - tools.amazon_playwright_extractor - WARNING - EAN 5012866069058 returned no organic results - skipping
2026-02-14 23:22:27,374 - tools.amazon_playwright_extractor - WARNING - No Amazon results or error for EAN '5012866069058'. Details: no_organic_results
2026-02-14 23:22:27,374 - tools.amazon_playwright_extractor - INFO - Falling back to title search for supplier product: '3pcs Mosaic Vehicles  by AtoZ Toys'
2026-02-14 23:22:27,374 - tools.amazon_playwright_extractor - INFO - Searching Amazon by title using search bar: '3pcs Mosaic Vehicles  by AtoZ Toys'
2026-02-14 23:22:27,374 - tools.amazon_playwright_extractor - INFO - Navigating to Amazon UK to search for title: 3pcs Mosaic Vehicles  by AtoZ Toys
2026-02-14 23:22:31,621 - tools.amazon_playwright_extractor - INFO - Title search found 55 elements using selector: div.s-search-results > div[data-asin]
2026-02-14 23:22:31,685 - tools.amazon_playwright_extractor - WARNING - ASIN extraction failed: All 4 fallbacks exhausted
2026-02-14 23:22:31,920 - tools.amazon_playwright_extractor - INFO - \u2705 Title search: Selected first visible organic product - ASIN B0FDF3G22H
2026-02-14 23:22:31,920 - tools.amazon_playwright_extractor - INFO - \U0001f3af ASIN EXTRACTION SUCCESS: Found 1 ASINs for title search: '3pcs Mosaic Vehicles  by AtoZ Toys'
2026-02-14 23:22:31,920 - tools.amazon_playwright_extractor - INFO - Title search successful for '3pcs Mosaic Vehicles  by AtoZ Toys' after EAN '5012866069058' failed
2026-02-14 23:22:31,921 - tools.amazon_playwright_extractor - INFO - Extracting complete data for fallback ASIN B0FDF3G22H from title search
2026-02-14 23:22:31,921 - tools.amazon_playwright_extractor - WARNING - No page object provided to extract_data for ASIN B0FDF3G22H. Getting a new one from BrowserManager.
2026-02-14 23:22:31,921 - tools.amazon_playwright_extractor - INFO - Reusing existing page: https://www.amazon.co.uk/s?k=3pcs+Mosaic+Vehicles+by+AtoZ+Toys&ref=nb_sb_noss
2026-02-14 23:22:34,267 - tools.amazon_playwright_extractor - INFO - Checking for cookie consent pop-up...
2026-02-14 23:22:34,572 - tools.amazon_playwright_extractor - INFO - Finished checking for cookie consent pop-ups. If one was present and not handled, it might interfere.
2026-02-14 23:22:35,578 - tools.amazon_playwright_extractor - INFO - Checking for CAPTCHA...
2026-02-14 23:22:38,588 - tools.amazon_playwright_extractor - INFO - No CAPTCHA page detected by form selector.
2026-02-14 23:22:38,588 - tools.amazon_playwright_extractor - INFO - Checking for cookie consent pop-up...
2026-02-14 23:22:38,645 - tools.amazon_playwright_extractor - INFO - Finished checking for cookie consent pop-ups. If one was present and not handled, it might interfere.
2026-02-14 23:22:38,645 - tools.amazon_playwright_extractor - INFO - Page should be ready. Waiting 5s for stabilization...
2026-02-14 23:22:43,647 - tools.amazon_playwright_extractor - INFO - Waiting an additional 7s for extensions (Keepa, SellerAmp)...
2026-02-14 23:22:50,657 - tools.amazon_playwright_extractor - INFO - Extracting all product data for ASIN: B0FDF3G22H
2026-02-14 23:22:50,657 - tools.amazon_playwright_extractor - INFO - Extracting basic product information (Title, Price, Images, Amazon Details)...
2026-02-14 23:22:50,690 - tools.amazon_playwright_extractor - INFO - Title found: '8 Pcs 3D Mosaic Stickers Set Toy for Kids Adults,Fun DIY 3D Vehicles Theme Stickers with Tweezers,Sticky Crafts Activities Travel Toy for Aged 3 Years+ (Vehicles)' via #productTitle
2026-02-14 23:22:50,690 - tools.amazon_playwright_extractor - INFO - Extracting price details...
2026-02-14 23:22:50,711 - tools.amazon_playwright_extractor - INFO - Current price: 9.99 via #corePrice_feature_div .a-offscreen
2026-02-14 23:22:50,758 - tools.amazon_playwright_extractor - INFO - Original price: 14.99 via span.a-price.a-text-price[data-a-strike='true'] span.a-offscreen
2026-02-14 23:22:50,808 - tools.amazon_playwright_extractor - INFO - Extracting image URLs...
2026-02-14 23:22:50,850 - tools.amazon_playwright_extractor - INFO - Main image: https://m.media-amazon.com/images/I/61YfVUfUpiL._AC_SX679_.jpg via #landingImage
2026-02-14 23:22:50,939 - tools.amazon_playwright_extractor - INFO - Found 7 thumbnails.
2026-02-14 23:22:50,944 - tools.amazon_playwright_extractor - INFO - Extracting Amazon product details section...
2026-02-14 23:22:51,041 - tools.amazon_playwright_extractor - INFO - Extracting sales rank information...
2026-02-14 23:22:51,183 - tools.amazon_playwright_extractor - INFO - Extracting ratings and reviews...
2026-02-14 23:22:51,236 - tools.amazon_playwright_extractor - INFO - Rating: 3.9 via i[class*='a-icon-star'] span.a-icon-alt
2026-02-14 23:22:51,324 - tools.amazon_playwright_extractor - INFO - Extracting stock information...
2026-02-14 23:22:51,386 - tools.amazon_playwright_extractor - INFO - Availability text: 'In stock' via #availability span.a-size-medium.a-color-success
2026-02-14 23:22:51,386 - tools.amazon_playwright_extractor - INFO - Extracting features/bullets...
2026-02-14 23:22:51,594 - tools.amazon_playwright_extractor - INFO - Found 5 features.
2026-02-14 23:22:51,594 - tools.amazon_playwright_extractor - INFO - Extracting product description...
2026-02-14 23:22:51,683 - tools.amazon_playwright_extractor - INFO - Extracting product specifications table...
2026-02-14 23:22:51,954 - tools.amazon_playwright_extractor - INFO - Specifications table parsed using selector: table.a-keyvalue.prodDetTable
2026-02-14 23:22:51,954 - tools.amazon_playwright_extractor - INFO - Extracting SellerAmp data (if present)...
2026-02-14 23:22:51,954 - tools.amazon_playwright_extractor - INFO - SellerAmp data extraction is currently disabled as per requirements (Fix 2.3).
2026-02-14 23:22:51,954 - tools.amazon_playwright_extractor - INFO - Extracting Keepa data (if present)...
2026-02-14 23:22:51,954 - tools.amazon_playwright_extractor - INFO - Attempting to extract Keepa data...
2026-02-14 23:22:58,023 - tools.amazon_playwright_extractor - INFO - Keepa iframe found: iframe[id*='keepa']
2026-02-14 23:22:58,103 - tools.amazon_playwright_extractor - INFO - Keepa Sales Rank Details Table parsed.
2026-02-14 23:22:58,103 - tools.amazon_playwright_extractor - INFO - Keepa Graph AI Analysis is currently disabled as per requirements (Fix 2.4).
2026-02-14 23:22:58,127 - tools.amazon_playwright_extractor - INFO - Keepa Data tab found. Currently active: False
2026-02-14 23:22:58,127 - tools.amazon_playwright_extractor - INFO - Clicking Keepa 'Data' tab...
2026-02-14 23:23:00,477 - tools.amazon_playwright_extractor - INFO - Attempt 1/2: Waiting 12000ms for Product-Details wrapper...
2026-02-14 23:23:02,952 - tools.amazon_playwright_extractor - INFO - ? Product-Details wrapper appeared on attempt 1
2026-02-14 23:23:02,993 - tools.amazon_playwright_extractor - INFO - Parsing Keepa AG Grid for Product Details from: div#MoreTab1 div#grid-product-detail
2026-02-14 23:23:03,027 - tools.amazon_playwright_extractor - INFO - Primary attempt: Waiting 12 seconds for AG Grid rows to load...
2026-02-14 23:23:04,075 - tools.amazon_playwright_extractor - INFO - ? Primary attempt successful: 142 rows found
2026-02-14 23:23:04,090 - tools.amazon_playwright_extractor - INFO - Processing 142 rows in Keepa Product Details AG Grid.
2026-02-14 23:23:09,208 - tools.amazon_playwright_extractor - WARNING - ? No data parsed from Keepa Product Details AG Grid via selectors.
2026-02-14 23:23:09,208 - tools.amazon_playwright_extractor - INFO - ASIN B0FDF3G22H: BSR not found or invalid from page. Attempting fallback from Keepa.
2026-02-14 23:23:09,208 - tools.amazon_playwright_extractor - INFO - ASIN B0FDF3G22H: BSR 310429 in 'Toys & Games 1.0' from Keepa SalesRankDetailsTable.
2026-02-14 23:23:09,214 [INFO] WindowsSaveGuardian: ? ATOMIC SAVE: amazon_B0FDF3G22H_5012866069058.json (26 entries) saved successfully
2026-02-14 23:23:09,214 - windows_save_guardian - INFO - ? ATOMIC SAVE: amazon_B0FDF3G22H_5012866069058.json (26 entries) saved successfully
2026-02-14 23:23:09,220 [INFO] WindowsSaveGuardian: ? ATOMIC SAVE: linking_map.json (1 entries) saved successfully
2026-02-14 23:23:09,220 - windows_save_guardian - INFO - ? ATOMIC SAVE: linking_map.json (1 entries) saved successfully
2026-02-14 23:23:09,221 - __main__ - INFO - Linking map periodic flush: 1 entries
2026-02-14 23:23:09,227 [INFO] WindowsSaveGuardian: ? ATOMIC SAVE: angelwholesale_co_uk__sandbox__f33d3fa5_processing_state.json (27 entries) saved successfully
2026-02-14 23:23:09,227 - windows_save_guardian - INFO - ? ATOMIC SAVE: angelwholesale_co_uk__sandbox__f33d3fa5_processing_state.json (27 entries) saved successfully
2026-02-14 23:23:09,228 - utils.fixed_enhanced_state_manager - INFO -  ATOMIC SAVE
2026-02-14 23:23:09,228 - tools.amazon_playwright_extractor - INFO - Searching Amazon by EAN: 5012866625032 for supplier product: 'Abc Train Set Med  by AtoZ Toys' (FixedAmazonExtractor)
2026-02-14 23:23:09,228 - tools.amazon_playwright_extractor - INFO - Navigating to Amazon UK to search for EAN: 5012866625032
2026-02-14 23:24:09,395 - tools.amazon_playwright_extractor - ERROR - Error during EAN search for 5012866625032: Page.goto: Timeout 60000ms exceeded.
Call log:
  - navigating to "https://www.amazon.co.uk/", waiting until "load"

2026-02-14 23:24:09,396 - tools.amazon_playwright_extractor - WARNING - No Amazon results or error for EAN '5012866625032'. Details: Search error for EAN 5012866625032: Page.goto: Timeout 60000ms exceeded.
Call log:
  - navigating to "https://www.amazon.co.uk/", waiting until "load"

2026-02-14 23:24:09,396 - tools.amazon_playwright_extractor - INFO - Falling back to title search for supplier product: 'Abc Train Set Med  by AtoZ Toys'
2026-02-14 23:24:09,396 - tools.amazon_playwright_extractor - INFO - Searching Amazon by title using search bar: 'Abc Train Set Med  by AtoZ Toys'
2026-02-14 23:24:09,396 - tools.amazon_playwright_extractor - INFO - Navigating to Amazon UK to search for title: Abc Train Set Med  by AtoZ Toys
2026-02-14 23:24:14,881 - tools.amazon_playwright_extractor - INFO - Title search found 71 elements using selector: div.s-search-results > div[data-asin]
2026-02-14 23:24:15,061 - tools.amazon_playwright_extractor - WARNING - ASIN extraction failed: All 4 fallbacks exhausted
2026-02-14 23:24:15,311 - tools.amazon_playwright_extractor - INFO - \u2705 Title search: Selected first visible organic product - ASIN B01IWX5EVQ
2026-02-14 23:24:15,312 - tools.amazon_playwright_extractor - INFO - \U0001f3af ASIN EXTRACTION SUCCESS: Found 1 ASINs for title search: 'Abc Train Set Med  by AtoZ Toys'
2026-02-14 23:24:15,312 - tools.amazon_playwright_extractor - INFO - Title search successful for 'Abc Train Set Med  by AtoZ Toys' after EAN '5012866625032' failed
2026-02-14 23:24:15,312 - tools.amazon_playwright_extractor - INFO - Extracting complete data for fallback ASIN B01IWX5EVQ from title search
2026-02-14 23:24:15,312 - tools.amazon_playwright_extractor - WARNING - No page object provided to extract_data for ASIN B01IWX5EVQ. Getting a new one from BrowserManager.
2026-02-14 23:24:15,312 - tools.amazon_playwright_extractor - INFO - Reusing existing page: https://www.amazon.co.uk/s?k=Abc+Train+Set+Med+by+AtoZ+Toys&ref=nb_sb_noss
2026-02-14 23:24:17,528 - tools.amazon_playwright_extractor - INFO - Checking for cookie consent pop-up...
2026-02-14 23:24:17,783 - tools.amazon_playwright_extractor - INFO - Finished checking for cookie consent pop-ups. If one was present and not handled, it might interfere.
2026-02-14 23:24:18,785 - tools.amazon_playwright_extractor - INFO - Checking for CAPTCHA...
2026-02-14 23:24:21,802 - tools.amazon_playwright_extractor - INFO - No CAPTCHA page detected by form selector.
2026-02-14 23:24:21,802 - tools.amazon_playwright_extractor - INFO - Checking for cookie consent pop-up...
2026-02-14 23:24:21,861 - tools.amazon_playwright_extractor - INFO - Finished checking for cookie consent pop-ups. If one was present and not handled, it might interfere.
2026-02-14 23:24:21,861 - tools.amazon_playwright_extractor - INFO - Page should be ready. Waiting 5s for stabilization...
2026-02-14 23:24:26,871 - tools.amazon_playwright_extractor - INFO - Waiting an additional 7s for extensions (Keepa, SellerAmp)...
2026-02-14 23:24:33,876 - tools.amazon_playwright_extractor - INFO - Extracting all product data for ASIN: B01IWX5EVQ
2026-02-14 23:24:33,876 - tools.amazon_playwright_extractor - INFO - Extracting basic product information (Title, Price, Images, Amazon Details)...
2026-02-14 23:24:33,916 - tools.amazon_playwright_extractor - INFO - Title found: 'MEGA BLOKS First Builders Toddler Building Blocks Toy Set, ABC Learning Train with 60 Pieces, Ages 1+ Years, DXH35' via #productTitle
2026-02-14 23:24:33,916 - tools.amazon_playwright_extractor - INFO - Extracting price details...
2026-02-14 23:24:33,938 - tools.amazon_playwright_extractor - INFO - Current price: 7.99 via #corePrice_feature_div .a-offscreen
2026-02-14 23:24:33,987 - tools.amazon_playwright_extractor - INFO - Original price: 15.95 via span.a-price.a-text-price[data-a-strike='true'] span.a-offscreen
2026-02-14 23:24:34,030 - tools.amazon_playwright_extractor - INFO - Extracting image URLs...
2026-02-14 23:24:34,061 - tools.amazon_playwright_extractor - INFO - Main image: https://m.media-amazon.com/images/I/81C8zMI0isL._AC_SL1500_.jpg via #landingImage
2026-02-14 23:24:34,167 - tools.amazon_playwright_extractor - INFO - Found 7 thumbnails.
2026-02-14 23:24:34,171 - tools.amazon_playwright_extractor - INFO - Extracting Amazon product details section...
2026-02-14 23:24:34,265 - tools.amazon_playwright_extractor - INFO - Extracting sales rank information...
2026-02-14 23:24:34,426 - tools.amazon_playwright_extractor - INFO - Extracting ratings and reviews...
2026-02-14 23:24:34,444 - tools.amazon_playwright_extractor - INFO - Rating: 4.7 via #acrPopover[title*='out of 5 stars']
2026-02-14 23:24:34,463 - tools.amazon_playwright_extractor - INFO - Review count: 5928 via #acrCustomerReviewText
2026-02-14 23:24:34,464 - tools.amazon_playwright_extractor - INFO - Extracting stock information...
2026-02-14 23:24:34,489 - tools.amazon_playwright_extractor - INFO - Availability text: 'In stock' via #availability span.a-size-medium.a-color-success
2026-02-14 23:24:34,489 - tools.amazon_playwright_extractor - INFO - Extracting features/bullets...
2026-02-14 23:24:34,807 - tools.amazon_playwright_extractor - INFO - Found 5 features.
2026-02-14 23:24:34,807 - tools.amazon_playwright_extractor - INFO - Extracting product description...
2026-02-14 23:24:34,850 - tools.amazon_playwright_extractor - INFO - Description found using selector: #aplus_feature_div
2026-02-14 23:24:34,850 - tools.amazon_playwright_extractor - INFO - Extracting product specifications table...
2026-02-14 23:24:35,801 - tools.amazon_playwright_extractor - INFO - Specifications table parsed using selector: table.a-keyvalue.prodDetTable
2026-02-14 23:24:35,801 - tools.amazon_playwright_extractor - INFO - Extracting SellerAmp data (if present)...
2026-02-14 23:24:35,801 - tools.amazon_playwright_extractor - INFO - SellerAmp data extraction is currently disabled as per requirements (Fix 2.3).
2026-02-14 23:24:35,801 - tools.amazon_playwright_extractor - INFO - Extracting Keepa data (if present)...
2026-02-14 23:24:35,801 - tools.amazon_playwright_extractor - INFO - Attempting to extract Keepa data...
2026-02-14 23:24:41,880 - tools.amazon_playwright_extractor - INFO - Keepa iframe found: iframe[id*='keepa']
2026-02-14 23:24:41,972 - tools.amazon_playwright_extractor - INFO - Keepa Sales Rank Details Table parsed.
2026-02-14 23:24:41,972 - tools.amazon_playwright_extractor - INFO - Keepa Graph AI Analysis is currently disabled as per requirements (Fix 2.4).
2026-02-14 23:24:41,996 - tools.amazon_playwright_extractor - INFO - Keepa Data tab found. Currently active: False
2026-02-14 23:24:41,996 - tools.amazon_playwright_extractor - INFO - Clicking Keepa 'Data' tab...
2026-02-14 23:24:44,308 - tools.amazon_playwright_extractor - INFO - Attempt 1/2: Waiting 12000ms for Product-Details wrapper...
2026-02-14 23:24:48,831 - tools.amazon_playwright_extractor - INFO - ? Product-Details wrapper appeared on attempt 1
2026-02-14 23:24:48,846 - tools.amazon_playwright_extractor - WARNING - Product-Details tab visible, but inner grid still not ready – extending wait with retry logic.
2026-02-14 23:24:48,846 - tools.amazon_playwright_extractor - INFO - Grid attempt 1/3: Waiting 15000ms for grid container...
2026-02-14 23:24:49,139 - tools.amazon_playwright_extractor - INFO - ? Grid became visible after attempt 1 – continuing.
2026-02-14 23:24:49,208 - tools.amazon_playwright_extractor - INFO - Parsing Keepa AG Grid for Product Details from: div#MoreTab1 div#grid-product-detail
2026-02-14 23:24:49,247 - tools.amazon_playwright_extractor - INFO - Primary attempt: Waiting 12 seconds for AG Grid rows to load...
2026-02-14 23:24:50,286 - tools.amazon_playwright_extractor - INFO - ? Primary attempt successful: 181 rows found
2026-02-14 23:24:50,300 - tools.amazon_playwright_extractor - INFO - Processing 181 rows in Keepa Product Details AG Grid.
2026-02-14 23:24:52,208 - tools.amazon_playwright_extractor - INFO - Found potential fee key 'FBA Pick&Pack Fee' with raw value: 'Ł 3.49' in Keepa AG Grid.
2026-02-14 23:24:56,645 - tools.amazon_playwright_extractor - INFO - ? Successfully parsed 54 items from Keepa Product Details AG Grid.
2026-02-14 23:24:56,645 - tools.amazon_playwright_extractor - INFO - ASIN B01IWX5EVQ: Attempting to extract EANs from Keepa product_details_tab_data.
2026-02-14 23:24:56,645 - tools.amazon_playwright_extractor - INFO - ASIN B01IWX5EVQ: EAN '0887961397123' found in Keepa details via key 'Product Codes - EAN'.
2026-02-14 23:24:56,645 - tools.amazon_playwright_extractor - INFO - ASIN B01IWX5EVQ: BSR not found or invalid from page. Attempting fallback from Keepa.
2026-02-14 23:24:56,645 - tools.amazon_playwright_extractor - INFO - ASIN B01IWX5EVQ: BSR 265 in 'Toys & Games 35' from Keepa SalesRankDetailsTable.
2026-02-14 23:24:56,651 [INFO] WindowsSaveGuardian: ? ATOMIC SAVE: amazon_B01IWX5EVQ_5012866625032.json (29 entries) saved successfully
2026-02-14 23:24:56,651 - windows_save_guardian - INFO - ? ATOMIC SAVE: amazon_B01IWX5EVQ_5012866625032.json (29 entries) saved successfully
2026-02-14 23:24:56,658 [INFO] WindowsSaveGuardian: ? ATOMIC SAVE: linking_map.json (2 entries) saved successfully
2026-02-14 23:24:56,658 - windows_save_guardian - INFO - ? ATOMIC SAVE: linking_map.json (2 entries) saved successfully
2026-02-14 23:24:56,658 - __main__ - INFO - Linking map periodic flush: 2 entries
2026-02-14 23:24:56,664 [INFO] WindowsSaveGuardian: ? ATOMIC SAVE: angelwholesale_co_uk__sandbox__f33d3fa5_processing_state.json (27 entries) saved successfully
2026-02-14 23:24:56,664 - windows_save_guardian - INFO - ? ATOMIC SAVE: angelwholesale_co_uk__sandbox__f33d3fa5_processing_state.json (27 entries) saved successfully
2026-02-14 23:24:56,665 - utils.fixed_enhanced_state_manager - INFO -  ATOMIC SAVE
2026-02-14 23:24:56,669 [INFO] WindowsSaveGuardian: ? ATOMIC SAVE: angelwholesale_co_uk__sandbox__f33d3fa5_processing_state.json (27 entries) saved successfully
2026-02-14 23:24:56,669 - windows_save_guardian - INFO - ? ATOMIC SAVE: angelwholesale_co_uk__sandbox__f33d3fa5_processing_state.json (27 entries) saved successfully
2026-02-14 23:24:56,670 - utils.fixed_enhanced_state_manager - INFO -  ATOMIC SAVE
2026-02-14 23:24:56,670 - tools.amazon_playwright_extractor - INFO - Searching Amazon by EAN: 5055499001200 for supplier product: 'Muslinz 6pk Green Quality Muslin Squares 100% Cotton' (FixedAmazonExtractor)
2026-02-14 23:24:56,670 - tools.amazon_playwright_extractor - INFO - Navigating to Amazon UK to search for EAN: 5055499001200
2026-02-14 23:25:00,051 - tools.amazon_playwright_extractor - INFO - Waiting for search results page to load for EAN 5055499001200...
2026-02-14 23:25:00,132 - tools.amazon_playwright_extractor - INFO - Found search results container with selector: div.s-search-results
2026-02-14 23:25:00,763 - tools.amazon_playwright_extractor - INFO - Found 7 search result elements using selector: div[data-component-type='s-search-result']
2026-02-14 23:25:00,763 - tools.amazon_playwright_extractor - INFO - Processing 7 search result elements for EAN 5055499001200
2026-02-14 23:25:00,868 - tools.amazon_playwright_extractor - INFO - Found organic result: ASIN B00DIB9O2I - MuslinZ Muslin Cloths for Baby - Baby Burp Cloths - 6 Pack M...
2026-02-14 23:25:00,942 - tools.amazon_playwright_extractor - INFO - \U0001f4ca SPONSORED FILTERING RESULTS: 1 organic products, 6 sponsored products filtered out
2026-02-14 23:25:00,942 - tools.amazon_playwright_extractor - INFO - \u2705 EAN SEARCH: Selected first organic result - ASIN B00DIB9O2I
2026-02-14 23:25:00,942 - tools.amazon_playwright_extractor - INFO -    Trusting Amazon's search relevance for EAN 5055499001200
2026-02-14 23:25:00,942 - tools.amazon_playwright_extractor - INFO -    EAN will be extracted by Keepa during full product data extraction
2026-02-14 23:25:00,942 - tools.amazon_playwright_extractor - INFO - Single ASIN B00DIB9O2I found for EAN 5055499001200.
2026-02-14 23:25:00,942 - tools.amazon_playwright_extractor - INFO - Proceeding with ASIN: B00DIB9O2I for EAN: 5055499001200
2026-02-14 23:25:00,942 - tools.amazon_playwright_extractor - WARNING - No page object provided to extract_data for ASIN B00DIB9O2I. Getting a new one from BrowserManager.
2026-02-14 23:25:00,943 - tools.amazon_playwright_extractor - INFO - Reusing existing page: https://www.amazon.co.uk/s?k=5055499001200&ref=nb_sb_noss
2026-02-14 23:25:03,098 - tools.amazon_playwright_extractor - INFO - Checking for cookie consent pop-up...
2026-02-14 23:25:03,557 - tools.amazon_playwright_extractor - INFO - Finished checking for cookie consent pop-ups. If one was present and not handled, it might interfere.
2026-02-14 23:25:04,562 - tools.amazon_playwright_extractor - INFO - Checking for CAPTCHA...
2026-02-14 23:25:07,566 - tools.amazon_playwright_extractor - INFO - No CAPTCHA page detected by form selector.
2026-02-14 23:25:07,566 - tools.amazon_playwright_extractor - INFO - Checking for cookie consent pop-up...
2026-02-14 23:25:07,674 - tools.amazon_playwright_extractor - INFO - Finished checking for cookie consent pop-ups. If one was present and not handled, it might interfere.
2026-02-14 23:25:07,675 - tools.amazon_playwright_extractor - INFO - Page should be ready. Waiting 5s for stabilization...
2026-02-14 23:25:12,678 - tools.amazon_playwright_extractor - INFO - Waiting an additional 7s for extensions (Keepa, SellerAmp)...
2026-02-14 23:25:19,690 - tools.amazon_playwright_extractor - INFO - Extracting all product data for ASIN: B00DIB9O2I
2026-02-14 23:25:19,690 - tools.amazon_playwright_extractor - INFO - Extracting basic product information (Title, Price, Images, Amazon Details)...
2026-02-14 23:25:19,728 - tools.amazon_playwright_extractor - INFO - Title found: 'MuslinZ Muslin Cloths for Baby - Baby Burp Cloths - 6 Pack Muslin Squares - Large 70x70cm - Pure Cotton - Soft, Absorbent & Breathable - Multi Use Newborn Cloths - UK Brand (Blue)' via #productTitle
2026-02-14 23:25:19,728 - tools.amazon_playwright_extractor - INFO - Extracting price details...
2026-02-14 23:25:19,751 - tools.amazon_playwright_extractor - INFO - Current price: 13.99 via #corePrice_feature_div .a-offscreen
2026-02-14 23:25:19,789 - tools.amazon_playwright_extractor - INFO - Original price: 15.99 via .basisPrice span.a-text-price span.a-offscreen
2026-02-14 23:25:19,832 - tools.amazon_playwright_extractor - INFO - Extracting image URLs...
2026-02-14 23:25:19,875 - tools.amazon_playwright_extractor - INFO - Main image: https://m.media-amazon.com/images/I/81aVgxLwwOL._AC_SL1500_.jpg via #landingImage
2026-02-14 23:25:19,954 - tools.amazon_playwright_extractor - INFO - Found 7 thumbnails.
2026-02-14 23:25:19,959 - tools.amazon_playwright_extractor - INFO - Extracting Amazon product details section...
2026-02-14 23:25:20,126 - tools.amazon_playwright_extractor - INFO - Extracting sales rank information...
2026-02-14 23:25:20,427 - tools.amazon_playwright_extractor - INFO - Extracting ratings and reviews...
2026-02-14 23:25:20,502 - tools.amazon_playwright_extractor - INFO - Rating: 4.8 via #acrPopover[title*='out of 5 stars']
2026-02-14 23:25:20,533 - tools.amazon_playwright_extractor - INFO - Review count: 2391 via #acrCustomerReviewText
2026-02-14 23:25:20,533 - tools.amazon_playwright_extractor - INFO - Extracting stock information...
2026-02-14 23:25:20,557 - tools.amazon_playwright_extractor - INFO - Availability text: 'In stock' via #availability span.a-size-medium.a-color-success
2026-02-14 23:25:20,557 - tools.amazon_playwright_extractor - INFO - Extracting features/bullets...
2026-02-14 23:25:20,757 - tools.amazon_playwright_extractor - INFO - Found 5 features.
2026-02-14 23:25:20,757 - tools.amazon_playwright_extractor - INFO - Extracting product description...
2026-02-14 23:25:20,792 - tools.amazon_playwright_extractor - INFO - Description found using selector: #aplus_feature_div
2026-02-14 23:25:20,792 - tools.amazon_playwright_extractor - INFO - Extracting product specifications table...
2026-02-14 23:25:21,251 - tools.amazon_playwright_extractor - INFO - Specifications table parsed using selector: table.a-keyvalue.prodDetTable
2026-02-14 23:25:21,251 - tools.amazon_playwright_extractor - INFO - Extracting SellerAmp data (if present)...
2026-02-14 23:25:21,251 - tools.amazon_playwright_extractor - INFO - SellerAmp data extraction is currently disabled as per requirements (Fix 2.3).
2026-02-14 23:25:21,251 - tools.amazon_playwright_extractor - INFO - Extracting Keepa data (if present)...
2026-02-14 23:25:21,251 - tools.amazon_playwright_extractor - INFO - Attempting to extract Keepa data...
2026-02-14 23:25:27,366 - tools.amazon_playwright_extractor - INFO - Keepa iframe found: iframe[id*='keepa']
2026-02-14 23:25:27,491 - tools.amazon_playwright_extractor - INFO - Keepa Sales Rank Details Table parsed.
2026-02-14 23:25:27,492 - tools.amazon_playwright_extractor - INFO - Keepa Graph AI Analysis is currently disabled as per requirements (Fix 2.4).
2026-02-14 23:25:27,531 - tools.amazon_playwright_extractor - INFO - Keepa Data tab found. Currently active: False
2026-02-14 23:25:27,531 - tools.amazon_playwright_extractor - INFO - Clicking Keepa 'Data' tab...
2026-02-14 23:25:29,900 - tools.amazon_playwright_extractor - INFO - Attempt 1/2: Waiting 12000ms for Product-Details wrapper...
2026-02-14 23:25:29,925 - tools.amazon_playwright_extractor - INFO - ? Product-Details wrapper appeared on attempt 1
2026-02-14 23:25:29,985 - tools.amazon_playwright_extractor - INFO - Parsing Keepa AG Grid for Product Details from: div#MoreTab1 div#grid-product-detail
2026-02-14 23:25:30,036 - tools.amazon_playwright_extractor - INFO - Primary attempt: Waiting 12 seconds for AG Grid rows to load...
2026-02-14 23:25:31,095 - tools.amazon_playwright_extractor - INFO - ? Primary attempt successful: 175 rows found
2026-02-14 23:25:31,113 - tools.amazon_playwright_extractor - INFO - Processing 175 rows in Keepa Product Details AG Grid.
2026-02-14 23:25:33,079 - tools.amazon_playwright_extractor - INFO - Found potential fee key 'FBA Pick&Pack Fee' with raw value: 'Ł 2.61' in Keepa AG Grid.
2026-02-14 23:25:33,240 - tools.amazon_playwright_extractor - INFO - Found potential fee key 'Referral Fee based on current Buy Box price' with raw value: 'Ł 2.10' in Keepa AG Grid.
2026-02-14 23:25:37,141 - tools.amazon_playwright_extractor - INFO - ? Successfully parsed 53 items from Keepa Product Details AG Grid.
2026-02-14 23:25:37,142 - tools.amazon_playwright_extractor - INFO - ASIN B00DIB9O2I: Attempting to extract EANs from Keepa product_details_tab_data.
2026-02-14 23:25:37,142 - tools.amazon_playwright_extractor - INFO - ASIN B00DIB9O2I: EAN '5055499001200' found in Keepa details via key 'Product Codes - EAN'.
2026-02-14 23:25:37,142 - tools.amazon_playwright_extractor - INFO - ASIN B00DIB9O2I: BSR not found or invalid from page. Attempting fallback from Keepa.
2026-02-14 23:25:37,142 - tools.amazon_playwright_extractor - INFO - ASIN B00DIB9O2I: BSR 2939 in 'Baby Products 6' from Keepa SalesRankDetailsTable.
2026-02-14 23:25:37,142 - tools.amazon_playwright_extractor - INFO - \u2705 Recorded search method 'EAN' for ASIN B00DIB9O2I
2026-02-14 23:25:37,142 - tools.amazon_playwright_extractor - INFO - Successfully extracted data for ASIN B00DIB9O2I (EAN on page: 5055499001200)
2026-02-14 23:25:37,147 [INFO] WindowsSaveGuardian: ? ATOMIC SAVE: amazon_B00DIB9O2I_5055499001200.json (31 entries) saved successfully
2026-02-14 23:25:37,147 - windows_save_guardian - INFO - ? ATOMIC SAVE: amazon_B00DIB9O2I_5055499001200.json (31 entries) saved successfully
2026-02-14 23:25:37,152 [INFO] WindowsSaveGuardian: ? ATOMIC SAVE: linking_map.json (3 entries) saved successfully
2026-02-14 23:25:37,152 - windows_save_guardian - INFO - ? ATOMIC SAVE: linking_map.json (3 entries) saved successfully
2026-02-14 23:25:37,153 - __main__ - INFO - Linking map periodic flush: 3 entries
2026-02-14 23:25:37,156 [INFO] WindowsSaveGuardian: ? ATOMIC SAVE: angelwholesale_co_uk__sandbox__f33d3fa5_processing_state.json (27 entries) saved successfully
2026-02-14 23:25:37,156 - windows_save_guardian - INFO - ? ATOMIC SAVE: angelwholesale_co_uk__sandbox__f33d3fa5_processing_state.json (27 entries) saved successfully
2026-02-14 23:25:37,157 - utils.fixed_enhanced_state_manager - INFO -  ATOMIC SAVE
2026-02-14 23:25:37,157 - tools.amazon_playwright_extractor - INFO - Searching Amazon by EAN: 5015302105747 for supplier product: 'Silicone Teats Medium Flow 2 Pack by First Steps' (FixedAmazonExtractor)
2026-02-14 23:25:37,157 - tools.amazon_playwright_extractor - INFO - Navigating to Amazon UK to search for EAN: 5015302105747
2026-02-14 23:25:40,772 - tools.amazon_playwright_extractor - INFO - Waiting for search results page to load for EAN 5015302105747...
2026-02-14 23:25:40,806 - tools.amazon_playwright_extractor - INFO - Found search results container with selector: div.s-search-results
2026-02-14 23:25:41,441 - tools.amazon_playwright_extractor - INFO - Found 7 search result elements using selector: div[data-component-type='s-search-result']
2026-02-14 23:25:41,441 - tools.amazon_playwright_extractor - INFO - Processing 7 search result elements for EAN 5015302105747
2026-02-14 23:25:41,502 - tools.amazon_playwright_extractor - INFO - Found organic result: ASIN B094JVKC6G - RSW 2 in 1 Baby Bottle and Teat Brush, 2 Brushes in 1, Ideal...
2026-02-14 23:25:41,570 - tools.amazon_playwright_extractor - INFO - \U0001f4ca SPONSORED FILTERING RESULTS: 1 organic products, 6 sponsored products filtered out
2026-02-14 23:25:41,570 - tools.amazon_playwright_extractor - INFO - \u2705 EAN SEARCH: Selected first organic result - ASIN B094JVKC6G
2026-02-14 23:25:41,570 - tools.amazon_playwright_extractor - INFO -    Trusting Amazon's search relevance for EAN 5015302105747
2026-02-14 23:25:41,570 - tools.amazon_playwright_extractor - INFO -    EAN will be extracted by Keepa during full product data extraction
2026-02-14 23:25:41,570 - tools.amazon_playwright_extractor - INFO - Single ASIN B094JVKC6G found for EAN 5015302105747.
2026-02-14 23:25:41,570 - tools.amazon_playwright_extractor - INFO - Proceeding with ASIN: B094JVKC6G for EAN: 5015302105747
2026-02-14 23:25:41,570 - tools.amazon_playwright_extractor - WARNING - No page object provided to extract_data for ASIN B094JVKC6G. Getting a new one from BrowserManager.
2026-02-14 23:25:41,570 - tools.amazon_playwright_extractor - INFO - Reusing existing page: https://www.amazon.co.uk/s?k=5015302105747&ref=nb_sb_noss
2026-02-14 23:25:43,974 - tools.amazon_playwright_extractor - INFO - Checking for cookie consent pop-up...
2026-02-14 23:25:44,114 - tools.amazon_playwright_extractor - INFO - Finished checking for cookie consent pop-ups. If one was present and not handled, it might interfere.
2026-02-14 23:25:45,130 - tools.amazon_playwright_extractor - INFO - Checking for CAPTCHA...
2026-02-14 23:25:48,140 - tools.amazon_playwright_extractor - INFO - No CAPTCHA page detected by form selector.
2026-02-14 23:25:48,142 - tools.amazon_playwright_extractor - INFO - Checking for cookie consent pop-up...
2026-02-14 23:25:48,203 - tools.amazon_playwright_extractor - INFO - Finished checking for cookie consent pop-ups. If one was present and not handled, it might interfere.
2026-02-14 23:25:48,203 - tools.amazon_playwright_extractor - INFO - Page should be ready. Waiting 5s for stabilization...
2026-02-14 23:25:53,218 - tools.amazon_playwright_extractor - INFO - Waiting an additional 7s for extensions (Keepa, SellerAmp)...
2026-02-14 23:26:00,218 - tools.amazon_playwright_extractor - INFO - Extracting all product data for ASIN: B094JVKC6G
2026-02-14 23:26:00,218 - tools.amazon_playwright_extractor - INFO - Extracting basic product information (Title, Price, Images, Amazon Details)...
2026-02-14 23:26:00,248 - tools.amazon_playwright_extractor - INFO - Title found: 'RSW 2 in 1 Baby Bottle and Teat Brush, 2 Brushes in 1, Ideal for Cleaning Training Cups, Wide Neck Bottles, Lids, Valves' via #productTitle
2026-02-14 23:26:00,248 - tools.amazon_playwright_extractor - INFO - Extracting price details...
2026-02-14 23:26:00,266 - tools.amazon_playwright_extractor - INFO - Current price: 4.04 via #corePrice_feature_div .a-offscreen
2026-02-14 23:26:00,297 - tools.amazon_playwright_extractor - INFO - Original price: 4.74 via .basisPrice span.a-text-price span.a-offscreen
2026-02-14 23:26:00,317 - tools.amazon_playwright_extractor - INFO - Amazon sales badge found: 100 in container div#socialProofingAsinFaceout_feature_div
2026-02-14 23:26:00,318 - tools.amazon_playwright_extractor - INFO - Extracting image URLs...
2026-02-14 23:26:00,347 - tools.amazon_playwright_extractor - INFO - Main image: https://m.media-amazon.com/images/I/51IhZ6nfG-L._AC_SL1082_.jpg via #landingImage
2026-02-14 23:26:00,375 - tools.amazon_playwright_extractor - INFO - Found 1 thumbnails.
2026-02-14 23:26:00,379 - tools.amazon_playwright_extractor - INFO - Extracting Amazon product details section...
2026-02-14 23:26:00,504 - tools.amazon_playwright_extractor - INFO - Extracting sales rank information...
2026-02-14 23:26:00,650 - tools.amazon_playwright_extractor - INFO - Extracting ratings and reviews...
2026-02-14 23:26:00,668 - tools.amazon_playwright_extractor - INFO - Rating: 3.7 via #acrPopover[title*='out of 5 stars']
2026-02-14 23:26:00,685 - tools.amazon_playwright_extractor - INFO - Review count: 83 via #acrCustomerReviewText
2026-02-14 23:26:00,686 - tools.amazon_playwright_extractor - INFO - Extracting stock information...
2026-02-14 23:26:00,703 - tools.amazon_playwright_extractor - INFO - Availability text: 'In stock' via #availability span.a-size-medium.a-color-success
2026-02-14 23:26:00,703 - tools.amazon_playwright_extractor - INFO - Extracting features/bullets...
2026-02-14 23:26:00,750 - tools.amazon_playwright_extractor - INFO - Found 1 features.
2026-02-14 23:26:00,750 - tools.amazon_playwright_extractor - INFO - Extracting product description...
2026-02-14 23:26:00,868 - tools.amazon_playwright_extractor - INFO - Extracting product specifications table...
2026-02-14 23:26:01,247 - tools.amazon_playwright_extractor - INFO - Specifications table parsed using selector: table.a-keyvalue.prodDetTable
2026-02-14 23:26:01,247 - tools.amazon_playwright_extractor - INFO - Extracting SellerAmp data (if present)...
2026-02-14 23:26:01,248 - tools.amazon_playwright_extractor - INFO - SellerAmp data extraction is currently disabled as per requirements (Fix 2.3).
2026-02-14 23:26:01,248 - tools.amazon_playwright_extractor - INFO - Extracting Keepa data (if present)...
2026-02-14 23:26:01,248 - tools.amazon_playwright_extractor - INFO - Attempting to extract Keepa data...
2026-02-14 23:26:07,317 - tools.amazon_playwright_extractor - INFO - Keepa iframe found: iframe[id*='keepa']
2026-02-14 23:26:07,400 - tools.amazon_playwright_extractor - INFO - Keepa Sales Rank Details Table parsed.
2026-02-14 23:26:07,400 - tools.amazon_playwright_extractor - INFO - Keepa Graph AI Analysis is currently disabled as per requirements (Fix 2.4).
2026-02-14 23:26:07,426 - tools.amazon_playwright_extractor - INFO - Keepa Data tab found. Currently active: False
2026-02-14 23:26:07,426 - tools.amazon_playwright_extractor - INFO - Clicking Keepa 'Data' tab...
2026-02-14 23:26:09,690 - tools.amazon_playwright_extractor - INFO - Attempt 1/2: Waiting 12000ms for Product-Details wrapper...
2026-02-14 23:26:09,714 - tools.amazon_playwright_extractor - INFO - ? Product-Details wrapper appeared on attempt 1
2026-02-14 23:26:09,748 - tools.amazon_playwright_extractor - INFO - Parsing Keepa AG Grid for Product Details from: div#MoreTab1 div#grid-product-detail
2026-02-14 23:26:09,785 - tools.amazon_playwright_extractor - INFO - Primary attempt: Waiting 12 seconds for AG Grid rows to load...
2026-02-14 23:26:10,838 - tools.amazon_playwright_extractor - INFO - ? Primary attempt successful: 139 rows found
2026-02-14 23:26:10,856 - tools.amazon_playwright_extractor - INFO - Processing 139 rows in Keepa Product Details AG Grid.
2026-02-14 23:26:12,808 - tools.amazon_playwright_extractor - INFO - Found potential fee key 'FBA Pick&Pack Fee' with raw value: 'Ł 2.67' in Keepa AG Grid.
2026-02-14 23:26:12,943 - tools.amazon_playwright_extractor - INFO - Found potential fee key 'Referral Fee based on current Buy Box price' with raw value: 'Ł 0.32' in Keepa AG Grid.
2026-02-14 23:26:15,812 - tools.amazon_playwright_extractor - INFO - ? Successfully parsed 42 items from Keepa Product Details AG Grid.
2026-02-14 23:26:15,812 - tools.amazon_playwright_extractor - INFO - ASIN B094JVKC6G: Attempting to extract EANs from Keepa product_details_tab_data.
2026-02-14 23:26:15,812 - tools.amazon_playwright_extractor - INFO - ASIN B094JVKC6G: EAN '5015302105747' found in Keepa details via key 'Product Codes - EAN'.
2026-02-14 23:26:15,812 - tools.amazon_playwright_extractor - INFO - ASIN B094JVKC6G: BSR not found or invalid from page. Attempting fallback from Keepa.
2026-02-14 23:26:15,812 - tools.amazon_playwright_extractor - INFO - ASIN B094JVKC6G: BSR 2343 in 'Baby Products 44' from Keepa SalesRankDetailsTable.
2026-02-14 23:26:15,813 - tools.amazon_playwright_extractor - INFO - \u2705 Recorded search method 'EAN' for ASIN B094JVKC6G
2026-02-14 23:26:15,813 - tools.amazon_playwright_extractor - INFO - Successfully extracted data for ASIN B094JVKC6G (EAN on page: 5015302105747)
2026-02-14 23:26:15,821 [INFO] WindowsSaveGuardian: ? ATOMIC SAVE: amazon_B094JVKC6G_5015302105747.json (31 entries) saved successfully
2026-02-14 23:26:15,821 - windows_save_guardian - INFO - ? ATOMIC SAVE: amazon_B094JVKC6G_5015302105747.json (31 entries) saved successfully
2026-02-14 23:26:15,831 [INFO] WindowsSaveGuardian: ? ATOMIC SAVE: linking_map.json (4 entries) saved successfully
2026-02-14 23:26:15,831 - windows_save_guardian - INFO - ? ATOMIC SAVE: linking_map.json (4 entries) saved successfully
2026-02-14 23:26:15,832 - __main__ - INFO - Linking map periodic flush: 4 entries
2026-02-14 23:26:15,840 [INFO] WindowsSaveGuardian: ? ATOMIC SAVE: angelwholesale_co_uk__sandbox__f33d3fa5_processing_state.json (27 entries) saved successfully
2026-02-14 23:26:15,840 - windows_save_guardian - INFO - ? ATOMIC SAVE: angelwholesale_co_uk__sandbox__f33d3fa5_processing_state.json (27 entries) saved successfully
2026-02-14 23:26:15,841 - utils.fixed_enhanced_state_manager - INFO -  ATOMIC SAVE
2026-02-14 23:26:15,846 [INFO] WindowsSaveGuardian: ? ATOMIC SAVE: angelwholesale_co_uk__sandbox__f33d3fa5_processing_state.json (27 entries) saved successfully
2026-02-14 23:26:15,846 - windows_save_guardian - INFO - ? ATOMIC SAVE: angelwholesale_co_uk__sandbox__f33d3fa5_processing_state.json (27 entries) saved successfully
2026-02-14 23:26:15,849 - utils.fixed_enhanced_state_manager - INFO -  ATOMIC SAVE
2026-02-14 23:26:15,849 - tools.amazon_playwright_extractor - INFO - Searching Amazon by EAN: 5034527277190 for supplier product: '3D Pop Up Card by Second Nature - Birthday Fireworks' (FixedAmazonExtractor)
2026-02-14 23:26:15,849 - tools.amazon_playwright_extractor - INFO - Navigating to Amazon UK to search for EAN: 5034527277190
2026-02-14 23:26:19,955 - tools.amazon_playwright_extractor - INFO - Waiting for search results page to load for EAN 5034527277190...
2026-02-14 23:26:20,018 - tools.amazon_playwright_extractor - INFO - Found search results container with selector: div.s-search-results
2026-02-14 23:26:20,698 - tools.amazon_playwright_extractor - INFO - Found 14 search result elements using selector: div[data-component-type='s-search-result']
2026-02-14 23:26:20,698 - tools.amazon_playwright_extractor - INFO - Processing 14 search result elements for EAN 5034527277190
2026-02-14 23:26:20,804 - tools.amazon_playwright_extractor - INFO - Found organic result: ASIN B072R191M3 - Happy 30th Birthday Pop-Up Greeting Card Original Second Nat...
2026-02-14 23:26:20,900 - tools.amazon_playwright_extractor - INFO - Found organic result: ASIN B0CBGDBDBP - Happy 30th Birthday Pop-Up Greeting Card Original Second Nat...
2026-02-14 23:26:21,146 - tools.amazon_playwright_extractor - INFO - \U0001f4ca SPONSORED FILTERING RESULTS: 2 organic products, 12 sponsored products filtered out
2026-02-14 23:26:21,147 - tools.amazon_playwright_extractor - INFO - \u2705 EAN SEARCH: Selected first organic result - ASIN B072R191M3
2026-02-14 23:26:21,147 - tools.amazon_playwright_extractor - INFO -    Trusting Amazon's search relevance for EAN 5034527277190
2026-02-14 23:26:21,147 - tools.amazon_playwright_extractor - INFO -    EAN will be extracted by Keepa during full product data extraction
2026-02-14 23:26:21,147 - tools.amazon_playwright_extractor - INFO - Single ASIN B072R191M3 found for EAN 5034527277190.
2026-02-14 23:26:21,147 - tools.amazon_playwright_extractor - INFO - Proceeding with ASIN: B072R191M3 for EAN: 5034527277190
2026-02-14 23:26:21,147 - tools.amazon_playwright_extractor - WARNING - No page object provided to extract_data for ASIN B072R191M3. Getting a new one from BrowserManager.
2026-02-14 23:26:21,147 - tools.amazon_playwright_extractor - INFO - Reusing existing page: https://www.amazon.co.uk/s?k=5034527277190&ref=nb_sb_noss
2026-02-14 23:26:23,745 - tools.amazon_playwright_extractor - INFO - Checking for cookie consent pop-up...
2026-02-14 23:26:24,268 - tools.amazon_playwright_extractor - INFO - Finished checking for cookie consent pop-ups. If one was present and not handled, it might interfere.
2026-02-14 23:26:25,272 - tools.amazon_playwright_extractor - INFO - Checking for CAPTCHA...
2026-02-14 23:26:28,284 - tools.amazon_playwright_extractor - INFO - No CAPTCHA page detected by form selector.
2026-02-14 23:26:28,284 - tools.amazon_playwright_extractor - INFO - Checking for cookie consent pop-up...
2026-02-14 23:26:28,342 - tools.amazon_playwright_extractor - INFO - Finished checking for cookie consent pop-ups. If one was present and not handled, it might interfere.
2026-02-14 23:26:28,342 - tools.amazon_playwright_extractor - INFO - Page should be ready. Waiting 5s for stabilization...
2026-02-14 23:26:33,358 - tools.amazon_playwright_extractor - INFO - Waiting an additional 7s for extensions (Keepa, SellerAmp)...
2026-02-14 23:26:40,362 - tools.amazon_playwright_extractor - INFO - Extracting all product data for ASIN: B072R191M3
2026-02-14 23:26:40,362 - tools.amazon_playwright_extractor - INFO - Extracting basic product information (Title, Price, Images, Amazon Details)...
2026-02-14 23:26:40,401 - tools.amazon_playwright_extractor - INFO - Title found: 'Happy 30th Birthday Pop-Up Greeting Card Original Second Nature 3D Pop Up Cards' via #productTitle
2026-02-14 23:26:40,402 - tools.amazon_playwright_extractor - INFO - Extracting price details...
2026-02-14 23:26:40,421 - tools.amazon_playwright_extractor - INFO - Current price: 4.52 via #corePrice_feature_div .a-offscreen
2026-02-14 23:26:40,449 - tools.amazon_playwright_extractor - INFO - Original price: 5.99 via .basisPrice span.a-text-price span.a-offscreen
2026-02-14 23:26:40,487 - tools.amazon_playwright_extractor - INFO - Extracting image URLs...
2026-02-14 23:26:40,516 - tools.amazon_playwright_extractor - INFO - Main image: https://m.media-amazon.com/images/I/61V-ulbA+AL._AC_SL1024_.jpg via #landingImage
2026-02-14 23:26:40,563 - tools.amazon_playwright_extractor - INFO - Found 4 thumbnails.
2026-02-14 23:26:40,567 - tools.amazon_playwright_extractor - INFO - Extracting Amazon product details section...
2026-02-14 23:26:40,696 - tools.amazon_playwright_extractor - INFO - Extracting sales rank information...
2026-02-14 23:26:40,898 - tools.amazon_playwright_extractor - INFO - Extracting ratings and reviews...
2026-02-14 23:26:40,916 - tools.amazon_playwright_extractor - INFO - Rating: 4.6 via #acrPopover[title*='out of 5 stars']
2026-02-14 23:26:40,933 - tools.amazon_playwright_extractor - INFO - Review count: 7254 via #acrCustomerReviewText
2026-02-14 23:26:40,933 - tools.amazon_playwright_extractor - INFO - Extracting stock information...
2026-02-14 23:26:40,950 - tools.amazon_playwright_extractor - INFO - Availability text: 'In stock' via #availability span.a-size-medium.a-color-success
2026-02-14 23:26:40,950 - tools.amazon_playwright_extractor - INFO - Extracting features/bullets...
2026-02-14 23:26:41,117 - tools.amazon_playwright_extractor - INFO - Found 5 features.
2026-02-14 23:26:41,118 - tools.amazon_playwright_extractor - INFO - Extracting product description...
2026-02-14 23:26:41,148 - tools.amazon_playwright_extractor - INFO - Description found using selector: #aplus_feature_div
2026-02-14 23:26:41,149 - tools.amazon_playwright_extractor - INFO - Extracting product specifications table...
2026-02-14 23:26:41,719 - tools.amazon_playwright_extractor - INFO - Specifications table parsed using selector: table.a-keyvalue.prodDetTable
2026-02-14 23:26:41,719 - tools.amazon_playwright_extractor - INFO - Extracting SellerAmp data (if present)...
2026-02-14 23:26:41,719 - tools.amazon_playwright_extractor - INFO - SellerAmp data extraction is currently disabled as per requirements (Fix 2.3).
2026-02-14 23:26:41,719 - tools.amazon_playwright_extractor - INFO - Extracting Keepa data (if present)...
2026-02-14 23:26:41,719 - tools.amazon_playwright_extractor - INFO - Attempting to extract Keepa data...
2026-02-14 23:26:47,794 - tools.amazon_playwright_extractor - INFO - Keepa iframe found: iframe[id*='keepa']
2026-02-14 23:26:47,869 - tools.amazon_playwright_extractor - INFO - Keepa Sales Rank Details Table parsed.
2026-02-14 23:26:47,869 - tools.amazon_playwright_extractor - INFO - Keepa Graph AI Analysis is currently disabled as per requirements (Fix 2.4).
2026-02-14 23:26:47,892 - tools.amazon_playwright_extractor - INFO - Keepa Data tab found. Currently active: False
2026-02-14 23:26:47,892 - tools.amazon_playwright_extractor - INFO - Clicking Keepa 'Data' tab...
2026-02-14 23:26:50,121 - tools.amazon_playwright_extractor - INFO - Attempt 1/2: Waiting 12000ms for Product-Details wrapper...
2026-02-14 23:26:50,143 - tools.amazon_playwright_extractor - INFO - ? Product-Details wrapper appeared on attempt 1
2026-02-14 23:26:50,179 - tools.amazon_playwright_extractor - INFO - Parsing Keepa AG Grid for Product Details from: div#MoreTab1 div#grid-product-detail
2026-02-14 23:26:50,214 - tools.amazon_playwright_extractor - INFO - Primary attempt: Waiting 12 seconds for AG Grid rows to load...
2026-02-14 23:26:51,254 - tools.amazon_playwright_extractor - INFO - ? Primary attempt successful: 166 rows found
2026-02-14 23:26:51,271 - tools.amazon_playwright_extractor - INFO - Processing 166 rows in Keepa Product Details AG Grid.
2026-02-14 23:26:53,221 - tools.amazon_playwright_extractor - INFO - Found potential fee key 'FBA Pick&Pack Fee' with raw value: 'Ł 1.52' in Keepa AG Grid.
2026-02-14 23:26:53,372 - tools.amazon_playwright_extractor - INFO - Found potential fee key 'Referral Fee based on current Buy Box price' with raw value: 'Ł 0.68' in Keepa AG Grid.
2026-02-14 23:26:57,526 - tools.amazon_playwright_extractor - INFO - ? Successfully parsed 50 items from Keepa Product Details AG Grid.
2026-02-14 23:26:57,526 - tools.amazon_playwright_extractor - INFO - ASIN B072R191M3: Attempting to extract EANs from Keepa product_details_tab_data.
2026-02-14 23:26:57,526 - tools.amazon_playwright_extractor - WARNING - ASIN B072R191M3: Could not find EAN in Keepa product_details_tab_data.
2026-02-14 23:26:57,526 - tools.amazon_playwright_extractor - INFO - ASIN B072R191M3: BSR not found or invalid from page. Attempting fallback from Keepa.
2026-02-14 23:26:57,527 - tools.amazon_playwright_extractor - INFO - ASIN B072R191M3: BSR 45138 in 'Stationery & Office Supplies 9' from Keepa SalesRankDetailsTable.
2026-02-14 23:26:57,527 - tools.amazon_playwright_extractor - INFO - \u2705 Recorded search method 'EAN' for ASIN B072R191M3
2026-02-14 23:26:57,527 - tools.amazon_playwright_extractor - INFO - Successfully extracted data for ASIN B072R191M3 (EAN on page: N/A)
2026-02-14 23:26:57,538 [INFO] WindowsSaveGuardian: ? ATOMIC SAVE: amazon_B072R191M3_5034527277190.json (28 entries) saved successfully
2026-02-14 23:26:57,538 - windows_save_guardian - INFO - ? ATOMIC SAVE: amazon_B072R191M3_5034527277190.json (28 entries) saved successfully
2026-02-14 23:26:57,544 [INFO] WindowsSaveGuardian: ? ATOMIC SAVE: linking_map.json (5 entries) saved successfully
2026-02-14 23:26:57,544 - windows_save_guardian - INFO - ? ATOMIC SAVE: linking_map.json (5 entries) saved successfully
2026-02-14 23:26:57,545 - __main__ - INFO - Linking map periodic flush: 5 entries
2026-02-14 23:26:57,551 [INFO] WindowsSaveGuardian: ? ATOMIC SAVE: angelwholesale_co_uk__sandbox__f33d3fa5_processing_state.json (27 entries) saved successfully
2026-02-14 23:26:57,551 - windows_save_guardian - INFO - ? ATOMIC SAVE: angelwholesale_co_uk__sandbox__f33d3fa5_processing_state.json (27 entries) saved successfully
2026-02-14 23:26:57,552 - utils.fixed_enhanced_state_manager - INFO -  ATOMIC SAVE
2026-02-14 23:26:57,552 - tools.amazon_playwright_extractor - INFO - Searching Amazon by EAN: 5034527248879 for supplier product: '3D Pop Up Card by Second Nature - 40th Birthday' (FixedAmazonExtractor)
2026-02-14 23:26:57,552 - tools.amazon_playwright_extractor - INFO - Navigating to Amazon UK to search for EAN: 5034527248879
2026-02-14 23:27:01,009 - tools.amazon_playwright_extractor - INFO - Waiting for search results page to load for EAN 5034527248879...
2026-02-14 23:27:01,054 - tools.amazon_playwright_extractor - INFO - Found search results container with selector: div.s-search-results
2026-02-14 23:27:01,693 - tools.amazon_playwright_extractor - INFO - Found 4 search result elements using selector: div[data-component-type='s-search-result']
2026-02-14 23:27:01,693 - tools.amazon_playwright_extractor - INFO - Processing 4 search result elements for EAN 5034527248879
2026-02-14 23:27:01,869 - tools.amazon_playwright_extractor - INFO - \U0001f4ca SPONSORED FILTERING RESULTS: 0 organic products, 4 sponsored products filtered out
2026-02-14 23:27:01,869 - tools.amazon_playwright_extractor - WARNING - EAN 5034527248879 returned no organic results - skipping
2026-02-14 23:27:01,869 - tools.amazon_playwright_extractor - WARNING - No Amazon results or error for EAN '5034527248879'. Details: no_organic_results
2026-02-14 23:27:01,869 - tools.amazon_playwright_extractor - INFO - Falling back to title search for supplier product: '3D Pop Up Card by Second Nature - 40th Birthday'
2026-02-14 23:27:01,870 - tools.amazon_playwright_extractor - INFO - Searching Amazon by title using search bar: '3D Pop Up Card by Second Nature - 40th Birthday'
2026-02-14 23:27:01,870 - tools.amazon_playwright_extractor - INFO - Navigating to Amazon UK to search for title: 3D Pop Up Card by Second Nature - 40th Birthday
2026-02-14 23:27:06,326 - tools.amazon_playwright_extractor - INFO - Title search found 71 elements using selector: div.s-search-results > div[data-asin]
2026-02-14 23:27:06,507 - tools.amazon_playwright_extractor - WARNING - ASIN extraction failed: All 4 fallbacks exhausted
2026-02-14 23:27:06,733 - tools.amazon_playwright_extractor - INFO - \u2705 Title search: Selected first visible organic product - ASIN B07Z4CKR9D
2026-02-14 23:27:06,733 - tools.amazon_playwright_extractor - INFO - \U0001f3af ASIN EXTRACTION SUCCESS: Found 1 ASINs for title search: '3D Pop Up Card by Second Nature - 40th Birthday'
2026-02-14 23:27:06,733 - tools.amazon_playwright_extractor - INFO - Title search successful for '3D Pop Up Card by Second Nature - 40th Birthday' after EAN '5034527248879' failed
2026-02-14 23:27:06,733 - tools.amazon_playwright_extractor - INFO - Extracting complete data for fallback ASIN B07Z4CKR9D from title search
2026-02-14 23:27:06,733 - tools.amazon_playwright_extractor - WARNING - No page object provided to extract_data for ASIN B07Z4CKR9D. Getting a new one from BrowserManager.
2026-02-14 23:27:06,733 - tools.amazon_playwright_extractor - INFO - Reusing existing page: https://www.amazon.co.uk/s?k=3D+Pop+Up+Card+by+Second+Nature+-+40th+Birthday&crid=8L8FV1YJZEMJ&sprefix=3d+pop+up+card+by+second+nature+-+40th+birthday%2Caps%2C189&ref=nb_sb_noss
2026-02-14 23:27:09,214 - tools.amazon_playwright_extractor - INFO - Checking for cookie consent pop-up...
2026-02-14 23:27:09,465 - tools.amazon_playwright_extractor - INFO - Finished checking for cookie consent pop-ups. If one was present and not handled, it might interfere.
2026-02-14 23:27:10,466 - tools.amazon_playwright_extractor - INFO - Checking for CAPTCHA...
2026-02-14 23:27:13,485 - tools.amazon_playwright_extractor - INFO - No CAPTCHA page detected by form selector.
2026-02-14 23:27:13,485 - tools.amazon_playwright_extractor - INFO - Checking for cookie consent pop-up...
2026-02-14 23:27:13,577 - tools.amazon_playwright_extractor - INFO - Finished checking for cookie consent pop-ups. If one was present and not handled, it might interfere.
2026-02-14 23:27:13,578 - tools.amazon_playwright_extractor - INFO - Page should be ready. Waiting 5s for stabilization...
2026-02-14 23:27:18,587 - tools.amazon_playwright_extractor - INFO - Waiting an additional 7s for extensions (Keepa, SellerAmp)...
2026-02-14 23:27:25,595 - tools.amazon_playwright_extractor - INFO - Extracting all product data for ASIN: B07Z4CKR9D
2026-02-14 23:27:25,595 - tools.amazon_playwright_extractor - INFO - Extracting basic product information (Title, Price, Images, Amazon Details)...
2026-02-14 23:27:25,628 - tools.amazon_playwright_extractor - INFO - Title found: 'Happy 40th Birthday Pop-Up Greeting Card Original Second Nature 3D Pop Up Cards' via #productTitle
2026-02-14 23:27:25,628 - tools.amazon_playwright_extractor - INFO - Extracting price details...
2026-02-14 23:27:25,652 - tools.amazon_playwright_extractor - INFO - Current price: 4.5 via #corePrice_feature_div .a-offscreen
2026-02-14 23:27:25,684 - tools.amazon_playwright_extractor - INFO - Original price: 5.99 via .basisPrice span.a-text-price span.a-offscreen
2026-02-14 23:27:25,709 - tools.amazon_playwright_extractor - INFO - Amazon sales badge found: 100 in container div#socialProofingAsinFaceout_feature_div
2026-02-14 23:27:25,709 - tools.amazon_playwright_extractor - INFO - Extracting image URLs...
2026-02-14 23:27:25,746 - tools.amazon_playwright_extractor - INFO - Main image: https://m.media-amazon.com/images/I/81vgKq2ZK2L._AC_SL1500_.jpg via #landingImage
2026-02-14 23:27:25,813 - tools.amazon_playwright_extractor - INFO - Found 5 thumbnails.
2026-02-14 23:27:25,819 - tools.amazon_playwright_extractor - INFO - Extracting Amazon product details section...
2026-02-14 23:27:25,984 - tools.amazon_playwright_extractor - INFO - Extracting sales rank information...
2026-02-14 23:27:26,139 - tools.amazon_playwright_extractor - INFO - Extracting ratings and reviews...
2026-02-14 23:27:26,159 - tools.amazon_playwright_extractor - INFO - Rating: 4.6 via #acrPopover[title*='out of 5 stars']
2026-02-14 23:27:26,181 - tools.amazon_playwright_extractor - INFO - Review count: 2409 via #acrCustomerReviewText
2026-02-14 23:27:26,181 - tools.amazon_playwright_extractor - INFO - Extracting stock information...
2026-02-14 23:27:26,200 - tools.amazon_playwright_extractor - INFO - Availability text: 'In stock' via #availability span.a-size-medium.a-color-success
2026-02-14 23:27:26,200 - tools.amazon_playwright_extractor - INFO - Extracting features/bullets...
2026-02-14 23:27:26,494 - tools.amazon_playwright_extractor - INFO - Found 5 features.
2026-02-14 23:27:26,495 - tools.amazon_playwright_extractor - INFO - Extracting product description...
2026-02-14 23:27:26,548 - tools.amazon_playwright_extractor - INFO - Description found using selector: #aplus_feature_div
2026-02-14 23:27:26,548 - tools.amazon_playwright_extractor - INFO - Extracting product specifications table...
2026-02-14 23:27:27,619 - tools.amazon_playwright_extractor - INFO - Specifications table parsed using selector: table.a-keyvalue.prodDetTable
2026-02-14 23:27:27,619 - tools.amazon_playwright_extractor - INFO - Extracting SellerAmp data (if present)...
2026-02-14 23:27:27,619 - tools.amazon_playwright_extractor - INFO - SellerAmp data extraction is currently disabled as per requirements (Fix 2.3).
2026-02-14 23:27:27,619 - tools.amazon_playwright_extractor - INFO - Extracting Keepa data (if present)...
2026-02-14 23:27:27,619 - tools.amazon_playwright_extractor - INFO - Attempting to extract Keepa data...
2026-02-14 23:27:33,737 - tools.amazon_playwright_extractor - INFO - Keepa iframe found: iframe[id*='keepa']
2026-02-14 23:27:33,861 - tools.amazon_playwright_extractor - INFO - Keepa Sales Rank Details Table parsed.
2026-02-14 23:27:33,862 - tools.amazon_playwright_extractor - INFO - Keepa Graph AI Analysis is currently disabled as per requirements (Fix 2.4).
2026-02-14 23:27:33,913 - tools.amazon_playwright_extractor - INFO - Keepa Data tab found. Currently active: False
2026-02-14 23:27:33,913 - tools.amazon_playwright_extractor - INFO - Clicking Keepa 'Data' tab...
2026-02-14 23:27:36,282 - tools.amazon_playwright_extractor - INFO - Attempt 1/2: Waiting 12000ms for Product-Details wrapper...
2026-02-14 23:27:47,102 - tools.amazon_playwright_extractor - INFO - ? Product-Details wrapper appeared on attempt 1
2026-02-14 23:27:47,140 - tools.amazon_playwright_extractor - INFO - Parsing Keepa AG Grid for Product Details from: div#MoreTab1 div#grid-product-detail
2026-02-14 23:27:47,179 - tools.amazon_playwright_extractor - INFO - Primary attempt: Waiting 12 seconds for AG Grid rows to load...
2026-02-14 23:27:48,227 - tools.amazon_playwright_extractor - INFO - ? Primary attempt successful: 172 rows found
2026-02-14 23:27:48,247 - tools.amazon_playwright_extractor - INFO - Processing 172 rows in Keepa Product Details AG Grid.
2026-02-14 23:27:50,471 - tools.amazon_playwright_extractor - INFO - Found potential fee key 'FBA Pick&Pack Fee' with raw value: 'Ł 1.52' in Keepa AG Grid.
2026-02-14 23:27:50,652 - tools.amazon_playwright_extractor - INFO - Found potential fee key 'Referral Fee based on current Buy Box price' with raw value: 'Ł 0.68' in Keepa AG Grid.
2026-02-14 23:27:54,769 - tools.amazon_playwright_extractor - INFO - ? Successfully parsed 51 items from Keepa Product Details AG Grid.
2026-02-14 23:27:54,769 - tools.amazon_playwright_extractor - INFO - ASIN B07Z4CKR9D: Attempting to extract EANs from Keepa product_details_tab_data.
2026-02-14 23:27:54,770 - tools.amazon_playwright_extractor - INFO - ASIN B07Z4CKR9D: EAN '5034527297525' found in Keepa details via key 'Product Codes - EAN'.
2026-02-14 23:27:54,770 - tools.amazon_playwright_extractor - INFO - ASIN B07Z4CKR9D: BSR not found or invalid from page. Attempting fallback from Keepa.
2026-02-14 23:27:54,770 - tools.amazon_playwright_extractor - INFO - ASIN B07Z4CKR9D: BSR 5785 in 'Stationery & Office Supplies 21' from Keepa SalesRankDetailsTable.
2026-02-14 23:27:54,776 [INFO] WindowsSaveGuardian: ? ATOMIC SAVE: amazon_B07Z4CKR9D_5034527248879.json (30 entries) saved successfully
2026-02-14 23:27:54,776 - windows_save_guardian - INFO - ? ATOMIC SAVE: amazon_B07Z4CKR9D_5034527248879.json (30 entries) saved successfully
2026-02-14 23:27:54,781 [INFO] WindowsSaveGuardian: ? ATOMIC SAVE: linking_map.json (6 entries) saved successfully
2026-02-14 23:27:54,781 - windows_save_guardian - INFO - ? ATOMIC SAVE: linking_map.json (6 entries) saved successfully
2026-02-14 23:27:54,781 - __main__ - INFO - Linking map periodic flush: 6 entries
2026-02-14 23:27:54,785 [INFO] WindowsSaveGuardian: ? ATOMIC SAVE: angelwholesale_co_uk__sandbox__f33d3fa5_processing_state.json (27 entries) saved successfully
2026-02-14 23:27:54,785 - windows_save_guardian - INFO - ? ATOMIC SAVE: angelwholesale_co_uk__sandbox__f33d3fa5_processing_state.json (27 entries) saved successfully
2026-02-14 23:27:54,786 - utils.fixed_enhanced_state_manager - INFO -  ATOMIC SAVE
2026-02-14 23:27:54,791 [INFO] WindowsSaveGuardian: ? ATOMIC SAVE: angelwholesale_co_uk__sandbox__f33d3fa5_processing_state.json (27 entries) saved successfully
2026-02-14 23:27:54,791 - windows_save_guardian - INFO - ? ATOMIC SAVE: angelwholesale_co_uk__sandbox__f33d3fa5_processing_state.json (27 entries) saved successfully
2026-02-14 23:27:54,792 - utils.fixed_enhanced_state_manager - INFO -  ATOMIC SAVE
2026-02-14 23:27:54,799 [INFO] WindowsSaveGuardian: ? ATOMIC SAVE: linking_map.json (6 entries) saved successfully
2026-02-14 23:27:54,799 - windows_save_guardian - INFO - ? ATOMIC SAVE: linking_map.json (6 entries) saved successfully
2026-02-14 23:27:54,800 - __main__ - INFO - Product list refresh complete: 6/6 matched
2026-02-14 23:27:54,800 - utils.browser_manager - WARNING - Error during global cleanup: no running event loop
Exception ignored in: <function BaseSubprocessTransport.__del__ at 0x000001E7E75E4C20>
Traceback (most recent call last):
  File "C:\Python313\Lib\asyncio\base_subprocess.py", line 130, in __del__
  File "C:\Python313\Lib\asyncio\base_subprocess.py", line 107, in close
  File "C:\Python313\Lib\asyncio\proactor_events.py", line 109, in close
  File "C:\Python313\Lib\asyncio\base_events.py", line 827, in call_soon
  File "C:\Python313\Lib\asyncio\base_events.py", line 550, in _check_closed
RuntimeError: Event loop is closed
