2025-08-23 20:34:22,441 - AUDIT - INFO - Starting Two-Run Test Protocol - test_protocol_1755966862
2025-08-23 20:34:22,441 - AUDIT - INFO - Executing Run 1: Fresh Processing
2025-08-23 20:34:22,442 - AUDIT - INFO - Executing run1_fresh_processing: Fresh processing from clean state
2025-08-23 20:34:22,442 - AUDIT - INFO - Executing setup actions...
2025-08-23 20:34:22,443 - AUDIT - INFO - Starting System Audit Monitor - audit_20250823_203422
2025-08-23 20:34:22,443 - AUDIT - INFO - Establishing monitoring baseline...
2025-08-23 20:34:22,443 - AUDIT - INFO -   cache_files: 0 existing files
2025-08-23 20:34:22,443 - AUDIT - INFO -   linking_maps: 0 existing files
2025-08-23 20:34:22,444 - AUDIT - INFO -   processing_states: 0 existing files
2025-08-23 20:34:22,448 - AUDIT - INFO -   financial_reports: 0 existing files
2025-08-23 20:34:22,448 - AUDIT - INFO - Expected frequencies: Cache=1, Linking=1, State=1, Financial=50
2025-08-23 20:34:22,449 - AUDIT - INFO - Audit monitoring active
2025-08-23 20:34:22,450 - AUDIT - INFO - Starting system execution...
2025-08-23 20:34:22,450 - AUDIT - INFO - FILE_UPDATE cache_files updated: poundwholesale-co-uk_products_cache.json (#1)
2025-08-23 20:34:22,450 - AUDIT - INFO - Executing: python C:\Users\chris\Desktop\Amazon-FBA-Agent-System-v32 - latest good - Copy (8) - Copy - Copy - POSTLONGRUNPREKIRO2 beforecompletion-\run_custom_poundwholesale.py
2025-08-23 20:34:22,452 - AUDIT - INFO - FILE_UPDATE linking_maps updated: linking_map-upload.json (#1)
2025-08-23 20:34:22,453 - AUDIT - INFO - FILE_UPDATE linking_maps updated: linking_map.json (#2)
2025-08-23 20:34:24,868 - AUDIT - INFO - System execution completed successfully
2025-08-23 20:34:26,487 - AUDIT - ERROR - Failed to save audit report: 'charmap' codec can't encode character '\u2705' in position 5: character maps to <undefined>
2025-08-23 20:34:26,490 - AUDIT - INFO - Validating against criteria...
2025-08-23 20:34:31,498 - AUDIT - INFO - Executing Run 2: Resume Processing
2025-08-23 20:34:31,499 - AUDIT - INFO - Executing run2_resume_processing: Resume processing from existing state
2025-08-23 20:34:31,499 - AUDIT - INFO - Executing setup actions...
2025-08-23 20:34:31,499 - AUDIT - ERROR - ERROR: No state files found for resume run
2025-08-23 20:34:31,500 - AUDIT - INFO - Performing comparative analysis...
2025-08-23 20:34:31,501 - AUDIT - INFO - Protocol results saved: C:\Users\chris\Desktop\Amazon-FBA-Agent-System-v32 - latest good - Copy (8) - Copy - Copy - POSTLONGRUNPREKIRO2 beforecompletion-\OUTPUTS\TEST_PROTOCOLS\test_protocol_1755966862_results.json
2025-08-23 20:34:31,502 - AUDIT - ERROR - Failed to save protocol results: 'charmap' codec can't encode character '\u274c' in position 24: character maps to <undefined>
