2025-08-28 10:40:41,698 - utils.logger - INFO - 🔧 Logging initialised – log file: C:\Users\chris\Desktop\Amazon-FBA-Agent-System-v32 - latest good - Copy (8) - Copy - Copy - POSTLONGRUNPREKIRO2 beforecompletion-\logs\debug\run_custom_poundwholesale_20250828_104041.log
2025-08-28 10:40:41,698 - __main__ - INFO - 📋 Debug log file: C:\Users\chris\Desktop\Amazon-FBA-Agent-System-v32 - latest good - Copy (8) - Copy - Copy - POSTLONGRUNPREKIRO2 beforecompletion-\logs\debug\run_custom_poundwholesale_20250828_104041.log
2025-08-28 10:40:41,698 - __main__ - DEBUG - Debug logging initialized - full system execution details will be captured
2025-08-28 10:40:41,699 - utils.browser_circuit_breaker - INFO - BrowserCircuitBreaker initialized: threshold=3, timeout=300s
2025-08-28 10:40:41,700 - utils.browser_manager - INFO - 🔧 BrowserManager singleton initialized with health management
2025-08-28 10:40:42,303 - utils.browser_manager - INFO - 🔌 Connecting to persistent Chrome on debug port 9222 (headless: False)
2025-08-28 10:40:59,187 - utils.browser_manager - WARNING - ⚠️ Could not connect to existing Chrome: BrowserType.connect_over_cdp: socket hang up
Call log:
  - <ws preparing> retrieving websocket url from http://localhost:9222

2025-08-28 10:40:59,188 - utils.browser_manager - INFO - 🔄 Chrome version compatibility issue detected - using Playwright's bundled Chromium
2025-08-28 10:40:59,188 - utils.browser_manager - INFO - 🚀 Launching Playwright's bundled Chromium (headless: False)
2025-08-28 10:41:04,364 - utils.browser_manager - ERROR - ❌ Could not verify Chrome state: 
2025-08-28 10:41:04,364 - utils.browser_manager - ERROR - ❌ And failed to launch bundled Chromium: BrowserType.launch: Executable doesn't exist at C:\Users\chris\AppData\Local\ms-playwright\chromium-1181\chrome-win\chrome.exe
╔════════════════════════════════════════════════════════════╗
║ Looks like Playwright was just installed or updated.       ║
║ Please run the following command to download new browsers: ║
║                                                            ║
║     playwright install                                     ║
║                                                            ║
║ <3 Playwright Team                                         ║
╚════════════════════════════════════════════════════════════╝
2025-08-28 10:41:04,365 - utils.browser_manager - ERROR - ❌ Try: playwright install chromium
2025-08-28 10:41:04,365 - utils.browser_manager - ERROR - ❌ Browser setup failed: Failed to launch any browser. CDP port 9222 issue and bundled Chromium failed.
2025-08-28 10:41:04,365 - utils.browser_manager - ERROR - ❌ Please ensure Chrome debug port 9222 is available
2025-08-28 10:41:04,365 - utils.browser_manager - ERROR - ❌ For visible browser, try: chrome --remote-debugging-port=9222 --user-data-dir=C:\temp\chrome-debug
2025-08-28 10:41:04,378 - __main__ - CRITICAL - 💥 A critical error occurred in the main workflow: Failed to setup Chrome browser (headless: False). Port: 9222
Traceback (most recent call last):
  File "C:\Users\chris\AppData\Roaming\Python\Python313\site-packages\aiohttp\client_reqrep.py", line 1055, in start
    message, payload = await protocol.read()  # type: ignore[union-attr]
                       ^^^^^^^^^^^^^^^^^^^^^
  File "C:\Users\chris\AppData\Roaming\Python\Python313\site-packages\aiohttp\streams.py", line 668, in read
    await self._waiter
asyncio.exceptions.CancelledError

The above exception was the direct cause of the following exception:

Traceback (most recent call last):
  File "C:\Users\chris\Desktop\Amazon-FBA-Agent-System-v32 - latest good - Copy (8) - Copy - Copy - POSTLONGRUNPREKIRO2 beforecompletion-\utils\browser_manager.py", line 127, in launch_browser
    async with session.get(f"http://localhost:{cdp_port}/json/version") as response:
               ~~~~~~~~~~~^^^^^^^^^^^^^^^^^^^^^^^^^^^^^^^^^^^^^^^^^^^^^
  File "C:\Users\chris\AppData\Roaming\Python\Python313\site-packages\aiohttp\client.py", line 1423, in __aenter__
    self._resp: _RetType = await self._coro
                           ^^^^^^^^^^^^^^^^
  File "C:\Users\chris\AppData\Roaming\Python\Python313\site-packages\aiohttp\client.py", line 728, in _request
    await resp.start(conn)
  File "C:\Users\chris\AppData\Roaming\Python\Python313\site-packages\aiohttp\client_reqrep.py", line 1050, in start
    with self._timer:
         ^^^^^^^^^^^
  File "C:\Users\chris\AppData\Roaming\Python\Python313\site-packages\aiohttp\helpers.py", line 671, in __exit__
    raise asyncio.TimeoutError from exc_val
TimeoutError

During handling of the above exception, another exception occurred:

Traceback (most recent call last):
  File "C:\Users\chris\Desktop\Amazon-FBA-Agent-System-v32 - latest good - Copy (8) - Copy - Copy - POSTLONGRUNPREKIRO2 beforecompletion-\utils\browser_manager.py", line 141, in launch_browser
    raise Exception(f"Failed to launch any browser. CDP port {cdp_port} issue and bundled Chromium failed.")
Exception: Failed to launch any browser. CDP port 9222 issue and bundled Chromium failed.

During handling of the above exception, another exception occurred:

Traceback (most recent call last):
  File "C:\Users\chris\Desktop\Amazon-FBA-Agent-System-v32 - latest good - Copy (8) - Copy - Copy - POSTLONGRUNPREKIRO2 beforecompletion-\run_custom_poundwholesale.py", line 60, in main
    await browser_manager.launch_browser(cdp_port=chrome_debug_port)
  File "C:\Users\chris\Desktop\Amazon-FBA-Agent-System-v32 - latest good - Copy (8) - Copy - Copy - POSTLONGRUNPREKIRO2 beforecompletion-\utils\browser_manager.py", line 160, in launch_browser
    raise Exception(f"Failed to setup Chrome browser (headless: {headless}). Port: {cdp_port}")
Exception: Failed to setup Chrome browser (headless: False). Port: 9222
2025-08-28 10:41:04,386 - __main__ - INFO - 🌐 Keeping browser persistent for next run - not closing browser
2025-08-28 10:41:04,392 - utils.browser_manager - WARNING - Error during global cleanup: no running event loop
