2025-07-31 22:04:01,349 - utils.logger - INFO - 🔧 Logging initialised – log file: C:\Users\chris\Desktop\Amazon-FBA-Agent-System-v32 - latest good - Copy (3)\logs\debug\run_custom_poundwholesale_20250731_220401.log
2025-07-31 22:04:01,350 - __main__ - INFO - 📋 Debug log file: C:\Users\chris\Desktop\Amazon-FBA-Agent-System-v32 - latest good - Copy (3)\logs\debug\run_custom_poundwholesale_20250731_220401.log
2025-07-31 22:04:01,350 - __main__ - DEBUG - Debug logging initialized - full system execution details will be captured
2025-07-31 22:04:01,351 - utils.browser_circuit_breaker - INFO - BrowserCircuitBreaker initialized: threshold=3, timeout=300s
2025-07-31 22:04:01,355 - utils.browser_manager - INFO - 🔧 BrowserManager singleton initialized with health management
2025-07-31 22:04:01,959 - utils.browser_manager - INFO - 🔌 Connecting to persistent Chrome on debug port 9222
2025-07-31 22:04:02,097 - utils.browser_manager - INFO - 📄 Using existing context with 1 pages
2025-07-31 22:04:02,097 - utils.browser_manager - INFO - ✅ Connected to persistent Chrome successfully
2025-07-31 22:04:02,098 - utils.browser_manager - DEBUG - ✅ Browser connection healthy - version: healthy
2025-07-31 22:04:02,098 - utils.browser_manager - INFO - ♻️ Reusing existing page in context.
2025-07-31 22:04:02,098 - __main__ - INFO - 🔐 Initializing authentication service for logout detection...
2025-07-31 22:04:02,099 - __main__ - INFO - ✅ Using hardcoded credentials for poundwholesale.co.uk
2025-07-31 22:04:02,099 - __main__ - INFO - 🌐 Connecting to existing Chrome debug port 9222 for authentication...
2025-07-31 22:04:06,482 - tools.supplier_authentication_service - INFO - ❌ Login form detected - not authenticated
2025-07-31 22:04:06,483 - tools.supplier_authentication_service - INFO - 🔐 Starting authentication for poundwholesale.co.uk
2025-07-31 22:04:06,483 - tools.supplier_authentication_service - INFO - 🔧 Using standalone playwright authentication
2025-07-31 22:04:06,483 - tools.standalone_playwright_login - INFO - 🔗 Connecting to shared Chrome instance...
2025-07-31 22:04:07,178 - tools.standalone_playwright_login - INFO - ✅ Connected to shared Chrome instance at http://localhost:9222
2025-07-31 22:04:07,178 - tools.standalone_playwright_login - DEBUG - Using existing browser context
2025-07-31 22:04:07,179 - tools.standalone_playwright_login - DEBUG - Using existing page
2025-07-31 22:04:07,190 - tools.standalone_playwright_login - INFO - 🔍 Checking if already logged in...
2025-07-31 22:04:09,533 - tools.standalone_playwright_login - DEBUG - Disconnected from shared Chrome browser
2025-07-31 22:04:09,557 - tools.standalone_playwright_login - DEBUG - Playwright stopped
2025-07-31 22:04:09,558 - __main__ - INFO - 🌐 Keeping browser persistent for next run - not closing browser
2025-07-31 22:04:09,559 - utils.browser_manager - WARNING - Error during global cleanup: no running event loop
