2025-08-29 08:53:33,349 - utils.logger - INFO - 🔧 Logging initialised – log file: C:\Users\chris\Desktop\Amazon-FBA-Agent-System-v32 - latest good - Copy (8) - Copy - Copy - POSTLONGRUNPREKIRO2 beforecompletion-\logs\debug\run_custom_poundwholesale_20250829_085333.log
2025-08-29 08:53:33,350 - __main__ - INFO - 📋 Debug log file: C:\Users\chris\Desktop\Amazon-FBA-Agent-System-v32 - latest good - Copy (8) - Copy - Copy - POSTLONGRUNPREKIRO2 beforecompletion-\logs\debug\run_custom_poundwholesale_20250829_085333.log
2025-08-29 08:53:33,350 - __main__ - DEBUG - Debug logging initialized - full system execution details will be captured
2025-08-29 08:53:33,351 - utils.browser_circuit_breaker - INFO - BrowserCircuitBreaker initialized: threshold=3, timeout=300s
2025-08-29 08:53:33,351 - utils.browser_manager - INFO - 🔧 BrowserManager singleton initialized with health management
2025-08-29 08:53:34,317 - utils.browser_manager - INFO - 🔌 Launching Chrome with profile support (headless: False)
2025-08-29 08:53:34,318 - utils.browser_manager - INFO - 🔄 Using launch_persistent_context for Chrome profile...
2025-08-29 08:53:34,957 - utils.browser_manager - INFO - ✅ Successfully launched Chrome with profile using persistent context!
2025-08-29 08:53:34,958 - utils.browser_manager - INFO - 👁️ Using user's Chrome profile with sync functionality
2025-08-29 08:53:34,958 - utils.browser_manager - INFO - ✅ Browser ready (headless: False)
2025-08-29 08:53:34,958 - utils.browser_manager - DEBUG - ✅ Browser connection healthy - version: healthy
2025-08-29 08:53:34,958 - utils.browser_manager - INFO - ♻️ Reusing existing page in context.
2025-08-29 08:53:34,976 - utils.browser_manager - DEBUG - Brought reused page to front for visibility
2025-08-29 08:53:34,976 - __main__ - INFO - 🔐 Initializing authentication service for logout detection...
2025-08-29 08:53:34,977 - __main__ - INFO - ✅ Using hardcoded credentials for poundwholesale.co.uk
2025-08-29 08:53:34,977 - __main__ - INFO - 🌐 Connecting to existing Chrome debug port 9222 for authentication...
2025-08-29 08:53:41,227 - tools.standalone_playwright_login - INFO - 💰 Verifying price access...
2025-08-29 08:53:44,605 - tools.standalone_playwright_login - WARNING - ⚠️ No clear price elements found - price access unclear
2025-08-29 08:53:44,619 - tools.supplier_authentication_service - INFO - ❌ Login form detected - not authenticated
2025-08-29 08:53:44,619 - tools.supplier_authentication_service - INFO - 🔐 Starting authentication for poundwholesale.co.uk
2025-08-29 08:53:44,619 - tools.supplier_authentication_service - INFO - 🔧 Using browser manager's existing browser for authentication
2025-08-29 08:53:44,619 - utils.browser_manager - DEBUG - ✅ Browser connection healthy - version: healthy
2025-08-29 08:53:44,620 - utils.browser_manager - INFO - ♻️ Reusing existing page in context.
2025-08-29 08:53:44,623 - utils.browser_manager - DEBUG - Brought reused page to front for visibility
2025-08-29 08:53:44,623 - tools.standalone_playwright_login - INFO - 🔍 Checking if already logged in...
2025-08-29 08:53:46,955 - tools.standalone_playwright_login - INFO - ❌ No login indicators found - need to log in
2025-08-29 08:53:46,956 - tools.standalone_playwright_login - INFO - 🔐 Starting Playwright login...
2025-08-29 08:53:46,956 - tools.standalone_playwright_login - INFO - 📍 Navigating to login page: https://www.poundwholesale.co.uk/customer/account/login/
2025-08-29 08:53:49,660 - tools.standalone_playwright_login - INFO - ✅ Filled email using selector: input[name="login[username]"]
2025-08-29 08:53:50,036 - tools.standalone_playwright_login - INFO - ✅ Filled password using selector: input[name="login[password]"]
2025-08-29 08:53:52,954 - tools.standalone_playwright_login - INFO - ✅ Clicked submit using selector: button[type="submit"]
2025-08-29 08:53:52,954 - tools.standalone_playwright_login - INFO - ⏳ Waiting for login to complete...
2025-08-29 08:53:55,781 - tools.standalone_playwright_login - INFO - ✅ Login success confirmed by indicator: text=Log out
2025-08-29 08:53:55,781 - tools.standalone_playwright_login - INFO - 💰 Verifying price access...
2025-08-29 08:54:00,292 - __main__ - INFO - 🌐 Keeping browser persistent for next run - not closing browser
2025-08-29 08:54:00,295 - utils.browser_manager - WARNING - Error during global cleanup: no running event loop
