2025-08-28 10:34:04,260 - utils.logger - INFO - 🔧 Logging initialised – log file: C:\Users\chris\Desktop\Amazon-FBA-Agent-System-v32 - latest good - Copy (8) - Copy - Copy - POSTLONGRUNPREKIRO2 beforecompletion-\logs\debug\run_custom_poundwholesale_20250828_103404.log
2025-08-28 10:34:04,260 - __main__ - INFO - 📋 Debug log file: C:\Users\chris\Desktop\Amazon-FBA-Agent-System-v32 - latest good - Copy (8) - Copy - Copy - POSTLONGRUNPREKIRO2 beforecompletion-\logs\debug\run_custom_poundwholesale_20250828_103404.log
2025-08-28 10:34:04,261 - __main__ - DEBUG - Debug logging initialized - full system execution details will be captured
2025-08-28 10:34:04,261 - utils.browser_circuit_breaker - INFO - BrowserCircuitBreaker initialized: threshold=3, timeout=300s
2025-08-28 10:34:04,263 - utils.browser_manager - INFO - 🔧 BrowserManager singleton initialized with health management
2025-08-28 10:34:04,842 - utils.browser_manager - INFO - 🔌 Connecting to persistent Chrome on debug port 9222 (headless: False)
2025-08-28 10:34:04,875 - utils.browser_manager - WARNING - ⚠️ Could not connect to existing Chrome: BrowserType.connect_over_cdp: read ECONNRESET
Call log:
  - <ws preparing> retrieving websocket url from http://localhost:9222

2025-08-28 10:34:04,896 - utils.browser_manager - ERROR - ❌ Chrome is running (Chrome/139.0.7258.155) but Playwright cannot connect
2025-08-28 10:34:04,896 - utils.browser_manager - ERROR - ❌ This is likely a Playwright/Chrome version compatibility issue
2025-08-28 10:34:04,896 - utils.browser_manager - ERROR - ❌ Try: pip install --upgrade playwright && playwright install chromium
2025-08-28 10:34:04,897 - utils.browser_manager - ERROR - ❌ Could not verify Chrome state: Playwright/Chrome compatibility issue on port 9222
2025-08-28 10:34:04,897 - utils.browser_manager - ERROR - ❌ Ensure Chrome is running: chrome.exe --remote-debugging-port=9222 --user-data-dir=C:\ChromeDebugProfile
2025-08-28 10:34:04,897 - utils.browser_manager - ERROR - ❌ Browser setup failed: Failed to connect to Chrome on port 9222. Chrome may not be running with debug port.
2025-08-28 10:34:04,898 - utils.browser_manager - ERROR - ❌ Please ensure Chrome debug port 9222 is available
2025-08-28 10:34:04,898 - utils.browser_manager - ERROR - ❌ For visible browser, try: chrome --remote-debugging-port=9222 --user-data-dir=C:\temp\chrome-debug
2025-08-28 10:34:04,912 - __main__ - CRITICAL - 💥 A critical error occurred in the main workflow: Failed to setup Chrome browser (headless: False). Port: 9222
Traceback (most recent call last):
  File "C:\Users\chris\Desktop\Amazon-FBA-Agent-System-v32 - latest good - Copy (8) - Copy - Copy - POSTLONGRUNPREKIRO2 beforecompletion-\utils\browser_manager.py", line 91, in launch_browser
    self.browser = await self.playwright.chromium.connect_over_cdp(f"http://localhost:{cdp_port}")
                   ^^^^^^^^^^^^^^^^^^^^^^^^^^^^^^^^^^^^^^^^^^^^^^^^^^^^^^^^^^^^^^^^^^^^^^^^^^^^^^^
  File "C:\Users\chris\AppData\Roaming\Python\Python313\site-packages\playwright\async_api\_generated.py", line 14849, in connect_over_cdp
    await self._impl_obj.connect_over_cdp(
    ...<4 lines>...
    )
  File "C:\Users\chris\AppData\Roaming\Python\Python313\site-packages\playwright\_impl\_browser_type.py", line 207, in connect_over_cdp
    response = await self._channel.send_return_as_dict(
               ^^^^^^^^^^^^^^^^^^^^^^^^^^^^^^^^^^^^^^^^
        "connectOverCDP", TimeoutSettings.launch_timeout, params
        ^^^^^^^^^^^^^^^^^^^^^^^^^^^^^^^^^^^^^^^^^^^^^^^^^^^^^^^^
    )
    ^
  File "C:\Users\chris\AppData\Roaming\Python\Python313\site-packages\playwright\_impl\_connection.py", line 83, in send_return_as_dict
    return await self._connection.wrap_api_call(
           ^^^^^^^^^^^^^^^^^^^^^^^^^^^^^^^^^^^^^
    ...<3 lines>...
    )
    ^
  File "C:\Users\chris\AppData\Roaming\Python\Python313\site-packages\playwright\_impl\_connection.py", line 558, in wrap_api_call
    raise rewrite_error(error, f"{parsed_st['apiName']}: {error}") from None
playwright._impl._errors.Error: BrowserType.connect_over_cdp: read ECONNRESET
Call log:
  - <ws preparing> retrieving websocket url from http://localhost:9222


During handling of the above exception, another exception occurred:

Traceback (most recent call last):
  File "C:\Users\chris\Desktop\Amazon-FBA-Agent-System-v32 - latest good - Copy (8) - Copy - Copy - POSTLONGRUNPREKIRO2 beforecompletion-\utils\browser_manager.py", line 115, in launch_browser
    raise Exception(f"Playwright/Chrome compatibility issue on port {cdp_port}")
Exception: Playwright/Chrome compatibility issue on port 9222

During handling of the above exception, another exception occurred:

Traceback (most recent call last):
  File "C:\Users\chris\Desktop\Amazon-FBA-Agent-System-v32 - latest good - Copy (8) - Copy - Copy - POSTLONGRUNPREKIRO2 beforecompletion-\utils\browser_manager.py", line 122, in launch_browser
    raise Exception(f"Failed to connect to Chrome on port {cdp_port}. Chrome may not be running with debug port.")
Exception: Failed to connect to Chrome on port 9222. Chrome may not be running with debug port.

During handling of the above exception, another exception occurred:

Traceback (most recent call last):
  File "C:\Users\chris\Desktop\Amazon-FBA-Agent-System-v32 - latest good - Copy (8) - Copy - Copy - POSTLONGRUNPREKIRO2 beforecompletion-\run_custom_poundwholesale.py", line 60, in main
    await browser_manager.launch_browser(cdp_port=chrome_debug_port)
  File "C:\Users\chris\Desktop\Amazon-FBA-Agent-System-v32 - latest good - Copy (8) - Copy - Copy - POSTLONGRUNPREKIRO2 beforecompletion-\utils\browser_manager.py", line 141, in launch_browser
    raise Exception(f"Failed to setup Chrome browser (headless: {headless}). Port: {cdp_port}")
Exception: Failed to setup Chrome browser (headless: False). Port: 9222
2025-08-28 10:34:04,916 - __main__ - INFO - 🌐 Keeping browser persistent for next run - not closing browser
2025-08-28 10:34:04,921 - utils.browser_manager - WARNING - Error during global cleanup: no running event loop
