2025-08-28 10:54:20,742 - utils.logger - INFO - 🔧 Logging initialised – log file: C:\Users\chris\Desktop\Amazon-FBA-Agent-System-v32 - latest good - Copy (8) - Copy - Copy - POSTLONGRUNPREKIRO2 beforecompletion-\logs\debug\run_custom_poundwholesale_20250828_105420.log
2025-08-28 10:54:20,743 - __main__ - INFO - 📋 Debug log file: C:\Users\chris\Desktop\Amazon-FBA-Agent-System-v32 - latest good - Copy (8) - Copy - Copy - POSTLONGRUNPREKIRO2 beforecompletion-\logs\debug\run_custom_poundwholesale_20250828_105420.log
2025-08-28 10:54:20,743 - __main__ - DEBUG - Debug logging initialized - full system execution details will be captured
2025-08-28 10:54:20,744 - utils.browser_circuit_breaker - INFO - BrowserCircuitBreaker initialized: threshold=3, timeout=300s
2025-08-28 10:54:20,744 - utils.browser_manager - INFO - 🔧 BrowserManager singleton initialized with health management
2025-08-28 10:54:21,314 - utils.browser_manager - INFO - 🔌 Connecting to persistent Chrome on debug port 9222 (headless: False)
2025-08-28 10:54:30,990 - utils.browser_manager - WARNING - ⚠️ Could not connect to existing Chrome: BrowserType.connect_over_cdp: socket hang up
Call log:
  - <ws preparing> retrieving websocket url from http://localhost:9222

2025-08-28 10:54:30,991 - utils.browser_manager - INFO - 🔄 Chrome version compatibility issue detected - using Playwright's bundled Chromium
2025-08-28 10:54:30,991 - utils.browser_manager - INFO - 🚀 Launching Playwright's bundled Chromium (headless: False)
2025-08-28 10:54:31,792 - utils.browser_manager - INFO - ✅ Launched Playwright's bundled Chromium (headless: False)
2025-08-28 10:54:31,812 - utils.browser_manager - INFO - 📄 Created new browser context
2025-08-28 10:54:31,812 - utils.browser_manager - INFO - ✅ Browser ready (headless: False)
2025-08-28 10:54:31,813 - utils.browser_manager - DEBUG - ✅ Browser connection healthy - version: healthy
2025-08-28 10:54:41,166 - utils.browser_manager - INFO - 📄 Created new page in context.
2025-08-28 10:54:41,166 - __main__ - INFO - 🔐 Initializing authentication service for logout detection...
2025-08-28 10:54:41,167 - __main__ - INFO - ✅ Using hardcoded credentials for poundwholesale.co.uk
2025-08-28 10:54:41,167 - __main__ - INFO - 🌐 Connecting to existing Chrome debug port 9222 for authentication...
2025-08-28 10:54:47,702 - tools.standalone_playwright_login - INFO - 💰 Verifying price access...
2025-08-28 10:54:50,909 - __main__ - INFO - 🌐 Keeping browser persistent for next run - not closing browser
2025-08-28 10:54:50,912 - utils.browser_manager - WARNING - Error during global cleanup: no running event loop
