2025-07-24 23:17:35,079 - utils.logger - INFO - 🔧 Logging initialised – log file: C:\Users\chris\Desktop\Amazon-FBA-Agent-System-v32 - latest good\logs\debug\run_custom_poundwholesale_20250724_231735.log
2025-07-24 23:17:35,080 - __main__ - INFO - 📋 Debug log file: C:\Users\chris\Desktop\Amazon-FBA-Agent-System-v32 - latest good\logs\debug\run_custom_poundwholesale_20250724_231735.log
2025-07-24 23:17:35,080 - __main__ - DEBUG - Debug logging initialized - full system execution details will be captured
2025-07-24 23:17:35,081 - utils.browser_circuit_breaker - INFO - BrowserCircuitBreaker initialized: threshold=3, timeout=300s
2025-07-24 23:17:35,081 - utils.browser_manager - INFO - 🔧 BrowserManager singleton initialized with health management
2025-07-24 23:17:35,679 - utils.browser_manager - INFO - 🔌 Connecting to persistent Chrome on debug port 9222
2025-07-24 23:18:05,690 - utils.browser_manager - ERROR - ❌ Could not connect to persistent Chrome on port 9222. Error: BrowserType.connect_over_cdp: Timeout 30000ms exceeded.
Call log:
  - <ws preparing> retrieving websocket url from http://localhost:9222
  - <ws connecting> ws://localhost:9222/devtools/browser/b0545907-6cbd-4a9a-a568-b714e5655bd6
  - <ws connected> ws://localhost:9222/devtools/browser/b0545907-6cbd-4a9a-a568-b714e5655bd6

2025-07-24 23:18:05,691 - utils.browser_manager - ERROR - ❌ Please ensure Chrome is running with --remote-debugging-port=9222
2025-07-24 23:18:05,691 - utils.browser_manager - ERROR - ❌ Command: chrome --remote-debugging-port=9222 --user-data-dir=/tmp/chrome-debug
2025-07-24 23:18:05,721 - __main__ - CRITICAL - 💥 A critical error occurred in the main workflow: Failed to connect to persistent Chrome on port 9222. Please start Chrome with debug port.
Traceback (most recent call last):
  File "C:\Users\chris\Desktop\Amazon-FBA-Agent-System-v32 - latest good\utils\browser_manager.py", line 85, in launch_browser
    self.browser = await self.playwright.chromium.connect_over_cdp(f"http://localhost:{cdp_port}")
                   ^^^^^^^^^^^^^^^^^^^^^^^^^^^^^^^^^^^^^^^^^^^^^^^^^^^^^^^^^^^^^^^^^^^^^^^^^^^^^^^
  File "C:\Users\chris\AppData\Roaming\Python\Python313\site-packages\playwright\async_api\_generated.py", line 14840, in connect_over_cdp
    await self._impl_obj.connect_over_cdp(
    ...<4 lines>...
    )
  File "C:\Users\chris\AppData\Roaming\Python\Python313\site-packages\playwright\_impl\_browser_type.py", line 188, in connect_over_cdp
    response = await self._channel.send_return_as_dict("connectOverCDP", params)
               ^^^^^^^^^^^^^^^^^^^^^^^^^^^^^^^^^^^^^^^^^^^^^^^^^^^^^^^^^^^^^^^^^
  File "C:\Users\chris\AppData\Roaming\Python\Python313\site-packages\playwright\_impl\_connection.py", line 67, in send_return_as_dict
    return await self._connection.wrap_api_call(
           ^^^^^^^^^^^^^^^^^^^^^^^^^^^^^^^^^^^^^
    ...<2 lines>...
    )
    ^
  File "C:\Users\chris\AppData\Roaming\Python\Python313\site-packages\playwright\_impl\_connection.py", line 528, in wrap_api_call
    raise rewrite_error(error, f"{parsed_st['apiName']}: {error}") from None
playwright._impl._errors.TimeoutError: BrowserType.connect_over_cdp: Timeout 30000ms exceeded.
Call log:
  - <ws preparing> retrieving websocket url from http://localhost:9222
  - <ws connecting> ws://localhost:9222/devtools/browser/b0545907-6cbd-4a9a-a568-b714e5655bd6
  - <ws connected> ws://localhost:9222/devtools/browser/b0545907-6cbd-4a9a-a568-b714e5655bd6


During handling of the above exception, another exception occurred:

Traceback (most recent call last):
  File "C:\Users\chris\Desktop\Amazon-FBA-Agent-System-v32 - latest good\run_custom_poundwholesale.py", line 49, in main
    await browser_manager.launch_browser(cdp_port=chrome_debug_port)
  File "C:\Users\chris\Desktop\Amazon-FBA-Agent-System-v32 - latest good\utils\browser_manager.py", line 102, in launch_browser
    raise Exception(f"Failed to connect to persistent Chrome on port {cdp_port}. Please start Chrome with debug port.")
Exception: Failed to connect to persistent Chrome on port 9222. Please start Chrome with debug port.
2025-07-24 23:18:05,724 - __main__ - INFO - 🌐 Keeping browser persistent for next run - not closing browser
2025-07-24 23:18:05,725 - utils.browser_manager - WARNING - Error during global cleanup: no running event loop
