2025-08-28 12:40:25,161 - utils.logger - INFO - 🔧 Logging initialised – log file: C:\Users\chris\Desktop\Amazon-FBA-Agent-System-v32 - latest good - Copy (8) - Copy - Copy - POSTLONGRUNPREKIRO2 beforecompletion-\logs\debug\run_custom_poundwholesale_20250828_124025.log
2025-08-28 12:40:25,161 - __main__ - INFO - 📋 Debug log file: C:\Users\chris\Desktop\Amazon-FBA-Agent-System-v32 - latest good - Copy (8) - Copy - Copy - POSTLONGRUNPREKIRO2 beforecompletion-\logs\debug\run_custom_poundwholesale_20250828_124025.log
2025-08-28 12:40:25,161 - __main__ - DEBUG - Debug logging initialized - full system execution details will be captured
2025-08-28 12:40:25,162 - utils.browser_circuit_breaker - INFO - BrowserCircuitBreaker initialized: threshold=3, timeout=300s
2025-08-28 12:40:25,162 - utils.browser_manager - INFO - 🔧 BrowserManager singleton initialized with health management
2025-08-28 12:40:25,751 - utils.browser_manager - INFO - 🔌 Connecting to persistent Chrome on debug port 9222 (headless: False)
2025-08-28 12:40:31,368 - utils.browser_manager - ERROR - ❌ Chrome debug port 9222 connection timed out
2025-08-28 12:40:31,369 - utils.browser_manager - WARNING - ⚠️ Chrome debug port 9222 verification failed - attempting direct connection anyway
2025-08-28 12:40:31,369 - utils.browser_manager - INFO - 🔄 Proceeding with CDP connection attempts despite verification failure
2025-08-28 12:40:31,370 - utils.browser_manager - INFO - 🔄 CDP connection attempt 1/3
2025-08-28 12:40:33,527 - utils.browser_manager - WARNING - ⚠️ CDP connection attempt 1 failed: BrowserType.connect_over_cdp: socket hang up
Call log:
  - <ws preparing> retrieving websocket url from http://localhost:9222

2025-08-28 12:40:33,528 - utils.browser_manager - INFO - 🔄 Will retry CDP connection in 2 seconds...
2025-08-28 12:40:33,530 - utils.browser_manager - INFO - 🔄 CDP connection attempt 2/3
2025-08-28 12:40:37,563 - utils.browser_manager - WARNING - ⚠️ CDP connection attempt 2 failed: BrowserType.connect_over_cdp: socket hang up
Call log:
  - <ws preparing> retrieving websocket url from http://localhost:9222

2025-08-28 12:40:37,564 - utils.browser_manager - INFO - 🔄 Will retry CDP connection in 4 seconds...
2025-08-28 12:40:37,564 - utils.browser_manager - INFO - 🔄 CDP connection attempt 3/3
2025-08-28 12:40:38,548 - __main__ - INFO - 🌐 Keeping browser persistent for next run - not closing browser
2025-08-28 12:40:38,552 - utils.browser_manager - WARNING - Error during global cleanup: no running event loop
