2025-09-09 20:41:57,176 - utils.logger - INFO - 🔧 Logging initialised – log file: C:\Users\chris\Desktop\Amazon-FBA-Agent-System-v32 - latest good - Copy (8) - Copy - Copy - POSTLONGRUNPREKIRO2 beforecompletion-\logs\debug\run_custom_poundwholesale_20250909_204157.log
2025-09-09 20:41:57,177 - __main__ - INFO - 📋 Debug log file: C:\Users\chris\Desktop\Amazon-FBA-Agent-System-v32 - latest good - Copy (8) - Copy - Copy - POSTLONGRUNPREKIRO2 beforecompletion-\logs\debug\run_custom_poundwholesale_20250909_204157.log
2025-09-09 20:41:57,177 - __main__ - DEBUG - Debug logging initialized - full system execution details will be captured
2025-09-09 20:41:57,178 - utils.browser_circuit_breaker - INFO - BrowserCircuitBreaker initialized: threshold=3, timeout=300s
2025-09-09 20:41:57,182 - utils.browser_manager - INFO - 🔧 BrowserManager singleton initialized with health management
2025-09-09 20:41:57,758 - utils.browser_manager - INFO - 🔌 Connecting to existing Chrome debug instance on port 9222
2025-09-09 20:41:57,759 - utils.browser_manager - INFO - 📜 Per troubleshooting docs: Using existing Chrome debug only
2025-09-09 20:41:57,761 - utils.browser_manager - INFO - ✅ Chrome debug accessible on IPv6: Chrome/139.0.7258.155
2025-09-09 20:41:57,761 - utils.browser_manager - INFO - 🔌 Connecting to existing Chrome debug instance...
2025-09-09 20:41:57,763 - utils.browser_manager - DEBUG - 🌐 Using IPv6 endpoint for CDP connection
2025-09-09 20:41:57,763 - utils.browser_manager - INFO - 🌐 Using endpoint: http://[::1]:9222
2025-09-09 20:41:57,954 - utils.browser_manager - INFO - ✅ Successfully connected to existing Chrome debug instance
2025-09-09 20:41:57,955 - utils.browser_manager - INFO - 📄 Using existing context with 2 pages
2025-09-09 20:41:57,955 - utils.browser_manager - INFO - 🔍 Connected to existing Chrome: 139.0.7258.155
2025-09-09 20:41:57,955 - utils.browser_manager - DEBUG - ✅ Browser connection healthy - version: healthy
2025-09-09 20:41:57,955 - utils.browser_manager - INFO - ♻️ Reusing existing page in persistent context.
2025-09-09 20:41:57,959 - utils.browser_manager - DEBUG - Brought reused page to front for visibility
2025-09-09 20:41:57,960 - __main__ - INFO - 🔐 Initializing authentication service for logout detection...
2025-09-09 20:41:57,960 - __main__ - INFO - ✅ Using hardcoded credentials for poundwholesale.co.uk
2025-09-09 20:41:57,960 - __main__ - INFO - 🌐 Connecting to existing Chrome debug port 9222 for authentication...
2025-09-09 20:42:04,988 - tools.supplier_authentication_service - INFO - ✅ Logout link found - user is authenticated
2025-09-09 20:42:04,988 - tools.standalone_playwright_login - INFO - 💰 Verifying price access...
2025-09-09 20:42:11,251 - tools.standalone_playwright_login - INFO - ✅ Price access confirmed: £1.02
2025-09-09 20:42:11,251 - tools.supplier_authentication_service - INFO - ✅ Already logged in! Price access verified: True
2025-09-09 20:42:11,251 - PassiveExtractionWorkflow - INFO - MODULE PATH: C:\Users\chris\Desktop\Amazon-FBA-Agent-System-v32 - latest good - Copy (8) - Copy - Copy - POSTLONGRUNPREKIRO2 beforecompletion-\tools\passive_extraction_workflow_latest.py
2025-09-09 20:42:11,252 - PassiveExtractionWorkflow - INFO - 🔍 DEBUG: output_dir = 'C:\Users\chris\Desktop\Amazon-FBA-Agent-System-v32 - latest good - Copy (8) - Copy - Copy - POSTLONGRUNPREKIRO2 beforecompletion-\OUTPUTS'
2025-09-09 20:42:11,252 - PassiveExtractionWorkflow - INFO - 🔍 DEBUG: supplier_cache_dir = 'C:\Users\chris\Desktop\Amazon-FBA-Agent-System-v32 - latest good - Copy (8) - Copy - Copy - POSTLONGRUNPREKIRO2 beforecompletion-\OUTPUTS\cached_products'
2025-09-09 20:42:11,253 - PassiveExtractionWorkflow - INFO - ✅ Created supplier cache directory: C:\Users\chris\Desktop\Amazon-FBA-Agent-System-v32 - latest good - Copy (8) - Copy - Copy - POSTLONGRUNPREKIRO2 beforecompletion-\OUTPUTS\cached_products
2025-09-09 20:42:11,253 - PassiveExtractionWorkflow - INFO - ✅ Created amazon cache directory: C:\Users\chris\Desktop\Amazon-FBA-Agent-System-v32 - latest good - Copy (8) - Copy - Copy - POSTLONGRUNPREKIRO2 beforecompletion-\OUTPUTS\FBA_ANALYSIS\amazon_cache
2025-09-09 20:42:11,367 - PassiveExtractionWorkflow - INFO - ✅ CACHE FOUND: expected pattern - 10296 products in poundwholesale-co-uk_products_cache.json
2025-09-09 20:42:11,373 - PassiveExtractionWorkflow - INFO - ✅ State manager initialized with accurate totals: 10296 products, 0 categories
2025-09-09 20:42:11,374 - utils.fixed_enhanced_state_manager - INFO - 🔍 STARTUP ANALYSIS: Beginning comprehensive state analysis...
2025-09-09 20:42:11,524 - utils.fixed_enhanced_state_manager - INFO - File-grounded calculation: Found 10296 actual products in cache (total entries: 10296)
2025-09-09 20:42:11,678 - utils.fixed_enhanced_state_manager - INFO - File-grounded calculation: Found 10451 processed products in linking map
2025-09-09 20:42:11,964 - utils.fixed_enhanced_state_manager - INFO - Startup category analysis: Calculated completion for 170 categories
2025-09-09 20:42:11,977 - utils.fixed_enhanced_state_manager - INFO - File-grounded calculation: Found 231 categories in config
2025-09-09 20:42:11,987 - utils.fixed_enhanced_state_manager - INFO - RESUME DECISION: START_AT_INDEX=10451 (reason: system_progression)
2025-09-09 20:42:11,988 - utils.fixed_enhanced_state_manager - INFO - RESUME DECISION: START_AT_INDEX=10451 (reason: system_progression)
2025-09-09 20:42:12,028 - utils.fixed_enhanced_state_manager - INFO - 💾 ATOMIC SAVE (manifest)
2025-09-09 20:42:12,028 - utils.fixed_enhanced_state_manager - INFO - 🚨 FIRST AFTER-RESUME KEY: phase=supplier cat=0/231 prod=0/0 commit_type=manifest
2025-09-09 20:42:12,029 - utils.fixed_enhanced_state_manager - INFO - 📋 RESUME PROOF (manifest): cat=0/231 prod=0/0 phase=supplier

*** CRITICAL FREEZE-DENOMINATOR SEQUENCE ***
2025-09-09 20:42:55,919 - PassiveExtractionWorkflow - INFO - 🔒 FROZEN DENOMINATOR: Category 0 → 8 products (snapshot)
2025-09-09 20:42:55,920 - utils.fixed_enhanced_state_manager - INFO - FIRST_AFTER_RESUME_KEY phase=supplier cat=0 prod=0 denom=8

*** RESUME PROOF BANNERS ***
2025-09-09 20:42:55,931 - utils.fixed_enhanced_state_manager - INFO - ✅ RESUME HONORED: phase=supplier cat=0/231 prod=0/8 commit_type=supplier-progress
2025-09-09 20:42:55,931 - utils.fixed_enhanced_state_manager - INFO - ✅ RESUME HONORED: phase=supplier cat=0/231 prod=0/8 commit_type=SUPPLIER
2025-09-09 20:43:02,355 - utils.fixed_enhanced_state_manager - INFO - ✅ RESUME HONORED: phase=supplier cat=0/231 prod=0/8 commit_type=supplier-progress
2025-09-09 20:43:10,381 - utils.fixed_enhanced_state_manager - INFO - ✅ RESUME HONORED: phase=supplier cat=0/231 prod=1/8 commit_type=supplier-progress
2025-09-09 20:43:16,706 - utils.fixed_enhanced_state_manager - INFO - ✅ RESUME HONORED: phase=supplier cat=0/231 prod=2/8 commit_type=supplier-progress
2025-09-09 20:43:24,367 - utils.fixed_enhanced_state_manager - INFO - ✅ RESUME HONORED: phase=supplier cat=0/231 prod=3/8 commit_type=supplier-progress
2025-09-09 20:43:33,259 - utils.fixed_enhanced_state_manager - INFO - ✅ RESUME HONORED: phase=supplier cat=0/231 prod=4/8 commit_type=supplier-progress
2025-09-09 20:43:41,021 - utils.fixed_enhanced_state_manager - INFO - ✅ RESUME HONORED: phase=supplier cat=0/231 prod=5/8 commit_type=supplier-progress
2025-09-09 20:43:47,723 - utils.fixed_enhanced_state_manager - INFO - ✅ RESUME HONORED: phase=supplier cat=0/231 prod=6/8 commit_type=supplier-progress
2025-09-09 20:43:54,026 - utils.fixed_enhanced_state_manager - INFO - ✅ RESUME HONORED: phase=supplier cat=0/231 prod=7/8 commit_type=supplier-progress

*** SECOND FREEZE-DENOMINATOR (CATEGORY COMPLETION) ***
2025-09-09 20:43:54,322 - utils.fixed_enhanced_state_manager - INFO - 🔒 FROZEN DENOMINATOR: Set to 59 products for category https://www.poundwholesale.co.uk/toys/wholesale-bi...
2025-09-09 20:43:54,338 - utils.fixed_enhanced_state_manager - INFO - 💾 ATOMIC SAVE (freeze-category)
2025-09-09 20:43:54,338 - utils.fixed_enhanced_state_manager - INFO - FIRST_AFTER_RESUME_KEY phase=supplier cat=0 prod=7 denom=59
2025-09-09 20:43:54,340 - PassiveExtractionWorkflow - INFO - 🔒 FROZEN DENOMINATOR: Category https://www.poundwholesale.co.uk/toys/wholesale-big-boys-toys-gadgets → 59 products (snapshot taken)